!SESSION 2022-12-13 09:21:32.313 -----------------------------------------------
eclipse.buildId=unknown
java.version=11.0.15
java.vendor=Oracle Corporation
BootLoader constants: OS=linux, ARCH=x86_64, WS=gtk, NL=en_IN

!ENTRY org.eclipse.equinox.http.servlet 4 0 2022-12-13 09:21:32.313
!MESSAGE FrameworkEvent ERROR
!STACK 0
java.lang.NullPointerException
	at com.liferay.portal.osgi.web.servlet.context.helper.internal.CustomServletContextHelper.contextDestroyed(CustomServletContextHelper.java:82)
	at org.eclipse.equinox.http.servlet.internal.registration.ListenerRegistration.destroy(ListenerRegistration.java:85)
	at org.eclipse.equinox.http.servlet.internal.customizer.ContextListenerTrackerCustomizer.removedService(ContextListenerTrackerCustomizer.java:109)
	at org.eclipse.equinox.http.servlet.internal.customizer.ContextListenerTrackerCustomizer.removedService(ContextListenerTrackerCustomizer.java:1)
	at org.osgi.util.tracker.ServiceTracker$Tracked.customizerRemoved(ServiceTracker.java:969)
	at org.osgi.util.tracker.ServiceTracker$Tracked.customizerRemoved(ServiceTracker.java:1)
	at org.osgi.util.tracker.AbstractTracked.untrack(AbstractTracked.java:341)
	at org.osgi.util.tracker.ServiceTracker$Tracked.serviceChanged(ServiceTracker.java:911)
	at org.eclipse.osgi.internal.serviceregistry.FilteredServiceListener.serviceChanged(FilteredServiceListener.java:109)
	at org.eclipse.osgi.internal.serviceregistry.ServiceRegistry.publishServiceEventPrivileged(ServiceRegistry.java:891)
	at org.eclipse.osgi.internal.serviceregistry.ServiceRegistry.publishServiceEvent(ServiceRegistry.java:804)
	at org.eclipse.osgi.internal.serviceregistry.ServiceRegistrationImpl.unregister(ServiceRegistrationImpl.java:222)
	at com.liferay.portal.osgi.web.servlet.context.helper.internal.ServletContextHelperRegistrationImpl.close(ServletContextHelperRegistrationImpl.java:175)
	at com.liferay.portal.osgi.web.servlet.context.helper.internal.ServletContextHelperRegistrationServiceFactory.ungetService(ServletContextHelperRegistrationServiceFactory.java:61)
	at com.liferay.portal.osgi.web.servlet.context.helper.internal.ServletContextHelperRegistrationServiceFactory.ungetService(ServletContextHelperRegistrationServiceFactory.java:32)
	at org.eclipse.osgi.internal.serviceregistry.ServiceFactoryUse$2.run(ServiceFactoryUse.java:260)
	at org.eclipse.osgi.internal.serviceregistry.ServiceFactoryUse$2.run(ServiceFactoryUse.java:1)
	at java.base/java.security.AccessController.doPrivileged(Native Method)
	at org.eclipse.osgi.internal.serviceregistry.ServiceFactoryUse.factoryUngetService(ServiceFactoryUse.java:258)
	at org.eclipse.osgi.internal.serviceregistry.ServiceFactoryUse.ungetService(ServiceFactoryUse.java:160)
	at org.eclipse.osgi.internal.serviceregistry.ServiceConsumer$2.ungetService(ServiceConsumer.java:50)
	at org.eclipse.osgi.internal.serviceregistry.ServiceRegistrationImpl.ungetService(ServiceRegistrationImpl.java:609)
	at org.eclipse.osgi.internal.serviceregistry.ServiceRegistry.ungetService(ServiceRegistry.java:543)
	at org.eclipse.osgi.internal.framework.BundleContextImpl.ungetService(BundleContextImpl.java:666)
	at com.liferay.portal.osgi.web.wab.extender.internal.WabBundleProcessor.destroy(WabBundleProcessor.java:123)
	at com.liferay.portal.osgi.web.wab.extender.internal.WebBundleDeployer.doStop(WebBundleDeployer.java:114)
	at com.liferay.portal.osgi.web.wab.extender.internal.WabFactory$WABExtension.destroy(WabFactory.java:110)
	at com.liferay.portal.osgi.web.wab.extender.internal.WabFactory.removedBundle(WabFactory.java:82)
	at com.liferay.portal.osgi.web.wab.extender.internal.WabFactory.removedBundle(WabFactory.java:50)
	at org.osgi.util.tracker.BundleTracker$Tracked.customizerRemoved(BundleTracker.java:501)
	at org.osgi.util.tracker.BundleTracker$Tracked.customizerRemoved(BundleTracker.java:1)
	at org.osgi.util.tracker.AbstractTracked.untrack(AbstractTracked.java:341)
	at org.osgi.util.tracker.BundleTracker$Tracked.bundleChanged(BundleTracker.java:456)
	at org.eclipse.osgi.internal.framework.BundleContextImpl.dispatchEvent(BundleContextImpl.java:908)
	at org.eclipse.osgi.framework.eventmgr.EventManager.dispatchEvent(EventManager.java:230)
	at org.eclipse.osgi.framework.eventmgr.ListenerQueue.dispatchEventSynchronous(ListenerQueue.java:148)
	at org.eclipse.osgi.internal.framework.EquinoxEventPublisher.publishBundleEventPrivileged(EquinoxEventPublisher.java:230)
	at org.eclipse.osgi.internal.framework.EquinoxEventPublisher.publishBundleEvent(EquinoxEventPublisher.java:137)
	at org.eclipse.osgi.internal.framework.EquinoxEventPublisher.publishBundleEvent(EquinoxEventPublisher.java:129)
	at org.eclipse.osgi.internal.framework.EquinoxContainerAdaptor.publishModuleEvent(EquinoxContainerAdaptor.java:191)
	at org.eclipse.osgi.container.Module.publishEvent(Module.java:476)
	at org.eclipse.osgi.container.Module.doStop(Module.java:634)
	at org.eclipse.osgi.container.Module.stop(Module.java:498)
	at org.eclipse.osgi.internal.framework.EquinoxBundle.stop(EquinoxBundle.java:455)
	at com.liferay.portal.file.install.internal.DirectoryWatcher._stopTransient(DirectoryWatcher.java:1209)
	at com.liferay.portal.file.install.internal.DirectoryWatcher._update(DirectoryWatcher.java:1325)
	at com.liferay.portal.file.install.internal.DirectoryWatcher._update(DirectoryWatcher.java:1348)
	at com.liferay.portal.file.install.internal.DirectoryWatcher._process(DirectoryWatcher.java:1006)
	at com.liferay.portal.file.install.internal.DirectoryWatcher.run(DirectoryWatcher.java:221)

!ENTRY org.eclipse.equinox.http.servlet 4 0 2022-12-13 09:22:12.611
!MESSAGE FrameworkEvent ERROR
!STACK 0
java.lang.NullPointerException
	at com.liferay.portal.osgi.web.servlet.context.helper.internal.CustomServletContextHelper.contextDestroyed(CustomServletContextHelper.java:82)
	at org.eclipse.equinox.http.servlet.internal.registration.ListenerRegistration.destroy(ListenerRegistration.java:85)
	at org.eclipse.equinox.http.servlet.internal.customizer.ContextListenerTrackerCustomizer.removedService(ContextListenerTrackerCustomizer.java:109)
	at org.eclipse.equinox.http.servlet.internal.customizer.ContextListenerTrackerCustomizer.removedService(ContextListenerTrackerCustomizer.java:1)
	at org.osgi.util.tracker.ServiceTracker$Tracked.customizerRemoved(ServiceTracker.java:969)
	at org.osgi.util.tracker.ServiceTracker$Tracked.customizerRemoved(ServiceTracker.java:1)
	at org.osgi.util.tracker.AbstractTracked.untrack(AbstractTracked.java:341)
	at org.osgi.util.tracker.ServiceTracker$Tracked.serviceChanged(ServiceTracker.java:911)
	at org.eclipse.osgi.internal.serviceregistry.FilteredServiceListener.serviceChanged(FilteredServiceListener.java:109)
	at org.eclipse.osgi.internal.serviceregistry.ServiceRegistry.publishServiceEventPrivileged(ServiceRegistry.java:891)
	at org.eclipse.osgi.internal.serviceregistry.ServiceRegistry.publishServiceEvent(ServiceRegistry.java:804)
	at org.eclipse.osgi.internal.serviceregistry.ServiceRegistrationImpl.unregister(ServiceRegistrationImpl.java:222)
	at com.liferay.portal.osgi.web.servlet.context.helper.internal.ServletContextHelperRegistrationImpl.close(ServletContextHelperRegistrationImpl.java:175)
	at com.liferay.portal.osgi.web.servlet.context.helper.internal.ServletContextHelperRegistrationServiceFactory.ungetService(ServletContextHelperRegistrationServiceFactory.java:61)
	at com.liferay.portal.osgi.web.servlet.context.helper.internal.ServletContextHelperRegistrationServiceFactory.ungetService(ServletContextHelperRegistrationServiceFactory.java:32)
	at org.eclipse.osgi.internal.serviceregistry.ServiceFactoryUse$2.run(ServiceFactoryUse.java:260)
	at org.eclipse.osgi.internal.serviceregistry.ServiceFactoryUse$2.run(ServiceFactoryUse.java:1)
	at java.base/java.security.AccessController.doPrivileged(Native Method)
	at org.eclipse.osgi.internal.serviceregistry.ServiceFactoryUse.factoryUngetService(ServiceFactoryUse.java:258)
	at org.eclipse.osgi.internal.serviceregistry.ServiceFactoryUse.ungetService(ServiceFactoryUse.java:160)
	at org.eclipse.osgi.internal.serviceregistry.ServiceConsumer$2.ungetService(ServiceConsumer.java:50)
	at org.eclipse.osgi.internal.serviceregistry.ServiceRegistrationImpl.ungetService(ServiceRegistrationImpl.java:609)
	at org.eclipse.osgi.internal.serviceregistry.ServiceRegistry.ungetService(ServiceRegistry.java:543)
	at org.eclipse.osgi.internal.framework.BundleContextImpl.ungetService(BundleContextImpl.java:666)
	at com.liferay.portal.osgi.web.wab.extender.internal.WabBundleProcessor.destroy(WabBundleProcessor.java:123)
	at com.liferay.portal.osgi.web.wab.extender.internal.WebBundleDeployer.doStop(WebBundleDeployer.java:114)
	at com.liferay.portal.osgi.web.wab.extender.internal.WabFactory$WABExtension.destroy(WabFactory.java:110)
	at com.liferay.portal.osgi.web.wab.extender.internal.WabFactory.removedBundle(WabFactory.java:82)
	at com.liferay.portal.osgi.web.wab.extender.internal.WabFactory.removedBundle(WabFactory.java:50)
	at org.osgi.util.tracker.BundleTracker$Tracked.customizerRemoved(BundleTracker.java:501)
	at org.osgi.util.tracker.BundleTracker$Tracked.customizerRemoved(BundleTracker.java:1)
	at org.osgi.util.tracker.AbstractTracked.untrack(AbstractTracked.java:341)
	at org.osgi.util.tracker.BundleTracker$Tracked.bundleChanged(BundleTracker.java:456)
	at org.eclipse.osgi.internal.framework.BundleContextImpl.dispatchEvent(BundleContextImpl.java:908)
	at org.eclipse.osgi.framework.eventmgr.EventManager.dispatchEvent(EventManager.java:230)
	at org.eclipse.osgi.framework.eventmgr.ListenerQueue.dispatchEventSynchronous(ListenerQueue.java:148)
	at org.eclipse.osgi.internal.framework.EquinoxEventPublisher.publishBundleEventPrivileged(EquinoxEventPublisher.java:230)
	at org.eclipse.osgi.internal.framework.EquinoxEventPublisher.publishBundleEvent(EquinoxEventPublisher.java:137)
	at org.eclipse.osgi.internal.framework.EquinoxEventPublisher.publishBundleEvent(EquinoxEventPublisher.java:129)
	at org.eclipse.osgi.internal.framework.EquinoxContainerAdaptor.publishModuleEvent(EquinoxContainerAdaptor.java:191)
	at org.eclipse.osgi.container.Module.publishEvent(Module.java:476)
	at org.eclipse.osgi.container.Module.doStop(Module.java:634)
	at org.eclipse.osgi.container.Module.stop(Module.java:498)
	at org.eclipse.osgi.internal.framework.EquinoxBundle.stop(EquinoxBundle.java:455)
	at com.liferay.portal.file.install.internal.DirectoryWatcher._stopTransient(DirectoryWatcher.java:1209)
	at com.liferay.portal.file.install.internal.DirectoryWatcher._update(DirectoryWatcher.java:1325)
	at com.liferay.portal.file.install.internal.DirectoryWatcher._update(DirectoryWatcher.java:1348)
	at com.liferay.portal.file.install.internal.DirectoryWatcher._process(DirectoryWatcher.java:1006)
	at com.liferay.portal.file.install.internal.DirectoryWatcher.run(DirectoryWatcher.java:221)

!ENTRY org.eclipse.equinox.http.servlet 4 0 2022-12-13 09:23:12.931
!MESSAGE FrameworkEvent ERROR
!STACK 0
java.lang.NullPointerException
	at com.liferay.portal.osgi.web.servlet.context.helper.internal.CustomServletContextHelper.contextDestroyed(CustomServletContextHelper.java:82)
	at org.eclipse.equinox.http.servlet.internal.registration.ListenerRegistration.destroy(ListenerRegistration.java:85)
	at org.eclipse.equinox.http.servlet.internal.customizer.ContextListenerTrackerCustomizer.removedService(ContextListenerTrackerCustomizer.java:109)
	at org.eclipse.equinox.http.servlet.internal.customizer.ContextListenerTrackerCustomizer.removedService(ContextListenerTrackerCustomizer.java:1)
	at org.osgi.util.tracker.ServiceTracker$Tracked.customizerRemoved(ServiceTracker.java:969)
	at org.osgi.util.tracker.ServiceTracker$Tracked.customizerRemoved(ServiceTracker.java:1)
	at org.osgi.util.tracker.AbstractTracked.untrack(AbstractTracked.java:341)
	at org.osgi.util.tracker.ServiceTracker$Tracked.serviceChanged(ServiceTracker.java:911)
	at org.eclipse.osgi.internal.serviceregistry.FilteredServiceListener.serviceChanged(FilteredServiceListener.java:109)
	at org.eclipse.osgi.internal.serviceregistry.ServiceRegistry.publishServiceEventPrivileged(ServiceRegistry.java:891)
	at org.eclipse.osgi.internal.serviceregistry.ServiceRegistry.publishServiceEvent(ServiceRegistry.java:804)
	at org.eclipse.osgi.internal.serviceregistry.ServiceRegistrationImpl.unregister(ServiceRegistrationImpl.java:222)
	at com.liferay.portal.osgi.web.servlet.context.helper.internal.ServletContextHelperRegistrationImpl.close(ServletContextHelperRegistrationImpl.java:175)
	at com.liferay.portal.osgi.web.servlet.context.helper.internal.ServletContextHelperRegistrationServiceFactory.ungetService(ServletContextHelperRegistrationServiceFactory.java:61)
	at com.liferay.portal.osgi.web.servlet.context.helper.internal.ServletContextHelperRegistrationServiceFactory.ungetService(ServletContextHelperRegistrationServiceFactory.java:32)
	at org.eclipse.osgi.internal.serviceregistry.ServiceFactoryUse$2.run(ServiceFactoryUse.java:260)
	at org.eclipse.osgi.internal.serviceregistry.ServiceFactoryUse$2.run(ServiceFactoryUse.java:1)
	at java.base/java.security.AccessController.doPrivileged(Native Method)
	at org.eclipse.osgi.internal.serviceregistry.ServiceFactoryUse.factoryUngetService(ServiceFactoryUse.java:258)
	at org.eclipse.osgi.internal.serviceregistry.ServiceFactoryUse.ungetService(ServiceFactoryUse.java:160)
	at org.eclipse.osgi.internal.serviceregistry.ServiceConsumer$2.ungetService(ServiceConsumer.java:50)
	at org.eclipse.osgi.internal.serviceregistry.ServiceRegistrationImpl.ungetService(ServiceRegistrationImpl.java:609)
	at org.eclipse.osgi.internal.serviceregistry.ServiceRegistry.ungetService(ServiceRegistry.java:543)
	at org.eclipse.osgi.internal.framework.BundleContextImpl.ungetService(BundleContextImpl.java:666)
	at com.liferay.portal.osgi.web.wab.extender.internal.WabBundleProcessor.destroy(WabBundleProcessor.java:123)
	at com.liferay.portal.osgi.web.wab.extender.internal.WebBundleDeployer.doStop(WebBundleDeployer.java:114)
	at com.liferay.portal.osgi.web.wab.extender.internal.WabFactory$WABExtension.destroy(WabFactory.java:110)
	at com.liferay.portal.osgi.web.wab.extender.internal.WabFactory.removedBundle(WabFactory.java:82)
	at com.liferay.portal.osgi.web.wab.extender.internal.WabFactory.removedBundle(WabFactory.java:50)
	at org.osgi.util.tracker.BundleTracker$Tracked.customizerRemoved(BundleTracker.java:501)
	at org.osgi.util.tracker.BundleTracker$Tracked.customizerRemoved(BundleTracker.java:1)
	at org.osgi.util.tracker.AbstractTracked.untrack(AbstractTracked.java:341)
	at org.osgi.util.tracker.BundleTracker$Tracked.bundleChanged(BundleTracker.java:456)
	at org.eclipse.osgi.internal.framework.BundleContextImpl.dispatchEvent(BundleContextImpl.java:908)
	at org.eclipse.osgi.framework.eventmgr.EventManager.dispatchEvent(EventManager.java:230)
	at org.eclipse.osgi.framework.eventmgr.ListenerQueue.dispatchEventSynchronous(ListenerQueue.java:148)
	at org.eclipse.osgi.internal.framework.EquinoxEventPublisher.publishBundleEventPrivileged(EquinoxEventPublisher.java:230)
	at org.eclipse.osgi.internal.framework.EquinoxEventPublisher.publishBundleEvent(EquinoxEventPublisher.java:137)
	at org.eclipse.osgi.internal.framework.EquinoxEventPublisher.publishBundleEvent(EquinoxEventPublisher.java:129)
	at org.eclipse.osgi.internal.framework.EquinoxContainerAdaptor.publishModuleEvent(EquinoxContainerAdaptor.java:191)
	at org.eclipse.osgi.container.Module.publishEvent(Module.java:476)
	at org.eclipse.osgi.container.Module.doStop(Module.java:634)
	at org.eclipse.osgi.container.Module.stop(Module.java:498)
	at org.eclipse.osgi.internal.framework.EquinoxBundle.stop(EquinoxBundle.java:455)
	at com.liferay.portal.file.install.internal.DirectoryWatcher._stopTransient(DirectoryWatcher.java:1209)
	at com.liferay.portal.file.install.internal.DirectoryWatcher._update(DirectoryWatcher.java:1325)
	at com.liferay.portal.file.install.internal.DirectoryWatcher._update(DirectoryWatcher.java:1348)
	at com.liferay.portal.file.install.internal.DirectoryWatcher._process(DirectoryWatcher.java:1006)
	at com.liferay.portal.file.install.internal.DirectoryWatcher.run(DirectoryWatcher.java:221)

!ENTRY org.eclipse.equinox.http.servlet 4 0 2022-12-13 09:24:23.210
!MESSAGE FrameworkEvent ERROR
!STACK 0
java.lang.NullPointerException
	at com.liferay.portal.osgi.web.servlet.context.helper.internal.CustomServletContextHelper.contextDestroyed(CustomServletContextHelper.java:82)
	at org.eclipse.equinox.http.servlet.internal.registration.ListenerRegistration.destroy(ListenerRegistration.java:85)
	at org.eclipse.equinox.http.servlet.internal.customizer.ContextListenerTrackerCustomizer.removedService(ContextListenerTrackerCustomizer.java:109)
	at org.eclipse.equinox.http.servlet.internal.customizer.ContextListenerTrackerCustomizer.removedService(ContextListenerTrackerCustomizer.java:1)
	at org.osgi.util.tracker.ServiceTracker$Tracked.customizerRemoved(ServiceTracker.java:969)
	at org.osgi.util.tracker.ServiceTracker$Tracked.customizerRemoved(ServiceTracker.java:1)
	at org.osgi.util.tracker.AbstractTracked.untrack(AbstractTracked.java:341)
	at org.osgi.util.tracker.ServiceTracker$Tracked.serviceChanged(ServiceTracker.java:911)
	at org.eclipse.osgi.internal.serviceregistry.FilteredServiceListener.serviceChanged(FilteredServiceListener.java:109)
	at org.eclipse.osgi.internal.serviceregistry.ServiceRegistry.publishServiceEventPrivileged(ServiceRegistry.java:891)
	at org.eclipse.osgi.internal.serviceregistry.ServiceRegistry.publishServiceEvent(ServiceRegistry.java:804)
	at org.eclipse.osgi.internal.serviceregistry.ServiceRegistrationImpl.unregister(ServiceRegistrationImpl.java:222)
	at com.liferay.portal.osgi.web.servlet.context.helper.internal.ServletContextHelperRegistrationImpl.close(ServletContextHelperRegistrationImpl.java:175)
	at com.liferay.portal.osgi.web.servlet.context.helper.internal.ServletContextHelperRegistrationServiceFactory.ungetService(ServletContextHelperRegistrationServiceFactory.java:61)
	at com.liferay.portal.osgi.web.servlet.context.helper.internal.ServletContextHelperRegistrationServiceFactory.ungetService(ServletContextHelperRegistrationServiceFactory.java:32)
	at org.eclipse.osgi.internal.serviceregistry.ServiceFactoryUse$2.run(ServiceFactoryUse.java:260)
	at org.eclipse.osgi.internal.serviceregistry.ServiceFactoryUse$2.run(ServiceFactoryUse.java:1)
	at java.base/java.security.AccessController.doPrivileged(Native Method)
	at org.eclipse.osgi.internal.serviceregistry.ServiceFactoryUse.factoryUngetService(ServiceFactoryUse.java:258)
	at org.eclipse.osgi.internal.serviceregistry.ServiceFactoryUse.ungetService(ServiceFactoryUse.java:160)
	at org.eclipse.osgi.internal.serviceregistry.ServiceConsumer$2.ungetService(ServiceConsumer.java:50)
	at org.eclipse.osgi.internal.serviceregistry.ServiceRegistrationImpl.ungetService(ServiceRegistrationImpl.java:609)
	at org.eclipse.osgi.internal.serviceregistry.ServiceRegistry.ungetService(ServiceRegistry.java:543)
	at org.eclipse.osgi.internal.framework.BundleContextImpl.ungetService(BundleContextImpl.java:666)
	at com.liferay.portal.osgi.web.wab.extender.internal.WabBundleProcessor.destroy(WabBundleProcessor.java:123)
	at com.liferay.portal.osgi.web.wab.extender.internal.WebBundleDeployer.doStop(WebBundleDeployer.java:114)
	at com.liferay.portal.osgi.web.wab.extender.internal.WabFactory$WABExtension.destroy(WabFactory.java:110)
	at com.liferay.portal.osgi.web.wab.extender.internal.WabFactory.removedBundle(WabFactory.java:82)
	at com.liferay.portal.osgi.web.wab.extender.internal.WabFactory.removedBundle(WabFactory.java:50)
	at org.osgi.util.tracker.BundleTracker$Tracked.customizerRemoved(BundleTracker.java:501)
	at org.osgi.util.tracker.BundleTracker$Tracked.customizerRemoved(BundleTracker.java:1)
	at org.osgi.util.tracker.AbstractTracked.untrack(AbstractTracked.java:341)
	at org.osgi.util.tracker.BundleTracker$Tracked.bundleChanged(BundleTracker.java:456)
	at org.eclipse.osgi.internal.framework.BundleContextImpl.dispatchEvent(BundleContextImpl.java:908)
	at org.eclipse.osgi.framework.eventmgr.EventManager.dispatchEvent(EventManager.java:230)
	at org.eclipse.osgi.framework.eventmgr.ListenerQueue.dispatchEventSynchronous(ListenerQueue.java:148)
	at org.eclipse.osgi.internal.framework.EquinoxEventPublisher.publishBundleEventPrivileged(EquinoxEventPublisher.java:230)
	at org.eclipse.osgi.internal.framework.EquinoxEventPublisher.publishBundleEvent(EquinoxEventPublisher.java:137)
	at org.eclipse.osgi.internal.framework.EquinoxEventPublisher.publishBundleEvent(EquinoxEventPublisher.java:129)
	at org.eclipse.osgi.internal.framework.EquinoxContainerAdaptor.publishModuleEvent(EquinoxContainerAdaptor.java:191)
	at org.eclipse.osgi.container.Module.publishEvent(Module.java:476)
	at org.eclipse.osgi.container.Module.doStop(Module.java:634)
	at org.eclipse.osgi.container.Module.stop(Module.java:498)
	at org.eclipse.osgi.internal.framework.EquinoxBundle.stop(EquinoxBundle.java:455)
	at com.liferay.portal.file.install.internal.DirectoryWatcher._stopTransient(DirectoryWatcher.java:1209)
	at com.liferay.portal.file.install.internal.DirectoryWatcher._update(DirectoryWatcher.java:1325)
	at com.liferay.portal.file.install.internal.DirectoryWatcher._update(DirectoryWatcher.java:1348)
	at com.liferay.portal.file.install.internal.DirectoryWatcher._process(DirectoryWatcher.java:1006)
	at com.liferay.portal.file.install.internal.DirectoryWatcher.run(DirectoryWatcher.java:221)

!ENTRY org.eclipse.equinox.http.servlet 4 0 2022-12-13 09:29:19.461
!MESSAGE FrameworkEvent ERROR
!STACK 0
java.lang.NullPointerException
	at com.liferay.portal.osgi.web.servlet.context.helper.internal.CustomServletContextHelper.contextDestroyed(CustomServletContextHelper.java:82)
	at org.eclipse.equinox.http.servlet.internal.registration.ListenerRegistration.destroy(ListenerRegistration.java:85)
	at org.eclipse.equinox.http.servlet.internal.customizer.ContextListenerTrackerCustomizer.removedService(ContextListenerTrackerCustomizer.java:109)
	at org.eclipse.equinox.http.servlet.internal.customizer.ContextListenerTrackerCustomizer.removedService(ContextListenerTrackerCustomizer.java:1)
	at org.osgi.util.tracker.ServiceTracker$Tracked.customizerRemoved(ServiceTracker.java:969)
	at org.osgi.util.tracker.ServiceTracker$Tracked.customizerRemoved(ServiceTracker.java:1)
	at org.osgi.util.tracker.AbstractTracked.untrack(AbstractTracked.java:341)
	at org.osgi.util.tracker.ServiceTracker.close(ServiceTracker.java:380)
	at org.eclipse.equinox.http.servlet.internal.context.ContextController.destroy(ContextController.java:636)
	at org.eclipse.equinox.http.servlet.internal.HttpServiceRuntimeImpl.removedService(HttpServiceRuntimeImpl.java:321)
	at org.eclipse.equinox.http.servlet.internal.HttpServiceRuntimeImpl.removedService(HttpServiceRuntimeImpl.java:1)
	at org.osgi.util.tracker.ServiceTracker$Tracked.customizerRemoved(ServiceTracker.java:969)
	at org.osgi.util.tracker.ServiceTracker$Tracked.customizerRemoved(ServiceTracker.java:1)
	at org.osgi.util.tracker.AbstractTracked.untrack(AbstractTracked.java:341)
	at org.osgi.util.tracker.ServiceTracker$Tracked.serviceChanged(ServiceTracker.java:911)
	at org.eclipse.osgi.internal.serviceregistry.FilteredServiceListener.serviceChanged(FilteredServiceListener.java:109)
	at org.eclipse.osgi.internal.serviceregistry.ServiceRegistry.publishServiceEventPrivileged(ServiceRegistry.java:891)
	at org.eclipse.osgi.internal.serviceregistry.ServiceRegistry.publishServiceEvent(ServiceRegistry.java:804)
	at org.eclipse.osgi.internal.serviceregistry.ServiceRegistrationImpl.unregister(ServiceRegistrationImpl.java:222)
	at com.liferay.portal.osgi.web.servlet.context.helper.internal.ServletContextHelperRegistrationImpl.close(ServletContextHelperRegistrationImpl.java:163)
	at com.liferay.portal.osgi.web.servlet.context.helper.internal.ServletContextHelperRegistrationServiceFactory.ungetService(ServletContextHelperRegistrationServiceFactory.java:61)
	at com.liferay.portal.osgi.web.servlet.context.helper.internal.ServletContextHelperRegistrationServiceFactory.ungetService(ServletContextHelperRegistrationServiceFactory.java:32)
	at org.eclipse.osgi.internal.serviceregistry.ServiceFactoryUse$2.run(ServiceFactoryUse.java:260)
	at org.eclipse.osgi.internal.serviceregistry.ServiceFactoryUse$2.run(ServiceFactoryUse.java:1)
	at java.base/java.security.AccessController.doPrivileged(Native Method)
	at org.eclipse.osgi.internal.serviceregistry.ServiceFactoryUse.factoryUngetService(ServiceFactoryUse.java:258)
	at org.eclipse.osgi.internal.serviceregistry.ServiceFactoryUse.ungetService(ServiceFactoryUse.java:160)
	at org.eclipse.osgi.internal.serviceregistry.ServiceConsumer$2.ungetService(ServiceConsumer.java:50)
	at org.eclipse.osgi.internal.serviceregistry.ServiceRegistrationImpl.ungetService(ServiceRegistrationImpl.java:609)
	at org.eclipse.osgi.internal.serviceregistry.ServiceRegistry.ungetService(ServiceRegistry.java:543)
	at org.eclipse.osgi.internal.framework.BundleContextImpl.ungetService(BundleContextImpl.java:666)
	at com.liferay.portal.osgi.web.wab.extender.internal.WabBundleProcessor.destroy(WabBundleProcessor.java:123)
	at com.liferay.portal.osgi.web.wab.extender.internal.WebBundleDeployer.doStop(WebBundleDeployer.java:114)
	at com.liferay.portal.osgi.web.wab.extender.internal.WabFactory$WABExtension.destroy(WabFactory.java:110)
	at com.liferay.portal.osgi.web.wab.extender.internal.WabFactory.removedBundle(WabFactory.java:82)
	at com.liferay.portal.osgi.web.wab.extender.internal.WabFactory.removedBundle(WabFactory.java:50)
	at org.osgi.util.tracker.BundleTracker$Tracked.customizerRemoved(BundleTracker.java:501)
	at org.osgi.util.tracker.BundleTracker$Tracked.customizerRemoved(BundleTracker.java:1)
	at org.osgi.util.tracker.AbstractTracked.untrack(AbstractTracked.java:341)
	at org.osgi.util.tracker.BundleTracker$Tracked.bundleChanged(BundleTracker.java:456)
	at org.eclipse.osgi.internal.framework.BundleContextImpl.dispatchEvent(BundleContextImpl.java:908)
	at org.eclipse.osgi.framework.eventmgr.EventManager.dispatchEvent(EventManager.java:230)
	at org.eclipse.osgi.framework.eventmgr.ListenerQueue.dispatchEventSynchronous(ListenerQueue.java:148)
	at org.eclipse.osgi.internal.framework.EquinoxEventPublisher.publishBundleEventPrivileged(EquinoxEventPublisher.java:230)
	at org.eclipse.osgi.internal.framework.EquinoxEventPublisher.publishBundleEvent(EquinoxEventPublisher.java:137)
	at org.eclipse.osgi.internal.framework.EquinoxEventPublisher.publishBundleEvent(EquinoxEventPublisher.java:129)
	at org.eclipse.osgi.internal.framework.EquinoxContainerAdaptor.publishModuleEvent(EquinoxContainerAdaptor.java:191)
	at org.eclipse.osgi.container.Module.publishEvent(Module.java:476)
	at org.eclipse.osgi.container.Module.doStop(Module.java:634)
	at org.eclipse.osgi.container.Module.stop(Module.java:498)
	at org.eclipse.osgi.internal.framework.EquinoxBundle.stop(EquinoxBundle.java:455)
	at com.liferay.portal.file.install.internal.DirectoryWatcher._stopTransient(DirectoryWatcher.java:1209)
	at com.liferay.portal.file.install.internal.DirectoryWatcher._update(DirectoryWatcher.java:1325)
	at com.liferay.portal.file.install.internal.DirectoryWatcher._update(DirectoryWatcher.java:1348)
	at com.liferay.portal.file.install.internal.DirectoryWatcher._process(DirectoryWatcher.java:1006)
	at com.liferay.portal.file.install.internal.DirectoryWatcher.run(DirectoryWatcher.java:221)

!ENTRY org.eclipse.equinox.http.servlet 4 0 2022-12-13 09:31:55.219
!MESSAGE FrameworkEvent ERROR
!STACK 0
java.lang.NullPointerException
	at com.liferay.portal.osgi.web.servlet.context.helper.internal.CustomServletContextHelper.contextDestroyed(CustomServletContextHelper.java:82)
	at org.eclipse.equinox.http.servlet.internal.registration.ListenerRegistration.destroy(ListenerRegistration.java:85)
	at org.eclipse.equinox.http.servlet.internal.customizer.ContextListenerTrackerCustomizer.removedService(ContextListenerTrackerCustomizer.java:109)
	at org.eclipse.equinox.http.servlet.internal.customizer.ContextListenerTrackerCustomizer.removedService(ContextListenerTrackerCustomizer.java:1)
	at org.osgi.util.tracker.ServiceTracker$Tracked.customizerRemoved(ServiceTracker.java:969)
	at org.osgi.util.tracker.ServiceTracker$Tracked.customizerRemoved(ServiceTracker.java:1)
	at org.osgi.util.tracker.AbstractTracked.untrack(AbstractTracked.java:341)
	at org.osgi.util.tracker.ServiceTracker.close(ServiceTracker.java:380)
	at org.eclipse.equinox.http.servlet.internal.context.ContextController.destroy(ContextController.java:636)
	at org.eclipse.equinox.http.servlet.internal.HttpServiceRuntimeImpl.removedService(HttpServiceRuntimeImpl.java:321)
	at org.eclipse.equinox.http.servlet.internal.HttpServiceRuntimeImpl.removedService(HttpServiceRuntimeImpl.java:1)
	at org.osgi.util.tracker.ServiceTracker$Tracked.customizerRemoved(ServiceTracker.java:969)
	at org.osgi.util.tracker.ServiceTracker$Tracked.customizerRemoved(ServiceTracker.java:1)
	at org.osgi.util.tracker.AbstractTracked.untrack(AbstractTracked.java:341)
	at org.osgi.util.tracker.ServiceTracker$Tracked.serviceChanged(ServiceTracker.java:911)
	at org.eclipse.osgi.internal.serviceregistry.FilteredServiceListener.serviceChanged(FilteredServiceListener.java:109)
	at org.eclipse.osgi.internal.serviceregistry.ServiceRegistry.publishServiceEventPrivileged(ServiceRegistry.java:891)
	at org.eclipse.osgi.internal.serviceregistry.ServiceRegistry.publishServiceEvent(ServiceRegistry.java:804)
	at org.eclipse.osgi.internal.serviceregistry.ServiceRegistrationImpl.unregister(ServiceRegistrationImpl.java:222)
	at com.liferay.portal.osgi.web.servlet.context.helper.internal.ServletContextHelperRegistrationImpl.close(ServletContextHelperRegistrationImpl.java:163)
	at com.liferay.portal.osgi.web.servlet.context.helper.internal.ServletContextHelperRegistrationServiceFactory.ungetService(ServletContextHelperRegistrationServiceFactory.java:61)
	at com.liferay.portal.osgi.web.servlet.context.helper.internal.ServletContextHelperRegistrationServiceFactory.ungetService(ServletContextHelperRegistrationServiceFactory.java:32)
	at org.eclipse.osgi.internal.serviceregistry.ServiceFactoryUse$2.run(ServiceFactoryUse.java:260)
	at org.eclipse.osgi.internal.serviceregistry.ServiceFactoryUse$2.run(ServiceFactoryUse.java:1)
	at java.base/java.security.AccessController.doPrivileged(Native Method)
	at org.eclipse.osgi.internal.serviceregistry.ServiceFactoryUse.factoryUngetService(ServiceFactoryUse.java:258)
	at org.eclipse.osgi.internal.serviceregistry.ServiceFactoryUse.ungetService(ServiceFactoryUse.java:160)
	at org.eclipse.osgi.internal.serviceregistry.ServiceConsumer$2.ungetService(ServiceConsumer.java:50)
	at org.eclipse.osgi.internal.serviceregistry.ServiceRegistrationImpl.ungetService(ServiceRegistrationImpl.java:609)
	at org.eclipse.osgi.internal.serviceregistry.ServiceRegistry.ungetService(ServiceRegistry.java:543)
	at org.eclipse.osgi.internal.framework.BundleContextImpl.ungetService(BundleContextImpl.java:666)
	at com.liferay.portal.osgi.web.wab.extender.internal.WabBundleProcessor.destroy(WabBundleProcessor.java:123)
	at com.liferay.portal.osgi.web.wab.extender.internal.WebBundleDeployer.doStop(WebBundleDeployer.java:114)
	at com.liferay.portal.osgi.web.wab.extender.internal.WabFactory$WABExtension.destroy(WabFactory.java:110)
	at com.liferay.portal.osgi.web.wab.extender.internal.WabFactory.removedBundle(WabFactory.java:82)
	at com.liferay.portal.osgi.web.wab.extender.internal.WabFactory.removedBundle(WabFactory.java:50)
	at org.osgi.util.tracker.BundleTracker$Tracked.customizerRemoved(BundleTracker.java:501)
	at org.osgi.util.tracker.BundleTracker$Tracked.customizerRemoved(BundleTracker.java:1)
	at org.osgi.util.tracker.AbstractTracked.untrack(AbstractTracked.java:341)
	at org.osgi.util.tracker.BundleTracker$Tracked.bundleChanged(BundleTracker.java:456)
	at org.eclipse.osgi.internal.framework.BundleContextImpl.dispatchEvent(BundleContextImpl.java:908)
	at org.eclipse.osgi.framework.eventmgr.EventManager.dispatchEvent(EventManager.java:230)
	at org.eclipse.osgi.framework.eventmgr.ListenerQueue.dispatchEventSynchronous(ListenerQueue.java:148)
	at org.eclipse.osgi.internal.framework.EquinoxEventPublisher.publishBundleEventPrivileged(EquinoxEventPublisher.java:230)
	at org.eclipse.osgi.internal.framework.EquinoxEventPublisher.publishBundleEvent(EquinoxEventPublisher.java:137)
	at org.eclipse.osgi.internal.framework.EquinoxEventPublisher.publishBundleEvent(EquinoxEventPublisher.java:129)
	at org.eclipse.osgi.internal.framework.EquinoxContainerAdaptor.publishModuleEvent(EquinoxContainerAdaptor.java:191)
	at org.eclipse.osgi.container.Module.publishEvent(Module.java:476)
	at org.eclipse.osgi.container.Module.doStop(Module.java:634)
	at org.eclipse.osgi.container.Module.stop(Module.java:498)
	at org.eclipse.osgi.container.ModuleContainer.uninstall(ModuleContainer.java:426)
	at org.eclipse.osgi.internal.framework.EquinoxBundle.uninstall(EquinoxBundle.java:491)
	at com.liferay.portal.file.install.internal.DirectoryWatcher._uninstall(DirectoryWatcher.java:1250)
	at com.liferay.portal.file.install.internal.DirectoryWatcher._uninstall(DirectoryWatcher.java:1270)
	at com.liferay.portal.file.install.internal.DirectoryWatcher._process(DirectoryWatcher.java:1004)
	at com.liferay.portal.file.install.internal.DirectoryWatcher.run(DirectoryWatcher.java:221)

!ENTRY org.eclipse.equinox.http.servlet 4 0 2022-12-13 09:33:05.460
!MESSAGE FrameworkEvent ERROR
!STACK 0
java.lang.NullPointerException
	at com.liferay.portal.osgi.web.servlet.context.helper.internal.CustomServletContextHelper.contextDestroyed(CustomServletContextHelper.java:82)
	at org.eclipse.equinox.http.servlet.internal.registration.ListenerRegistration.destroy(ListenerRegistration.java:85)
	at org.eclipse.equinox.http.servlet.internal.customizer.ContextListenerTrackerCustomizer.removedService(ContextListenerTrackerCustomizer.java:109)
	at org.eclipse.equinox.http.servlet.internal.customizer.ContextListenerTrackerCustomizer.removedService(ContextListenerTrackerCustomizer.java:1)
	at org.osgi.util.tracker.ServiceTracker$Tracked.customizerRemoved(ServiceTracker.java:969)
	at org.osgi.util.tracker.ServiceTracker$Tracked.customizerRemoved(ServiceTracker.java:1)
	at org.osgi.util.tracker.AbstractTracked.untrack(AbstractTracked.java:341)
	at org.osgi.util.tracker.ServiceTracker$Tracked.serviceChanged(ServiceTracker.java:911)
	at org.eclipse.osgi.internal.serviceregistry.FilteredServiceListener.serviceChanged(FilteredServiceListener.java:109)
	at org.eclipse.osgi.internal.serviceregistry.ServiceRegistry.publishServiceEventPrivileged(ServiceRegistry.java:891)
	at org.eclipse.osgi.internal.serviceregistry.ServiceRegistry.publishServiceEvent(ServiceRegistry.java:804)
	at org.eclipse.osgi.internal.serviceregistry.ServiceRegistrationImpl.unregister(ServiceRegistrationImpl.java:222)
	at com.liferay.portal.osgi.web.servlet.context.helper.internal.ServletContextHelperRegistrationImpl.close(ServletContextHelperRegistrationImpl.java:175)
	at com.liferay.portal.osgi.web.servlet.context.helper.internal.ServletContextHelperRegistrationServiceFactory.ungetService(ServletContextHelperRegistrationServiceFactory.java:61)
	at com.liferay.portal.osgi.web.servlet.context.helper.internal.ServletContextHelperRegistrationServiceFactory.ungetService(ServletContextHelperRegistrationServiceFactory.java:32)
	at org.eclipse.osgi.internal.serviceregistry.ServiceFactoryUse$2.run(ServiceFactoryUse.java:260)
	at org.eclipse.osgi.internal.serviceregistry.ServiceFactoryUse$2.run(ServiceFactoryUse.java:1)
	at java.base/java.security.AccessController.doPrivileged(Native Method)
	at org.eclipse.osgi.internal.serviceregistry.ServiceFactoryUse.factoryUngetService(ServiceFactoryUse.java:258)
	at org.eclipse.osgi.internal.serviceregistry.ServiceFactoryUse.ungetService(ServiceFactoryUse.java:160)
	at org.eclipse.osgi.internal.serviceregistry.ServiceConsumer$2.ungetService(ServiceConsumer.java:50)
	at org.eclipse.osgi.internal.serviceregistry.ServiceRegistrationImpl.ungetService(ServiceRegistrationImpl.java:609)
	at org.eclipse.osgi.internal.serviceregistry.ServiceRegistry.ungetService(ServiceRegistry.java:543)
	at org.eclipse.osgi.internal.framework.BundleContextImpl.ungetService(BundleContextImpl.java:666)
	at com.liferay.portal.osgi.web.wab.extender.internal.WabBundleProcessor.destroy(WabBundleProcessor.java:123)
	at com.liferay.portal.osgi.web.wab.extender.internal.WebBundleDeployer.doStop(WebBundleDeployer.java:114)
	at com.liferay.portal.osgi.web.wab.extender.internal.WabFactory$WABExtension.destroy(WabFactory.java:110)
	at com.liferay.portal.osgi.web.wab.extender.internal.WabFactory.removedBundle(WabFactory.java:82)
	at com.liferay.portal.osgi.web.wab.extender.internal.WabFactory.removedBundle(WabFactory.java:50)
	at org.osgi.util.tracker.BundleTracker$Tracked.customizerRemoved(BundleTracker.java:501)
	at org.osgi.util.tracker.BundleTracker$Tracked.customizerRemoved(BundleTracker.java:1)
	at org.osgi.util.tracker.AbstractTracked.untrack(AbstractTracked.java:341)
	at org.osgi.util.tracker.BundleTracker$Tracked.bundleChanged(BundleTracker.java:456)
	at org.eclipse.osgi.internal.framework.BundleContextImpl.dispatchEvent(BundleContextImpl.java:908)
	at org.eclipse.osgi.framework.eventmgr.EventManager.dispatchEvent(EventManager.java:230)
	at org.eclipse.osgi.framework.eventmgr.ListenerQueue.dispatchEventSynchronous(ListenerQueue.java:148)
	at org.eclipse.osgi.internal.framework.EquinoxEventPublisher.publishBundleEventPrivileged(EquinoxEventPublisher.java:230)
	at org.eclipse.osgi.internal.framework.EquinoxEventPublisher.publishBundleEvent(EquinoxEventPublisher.java:137)
	at org.eclipse.osgi.internal.framework.EquinoxEventPublisher.publishBundleEvent(EquinoxEventPublisher.java:129)
	at org.eclipse.osgi.internal.framework.EquinoxContainerAdaptor.publishModuleEvent(EquinoxContainerAdaptor.java:191)
	at org.eclipse.osgi.container.Module.publishEvent(Module.java:476)
	at org.eclipse.osgi.container.Module.doStop(Module.java:634)
	at org.eclipse.osgi.container.Module.stop(Module.java:498)
	at org.eclipse.osgi.container.ModuleContainer.uninstall(ModuleContainer.java:426)
	at org.eclipse.osgi.internal.framework.EquinoxBundle.uninstall(EquinoxBundle.java:491)
	at com.liferay.portal.file.install.internal.DirectoryWatcher._uninstall(DirectoryWatcher.java:1250)
	at com.liferay.portal.file.install.internal.DirectoryWatcher._uninstall(DirectoryWatcher.java:1270)
	at com.liferay.portal.file.install.internal.DirectoryWatcher._process(DirectoryWatcher.java:1004)
	at com.liferay.portal.file.install.internal.DirectoryWatcher.run(DirectoryWatcher.java:221)

!ENTRY org.eclipse.equinox.http.servlet 4 0 2022-12-13 09:34:05.754
!MESSAGE FrameworkEvent ERROR
!STACK 0
java.lang.NullPointerException
	at com.liferay.portal.osgi.web.servlet.context.helper.internal.CustomServletContextHelper.contextDestroyed(CustomServletContextHelper.java:82)
	at org.eclipse.equinox.http.servlet.internal.registration.ListenerRegistration.destroy(ListenerRegistration.java:85)
	at org.eclipse.equinox.http.servlet.internal.customizer.ContextListenerTrackerCustomizer.removedService(ContextListenerTrackerCustomizer.java:109)
	at org.eclipse.equinox.http.servlet.internal.customizer.ContextListenerTrackerCustomizer.removedService(ContextListenerTrackerCustomizer.java:1)
	at org.osgi.util.tracker.ServiceTracker$Tracked.customizerRemoved(ServiceTracker.java:969)
	at org.osgi.util.tracker.ServiceTracker$Tracked.customizerRemoved(ServiceTracker.java:1)
	at org.osgi.util.tracker.AbstractTracked.untrack(AbstractTracked.java:341)
	at org.osgi.util.tracker.ServiceTracker$Tracked.serviceChanged(ServiceTracker.java:911)
	at org.eclipse.osgi.internal.serviceregistry.FilteredServiceListener.serviceChanged(FilteredServiceListener.java:109)
	at org.eclipse.osgi.internal.serviceregistry.ServiceRegistry.publishServiceEventPrivileged(ServiceRegistry.java:891)
	at org.eclipse.osgi.internal.serviceregistry.ServiceRegistry.publishServiceEvent(ServiceRegistry.java:804)
	at org.eclipse.osgi.internal.serviceregistry.ServiceRegistrationImpl.unregister(ServiceRegistrationImpl.java:222)
	at com.liferay.portal.osgi.web.servlet.context.helper.internal.ServletContextHelperRegistrationImpl.close(ServletContextHelperRegistrationImpl.java:175)
	at com.liferay.portal.osgi.web.servlet.context.helper.internal.ServletContextHelperRegistrationServiceFactory.ungetService(ServletContextHelperRegistrationServiceFactory.java:61)
	at com.liferay.portal.osgi.web.servlet.context.helper.internal.ServletContextHelperRegistrationServiceFactory.ungetService(ServletContextHelperRegistrationServiceFactory.java:32)
	at org.eclipse.osgi.internal.serviceregistry.ServiceFactoryUse$2.run(ServiceFactoryUse.java:260)
	at org.eclipse.osgi.internal.serviceregistry.ServiceFactoryUse$2.run(ServiceFactoryUse.java:1)
	at java.base/java.security.AccessController.doPrivileged(Native Method)
	at org.eclipse.osgi.internal.serviceregistry.ServiceFactoryUse.factoryUngetService(ServiceFactoryUse.java:258)
	at org.eclipse.osgi.internal.serviceregistry.ServiceFactoryUse.ungetService(ServiceFactoryUse.java:160)
	at org.eclipse.osgi.internal.serviceregistry.ServiceConsumer$2.ungetService(ServiceConsumer.java:50)
	at org.eclipse.osgi.internal.serviceregistry.ServiceRegistrationImpl.ungetService(ServiceRegistrationImpl.java:609)
	at org.eclipse.osgi.internal.serviceregistry.ServiceRegistry.ungetService(ServiceRegistry.java:543)
	at org.eclipse.osgi.internal.framework.BundleContextImpl.ungetService(BundleContextImpl.java:666)
	at com.liferay.portal.osgi.web.wab.extender.internal.WabBundleProcessor.destroy(WabBundleProcessor.java:123)
	at com.liferay.portal.osgi.web.wab.extender.internal.WebBundleDeployer.doStop(WebBundleDeployer.java:114)
	at com.liferay.portal.osgi.web.wab.extender.internal.WabFactory$WABExtension.destroy(WabFactory.java:110)
	at com.liferay.portal.osgi.web.wab.extender.internal.WabFactory.removedBundle(WabFactory.java:82)
	at com.liferay.portal.osgi.web.wab.extender.internal.WabFactory.removedBundle(WabFactory.java:50)
	at org.osgi.util.tracker.BundleTracker$Tracked.customizerRemoved(BundleTracker.java:501)
	at org.osgi.util.tracker.BundleTracker$Tracked.customizerRemoved(BundleTracker.java:1)
	at org.osgi.util.tracker.AbstractTracked.untrack(AbstractTracked.java:341)
	at org.osgi.util.tracker.BundleTracker$Tracked.bundleChanged(BundleTracker.java:456)
	at org.eclipse.osgi.internal.framework.BundleContextImpl.dispatchEvent(BundleContextImpl.java:908)
	at org.eclipse.osgi.framework.eventmgr.EventManager.dispatchEvent(EventManager.java:230)
	at org.eclipse.osgi.framework.eventmgr.ListenerQueue.dispatchEventSynchronous(ListenerQueue.java:148)
	at org.eclipse.osgi.internal.framework.EquinoxEventPublisher.publishBundleEventPrivileged(EquinoxEventPublisher.java:230)
	at org.eclipse.osgi.internal.framework.EquinoxEventPublisher.publishBundleEvent(EquinoxEventPublisher.java:137)
	at org.eclipse.osgi.internal.framework.EquinoxEventPublisher.publishBundleEvent(EquinoxEventPublisher.java:129)
	at org.eclipse.osgi.internal.framework.EquinoxContainerAdaptor.publishModuleEvent(EquinoxContainerAdaptor.java:191)
	at org.eclipse.osgi.container.Module.publishEvent(Module.java:476)
	at org.eclipse.osgi.container.Module.doStop(Module.java:634)
	at org.eclipse.osgi.container.Module.stop(Module.java:498)
	at org.eclipse.osgi.internal.framework.EquinoxBundle.stop(EquinoxBundle.java:455)
	at com.liferay.portal.file.install.internal.DirectoryWatcher._stopTransient(DirectoryWatcher.java:1209)
	at com.liferay.portal.file.install.internal.DirectoryWatcher._update(DirectoryWatcher.java:1325)
	at com.liferay.portal.file.install.internal.DirectoryWatcher._update(DirectoryWatcher.java:1348)
	at com.liferay.portal.file.install.internal.DirectoryWatcher._process(DirectoryWatcher.java:1006)
	at com.liferay.portal.file.install.internal.DirectoryWatcher.run(DirectoryWatcher.java:221)

!ENTRY org.eclipse.equinox.http.servlet 4 0 2022-12-13 09:36:46.396
!MESSAGE FrameworkEvent ERROR
!STACK 0
java.lang.NullPointerException
	at com.liferay.portal.osgi.web.servlet.context.helper.internal.CustomServletContextHelper.contextDestroyed(CustomServletContextHelper.java:82)
	at org.eclipse.equinox.http.servlet.internal.registration.ListenerRegistration.destroy(ListenerRegistration.java:85)
	at org.eclipse.equinox.http.servlet.internal.customizer.ContextListenerTrackerCustomizer.removedService(ContextListenerTrackerCustomizer.java:109)
	at org.eclipse.equinox.http.servlet.internal.customizer.ContextListenerTrackerCustomizer.removedService(ContextListenerTrackerCustomizer.java:1)
	at org.osgi.util.tracker.ServiceTracker$Tracked.customizerRemoved(ServiceTracker.java:969)
	at org.osgi.util.tracker.ServiceTracker$Tracked.customizerRemoved(ServiceTracker.java:1)
	at org.osgi.util.tracker.AbstractTracked.untrack(AbstractTracked.java:341)
	at org.osgi.util.tracker.ServiceTracker$Tracked.serviceChanged(ServiceTracker.java:911)
	at org.eclipse.osgi.internal.serviceregistry.FilteredServiceListener.serviceChanged(FilteredServiceListener.java:109)
	at org.eclipse.osgi.internal.serviceregistry.ServiceRegistry.publishServiceEventPrivileged(ServiceRegistry.java:891)
	at org.eclipse.osgi.internal.serviceregistry.ServiceRegistry.publishServiceEvent(ServiceRegistry.java:804)
	at org.eclipse.osgi.internal.serviceregistry.ServiceRegistrationImpl.unregister(ServiceRegistrationImpl.java:222)
	at com.liferay.portal.osgi.web.servlet.context.helper.internal.ServletContextHelperRegistrationImpl.close(ServletContextHelperRegistrationImpl.java:175)
	at com.liferay.portal.osgi.web.servlet.context.helper.internal.ServletContextHelperRegistrationServiceFactory.ungetService(ServletContextHelperRegistrationServiceFactory.java:61)
	at com.liferay.portal.osgi.web.servlet.context.helper.internal.ServletContextHelperRegistrationServiceFactory.ungetService(ServletContextHelperRegistrationServiceFactory.java:32)
	at org.eclipse.osgi.internal.serviceregistry.ServiceFactoryUse$2.run(ServiceFactoryUse.java:260)
	at org.eclipse.osgi.internal.serviceregistry.ServiceFactoryUse$2.run(ServiceFactoryUse.java:1)
	at java.base/java.security.AccessController.doPrivileged(Native Method)
	at org.eclipse.osgi.internal.serviceregistry.ServiceFactoryUse.factoryUngetService(ServiceFactoryUse.java:258)
	at org.eclipse.osgi.internal.serviceregistry.ServiceFactoryUse.ungetService(ServiceFactoryUse.java:160)
	at org.eclipse.osgi.internal.serviceregistry.ServiceConsumer$2.ungetService(ServiceConsumer.java:50)
	at org.eclipse.osgi.internal.serviceregistry.ServiceRegistrationImpl.ungetService(ServiceRegistrationImpl.java:609)
	at org.eclipse.osgi.internal.serviceregistry.ServiceRegistry.ungetService(ServiceRegistry.java:543)
	at org.eclipse.osgi.internal.framework.BundleContextImpl.ungetService(BundleContextImpl.java:666)
	at com.liferay.portal.osgi.web.wab.extender.internal.WabBundleProcessor.destroy(WabBundleProcessor.java:123)
	at com.liferay.portal.osgi.web.wab.extender.internal.WebBundleDeployer.doStop(WebBundleDeployer.java:114)
	at com.liferay.portal.osgi.web.wab.extender.internal.WabFactory$WABExtension.destroy(WabFactory.java:110)
	at com.liferay.portal.osgi.web.wab.extender.internal.WabFactory.removedBundle(WabFactory.java:82)
	at com.liferay.portal.osgi.web.wab.extender.internal.WabFactory.removedBundle(WabFactory.java:50)
	at org.osgi.util.tracker.BundleTracker$Tracked.customizerRemoved(BundleTracker.java:501)
	at org.osgi.util.tracker.BundleTracker$Tracked.customizerRemoved(BundleTracker.java:1)
	at org.osgi.util.tracker.AbstractTracked.untrack(AbstractTracked.java:341)
	at org.osgi.util.tracker.BundleTracker$Tracked.bundleChanged(BundleTracker.java:456)
	at org.eclipse.osgi.internal.framework.BundleContextImpl.dispatchEvent(BundleContextImpl.java:908)
	at org.eclipse.osgi.framework.eventmgr.EventManager.dispatchEvent(EventManager.java:230)
	at org.eclipse.osgi.framework.eventmgr.ListenerQueue.dispatchEventSynchronous(ListenerQueue.java:148)
	at org.eclipse.osgi.internal.framework.EquinoxEventPublisher.publishBundleEventPrivileged(EquinoxEventPublisher.java:230)
	at org.eclipse.osgi.internal.framework.EquinoxEventPublisher.publishBundleEvent(EquinoxEventPublisher.java:137)
	at org.eclipse.osgi.internal.framework.EquinoxEventPublisher.publishBundleEvent(EquinoxEventPublisher.java:129)
	at org.eclipse.osgi.internal.framework.EquinoxContainerAdaptor.publishModuleEvent(EquinoxContainerAdaptor.java:191)
	at org.eclipse.osgi.container.Module.publishEvent(Module.java:476)
	at org.eclipse.osgi.container.Module.doStop(Module.java:634)
	at org.eclipse.osgi.container.Module.stop(Module.java:498)
	at org.eclipse.osgi.internal.framework.EquinoxBundle.stop(EquinoxBundle.java:455)
	at com.liferay.portal.file.install.internal.DirectoryWatcher._stopTransient(DirectoryWatcher.java:1209)
	at com.liferay.portal.file.install.internal.DirectoryWatcher._update(DirectoryWatcher.java:1325)
	at com.liferay.portal.file.install.internal.DirectoryWatcher._update(DirectoryWatcher.java:1348)
	at com.liferay.portal.file.install.internal.DirectoryWatcher._process(DirectoryWatcher.java:1006)
	at com.liferay.portal.file.install.internal.DirectoryWatcher.run(DirectoryWatcher.java:221)

!ENTRY org.eclipse.equinox.http.servlet 4 0 2022-12-13 09:37:31.644
!MESSAGE FrameworkEvent ERROR
!STACK 0
java.lang.NullPointerException
	at com.liferay.portal.osgi.web.servlet.context.helper.internal.CustomServletContextHelper.contextDestroyed(CustomServletContextHelper.java:82)
	at org.eclipse.equinox.http.servlet.internal.registration.ListenerRegistration.destroy(ListenerRegistration.java:85)
	at org.eclipse.equinox.http.servlet.internal.customizer.ContextListenerTrackerCustomizer.removedService(ContextListenerTrackerCustomizer.java:109)
	at org.eclipse.equinox.http.servlet.internal.customizer.ContextListenerTrackerCustomizer.removedService(ContextListenerTrackerCustomizer.java:1)
	at org.osgi.util.tracker.ServiceTracker$Tracked.customizerRemoved(ServiceTracker.java:969)
	at org.osgi.util.tracker.ServiceTracker$Tracked.customizerRemoved(ServiceTracker.java:1)
	at org.osgi.util.tracker.AbstractTracked.untrack(AbstractTracked.java:341)
	at org.osgi.util.tracker.ServiceTracker$Tracked.serviceChanged(ServiceTracker.java:911)
	at org.eclipse.osgi.internal.serviceregistry.FilteredServiceListener.serviceChanged(FilteredServiceListener.java:109)
	at org.eclipse.osgi.internal.serviceregistry.ServiceRegistry.publishServiceEventPrivileged(ServiceRegistry.java:891)
	at org.eclipse.osgi.internal.serviceregistry.ServiceRegistry.publishServiceEvent(ServiceRegistry.java:804)
	at org.eclipse.osgi.internal.serviceregistry.ServiceRegistrationImpl.unregister(ServiceRegistrationImpl.java:222)
	at com.liferay.portal.osgi.web.servlet.context.helper.internal.ServletContextHelperRegistrationImpl.close(ServletContextHelperRegistrationImpl.java:175)
	at com.liferay.portal.osgi.web.servlet.context.helper.internal.ServletContextHelperRegistrationServiceFactory.ungetService(ServletContextHelperRegistrationServiceFactory.java:61)
	at com.liferay.portal.osgi.web.servlet.context.helper.internal.ServletContextHelperRegistrationServiceFactory.ungetService(ServletContextHelperRegistrationServiceFactory.java:32)
	at org.eclipse.osgi.internal.serviceregistry.ServiceFactoryUse$2.run(ServiceFactoryUse.java:260)
	at org.eclipse.osgi.internal.serviceregistry.ServiceFactoryUse$2.run(ServiceFactoryUse.java:1)
	at java.base/java.security.AccessController.doPrivileged(Native Method)
	at org.eclipse.osgi.internal.serviceregistry.ServiceFactoryUse.factoryUngetService(ServiceFactoryUse.java:258)
	at org.eclipse.osgi.internal.serviceregistry.ServiceFactoryUse.ungetService(ServiceFactoryUse.java:160)
	at org.eclipse.osgi.internal.serviceregistry.ServiceConsumer$2.ungetService(ServiceConsumer.java:50)
	at org.eclipse.osgi.internal.serviceregistry.ServiceRegistrationImpl.ungetService(ServiceRegistrationImpl.java:609)
	at org.eclipse.osgi.internal.serviceregistry.ServiceRegistry.ungetService(ServiceRegistry.java:543)
	at org.eclipse.osgi.internal.framework.BundleContextImpl.ungetService(BundleContextImpl.java:666)
	at com.liferay.portal.osgi.web.wab.extender.internal.WabBundleProcessor.destroy(WabBundleProcessor.java:123)
	at com.liferay.portal.osgi.web.wab.extender.internal.WebBundleDeployer.doStop(WebBundleDeployer.java:114)
	at com.liferay.portal.osgi.web.wab.extender.internal.WabFactory$WABExtension.destroy(WabFactory.java:110)
	at com.liferay.portal.osgi.web.wab.extender.internal.WabFactory.removedBundle(WabFactory.java:82)
	at com.liferay.portal.osgi.web.wab.extender.internal.WabFactory.removedBundle(WabFactory.java:50)
	at org.osgi.util.tracker.BundleTracker$Tracked.customizerRemoved(BundleTracker.java:501)
	at org.osgi.util.tracker.BundleTracker$Tracked.customizerRemoved(BundleTracker.java:1)
	at org.osgi.util.tracker.AbstractTracked.untrack(AbstractTracked.java:341)
	at org.osgi.util.tracker.BundleTracker$Tracked.bundleChanged(BundleTracker.java:456)
	at org.eclipse.osgi.internal.framework.BundleContextImpl.dispatchEvent(BundleContextImpl.java:908)
	at org.eclipse.osgi.framework.eventmgr.EventManager.dispatchEvent(EventManager.java:230)
	at org.eclipse.osgi.framework.eventmgr.ListenerQueue.dispatchEventSynchronous(ListenerQueue.java:148)
	at org.eclipse.osgi.internal.framework.EquinoxEventPublisher.publishBundleEventPrivileged(EquinoxEventPublisher.java:230)
	at org.eclipse.osgi.internal.framework.EquinoxEventPublisher.publishBundleEvent(EquinoxEventPublisher.java:137)
	at org.eclipse.osgi.internal.framework.EquinoxEventPublisher.publishBundleEvent(EquinoxEventPublisher.java:129)
	at org.eclipse.osgi.internal.framework.EquinoxContainerAdaptor.publishModuleEvent(EquinoxContainerAdaptor.java:191)
	at org.eclipse.osgi.container.Module.publishEvent(Module.java:476)
	at org.eclipse.osgi.container.Module.doStop(Module.java:634)
	at org.eclipse.osgi.container.Module.stop(Module.java:498)
	at org.eclipse.osgi.internal.framework.EquinoxBundle.stop(EquinoxBundle.java:455)
	at com.liferay.portal.file.install.internal.DirectoryWatcher._stopTransient(DirectoryWatcher.java:1209)
	at com.liferay.portal.file.install.internal.DirectoryWatcher._update(DirectoryWatcher.java:1325)
	at com.liferay.portal.file.install.internal.DirectoryWatcher._update(DirectoryWatcher.java:1348)
	at com.liferay.portal.file.install.internal.DirectoryWatcher._process(DirectoryWatcher.java:1006)
	at com.liferay.portal.file.install.internal.DirectoryWatcher.run(DirectoryWatcher.java:221)

!ENTRY org.eclipse.equinox.http.servlet 4 0 2022-12-13 09:44:43.191
!MESSAGE FrameworkEvent ERROR
!STACK 0
java.lang.NullPointerException
	at com.liferay.portal.osgi.web.servlet.context.helper.internal.CustomServletContextHelper.contextDestroyed(CustomServletContextHelper.java:82)
	at org.eclipse.equinox.http.servlet.internal.registration.ListenerRegistration.destroy(ListenerRegistration.java:85)
	at org.eclipse.equinox.http.servlet.internal.customizer.ContextListenerTrackerCustomizer.removedService(ContextListenerTrackerCustomizer.java:109)
	at org.eclipse.equinox.http.servlet.internal.customizer.ContextListenerTrackerCustomizer.removedService(ContextListenerTrackerCustomizer.java:1)
	at org.osgi.util.tracker.ServiceTracker$Tracked.customizerRemoved(ServiceTracker.java:969)
	at org.osgi.util.tracker.ServiceTracker$Tracked.customizerRemoved(ServiceTracker.java:1)
	at org.osgi.util.tracker.AbstractTracked.untrack(AbstractTracked.java:341)
	at org.osgi.util.tracker.ServiceTracker$Tracked.serviceChanged(ServiceTracker.java:911)
	at org.eclipse.osgi.internal.serviceregistry.FilteredServiceListener.serviceChanged(FilteredServiceListener.java:109)
	at org.eclipse.osgi.internal.serviceregistry.ServiceRegistry.publishServiceEventPrivileged(ServiceRegistry.java:891)
	at org.eclipse.osgi.internal.serviceregistry.ServiceRegistry.publishServiceEvent(ServiceRegistry.java:804)
	at org.eclipse.osgi.internal.serviceregistry.ServiceRegistrationImpl.unregister(ServiceRegistrationImpl.java:222)
	at com.liferay.portal.osgi.web.servlet.context.helper.internal.ServletContextHelperRegistrationImpl.close(ServletContextHelperRegistrationImpl.java:175)
	at com.liferay.portal.osgi.web.servlet.context.helper.internal.ServletContextHelperRegistrationServiceFactory.ungetService(ServletContextHelperRegistrationServiceFactory.java:61)
	at com.liferay.portal.osgi.web.servlet.context.helper.internal.ServletContextHelperRegistrationServiceFactory.ungetService(ServletContextHelperRegistrationServiceFactory.java:32)
	at org.eclipse.osgi.internal.serviceregistry.ServiceFactoryUse$2.run(ServiceFactoryUse.java:260)
	at org.eclipse.osgi.internal.serviceregistry.ServiceFactoryUse$2.run(ServiceFactoryUse.java:1)
	at java.base/java.security.AccessController.doPrivileged(Native Method)
	at org.eclipse.osgi.internal.serviceregistry.ServiceFactoryUse.factoryUngetService(ServiceFactoryUse.java:258)
	at org.eclipse.osgi.internal.serviceregistry.ServiceFactoryUse.ungetService(ServiceFactoryUse.java:160)
	at org.eclipse.osgi.internal.serviceregistry.ServiceConsumer$2.ungetService(ServiceConsumer.java:50)
	at org.eclipse.osgi.internal.serviceregistry.ServiceRegistrationImpl.ungetService(ServiceRegistrationImpl.java:609)
	at org.eclipse.osgi.internal.serviceregistry.ServiceRegistry.ungetService(ServiceRegistry.java:543)
	at org.eclipse.osgi.internal.framework.BundleContextImpl.ungetService(BundleContextImpl.java:666)
	at com.liferay.portal.osgi.web.wab.extender.internal.WabBundleProcessor.destroy(WabBundleProcessor.java:123)
	at com.liferay.portal.osgi.web.wab.extender.internal.WebBundleDeployer.doStop(WebBundleDeployer.java:114)
	at com.liferay.portal.osgi.web.wab.extender.internal.WabFactory$WABExtension.destroy(WabFactory.java:110)
	at com.liferay.portal.osgi.web.wab.extender.internal.WabFactory.removedBundle(WabFactory.java:82)
	at com.liferay.portal.osgi.web.wab.extender.internal.WabFactory.removedBundle(WabFactory.java:50)
	at org.osgi.util.tracker.BundleTracker$Tracked.customizerRemoved(BundleTracker.java:501)
	at org.osgi.util.tracker.BundleTracker$Tracked.customizerRemoved(BundleTracker.java:1)
	at org.osgi.util.tracker.AbstractTracked.untrack(AbstractTracked.java:341)
	at org.osgi.util.tracker.BundleTracker$Tracked.bundleChanged(BundleTracker.java:456)
	at org.eclipse.osgi.internal.framework.BundleContextImpl.dispatchEvent(BundleContextImpl.java:908)
	at org.eclipse.osgi.framework.eventmgr.EventManager.dispatchEvent(EventManager.java:230)
	at org.eclipse.osgi.framework.eventmgr.ListenerQueue.dispatchEventSynchronous(ListenerQueue.java:148)
	at org.eclipse.osgi.internal.framework.EquinoxEventPublisher.publishBundleEventPrivileged(EquinoxEventPublisher.java:230)
	at org.eclipse.osgi.internal.framework.EquinoxEventPublisher.publishBundleEvent(EquinoxEventPublisher.java:137)
	at org.eclipse.osgi.internal.framework.EquinoxEventPublisher.publishBundleEvent(EquinoxEventPublisher.java:129)
	at org.eclipse.osgi.internal.framework.EquinoxContainerAdaptor.publishModuleEvent(EquinoxContainerAdaptor.java:191)
	at org.eclipse.osgi.container.Module.publishEvent(Module.java:476)
	at org.eclipse.osgi.container.Module.doStop(Module.java:634)
	at org.eclipse.osgi.container.Module.stop(Module.java:498)
	at org.eclipse.osgi.internal.framework.EquinoxBundle.stop(EquinoxBundle.java:455)
	at com.liferay.portal.file.install.internal.DirectoryWatcher._stopTransient(DirectoryWatcher.java:1209)
	at com.liferay.portal.file.install.internal.DirectoryWatcher._update(DirectoryWatcher.java:1325)
	at com.liferay.portal.file.install.internal.DirectoryWatcher._update(DirectoryWatcher.java:1348)
	at com.liferay.portal.file.install.internal.DirectoryWatcher._process(DirectoryWatcher.java:1006)
	at com.liferay.portal.file.install.internal.DirectoryWatcher.run(DirectoryWatcher.java:221)

!ENTRY org.eclipse.equinox.http.servlet 4 0 2022-12-13 13:38:46.185
!MESSAGE FrameworkEvent ERROR
!STACK 0
java.lang.NullPointerException
	at com.liferay.portal.osgi.web.servlet.context.helper.internal.CustomServletContextHelper.contextDestroyed(CustomServletContextHelper.java:82)
	at org.eclipse.equinox.http.servlet.internal.registration.ListenerRegistration.destroy(ListenerRegistration.java:85)
	at org.eclipse.equinox.http.servlet.internal.customizer.ContextListenerTrackerCustomizer.removedService(ContextListenerTrackerCustomizer.java:109)
	at org.eclipse.equinox.http.servlet.internal.customizer.ContextListenerTrackerCustomizer.removedService(ContextListenerTrackerCustomizer.java:1)
	at org.osgi.util.tracker.ServiceTracker$Tracked.customizerRemoved(ServiceTracker.java:969)
	at org.osgi.util.tracker.ServiceTracker$Tracked.customizerRemoved(ServiceTracker.java:1)
	at org.osgi.util.tracker.AbstractTracked.untrack(AbstractTracked.java:341)
	at org.osgi.util.tracker.ServiceTracker.close(ServiceTracker.java:380)
	at org.eclipse.equinox.http.servlet.internal.context.ContextController.destroy(ContextController.java:636)
	at org.eclipse.equinox.http.servlet.internal.HttpServiceRuntimeImpl.removedService(HttpServiceRuntimeImpl.java:321)
	at org.eclipse.equinox.http.servlet.internal.HttpServiceRuntimeImpl.removedService(HttpServiceRuntimeImpl.java:1)
	at org.osgi.util.tracker.ServiceTracker$Tracked.customizerRemoved(ServiceTracker.java:969)
	at org.osgi.util.tracker.ServiceTracker$Tracked.customizerRemoved(ServiceTracker.java:1)
	at org.osgi.util.tracker.AbstractTracked.untrack(AbstractTracked.java:341)
	at org.osgi.util.tracker.ServiceTracker$Tracked.serviceChanged(ServiceTracker.java:911)
	at org.eclipse.osgi.internal.serviceregistry.FilteredServiceListener.serviceChanged(FilteredServiceListener.java:109)
	at org.eclipse.osgi.internal.serviceregistry.ServiceRegistry.publishServiceEventPrivileged(ServiceRegistry.java:891)
	at org.eclipse.osgi.internal.serviceregistry.ServiceRegistry.publishServiceEvent(ServiceRegistry.java:804)
	at org.eclipse.osgi.internal.serviceregistry.ServiceRegistrationImpl.unregister(ServiceRegistrationImpl.java:222)
	at com.liferay.portal.osgi.web.servlet.context.helper.internal.ServletContextHelperRegistrationImpl.close(ServletContextHelperRegistrationImpl.java:163)
	at com.liferay.portal.osgi.web.servlet.context.helper.internal.ServletContextHelperRegistrationServiceFactory.ungetService(ServletContextHelperRegistrationServiceFactory.java:61)
	at com.liferay.portal.osgi.web.servlet.context.helper.internal.ServletContextHelperRegistrationServiceFactory.ungetService(ServletContextHelperRegistrationServiceFactory.java:32)
	at org.eclipse.osgi.internal.serviceregistry.ServiceFactoryUse$2.run(ServiceFactoryUse.java:260)
	at org.eclipse.osgi.internal.serviceregistry.ServiceFactoryUse$2.run(ServiceFactoryUse.java:1)
	at java.base/java.security.AccessController.doPrivileged(Native Method)
	at org.eclipse.osgi.internal.serviceregistry.ServiceFactoryUse.factoryUngetService(ServiceFactoryUse.java:258)
	at org.eclipse.osgi.internal.serviceregistry.ServiceFactoryUse.ungetService(ServiceFactoryUse.java:160)
	at org.eclipse.osgi.internal.serviceregistry.ServiceConsumer$2.ungetService(ServiceConsumer.java:50)
	at org.eclipse.osgi.internal.serviceregistry.ServiceRegistrationImpl.ungetService(ServiceRegistrationImpl.java:609)
	at org.eclipse.osgi.internal.serviceregistry.ServiceRegistry.ungetService(ServiceRegistry.java:543)
	at org.eclipse.osgi.internal.framework.BundleContextImpl.ungetService(BundleContextImpl.java:666)
	at com.liferay.portal.osgi.web.wab.extender.internal.WabBundleProcessor.destroy(WabBundleProcessor.java:123)
	at com.liferay.portal.osgi.web.wab.extender.internal.WebBundleDeployer.doStop(WebBundleDeployer.java:114)
	at com.liferay.portal.osgi.web.wab.extender.internal.WabFactory$WABExtension.destroy(WabFactory.java:110)
	at com.liferay.portal.osgi.web.wab.extender.internal.WabFactory.removedBundle(WabFactory.java:82)
	at com.liferay.portal.osgi.web.wab.extender.internal.WabFactory.removedBundle(WabFactory.java:50)
	at org.osgi.util.tracker.BundleTracker$Tracked.customizerRemoved(BundleTracker.java:501)
	at org.osgi.util.tracker.BundleTracker$Tracked.customizerRemoved(BundleTracker.java:1)
	at org.osgi.util.tracker.AbstractTracked.untrack(AbstractTracked.java:341)
	at org.osgi.util.tracker.BundleTracker.close(BundleTracker.java:195)
	at com.liferay.portal.osgi.web.wab.extender.internal.WabFactory.deactivate(WabFactory.java:163)
	at java.base/jdk.internal.reflect.NativeMethodAccessorImpl.invoke0(Native Method)
	at java.base/jdk.internal.reflect.NativeMethodAccessorImpl.invoke(NativeMethodAccessorImpl.java:62)
	at java.base/jdk.internal.reflect.DelegatingMethodAccessorImpl.invoke(DelegatingMethodAccessorImpl.java:43)
	at java.base/java.lang.reflect.Method.invoke(Method.java:566)
	at org.apache.felix.scr.impl.inject.methods.BaseMethod.invokeMethod(BaseMethod.java:228)
	at org.apache.felix.scr.impl.inject.methods.BaseMethod.access$500(BaseMethod.java:41)
	at org.apache.felix.scr.impl.inject.methods.BaseMethod$Resolved.invoke(BaseMethod.java:664)
	at org.apache.felix.scr.impl.inject.methods.BaseMethod.invoke(BaseMethod.java:510)
	at org.apache.felix.scr.impl.inject.methods.ActivateMethod.invoke(ActivateMethod.java:310)
	at org.apache.felix.scr.impl.inject.methods.ActivateMethod.invoke(ActivateMethod.java:300)
	at org.apache.felix.scr.impl.manager.SingleComponentManager.disposeImplementationObject(SingleComponentManager.java:408)
	at org.apache.felix.scr.impl.manager.SingleComponentManager.deleteComponent(SingleComponentManager.java:163)
	at org.apache.felix.scr.impl.manager.AbstractComponentManager.doDeactivate(AbstractComponentManager.java:831)
	at org.apache.felix.scr.impl.manager.AbstractComponentManager.deactivateInternal(AbstractComponentManager.java:805)
	at org.apache.felix.scr.impl.manager.DependencyManager.deactivateComponentManager(DependencyManager.java:2332)
	at org.apache.felix.scr.impl.manager.DependencyManager.access$400(DependencyManager.java:56)
	at org.apache.felix.scr.impl.manager.DependencyManager$SingleStaticCustomizer.removedService(DependencyManager.java:1125)
	at org.apache.felix.scr.impl.manager.DependencyManager$SingleStaticCustomizer.removedService(DependencyManager.java:1007)
	at org.apache.felix.scr.impl.manager.ServiceTracker$Tracked.customizerRemoved(ServiceTracker.java:1242)
	at org.apache.felix.scr.impl.manager.ServiceTracker$Tracked.customizerRemoved(ServiceTracker.java:1137)
	at org.apache.felix.scr.impl.manager.ServiceTracker$AbstractTracked.untrack(ServiceTracker.java:997)
	at org.apache.felix.scr.impl.manager.ServiceTracker$Tracked.serviceChanged(ServiceTracker.java:1176)
	at org.apache.felix.scr.impl.BundleComponentActivator$ListenerInfo.serviceChanged(BundleComponentActivator.java:125)
	at org.eclipse.osgi.internal.serviceregistry.FilteredServiceListener.serviceChanged(FilteredServiceListener.java:109)
	at org.eclipse.osgi.internal.serviceregistry.ServiceRegistry.publishServiceEventPrivileged(ServiceRegistry.java:891)
	at org.eclipse.osgi.internal.serviceregistry.ServiceRegistry.publishServiceEvent(ServiceRegistry.java:804)
	at org.eclipse.osgi.internal.serviceregistry.ServiceRegistrationImpl.unregister(ServiceRegistrationImpl.java:222)
	at org.apache.felix.scr.impl.manager.AbstractComponentManager$3.unregister(AbstractComponentManager.java:927)
	at org.apache.felix.scr.impl.manager.AbstractComponentManager$3.unregister(AbstractComponentManager.java:892)
	at org.apache.felix.scr.impl.manager.RegistrationManager.changeRegistration(RegistrationManager.java:135)
	at org.apache.felix.scr.impl.manager.AbstractComponentManager.unregisterService(AbstractComponentManager.java:969)
	at org.apache.felix.scr.impl.manager.AbstractComponentManager.doDeactivate(AbstractComponentManager.java:823)
	at org.apache.felix.scr.impl.manager.AbstractComponentManager.deactivateInternal(AbstractComponentManager.java:805)
	at org.apache.felix.scr.impl.manager.DependencyManager.deactivateComponentManager(DependencyManager.java:2332)
	at org.apache.felix.scr.impl.manager.DependencyManager.access$400(DependencyManager.java:56)
	at org.apache.felix.scr.impl.manager.DependencyManager$SingleStaticCustomizer.removedService(DependencyManager.java:1125)
	at org.apache.felix.scr.impl.manager.DependencyManager$SingleStaticCustomizer.removedService(DependencyManager.java:1007)
	at org.apache.felix.scr.impl.manager.ServiceTracker$Tracked.customizerRemoved(ServiceTracker.java:1242)
	at org.apache.felix.scr.impl.manager.ServiceTracker$Tracked.customizerRemoved(ServiceTracker.java:1137)
	at org.apache.felix.scr.impl.manager.ServiceTracker$AbstractTracked.untrack(ServiceTracker.java:997)
	at org.apache.felix.scr.impl.manager.ServiceTracker$Tracked.serviceChanged(ServiceTracker.java:1176)
	at org.apache.felix.scr.impl.BundleComponentActivator$ListenerInfo.serviceChanged(BundleComponentActivator.java:125)
	at org.eclipse.osgi.internal.serviceregistry.FilteredServiceListener.serviceChanged(FilteredServiceListener.java:109)
	at org.eclipse.osgi.internal.serviceregistry.ServiceRegistry.publishServiceEventPrivileged(ServiceRegistry.java:891)
	at org.eclipse.osgi.internal.serviceregistry.ServiceRegistry.publishServiceEvent(ServiceRegistry.java:804)
	at org.eclipse.osgi.internal.serviceregistry.ServiceRegistrationImpl.unregister(ServiceRegistrationImpl.java:222)
	at org.eclipse.equinox.http.servlet.internal.util.HttpTuple.destroy(HttpTuple.java:39)
	at org.eclipse.equinox.http.servlet.internal.Activator.removedService(Activator.java:184)
	at org.eclipse.equinox.http.servlet.internal.Activator.removedService(Activator.java:1)
	at org.osgi.util.tracker.ServiceTracker$Tracked.customizerRemoved(ServiceTracker.java:969)
	at org.osgi.util.tracker.ServiceTracker$Tracked.customizerRemoved(ServiceTracker.java:1)
	at org.osgi.util.tracker.AbstractTracked.untrack(AbstractTracked.java:341)
	at org.osgi.util.tracker.ServiceTracker$Tracked.serviceChanged(ServiceTracker.java:911)
	at org.eclipse.osgi.internal.serviceregistry.FilteredServiceListener.serviceChanged(FilteredServiceListener.java:109)
	at org.eclipse.osgi.internal.serviceregistry.ServiceRegistry.publishServiceEventPrivileged(ServiceRegistry.java:891)
	at org.eclipse.osgi.internal.serviceregistry.ServiceRegistry.publishServiceEvent(ServiceRegistry.java:804)
	at org.eclipse.osgi.internal.serviceregistry.ServiceRegistrationImpl.unregister(ServiceRegistrationImpl.java:222)
	at com.liferay.portal.osgi.web.wab.extender.internal.adapter.HttpAdapter.deactivate(HttpAdapter.java:140)
	at java.base/jdk.internal.reflect.NativeMethodAccessorImpl.invoke0(Native Method)
	at java.base/jdk.internal.reflect.NativeMethodAccessorImpl.invoke(NativeMethodAccessorImpl.java:62)
	at java.base/jdk.internal.reflect.DelegatingMethodAccessorImpl.invoke(DelegatingMethodAccessorImpl.java:43)
	at java.base/java.lang.reflect.Method.invoke(Method.java:566)
	at org.apache.felix.scr.impl.inject.methods.BaseMethod.invokeMethod(BaseMethod.java:228)
	at org.apache.felix.scr.impl.inject.methods.BaseMethod.access$500(BaseMethod.java:41)
	at org.apache.felix.scr.impl.inject.methods.BaseMethod$Resolved.invoke(BaseMethod.java:664)
	at org.apache.felix.scr.impl.inject.methods.BaseMethod.invoke(BaseMethod.java:510)
	at org.apache.felix.scr.impl.inject.methods.ActivateMethod.invoke(ActivateMethod.java:310)
	at org.apache.felix.scr.impl.inject.methods.ActivateMethod.invoke(ActivateMethod.java:300)
	at org.apache.felix.scr.impl.manager.SingleComponentManager.disposeImplementationObject(SingleComponentManager.java:408)
	at org.apache.felix.scr.impl.manager.SingleComponentManager.deleteComponent(SingleComponentManager.java:163)
	at org.apache.felix.scr.impl.manager.AbstractComponentManager.doDeactivate(AbstractComponentManager.java:831)
	at org.apache.felix.scr.impl.manager.AbstractComponentManager.deactivateInternal(AbstractComponentManager.java:805)
	at org.apache.felix.scr.impl.manager.DependencyManager.deactivateComponentManager(DependencyManager.java:2332)
	at org.apache.felix.scr.impl.manager.DependencyManager.access$400(DependencyManager.java:56)
	at org.apache.felix.scr.impl.manager.DependencyManager$SingleStaticCustomizer.removedService(DependencyManager.java:1125)
	at org.apache.felix.scr.impl.manager.DependencyManager$SingleStaticCustomizer.removedService(DependencyManager.java:1007)
	at org.apache.felix.scr.impl.manager.ServiceTracker$Tracked.customizerRemoved(ServiceTracker.java:1242)
	at org.apache.felix.scr.impl.manager.ServiceTracker$Tracked.customizerRemoved(ServiceTracker.java:1137)
	at org.apache.felix.scr.impl.manager.ServiceTracker$AbstractTracked.untrack(ServiceTracker.java:997)
	at org.apache.felix.scr.impl.manager.ServiceTracker$Tracked.serviceChanged(ServiceTracker.java:1176)
	at org.apache.felix.scr.impl.BundleComponentActivator$ListenerInfo.serviceChanged(BundleComponentActivator.java:125)
	at org.eclipse.osgi.internal.serviceregistry.FilteredServiceListener.serviceChanged(FilteredServiceListener.java:109)
	at org.eclipse.osgi.internal.serviceregistry.ServiceRegistry.publishServiceEventPrivileged(ServiceRegistry.java:891)
	at org.eclipse.osgi.internal.serviceregistry.ServiceRegistry.publishServiceEvent(ServiceRegistry.java:804)
	at org.eclipse.osgi.internal.serviceregistry.ServiceRegistrationImpl.unregister(ServiceRegistrationImpl.java:222)
	at com.liferay.portal.bootstrap.ModuleFrameworkImpl._unregisterApplicationContext(ModuleFrameworkImpl.java:1726)
	at com.liferay.portal.bootstrap.ModuleFrameworkImpl.unregisterContext(ModuleFrameworkImpl.java:363)
	at com.liferay.portal.module.framework.ModuleFrameworkUtil.unregisterContext(ModuleFrameworkUtil.java:53)
	at com.liferay.portal.spring.context.PortalContextLoaderListener.contextDestroyed(PortalContextLoaderListener.java:121)
	at java.base/jdk.internal.reflect.NativeMethodAccessorImpl.invoke0(Native Method)
	at java.base/jdk.internal.reflect.NativeMethodAccessorImpl.invoke(NativeMethodAccessorImpl.java:62)
	at java.base/jdk.internal.reflect.DelegatingMethodAccessorImpl.invoke(DelegatingMethodAccessorImpl.java:43)
	at java.base/java.lang.reflect.Method.invoke(Method.java:566)
	at com.liferay.shielded.container.internal.proxy.ContextClassLoaderInvocationHandler.invoke(ContextClassLoaderInvocationHandler.java:43)
	at com.liferay.shielded.container.internal.proxy.EventListenerInvocationHandler.invoke(EventListenerInvocationHandler.java:64)
	at com.sun.proxy.$Proxy6.contextDestroyed(Unknown Source)
	at org.apache.catalina.core.StandardContext.listenerStop(StandardContext.java:4814)
	at org.apache.catalina.core.StandardContext.stopInternal(StandardContext.java:5477)
	at org.apache.catalina.util.LifecycleBase.stop(LifecycleBase.java:257)
	at org.apache.catalina.core.ContainerBase$StopChild.call(ContainerBase.java:1412)
	at org.apache.catalina.core.ContainerBase$StopChild.call(ContainerBase.java:1401)
	at java.base/java.util.concurrent.FutureTask.run(FutureTask.java:264)
	at org.apache.tomcat.util.threads.InlineExecutorService.execute(InlineExecutorService.java:75)
	at java.base/java.util.concurrent.AbstractExecutorService.submit(AbstractExecutorService.java:140)
	at org.apache.catalina.core.ContainerBase.stopInternal(ContainerBase.java:986)
	at org.apache.catalina.util.LifecycleBase.stop(LifecycleBase.java:257)
	at org.apache.catalina.core.ContainerBase$StopChild.call(ContainerBase.java:1412)
	at org.apache.catalina.core.ContainerBase$StopChild.call(ContainerBase.java:1401)
	at java.base/java.util.concurrent.FutureTask.run(FutureTask.java:264)
	at org.apache.tomcat.util.threads.InlineExecutorService.execute(InlineExecutorService.java:75)
	at java.base/java.util.concurrent.AbstractExecutorService.submit(AbstractExecutorService.java:140)
	at org.apache.catalina.core.ContainerBase.stopInternal(ContainerBase.java:986)
	at org.apache.catalina.util.LifecycleBase.stop(LifecycleBase.java:257)
	at org.apache.catalina.core.StandardService.stopInternal(StandardService.java:497)
	at org.apache.catalina.util.LifecycleBase.stop(LifecycleBase.java:257)
	at org.apache.catalina.core.StandardServer.stopInternal(StandardServer.java:979)
	at org.apache.catalina.util.LifecycleBase.stop(LifecycleBase.java:257)
	at org.apache.catalina.startup.Catalina.stop(Catalina.java:849)
	at org.apache.catalina.startup.Catalina$CatalinaShutdownHook.run(Catalina.java:996)

!ENTRY org.eclipse.equinox.http.servlet 4 0 2022-12-13 13:38:49.710
!MESSAGE FrameworkEvent ERROR
!STACK 0
java.lang.NullPointerException
	at com.liferay.portal.osgi.web.servlet.context.helper.internal.CustomServletContextHelper.contextDestroyed(CustomServletContextHelper.java:82)
	at org.eclipse.equinox.http.servlet.internal.registration.ListenerRegistration.destroy(ListenerRegistration.java:85)
	at org.eclipse.equinox.http.servlet.internal.customizer.ContextListenerTrackerCustomizer.removedService(ContextListenerTrackerCustomizer.java:109)
	at org.eclipse.equinox.http.servlet.internal.customizer.ContextListenerTrackerCustomizer.removedService(ContextListenerTrackerCustomizer.java:1)
	at org.osgi.util.tracker.ServiceTracker$Tracked.customizerRemoved(ServiceTracker.java:969)
	at org.osgi.util.tracker.ServiceTracker$Tracked.customizerRemoved(ServiceTracker.java:1)
	at org.osgi.util.tracker.AbstractTracked.untrack(AbstractTracked.java:341)
	at org.osgi.util.tracker.ServiceTracker.close(ServiceTracker.java:380)
	at org.eclipse.equinox.http.servlet.internal.context.ContextController.destroy(ContextController.java:636)
	at org.eclipse.equinox.http.servlet.internal.HttpServiceRuntimeImpl.removedService(HttpServiceRuntimeImpl.java:321)
	at org.eclipse.equinox.http.servlet.internal.HttpServiceRuntimeImpl.removedService(HttpServiceRuntimeImpl.java:1)
	at org.osgi.util.tracker.ServiceTracker$Tracked.customizerRemoved(ServiceTracker.java:969)
	at org.osgi.util.tracker.ServiceTracker$Tracked.customizerRemoved(ServiceTracker.java:1)
	at org.osgi.util.tracker.AbstractTracked.untrack(AbstractTracked.java:341)
	at org.osgi.util.tracker.ServiceTracker$Tracked.serviceChanged(ServiceTracker.java:911)
	at org.eclipse.osgi.internal.serviceregistry.FilteredServiceListener.serviceChanged(FilteredServiceListener.java:109)
	at org.eclipse.osgi.internal.serviceregistry.ServiceRegistry.publishServiceEventPrivileged(ServiceRegistry.java:891)
	at org.eclipse.osgi.internal.serviceregistry.ServiceRegistry.publishServiceEvent(ServiceRegistry.java:804)
	at org.eclipse.osgi.internal.serviceregistry.ServiceRegistrationImpl.unregister(ServiceRegistrationImpl.java:222)
	at com.liferay.portal.osgi.web.servlet.context.helper.internal.ServletContextHelperRegistrationImpl.close(ServletContextHelperRegistrationImpl.java:163)
	at com.liferay.portal.osgi.web.servlet.context.helper.internal.ServletContextHelperRegistrationServiceFactory.ungetService(ServletContextHelperRegistrationServiceFactory.java:61)
	at com.liferay.portal.osgi.web.servlet.context.helper.internal.ServletContextHelperRegistrationServiceFactory.ungetService(ServletContextHelperRegistrationServiceFactory.java:32)
	at org.eclipse.osgi.internal.serviceregistry.ServiceFactoryUse$2.run(ServiceFactoryUse.java:260)
	at org.eclipse.osgi.internal.serviceregistry.ServiceFactoryUse$2.run(ServiceFactoryUse.java:1)
	at java.base/java.security.AccessController.doPrivileged(Native Method)
	at org.eclipse.osgi.internal.serviceregistry.ServiceFactoryUse.factoryUngetService(ServiceFactoryUse.java:258)
	at org.eclipse.osgi.internal.serviceregistry.ServiceFactoryUse.ungetService(ServiceFactoryUse.java:160)
	at org.eclipse.osgi.internal.serviceregistry.ServiceConsumer$2.ungetService(ServiceConsumer.java:50)
	at org.eclipse.osgi.internal.serviceregistry.ServiceRegistrationImpl.ungetService(ServiceRegistrationImpl.java:609)
	at org.eclipse.osgi.internal.serviceregistry.ServiceRegistry.ungetService(ServiceRegistry.java:543)
	at org.eclipse.osgi.internal.framework.BundleContextImpl.ungetService(BundleContextImpl.java:666)
	at com.liferay.portal.osgi.web.wab.extender.internal.WabBundleProcessor.destroy(WabBundleProcessor.java:123)
	at com.liferay.portal.osgi.web.wab.extender.internal.WebBundleDeployer.doStop(WebBundleDeployer.java:114)
	at com.liferay.portal.osgi.web.wab.extender.internal.WabFactory$WABExtension.destroy(WabFactory.java:110)
	at com.liferay.portal.osgi.web.wab.extender.internal.WabFactory.removedBundle(WabFactory.java:82)
	at com.liferay.portal.osgi.web.wab.extender.internal.WabFactory.removedBundle(WabFactory.java:50)
	at org.osgi.util.tracker.BundleTracker$Tracked.customizerRemoved(BundleTracker.java:501)
	at org.osgi.util.tracker.BundleTracker$Tracked.customizerRemoved(BundleTracker.java:1)
	at org.osgi.util.tracker.AbstractTracked.untrack(AbstractTracked.java:341)
	at org.osgi.util.tracker.BundleTracker.close(BundleTracker.java:195)
	at com.liferay.portal.osgi.web.wab.extender.internal.WabFactory.deactivate(WabFactory.java:163)
	at java.base/jdk.internal.reflect.NativeMethodAccessorImpl.invoke0(Native Method)
	at java.base/jdk.internal.reflect.NativeMethodAccessorImpl.invoke(NativeMethodAccessorImpl.java:62)
	at java.base/jdk.internal.reflect.DelegatingMethodAccessorImpl.invoke(DelegatingMethodAccessorImpl.java:43)
	at java.base/java.lang.reflect.Method.invoke(Method.java:566)
	at org.apache.felix.scr.impl.inject.methods.BaseMethod.invokeMethod(BaseMethod.java:228)
	at org.apache.felix.scr.impl.inject.methods.BaseMethod.access$500(BaseMethod.java:41)
	at org.apache.felix.scr.impl.inject.methods.BaseMethod$Resolved.invoke(BaseMethod.java:664)
	at org.apache.felix.scr.impl.inject.methods.BaseMethod.invoke(BaseMethod.java:510)
	at org.apache.felix.scr.impl.inject.methods.ActivateMethod.invoke(ActivateMethod.java:310)
	at org.apache.felix.scr.impl.inject.methods.ActivateMethod.invoke(ActivateMethod.java:300)
	at org.apache.felix.scr.impl.manager.SingleComponentManager.disposeImplementationObject(SingleComponentManager.java:408)
	at org.apache.felix.scr.impl.manager.SingleComponentManager.deleteComponent(SingleComponentManager.java:163)
	at org.apache.felix.scr.impl.manager.AbstractComponentManager.doDeactivate(AbstractComponentManager.java:831)
	at org.apache.felix.scr.impl.manager.AbstractComponentManager.deactivateInternal(AbstractComponentManager.java:805)
	at org.apache.felix.scr.impl.manager.DependencyManager.deactivateComponentManager(DependencyManager.java:2332)
	at org.apache.felix.scr.impl.manager.DependencyManager.access$400(DependencyManager.java:56)
	at org.apache.felix.scr.impl.manager.DependencyManager$SingleStaticCustomizer.removedService(DependencyManager.java:1125)
	at org.apache.felix.scr.impl.manager.DependencyManager$SingleStaticCustomizer.removedService(DependencyManager.java:1007)
	at org.apache.felix.scr.impl.manager.ServiceTracker$Tracked.customizerRemoved(ServiceTracker.java:1242)
	at org.apache.felix.scr.impl.manager.ServiceTracker$Tracked.customizerRemoved(ServiceTracker.java:1137)
	at org.apache.felix.scr.impl.manager.ServiceTracker$AbstractTracked.untrack(ServiceTracker.java:997)
	at org.apache.felix.scr.impl.manager.ServiceTracker$Tracked.serviceChanged(ServiceTracker.java:1176)
	at org.apache.felix.scr.impl.BundleComponentActivator$ListenerInfo.serviceChanged(BundleComponentActivator.java:125)
	at org.eclipse.osgi.internal.serviceregistry.FilteredServiceListener.serviceChanged(FilteredServiceListener.java:109)
	at org.eclipse.osgi.internal.serviceregistry.ServiceRegistry.publishServiceEventPrivileged(ServiceRegistry.java:891)
	at org.eclipse.osgi.internal.serviceregistry.ServiceRegistry.publishServiceEvent(ServiceRegistry.java:804)
	at org.eclipse.osgi.internal.serviceregistry.ServiceRegistrationImpl.unregister(ServiceRegistrationImpl.java:222)
	at org.apache.felix.scr.impl.manager.AbstractComponentManager$3.unregister(AbstractComponentManager.java:927)
	at org.apache.felix.scr.impl.manager.AbstractComponentManager$3.unregister(AbstractComponentManager.java:892)
	at org.apache.felix.scr.impl.manager.RegistrationManager.changeRegistration(RegistrationManager.java:135)
	at org.apache.felix.scr.impl.manager.AbstractComponentManager.unregisterService(AbstractComponentManager.java:969)
	at org.apache.felix.scr.impl.manager.AbstractComponentManager.doDeactivate(AbstractComponentManager.java:823)
	at org.apache.felix.scr.impl.manager.AbstractComponentManager.deactivateInternal(AbstractComponentManager.java:805)
	at org.apache.felix.scr.impl.manager.DependencyManager.deactivateComponentManager(DependencyManager.java:2332)
	at org.apache.felix.scr.impl.manager.DependencyManager.access$400(DependencyManager.java:56)
	at org.apache.felix.scr.impl.manager.DependencyManager$SingleStaticCustomizer.removedService(DependencyManager.java:1125)
	at org.apache.felix.scr.impl.manager.DependencyManager$SingleStaticCustomizer.removedService(DependencyManager.java:1007)
	at org.apache.felix.scr.impl.manager.ServiceTracker$Tracked.customizerRemoved(ServiceTracker.java:1242)
	at org.apache.felix.scr.impl.manager.ServiceTracker$Tracked.customizerRemoved(ServiceTracker.java:1137)
	at org.apache.felix.scr.impl.manager.ServiceTracker$AbstractTracked.untrack(ServiceTracker.java:997)
	at org.apache.felix.scr.impl.manager.ServiceTracker$Tracked.serviceChanged(ServiceTracker.java:1176)
	at org.apache.felix.scr.impl.BundleComponentActivator$ListenerInfo.serviceChanged(BundleComponentActivator.java:125)
	at org.eclipse.osgi.internal.serviceregistry.FilteredServiceListener.serviceChanged(FilteredServiceListener.java:109)
	at org.eclipse.osgi.internal.serviceregistry.ServiceRegistry.publishServiceEventPrivileged(ServiceRegistry.java:891)
	at org.eclipse.osgi.internal.serviceregistry.ServiceRegistry.publishServiceEvent(ServiceRegistry.java:804)
	at org.eclipse.osgi.internal.serviceregistry.ServiceRegistrationImpl.unregister(ServiceRegistrationImpl.java:222)
	at org.eclipse.equinox.http.servlet.internal.util.HttpTuple.destroy(HttpTuple.java:39)
	at org.eclipse.equinox.http.servlet.internal.Activator.removedService(Activator.java:184)
	at org.eclipse.equinox.http.servlet.internal.Activator.removedService(Activator.java:1)
	at org.osgi.util.tracker.ServiceTracker$Tracked.customizerRemoved(ServiceTracker.java:969)
	at org.osgi.util.tracker.ServiceTracker$Tracked.customizerRemoved(ServiceTracker.java:1)
	at org.osgi.util.tracker.AbstractTracked.untrack(AbstractTracked.java:341)
	at org.osgi.util.tracker.ServiceTracker$Tracked.serviceChanged(ServiceTracker.java:911)
	at org.eclipse.osgi.internal.serviceregistry.FilteredServiceListener.serviceChanged(FilteredServiceListener.java:109)
	at org.eclipse.osgi.internal.serviceregistry.ServiceRegistry.publishServiceEventPrivileged(ServiceRegistry.java:891)
	at org.eclipse.osgi.internal.serviceregistry.ServiceRegistry.publishServiceEvent(ServiceRegistry.java:804)
	at org.eclipse.osgi.internal.serviceregistry.ServiceRegistrationImpl.unregister(ServiceRegistrationImpl.java:222)
	at com.liferay.portal.osgi.web.wab.extender.internal.adapter.HttpAdapter.deactivate(HttpAdapter.java:140)
	at java.base/jdk.internal.reflect.NativeMethodAccessorImpl.invoke0(Native Method)
	at java.base/jdk.internal.reflect.NativeMethodAccessorImpl.invoke(NativeMethodAccessorImpl.java:62)
	at java.base/jdk.internal.reflect.DelegatingMethodAccessorImpl.invoke(DelegatingMethodAccessorImpl.java:43)
	at java.base/java.lang.reflect.Method.invoke(Method.java:566)
	at org.apache.felix.scr.impl.inject.methods.BaseMethod.invokeMethod(BaseMethod.java:228)
	at org.apache.felix.scr.impl.inject.methods.BaseMethod.access$500(BaseMethod.java:41)
	at org.apache.felix.scr.impl.inject.methods.BaseMethod$Resolved.invoke(BaseMethod.java:664)
	at org.apache.felix.scr.impl.inject.methods.BaseMethod.invoke(BaseMethod.java:510)
	at org.apache.felix.scr.impl.inject.methods.ActivateMethod.invoke(ActivateMethod.java:310)
	at org.apache.felix.scr.impl.inject.methods.ActivateMethod.invoke(ActivateMethod.java:300)
	at org.apache.felix.scr.impl.manager.SingleComponentManager.disposeImplementationObject(SingleComponentManager.java:408)
	at org.apache.felix.scr.impl.manager.SingleComponentManager.deleteComponent(SingleComponentManager.java:163)
	at org.apache.felix.scr.impl.manager.AbstractComponentManager.doDeactivate(AbstractComponentManager.java:831)
	at org.apache.felix.scr.impl.manager.AbstractComponentManager.deactivateInternal(AbstractComponentManager.java:805)
	at org.apache.felix.scr.impl.manager.DependencyManager.deactivateComponentManager(DependencyManager.java:2332)
	at org.apache.felix.scr.impl.manager.DependencyManager.access$400(DependencyManager.java:56)
	at org.apache.felix.scr.impl.manager.DependencyManager$SingleStaticCustomizer.removedService(DependencyManager.java:1125)
	at org.apache.felix.scr.impl.manager.DependencyManager$SingleStaticCustomizer.removedService(DependencyManager.java:1007)
	at org.apache.felix.scr.impl.manager.ServiceTracker$Tracked.customizerRemoved(ServiceTracker.java:1242)
	at org.apache.felix.scr.impl.manager.ServiceTracker$Tracked.customizerRemoved(ServiceTracker.java:1137)
	at org.apache.felix.scr.impl.manager.ServiceTracker$AbstractTracked.untrack(ServiceTracker.java:997)
	at org.apache.felix.scr.impl.manager.ServiceTracker$Tracked.serviceChanged(ServiceTracker.java:1176)
	at org.apache.felix.scr.impl.BundleComponentActivator$ListenerInfo.serviceChanged(BundleComponentActivator.java:125)
	at org.eclipse.osgi.internal.serviceregistry.FilteredServiceListener.serviceChanged(FilteredServiceListener.java:109)
	at org.eclipse.osgi.internal.serviceregistry.ServiceRegistry.publishServiceEventPrivileged(ServiceRegistry.java:891)
	at org.eclipse.osgi.internal.serviceregistry.ServiceRegistry.publishServiceEvent(ServiceRegistry.java:804)
	at org.eclipse.osgi.internal.serviceregistry.ServiceRegistrationImpl.unregister(ServiceRegistrationImpl.java:222)
	at com.liferay.portal.bootstrap.ModuleFrameworkImpl._unregisterApplicationContext(ModuleFrameworkImpl.java:1726)
	at com.liferay.portal.bootstrap.ModuleFrameworkImpl.unregisterContext(ModuleFrameworkImpl.java:363)
	at com.liferay.portal.module.framework.ModuleFrameworkUtil.unregisterContext(ModuleFrameworkUtil.java:53)
	at com.liferay.portal.spring.context.PortalContextLoaderListener.contextDestroyed(PortalContextLoaderListener.java:121)
	at java.base/jdk.internal.reflect.NativeMethodAccessorImpl.invoke0(Native Method)
	at java.base/jdk.internal.reflect.NativeMethodAccessorImpl.invoke(NativeMethodAccessorImpl.java:62)
	at java.base/jdk.internal.reflect.DelegatingMethodAccessorImpl.invoke(DelegatingMethodAccessorImpl.java:43)
	at java.base/java.lang.reflect.Method.invoke(Method.java:566)
	at com.liferay.shielded.container.internal.proxy.ContextClassLoaderInvocationHandler.invoke(ContextClassLoaderInvocationHandler.java:43)
	at com.liferay.shielded.container.internal.proxy.EventListenerInvocationHandler.invoke(EventListenerInvocationHandler.java:64)
	at com.sun.proxy.$Proxy6.contextDestroyed(Unknown Source)
	at org.apache.catalina.core.StandardContext.listenerStop(StandardContext.java:4814)
	at org.apache.catalina.core.StandardContext.stopInternal(StandardContext.java:5477)
	at org.apache.catalina.util.LifecycleBase.stop(LifecycleBase.java:257)
	at org.apache.catalina.core.ContainerBase$StopChild.call(ContainerBase.java:1412)
	at org.apache.catalina.core.ContainerBase$StopChild.call(ContainerBase.java:1401)
	at java.base/java.util.concurrent.FutureTask.run(FutureTask.java:264)
	at org.apache.tomcat.util.threads.InlineExecutorService.execute(InlineExecutorService.java:75)
	at java.base/java.util.concurrent.AbstractExecutorService.submit(AbstractExecutorService.java:140)
	at org.apache.catalina.core.ContainerBase.stopInternal(ContainerBase.java:986)
	at org.apache.catalina.util.LifecycleBase.stop(LifecycleBase.java:257)
	at org.apache.catalina.core.ContainerBase$StopChild.call(ContainerBase.java:1412)
	at org.apache.catalina.core.ContainerBase$StopChild.call(ContainerBase.java:1401)
	at java.base/java.util.concurrent.FutureTask.run(FutureTask.java:264)
	at org.apache.tomcat.util.threads.InlineExecutorService.execute(InlineExecutorService.java:75)
	at java.base/java.util.concurrent.AbstractExecutorService.submit(AbstractExecutorService.java:140)
	at org.apache.catalina.core.ContainerBase.stopInternal(ContainerBase.java:986)
	at org.apache.catalina.util.LifecycleBase.stop(LifecycleBase.java:257)
	at org.apache.catalina.core.StandardService.stopInternal(StandardService.java:497)
	at org.apache.catalina.util.LifecycleBase.stop(LifecycleBase.java:257)
	at org.apache.catalina.core.StandardServer.stopInternal(StandardServer.java:979)
	at org.apache.catalina.util.LifecycleBase.stop(LifecycleBase.java:257)
	at org.apache.catalina.startup.Catalina.stop(Catalina.java:849)
	at org.apache.catalina.startup.Catalina$CatalinaShutdownHook.run(Catalina.java:996)
