!SESSION 2023-03-24 06:16:43.439 -----------------------------------------------
eclipse.buildId=unknown
java.version=11.0.15
java.vendor=Oracle Corporation
BootLoader constants: OS=linux, ARCH=x86_64, WS=gtk, NL=en_IN

!ENTRY org.eclipse.equinox.http.servlet 4 0 2023-03-24 06:16:43.439
!MESSAGE FrameworkEvent ERROR
!STACK 0
java.lang.IllegalStateException: getAttributeNames: Session already invalidated
	at org.apache.catalina.session.StandardSession.getAttributeNames(StandardSession.java:1171)
	at org.apache.catalina.session.StandardSessionFacade.getAttributeNames(StandardSessionFacade.java:119)
	at org.eclipse.equinox.http.servlet.internal.servlet.HttpSessionAdaptor.getAttributeNames0(HttpSessionAdaptor.java:74)
	at org.eclipse.equinox.http.servlet.internal.servlet.HttpSessionAdaptor.getAttributeNames(HttpSessionAdaptor.java:69)
	at org.eclipse.equinox.http.servlet.internal.servlet.HttpSessionAdaptor.invokeSessionListeners(HttpSessionAdaptor.java:139)
	at org.eclipse.equinox.http.servlet.internal.registration.ListenerRegistration.destroy(ListenerRegistration.java:77)
	at org.eclipse.equinox.http.servlet.internal.customizer.ContextListenerTrackerCustomizer.removedService(ContextListenerTrackerCustomizer.java:109)
	at org.eclipse.equinox.http.servlet.internal.customizer.ContextListenerTrackerCustomizer.removedService(ContextListenerTrackerCustomizer.java:1)
	at org.osgi.util.tracker.ServiceTracker$Tracked.customizerRemoved(ServiceTracker.java:969)
	at org.osgi.util.tracker.ServiceTracker$Tracked.customizerRemoved(ServiceTracker.java:1)
	at org.osgi.util.tracker.AbstractTracked.untrack(AbstractTracked.java:341)
	at org.osgi.util.tracker.ServiceTracker$Tracked.serviceChanged(ServiceTracker.java:911)
	at org.eclipse.osgi.internal.serviceregistry.FilteredServiceListener.serviceChanged(FilteredServiceListener.java:109)
	at org.eclipse.osgi.internal.serviceregistry.ServiceRegistry.publishServiceEventPrivileged(ServiceRegistry.java:891)
	at org.eclipse.osgi.internal.serviceregistry.ServiceRegistry.publishServiceEvent(ServiceRegistry.java:804)
	at org.eclipse.osgi.internal.serviceregistry.ServiceRegistrationImpl.unregister(ServiceRegistrationImpl.java:222)
	at com.liferay.portal.osgi.web.wab.extender.internal.WabBundleProcessor._destroyListeners(WabBundleProcessor.java:395)
	at com.liferay.portal.osgi.web.wab.extender.internal.WabBundleProcessor.destroy(WabBundleProcessor.java:121)
	at com.liferay.portal.osgi.web.wab.extender.internal.WebBundleDeployer.doStop(WebBundleDeployer.java:114)
	at com.liferay.portal.osgi.web.wab.extender.internal.WabFactory$WABExtension.destroy(WabFactory.java:110)
	at com.liferay.portal.osgi.web.wab.extender.internal.WabFactory.removedBundle(WabFactory.java:82)
	at com.liferay.portal.osgi.web.wab.extender.internal.WabFactory.removedBundle(WabFactory.java:50)
	at org.osgi.util.tracker.BundleTracker$Tracked.customizerRemoved(BundleTracker.java:501)
	at org.osgi.util.tracker.BundleTracker$Tracked.customizerRemoved(BundleTracker.java:1)
	at org.osgi.util.tracker.AbstractTracked.untrack(AbstractTracked.java:341)
	at org.osgi.util.tracker.BundleTracker.close(BundleTracker.java:195)
	at com.liferay.portal.osgi.web.wab.extender.internal.WabFactory.deactivate(WabFactory.java:163)
	at java.base/jdk.internal.reflect.NativeMethodAccessorImpl.invoke0(Native Method)
	at java.base/jdk.internal.reflect.NativeMethodAccessorImpl.invoke(NativeMethodAccessorImpl.java:62)
	at java.base/jdk.internal.reflect.DelegatingMethodAccessorImpl.invoke(DelegatingMethodAccessorImpl.java:43)
	at java.base/java.lang.reflect.Method.invoke(Method.java:566)
	at org.apache.felix.scr.impl.inject.methods.BaseMethod.invokeMethod(BaseMethod.java:228)
	at org.apache.felix.scr.impl.inject.methods.BaseMethod.access$500(BaseMethod.java:41)
	at org.apache.felix.scr.impl.inject.methods.BaseMethod$Resolved.invoke(BaseMethod.java:664)
	at org.apache.felix.scr.impl.inject.methods.BaseMethod.invoke(BaseMethod.java:510)
	at org.apache.felix.scr.impl.inject.methods.ActivateMethod.invoke(ActivateMethod.java:310)
	at org.apache.felix.scr.impl.inject.methods.ActivateMethod.invoke(ActivateMethod.java:300)
	at org.apache.felix.scr.impl.manager.SingleComponentManager.disposeImplementationObject(SingleComponentManager.java:408)
	at org.apache.felix.scr.impl.manager.SingleComponentManager.deleteComponent(SingleComponentManager.java:163)
	at org.apache.felix.scr.impl.manager.AbstractComponentManager.doDeactivate(AbstractComponentManager.java:831)
	at org.apache.felix.scr.impl.manager.AbstractComponentManager.deactivateInternal(AbstractComponentManager.java:805)
	at org.apache.felix.scr.impl.manager.DependencyManager.deactivateComponentManager(DependencyManager.java:2332)
	at org.apache.felix.scr.impl.manager.DependencyManager.access$400(DependencyManager.java:56)
	at org.apache.felix.scr.impl.manager.DependencyManager$SingleStaticCustomizer.removedService(DependencyManager.java:1125)
	at org.apache.felix.scr.impl.manager.DependencyManager$SingleStaticCustomizer.removedService(DependencyManager.java:1007)
	at org.apache.felix.scr.impl.manager.ServiceTracker$Tracked.customizerRemoved(ServiceTracker.java:1242)
	at org.apache.felix.scr.impl.manager.ServiceTracker$Tracked.customizerRemoved(ServiceTracker.java:1137)
	at org.apache.felix.scr.impl.manager.ServiceTracker$AbstractTracked.untrack(ServiceTracker.java:997)
	at org.apache.felix.scr.impl.manager.ServiceTracker$Tracked.serviceChanged(ServiceTracker.java:1176)
	at org.apache.felix.scr.impl.BundleComponentActivator$ListenerInfo.serviceChanged(BundleComponentActivator.java:125)
	at org.eclipse.osgi.internal.serviceregistry.FilteredServiceListener.serviceChanged(FilteredServiceListener.java:109)
	at org.eclipse.osgi.internal.serviceregistry.ServiceRegistry.publishServiceEventPrivileged(ServiceRegistry.java:891)
	at org.eclipse.osgi.internal.serviceregistry.ServiceRegistry.publishServiceEvent(ServiceRegistry.java:804)
	at org.eclipse.osgi.internal.serviceregistry.ServiceRegistrationImpl.unregister(ServiceRegistrationImpl.java:222)
	at org.apache.felix.scr.impl.manager.AbstractComponentManager$3.unregister(AbstractComponentManager.java:927)
	at org.apache.felix.scr.impl.manager.AbstractComponentManager$3.unregister(AbstractComponentManager.java:892)
	at org.apache.felix.scr.impl.manager.RegistrationManager.changeRegistration(RegistrationManager.java:135)
	at org.apache.felix.scr.impl.manager.AbstractComponentManager.unregisterService(AbstractComponentManager.java:969)
	at org.apache.felix.scr.impl.manager.AbstractComponentManager.doDeactivate(AbstractComponentManager.java:823)
	at org.apache.felix.scr.impl.manager.AbstractComponentManager.deactivateInternal(AbstractComponentManager.java:805)
	at org.apache.felix.scr.impl.manager.DependencyManager.deactivateComponentManager(DependencyManager.java:2332)
	at org.apache.felix.scr.impl.manager.DependencyManager.access$400(DependencyManager.java:56)
	at org.apache.felix.scr.impl.manager.DependencyManager$SingleStaticCustomizer.removedService(DependencyManager.java:1125)
	at org.apache.felix.scr.impl.manager.DependencyManager$SingleStaticCustomizer.removedService(DependencyManager.java:1007)
	at org.apache.felix.scr.impl.manager.ServiceTracker$Tracked.customizerRemoved(ServiceTracker.java:1242)
	at org.apache.felix.scr.impl.manager.ServiceTracker$Tracked.customizerRemoved(ServiceTracker.java:1137)
	at org.apache.felix.scr.impl.manager.ServiceTracker$AbstractTracked.untrack(ServiceTracker.java:997)
	at org.apache.felix.scr.impl.manager.ServiceTracker$Tracked.serviceChanged(ServiceTracker.java:1176)
	at org.apache.felix.scr.impl.BundleComponentActivator$ListenerInfo.serviceChanged(BundleComponentActivator.java:125)
	at org.eclipse.osgi.internal.serviceregistry.FilteredServiceListener.serviceChanged(FilteredServiceListener.java:109)
	at org.eclipse.osgi.internal.serviceregistry.ServiceRegistry.publishServiceEventPrivileged(ServiceRegistry.java:891)
	at org.eclipse.osgi.internal.serviceregistry.ServiceRegistry.publishServiceEvent(ServiceRegistry.java:804)
	at org.eclipse.osgi.internal.serviceregistry.ServiceRegistrationImpl.unregister(ServiceRegistrationImpl.java:222)
	at org.eclipse.equinox.http.servlet.internal.util.HttpTuple.destroy(HttpTuple.java:39)
	at org.eclipse.equinox.http.servlet.internal.Activator.removedService(Activator.java:184)
	at org.eclipse.equinox.http.servlet.internal.Activator.removedService(Activator.java:1)
	at org.osgi.util.tracker.ServiceTracker$Tracked.customizerRemoved(ServiceTracker.java:969)
	at org.osgi.util.tracker.ServiceTracker$Tracked.customizerRemoved(ServiceTracker.java:1)
	at org.osgi.util.tracker.AbstractTracked.untrack(AbstractTracked.java:341)
	at org.osgi.util.tracker.ServiceTracker$Tracked.serviceChanged(ServiceTracker.java:911)
	at org.eclipse.osgi.internal.serviceregistry.FilteredServiceListener.serviceChanged(FilteredServiceListener.java:109)
	at org.eclipse.osgi.internal.serviceregistry.ServiceRegistry.publishServiceEventPrivileged(ServiceRegistry.java:891)
	at org.eclipse.osgi.internal.serviceregistry.ServiceRegistry.publishServiceEvent(ServiceRegistry.java:804)
	at org.eclipse.osgi.internal.serviceregistry.ServiceRegistrationImpl.unregister(ServiceRegistrationImpl.java:222)
	at com.liferay.portal.osgi.web.wab.extender.internal.adapter.HttpAdapter.deactivate(HttpAdapter.java:140)
	at java.base/jdk.internal.reflect.NativeMethodAccessorImpl.invoke0(Native Method)
	at java.base/jdk.internal.reflect.NativeMethodAccessorImpl.invoke(NativeMethodAccessorImpl.java:62)
	at java.base/jdk.internal.reflect.DelegatingMethodAccessorImpl.invoke(DelegatingMethodAccessorImpl.java:43)
	at java.base/java.lang.reflect.Method.invoke(Method.java:566)
	at org.apache.felix.scr.impl.inject.methods.BaseMethod.invokeMethod(BaseMethod.java:228)
	at org.apache.felix.scr.impl.inject.methods.BaseMethod.access$500(BaseMethod.java:41)
	at org.apache.felix.scr.impl.inject.methods.BaseMethod$Resolved.invoke(BaseMethod.java:664)
	at org.apache.felix.scr.impl.inject.methods.BaseMethod.invoke(BaseMethod.java:510)
	at org.apache.felix.scr.impl.inject.methods.ActivateMethod.invoke(ActivateMethod.java:310)
	at org.apache.felix.scr.impl.inject.methods.ActivateMethod.invoke(ActivateMethod.java:300)
	at org.apache.felix.scr.impl.manager.SingleComponentManager.disposeImplementationObject(SingleComponentManager.java:408)
	at org.apache.felix.scr.impl.manager.SingleComponentManager.deleteComponent(SingleComponentManager.java:163)
	at org.apache.felix.scr.impl.manager.AbstractComponentManager.doDeactivate(AbstractComponentManager.java:831)
	at org.apache.felix.scr.impl.manager.AbstractComponentManager.deactivateInternal(AbstractComponentManager.java:805)
	at org.apache.felix.scr.impl.manager.DependencyManager.deactivateComponentManager(DependencyManager.java:2332)
	at org.apache.felix.scr.impl.manager.DependencyManager.access$400(DependencyManager.java:56)
	at org.apache.felix.scr.impl.manager.DependencyManager$SingleStaticCustomizer.removedService(DependencyManager.java:1125)
	at org.apache.felix.scr.impl.manager.DependencyManager$SingleStaticCustomizer.removedService(DependencyManager.java:1007)
	at org.apache.felix.scr.impl.manager.ServiceTracker$Tracked.customizerRemoved(ServiceTracker.java:1242)
	at org.apache.felix.scr.impl.manager.ServiceTracker$Tracked.customizerRemoved(ServiceTracker.java:1137)
	at org.apache.felix.scr.impl.manager.ServiceTracker$AbstractTracked.untrack(ServiceTracker.java:997)
	at org.apache.felix.scr.impl.manager.ServiceTracker$Tracked.serviceChanged(ServiceTracker.java:1176)
	at org.apache.felix.scr.impl.BundleComponentActivator$ListenerInfo.serviceChanged(BundleComponentActivator.java:125)
	at org.eclipse.osgi.internal.serviceregistry.FilteredServiceListener.serviceChanged(FilteredServiceListener.java:109)
	at org.eclipse.osgi.internal.serviceregistry.ServiceRegistry.publishServiceEventPrivileged(ServiceRegistry.java:891)
	at org.eclipse.osgi.internal.serviceregistry.ServiceRegistry.publishServiceEvent(ServiceRegistry.java:804)
	at org.eclipse.osgi.internal.serviceregistry.ServiceRegistrationImpl.unregister(ServiceRegistrationImpl.java:222)
	at com.liferay.portal.bootstrap.ModuleFrameworkImpl._unregisterApplicationContext(ModuleFrameworkImpl.java:1726)
	at com.liferay.portal.bootstrap.ModuleFrameworkImpl.unregisterContext(ModuleFrameworkImpl.java:363)
	at com.liferay.portal.module.framework.ModuleFrameworkUtil.unregisterContext(ModuleFrameworkUtil.java:53)
	at com.liferay.portal.spring.context.PortalContextLoaderListener.contextDestroyed(PortalContextLoaderListener.java:121)
	at java.base/jdk.internal.reflect.NativeMethodAccessorImpl.invoke0(Native Method)
	at java.base/jdk.internal.reflect.NativeMethodAccessorImpl.invoke(NativeMethodAccessorImpl.java:62)
	at java.base/jdk.internal.reflect.DelegatingMethodAccessorImpl.invoke(DelegatingMethodAccessorImpl.java:43)
	at java.base/java.lang.reflect.Method.invoke(Method.java:566)
	at com.liferay.shielded.container.internal.proxy.ContextClassLoaderInvocationHandler.invoke(ContextClassLoaderInvocationHandler.java:43)
	at com.liferay.shielded.container.internal.proxy.EventListenerInvocationHandler.invoke(EventListenerInvocationHandler.java:64)
	at com.sun.proxy.$Proxy6.contextDestroyed(Unknown Source)
	at org.apache.catalina.core.StandardContext.listenerStop(StandardContext.java:4814)
	at org.apache.catalina.core.StandardContext.stopInternal(StandardContext.java:5477)
	at org.apache.catalina.util.LifecycleBase.stop(LifecycleBase.java:257)
	at org.apache.catalina.core.ContainerBase$StopChild.call(ContainerBase.java:1412)
	at org.apache.catalina.core.ContainerBase$StopChild.call(ContainerBase.java:1401)
	at java.base/java.util.concurrent.FutureTask.run(FutureTask.java:264)
	at org.apache.tomcat.util.threads.InlineExecutorService.execute(InlineExecutorService.java:75)
	at java.base/java.util.concurrent.AbstractExecutorService.submit(AbstractExecutorService.java:140)
	at org.apache.catalina.core.ContainerBase.stopInternal(ContainerBase.java:986)
	at org.apache.catalina.util.LifecycleBase.stop(LifecycleBase.java:257)
	at org.apache.catalina.core.ContainerBase$StopChild.call(ContainerBase.java:1412)
	at org.apache.catalina.core.ContainerBase$StopChild.call(ContainerBase.java:1401)
	at java.base/java.util.concurrent.FutureTask.run(FutureTask.java:264)
	at org.apache.tomcat.util.threads.InlineExecutorService.execute(InlineExecutorService.java:75)
	at java.base/java.util.concurrent.AbstractExecutorService.submit(AbstractExecutorService.java:140)
	at org.apache.catalina.core.ContainerBase.stopInternal(ContainerBase.java:986)
	at org.apache.catalina.util.LifecycleBase.stop(LifecycleBase.java:257)
	at org.apache.catalina.core.StandardService.stopInternal(StandardService.java:497)
	at org.apache.catalina.util.LifecycleBase.stop(LifecycleBase.java:257)
	at org.apache.catalina.core.StandardServer.stopInternal(StandardServer.java:979)
	at org.apache.catalina.util.LifecycleBase.stop(LifecycleBase.java:257)
	at org.apache.catalina.startup.Catalina.stop(Catalina.java:849)
	at org.apache.catalina.startup.Catalina$CatalinaShutdownHook.run(Catalina.java:996)
