07-Dec-2022 06:10:45.724 INFO [main] org.apache.catalina.startup.Catalina.load Server initialization in [546] milliseconds
07-Dec-2022 06:12:26.206 INFO [main] org.apache.catalina.startup.Catalina.start Server startup in [100478] milliseconds
07-Dec-2022 07:08:51.473 SEVERE [main] org.apache.catalina.util.LifecycleBase.handleSubClassException Failed to initialize component [Connector[HTTP/1.1-8080]]
	org.apache.catalina.LifecycleException: Protocol handler initialization failed
		at org.apache.catalina.connector.Connector.initInternal(Connector.java:1049)
		at org.apache.catalina.util.LifecycleBase.init(LifecycleBase.java:136)
		at org.apache.catalina.core.StandardService.initInternal(StandardService.java:556)
		at org.apache.catalina.util.LifecycleBase.init(LifecycleBase.java:136)
		at org.apache.catalina.core.StandardServer.initInternal(StandardServer.java:1042)
		at org.apache.catalina.util.LifecycleBase.init(LifecycleBase.java:136)
		at org.apache.catalina.startup.Catalina.load(Catalina.java:724)
		at org.apache.catalina.startup.Catalina.load(Catalina.java:746)
		at java.base/jdk.internal.reflect.NativeMethodAccessorImpl.invoke0(Native Method)
		at java.base/jdk.internal.reflect.NativeMethodAccessorImpl.invoke(NativeMethodAccessorImpl.java:62)
		at java.base/jdk.internal.reflect.DelegatingMethodAccessorImpl.invoke(DelegatingMethodAccessorImpl.java:43)
		at java.base/java.lang.reflect.Method.invoke(Method.java:566)
		at org.apache.catalina.startup.Bootstrap.load(Bootstrap.java:305)
		at org.apache.catalina.startup.Bootstrap.main(Bootstrap.java:475)
	Caused by: java.net.BindException: Address already in use
		at java.base/sun.nio.ch.Net.bind0(Native Method)
		at java.base/sun.nio.ch.Net.bind(Net.java:459)
		at java.base/sun.nio.ch.Net.bind(Net.java:448)
		at java.base/sun.nio.ch.ServerSocketChannelImpl.bind(ServerSocketChannelImpl.java:227)
		at org.apache.tomcat.util.net.NioEndpoint.initServerSocket(NioEndpoint.java:273)
		at org.apache.tomcat.util.net.NioEndpoint.bind(NioEndpoint.java:228)
		at org.apache.tomcat.util.net.AbstractEndpoint.bindWithCleanup(AbstractEndpoint.java:1213)
		at org.apache.tomcat.util.net.AbstractEndpoint.init(AbstractEndpoint.java:1226)
		at org.apache.coyote.AbstractProtocol.init(AbstractProtocol.java:603)
		at org.apache.coyote.http11.AbstractHttp11Protocol.init(AbstractHttp11Protocol.java:80)
		at org.apache.catalina.connector.Connector.initInternal(Connector.java:1046)
		... 13 more
07-Dec-2022 07:08:51.477 INFO [main] org.apache.catalina.startup.Catalina.load Server initialization in [470] milliseconds
07-Dec-2022 07:10:27.358 SEVERE [main] org.apache.catalina.startup.Catalina.stopServer Could not contact [localhost:8005] (base port [8005] and offset [0]). Tomcat may not be running.
07-Dec-2022 07:10:33.763 INFO [main] org.apache.catalina.startup.Catalina.start Server startup in [102285] milliseconds
07-Dec-2022 07:11:08.928 INFO [main] org.apache.catalina.startup.Catalina.load Server initialization in [428] milliseconds
07-Dec-2022 07:13:05.725 INFO [main] org.apache.catalina.startup.Catalina.start Server startup in [116794] milliseconds
07-Dec-2022 07:21:33.333 INFO [main] org.apache.catalina.startup.Catalina.load Server initialization in [644] milliseconds
07-Dec-2022 07:21:40.101 INFO [main] org.apache.catalina.startup.Catalina.load Server initialization in [458] milliseconds
07-Dec-2022 07:23:35.358 INFO [main] org.apache.catalina.startup.Catalina.start Server startup in [115255] milliseconds
07-Dec-2022 10:27:46.095 INFO [main] org.apache.catalina.startup.Catalina.load Server initialization in [543] milliseconds
07-Dec-2022 10:29:35.421 INFO [main] org.apache.catalina.startup.Catalina.start Server startup in [109320] milliseconds
07-Dec-2022 10:33:31.802 INFO [main] org.apache.catalina.startup.Catalina.load Server initialization in [584] milliseconds
07-Dec-2022 10:35:11.833 INFO [main] org.apache.catalina.startup.Catalina.start Server startup in [100027] milliseconds
07-Dec-2022 10:43:19.014 INFO [main] org.apache.catalina.startup.Catalina.load Server initialization in [887] milliseconds
07-Dec-2022 10:45:23.062 INFO [main] org.apache.catalina.startup.Catalina.start Server startup in [124043] milliseconds
07-Dec-2022 10:46:52.028 SEVERE [main] org.apache.catalina.util.LifecycleBase.handleSubClassException Failed to initialize component [Connector[HTTP/1.1-8080]]
	org.apache.catalina.LifecycleException: Protocol handler initialization failed
		at org.apache.catalina.connector.Connector.initInternal(Connector.java:1049)
		at org.apache.catalina.util.LifecycleBase.init(LifecycleBase.java:136)
		at org.apache.catalina.core.StandardService.initInternal(StandardService.java:556)
		at org.apache.catalina.util.LifecycleBase.init(LifecycleBase.java:136)
		at org.apache.catalina.core.StandardServer.initInternal(StandardServer.java:1042)
		at org.apache.catalina.util.LifecycleBase.init(LifecycleBase.java:136)
		at org.apache.catalina.startup.Catalina.load(Catalina.java:724)
		at org.apache.catalina.startup.Catalina.load(Catalina.java:746)
		at java.base/jdk.internal.reflect.NativeMethodAccessorImpl.invoke0(Native Method)
		at java.base/jdk.internal.reflect.NativeMethodAccessorImpl.invoke(NativeMethodAccessorImpl.java:62)
		at java.base/jdk.internal.reflect.DelegatingMethodAccessorImpl.invoke(DelegatingMethodAccessorImpl.java:43)
		at java.base/java.lang.reflect.Method.invoke(Method.java:566)
		at org.apache.catalina.startup.Bootstrap.load(Bootstrap.java:305)
		at org.apache.catalina.startup.Bootstrap.main(Bootstrap.java:475)
	Caused by: java.net.BindException: Address already in use
		at java.base/sun.nio.ch.Net.bind0(Native Method)
		at java.base/sun.nio.ch.Net.bind(Net.java:459)
		at java.base/sun.nio.ch.Net.bind(Net.java:448)
		at java.base/sun.nio.ch.ServerSocketChannelImpl.bind(ServerSocketChannelImpl.java:227)
		at org.apache.tomcat.util.net.NioEndpoint.initServerSocket(NioEndpoint.java:273)
		at org.apache.tomcat.util.net.NioEndpoint.bind(NioEndpoint.java:228)
		at org.apache.tomcat.util.net.AbstractEndpoint.bindWithCleanup(AbstractEndpoint.java:1213)
		at org.apache.tomcat.util.net.AbstractEndpoint.init(AbstractEndpoint.java:1226)
		at org.apache.coyote.AbstractProtocol.init(AbstractProtocol.java:603)
		at org.apache.coyote.http11.AbstractHttp11Protocol.init(AbstractHttp11Protocol.java:80)
		at org.apache.catalina.connector.Connector.initInternal(Connector.java:1046)
		... 13 more
07-Dec-2022 10:46:52.043 INFO [main] org.apache.catalina.startup.Catalina.load Server initialization in [702] milliseconds
07-Dec-2022 10:49:00.055 INFO [main] org.apache.catalina.startup.Catalina.start Server startup in [128011] milliseconds
07-Dec-2022 10:50:40.386 INFO [main] org.apache.catalina.startup.Catalina.load Server initialization in [509] milliseconds
07-Dec-2022 10:52:39.320 INFO [main] org.apache.catalina.startup.Catalina.start Server startup in [118931] milliseconds
07-Dec-2022 13:16:52.928 INFO [main] org.apache.catalina.startup.Catalina.load Server initialization in [646] milliseconds
07-Dec-2022 13:18:32.863 INFO [main] org.apache.catalina.startup.Catalina.start Server startup in [99929] milliseconds
