10-May-2023 07:21:24.100 INFO [main] org.apache.catalina.startup.Catalina.load Server initialization in [588] milliseconds
10-May-2023 07:23:20.178 INFO [main] org.apache.catalina.startup.Catalina.start Server startup in [116074] milliseconds
10-May-2023 07:23:50.313 WARNING [main] org.apache.catalina.core.StandardServer.await Invalid shutdown command [GET / HTTP/1.1] received
10-May-2023 07:23:50.314 WARNING [main] org.apache.catalina.core.StandardServer.await Invalid shutdown command [GET / HTTP/1.1] received
10-May-2023 07:23:50.314 WARNING [main] org.apache.catalina.core.StandardServer.await Invalid shutdown command [GET / HTTP/1.1] received
10-May-2023 07:23:51.356 WARNING [main] org.apache.catalina.core.StandardServer.await Invalid shutdown command [GET / HTTP/1.1] received
10-May-2023 07:23:51.357 WARNING [main] org.apache.catalina.core.StandardServer.await Invalid shutdown command [GET / HTTP/1.1] received
10-May-2023 07:23:51.359 WARNING [main] org.apache.catalina.core.StandardServer.await Invalid shutdown command [GET / HTTP/1.1] received
10-May-2023 07:23:52.191 WARNING [main] org.apache.catalina.core.StandardServer.await Invalid shutdown command [GET / HTTP/1.1] received
10-May-2023 07:23:52.191 WARNING [main] org.apache.catalina.core.StandardServer.await Invalid shutdown command [GET / HTTP/1.1] received
10-May-2023 07:23:52.192 WARNING [main] org.apache.catalina.core.StandardServer.await Invalid shutdown command [GET / HTTP/1.1] received
10-May-2023 07:23:57.231 WARNING [main] org.apache.catalina.core.StandardServer.await Invalid shutdown command [GET / HTTP/1.1] received
10-May-2023 07:23:57.231 WARNING [main] org.apache.catalina.core.StandardServer.await Invalid shutdown command [GET / HTTP/1.1] received
10-May-2023 07:23:57.232 WARNING [main] org.apache.catalina.core.StandardServer.await Invalid shutdown command [GET / HTTP/1.1] received
10-May-2023 12:31:19.667 WARNING [Thread-7] org.apache.catalina.loader.WebappClassLoaderBase.clearReferencesJdbc JDBC driver de-registration failed for web application [ROOT]
	java.lang.IllegalStateException: java.io.IOException: java.lang.reflect.InvocationTargetException
		at org.apache.catalina.webresources.AbstractSingleArchiveResourceSet.getArchiveEntry(AbstractSingleArchiveResourceSet.java:101)
		at org.apache.catalina.webresources.AbstractArchiveResourceSet.getResource(AbstractArchiveResourceSet.java:263)
		at org.apache.catalina.webresources.StandardRoot.getResourceInternal(StandardRoot.java:281)
		at org.apache.catalina.webresources.Cache.getResource(Cache.java:64)
		at org.apache.catalina.webresources.StandardRoot.getResource(StandardRoot.java:216)
		at org.apache.catalina.webresources.StandardRoot.getClassLoaderResource(StandardRoot.java:225)
		at org.apache.catalina.loader.WebappClassLoaderBase.getResourceAsStream(WebappClassLoaderBase.java:1160)
		at org.apache.catalina.loader.WebappClassLoaderBase.clearReferencesJdbc(WebappClassLoaderBase.java:1721)
		at org.apache.catalina.loader.WebappClassLoaderBase.clearReferences(WebappClassLoaderBase.java:1661)
		at org.apache.catalina.loader.WebappClassLoaderBase.stop(WebappClassLoaderBase.java:1597)
		at org.apache.catalina.loader.WebappLoader.stopInternal(WebappLoader.java:463)
		at org.apache.catalina.util.LifecycleBase.stop(LifecycleBase.java:257)
		at org.apache.catalina.core.StandardContext.stopInternal(StandardContext.java:5515)
		at org.apache.catalina.util.LifecycleBase.stop(LifecycleBase.java:257)
		at org.apache.catalina.core.ContainerBase$StopChild.call(ContainerBase.java:1412)
		at org.apache.catalina.core.ContainerBase$StopChild.call(ContainerBase.java:1401)
		at java.base/java.util.concurrent.FutureTask.run(FutureTask.java:264)
		at org.apache.tomcat.util.threads.InlineExecutorService.execute(InlineExecutorService.java:75)
		at java.base/java.util.concurrent.AbstractExecutorService.submit(AbstractExecutorService.java:140)
		at org.apache.catalina.core.ContainerBase.stopInternal(ContainerBase.java:986)
		at org.apache.catalina.util.LifecycleBase.stop(LifecycleBase.java:257)
		at org.apache.catalina.core.ContainerBase$StopChild.call(ContainerBase.java:1412)
		at org.apache.catalina.core.ContainerBase$StopChild.call(ContainerBase.java:1401)
		at java.base/java.util.concurrent.FutureTask.run(FutureTask.java:264)
		at org.apache.tomcat.util.threads.InlineExecutorService.execute(InlineExecutorService.java:75)
		at java.base/java.util.concurrent.AbstractExecutorService.submit(AbstractExecutorService.java:140)
		at org.apache.catalina.core.ContainerBase.stopInternal(ContainerBase.java:986)
		at org.apache.catalina.util.LifecycleBase.stop(LifecycleBase.java:257)
		at org.apache.catalina.core.StandardService.stopInternal(StandardService.java:497)
		at org.apache.catalina.util.LifecycleBase.stop(LifecycleBase.java:257)
		at org.apache.catalina.core.StandardServer.stopInternal(StandardServer.java:979)
		at org.apache.catalina.util.LifecycleBase.stop(LifecycleBase.java:257)
		at org.apache.catalina.startup.Catalina.stop(Catalina.java:849)
		at org.apache.catalina.startup.Catalina$CatalinaShutdownHook.run(Catalina.java:996)
	Caused by: java.io.IOException: java.lang.reflect.InvocationTargetException
		at org.apache.tomcat.util.compat.Jre9Compat.jarFileNewInstance(Jre9Compat.java:209)
		at org.apache.tomcat.util.compat.JreCompat.jarFileNewInstance(JreCompat.java:226)
		at org.apache.catalina.webresources.AbstractArchiveResourceSet.openJarFile(AbstractArchiveResourceSet.java:314)
		at org.apache.catalina.webresources.AbstractSingleArchiveResourceSet.getArchiveEntry(AbstractSingleArchiveResourceSet.java:97)
		... 33 more
	Caused by: java.lang.reflect.InvocationTargetException
		at java.base/jdk.internal.reflect.GeneratedConstructorAccessor421.newInstance(Unknown Source)
		at java.base/jdk.internal.reflect.DelegatingConstructorAccessorImpl.newInstance(DelegatingConstructorAccessorImpl.java:45)
		at java.base/java.lang.reflect.Constructor.newInstance(Constructor.java:490)
		at org.apache.tomcat.util.compat.Jre9Compat.jarFileNewInstance(Jre9Compat.java:206)
		... 36 more
	Caused by: java.nio.file.NoSuchFileException: /media/root322/Data/Documents/LiferayWorkspace/bundles/tomcat-9.0.56/webapps/ROOT/WEB-INF/lib/support-tomcat.jar
		at java.base/sun.nio.fs.UnixException.translateToIOException(UnixException.java:92)
		at java.base/sun.nio.fs.UnixException.rethrowAsIOException(UnixException.java:111)
		at java.base/sun.nio.fs.UnixException.rethrowAsIOException(UnixException.java:116)
		at java.base/sun.nio.fs.UnixFileAttributeViews$Basic.readAttributes(UnixFileAttributeViews.java:55)
		at java.base/sun.nio.fs.UnixFileSystemProvider.readAttributes(UnixFileSystemProvider.java:149)
		at java.base/sun.nio.fs.LinuxFileSystemProvider.readAttributes(LinuxFileSystemProvider.java:99)
		at java.base/java.nio.file.Files.readAttributes(Files.java:1764)
		at java.base/java.util.zip.ZipFile$Source.get(ZipFile.java:1250)
		at java.base/java.util.zip.ZipFile$CleanableResource.<init>(ZipFile.java:733)
		at java.base/java.util.zip.ZipFile$CleanableResource.get(ZipFile.java:842)
		at java.base/java.util.zip.ZipFile.<init>(ZipFile.java:248)
		at java.base/java.util.zip.ZipFile.<init>(ZipFile.java:177)
		at java.base/java.util.jar.JarFile.<init>(JarFile.java:350)
		... 40 more
10-May-2023 12:37:10.720 INFO [main] org.apache.catalina.startup.Catalina.load Server initialization in [945] milliseconds
10-May-2023 12:40:31.101 INFO [main] org.apache.catalina.startup.Catalina.start Server startup in [200376] milliseconds
10-May-2023 12:43:11.135 INFO [main] org.apache.catalina.startup.Catalina.load Server initialization in [888] milliseconds
10-May-2023 12:45:20.673 INFO [main] org.apache.catalina.startup.Catalina.start Server startup in [129534] milliseconds
