13-Dec-2022 05:40:21.097 INFO [main] org.apache.catalina.startup.Catalina.load Server initialization in [614] milliseconds
13-Dec-2022 05:41:57.954 INFO [main] org.apache.catalina.startup.Catalina.start Server startup in [96853] milliseconds
13-Dec-2022 07:50:19.049 INFO [main] org.apache.catalina.startup.Catalina.load Server initialization in [854] milliseconds
13-Dec-2022 07:52:09.016 INFO [main] org.apache.catalina.startup.Catalina.start Server startup in [109954] milliseconds
13-Dec-2022 07:54:04.427 INFO [main] org.apache.catalina.startup.Catalina.load Server initialization in [784] milliseconds
13-Dec-2022 07:55:44.312 INFO [main] org.apache.catalina.startup.Catalina.start Server startup in [99880] milliseconds
13-Dec-2022 08:02:00.255 INFO [main] org.apache.catalina.startup.Catalina.load Server initialization in [733] milliseconds
13-Dec-2022 08:03:37.919 INFO [main] org.apache.catalina.startup.Catalina.start Server startup in [97659] milliseconds
13-Dec-2022 08:40:43.958 INFO [main] org.apache.catalina.startup.Catalina.load Server initialization in [1546] milliseconds
13-Dec-2022 08:43:01.361 INFO [main] org.apache.catalina.startup.Catalina.start Server startup in [137392] milliseconds
13-Dec-2022 08:43:01.362 SEVERE [main] org.apache.catalina.core.StandardServer.await Failed to create server shutdown socket on address [localhost] and port [8005] (base port [8005] and offset [0])
	java.net.BindException: Address already in use (Bind failed)
		at java.base/java.net.PlainSocketImpl.socketBind(Native Method)
		at java.base/java.net.AbstractPlainSocketImpl.bind(AbstractPlainSocketImpl.java:452)
		at java.base/java.net.ServerSocket.bind(ServerSocket.java:381)
		at java.base/java.net.ServerSocket.<init>(ServerSocket.java:243)
		at org.apache.catalina.core.StandardServer.await(StandardServer.java:577)
		at org.apache.catalina.startup.Catalina.await(Catalina.java:864)
		at org.apache.catalina.startup.Catalina.start(Catalina.java:810)
		at java.base/jdk.internal.reflect.NativeMethodAccessorImpl.invoke0(Native Method)
		at java.base/jdk.internal.reflect.NativeMethodAccessorImpl.invoke(NativeMethodAccessorImpl.java:62)
		at java.base/jdk.internal.reflect.DelegatingMethodAccessorImpl.invoke(DelegatingMethodAccessorImpl.java:43)
		at java.base/java.lang.reflect.Method.invoke(Method.java:566)
		at org.apache.catalina.startup.Bootstrap.start(Bootstrap.java:345)
		at org.apache.catalina.startup.Bootstrap.main(Bootstrap.java:476)
13-Dec-2022 08:43:53.789 INFO [main] org.apache.catalina.startup.Catalina.load Server initialization in [517] milliseconds
13-Dec-2022 08:45:36.984 INFO [main] org.apache.catalina.startup.Catalina.start Server startup in [103191] milliseconds
