08-Feb-2023 10:02:00.800 INFO [main] org.apache.catalina.startup.Catalina.load Server initialization in [847] milliseconds
08-Feb-2023 10:12:08.559 INFO [main] org.apache.catalina.startup.Catalina.load Server initialization in [741] milliseconds
08-Feb-2023 10:14:20.085 INFO [main] org.apache.catalina.startup.Catalina.start Server startup in [131519] milliseconds
08-Feb-2023 10:21:20.462 SEVERE [http-nio-8000-exec-9] org.apache.coyote.http11.Http11Processor.service Error processing request
	org.apache.coyote.http11.HeadersTooLargeException: An attempt was made to write more data to the response headers than there was room available in the buffer. Increase maxHttpHeaderSize on the connector or write less data into the response headers.
		at org.apache.coyote.http11.Http11OutputBuffer.checkLengthBeforeWrite(Http11OutputBuffer.java:473)
		at org.apache.coyote.http11.Http11OutputBuffer.write(Http11OutputBuffer.java:426)
		at org.apache.coyote.http11.Http11OutputBuffer.write(Http11OutputBuffer.java:412)
		at org.apache.coyote.http11.Http11OutputBuffer.sendHeader(Http11OutputBuffer.java:372)
		at org.apache.coyote.http11.Http11Processor.prepareResponse(Http11Processor.java:1015)
		at org.apache.coyote.AbstractProcessor.action(AbstractProcessor.java:379)
		at org.apache.coyote.Response.action(Response.java:211)
		at org.apache.coyote.Response.sendHeaders(Response.java:440)
		at org.apache.catalina.connector.OutputBuffer.doFlush(OutputBuffer.java:292)
		at org.apache.catalina.connector.OutputBuffer.close(OutputBuffer.java:252)
		at org.apache.catalina.connector.Response.finishResponse(Response.java:443)
		at org.apache.catalina.connector.CoyoteAdapter.service(CoyoteAdapter.java:388)
		at org.apache.coyote.http11.Http11Processor.service(Http11Processor.java:382)
		at org.apache.coyote.AbstractProcessorLight.process(AbstractProcessorLight.java:65)
		at org.apache.coyote.AbstractProtocol$ConnectionHandler.process(AbstractProtocol.java:895)
		at org.apache.tomcat.util.net.NioEndpoint$SocketProcessor.doRun(NioEndpoint.java:1732)
		at org.apache.tomcat.util.net.SocketProcessorBase.run(SocketProcessorBase.java:49)
		at org.apache.tomcat.util.threads.ThreadPoolExecutor.runWorker(ThreadPoolExecutor.java:1191)
		at org.apache.tomcat.util.threads.ThreadPoolExecutor$Worker.run(ThreadPoolExecutor.java:659)
		at org.apache.tomcat.util.threads.TaskThread$WrappingRunnable.run(TaskThread.java:61)
		at java.base/java.lang.Thread.run(Thread.java:834)
08-Feb-2023 12:31:30.775 INFO [main] org.apache.catalina.startup.Catalina.load Server initialization in [911] milliseconds
08-Feb-2023 12:44:53.160 INFO [main] org.apache.catalina.startup.Catalina.load Server initialization in [697] milliseconds
08-Feb-2023 12:46:49.871 INFO [main] org.apache.catalina.startup.Catalina.start Server startup in [116707] milliseconds
