2023-01-06 04:57:47.045 INFO  [main][PortalContextLoaderListener:123] JVM arguments: -Dcatalina.base=/media/root322/Data/Documents/LiferayWorkspace/bundles/tomcat-9.0.56 -Dcatalina.home=/media/root322/Data/Documents/LiferayWorkspace/bundles/tomcat-9.0.56 -Dfile.encoding=UTF8 -Djava.io.tmpdir=/media/root322/Data/Documents/LiferayWorkspace/bundles/tomcat-9.0.56/temp -Djava.net.preferIPv4Stack=true -Djava.util.logging.config.file=/media/root322/Data/Documents/LiferayWorkspace/bundles/tomcat-9.0.56/conf/logging.properties -Djava.util.logging.manager=org.apache.juli.ClassLoaderLogManager -Dorg.apache.catalina.loader.WebappClassLoader.ENABLE_CLEAR_REFERENCES=false -Duser.timezone=GMT -Xmx2560m -XX:MaxMetaspaceSize=768m -XX:MetaspaceSize=768m -javaagent:/snap/intellij-idea-ultimate/401/lib/idea_rt.jar=42813:/snap/intellij-idea-ultimate/401/bin
2023-01-06 04:57:49.882 INFO  [main][DialectDetector:153] Using dialect org.hibernate.dialect.MySQL8Dialect for MySQL 8.0
2023-01-06 04:57:55.580 INFO  [main][ModuleFrameworkImpl:1279] Starting initial bundles
2023-01-06 04:57:56.004 INFO  [ModuleFramework-Static-Bundles-1][InterpolationConfigurationPlugin:109] Configured directory for secrets: /media/root322/Data/Documents/LiferayWorkspace/bundles/osgi/configs
2023-01-06 04:57:57.404 INFO  [ModuleFramework-Static-Bundles-8][DefaultLPKGDeployer:456] Using overriding JAR bundle LPKG-Override::/media/root322/Data/Documents/LiferayWorkspace/bundles/osgi/marketplace/override/com.liferay.document.library.web.jar
2023-01-06 04:57:57.405 INFO  [ModuleFramework-Static-Bundles-8][DefaultLPKGDeployer:456] Using overriding JAR bundle LPKG-Override::/media/root322/Data/Documents/LiferayWorkspace/bundles/osgi/marketplace/override/com.liferay.portal.language.lang.jar
2023-01-06 04:57:57.787 INFO  [main][ModuleFrameworkImpl:1576] Started initial bundles
2023-01-06 04:57:57.787 INFO  [main][ModuleFrameworkImpl:1625] Starting dynamic bundles
2023-01-06 04:58:19.785 INFO  [Start Level: Equinox Container: 7c9d71bf-5040-46f6-ae1a-caf1cbc68901][MessageBusRegistrator:41] Message Listener Registered..com.liferaysavvy.messagebus.event.listener.MessageBusRegisteredParallelMessageListener@4c6c037a
2023-01-06 04:58:19.786 INFO  [Start Level: Equinox Container: 7c9d71bf-5040-46f6-ae1a-caf1cbc68901][MessageBusRegistrator:45] Message Listener Registered..com.liferaysavvy.messagebus.event.listener.MessageBusRegisteredSerialMessageListener@1691872e
2023-01-06 04:58:19.787 INFO  [Start Level: Equinox Container: 7c9d71bf-5040-46f6-ae1a-caf1cbc68901][MessageBusRegistrator:49] Message Listener Registered..com.liferaysavvy.messagebus.event.listener.MessageBusRegisteredSynchronousMessageListener@37f9b198
2023-01-06 04:58:19.794 INFO  [main][ModuleFrameworkImpl:1647] Started dynamic bundles
2023-01-06 04:58:19.795 INFO  [main][ModuleFrameworkImpl:1654] Starting web bundles
2023-01-06 04:58:24.357 INFO  [main][ModuleFrameworkImpl:1708] Started web bundles
2023-01-06 04:58:24.358 INFO  [main][ModuleFrameworkImpl:278] Navigate to Control Panel > System > Gogo Shell and enter "lb" to see all bundles
2023-01-06 04:58:24.381 INFO  [main][LoggingTimer:83] Starting com.liferay.portal.verify.VerifyProperties#verifySystemProperties
2023-01-06 04:58:24.382 INFO  [main][LoggingTimer:44] Completed com.liferay.portal.verify.VerifyProperties#verifySystemProperties in 1 ms
2023-01-06 04:58:24.382 INFO  [main][LoggingTimer:83] Starting com.liferay.portal.verify.VerifyProperties#verifyPortalProperties
2023-01-06 04:58:24.420 ERROR [main][VerifyProperties:182] Portal property "journal.article.form.add" is obsolete
2023-01-06 04:58:24.421 ERROR [main][VerifyProperties:182] Portal property "journal.article.form.update" is obsolete
2023-01-06 04:58:24.422 ERROR [main][VerifyProperties:182] Portal property "journal.article.form.translate" is obsolete
2023-01-06 04:58:24.423 INFO  [main][LoggingTimer:44] Completed com.liferay.portal.verify.VerifyProperties#verifyPortalProperties in 41 ms
2023-01-06 04:58:24.423 INFO  [main][LoggingTimer:83] Starting com.liferay.portal.verify.VerifyProperties#verifyDocumentLibrary
2023-01-06 04:58:24.424 INFO  [main][LoggingTimer:44] Completed com.liferay.portal.verify.VerifyProperties#verifyDocumentLibrary in 1 ms
2023-01-06 04:58:24.973 INFO  [main][LoggingTimer:83] Starting com.liferay.portal.events.StartupHelperUtil#initResourceActions
2023-01-06 04:58:25.031 INFO  [main][LoggingTimer:44] Completed com.liferay.portal.events.StartupHelperUtil#initResourceActions in 57 ms
2023-01-06 04:58:28.960 WARN  [main][SidecarManager:103] Liferay automatically starts a child process of Elasticsearch named sidecar for convenient development and demonstration purposes. Do NOT use sidecar in production. Refer to the documentation for details on the limitations of sidecar and instructions on configuring a remote Elasticsearch connection in the Control Panel.
2023-01-06 04:58:45.051 INFO  [main][Sidecar:119] Sidecar Elasticsearch liferay started at 127.0.0.1:9501
2023-01-06 04:58:50.176 INFO  [main][MessageBusEventListenerNotification:33] **********Destination Added***********liferay/analytics_messages_processor
2023-01-06 04:58:50.182 INFO  [main][ParellelDestinationConfig:83] Destination is creared ..liferaysavvy/parallel-destination
2023-01-06 04:58:50.184 INFO  [main][MessageBusEventListenerNotification:33] **********Destination Added***********liferaysavvy/parallel-destination
2023-01-06 04:58:50.186 INFO  [main][ParellelDestinationConfig:90] Destination is registred with Service Regisration ..
2023-01-06 04:58:50.189 INFO  [main][SerialDestinationConfig:83] Destination is creared ..liferaysavvy/serial-destination
2023-01-06 04:58:50.190 INFO  [main][MessageBusEventListenerNotification:33] **********Destination Added***********liferaysavvy/serial-destination
2023-01-06 04:58:50.192 INFO  [main][SerialDestinationConfig:90] Destination is registred with Service Regisration ..
2023-01-06 04:58:50.195 INFO  [main][SynchronousDestinationConfig:83] Destination is creared ..liferaysavvy/synchronous-destination
2023-01-06 04:58:50.196 INFO  [main][MessageBusEventListenerNotification:33] **********Destination Added***********liferaysavvy/synchronous-destination
2023-01-06 04:58:50.200 INFO  [main][DestinationListenerRegistrator:41] Message Listener Registered..com.liferaysavvy.messagebus.event.listener.DestinationRegisteredParallelMessageListener@34c43638
2023-01-06 04:58:50.201 INFO  [main][DestinationListenerRegistrator:45] Message Listener Registered..com.liferaysavvy.messagebus.event.listener.DestinationRegisteredSerialMessageListener@294c46ed
2023-01-06 04:58:50.202 INFO  [main][DestinationListenerRegistrator:49] Message Listener Registered..com.liferaysavvy.messagebus.event.listener.DestinationRegisteredSynchronousMessageListener@5e9d7b78
2023-01-06 04:58:50.202 INFO  [main][SynchronousDestinationConfig:90] Destination is registred with Service Regisration ..
2023-01-06 04:58:50.206 INFO  [main][MessageBusEventListenerNotification:33] **********Destination Added***********liferay/interest_terms
2023-01-06 04:58:50.209 INFO  [main][MessageBusEventListenerNotification:33] **********Destination Added***********liferay/segments_entry_reindex
2023-01-06 04:58:50.215 INFO  [main][MessageBusEventListenerNotification:33] **********Destination Added***********liferay/export_import_lifecycle_event_async
2023-01-06 04:58:50.220 INFO  [main][MessageBusEventListenerNotification:33] **********Destination Added***********liferay/export_import_lifecycle_event_sync
2023-01-06 04:58:50.225 INFO  [main][MessageBusEventListenerNotification:33] **********Destination Added***********liferay/monitoring
2023-01-06 04:58:50.235 INFO  [main][MessageBusEventListenerNotification:33] **********Destination Added***********liferay/ddm_structure_reindex
2023-01-06 04:58:50.245 INFO  [main][MessageBusEventListenerNotification:33] **********Destination Added***********liferay/search_reader/SYSTEM_ENGINE
2023-01-06 04:58:50.249 INFO  [main][MessageBusEventListenerNotification:33] **********Destination Added***********liferay/search_writer/SYSTEM_ENGINE
2023-01-06 04:58:51.711 INFO  [main][MessageBusEventListenerNotification:33] **********Destination Added***********liferay/audit
2023-01-06 04:58:51.715 INFO  [main][MessageBusEventListenerNotification:33] **********Destination Added***********liferay/scheduled_user_ldap_import
2023-01-06 04:58:51.720 INFO  [main][MessageBusEventListenerNotification:33] **********Destination Added***********liferay/tensorflow_model_download
2023-01-06 04:58:51.725 INFO  [main][MessageBusEventListenerNotification:33] **********Destination Added***********liferay/adaptive_media_processor
2023-01-06 04:58:51.729 INFO  [main][MessageBusEventListenerNotification:33] **********Destination Added***********liferay/message_bus/default_response
2023-01-06 04:58:51.731 INFO  [main][MessageBusEventListenerNotification:33] **********Destination Added***********liferay/message_bus/message_status
2023-01-06 04:58:51.733 INFO  [main][MessageBusEventListenerNotification:33] **********Destination Added***********liferay/live_users
2023-01-06 04:58:51.734 INFO  [main][MessageBusEventListenerNotification:33] **********Destination Added***********liferay/document_library_audio_processor
2023-01-06 04:58:51.736 INFO  [main][MessageBusEventListenerNotification:33] **********Destination Added***********liferay/async_service
2023-01-06 04:58:51.737 INFO  [main][MessageBusEventListenerNotification:33] **********Destination Added***********liferay/layouts_local_publisher
2023-01-06 04:58:51.739 INFO  [main][MessageBusEventListenerNotification:33] **********Destination Added***********liferay/convert_process
2023-01-06 04:58:51.740 INFO  [main][MessageBusEventListenerNotification:33] **********Destination Added***********liferay/document_library_pdf_processor
2023-01-06 04:58:51.741 INFO  [main][MessageBusEventListenerNotification:33] **********Destination Added***********liferay/subscription_clean_up
2023-01-06 04:58:51.743 INFO  [main][MessageBusEventListenerNotification:33] **********Destination Added***********liferay/document_library_video_processor
2023-01-06 04:58:51.744 INFO  [main][MessageBusEventListenerNotification:33] **********Destination Added***********liferay/document_library_raw_metadata_processor
2023-01-06 04:58:51.746 INFO  [main][MessageBusEventListenerNotification:33] **********Destination Added***********liferay/document_library_image_processor
2023-01-06 04:58:51.748 INFO  [main][MessageBusEventListenerNotification:33] **********Destination Added***********liferay/message_boards_mailing_list
2023-01-06 04:58:51.749 INFO  [main][MessageBusEventListenerNotification:33] **********Destination Added***********liferay/subscription_sender
2023-01-06 04:58:51.751 INFO  [main][MessageBusEventListenerNotification:33] **********Destination Added***********liferay/hot_deploy
2023-01-06 04:58:51.753 INFO  [main][MessageBusEventListenerNotification:33] **********Destination Added***********liferay/layouts_remote_publisher
2023-01-06 04:58:51.765 INFO  [main][MessageBusEventListenerNotification:33] **********Destination Added***********liferay/poller_comet_response
2023-01-06 04:58:51.768 INFO  [main][MessageBusEventListenerNotification:33] **********Destination Added***********liferay/poller_response
2023-01-06 04:58:51.772 INFO  [main][MessageBusEventListenerNotification:33] **********Destination Added***********liferay/poller
2023-01-06 04:58:51.778 INFO  [main][MessageBusEventListenerNotification:33] **********Destination Added***********liferay/workflow_definition
2023-01-06 04:58:51.780 INFO  [main][MessageBusEventListenerNotification:33] **********Destination Added***********liferay/workflow_instance
2023-01-06 04:58:51.783 INFO  [main][MessageBusEventListenerNotification:33] **********Destination Added***********liferay/workflow_log
2023-01-06 04:58:51.785 INFO  [main][MessageBusEventListenerNotification:33] **********Destination Added***********liferay/workflow_task
2023-01-06 04:58:51.788 INFO  [main][MessageBusEventListenerNotification:33] **********Destination Added***********liferay/workflow_engine
2023-01-06 04:58:51.790 INFO  [main][MessageBusEventListenerNotification:33] **********Destination Added***********liferay/workflow_comparator
2023-01-06 04:58:51.792 INFO  [main][MessageBusEventListenerNotification:33] **********Destination Added***********liferay/workflow_status
2023-01-06 04:58:51.795 INFO  [main][MessageBusEventListenerNotification:33] **********Destination Added***********liferay/mail
2023-01-06 04:58:51.799 INFO  [main][MessageBusEventListenerNotification:33] **********Destination Added***********liferay/scripting_executor
2023-01-06 04:58:51.804 INFO  [main][MessageBusEventListenerNotification:33] **********Destination Added***********liferay/commerce_base_price_list
2023-01-06 04:58:51.807 INFO  [main][MessageBusEventListenerNotification:33] **********Destination Added***********liferay/commerce_order_status
2023-01-06 04:58:51.808 INFO  [main][MessageBusEventListenerNotification:33] **********Destination Added***********liferay/commerce_payment_status
2023-01-06 04:58:51.821 INFO  [main][MessageBusEventListenerNotification:33] **********Destination Added***********liferay/commerce_shipment_status
2023-01-06 04:58:51.823 INFO  [main][MessageBusEventListenerNotification:33] **********Destination Added***********liferay/commerce_subscription_status
2023-01-06 04:58:51.827 INFO  [main][MessageBusEventListenerNotification:33] **********Destination Added***********liferay/search_reader/GENERIC_ENGINE
2023-01-06 04:58:51.829 INFO  [main][MessageBusEventListenerNotification:33] **********Destination Added***********liferay/search_writer/GENERIC_ENGINE
2023-01-06 04:58:52.382 INFO  [main][MessageBusEventListenerNotification:33] **********Destination Added***********liferay/flags
2023-01-06 04:58:54.063 INFO  [main][StartupHelperUtil:86] There are no patches installed
2023-01-06 04:58:54.083 INFO  [main][LoggingTimer:83] Starting com.liferay.portal.events.StartupHelperUtil#initResourceActions
2023-01-06 04:58:54.111 INFO  [main][LoggingTimer:44] Completed com.liferay.portal.events.StartupHelperUtil#initResourceActions in 27 ms
2023-01-06 04:58:54.117 INFO  [main][MessageBusEventListenerNotification:33] **********Destination Added***********liferay/lcs_status
2023-01-06 04:58:54.146 INFO  [main][LicenseManager:-1] Digital Enterprise Development license validation passed
2023-01-06 04:58:54.871 INFO  [main][AutoDeployDir:176] Auto deploy scanner started for /media/root322/Data/Documents/LiferayWorkspace/bundles/deploy
2023-01-06 04:59:09.795 INFO  [com.liferay.portal.osgi.web.wab.extender.internal.WabFactory-BundleTrackerOpener][ThemeHotDeployListener:108] 1 theme for classic-theme is available for use
2023-01-06 04:59:10.075 INFO  [com.liferay.portal.osgi.web.wab.extender.internal.WabFactory-BundleTrackerOpener][ThemeHotDeployListener:108] 1 theme for dialect-theme is available for use
2023-01-06 04:59:10.362 INFO  [com.liferay.portal.osgi.web.wab.extender.internal.WabFactory-BundleTrackerOpener][ThemeHotDeployListener:108] 1 theme for speedwell-theme is available for use
2023-01-06 04:59:10.555 INFO  [com.liferay.portal.osgi.web.wab.extender.internal.WabFactory-BundleTrackerOpener][ThemeHotDeployListener:108] 1 theme for minium-theme is available for use
2023-01-06 04:59:10.765 INFO  [com.liferay.portal.osgi.web.wab.extender.internal.WabFactory-BundleTrackerOpener][ThemeHotDeployListener:108] 1 theme for admin-theme is available for use
2023-01-06 04:59:10.992 INFO  [com.liferay.portal.osgi.web.wab.extender.internal.WabFactory-BundleTrackerOpener][HookHotDeployListener:496] Hook for LangHook is available for use
2023-01-06 04:59:11.190 INFO  [com.liferay.portal.osgi.web.wab.extender.internal.WabFactory-BundleTrackerOpener][LayoutTemplateHotDeployListener:107] 1 layout template for LayoutTemplateDemo is available for use
2023-01-06 04:59:11.465 INFO  [com.liferay.portal.osgi.web.wab.extender.internal.WabFactory-BundleTrackerOpener][ThemeHotDeployListener:108] 1 theme for democlassictheme-theme is available for use
2023-01-06 04:59:11.592 INFO  [com.liferay.portal.osgi.web.wab.extender.internal.WabFactory-BundleTrackerOpener][ThemeHotDeployListener:108] 1 theme for demotheme-theme is available for use
2023-01-06 04:59:11.845 INFO  [com.liferay.portal.osgi.web.wab.extender.internal.WabFactory-BundleTrackerOpener][ThemeHotDeployListener:108] 1 theme for my-liferay-theme is available for use
2023-01-06 04:59:12.225 INFO  [com.liferay.portal.osgi.web.wab.extender.internal.WabFactory-BundleTrackerOpener][ThemeHotDeployListener:108] 1 theme for cstheme2-theme is available for use
2023-01-06 06:03:07.761 INFO  [fileinstall-directory-watcher][BundleStartStopLogger:77] STARTED background-task_1.0.0 [1803]
2023-01-06 06:13:44.325 INFO  [fileinstall-directory-watcher][BundleStartStopLogger:80] STOPPED background-task_1.0.0 [1803]
2023-01-06 06:13:44.426 INFO  [Refresh Thread: Equinox Container: 7c9d71bf-5040-46f6-ae1a-caf1cbc68901][BundleStartStopLogger:77] STARTED background-task_1.0.0 [1803]
2023-01-06 06:27:21.156 INFO  [fileinstall-directory-watcher][BundleStartStopLogger:80] STOPPED background-task_1.0.0 [1803]
2023-01-06 06:27:21.306 INFO  [Refresh Thread: Equinox Container: 7c9d71bf-5040-46f6-ae1a-caf1cbc68901][BundleStartStopLogger:77] STARTED background-task_1.0.0 [1803]
2023-01-06 06:29:41.729 INFO  [fileinstall-directory-watcher][BundleStartStopLogger:80] STOPPED background-task_1.0.0 [1803]
2023-01-06 06:29:41.962 INFO  [Refresh Thread: Equinox Container: 7c9d71bf-5040-46f6-ae1a-caf1cbc68901][BundleStartStopLogger:77] STARTED background-task_1.0.0 [1803]
2023-01-06 06:30:27.171 INFO  [fileinstall-directory-watcher][BundleStartStopLogger:80] STOPPED background-task_1.0.0 [1803]
2023-01-06 06:30:27.556 INFO  [Refresh Thread: Equinox Container: 7c9d71bf-5040-46f6-ae1a-caf1cbc68901][BundleStartStopLogger:77] STARTED background-task_1.0.0 [1803]
2023-01-06 06:31:52.867 INFO  [fileinstall-directory-watcher][BundleStartStopLogger:80] STOPPED background-task_1.0.0 [1803]
2023-01-06 06:31:53.017 INFO  [Refresh Thread: Equinox Container: 7c9d71bf-5040-46f6-ae1a-caf1cbc68901][BundleStartStopLogger:77] STARTED background-task_1.0.0 [1803]
2023-01-06 06:51:50.742 INFO  [fileinstall-directory-watcher][BundleStartStopLogger:80] STOPPED background-task_1.0.0 [1803]
2023-01-06 06:51:50.889 INFO  [Refresh Thread: Equinox Container: 7c9d71bf-5040-46f6-ae1a-caf1cbc68901][BundleStartStopLogger:77] STARTED background-task_1.0.0 [1803]
2023-01-06 06:56:01.600 INFO  [fileinstall-directory-watcher][BundleStartStopLogger:80] STOPPED background-task_1.0.0 [1803]
2023-01-06 06:56:01.754 INFO  [Refresh Thread: Equinox Container: 7c9d71bf-5040-46f6-ae1a-caf1cbc68901][BundleStartStopLogger:77] STARTED background-task_1.0.0 [1803]
2023-01-06 06:58:02.134 INFO  [fileinstall-directory-watcher][BundleStartStopLogger:80] STOPPED background-task_1.0.0 [1803]
2023-01-06 06:58:02.270 INFO  [Refresh Thread: Equinox Container: 7c9d71bf-5040-46f6-ae1a-caf1cbc68901][BundleStartStopLogger:77] STARTED background-task_1.0.0 [1803]
2023-01-06 06:59:22.533 INFO  [fileinstall-directory-watcher][BundleStartStopLogger:80] STOPPED background-task_1.0.0 [1803]
2023-01-06 06:59:22.644 INFO  [Refresh Thread: Equinox Container: 7c9d71bf-5040-46f6-ae1a-caf1cbc68901][BundleStartStopLogger:77] STARTED background-task_1.0.0 [1803]
2023-01-06 07:00:33.003 INFO  [fileinstall-directory-watcher][BundleStartStopLogger:80] STOPPED background-task_1.0.0 [1803]
2023-01-06 07:00:33.141 INFO  [Refresh Thread: Equinox Container: 7c9d71bf-5040-46f6-ae1a-caf1cbc68901][BundleStartStopLogger:77] STARTED background-task_1.0.0 [1803]
2023-01-06 07:05:18.848 INFO  [fileinstall-directory-watcher][BundleStartStopLogger:80] STOPPED background-task_1.0.0 [1803]
2023-01-06 07:05:18.931 INFO  [Refresh Thread: Equinox Container: 7c9d71bf-5040-46f6-ae1a-caf1cbc68901][BundleStartStopLogger:77] STARTED background-task_1.0.0 [1803]
2023-01-06 07:09:54.627 INFO  [fileinstall-directory-watcher][BundleStartStopLogger:80] STOPPED background-task_1.0.0 [1803]
2023-01-06 07:09:54.742 INFO  [Refresh Thread: Equinox Container: 7c9d71bf-5040-46f6-ae1a-caf1cbc68901][BundleStartStopLogger:77] STARTED background-task_1.0.0 [1803]
2023-01-06 07:16:45.835 INFO  [fileinstall-directory-watcher][BundleStartStopLogger:80] STOPPED background-task_1.0.0 [1803]
2023-01-06 07:16:45.999 INFO  [Refresh Thread: Equinox Container: 7c9d71bf-5040-46f6-ae1a-caf1cbc68901][BundleStartStopLogger:77] STARTED background-task_1.0.0 [1803]
2023-01-06 07:19:16.398 INFO  [fileinstall-directory-watcher][BundleStartStopLogger:80] STOPPED background-task_1.0.0 [1803]
2023-01-06 07:19:16.513 INFO  [Refresh Thread: Equinox Container: 7c9d71bf-5040-46f6-ae1a-caf1cbc68901][BundleStartStopLogger:77] STARTED background-task_1.0.0 [1803]
2023-01-06 07:19:51.656 INFO  [fileinstall-directory-watcher][BundleStartStopLogger:80] STOPPED background-task_1.0.0 [1803]
2023-01-06 07:19:51.736 INFO  [Refresh Thread: Equinox Container: 7c9d71bf-5040-46f6-ae1a-caf1cbc68901][BundleStartStopLogger:77] STARTED background-task_1.0.0 [1803]
2023-01-06 07:22:47.163 INFO  [fileinstall-directory-watcher][BundleStartStopLogger:80] STOPPED background-task_1.0.0 [1803]
2023-01-06 07:22:47.338 INFO  [Refresh Thread: Equinox Container: 7c9d71bf-5040-46f6-ae1a-caf1cbc68901][BundleStartStopLogger:77] STARTED background-task_1.0.0 [1803]
2023-01-06 07:23:37.589 INFO  [fileinstall-directory-watcher][BundleStartStopLogger:80] STOPPED background-task_1.0.0 [1803]
2023-01-06 07:23:37.720 INFO  [Refresh Thread: Equinox Container: 7c9d71bf-5040-46f6-ae1a-caf1cbc68901][BundleStartStopLogger:77] STARTED background-task_1.0.0 [1803]
2023-01-06 07:27:48.346 INFO  [fileinstall-directory-watcher][BundleStartStopLogger:80] STOPPED background-task_1.0.0 [1803]
2023-01-06 07:27:48.423 INFO  [Refresh Thread: Equinox Container: 7c9d71bf-5040-46f6-ae1a-caf1cbc68901][BundleStartStopLogger:77] STARTED background-task_1.0.0 [1803]
2023-01-06 07:29:43.804 INFO  [fileinstall-directory-watcher][BundleStartStopLogger:80] STOPPED background-task_1.0.0 [1803]
2023-01-06 07:29:43.881 INFO  [Refresh Thread: Equinox Container: 7c9d71bf-5040-46f6-ae1a-caf1cbc68901][BundleStartStopLogger:77] STARTED background-task_1.0.0 [1803]
2023-01-06 07:30:59.240 INFO  [fileinstall-directory-watcher][BundleStartStopLogger:80] STOPPED background-task_1.0.0 [1803]
2023-01-06 07:30:59.485 INFO  [Refresh Thread: Equinox Container: 7c9d71bf-5040-46f6-ae1a-caf1cbc68901][BundleStartStopLogger:77] STARTED background-task_1.0.0 [1803]
2023-01-06 07:32:29.758 INFO  [fileinstall-directory-watcher][BundleStartStopLogger:80] STOPPED background-task_1.0.0 [1803]
2023-01-06 07:32:29.876 INFO  [Refresh Thread: Equinox Container: 7c9d71bf-5040-46f6-ae1a-caf1cbc68901][BundleStartStopLogger:77] STARTED background-task_1.0.0 [1803]
2023-01-06 07:34:20.219 INFO  [fileinstall-directory-watcher][BundleStartStopLogger:80] STOPPED background-task_1.0.0 [1803]
2023-01-06 07:34:20.439 INFO  [Refresh Thread: Equinox Container: 7c9d71bf-5040-46f6-ae1a-caf1cbc68901][BundleStartStopLogger:77] STARTED background-task_1.0.0 [1803]
2023-01-06 08:02:54.406 INFO  [fileinstall-directory-watcher][BundleStartStopLogger:80] STOPPED background-task_1.0.0 [1803]
2023-01-06 08:02:54.506 INFO  [Refresh Thread: Equinox Container: 7c9d71bf-5040-46f6-ae1a-caf1cbc68901][BundleStartStopLogger:77] STARTED background-task_1.0.0 [1803]
2023-01-06 08:47:04.937 INFO  [fileinstall-directory-watcher][BundleStartStopLogger:80] STOPPED background-task_1.0.0 [1803]
2023-01-06 08:47:05.028 INFO  [Refresh Thread: Equinox Container: 7c9d71bf-5040-46f6-ae1a-caf1cbc68901][BundleStartStopLogger:77] STARTED background-task_1.0.0 [1803]
2023-01-06 10:54:40.259 INFO  [fileinstall-directory-watcher][BundleStartStopLogger:80] STOPPED com.liferay.docs.guestbook.service_1.0.0 [1798]
2023-01-06 10:54:40.614 WARN  [Refresh Thread: Equinox Container: 7c9d71bf-5040-46f6-ae1a-caf1cbc68901][ServiceComponentLocalServiceImpl:561] Auto upgrading GB database to build number 75 is not supported for a production environment. Write an UpgradeStep to ensure data is upgraded correctly.
2023-01-06 10:54:40.651 INFO  [Refresh Thread: Equinox Container: 7c9d71bf-5040-46f6-ae1a-caf1cbc68901][BundleStartStopLogger:77] STARTED com.liferay.docs.guestbook.service_1.0.0 [1798]
2023-01-06 10:54:55.980 INFO  [fileinstall-directory-watcher][BundleStartStopLogger:80] STOPPED com.liferay.docs.guestbook.portlet_1.0.0 [1800]
2023-01-06 10:54:56.014 ERROR [fileinstall-directory-watcher][DirectoryWatcher:1173] Unable to start bundle: file:/media/root322/Data/Documents/LiferayWorkspace/bundles/osgi/modules/com.liferay.docs.guestbook.portlet.jar
com.liferay.portal.kernel.log.LogSanitizerException: org.osgi.framework.BundleException: Could not resolve module: com.liferay.docs.guestbook.portlet [1800]_  Unresolved requirement: Import-Package: com.liferay.docs.guestbook.background.executor_ [Sanitized]
	at org.eclipse.osgi.container.Module.start(Module.java:444) ~[org.eclipse.osgi.jar:?]
	at org.eclipse.osgi.internal.framework.EquinoxBundle.start(EquinoxBundle.java:428) ~[org.eclipse.osgi.jar:?]
	at com.liferay.portal.file.install.internal.DirectoryWatcher._startBundle(DirectoryWatcher.java:1156) [bundleFile:?]
	at com.liferay.portal.file.install.internal.DirectoryWatcher._startBundles(DirectoryWatcher.java:1189) [bundleFile:?]
	at com.liferay.portal.file.install.internal.DirectoryWatcher._startAllBundles(DirectoryWatcher.java:1130) [bundleFile:?]
	at com.liferay.portal.file.install.internal.DirectoryWatcher._process(DirectoryWatcher.java:1041) [bundleFile:?]
	at com.liferay.portal.file.install.internal.DirectoryWatcher.run(DirectoryWatcher.java:221) [bundleFile:?]
2023-01-06 10:57:41.468 ERROR [fileinstall-directory-watcher][DirectoryWatcher:1173] Unable to start bundle: file:/media/root322/Data/Documents/LiferayWorkspace/bundles/osgi/modules/com.liferay.docs.guestbook.portlet.jar
com.liferay.portal.kernel.log.LogSanitizerException: org.osgi.framework.BundleException: Could not resolve module: com.liferay.docs.guestbook.portlet [1804]_  Unresolved requirement: Import-Package: com.liferay.docs.guestbook.background.executor_ [Sanitized]
	at org.eclipse.osgi.container.Module.start(Module.java:444) ~[org.eclipse.osgi.jar:?]
	at org.eclipse.osgi.internal.framework.EquinoxBundle.start(EquinoxBundle.java:428) ~[org.eclipse.osgi.jar:?]
	at com.liferay.portal.file.install.internal.DirectoryWatcher._startBundle(DirectoryWatcher.java:1156) [bundleFile:?]
	at com.liferay.portal.file.install.internal.DirectoryWatcher._startBundles(DirectoryWatcher.java:1189) [bundleFile:?]
	at com.liferay.portal.file.install.internal.DirectoryWatcher._process(DirectoryWatcher.java:1046) [bundleFile:?]
	at com.liferay.portal.file.install.internal.DirectoryWatcher.run(DirectoryWatcher.java:221) [bundleFile:?]
2023-01-06 10:58:11.530 INFO  [fileinstall-directory-watcher][BundleStartStopLogger:80] STOPPED com.liferay.docs.guestbook.api_1.0.0 [1753]
2023-01-06 10:58:11.618 INFO  [fileinstall-directory-watcher][BundleStartStopLogger:80] STOPPED com.liferay.docs.guestbook.service_1.0.0 [1798]
2023-01-06 10:58:11.714 INFO  [Refresh Thread: Equinox Container: 7c9d71bf-5040-46f6-ae1a-caf1cbc68901][BundleStartStopLogger:80] STOPPED background-task_1.0.0 [1803]
2023-01-06 10:58:11.752 ERROR [fileinstall-directory-watcher][DirectoryWatcher:1173] Unable to start bundle: file:/media/root322/Data/Documents/LiferayWorkspace/bundles/osgi/modules/com.liferay.docs.guestbook.portlet.jar
com.liferay.portal.kernel.log.LogSanitizerException: org.osgi.framework.BundleException: Could not resolve module: com.liferay.docs.guestbook.portlet [1804]_  Unresolved requirement: Import-Package: com.liferay.docs.guestbook.background.executor_ [Sanitized]
	at org.eclipse.osgi.container.Module.start(Module.java:444) ~[org.eclipse.osgi.jar:?]
	at org.eclipse.osgi.internal.framework.EquinoxBundle.start(EquinoxBundle.java:428) ~[org.eclipse.osgi.jar:?]
	at com.liferay.portal.file.install.internal.DirectoryWatcher._startBundle(DirectoryWatcher.java:1156) [bundleFile:?]
	at com.liferay.portal.file.install.internal.DirectoryWatcher._startBundles(DirectoryWatcher.java:1189) [bundleFile:?]
	at com.liferay.portal.file.install.internal.DirectoryWatcher._startAllBundles(DirectoryWatcher.java:1130) [bundleFile:?]
	at com.liferay.portal.file.install.internal.DirectoryWatcher._process(DirectoryWatcher.java:1041) [bundleFile:?]
	at com.liferay.portal.file.install.internal.DirectoryWatcher.run(DirectoryWatcher.java:221) [bundleFile:?]
2023-01-06 10:58:11.757 ERROR [fileinstall-directory-watcher][DirectoryWatcher:1173] Unable to start bundle: file:/media/root322/Data/Documents/LiferayWorkspace/bundles/osgi/modules/background-task.jar
com.liferay.portal.kernel.log.LogSanitizerException: org.osgi.framework.BundleException: Could not resolve module: background-task [1803]_  Unresolved requirement: Import-Package: com.liferay.docs.guestbook.model_ [Sanitized]
	at org.eclipse.osgi.container.Module.start(Module.java:444) ~[org.eclipse.osgi.jar:?]
	at org.eclipse.osgi.internal.framework.EquinoxBundle.start(EquinoxBundle.java:428) ~[org.eclipse.osgi.jar:?]
	at com.liferay.portal.file.install.internal.DirectoryWatcher._startBundle(DirectoryWatcher.java:1156) [bundleFile:?]
	at com.liferay.portal.file.install.internal.DirectoryWatcher._startBundles(DirectoryWatcher.java:1189) [bundleFile:?]
	at com.liferay.portal.file.install.internal.DirectoryWatcher._startAllBundles(DirectoryWatcher.java:1130) [bundleFile:?]
	at com.liferay.portal.file.install.internal.DirectoryWatcher._process(DirectoryWatcher.java:1041) [bundleFile:?]
	at com.liferay.portal.file.install.internal.DirectoryWatcher.run(DirectoryWatcher.java:221) [bundleFile:?]
2023-01-06 10:58:11.761 ERROR [fileinstall-directory-watcher][DirectoryWatcher:1173] Unable to start bundle: file:/media/root322/Data/Documents/LiferayWorkspace/bundles/osgi/modules/com.liferay.docs.guestbook.portlet.jar
com.liferay.portal.kernel.log.LogSanitizerException: org.osgi.framework.BundleException: Could not resolve module: com.liferay.docs.guestbook.portlet [1804]_  Unresolved requirement: Import-Package: com.liferay.docs.guestbook.background.executor_ [Sanitized]
	at org.eclipse.osgi.container.Module.start(Module.java:444) ~[org.eclipse.osgi.jar:?]
	at org.eclipse.osgi.internal.framework.EquinoxBundle.start(EquinoxBundle.java:428) ~[org.eclipse.osgi.jar:?]
	at com.liferay.portal.file.install.internal.DirectoryWatcher._startBundle(DirectoryWatcher.java:1156) [bundleFile:?]
	at com.liferay.portal.file.install.internal.DirectoryWatcher._startBundles(DirectoryWatcher.java:1189) [bundleFile:?]
	at com.liferay.portal.file.install.internal.DirectoryWatcher._process(DirectoryWatcher.java:1046) [bundleFile:?]
	at com.liferay.portal.file.install.internal.DirectoryWatcher.run(DirectoryWatcher.java:221) [bundleFile:?]
2023-01-06 10:58:46.939 INFO  [Refresh Thread: Equinox Container: 7c9d71bf-5040-46f6-ae1a-caf1cbc68901][BundleStartStopLogger:77] STARTED background-task_1.0.0 [1803]
2023-01-06 10:58:47.003 ERROR [fileinstall-directory-watcher][DirectoryWatcher:1173] Unable to start bundle: file:/media/root322/Data/Documents/LiferayWorkspace/bundles/osgi/modules/com.liferay.docs.guestbook.portlet.jar
com.liferay.portal.kernel.log.LogSanitizerException: org.osgi.framework.BundleException: Could not resolve module: com.liferay.docs.guestbook.portlet [1804]_  Unresolved requirement: Import-Package: com.liferay.docs.guestbook.background.executor_ [Sanitized]
	at org.eclipse.osgi.container.Module.start(Module.java:444) ~[org.eclipse.osgi.jar:?]
	at org.eclipse.osgi.internal.framework.EquinoxBundle.start(EquinoxBundle.java:428) ~[org.eclipse.osgi.jar:?]
	at com.liferay.portal.file.install.internal.DirectoryWatcher._startBundle(DirectoryWatcher.java:1156) [bundleFile:?]
	at com.liferay.portal.file.install.internal.DirectoryWatcher._startBundles(DirectoryWatcher.java:1189) [bundleFile:?]
	at com.liferay.portal.file.install.internal.DirectoryWatcher._startAllBundles(DirectoryWatcher.java:1130) [bundleFile:?]
	at com.liferay.portal.file.install.internal.DirectoryWatcher._process(DirectoryWatcher.java:1041) [bundleFile:?]
	at com.liferay.portal.file.install.internal.DirectoryWatcher.run(DirectoryWatcher.java:221) [bundleFile:?]
2023-01-06 10:58:47.007 ERROR [fileinstall-directory-watcher][DirectoryWatcher:1173] Unable to start bundle: file:/media/root322/Data/Documents/LiferayWorkspace/bundles/osgi/modules/com.liferay.docs.guestbook.portlet.jar
com.liferay.portal.kernel.log.LogSanitizerException: org.osgi.framework.BundleException: Could not resolve module: com.liferay.docs.guestbook.portlet [1804]_  Unresolved requirement: Import-Package: com.liferay.docs.guestbook.background.executor_ [Sanitized]
	at org.eclipse.osgi.container.Module.start(Module.java:444) ~[org.eclipse.osgi.jar:?]
	at org.eclipse.osgi.internal.framework.EquinoxBundle.start(EquinoxBundle.java:428) ~[org.eclipse.osgi.jar:?]
	at com.liferay.portal.file.install.internal.DirectoryWatcher._startBundle(DirectoryWatcher.java:1156) [bundleFile:?]
	at com.liferay.portal.file.install.internal.DirectoryWatcher._startBundles(DirectoryWatcher.java:1189) [bundleFile:?]
	at com.liferay.portal.file.install.internal.DirectoryWatcher._process(DirectoryWatcher.java:1046) [bundleFile:?]
	at com.liferay.portal.file.install.internal.DirectoryWatcher.run(DirectoryWatcher.java:221) [bundleFile:?]
2023-01-06 10:58:47.008 INFO  [fileinstall-directory-watcher][BundleStartStopLogger:77] STARTED com.liferay.docs.guestbook.api_1.0.0 [1805]
2023-01-06 10:58:47.142 WARN  [fileinstall-directory-watcher][ServiceComponentLocalServiceImpl:561] Auto upgrading GB database to build number 76 is not supported for a production environment. Write an UpgradeStep to ensure data is upgraded correctly.
2023-01-06 10:58:47.169 INFO  [fileinstall-directory-watcher][BundleStartStopLogger:77] STARTED com.liferay.docs.guestbook.service_1.0.0 [1806]
2023-01-06 11:00:07.573 INFO  [fileinstall-directory-watcher][BundleStartStopLogger:80] STOPPED com.liferay.docs.guestbook.service_1.0.0 [1806]
2023-01-06 11:00:08.126 WARN  [Refresh Thread: Equinox Container: 7c9d71bf-5040-46f6-ae1a-caf1cbc68901][ServiceComponentLocalServiceImpl:561] Auto upgrading GB database to build number 77 is not supported for a production environment. Write an UpgradeStep to ensure data is upgraded correctly.
2023-01-06 11:00:08.154 INFO  [Refresh Thread: Equinox Container: 7c9d71bf-5040-46f6-ae1a-caf1cbc68901][BundleStartStopLogger:77] STARTED com.liferay.docs.guestbook.service_1.0.0 [1806]
2023-01-06 11:00:08.340 ERROR [fileinstall-directory-watcher][DirectoryWatcher:1173] Unable to start bundle: file:/media/root322/Data/Documents/LiferayWorkspace/bundles/osgi/modules/com.liferay.docs.guestbook.portlet.jar
com.liferay.portal.kernel.log.LogSanitizerException: org.osgi.framework.BundleException: Could not resolve module: com.liferay.docs.guestbook.portlet [1804]_  Unresolved requirement: Import-Package: com.liferay.docs.guestbook.background.executor_ [Sanitized]
	at org.eclipse.osgi.container.Module.start(Module.java:444) ~[org.eclipse.osgi.jar:?]
	at org.eclipse.osgi.internal.framework.EquinoxBundle.start(EquinoxBundle.java:428) ~[org.eclipse.osgi.jar:?]
	at com.liferay.portal.file.install.internal.DirectoryWatcher._startBundle(DirectoryWatcher.java:1156) [bundleFile:?]
	at com.liferay.portal.file.install.internal.DirectoryWatcher._startBundles(DirectoryWatcher.java:1189) [bundleFile:?]
	at com.liferay.portal.file.install.internal.DirectoryWatcher._startAllBundles(DirectoryWatcher.java:1130) [bundleFile:?]
	at com.liferay.portal.file.install.internal.DirectoryWatcher._process(DirectoryWatcher.java:1041) [bundleFile:?]
	at com.liferay.portal.file.install.internal.DirectoryWatcher.run(DirectoryWatcher.java:221) [bundleFile:?]
2023-01-06 11:00:08.346 ERROR [fileinstall-directory-watcher][DirectoryWatcher:1173] Unable to start bundle: file:/media/root322/Data/Documents/LiferayWorkspace/bundles/osgi/modules/com.liferay.docs.guestbook.portlet.jar
com.liferay.portal.kernel.log.LogSanitizerException: org.osgi.framework.BundleException: Could not resolve module: com.liferay.docs.guestbook.portlet [1804]_  Unresolved requirement: Import-Package: com.liferay.docs.guestbook.background.executor_ [Sanitized]
	at org.eclipse.osgi.container.Module.start(Module.java:444) ~[org.eclipse.osgi.jar:?]
	at org.eclipse.osgi.internal.framework.EquinoxBundle.start(EquinoxBundle.java:428) ~[org.eclipse.osgi.jar:?]
	at com.liferay.portal.file.install.internal.DirectoryWatcher._startBundle(DirectoryWatcher.java:1156) [bundleFile:?]
	at com.liferay.portal.file.install.internal.DirectoryWatcher._startBundles(DirectoryWatcher.java:1189) [bundleFile:?]
	at com.liferay.portal.file.install.internal.DirectoryWatcher._process(DirectoryWatcher.java:1046) [bundleFile:?]
	at com.liferay.portal.file.install.internal.DirectoryWatcher.run(DirectoryWatcher.java:221) [bundleFile:?]
2023-01-06 11:00:38.426 ERROR [fileinstall-directory-watcher][DirectoryWatcher:1173] Unable to start bundle: file:/media/root322/Data/Documents/LiferayWorkspace/bundles/osgi/modules/com.liferay.docs.guestbook.portlet.jar
com.liferay.portal.kernel.log.LogSanitizerException: org.osgi.framework.BundleException: Could not resolve module: com.liferay.docs.guestbook.portlet [1804]_  Unresolved requirement: Import-Package: com.liferay.docs.guestbook.background.executor_ [Sanitized]
	at org.eclipse.osgi.container.Module.start(Module.java:444) ~[org.eclipse.osgi.jar:?]
	at org.eclipse.osgi.internal.framework.EquinoxBundle.start(EquinoxBundle.java:428) ~[org.eclipse.osgi.jar:?]
	at com.liferay.portal.file.install.internal.DirectoryWatcher._startBundle(DirectoryWatcher.java:1156) [bundleFile:?]
	at com.liferay.portal.file.install.internal.DirectoryWatcher._startBundles(DirectoryWatcher.java:1189) [bundleFile:?]
	at com.liferay.portal.file.install.internal.DirectoryWatcher._startAllBundles(DirectoryWatcher.java:1130) [bundleFile:?]
	at com.liferay.portal.file.install.internal.DirectoryWatcher._process(DirectoryWatcher.java:1041) [bundleFile:?]
	at com.liferay.portal.file.install.internal.DirectoryWatcher.run(DirectoryWatcher.java:221) [bundleFile:?]
2023-01-06 11:00:38.440 ERROR [fileinstall-directory-watcher][DirectoryWatcher:1173] Unable to start bundle: file:/media/root322/Data/Documents/LiferayWorkspace/bundles/osgi/modules/com.liferay.docs.guestbook.portlet.jar
com.liferay.portal.kernel.log.LogSanitizerException: org.osgi.framework.BundleException: Could not resolve module: com.liferay.docs.guestbook.portlet [1804]_  Unresolved requirement: Import-Package: com.liferay.docs.guestbook.background.executor_ [Sanitized]
	at org.eclipse.osgi.container.Module.start(Module.java:444) ~[org.eclipse.osgi.jar:?]
	at org.eclipse.osgi.internal.framework.EquinoxBundle.start(EquinoxBundle.java:428) ~[org.eclipse.osgi.jar:?]
	at com.liferay.portal.file.install.internal.DirectoryWatcher._startBundle(DirectoryWatcher.java:1156) [bundleFile:?]
	at com.liferay.portal.file.install.internal.DirectoryWatcher._startBundles(DirectoryWatcher.java:1189) [bundleFile:?]
	at com.liferay.portal.file.install.internal.DirectoryWatcher._process(DirectoryWatcher.java:1046) [bundleFile:?]
	at com.liferay.portal.file.install.internal.DirectoryWatcher.run(DirectoryWatcher.java:221) [bundleFile:?]
2023-01-06 11:02:13.757 INFO  [fileinstall-directory-watcher][BundleStartStopLogger:80] STOPPED com.liferay.docs.guestbook.service_1.0.0 [1806]
2023-01-06 11:02:14.067 INFO  [Refresh Thread: Equinox Container: 7c9d71bf-5040-46f6-ae1a-caf1cbc68901][BundleStartStopLogger:77] STARTED com.liferay.docs.guestbook.service_1.0.0 [1806]
2023-01-06 11:02:14.185 ERROR [fileinstall-directory-watcher][DirectoryWatcher:1173] Unable to start bundle: file:/media/root322/Data/Documents/LiferayWorkspace/bundles/osgi/modules/com.liferay.docs.guestbook.portlet.jar
com.liferay.portal.kernel.log.LogSanitizerException: org.osgi.framework.BundleException: Could not resolve module: com.liferay.docs.guestbook.portlet [1804]_  Unresolved requirement: Import-Package: com.liferay.docs.guestbook.background.executor_ [Sanitized]
	at org.eclipse.osgi.container.Module.start(Module.java:444) ~[org.eclipse.osgi.jar:?]
	at org.eclipse.osgi.internal.framework.EquinoxBundle.start(EquinoxBundle.java:428) ~[org.eclipse.osgi.jar:?]
	at com.liferay.portal.file.install.internal.DirectoryWatcher._startBundle(DirectoryWatcher.java:1156) [bundleFile:?]
	at com.liferay.portal.file.install.internal.DirectoryWatcher._startBundles(DirectoryWatcher.java:1189) [bundleFile:?]
	at com.liferay.portal.file.install.internal.DirectoryWatcher._startAllBundles(DirectoryWatcher.java:1130) [bundleFile:?]
	at com.liferay.portal.file.install.internal.DirectoryWatcher._process(DirectoryWatcher.java:1041) [bundleFile:?]
	at com.liferay.portal.file.install.internal.DirectoryWatcher.run(DirectoryWatcher.java:221) [bundleFile:?]
2023-01-06 11:02:14.190 ERROR [fileinstall-directory-watcher][DirectoryWatcher:1173] Unable to start bundle: file:/media/root322/Data/Documents/LiferayWorkspace/bundles/osgi/modules/com.liferay.docs.guestbook.portlet.jar
com.liferay.portal.kernel.log.LogSanitizerException: org.osgi.framework.BundleException: Could not resolve module: com.liferay.docs.guestbook.portlet [1804]_  Unresolved requirement: Import-Package: com.liferay.docs.guestbook.background.executor_ [Sanitized]
	at org.eclipse.osgi.container.Module.start(Module.java:444) ~[org.eclipse.osgi.jar:?]
	at org.eclipse.osgi.internal.framework.EquinoxBundle.start(EquinoxBundle.java:428) ~[org.eclipse.osgi.jar:?]
	at com.liferay.portal.file.install.internal.DirectoryWatcher._startBundle(DirectoryWatcher.java:1156) [bundleFile:?]
	at com.liferay.portal.file.install.internal.DirectoryWatcher._startBundles(DirectoryWatcher.java:1189) [bundleFile:?]
	at com.liferay.portal.file.install.internal.DirectoryWatcher._process(DirectoryWatcher.java:1046) [bundleFile:?]
	at com.liferay.portal.file.install.internal.DirectoryWatcher.run(DirectoryWatcher.java:221) [bundleFile:?]
2023-01-06 11:03:39.407 INFO  [fileinstall-directory-watcher][BundleStartStopLogger:80] STOPPED com.liferay.docs.guestbook.service_1.0.0 [1806]
2023-01-06 11:03:39.575 WARN  [Refresh Thread: Equinox Container: 7c9d71bf-5040-46f6-ae1a-caf1cbc68901][ServiceComponentLocalServiceImpl:561] Auto upgrading GB database to build number 79 is not supported for a production environment. Write an UpgradeStep to ensure data is upgraded correctly.
2023-01-06 11:03:39.598 INFO  [Refresh Thread: Equinox Container: 7c9d71bf-5040-46f6-ae1a-caf1cbc68901][BundleStartStopLogger:77] STARTED com.liferay.docs.guestbook.service_1.0.0 [1806]
2023-01-06 11:03:39.704 ERROR [fileinstall-directory-watcher][DirectoryWatcher:1173] Unable to start bundle: file:/media/root322/Data/Documents/LiferayWorkspace/bundles/osgi/modules/com.liferay.docs.guestbook.portlet.jar
com.liferay.portal.kernel.log.LogSanitizerException: org.osgi.framework.BundleException: Could not resolve module: com.liferay.docs.guestbook.portlet [1804]_  Unresolved requirement: Import-Package: com.liferay.docs.guestbook.background.executor_ [Sanitized]
	at org.eclipse.osgi.container.Module.start(Module.java:444) ~[org.eclipse.osgi.jar:?]
	at org.eclipse.osgi.internal.framework.EquinoxBundle.start(EquinoxBundle.java:428) ~[org.eclipse.osgi.jar:?]
	at com.liferay.portal.file.install.internal.DirectoryWatcher._startBundle(DirectoryWatcher.java:1156) [bundleFile:?]
	at com.liferay.portal.file.install.internal.DirectoryWatcher._startBundles(DirectoryWatcher.java:1189) [bundleFile:?]
	at com.liferay.portal.file.install.internal.DirectoryWatcher._startAllBundles(DirectoryWatcher.java:1130) [bundleFile:?]
	at com.liferay.portal.file.install.internal.DirectoryWatcher._process(DirectoryWatcher.java:1041) [bundleFile:?]
	at com.liferay.portal.file.install.internal.DirectoryWatcher.run(DirectoryWatcher.java:221) [bundleFile:?]
2023-01-06 11:03:39.707 ERROR [fileinstall-directory-watcher][DirectoryWatcher:1173] Unable to start bundle: file:/media/root322/Data/Documents/LiferayWorkspace/bundles/osgi/modules/com.liferay.docs.guestbook.portlet.jar
com.liferay.portal.kernel.log.LogSanitizerException: org.osgi.framework.BundleException: Could not resolve module: com.liferay.docs.guestbook.portlet [1804]_  Unresolved requirement: Import-Package: com.liferay.docs.guestbook.background.executor_ [Sanitized]
	at org.eclipse.osgi.container.Module.start(Module.java:444) ~[org.eclipse.osgi.jar:?]
	at org.eclipse.osgi.internal.framework.EquinoxBundle.start(EquinoxBundle.java:428) ~[org.eclipse.osgi.jar:?]
	at com.liferay.portal.file.install.internal.DirectoryWatcher._startBundle(DirectoryWatcher.java:1156) [bundleFile:?]
	at com.liferay.portal.file.install.internal.DirectoryWatcher._startBundles(DirectoryWatcher.java:1189) [bundleFile:?]
	at com.liferay.portal.file.install.internal.DirectoryWatcher._process(DirectoryWatcher.java:1046) [bundleFile:?]
	at com.liferay.portal.file.install.internal.DirectoryWatcher.run(DirectoryWatcher.java:221) [bundleFile:?]
2023-01-06 11:04:44.895 INFO  [fileinstall-directory-watcher][BundleStartStopLogger:80] STOPPED com.liferay.docs.guestbook.service_1.0.0 [1806]
2023-01-06 11:04:45.108 WARN  [Refresh Thread: Equinox Container: 7c9d71bf-5040-46f6-ae1a-caf1cbc68901][ServiceComponentLocalServiceImpl:561] Auto upgrading GB database to build number 80 is not supported for a production environment. Write an UpgradeStep to ensure data is upgraded correctly.
2023-01-06 11:04:45.152 INFO  [Refresh Thread: Equinox Container: 7c9d71bf-5040-46f6-ae1a-caf1cbc68901][BundleStartStopLogger:77] STARTED com.liferay.docs.guestbook.service_1.0.0 [1806]
2023-01-06 11:04:45.262 ERROR [fileinstall-directory-watcher][DirectoryWatcher:1173] Unable to start bundle: file:/media/root322/Data/Documents/LiferayWorkspace/bundles/osgi/modules/com.liferay.docs.guestbook.portlet.jar
com.liferay.portal.kernel.log.LogSanitizerException: org.osgi.framework.BundleException: Could not resolve module: com.liferay.docs.guestbook.portlet [1804]_  Unresolved requirement: Import-Package: com.liferay.docs.guestbook.background.executor_ [Sanitized]
	at org.eclipse.osgi.container.Module.start(Module.java:444) ~[org.eclipse.osgi.jar:?]
	at org.eclipse.osgi.internal.framework.EquinoxBundle.start(EquinoxBundle.java:428) ~[org.eclipse.osgi.jar:?]
	at com.liferay.portal.file.install.internal.DirectoryWatcher._startBundle(DirectoryWatcher.java:1156) [bundleFile:?]
	at com.liferay.portal.file.install.internal.DirectoryWatcher._startBundles(DirectoryWatcher.java:1189) [bundleFile:?]
	at com.liferay.portal.file.install.internal.DirectoryWatcher._startAllBundles(DirectoryWatcher.java:1130) [bundleFile:?]
	at com.liferay.portal.file.install.internal.DirectoryWatcher._process(DirectoryWatcher.java:1041) [bundleFile:?]
	at com.liferay.portal.file.install.internal.DirectoryWatcher.run(DirectoryWatcher.java:221) [bundleFile:?]
2023-01-06 11:04:45.267 ERROR [fileinstall-directory-watcher][DirectoryWatcher:1173] Unable to start bundle: file:/media/root322/Data/Documents/LiferayWorkspace/bundles/osgi/modules/com.liferay.docs.guestbook.portlet.jar
com.liferay.portal.kernel.log.LogSanitizerException: org.osgi.framework.BundleException: Could not resolve module: com.liferay.docs.guestbook.portlet [1804]_  Unresolved requirement: Import-Package: com.liferay.docs.guestbook.background.executor_ [Sanitized]
	at org.eclipse.osgi.container.Module.start(Module.java:444) ~[org.eclipse.osgi.jar:?]
	at org.eclipse.osgi.internal.framework.EquinoxBundle.start(EquinoxBundle.java:428) ~[org.eclipse.osgi.jar:?]
	at com.liferay.portal.file.install.internal.DirectoryWatcher._startBundle(DirectoryWatcher.java:1156) [bundleFile:?]
	at com.liferay.portal.file.install.internal.DirectoryWatcher._startBundles(DirectoryWatcher.java:1189) [bundleFile:?]
	at com.liferay.portal.file.install.internal.DirectoryWatcher._process(DirectoryWatcher.java:1046) [bundleFile:?]
	at com.liferay.portal.file.install.internal.DirectoryWatcher.run(DirectoryWatcher.java:221) [bundleFile:?]
2023-01-06 11:05:05.303 INFO  [fileinstall-directory-watcher][BundleStartStopLogger:80] STOPPED com.liferay.docs.guestbook.api_1.0.0 [1805]
2023-01-06 11:05:05.382 INFO  [fileinstall-directory-watcher][BundleStartStopLogger:80] STOPPED com.liferay.docs.guestbook.service_1.0.0 [1806]
2023-01-06 11:05:05.431 INFO  [Refresh Thread: Equinox Container: 7c9d71bf-5040-46f6-ae1a-caf1cbc68901][BundleStartStopLogger:80] STOPPED background-task_1.0.0 [1803]
2023-01-06 11:05:05.453 ERROR [fileinstall-directory-watcher][DirectoryWatcher:1173] Unable to start bundle: file:/media/root322/Data/Documents/LiferayWorkspace/bundles/osgi/modules/background-task.jar
com.liferay.portal.kernel.log.LogSanitizerException: org.osgi.framework.BundleException: Could not resolve module: background-task [1803]_  Unresolved requirement: Import-Package: com.liferay.docs.guestbook.model_ [Sanitized]
	at org.eclipse.osgi.container.Module.start(Module.java:444) ~[org.eclipse.osgi.jar:?]
	at org.eclipse.osgi.internal.framework.EquinoxBundle.start(EquinoxBundle.java:428) ~[org.eclipse.osgi.jar:?]
	at com.liferay.portal.file.install.internal.DirectoryWatcher._startBundle(DirectoryWatcher.java:1156) [bundleFile:?]
	at com.liferay.portal.file.install.internal.DirectoryWatcher._startBundles(DirectoryWatcher.java:1189) [bundleFile:?]
	at com.liferay.portal.file.install.internal.DirectoryWatcher._startAllBundles(DirectoryWatcher.java:1130) [bundleFile:?]
	at com.liferay.portal.file.install.internal.DirectoryWatcher._process(DirectoryWatcher.java:1041) [bundleFile:?]
	at com.liferay.portal.file.install.internal.DirectoryWatcher.run(DirectoryWatcher.java:221) [bundleFile:?]
2023-01-06 11:06:40.940 INFO  [Refresh Thread: Equinox Container: 7c9d71bf-5040-46f6-ae1a-caf1cbc68901][BundleStartStopLogger:77] STARTED background-task_1.0.0 [1803]
2023-01-06 11:06:41.010 INFO  [fileinstall-directory-watcher][BundleStartStopLogger:77] STARTED com.liferay.docs.guestbook.api_1.0.0 [1807]
2023-01-06 11:06:41.151 WARN  [fileinstall-directory-watcher][ServiceComponentLocalServiceImpl:561] Auto upgrading GB database to build number 81 is not supported for a production environment. Write an UpgradeStep to ensure data is upgraded correctly.
2023-01-06 11:06:41.208 INFO  [fileinstall-directory-watcher][BundleStartStopLogger:77] STARTED com.liferay.docs.guestbook.service_1.0.0 [1808]
2023-01-06 11:06:51.481 INFO  [fileinstall-directory-watcher][BundleStartStopLogger:77] STARTED com.liferay.docs.guestbook.portlet_1.0.0 [1809]
2023-01-06 11:09:52.013 INFO  [fileinstall-directory-watcher][BundleStartStopLogger:80] STOPPED com.liferay.docs.guestbook.portlet_1.0.0 [1809]
2023-01-06 11:09:52.105 INFO  [Refresh Thread: Equinox Container: 7c9d71bf-5040-46f6-ae1a-caf1cbc68901][BundleStartStopLogger:77] STARTED com.liferay.docs.guestbook.portlet_1.0.0 [1809]
2023-01-06 11:23:28.912 INFO  [fileinstall-directory-watcher][BundleStartStopLogger:80] STOPPED com.liferay.docs.guestbook.portlet_1.0.0 [1809]
2023-01-06 11:23:54.089 INFO  [fileinstall-directory-watcher][BundleStartStopLogger:77] STARTED com.liferay.docs.guestbook.portlet_1.0.0 [1810]
2023-01-06 11:25:24.419 INFO  [fileinstall-directory-watcher][BundleStartStopLogger:80] STOPPED com.liferay.docs.guestbook.portlet_1.0.0 [1810]
2023-01-06 11:25:24.537 INFO  [Refresh Thread: Equinox Container: 7c9d71bf-5040-46f6-ae1a-caf1cbc68901][BundleStartStopLogger:77] STARTED com.liferay.docs.guestbook.portlet_1.0.0 [1810]
2023-01-06 12:31:52.205 INFO  [fileinstall-directory-watcher][BundleStartStopLogger:80] STOPPED com.liferay.docs.guestbook.api_1.0.0 [1807]
2023-01-06 12:31:52.328 INFO  [Refresh Thread: Equinox Container: 7c9d71bf-5040-46f6-ae1a-caf1cbc68901][BundleStartStopLogger:80] STOPPED com.liferay.docs.guestbook.portlet_1.0.0 [1810]
2023-01-06 12:31:52.413 INFO  [Refresh Thread: Equinox Container: 7c9d71bf-5040-46f6-ae1a-caf1cbc68901][BundleStartStopLogger:80] STOPPED com.liferay.docs.guestbook.service_1.0.0 [1808]
2023-01-06 12:31:52.447 INFO  [Refresh Thread: Equinox Container: 7c9d71bf-5040-46f6-ae1a-caf1cbc68901][BundleStartStopLogger:80] STOPPED background-task_1.0.0 [1803]
2023-01-06 12:31:52.615 INFO  [Refresh Thread: Equinox Container: 7c9d71bf-5040-46f6-ae1a-caf1cbc68901][BundleStartStopLogger:77] STARTED background-task_1.0.0 [1803]
2023-01-06 12:31:52.882 INFO  [Refresh Thread: Equinox Container: 7c9d71bf-5040-46f6-ae1a-caf1cbc68901][BundleStartStopLogger:77] STARTED com.liferay.docs.guestbook.service_1.0.0 [1808]
2023-01-06 12:31:53.014 INFO  [Refresh Thread: Equinox Container: 7c9d71bf-5040-46f6-ae1a-caf1cbc68901][BundleStartStopLogger:77] STARTED com.liferay.docs.guestbook.portlet_1.0.0 [1810]
2023-01-06 12:31:53.121 INFO  [Refresh Thread: Equinox Container: 7c9d71bf-5040-46f6-ae1a-caf1cbc68901][BundleStartStopLogger:77] STARTED com.liferay.docs.guestbook.api_1.0.0 [1807]
2023-01-06 12:34:53.572 INFO  [fileinstall-directory-watcher][BundleStartStopLogger:80] STOPPED com.liferay.docs.guestbook.service_1.0.0 [1808]
2023-01-06 12:34:53.836 WARN  [Refresh Thread: Equinox Container: 7c9d71bf-5040-46f6-ae1a-caf1cbc68901][ServiceComponentLocalServiceImpl:561] Auto upgrading GB database to build number 83 is not supported for a production environment. Write an UpgradeStep to ensure data is upgraded correctly.
2023-01-06 12:34:53.837 INFO  [Refresh Thread: Equinox Container: 7c9d71bf-5040-46f6-ae1a-caf1cbc68901][ServiceComponentLocalServiceImpl:572] Upgrading database with tables.sql
2023-01-06 12:34:53.884 WARN  [Refresh Thread: Equinox Container: 7c9d71bf-5040-46f6-ae1a-caf1cbc68901][BaseDB:548] Table 'GBI_Entry' already exists: create table GBI_Entry (_	uuid_ varchar(75) null,_	entryId bigint not null primary key,_	groupId bigint,_	companyId bigint,_	userId bigint,_	userName varchar(75) null,_	createDate datetime(6) null,_	modifiedDate datetime(6) null,_	status integer,_	statusByUserId bigint,_	statusByUserName varchar(75) null,_	statusDate datetime(6) null,_	name varchar(75) null,_	email varchar(75) null,_	message varchar(75) null,_	guestbookId bigint_) engine InnoDB;_ [Sanitized]
2023-01-06 12:34:53.888 WARN  [Refresh Thread: Equinox Container: 7c9d71bf-5040-46f6-ae1a-caf1cbc68901][BaseDB:548] Table 'GBI_Guestbook' already exists: create table GBI_Guestbook (_	uuid_ varchar(75) null,_	guestbookId bigint not null primary key,_	groupId bigint,_	companyId bigint,_	userId bigint,_	userName varchar(75) null,_	createDate datetime(6) null,_	modifiedDate datetime(6) null,_	status integer,_	statusByUserId bigint,_	statusByUserName varchar(75) null,_	statusDate datetime(6) null,_	name varchar(75) null,_	email varchar(75) null,_	message varchar(75) null,_	no bigint_) engine InnoDB;_ [Sanitized]
2023-01-06 12:34:53.890 WARN  [Refresh Thread: Equinox Container: 7c9d71bf-5040-46f6-ae1a-caf1cbc68901][BaseDB:548] Table 'GB_Entry' already exists: create table GB_Entry (_	uuid_ varchar(75) null,_	entryId bigint not null primary key,_	groupId bigint,_	companyId bigint,_	userId bigint,_	userName varchar(75) null,_	createDate datetime(6) null,_	modifiedDate datetime(6) null,_	lastPublishDate datetime(6) null,_	status integer,_	statusByUserId bigint,_	statusByUserName varchar(75) null,_	statusDate datetime(6) null,_	name varchar(75) null,_	email varchar(75) null,_	message varchar(75) null,_	guestbookId bigint_) engine InnoDB;_ [Sanitized]
2023-01-06 12:34:53.891 WARN  [Refresh Thread: Equinox Container: 7c9d71bf-5040-46f6-ae1a-caf1cbc68901][BaseDB:548] Table 'GB_Guestbook' already exists: create table GB_Guestbook (_	uuid_ varchar(75) null,_	guestbookId bigint not null primary key,_	groupId bigint,_	companyId bigint,_	userId bigint,_	userName varchar(75) null,_	createDate datetime(6) null,_	modifiedDate datetime(6) null,_	lastPublishDate datetime(6) null,_	status integer,_	statusByUserId bigint,_	statusByUserName varchar(75) null,_	statusDate datetime(6) null,_	name varchar(75) null_) engine InnoDB;_ [Sanitized]
2023-01-06 12:34:53.892 INFO  [Refresh Thread: Equinox Container: 7c9d71bf-5040-46f6-ae1a-caf1cbc68901][ServiceComponentLocalServiceImpl:340] No optional file META-INF/portlet-model-hints-ext.xml found
java.io.IOException: Unable to open resource META-INF/portlet-model-hints-ext.xml in class loader org.eclipse.osgi.internal.loader.EquinoxClassLoader@58058c1c[com.liferay.docs.guestbook.service:1.0.0(id=1808)]
	at com.liferay.portal.kernel.util.StringUtil.read(StringUtil.java:2234) ~[portal-kernel.jar:?]
	at com.liferay.portal.kernel.util.StringUtil.read(StringUtil.java:2202) ~[portal-kernel.jar:?]
	at com.liferay.portal.service.impl.ServiceComponentLocalServiceImpl.getModelNames(ServiceComponentLocalServiceImpl.java:333) ~[portal-impl.jar:?]
	at com.liferay.portal.service.impl.ServiceComponentLocalServiceImpl.upgradeModels(ServiceComponentLocalServiceImpl.java:450) ~[portal-impl.jar:?]
	at com.liferay.portal.service.impl.ServiceComponentLocalServiceImpl._upgradeDB(ServiceComponentLocalServiceImpl.java:577) ~[portal-impl.jar:?]
	at com.liferay.portal.service.impl.ServiceComponentLocalServiceImpl.upgradeDB(ServiceComponentLocalServiceImpl.java:266) ~[portal-impl.jar:?]
	at jdk.internal.reflect.NativeMethodAccessorImpl.invoke0(Native Method) ~[?:?]
	at jdk.internal.reflect.NativeMethodAccessorImpl.invoke(NativeMethodAccessorImpl.java:62) ~[?:?]
	at jdk.internal.reflect.DelegatingMethodAccessorImpl.invoke(DelegatingMethodAccessorImpl.java:43) ~[?:?]
	at java.lang.reflect.Method.invoke(Method.java:566) ~[?:?]
	at com.liferay.portal.spring.aop.AopMethodInvocationImpl.proceed(AopMethodInvocationImpl.java:50) ~[portal-impl.jar:?]
	at com.liferay.portal.spring.transaction.TransactionInterceptor.invoke(TransactionInterceptor.java:69) ~[portal-impl.jar:?]
	at com.liferay.portal.spring.aop.AopMethodInvocationImpl.proceed(AopMethodInvocationImpl.java:57) ~[portal-impl.jar:?]
	at com.liferay.change.tracking.internal.aop.CTTransactionAdvice.invoke(CTTransactionAdvice.java:79) ~[?:?]
	at com.liferay.portal.spring.aop.AopMethodInvocationImpl.proceed(AopMethodInvocationImpl.java:57) ~[portal-impl.jar:?]
	at com.liferay.portal.spring.aop.AopInvocationHandler.invoke(AopInvocationHandler.java:49) ~[portal-impl.jar:?]
	at com.sun.proxy.$Proxy285.upgradeDB(Unknown Source) ~[?:?]
	at com.liferay.portal.service.impl.ServiceComponentLocalServiceImpl.initServiceComponent(ServiceComponentLocalServiceImpl.java:242) ~[portal-impl.jar:?]
	at jdk.internal.reflect.GeneratedMethodAccessor151.invoke(Unknown Source) ~[?:?]
	at jdk.internal.reflect.DelegatingMethodAccessorImpl.invoke(DelegatingMethodAccessorImpl.java:43) ~[?:?]
	at java.lang.reflect.Method.invoke(Method.java:566) ~[?:?]
	at com.liferay.portal.spring.aop.AopMethodInvocationImpl.proceed(AopMethodInvocationImpl.java:50) ~[portal-impl.jar:?]
	at com.liferay.portal.spring.transaction.TransactionInterceptor.invoke(TransactionInterceptor.java:69) ~[portal-impl.jar:?]
	at com.liferay.portal.spring.aop.AopMethodInvocationImpl.proceed(AopMethodInvocationImpl.java:57) ~[portal-impl.jar:?]
	at com.liferay.change.tracking.internal.aop.CTTransactionAdvice.invoke(CTTransactionAdvice.java:79) ~[?:?]
	at com.liferay.portal.spring.aop.AopMethodInvocationImpl.proceed(AopMethodInvocationImpl.java:57) ~[portal-impl.jar:?]
	at com.liferay.portal.spring.aop.AopInvocationHandler.invoke(AopInvocationHandler.java:49) ~[portal-impl.jar:?]
	at com.sun.proxy.$Proxy285.initServiceComponent(Unknown Source) ~[?:?]
	at com.liferay.portal.spring.extender.internal.configuration.ServiceConfigurationInitializer._initServiceComponent(ServiceConfigurationInitializer.java:102) ~[?:?]
	at com.liferay.portal.spring.extender.internal.configuration.ServiceConfigurationInitializer.start(ServiceConfigurationInitializer.java:64) ~[?:?]
	at jdk.internal.reflect.GeneratedMethodAccessor150.invoke(Unknown Source) ~[?:?]
	at jdk.internal.reflect.DelegatingMethodAccessorImpl.invoke(DelegatingMethodAccessorImpl.java:43) ~[?:?]
	at java.lang.reflect.Method.invoke(Method.java:566) ~[?:?]
	at org.apache.felix.dm.impl.InvocationUtil.invokeMethod(InvocationUtil.java:157) ~[bundleFile:?]
	at org.apache.felix.dm.impl.InvocationUtil.invokeCallbackMethod(InvocationUtil.java:112) ~[bundleFile:?]
	at org.apache.felix.dm.impl.ComponentImpl.invokeCallbackMethod(ComponentImpl.java:638) ~[bundleFile:?]
	at org.apache.felix.dm.impl.ComponentImpl.invoke(ComponentImpl.java:1783) ~[bundleFile:?]
	at org.apache.felix.dm.impl.ComponentImpl.invokeStart(ComponentImpl.java:1281) ~[bundleFile:?]
	at org.apache.felix.dm.impl.ComponentImpl.performTransition(ComponentImpl.java:1232) ~[bundleFile:?]
	at org.apache.felix.dm.impl.ComponentImpl.handleChange(ComponentImpl.java:1166) ~[bundleFile:?]
	at org.apache.felix.dm.impl.ComponentImpl.lambda$start$2(ComponentImpl.java:502) ~[bundleFile:?]
	at org.apache.felix.dm.impl.SerialExecutor.runTask(SerialExecutor.java:138) [bundleFile:?]
	at org.apache.felix.dm.impl.SerialExecutor.runTasks(SerialExecutor.java:120) [bundleFile:?]
	at org.apache.felix.dm.impl.SerialExecutor.execute(SerialExecutor.java:86) [bundleFile:?]
	at org.apache.felix.dm.impl.SerialExecutor.execute(SerialExecutor.java:105) [bundleFile:?]
	at org.apache.felix.dm.impl.ComponentImpl.start(ComponentImpl.java:500) [bundleFile:?]
	at org.apache.felix.dm.impl.ComponentScheduler.add(ComponentScheduler.java:69) [bundleFile:?]
	at org.apache.felix.dm.DependencyManager.add(DependencyManager.java:141) [bundleFile:?]
	at com.liferay.portal.spring.extender.internal.configuration.ServiceConfigurationExtender$ServiceConfigurationExtension.start(ServiceConfigurationExtender.java:111) [bundleFile:?]
	at com.liferay.portal.spring.extender.internal.configuration.ServiceConfigurationExtender.addingBundle(ServiceConfigurationExtender.java:85) [bundleFile:?]
	at com.liferay.portal.spring.extender.internal.configuration.ServiceConfigurationExtender.addingBundle(ServiceConfigurationExtender.java:46) [bundleFile:?]
	at org.osgi.util.tracker.BundleTracker$Tracked.customizerAdding(BundleTracker.java:475) [org.eclipse.osgi.jar:?]
	at org.osgi.util.tracker.BundleTracker$Tracked.customizerAdding(BundleTracker.java:1) [org.eclipse.osgi.jar:?]
	at org.osgi.util.tracker.AbstractTracked.trackAdding(AbstractTracked.java:256) [org.eclipse.osgi.jar:?]
	at org.osgi.util.tracker.AbstractTracked.track(AbstractTracked.java:229) [org.eclipse.osgi.jar:?]
	at org.osgi.util.tracker.BundleTracker$Tracked.bundleChanged(BundleTracker.java:450) [org.eclipse.osgi.jar:?]
	at org.eclipse.osgi.internal.framework.BundleContextImpl.dispatchEvent(BundleContextImpl.java:908) [org.eclipse.osgi.jar:?]
	at org.eclipse.osgi.framework.eventmgr.EventManager.dispatchEvent(EventManager.java:230) [org.eclipse.osgi.jar:?]
	at org.eclipse.osgi.framework.eventmgr.ListenerQueue.dispatchEventSynchronous(ListenerQueue.java:148) [org.eclipse.osgi.jar:?]
	at org.eclipse.osgi.internal.framework.EquinoxEventPublisher.publishBundleEventPrivileged(EquinoxEventPublisher.java:230) [org.eclipse.osgi.jar:?]
	at org.eclipse.osgi.internal.framework.EquinoxEventPublisher.publishBundleEvent(EquinoxEventPublisher.java:137) [org.eclipse.osgi.jar:?]
	at org.eclipse.osgi.internal.framework.EquinoxEventPublisher.publishBundleEvent(EquinoxEventPublisher.java:129) [org.eclipse.osgi.jar:?]
	at org.eclipse.osgi.internal.framework.EquinoxContainerAdaptor.publishModuleEvent(EquinoxContainerAdaptor.java:191) [org.eclipse.osgi.jar:?]
	at org.eclipse.osgi.container.Module.publishEvent(Module.java:476) [org.eclipse.osgi.jar:?]
	at org.eclipse.osgi.container.Module.doStart(Module.java:578) [org.eclipse.osgi.jar:?]
	at org.eclipse.osgi.container.Module.start(Module.java:449) [org.eclipse.osgi.jar:?]
	at org.eclipse.osgi.framework.util.SecureAction.start(SecureAction.java:468) [org.eclipse.osgi.jar:?]
	at org.eclipse.osgi.container.ModuleContainer.start(ModuleContainer.java:777) [org.eclipse.osgi.jar:?]
	at org.eclipse.osgi.container.ModuleContainer.applyDelta(ModuleContainer.java:768) [org.eclipse.osgi.jar:?]
	at org.eclipse.osgi.container.ModuleContainer.resolveAndApply(ModuleContainer.java:538) [org.eclipse.osgi.jar:?]
	at org.eclipse.osgi.container.ModuleContainer.resolve(ModuleContainer.java:484) [org.eclipse.osgi.jar:?]
	at org.eclipse.osgi.container.ModuleContainer.refresh(ModuleContainer.java:1028) [org.eclipse.osgi.jar:?]
	at org.eclipse.osgi.container.ModuleContainer$ContainerWiring.dispatchEvent(ModuleContainer.java:1409) [org.eclipse.osgi.jar:?]
	at org.eclipse.osgi.container.ModuleContainer$ContainerWiring.dispatchEvent(ModuleContainer.java:1) [org.eclipse.osgi.jar:?]
	at org.eclipse.osgi.framework.eventmgr.EventManager.dispatchEvent(EventManager.java:230) [org.eclipse.osgi.jar:?]
	at org.eclipse.osgi.framework.eventmgr.EventManager$EventThread.run(EventManager.java:340) [org.eclipse.osgi.jar:?]
2023-01-06 12:34:53.905 INFO  [Refresh Thread: Equinox Container: 7c9d71bf-5040-46f6-ae1a-caf1cbc68901][Table:164] Starting backup of GB_Entry to /media/root322/Data/Documents/LiferayWorkspace/bundles/tomcat-9.0.56/temp/temp-db-GB_Entry-9109244620786721764.tmp
2023-01-06 12:34:53.908 INFO  [Refresh Thread: Equinox Container: 7c9d71bf-5040-46f6-ae1a-caf1cbc68901][Table:198] Finished backup of GB_Entry to /media/root322/Data/Documents/LiferayWorkspace/bundles/tomcat-9.0.56/temp/temp-db-GB_Entry-9109244620786721764.tmp in 3 ms
2023-01-06 12:34:54.381 INFO  [Refresh Thread: Equinox Container: 7c9d71bf-5040-46f6-ae1a-caf1cbc68901][Table:164] Starting backup of GB_Guestbook to /media/root322/Data/Documents/LiferayWorkspace/bundles/tomcat-9.0.56/temp/temp-db-GB_Guestbook-5606292351593405766.tmp
2023-01-06 12:34:54.383 INFO  [Refresh Thread: Equinox Container: 7c9d71bf-5040-46f6-ae1a-caf1cbc68901][Table:198] Finished backup of GB_Guestbook to /media/root322/Data/Documents/LiferayWorkspace/bundles/tomcat-9.0.56/temp/temp-db-GB_Guestbook-5606292351593405766.tmp in 2 ms
2023-01-06 12:34:54.876 INFO  [Refresh Thread: Equinox Container: 7c9d71bf-5040-46f6-ae1a-caf1cbc68901][ServiceComponentLocalServiceImpl:594] Upgrading database with indexes.sql
2023-01-06 12:34:56.013 INFO  [Refresh Thread: Equinox Container: 7c9d71bf-5040-46f6-ae1a-caf1cbc68901][BundleStartStopLogger:77] STARTED com.liferay.docs.guestbook.service_1.0.0 [1808]
2023-01-06 12:50:57.992 INFO  [fileinstall-directory-watcher][BundleStartStopLogger:80] STOPPED com.liferay.docs.guestbook.portlet_1.0.0 [1810]
2023-01-06 12:50:58.070 INFO  [Refresh Thread: Equinox Container: 7c9d71bf-5040-46f6-ae1a-caf1cbc68901][BundleStartStopLogger:77] STARTED com.liferay.docs.guestbook.portlet_1.0.0 [1810]
2023-01-06 12:57:49.078 INFO  [fileinstall-directory-watcher][BundleStartStopLogger:80] STOPPED com.liferay.docs.guestbook.portlet_1.0.0 [1810]
2023-01-06 12:57:49.211 INFO  [Refresh Thread: Equinox Container: 7c9d71bf-5040-46f6-ae1a-caf1cbc68901][BundleStartStopLogger:77] STARTED com.liferay.docs.guestbook.portlet_1.0.0 [1810]
2023-01-06 13:11:05.863 INFO  [fileinstall-directory-watcher][BundleStartStopLogger:80] STOPPED com.liferay.docs.guestbook.portlet_1.0.0 [1810]
2023-01-06 13:11:05.961 INFO  [Refresh Thread: Equinox Container: 7c9d71bf-5040-46f6-ae1a-caf1cbc68901][BundleStartStopLogger:77] STARTED com.liferay.docs.guestbook.portlet_1.0.0 [1810]
2023-01-06 13:13:41.485 INFO  [fileinstall-directory-watcher][BundleStartStopLogger:80] STOPPED com.liferay.docs.guestbook.portlet_1.0.0 [1810]
2023-01-06 13:13:41.686 INFO  [Refresh Thread: Equinox Container: 7c9d71bf-5040-46f6-ae1a-caf1cbc68901][BundleStartStopLogger:77] STARTED com.liferay.docs.guestbook.portlet_1.0.0 [1810]
2023-01-06 13:15:37.155 INFO  [fileinstall-directory-watcher][BundleStartStopLogger:80] STOPPED com.liferay.docs.guestbook.portlet_1.0.0 [1810]
2023-01-06 13:15:37.260 INFO  [Refresh Thread: Equinox Container: 7c9d71bf-5040-46f6-ae1a-caf1cbc68901][BundleStartStopLogger:77] STARTED com.liferay.docs.guestbook.portlet_1.0.0 [1810]
2023-01-06 13:21:28.092 INFO  [fileinstall-directory-watcher][BundleStartStopLogger:80] STOPPED com.liferay.docs.guestbook.portlet_1.0.0 [1810]
2023-01-06 13:21:28.180 INFO  [Refresh Thread: Equinox Container: 7c9d71bf-5040-46f6-ae1a-caf1cbc68901][BundleStartStopLogger:77] STARTED com.liferay.docs.guestbook.portlet_1.0.0 [1810]
2023-01-06 13:37:07.904 INFO  [Thread-7][ThemeHotDeployListener:171] 1 theme for cstheme2-theme was unregistered
2023-01-06 13:37:07.946 INFO  [Thread-7][ThemeHotDeployListener:171] 1 theme for my-liferay-theme was unregistered
2023-01-06 13:37:07.991 INFO  [Thread-7][ThemeHotDeployListener:171] 1 theme for demotheme-theme was unregistered
2023-01-06 13:37:08.018 INFO  [Thread-7][ThemeHotDeployListener:171] 1 theme for democlassictheme-theme was unregistered
2023-01-06 13:37:08.047 INFO  [Thread-7][LayoutTemplateHotDeployListener:156] 1 layout template for LayoutTemplateDemo was unregistered
2023-01-06 13:37:08.091 INFO  [Thread-7][HookHotDeployListener:544] Hook for LangHook was unregistered
2023-01-06 13:37:08.122 INFO  [Thread-7][ThemeHotDeployListener:171] 1 theme for admin-theme was unregistered
2023-01-06 13:37:08.160 INFO  [Thread-7][ThemeHotDeployListener:171] 1 theme for minium-theme was unregistered
2023-01-06 13:37:08.192 INFO  [Thread-7][ThemeHotDeployListener:171] 1 theme for speedwell-theme was unregistered
2023-01-06 13:37:08.253 INFO  [Thread-7][ThemeHotDeployListener:171] 1 theme for dialect-theme was unregistered
2023-01-06 13:37:08.302 INFO  [Thread-7][ThemeHotDeployListener:171] 1 theme for classic-theme was unregistered
