2023-03-03 05:03:12.737 INFO  [main][PortalContextLoaderListener:123] JVM arguments: -Dcatalina.base=/media/root322/Data/Documents/LiferayWorkspace/bundles/tomcat-9.0.56 -Dcatalina.home=/media/root322/Data/Documents/LiferayWorkspace/bundles/tomcat-9.0.56 -Dfile.encoding=UTF8 -Djava.io.tmpdir=/media/root322/Data/Documents/LiferayWorkspace/bundles/tomcat-9.0.56/temp -Djava.net.preferIPv4Stack=true -Djava.util.logging.config.file=/media/root322/Data/Documents/LiferayWorkspace/bundles/tomcat-9.0.56/conf/logging.properties -Djava.util.logging.manager=org.apache.juli.ClassLoaderLogManager -Dorg.apache.catalina.loader.WebappClassLoader.ENABLE_CLEAR_REFERENCES=false -Duser.timezone=GMT -Xmx2560m -XX:MaxMetaspaceSize=768m -XX:MetaspaceSize=768m -javaagent:/snap/intellij-idea-ultimate/405/lib/idea_rt.jar=46703:/snap/intellij-idea-ultimate/405/bin
2023-03-03 05:03:16.942 INFO  [main][DialectDetector:153] Using dialect org.hibernate.dialect.MySQL8Dialect for MySQL 8.0
2023-03-03 05:03:20.916 INFO  [main][ModuleFrameworkImpl:1279] Starting initial bundles
2023-03-03 05:03:21.461 INFO  [ModuleFramework-Static-Bundles-4][InterpolationConfigurationPlugin:109] Configured directory for secrets: /media/root322/Data/Documents/LiferayWorkspace/bundles/osgi/configs
2023-03-03 05:03:23.567 INFO  [ModuleFramework-Static-Bundles-2][DefaultLPKGDeployer:456] Using overriding JAR bundle LPKG-Override::/media/root322/Data/Documents/LiferayWorkspace/bundles/osgi/marketplace/override/com.liferay.document.library.web.jar
2023-03-03 05:03:23.567 INFO  [ModuleFramework-Static-Bundles-2][DefaultLPKGDeployer:456] Using overriding JAR bundle LPKG-Override::/media/root322/Data/Documents/LiferayWorkspace/bundles/osgi/marketplace/override/com.liferay.portal.language.lang.jar
2023-03-03 05:03:23.707 INFO  [main][ModuleFrameworkImpl:1576] Started initial bundles
2023-03-03 05:03:23.707 INFO  [main][ModuleFrameworkImpl:1625] Starting dynamic bundles
2023-03-03 05:03:46.364 INFO  [Start Level: Equinox Container: 732524c6-a9cc-45f0-bf46-48fa013ac9a4][MessageBusRegistrator:41] Message Listener Registered..com.liferaysavvy.messagebus.event.listener.MessageBusRegisteredParallelMessageListener@4369fa6
2023-03-03 05:03:46.366 INFO  [Start Level: Equinox Container: 732524c6-a9cc-45f0-bf46-48fa013ac9a4][MessageBusRegistrator:45] Message Listener Registered..com.liferaysavvy.messagebus.event.listener.MessageBusRegisteredSerialMessageListener@6bd7f684
2023-03-03 05:03:46.366 INFO  [Start Level: Equinox Container: 732524c6-a9cc-45f0-bf46-48fa013ac9a4][MessageBusRegistrator:49] Message Listener Registered..com.liferaysavvy.messagebus.event.listener.MessageBusRegisteredSynchronousMessageListener@399e4ed3
2023-03-03 05:03:46.565 INFO  [main][ModuleFrameworkImpl:1647] Started dynamic bundles
2023-03-03 05:03:46.565 INFO  [main][ModuleFrameworkImpl:1654] Starting web bundles
2023-03-03 05:03:50.778 INFO  [main][ModuleFrameworkImpl:1708] Started web bundles
2023-03-03 05:03:50.778 INFO  [main][ModuleFrameworkImpl:278] Navigate to Control Panel > System > Gogo Shell and enter "lb" to see all bundles
2023-03-03 05:03:50.809 INFO  [main][LoggingTimer:83] Starting com.liferay.portal.verify.VerifyProperties#verifySystemProperties
2023-03-03 05:03:50.811 INFO  [main][LoggingTimer:44] Completed com.liferay.portal.verify.VerifyProperties#verifySystemProperties in 3 ms
2023-03-03 05:03:50.812 INFO  [main][LoggingTimer:83] Starting com.liferay.portal.verify.VerifyProperties#verifyPortalProperties
2023-03-03 05:03:50.850 ERROR [main][VerifyProperties:182] Portal property "journal.article.form.add" is obsolete
2023-03-03 05:03:50.850 ERROR [main][VerifyProperties:182] Portal property "journal.article.form.update" is obsolete
2023-03-03 05:03:50.851 ERROR [main][VerifyProperties:182] Portal property "journal.article.form.translate" is obsolete
2023-03-03 05:03:50.862 INFO  [main][LoggingTimer:44] Completed com.liferay.portal.verify.VerifyProperties#verifyPortalProperties in 50 ms
2023-03-03 05:03:50.863 INFO  [main][LoggingTimer:83] Starting com.liferay.portal.verify.VerifyProperties#verifyDocumentLibrary
2023-03-03 05:03:50.864 INFO  [main][LoggingTimer:44] Completed com.liferay.portal.verify.VerifyProperties#verifyDocumentLibrary in 2 ms
2023-03-03 05:03:51.640 INFO  [main][LoggingTimer:83] Starting com.liferay.portal.events.StartupHelperUtil#initResourceActions
2023-03-03 05:03:51.699 INFO  [main][LoggingTimer:44] Completed com.liferay.portal.events.StartupHelperUtil#initResourceActions in 60 ms
2023-03-03 05:03:55.819 WARN  [main][SidecarManager:103] Liferay automatically starts a child process of Elasticsearch named sidecar for convenient development and demonstration purposes. Do NOT use sidecar in production. Refer to the documentation for details on the limitations of sidecar and instructions on configuring a remote Elasticsearch connection in the Control Panel.
2023-03-03 05:04:16.319 INFO  [main][Sidecar:119] Sidecar Elasticsearch liferay started at 127.0.0.1:9501
2023-03-03 05:04:20.981 INFO  [main][MessageBusEventListenerNotification:33] **********Destination Added***********liferay/interest_terms
2023-03-03 05:04:20.996 INFO  [main][MessageBusEventListenerNotification:33] **********Destination Added***********liferay/analytics_messages_processor
2023-03-03 05:04:21.006 INFO  [main][MessageBusEventListenerNotification:33] **********Destination Added***********liferay/export_import_lifecycle_event_async
2023-03-03 05:04:21.014 INFO  [main][MessageBusEventListenerNotification:33] **********Destination Added***********liferay/export_import_lifecycle_event_sync
2023-03-03 05:04:21.019 INFO  [main][MessageBusEventListenerNotification:33] **********Destination Added***********liferay/scheduled_user_ldap_import
2023-03-03 05:04:21.025 INFO  [main][MessageBusEventListenerNotification:33] **********Destination Added***********liferay/tensorflow_model_download
2023-03-03 05:04:21.034 INFO  [main][MessageBusEventListenerNotification:33] **********Destination Added***********liferay/message_bus/default_response
2023-03-03 05:04:21.037 INFO  [main][MessageBusEventListenerNotification:33] **********Destination Added***********liferay/message_bus/message_status
2023-03-03 05:04:21.041 INFO  [main][MessageBusEventListenerNotification:33] **********Destination Added***********liferay/live_users
2023-03-03 05:04:21.045 INFO  [main][MessageBusEventListenerNotification:33] **********Destination Added***********liferay/document_library_audio_processor
2023-03-03 05:04:21.049 INFO  [main][MessageBusEventListenerNotification:33] **********Destination Added***********liferay/async_service
2023-03-03 05:04:21.053 INFO  [main][MessageBusEventListenerNotification:33] **********Destination Added***********liferay/layouts_local_publisher
2023-03-03 05:04:21.058 INFO  [main][MessageBusEventListenerNotification:33] **********Destination Added***********liferay/convert_process
2023-03-03 05:04:21.062 INFO  [main][MessageBusEventListenerNotification:33] **********Destination Added***********liferay/document_library_pdf_processor
2023-03-03 05:04:21.066 INFO  [main][MessageBusEventListenerNotification:33] **********Destination Added***********liferay/subscription_clean_up
2023-03-03 05:04:21.070 INFO  [main][MessageBusEventListenerNotification:33] **********Destination Added***********liferay/document_library_video_processor
2023-03-03 05:04:21.078 INFO  [main][MessageBusEventListenerNotification:33] **********Destination Added***********liferay/document_library_raw_metadata_processor
2023-03-03 05:04:21.087 INFO  [main][MessageBusEventListenerNotification:33] **********Destination Added***********liferay/document_library_image_processor
2023-03-03 05:04:21.092 INFO  [main][MessageBusEventListenerNotification:33] **********Destination Added***********liferay/message_boards_mailing_list
2023-03-03 05:04:21.096 INFO  [main][MessageBusEventListenerNotification:33] **********Destination Added***********liferay/subscription_sender
2023-03-03 05:04:21.100 INFO  [main][MessageBusEventListenerNotification:33] **********Destination Added***********liferay/hot_deploy
2023-03-03 05:04:21.104 INFO  [main][MessageBusEventListenerNotification:33] **********Destination Added***********liferay/layouts_remote_publisher
2023-03-03 05:04:21.126 INFO  [main][MessageBusEventListenerNotification:33] **********Destination Added***********liferay/poller_comet_response
2023-03-03 05:04:21.130 INFO  [main][MessageBusEventListenerNotification:33] **********Destination Added***********liferay/poller_response
2023-03-03 05:04:21.137 INFO  [main][MessageBusEventListenerNotification:33] **********Destination Added***********liferay/poller
2023-03-03 05:04:21.148 INFO  [main][MessageBusEventListenerNotification:33] **********Destination Added***********liferay/workflow_definition
2023-03-03 05:04:21.152 INFO  [main][MessageBusEventListenerNotification:33] **********Destination Added***********liferay/workflow_instance
2023-03-03 05:04:21.156 INFO  [main][MessageBusEventListenerNotification:33] **********Destination Added***********liferay/workflow_log
2023-03-03 05:04:21.160 INFO  [main][MessageBusEventListenerNotification:33] **********Destination Added***********liferay/workflow_task
2023-03-03 05:04:21.164 INFO  [main][MessageBusEventListenerNotification:33] **********Destination Added***********liferay/workflow_engine
2023-03-03 05:04:21.169 INFO  [main][MessageBusEventListenerNotification:33] **********Destination Added***********liferay/workflow_comparator
2023-03-03 05:04:21.173 INFO  [main][MessageBusEventListenerNotification:33] **********Destination Added***********liferay/workflow_status
2023-03-03 05:04:21.177 INFO  [main][MessageBusEventListenerNotification:33] **********Destination Added***********liferay/mail
2023-03-03 05:04:21.195 INFO  [main][MessageBusEventListenerNotification:33] **********Destination Added***********liferay/monitoring
2023-03-03 05:04:21.203 INFO  [main][MessageBusEventListenerNotification:33] **********Destination Added***********liferay/scripting_executor
2023-03-03 05:04:21.209 INFO  [main][MessageBusEventListenerNotification:33] **********Destination Added***********liferay/segments_entry_reindex
2023-03-03 05:04:21.215 INFO  [main][ParellelDestinationConfig:83] Destination is creared ..liferaysavvy/parallel-destination
2023-03-03 05:04:21.218 INFO  [main][MessageBusEventListenerNotification:33] **********Destination Added***********liferaysavvy/parallel-destination
2023-03-03 05:04:21.220 INFO  [main][ParellelDestinationConfig:90] Destination is registred with Service Regisration ..
2023-03-03 05:04:21.224 INFO  [main][SerialDestinationConfig:83] Destination is creared ..liferaysavvy/serial-destination
2023-03-03 05:04:21.227 INFO  [main][MessageBusEventListenerNotification:33] **********Destination Added***********liferaysavvy/serial-destination
2023-03-03 05:04:21.229 INFO  [main][SerialDestinationConfig:90] Destination is registred with Service Regisration ..
2023-03-03 05:04:21.234 INFO  [main][SynchronousDestinationConfig:83] Destination is creared ..liferaysavvy/synchronous-destination
2023-03-03 05:04:21.238 INFO  [main][DestinationListenerRegistrator:41] Message Listener Registered..com.liferaysavvy.messagebus.event.listener.DestinationRegisteredParallelMessageListener@72fe4fe8
2023-03-03 05:04:21.240 INFO  [main][DestinationListenerRegistrator:45] Message Listener Registered..com.liferaysavvy.messagebus.event.listener.DestinationRegisteredSerialMessageListener@1671a535
2023-03-03 05:04:21.242 INFO  [main][DestinationListenerRegistrator:49] Message Listener Registered..com.liferaysavvy.messagebus.event.listener.DestinationRegisteredSynchronousMessageListener@3eb0be61
2023-03-03 05:04:21.248 INFO  [main][MessageBusEventListenerNotification:33] **********Destination Added***********liferaysavvy/synchronous-destination
2023-03-03 05:04:21.250 INFO  [main][SynchronousDestinationConfig:90] Destination is registred with Service Regisration ..
2023-03-03 05:04:21.253 INFO  [main][MessageBusEventListenerNotification:33] **********Destination Added***********liferay/ddm_structure_reindex
2023-03-03 05:04:21.268 INFO  [main][MessageBusEventListenerNotification:33] **********Destination Added***********liferay/search_reader/GENERIC_ENGINE
2023-03-03 05:04:21.273 INFO  [main][MessageBusEventListenerNotification:33] **********Destination Added***********liferay/search_writer/GENERIC_ENGINE
2023-03-03 05:04:21.283 INFO  [main][MessageBusEventListenerNotification:33] **********Destination Added***********liferay/audit
2023-03-03 05:04:21.295 INFO  [main][MessageBusEventListenerNotification:33] **********Destination Added***********liferay/commerce_base_price_list
2023-03-03 05:04:21.299 INFO  [main][MessageBusEventListenerNotification:33] **********Destination Added***********liferay/commerce_order_status
2023-03-03 05:04:21.312 INFO  [main][MessageBusEventListenerNotification:33] **********Destination Added***********liferay/commerce_payment_status
2023-03-03 05:04:21.326 INFO  [main][MessageBusEventListenerNotification:33] **********Destination Added***********liferay/commerce_shipment_status
2023-03-03 05:04:21.330 INFO  [main][MessageBusEventListenerNotification:33] **********Destination Added***********liferay/commerce_subscription_status
2023-03-03 05:04:21.344 INFO  [main][MessageBusEventListenerNotification:33] **********Destination Added***********liferay/search_reader/SYSTEM_ENGINE
2023-03-03 05:04:21.360 INFO  [main][MessageBusEventListenerNotification:33] **********Destination Added***********liferay/search_writer/SYSTEM_ENGINE
2023-03-03 05:04:21.440 INFO  [main][MessageBusEventListenerNotification:33] **********Destination Added***********liferay/adaptive_media_processor
2023-03-03 05:04:21.969 INFO  [main][MessageBusEventListenerNotification:33] **********Destination Added***********liferay/flags
2023-03-03 05:04:24.625 INFO  [main][StartupHelperUtil:86] There are no patches installed
2023-03-03 05:04:24.644 INFO  [main][LoggingTimer:83] Starting com.liferay.portal.events.StartupHelperUtil#initResourceActions
2023-03-03 05:04:24.671 INFO  [main][LoggingTimer:44] Completed com.liferay.portal.events.StartupHelperUtil#initResourceActions in 28 ms
2023-03-03 05:04:24.680 INFO  [main][MessageBusEventListenerNotification:33] **********Destination Added***********liferay/lcs_status
2023-03-03 05:04:24.716 INFO  [main][LicenseManager:-1] Digital Enterprise Development license validation passed
2023-03-03 05:04:25.486 INFO  [main][AutoDeployDir:176] Auto deploy scanner started for /media/root322/Data/Documents/LiferayWorkspace/bundles/deploy
2023-03-03 05:04:57.723 INFO  [com.liferay.portal.osgi.web.wab.extender.internal.WabFactory-BundleTrackerOpener][ThemeHotDeployListener:108] 1 theme for classic-theme is available for use
2023-03-03 05:04:57.832 INFO  [com.liferay.portal.osgi.web.wab.extender.internal.WabFactory-BundleTrackerOpener][ThemeHotDeployListener:108] 1 theme for dialect-theme is available for use
2023-03-03 05:04:57.969 INFO  [com.liferay.portal.osgi.web.wab.extender.internal.WabFactory-BundleTrackerOpener][ThemeHotDeployListener:108] 1 theme for speedwell-theme is available for use
2023-03-03 05:04:58.107 INFO  [com.liferay.portal.osgi.web.wab.extender.internal.WabFactory-BundleTrackerOpener][ThemeHotDeployListener:108] 1 theme for minium-theme is available for use
2023-03-03 05:04:58.189 INFO  [com.liferay.portal.osgi.web.wab.extender.internal.WabFactory-BundleTrackerOpener][ThemeHotDeployListener:108] 1 theme for admin-theme is available for use
2023-03-03 05:04:58.292 INFO  [com.liferay.portal.osgi.web.wab.extender.internal.WabFactory-BundleTrackerOpener][HookHotDeployListener:496] Hook for LangHook is available for use
2023-03-03 05:04:58.383 INFO  [com.liferay.portal.osgi.web.wab.extender.internal.WabFactory-BundleTrackerOpener][LayoutTemplateHotDeployListener:107] 1 layout template for LayoutTemplateDemo is available for use
2023-03-03 05:04:58.470 INFO  [com.liferay.portal.osgi.web.wab.extender.internal.WabFactory-BundleTrackerOpener][ThemeHotDeployListener:108] 1 theme for democlassictheme-theme is available for use
2023-03-03 05:04:58.546 INFO  [com.liferay.portal.osgi.web.wab.extender.internal.WabFactory-BundleTrackerOpener][ThemeHotDeployListener:108] 1 theme for demotheme-theme is available for use
2023-03-03 05:04:58.629 INFO  [com.liferay.portal.osgi.web.wab.extender.internal.WabFactory-BundleTrackerOpener][ThemeHotDeployListener:108] 1 theme for my-liferay-theme is available for use
2023-03-03 05:04:58.845 INFO  [com.liferay.portal.osgi.web.wab.extender.internal.WabFactory-BundleTrackerOpener][ThemeHotDeployListener:108] 1 theme for cstheme2-theme is available for use
2023-03-03 05:04:59.025 INFO  [com.liferay.portal.osgi.web.wab.extender.internal.WabFactory-BundleTrackerOpener][ThemeHotDeployListener:108] 1 theme for module-based-theme is available for use
2023-03-03 07:58:46.638 INFO  [fileinstall-directory-watcher][BundleStartStopLogger:80] STOPPED moduleblacklistconfiguration_1.0.0 [1843]
2023-03-03 07:58:46.855 INFO  [Refresh Thread: Equinox Container: 732524c6-a9cc-45f0-bf46-48fa013ac9a4][BundleStartStopLogger:77] STARTED moduleblacklistconfiguration_1.0.0 [1843]
2023-03-03 10:31:36.410 INFO  [fileinstall-directory-watcher][BundleStartStopLogger:80] STOPPED com.liferay.docs.guestbook.portlet_1.0.0 [1835]
2023-03-03 10:31:36.572 INFO  [Refresh Thread: Equinox Container: 732524c6-a9cc-45f0-bf46-48fa013ac9a4][BundleStartStopLogger:77] STARTED com.liferay.docs.guestbook.portlet_1.0.0 [1835]
2023-03-03 12:07:10.020 INFO  [Thread-7][ThemeHotDeployListener:171] 1 theme for module-based-theme was unregistered
2023-03-03 12:07:10.043 INFO  [Thread-7][ThemeHotDeployListener:171] 1 theme for cstheme2-theme was unregistered
2023-03-03 12:07:10.058 INFO  [Thread-7][ThemeHotDeployListener:171] 1 theme for my-liferay-theme was unregistered
2023-03-03 12:07:10.071 INFO  [Thread-7][ThemeHotDeployListener:171] 1 theme for demotheme-theme was unregistered
2023-03-03 12:07:10.091 INFO  [Thread-7][ThemeHotDeployListener:171] 1 theme for democlassictheme-theme was unregistered
2023-03-03 12:07:10.103 INFO  [Thread-7][LayoutTemplateHotDeployListener:156] 1 layout template for LayoutTemplateDemo was unregistered
2023-03-03 12:07:10.122 INFO  [Thread-7][HookHotDeployListener:544] Hook for LangHook was unregistered
2023-03-03 12:07:10.132 INFO  [Thread-7][ThemeHotDeployListener:171] 1 theme for admin-theme was unregistered
2023-03-03 12:07:10.144 INFO  [Thread-7][ThemeHotDeployListener:171] 1 theme for minium-theme was unregistered
2023-03-03 12:07:10.156 INFO  [Thread-7][ThemeHotDeployListener:171] 1 theme for speedwell-theme was unregistered
2023-03-03 12:07:10.168 INFO  [Thread-7][ThemeHotDeployListener:171] 1 theme for dialect-theme was unregistered
2023-03-03 12:07:10.181 INFO  [Thread-7][ThemeHotDeployListener:171] 1 theme for classic-theme was unregistered
2023-03-03 12:07:38.079 INFO  [main][PortalContextLoaderListener:123] JVM arguments: -Dcatalina.base=/media/root322/Data/Documents/LiferayWorkspace/bundles/tomcat-9.0.56 -Dcatalina.home=/media/root322/Data/Documents/LiferayWorkspace/bundles/tomcat-9.0.56 -Dfile.encoding=UTF8 -Djava.io.tmpdir=/media/root322/Data/Documents/LiferayWorkspace/bundles/tomcat-9.0.56/temp -Djava.net.preferIPv4Stack=true -Djava.util.logging.config.file=/media/root322/Data/Documents/LiferayWorkspace/bundles/tomcat-9.0.56/conf/logging.properties -Djava.util.logging.manager=org.apache.juli.ClassLoaderLogManager -Dorg.apache.catalina.loader.WebappClassLoader.ENABLE_CLEAR_REFERENCES=false -Duser.timezone=GMT -Xmx2560m -XX:MaxMetaspaceSize=768m -XX:MetaspaceSize=768m -javaagent:/snap/intellij-idea-ultimate/405/lib/idea_rt.jar=36625:/snap/intellij-idea-ultimate/405/bin
2023-03-03 12:07:40.371 INFO  [main][DialectDetector:153] Using dialect org.hibernate.dialect.MySQL8Dialect for MySQL 8.0
2023-03-03 12:07:43.334 INFO  [main][ModuleFrameworkImpl:1279] Starting initial bundles
2023-03-03 12:07:43.806 INFO  [ModuleFramework-Static-Bundles-4][InterpolationConfigurationPlugin:109] Configured directory for secrets: /media/root322/Data/Documents/LiferayWorkspace/bundles/osgi/configs
2023-03-03 12:07:45.063 INFO  [ModuleFramework-Static-Bundles-1][DefaultLPKGDeployer:456] Using overriding JAR bundle LPKG-Override::/media/root322/Data/Documents/LiferayWorkspace/bundles/osgi/marketplace/override/com.liferay.document.library.web.jar
2023-03-03 12:07:45.064 INFO  [ModuleFramework-Static-Bundles-1][DefaultLPKGDeployer:456] Using overriding JAR bundle LPKG-Override::/media/root322/Data/Documents/LiferayWorkspace/bundles/osgi/marketplace/override/com.liferay.portal.language.lang.jar
2023-03-03 12:07:45.312 INFO  [main][ModuleFrameworkImpl:1576] Started initial bundles
2023-03-03 12:07:45.312 INFO  [main][ModuleFrameworkImpl:1625] Starting dynamic bundles
2023-03-03 12:07:59.493 INFO  [Start Level: Equinox Container: 969d6533-c183-43f0-b1c0-926ea43ac553][MessageBusRegistrator:41] Message Listener Registered..com.liferaysavvy.messagebus.event.listener.MessageBusRegisteredParallelMessageListener@26557990
2023-03-03 12:07:59.494 INFO  [Start Level: Equinox Container: 969d6533-c183-43f0-b1c0-926ea43ac553][MessageBusRegistrator:45] Message Listener Registered..com.liferaysavvy.messagebus.event.listener.MessageBusRegisteredSerialMessageListener@76d61d44
2023-03-03 12:07:59.495 INFO  [Start Level: Equinox Container: 969d6533-c183-43f0-b1c0-926ea43ac553][MessageBusRegistrator:49] Message Listener Registered..com.liferaysavvy.messagebus.event.listener.MessageBusRegisteredSynchronousMessageListener@4b3b6890
2023-03-03 12:07:59.608 INFO  [main][ModuleFrameworkImpl:1647] Started dynamic bundles
2023-03-03 12:07:59.608 INFO  [main][ModuleFrameworkImpl:1654] Starting web bundles
2023-03-03 12:08:02.230 INFO  [main][ModuleFrameworkImpl:1708] Started web bundles
2023-03-03 12:08:02.230 INFO  [main][ModuleFrameworkImpl:278] Navigate to Control Panel > System > Gogo Shell and enter "lb" to see all bundles
2023-03-03 12:08:02.243 INFO  [main][LoggingTimer:83] Starting com.liferay.portal.verify.VerifyProperties#verifySystemProperties
2023-03-03 12:08:02.244 INFO  [main][LoggingTimer:44] Completed com.liferay.portal.verify.VerifyProperties#verifySystemProperties in 1 ms
2023-03-03 12:08:02.244 INFO  [main][LoggingTimer:83] Starting com.liferay.portal.verify.VerifyProperties#verifyPortalProperties
2023-03-03 12:08:02.278 ERROR [main][VerifyProperties:182] Portal property "journal.article.form.add" is obsolete
2023-03-03 12:08:02.278 ERROR [main][VerifyProperties:182] Portal property "journal.article.form.update" is obsolete
2023-03-03 12:08:02.278 ERROR [main][VerifyProperties:182] Portal property "journal.article.form.translate" is obsolete
2023-03-03 12:08:02.279 INFO  [main][LoggingTimer:44] Completed com.liferay.portal.verify.VerifyProperties#verifyPortalProperties in 35 ms
2023-03-03 12:08:02.279 INFO  [main][LoggingTimer:83] Starting com.liferay.portal.verify.VerifyProperties#verifyDocumentLibrary
2023-03-03 12:08:02.279 INFO  [main][LoggingTimer:44] Completed com.liferay.portal.verify.VerifyProperties#verifyDocumentLibrary in 0 ms
2023-03-03 12:08:02.688 INFO  [main][LoggingTimer:83] Starting com.liferay.portal.events.StartupHelperUtil#initResourceActions
2023-03-03 12:08:02.733 INFO  [main][LoggingTimer:44] Completed com.liferay.portal.events.StartupHelperUtil#initResourceActions in 45 ms
2023-03-03 12:08:05.276 WARN  [main][SidecarManager:103] Liferay automatically starts a child process of Elasticsearch named sidecar for convenient development and demonstration purposes. Do NOT use sidecar in production. Refer to the documentation for details on the limitations of sidecar and instructions on configuring a remote Elasticsearch connection in the Control Panel.
2023-03-03 12:08:15.631 INFO  [main][Sidecar:119] Sidecar Elasticsearch liferay started at 127.0.0.1:9501
2023-03-03 12:08:18.404 INFO  [main][MessageBusEventListenerNotification:33] **********Destination Added***********liferay/ddm_structure_reindex
2023-03-03 12:08:18.411 INFO  [main][MessageBusEventListenerNotification:33] **********Destination Added***********liferay/search_reader/GENERIC_ENGINE
2023-03-03 12:08:18.415 INFO  [main][MessageBusEventListenerNotification:33] **********Destination Added***********liferay/search_writer/GENERIC_ENGINE
2023-03-03 12:08:18.420 INFO  [main][MessageBusEventListenerNotification:33] **********Destination Added***********liferay/analytics_messages_processor
2023-03-03 12:08:18.426 INFO  [main][MessageBusEventListenerNotification:33] **********Destination Added***********liferay/scripting_executor
2023-03-03 12:08:18.436 INFO  [main][MessageBusEventListenerNotification:33] **********Destination Added***********liferay/search_reader/SYSTEM_ENGINE
2023-03-03 12:08:18.439 INFO  [main][MessageBusEventListenerNotification:33] **********Destination Added***********liferay/search_writer/SYSTEM_ENGINE
2023-03-03 12:08:19.687 INFO  [main][MessageBusEventListenerNotification:33] **********Destination Added***********liferay/commerce_base_price_list
2023-03-03 12:08:19.692 INFO  [main][MessageBusEventListenerNotification:33] **********Destination Added***********liferay/commerce_order_status
2023-03-03 12:08:19.697 INFO  [main][MessageBusEventListenerNotification:33] **********Destination Added***********liferay/commerce_payment_status
2023-03-03 12:08:19.702 INFO  [main][MessageBusEventListenerNotification:33] **********Destination Added***********liferay/commerce_shipment_status
2023-03-03 12:08:19.706 INFO  [main][MessageBusEventListenerNotification:33] **********Destination Added***********liferay/commerce_subscription_status
2023-03-03 12:08:19.714 INFO  [main][MessageBusEventListenerNotification:33] **********Destination Added***********liferay/tensorflow_model_download
2023-03-03 12:08:19.723 INFO  [main][MessageBusEventListenerNotification:33] **********Destination Added***********liferay/adaptive_media_processor
2023-03-03 12:08:19.732 INFO  [main][MessageBusEventListenerNotification:33] **********Destination Added***********liferay/message_bus/default_response
2023-03-03 12:08:19.738 INFO  [main][MessageBusEventListenerNotification:33] **********Destination Added***********liferay/message_bus/message_status
2023-03-03 12:08:19.743 INFO  [main][MessageBusEventListenerNotification:33] **********Destination Added***********liferay/live_users
2023-03-03 12:08:19.745 INFO  [main][MessageBusEventListenerNotification:33] **********Destination Added***********liferay/document_library_audio_processor
2023-03-03 12:08:19.748 INFO  [main][MessageBusEventListenerNotification:33] **********Destination Added***********liferay/async_service
2023-03-03 12:08:19.750 INFO  [main][MessageBusEventListenerNotification:33] **********Destination Added***********liferay/layouts_local_publisher
2023-03-03 12:08:19.751 INFO  [main][MessageBusEventListenerNotification:33] **********Destination Added***********liferay/convert_process
2023-03-03 12:08:19.754 INFO  [main][MessageBusEventListenerNotification:33] **********Destination Added***********liferay/document_library_pdf_processor
2023-03-03 12:08:19.756 INFO  [main][MessageBusEventListenerNotification:33] **********Destination Added***********liferay/subscription_clean_up
2023-03-03 12:08:19.758 INFO  [main][MessageBusEventListenerNotification:33] **********Destination Added***********liferay/document_library_video_processor
2023-03-03 12:08:19.759 INFO  [main][MessageBusEventListenerNotification:33] **********Destination Added***********liferay/document_library_raw_metadata_processor
2023-03-03 12:08:19.761 INFO  [main][MessageBusEventListenerNotification:33] **********Destination Added***********liferay/document_library_image_processor
2023-03-03 12:08:19.763 INFO  [main][MessageBusEventListenerNotification:33] **********Destination Added***********liferay/message_boards_mailing_list
2023-03-03 12:08:19.765 INFO  [main][MessageBusEventListenerNotification:33] **********Destination Added***********liferay/subscription_sender
2023-03-03 12:08:19.766 INFO  [main][MessageBusEventListenerNotification:33] **********Destination Added***********liferay/hot_deploy
2023-03-03 12:08:19.767 INFO  [main][MessageBusEventListenerNotification:33] **********Destination Added***********liferay/layouts_remote_publisher
2023-03-03 12:08:19.775 INFO  [main][MessageBusEventListenerNotification:33] **********Destination Added***********liferay/poller_comet_response
2023-03-03 12:08:19.777 INFO  [main][MessageBusEventListenerNotification:33] **********Destination Added***********liferay/poller_response
2023-03-03 12:08:19.778 INFO  [main][MessageBusEventListenerNotification:33] **********Destination Added***********liferay/poller
2023-03-03 12:08:19.781 INFO  [main][MessageBusEventListenerNotification:33] **********Destination Added***********liferay/workflow_definition
2023-03-03 12:08:19.783 INFO  [main][MessageBusEventListenerNotification:33] **********Destination Added***********liferay/workflow_instance
2023-03-03 12:08:19.784 INFO  [main][MessageBusEventListenerNotification:33] **********Destination Added***********liferay/workflow_log
2023-03-03 12:08:19.786 INFO  [main][MessageBusEventListenerNotification:33] **********Destination Added***********liferay/workflow_task
2023-03-03 12:08:19.788 INFO  [main][MessageBusEventListenerNotification:33] **********Destination Added***********liferay/workflow_engine
2023-03-03 12:08:19.790 INFO  [main][MessageBusEventListenerNotification:33] **********Destination Added***********liferay/workflow_comparator
2023-03-03 12:08:19.791 INFO  [main][MessageBusEventListenerNotification:33] **********Destination Added***********liferay/workflow_status
2023-03-03 12:08:19.793 INFO  [main][MessageBusEventListenerNotification:33] **********Destination Added***********liferay/mail
2023-03-03 12:08:19.796 INFO  [main][MessageBusEventListenerNotification:33] **********Destination Added***********liferay/segments_entry_reindex
2023-03-03 12:08:19.799 INFO  [main][MessageBusEventListenerNotification:33] **********Destination Added***********liferay/export_import_lifecycle_event_async
2023-03-03 12:08:19.807 INFO  [main][MessageBusEventListenerNotification:33] **********Destination Added***********liferay/export_import_lifecycle_event_sync
2023-03-03 12:08:19.812 INFO  [main][MessageBusEventListenerNotification:33] **********Destination Added***********liferay/audit
2023-03-03 12:08:19.816 INFO  [main][MessageBusEventListenerNotification:33] **********Destination Added***********liferay/interest_terms
2023-03-03 12:08:19.819 INFO  [main][ParellelDestinationConfig:83] Destination is creared ..liferaysavvy/parallel-destination
2023-03-03 12:08:19.819 INFO  [main][MessageBusEventListenerNotification:33] **********Destination Added***********liferaysavvy/parallel-destination
2023-03-03 12:08:19.821 INFO  [main][ParellelDestinationConfig:90] Destination is registred with Service Regisration ..
2023-03-03 12:08:19.822 INFO  [main][SerialDestinationConfig:83] Destination is creared ..liferaysavvy/serial-destination
2023-03-03 12:08:19.823 INFO  [main][MessageBusEventListenerNotification:33] **********Destination Added***********liferaysavvy/serial-destination
2023-03-03 12:08:19.824 INFO  [main][SerialDestinationConfig:90] Destination is registred with Service Regisration ..
2023-03-03 12:08:19.826 INFO  [main][SynchronousDestinationConfig:83] Destination is creared ..liferaysavvy/synchronous-destination
2023-03-03 12:08:19.827 INFO  [main][MessageBusEventListenerNotification:33] **********Destination Added***********liferaysavvy/synchronous-destination
2023-03-03 12:08:19.830 INFO  [main][DestinationListenerRegistrator:41] Message Listener Registered..com.liferaysavvy.messagebus.event.listener.DestinationRegisteredParallelMessageListener@40331a64
2023-03-03 12:08:19.830 INFO  [main][DestinationListenerRegistrator:45] Message Listener Registered..com.liferaysavvy.messagebus.event.listener.DestinationRegisteredSerialMessageListener@49520749
2023-03-03 12:08:19.831 INFO  [main][DestinationListenerRegistrator:49] Message Listener Registered..com.liferaysavvy.messagebus.event.listener.DestinationRegisteredSynchronousMessageListener@713fa9dc
2023-03-03 12:08:19.832 INFO  [main][SynchronousDestinationConfig:90] Destination is registred with Service Regisration ..
2023-03-03 12:08:19.833 INFO  [main][MessageBusEventListenerNotification:33] **********Destination Added***********liferay/scheduled_user_ldap_import
2023-03-03 12:08:19.837 INFO  [main][MessageBusEventListenerNotification:33] **********Destination Added***********liferay/monitoring
2023-03-03 12:08:20.358 INFO  [main][MessageBusEventListenerNotification:33] **********Destination Added***********liferay/flags
2023-03-03 12:08:21.693 INFO  [main][StartupHelperUtil:86] There are no patches installed
2023-03-03 12:08:21.735 INFO  [main][LoggingTimer:83] Starting com.liferay.portal.events.StartupHelperUtil#initResourceActions
2023-03-03 12:08:21.762 INFO  [main][LoggingTimer:44] Completed com.liferay.portal.events.StartupHelperUtil#initResourceActions in 27 ms
2023-03-03 12:08:21.768 INFO  [main][MessageBusEventListenerNotification:33] **********Destination Added***********liferay/lcs_status
2023-03-03 12:08:21.809 INFO  [main][LicenseManager:-1] Digital Enterprise Development license validation passed
2023-03-03 12:08:22.258 INFO  [main][AutoDeployDir:176] Auto deploy scanner started for /media/root322/Data/Documents/LiferayWorkspace/bundles/deploy
2023-03-03 12:08:45.276 INFO  [com.liferay.portal.osgi.web.wab.extender.internal.WabFactory-BundleTrackerOpener][ThemeHotDeployListener:108] 1 theme for classic-theme is available for use
2023-03-03 12:08:45.370 INFO  [com.liferay.portal.osgi.web.wab.extender.internal.WabFactory-BundleTrackerOpener][ThemeHotDeployListener:108] 1 theme for dialect-theme is available for use
2023-03-03 12:08:45.474 INFO  [com.liferay.portal.osgi.web.wab.extender.internal.WabFactory-BundleTrackerOpener][ThemeHotDeployListener:108] 1 theme for speedwell-theme is available for use
2023-03-03 12:08:45.611 INFO  [com.liferay.portal.osgi.web.wab.extender.internal.WabFactory-BundleTrackerOpener][ThemeHotDeployListener:108] 1 theme for minium-theme is available for use
2023-03-03 12:08:45.717 INFO  [com.liferay.portal.osgi.web.wab.extender.internal.WabFactory-BundleTrackerOpener][ThemeHotDeployListener:108] 1 theme for admin-theme is available for use
2023-03-03 12:08:45.825 INFO  [com.liferay.portal.osgi.web.wab.extender.internal.WabFactory-BundleTrackerOpener][HookHotDeployListener:496] Hook for LangHook is available for use
2023-03-03 12:08:45.942 INFO  [com.liferay.portal.osgi.web.wab.extender.internal.WabFactory-BundleTrackerOpener][LayoutTemplateHotDeployListener:107] 1 layout template for LayoutTemplateDemo is available for use
2023-03-03 12:08:46.053 INFO  [com.liferay.portal.osgi.web.wab.extender.internal.WabFactory-BundleTrackerOpener][ThemeHotDeployListener:108] 1 theme for democlassictheme-theme is available for use
2023-03-03 12:08:46.169 INFO  [com.liferay.portal.osgi.web.wab.extender.internal.WabFactory-BundleTrackerOpener][ThemeHotDeployListener:108] 1 theme for demotheme-theme is available for use
2023-03-03 12:08:46.238 INFO  [com.liferay.portal.osgi.web.wab.extender.internal.WabFactory-BundleTrackerOpener][ThemeHotDeployListener:108] 1 theme for my-liferay-theme is available for use
2023-03-03 12:08:46.503 INFO  [com.liferay.portal.osgi.web.wab.extender.internal.WabFactory-BundleTrackerOpener][ThemeHotDeployListener:108] 1 theme for cstheme2-theme is available for use
2023-03-03 12:08:46.670 INFO  [com.liferay.portal.osgi.web.wab.extender.internal.WabFactory-BundleTrackerOpener][ThemeHotDeployListener:108] 1 theme for module-based-theme is available for use
2023-03-03 12:11:47.907 INFO  [fileinstall-directory-watcher][BundleStartStopLogger:80] STOPPED com.liferay.docs.guestbook.api_1.0.0 [1814]
2023-03-03 12:11:47.952 INFO  [Refresh Thread: Equinox Container: 969d6533-c183-43f0-b1c0-926ea43ac553][BundleStartStopLogger:80] STOPPED com.liferay.docs.guestbook.portlet_1.0.0 [1835]
2023-03-03 12:11:48.011 INFO  [Refresh Thread: Equinox Container: 969d6533-c183-43f0-b1c0-926ea43ac553][BundleStartStopLogger:80] STOPPED com.liferay.docs.guestbook.service_1.0.0 [1815]
2023-03-03 12:11:48.060 INFO  [Refresh Thread: Equinox Container: 969d6533-c183-43f0-b1c0-926ea43ac553][BundleStartStopLogger:80] STOPPED background-task_1.0.0 [1803]
2023-03-03 12:11:48.291 INFO  [Refresh Thread: Equinox Container: 969d6533-c183-43f0-b1c0-926ea43ac553][BundleStartStopLogger:77] STARTED background-task_1.0.0 [1803]
2023-03-03 12:11:48.402 ERROR [Refresh Thread: Equinox Container: 969d6533-c183-43f0-b1c0-926ea43ac553][ServiceConfigurationInitializer:107] Unable to initialize service component
com.liferay.portal.kernel.exception.OldServiceComponentException: Build namespace GB has build number 83 which is newer than 47
	at com.liferay.portal.service.impl.ServiceComponentLocalServiceImpl.initServiceComponent(ServiceComponentLocalServiceImpl.java:192) ~[portal-impl.jar:?]
	at jdk.internal.reflect.GeneratedMethodAccessor135.invoke(Unknown Source) ~[?:?]
	at jdk.internal.reflect.DelegatingMethodAccessorImpl.invoke(DelegatingMethodAccessorImpl.java:43) ~[?:?]
	at java.lang.reflect.Method.invoke(Method.java:566) ~[?:?]
	at com.liferay.portal.spring.aop.AopMethodInvocationImpl.proceed(AopMethodInvocationImpl.java:50) ~[portal-impl.jar:?]
	at com.liferay.portal.spring.transaction.TransactionInterceptor.invoke(TransactionInterceptor.java:69) ~[portal-impl.jar:?]
	at com.liferay.portal.spring.aop.AopMethodInvocationImpl.proceed(AopMethodInvocationImpl.java:57) ~[portal-impl.jar:?]
	at com.liferay.change.tracking.internal.aop.CTTransactionAdvice.invoke(CTTransactionAdvice.java:79) ~[?:?]
	at com.liferay.portal.spring.aop.AopMethodInvocationImpl.proceed(AopMethodInvocationImpl.java:57) ~[portal-impl.jar:?]
	at com.liferay.portal.spring.aop.AopInvocationHandler.invoke(AopInvocationHandler.java:49) ~[portal-impl.jar:?]
	at com.sun.proxy.$Proxy285.initServiceComponent(Unknown Source) ~[?:?]
	at com.liferay.portal.spring.extender.internal.configuration.ServiceConfigurationInitializer._initServiceComponent(ServiceConfigurationInitializer.java:102) ~[?:?]
	at com.liferay.portal.spring.extender.internal.configuration.ServiceConfigurationInitializer.start(ServiceConfigurationInitializer.java:64) ~[?:?]
	at jdk.internal.reflect.GeneratedMethodAccessor134.invoke(Unknown Source) ~[?:?]
	at jdk.internal.reflect.DelegatingMethodAccessorImpl.invoke(DelegatingMethodAccessorImpl.java:43) ~[?:?]
	at java.lang.reflect.Method.invoke(Method.java:566) ~[?:?]
	at org.apache.felix.dm.impl.InvocationUtil.invokeMethod(InvocationUtil.java:157) ~[bundleFile:?]
	at org.apache.felix.dm.impl.InvocationUtil.invokeCallbackMethod(InvocationUtil.java:112) ~[bundleFile:?]
	at org.apache.felix.dm.impl.ComponentImpl.invokeCallbackMethod(ComponentImpl.java:638) ~[bundleFile:?]
	at org.apache.felix.dm.impl.ComponentImpl.invoke(ComponentImpl.java:1783) ~[bundleFile:?]
	at org.apache.felix.dm.impl.ComponentImpl.invokeStart(ComponentImpl.java:1281) ~[bundleFile:?]
	at org.apache.felix.dm.impl.ComponentImpl.performTransition(ComponentImpl.java:1232) ~[bundleFile:?]
	at org.apache.felix.dm.impl.ComponentImpl.handleChange(ComponentImpl.java:1166) ~[bundleFile:?]
	at org.apache.felix.dm.impl.ComponentImpl.lambda$start$2(ComponentImpl.java:502) ~[bundleFile:?]
	at org.apache.felix.dm.impl.SerialExecutor.runTask(SerialExecutor.java:138) [bundleFile:?]
	at org.apache.felix.dm.impl.SerialExecutor.runTasks(SerialExecutor.java:120) [bundleFile:?]
	at org.apache.felix.dm.impl.SerialExecutor.execute(SerialExecutor.java:86) [bundleFile:?]
	at org.apache.felix.dm.impl.SerialExecutor.execute(SerialExecutor.java:105) [bundleFile:?]
	at org.apache.felix.dm.impl.ComponentImpl.start(ComponentImpl.java:500) [bundleFile:?]
	at org.apache.felix.dm.impl.ComponentScheduler.add(ComponentScheduler.java:69) [bundleFile:?]
	at org.apache.felix.dm.DependencyManager.add(DependencyManager.java:141) [bundleFile:?]
	at com.liferay.portal.spring.extender.internal.configuration.ServiceConfigurationExtender$ServiceConfigurationExtension.start(ServiceConfigurationExtender.java:111) [bundleFile:?]
	at com.liferay.portal.spring.extender.internal.configuration.ServiceConfigurationExtender.addingBundle(ServiceConfigurationExtender.java:85) [bundleFile:?]
	at com.liferay.portal.spring.extender.internal.configuration.ServiceConfigurationExtender.addingBundle(ServiceConfigurationExtender.java:46) [bundleFile:?]
	at org.osgi.util.tracker.BundleTracker$Tracked.customizerAdding(BundleTracker.java:475) [org.eclipse.osgi.jar:?]
	at org.osgi.util.tracker.BundleTracker$Tracked.customizerAdding(BundleTracker.java:1) [org.eclipse.osgi.jar:?]
	at org.osgi.util.tracker.AbstractTracked.trackAdding(AbstractTracked.java:256) [org.eclipse.osgi.jar:?]
	at org.osgi.util.tracker.AbstractTracked.track(AbstractTracked.java:229) [org.eclipse.osgi.jar:?]
	at org.osgi.util.tracker.BundleTracker$Tracked.bundleChanged(BundleTracker.java:450) [org.eclipse.osgi.jar:?]
	at org.eclipse.osgi.internal.framework.BundleContextImpl.dispatchEvent(BundleContextImpl.java:908) [org.eclipse.osgi.jar:?]
	at org.eclipse.osgi.framework.eventmgr.EventManager.dispatchEvent(EventManager.java:230) [org.eclipse.osgi.jar:?]
	at org.eclipse.osgi.framework.eventmgr.ListenerQueue.dispatchEventSynchronous(ListenerQueue.java:148) [org.eclipse.osgi.jar:?]
	at org.eclipse.osgi.internal.framework.EquinoxEventPublisher.publishBundleEventPrivileged(EquinoxEventPublisher.java:230) [org.eclipse.osgi.jar:?]
	at org.eclipse.osgi.internal.framework.EquinoxEventPublisher.publishBundleEvent(EquinoxEventPublisher.java:137) [org.eclipse.osgi.jar:?]
	at org.eclipse.osgi.internal.framework.EquinoxEventPublisher.publishBundleEvent(EquinoxEventPublisher.java:129) [org.eclipse.osgi.jar:?]
	at org.eclipse.osgi.internal.framework.EquinoxContainerAdaptor.publishModuleEvent(EquinoxContainerAdaptor.java:191) [org.eclipse.osgi.jar:?]
	at org.eclipse.osgi.container.Module.publishEvent(Module.java:476) [org.eclipse.osgi.jar:?]
	at org.eclipse.osgi.container.Module.doStart(Module.java:578) [org.eclipse.osgi.jar:?]
	at org.eclipse.osgi.container.Module.start(Module.java:449) [org.eclipse.osgi.jar:?]
	at org.eclipse.osgi.framework.util.SecureAction.start(SecureAction.java:468) [org.eclipse.osgi.jar:?]
	at org.eclipse.osgi.container.ModuleContainer.start(ModuleContainer.java:777) [org.eclipse.osgi.jar:?]
	at org.eclipse.osgi.container.ModuleContainer.applyDelta(ModuleContainer.java:754) [org.eclipse.osgi.jar:?]
	at org.eclipse.osgi.container.ModuleContainer.resolveAndApply(ModuleContainer.java:538) [org.eclipse.osgi.jar:?]
	at org.eclipse.osgi.container.ModuleContainer.resolve(ModuleContainer.java:484) [org.eclipse.osgi.jar:?]
	at org.eclipse.osgi.container.ModuleContainer.refresh(ModuleContainer.java:1028) [org.eclipse.osgi.jar:?]
	at org.eclipse.osgi.container.ModuleContainer$ContainerWiring.dispatchEvent(ModuleContainer.java:1409) [org.eclipse.osgi.jar:?]
	at org.eclipse.osgi.container.ModuleContainer$ContainerWiring.dispatchEvent(ModuleContainer.java:1) [org.eclipse.osgi.jar:?]
	at org.eclipse.osgi.framework.eventmgr.EventManager.dispatchEvent(EventManager.java:230) [org.eclipse.osgi.jar:?]
	at org.eclipse.osgi.framework.eventmgr.EventManager$EventThread.run(EventManager.java:340) [org.eclipse.osgi.jar:?]
2023-03-03 12:11:48.482 INFO  [Refresh Thread: Equinox Container: 969d6533-c183-43f0-b1c0-926ea43ac553][BundleStartStopLogger:77] STARTED com.liferay.docs.guestbook.service_1.0.0 [1815]
2023-03-03 12:11:48.549 INFO  [Refresh Thread: Equinox Container: 969d6533-c183-43f0-b1c0-926ea43ac553][BundleStartStopLogger:77] STARTED com.liferay.docs.guestbook.portlet_1.0.0 [1835]
2023-03-03 12:11:48.550 INFO  [Refresh Thread: Equinox Container: 969d6533-c183-43f0-b1c0-926ea43ac553][BundleStartStopLogger:77] STARTED com.liferay.docs.guestbook.api_1.0.0 [1814]
2023-03-03 12:11:53.646 INFO  [fileinstall-directory-watcher][BundleStartStopLogger:80] STOPPED com.liferay.docs.guestbook.service_1.0.0 [1815]
2023-03-03 12:11:53.789 ERROR [Refresh Thread: Equinox Container: 969d6533-c183-43f0-b1c0-926ea43ac553][ServiceConfigurationInitializer:107] Unable to initialize service component
com.liferay.portal.kernel.exception.OldServiceComponentException: Build namespace GB has build number 83 which is newer than 48
	at com.liferay.portal.service.impl.ServiceComponentLocalServiceImpl.initServiceComponent(ServiceComponentLocalServiceImpl.java:192) ~[portal-impl.jar:?]
	at jdk.internal.reflect.GeneratedMethodAccessor135.invoke(Unknown Source) ~[?:?]
	at jdk.internal.reflect.DelegatingMethodAccessorImpl.invoke(DelegatingMethodAccessorImpl.java:43) ~[?:?]
	at java.lang.reflect.Method.invoke(Method.java:566) ~[?:?]
	at com.liferay.portal.spring.aop.AopMethodInvocationImpl.proceed(AopMethodInvocationImpl.java:50) ~[portal-impl.jar:?]
	at com.liferay.portal.spring.transaction.TransactionInterceptor.invoke(TransactionInterceptor.java:69) ~[portal-impl.jar:?]
	at com.liferay.portal.spring.aop.AopMethodInvocationImpl.proceed(AopMethodInvocationImpl.java:57) ~[portal-impl.jar:?]
	at com.liferay.change.tracking.internal.aop.CTTransactionAdvice.invoke(CTTransactionAdvice.java:79) ~[?:?]
	at com.liferay.portal.spring.aop.AopMethodInvocationImpl.proceed(AopMethodInvocationImpl.java:57) ~[portal-impl.jar:?]
	at com.liferay.portal.spring.aop.AopInvocationHandler.invoke(AopInvocationHandler.java:49) ~[portal-impl.jar:?]
	at com.sun.proxy.$Proxy285.initServiceComponent(Unknown Source) ~[?:?]
	at com.liferay.portal.spring.extender.internal.configuration.ServiceConfigurationInitializer._initServiceComponent(ServiceConfigurationInitializer.java:102) ~[?:?]
	at com.liferay.portal.spring.extender.internal.configuration.ServiceConfigurationInitializer.start(ServiceConfigurationInitializer.java:64) ~[?:?]
	at jdk.internal.reflect.GeneratedMethodAccessor134.invoke(Unknown Source) ~[?:?]
	at jdk.internal.reflect.DelegatingMethodAccessorImpl.invoke(DelegatingMethodAccessorImpl.java:43) ~[?:?]
	at java.lang.reflect.Method.invoke(Method.java:566) ~[?:?]
	at org.apache.felix.dm.impl.InvocationUtil.invokeMethod(InvocationUtil.java:157) ~[bundleFile:?]
	at org.apache.felix.dm.impl.InvocationUtil.invokeCallbackMethod(InvocationUtil.java:112) ~[bundleFile:?]
	at org.apache.felix.dm.impl.ComponentImpl.invokeCallbackMethod(ComponentImpl.java:638) ~[bundleFile:?]
	at org.apache.felix.dm.impl.ComponentImpl.invoke(ComponentImpl.java:1783) ~[bundleFile:?]
	at org.apache.felix.dm.impl.ComponentImpl.invokeStart(ComponentImpl.java:1281) ~[bundleFile:?]
	at org.apache.felix.dm.impl.ComponentImpl.performTransition(ComponentImpl.java:1232) ~[bundleFile:?]
	at org.apache.felix.dm.impl.ComponentImpl.handleChange(ComponentImpl.java:1166) ~[bundleFile:?]
	at org.apache.felix.dm.impl.ComponentImpl.lambda$start$2(ComponentImpl.java:502) ~[bundleFile:?]
	at org.apache.felix.dm.impl.SerialExecutor.runTask(SerialExecutor.java:138) [bundleFile:?]
	at org.apache.felix.dm.impl.SerialExecutor.runTasks(SerialExecutor.java:120) [bundleFile:?]
	at org.apache.felix.dm.impl.SerialExecutor.execute(SerialExecutor.java:86) [bundleFile:?]
	at org.apache.felix.dm.impl.SerialExecutor.execute(SerialExecutor.java:105) [bundleFile:?]
	at org.apache.felix.dm.impl.ComponentImpl.start(ComponentImpl.java:500) [bundleFile:?]
	at org.apache.felix.dm.impl.ComponentScheduler.add(ComponentScheduler.java:69) [bundleFile:?]
	at org.apache.felix.dm.DependencyManager.add(DependencyManager.java:141) [bundleFile:?]
	at com.liferay.portal.spring.extender.internal.configuration.ServiceConfigurationExtender$ServiceConfigurationExtension.start(ServiceConfigurationExtender.java:111) [bundleFile:?]
	at com.liferay.portal.spring.extender.internal.configuration.ServiceConfigurationExtender.addingBundle(ServiceConfigurationExtender.java:85) [bundleFile:?]
	at com.liferay.portal.spring.extender.internal.configuration.ServiceConfigurationExtender.addingBundle(ServiceConfigurationExtender.java:46) [bundleFile:?]
	at org.osgi.util.tracker.BundleTracker$Tracked.customizerAdding(BundleTracker.java:475) [org.eclipse.osgi.jar:?]
	at org.osgi.util.tracker.BundleTracker$Tracked.customizerAdding(BundleTracker.java:1) [org.eclipse.osgi.jar:?]
	at org.osgi.util.tracker.AbstractTracked.trackAdding(AbstractTracked.java:256) [org.eclipse.osgi.jar:?]
	at org.osgi.util.tracker.AbstractTracked.track(AbstractTracked.java:229) [org.eclipse.osgi.jar:?]
	at org.osgi.util.tracker.BundleTracker$Tracked.bundleChanged(BundleTracker.java:450) [org.eclipse.osgi.jar:?]
	at org.eclipse.osgi.internal.framework.BundleContextImpl.dispatchEvent(BundleContextImpl.java:908) [org.eclipse.osgi.jar:?]
	at org.eclipse.osgi.framework.eventmgr.EventManager.dispatchEvent(EventManager.java:230) [org.eclipse.osgi.jar:?]
	at org.eclipse.osgi.framework.eventmgr.ListenerQueue.dispatchEventSynchronous(ListenerQueue.java:148) [org.eclipse.osgi.jar:?]
	at org.eclipse.osgi.internal.framework.EquinoxEventPublisher.publishBundleEventPrivileged(EquinoxEventPublisher.java:230) [org.eclipse.osgi.jar:?]
	at org.eclipse.osgi.internal.framework.EquinoxEventPublisher.publishBundleEvent(EquinoxEventPublisher.java:137) [org.eclipse.osgi.jar:?]
	at org.eclipse.osgi.internal.framework.EquinoxEventPublisher.publishBundleEvent(EquinoxEventPublisher.java:129) [org.eclipse.osgi.jar:?]
	at org.eclipse.osgi.internal.framework.EquinoxContainerAdaptor.publishModuleEvent(EquinoxContainerAdaptor.java:191) [org.eclipse.osgi.jar:?]
	at org.eclipse.osgi.container.Module.publishEvent(Module.java:476) [org.eclipse.osgi.jar:?]
	at org.eclipse.osgi.container.Module.doStart(Module.java:578) [org.eclipse.osgi.jar:?]
	at org.eclipse.osgi.container.Module.start(Module.java:449) [org.eclipse.osgi.jar:?]
	at org.eclipse.osgi.framework.util.SecureAction.start(SecureAction.java:468) [org.eclipse.osgi.jar:?]
	at org.eclipse.osgi.container.ModuleContainer.start(ModuleContainer.java:777) [org.eclipse.osgi.jar:?]
	at org.eclipse.osgi.container.ModuleContainer.applyDelta(ModuleContainer.java:768) [org.eclipse.osgi.jar:?]
	at org.eclipse.osgi.container.ModuleContainer.resolveAndApply(ModuleContainer.java:538) [org.eclipse.osgi.jar:?]
	at org.eclipse.osgi.container.ModuleContainer.resolve(ModuleContainer.java:484) [org.eclipse.osgi.jar:?]
	at org.eclipse.osgi.container.ModuleContainer.refresh(ModuleContainer.java:1028) [org.eclipse.osgi.jar:?]
	at org.eclipse.osgi.container.ModuleContainer$ContainerWiring.dispatchEvent(ModuleContainer.java:1409) [org.eclipse.osgi.jar:?]
	at org.eclipse.osgi.container.ModuleContainer$ContainerWiring.dispatchEvent(ModuleContainer.java:1) [org.eclipse.osgi.jar:?]
	at org.eclipse.osgi.framework.eventmgr.EventManager.dispatchEvent(EventManager.java:230) [org.eclipse.osgi.jar:?]
	at org.eclipse.osgi.framework.eventmgr.EventManager$EventThread.run(EventManager.java:340) [org.eclipse.osgi.jar:?]
2023-03-03 12:11:53.921 INFO  [Refresh Thread: Equinox Container: 969d6533-c183-43f0-b1c0-926ea43ac553][BundleStartStopLogger:77] STARTED com.liferay.docs.guestbook.service_1.0.0 [1815]
2023-03-03 12:17:05.424 INFO  [Thread-7][ThemeHotDeployListener:171] 1 theme for module-based-theme was unregistered
2023-03-03 12:17:05.438 INFO  [Thread-7][ThemeHotDeployListener:171] 1 theme for cstheme2-theme was unregistered
2023-03-03 12:17:05.449 INFO  [Thread-7][ThemeHotDeployListener:171] 1 theme for my-liferay-theme was unregistered
2023-03-03 12:17:05.460 INFO  [Thread-7][ThemeHotDeployListener:171] 1 theme for demotheme-theme was unregistered
2023-03-03 12:17:05.474 INFO  [Thread-7][ThemeHotDeployListener:171] 1 theme for democlassictheme-theme was unregistered
2023-03-03 12:17:05.486 INFO  [Thread-7][LayoutTemplateHotDeployListener:156] 1 layout template for LayoutTemplateDemo was unregistered
2023-03-03 12:17:05.504 INFO  [Thread-7][HookHotDeployListener:544] Hook for LangHook was unregistered
2023-03-03 12:17:05.515 INFO  [Thread-7][ThemeHotDeployListener:171] 1 theme for admin-theme was unregistered
2023-03-03 12:17:05.540 INFO  [Thread-7][ThemeHotDeployListener:171] 1 theme for minium-theme was unregistered
2023-03-03 12:17:05.557 INFO  [Thread-7][ThemeHotDeployListener:171] 1 theme for speedwell-theme was unregistered
2023-03-03 12:17:05.570 INFO  [Thread-7][ThemeHotDeployListener:171] 1 theme for dialect-theme was unregistered
2023-03-03 12:17:05.581 INFO  [Thread-7][ThemeHotDeployListener:171] 1 theme for classic-theme was unregistered
2023-03-03 12:17:10.979 INFO  [main][PortalContextLoaderListener:123] JVM arguments: -Dcatalina.base=/media/root322/Data/Documents/LiferayWorkspace/bundles/tomcat-9.0.56 -Dcatalina.home=/media/root322/Data/Documents/LiferayWorkspace/bundles/tomcat-9.0.56 -Dfile.encoding=UTF8 -Djava.io.tmpdir=/media/root322/Data/Documents/LiferayWorkspace/bundles/tomcat-9.0.56/temp -Djava.net.preferIPv4Stack=true -Djava.util.logging.config.file=/media/root322/Data/Documents/LiferayWorkspace/bundles/tomcat-9.0.56/conf/logging.properties -Djava.util.logging.manager=org.apache.juli.ClassLoaderLogManager -Dorg.apache.catalina.loader.WebappClassLoader.ENABLE_CLEAR_REFERENCES=false -Duser.timezone=GMT -Xmx2560m -XX:MaxMetaspaceSize=768m -XX:MetaspaceSize=768m -javaagent:/snap/intellij-idea-ultimate/405/lib/idea_rt.jar=43699:/snap/intellij-idea-ultimate/405/bin
2023-03-03 12:17:13.257 INFO  [main][DialectDetector:153] Using dialect org.hibernate.dialect.MySQL8Dialect for MySQL 8.0
2023-03-03 12:17:16.042 INFO  [main][ModuleFrameworkImpl:1279] Starting initial bundles
2023-03-03 12:17:16.453 INFO  [ModuleFramework-Static-Bundles-6][InterpolationConfigurationPlugin:109] Configured directory for secrets: /media/root322/Data/Documents/LiferayWorkspace/bundles/osgi/configs
2023-03-03 12:17:17.667 INFO  [ModuleFramework-Static-Bundles-1][DefaultLPKGDeployer:456] Using overriding JAR bundle LPKG-Override::/media/root322/Data/Documents/LiferayWorkspace/bundles/osgi/marketplace/override/com.liferay.document.library.web.jar
2023-03-03 12:17:17.668 INFO  [ModuleFramework-Static-Bundles-1][DefaultLPKGDeployer:456] Using overriding JAR bundle LPKG-Override::/media/root322/Data/Documents/LiferayWorkspace/bundles/osgi/marketplace/override/com.liferay.portal.language.lang.jar
2023-03-03 12:17:17.934 INFO  [main][ModuleFrameworkImpl:1576] Started initial bundles
2023-03-03 12:17:17.935 INFO  [main][ModuleFrameworkImpl:1625] Starting dynamic bundles
2023-03-03 12:17:30.876 INFO  [Start Level: Equinox Container: 49ea513e-1b47-4e0a-8ffe-b5017dae6f76][MessageBusRegistrator:41] Message Listener Registered..com.liferaysavvy.messagebus.event.listener.MessageBusRegisteredParallelMessageListener@2674c011
2023-03-03 12:17:30.878 INFO  [Start Level: Equinox Container: 49ea513e-1b47-4e0a-8ffe-b5017dae6f76][MessageBusRegistrator:45] Message Listener Registered..com.liferaysavvy.messagebus.event.listener.MessageBusRegisteredSerialMessageListener@292d886c
2023-03-03 12:17:30.878 INFO  [Start Level: Equinox Container: 49ea513e-1b47-4e0a-8ffe-b5017dae6f76][MessageBusRegistrator:49] Message Listener Registered..com.liferaysavvy.messagebus.event.listener.MessageBusRegisteredSynchronousMessageListener@2f4d6dab
2023-03-03 12:17:30.976 INFO  [main][ModuleFrameworkImpl:1647] Started dynamic bundles
2023-03-03 12:17:30.976 INFO  [main][ModuleFrameworkImpl:1654] Starting web bundles
2023-03-03 12:17:33.659 INFO  [main][ModuleFrameworkImpl:1708] Started web bundles
2023-03-03 12:17:33.660 INFO  [main][ModuleFrameworkImpl:278] Navigate to Control Panel > System > Gogo Shell and enter "lb" to see all bundles
2023-03-03 12:17:33.675 INFO  [main][LoggingTimer:83] Starting com.liferay.portal.verify.VerifyProperties#verifySystemProperties
2023-03-03 12:17:33.676 INFO  [main][LoggingTimer:44] Completed com.liferay.portal.verify.VerifyProperties#verifySystemProperties in 1 ms
2023-03-03 12:17:33.676 INFO  [main][LoggingTimer:83] Starting com.liferay.portal.verify.VerifyProperties#verifyPortalProperties
2023-03-03 12:17:33.703 ERROR [main][VerifyProperties:182] Portal property "journal.article.form.add" is obsolete
2023-03-03 12:17:33.704 ERROR [main][VerifyProperties:182] Portal property "journal.article.form.update" is obsolete
2023-03-03 12:17:33.704 ERROR [main][VerifyProperties:182] Portal property "journal.article.form.translate" is obsolete
2023-03-03 12:17:33.704 INFO  [main][LoggingTimer:44] Completed com.liferay.portal.verify.VerifyProperties#verifyPortalProperties in 28 ms
2023-03-03 12:17:33.705 INFO  [main][LoggingTimer:83] Starting com.liferay.portal.verify.VerifyProperties#verifyDocumentLibrary
2023-03-03 12:17:33.705 INFO  [main][LoggingTimer:44] Completed com.liferay.portal.verify.VerifyProperties#verifyDocumentLibrary in 0 ms
2023-03-03 12:17:34.106 INFO  [main][LoggingTimer:83] Starting com.liferay.portal.events.StartupHelperUtil#initResourceActions
2023-03-03 12:17:34.145 INFO  [main][LoggingTimer:44] Completed com.liferay.portal.events.StartupHelperUtil#initResourceActions in 39 ms
2023-03-03 12:17:36.432 WARN  [main][SidecarManager:103] Liferay automatically starts a child process of Elasticsearch named sidecar for convenient development and demonstration purposes. Do NOT use sidecar in production. Refer to the documentation for details on the limitations of sidecar and instructions on configuring a remote Elasticsearch connection in the Control Panel.
2023-03-03 12:17:46.385 INFO  [main][Sidecar:119] Sidecar Elasticsearch liferay started at 127.0.0.1:9501
2023-03-03 12:17:49.490 INFO  [main][MessageBusEventListenerNotification:33] **********Destination Added***********liferay/monitoring
2023-03-03 12:17:49.498 INFO  [main][MessageBusEventListenerNotification:33] **********Destination Added***********liferay/message_bus/default_response
2023-03-03 12:17:49.502 INFO  [main][MessageBusEventListenerNotification:33] **********Destination Added***********liferay/message_bus/message_status
2023-03-03 12:17:49.507 INFO  [main][MessageBusEventListenerNotification:33] **********Destination Added***********liferay/live_users
2023-03-03 12:17:49.511 INFO  [main][MessageBusEventListenerNotification:33] **********Destination Added***********liferay/document_library_audio_processor
2023-03-03 12:17:49.514 INFO  [main][MessageBusEventListenerNotification:33] **********Destination Added***********liferay/async_service
2023-03-03 12:17:49.516 INFO  [main][MessageBusEventListenerNotification:33] **********Destination Added***********liferay/layouts_local_publisher
2023-03-03 12:17:49.519 INFO  [main][MessageBusEventListenerNotification:33] **********Destination Added***********liferay/convert_process
2023-03-03 12:17:49.521 INFO  [main][MessageBusEventListenerNotification:33] **********Destination Added***********liferay/document_library_pdf_processor
2023-03-03 12:17:49.523 INFO  [main][MessageBusEventListenerNotification:33] **********Destination Added***********liferay/subscription_clean_up
2023-03-03 12:17:49.526 INFO  [main][MessageBusEventListenerNotification:33] **********Destination Added***********liferay/document_library_video_processor
2023-03-03 12:17:49.528 INFO  [main][MessageBusEventListenerNotification:33] **********Destination Added***********liferay/document_library_raw_metadata_processor
2023-03-03 12:17:49.530 INFO  [main][MessageBusEventListenerNotification:33] **********Destination Added***********liferay/document_library_image_processor
2023-03-03 12:17:49.532 INFO  [main][MessageBusEventListenerNotification:33] **********Destination Added***********liferay/message_boards_mailing_list
2023-03-03 12:17:49.535 INFO  [main][MessageBusEventListenerNotification:33] **********Destination Added***********liferay/subscription_sender
2023-03-03 12:17:49.537 INFO  [main][MessageBusEventListenerNotification:33] **********Destination Added***********liferay/hot_deploy
2023-03-03 12:17:49.540 INFO  [main][MessageBusEventListenerNotification:33] **********Destination Added***********liferay/layouts_remote_publisher
2023-03-03 12:17:49.551 INFO  [main][MessageBusEventListenerNotification:33] **********Destination Added***********liferay/poller_comet_response
2023-03-03 12:17:49.553 INFO  [main][MessageBusEventListenerNotification:33] **********Destination Added***********liferay/poller_response
2023-03-03 12:17:49.556 INFO  [main][MessageBusEventListenerNotification:33] **********Destination Added***********liferay/poller
2023-03-03 12:17:49.561 INFO  [main][MessageBusEventListenerNotification:33] **********Destination Added***********liferay/workflow_definition
2023-03-03 12:17:49.563 INFO  [main][MessageBusEventListenerNotification:33] **********Destination Added***********liferay/workflow_instance
2023-03-03 12:17:49.565 INFO  [main][MessageBusEventListenerNotification:33] **********Destination Added***********liferay/workflow_log
2023-03-03 12:17:49.569 INFO  [main][MessageBusEventListenerNotification:33] **********Destination Added***********liferay/workflow_task
2023-03-03 12:17:49.570 INFO  [main][MessageBusEventListenerNotification:33] **********Destination Added***********liferay/workflow_engine
2023-03-03 12:17:49.572 INFO  [main][MessageBusEventListenerNotification:33] **********Destination Added***********liferay/workflow_comparator
2023-03-03 12:17:49.573 INFO  [main][MessageBusEventListenerNotification:33] **********Destination Added***********liferay/workflow_status
2023-03-03 12:17:49.574 INFO  [main][MessageBusEventListenerNotification:33] **********Destination Added***********liferay/mail
2023-03-03 12:17:49.576 INFO  [main][MessageBusEventListenerNotification:33] **********Destination Added***********liferay/analytics_messages_processor
2023-03-03 12:17:49.578 INFO  [main][MessageBusEventListenerNotification:33] **********Destination Added***********liferay/commerce_base_price_list
2023-03-03 12:17:49.579 INFO  [main][MessageBusEventListenerNotification:33] **********Destination Added***********liferay/commerce_order_status
2023-03-03 12:17:49.581 INFO  [main][MessageBusEventListenerNotification:33] **********Destination Added***********liferay/commerce_payment_status
2023-03-03 12:17:49.582 INFO  [main][MessageBusEventListenerNotification:33] **********Destination Added***********liferay/commerce_shipment_status
2023-03-03 12:17:49.583 INFO  [main][MessageBusEventListenerNotification:33] **********Destination Added***********liferay/commerce_subscription_status
2023-03-03 12:17:49.585 INFO  [main][MessageBusEventListenerNotification:33] **********Destination Added***********liferay/tensorflow_model_download
2023-03-03 12:17:49.587 INFO  [main][MessageBusEventListenerNotification:33] **********Destination Added***********liferay/ddm_structure_reindex
2023-03-03 12:17:49.589 INFO  [main][MessageBusEventListenerNotification:33] **********Destination Added***********liferay/scheduled_user_ldap_import
2023-03-03 12:17:49.595 INFO  [main][MessageBusEventListenerNotification:33] **********Destination Added***********liferay/interest_terms
2023-03-03 12:17:49.600 INFO  [main][ParellelDestinationConfig:83] Destination is creared ..liferaysavvy/parallel-destination
2023-03-03 12:17:49.602 INFO  [main][MessageBusEventListenerNotification:33] **********Destination Added***********liferaysavvy/parallel-destination
2023-03-03 12:17:49.604 INFO  [main][ParellelDestinationConfig:90] Destination is registred with Service Regisration ..
2023-03-03 12:17:49.607 INFO  [main][SerialDestinationConfig:83] Destination is creared ..liferaysavvy/serial-destination
2023-03-03 12:17:49.609 INFO  [main][MessageBusEventListenerNotification:33] **********Destination Added***********liferaysavvy/serial-destination
2023-03-03 12:17:49.611 INFO  [main][SerialDestinationConfig:90] Destination is registred with Service Regisration ..
2023-03-03 12:17:49.614 INFO  [main][SynchronousDestinationConfig:83] Destination is creared ..liferaysavvy/synchronous-destination
2023-03-03 12:17:49.615 INFO  [main][MessageBusEventListenerNotification:33] **********Destination Added***********liferaysavvy/synchronous-destination
2023-03-03 12:17:49.619 INFO  [main][DestinationListenerRegistrator:41] Message Listener Registered..com.liferaysavvy.messagebus.event.listener.DestinationRegisteredParallelMessageListener@19a1ecc0
2023-03-03 12:17:49.620 INFO  [main][DestinationListenerRegistrator:45] Message Listener Registered..com.liferaysavvy.messagebus.event.listener.DestinationRegisteredSerialMessageListener@2cf9bb2c
2023-03-03 12:17:49.621 INFO  [main][DestinationListenerRegistrator:49] Message Listener Registered..com.liferaysavvy.messagebus.event.listener.DestinationRegisteredSynchronousMessageListener@30057fbe
2023-03-03 12:17:49.621 INFO  [main][SynchronousDestinationConfig:90] Destination is registred with Service Regisration ..
2023-03-03 12:17:49.623 INFO  [main][MessageBusEventListenerNotification:33] **********Destination Added***********liferay/scripting_executor
2023-03-03 12:17:49.631 INFO  [main][MessageBusEventListenerNotification:33] **********Destination Added***********liferay/search_reader/SYSTEM_ENGINE
2023-03-03 12:17:49.634 INFO  [main][MessageBusEventListenerNotification:33] **********Destination Added***********liferay/search_writer/SYSTEM_ENGINE
2023-03-03 12:17:50.301 INFO  [main][MessageBusEventListenerNotification:33] **********Destination Added***********liferay/adaptive_media_processor
2023-03-03 12:17:50.304 INFO  [main][MessageBusEventListenerNotification:33] **********Destination Added***********liferay/segments_entry_reindex
2023-03-03 12:17:50.307 INFO  [main][MessageBusEventListenerNotification:33] **********Destination Added***********liferay/export_import_lifecycle_event_async
2023-03-03 12:17:50.310 INFO  [main][MessageBusEventListenerNotification:33] **********Destination Added***********liferay/export_import_lifecycle_event_sync
2023-03-03 12:17:50.314 INFO  [main][MessageBusEventListenerNotification:33] **********Destination Added***********liferay/audit
2023-03-03 12:17:50.318 INFO  [main][MessageBusEventListenerNotification:33] **********Destination Added***********liferay/search_reader/GENERIC_ENGINE
2023-03-03 12:17:50.320 INFO  [main][MessageBusEventListenerNotification:33] **********Destination Added***********liferay/search_writer/GENERIC_ENGINE
2023-03-03 12:17:50.574 INFO  [main][MessageBusEventListenerNotification:33] **********Destination Added***********liferay/flags
2023-03-03 12:17:51.976 INFO  [main][StartupHelperUtil:86] There are no patches installed
2023-03-03 12:17:51.993 INFO  [main][LoggingTimer:83] Starting com.liferay.portal.events.StartupHelperUtil#initResourceActions
2023-03-03 12:17:52.018 INFO  [main][LoggingTimer:44] Completed com.liferay.portal.events.StartupHelperUtil#initResourceActions in 25 ms
2023-03-03 12:17:52.024 INFO  [main][MessageBusEventListenerNotification:33] **********Destination Added***********liferay/lcs_status
2023-03-03 12:17:52.072 INFO  [main][LicenseManager:-1] Digital Enterprise Development license validation passed
2023-03-03 12:17:52.493 INFO  [main][AutoDeployDir:176] Auto deploy scanner started for /media/root322/Data/Documents/LiferayWorkspace/bundles/deploy
2023-03-03 12:18:15.702 INFO  [com.liferay.portal.osgi.web.wab.extender.internal.WabFactory-BundleTrackerOpener][ThemeHotDeployListener:108] 1 theme for classic-theme is available for use
2023-03-03 12:18:15.794 INFO  [com.liferay.portal.osgi.web.wab.extender.internal.WabFactory-BundleTrackerOpener][ThemeHotDeployListener:108] 1 theme for dialect-theme is available for use
2023-03-03 12:18:15.889 INFO  [com.liferay.portal.osgi.web.wab.extender.internal.WabFactory-BundleTrackerOpener][ThemeHotDeployListener:108] 1 theme for speedwell-theme is available for use
2023-03-03 12:18:16.005 INFO  [com.liferay.portal.osgi.web.wab.extender.internal.WabFactory-BundleTrackerOpener][ThemeHotDeployListener:108] 1 theme for minium-theme is available for use
2023-03-03 12:18:16.110 INFO  [com.liferay.portal.osgi.web.wab.extender.internal.WabFactory-BundleTrackerOpener][ThemeHotDeployListener:108] 1 theme for admin-theme is available for use
2023-03-03 12:18:16.217 INFO  [com.liferay.portal.osgi.web.wab.extender.internal.WabFactory-BundleTrackerOpener][HookHotDeployListener:496] Hook for LangHook is available for use
2023-03-03 12:18:16.304 INFO  [com.liferay.portal.osgi.web.wab.extender.internal.WabFactory-BundleTrackerOpener][LayoutTemplateHotDeployListener:107] 1 layout template for LayoutTemplateDemo is available for use
2023-03-03 12:18:16.376 INFO  [com.liferay.portal.osgi.web.wab.extender.internal.WabFactory-BundleTrackerOpener][ThemeHotDeployListener:108] 1 theme for democlassictheme-theme is available for use
2023-03-03 12:18:16.476 INFO  [com.liferay.portal.osgi.web.wab.extender.internal.WabFactory-BundleTrackerOpener][ThemeHotDeployListener:108] 1 theme for demotheme-theme is available for use
2023-03-03 12:18:16.606 INFO  [com.liferay.portal.osgi.web.wab.extender.internal.WabFactory-BundleTrackerOpener][ThemeHotDeployListener:108] 1 theme for my-liferay-theme is available for use
2023-03-03 12:18:16.877 INFO  [com.liferay.portal.osgi.web.wab.extender.internal.WabFactory-BundleTrackerOpener][ThemeHotDeployListener:108] 1 theme for cstheme2-theme is available for use
2023-03-03 12:18:17.046 INFO  [com.liferay.portal.osgi.web.wab.extender.internal.WabFactory-BundleTrackerOpener][ThemeHotDeployListener:108] 1 theme for module-based-theme is available for use
2023-03-03 12:19:49.141 INFO  [fileinstall-directory-watcher][BundleStartStopLogger:80] STOPPED com.liferay.docs.guestbook.service_1.0.0 [1815]
2023-03-03 12:19:49.394 ERROR [Refresh Thread: Equinox Container: 49ea513e-1b47-4e0a-8ffe-b5017dae6f76][ServiceConfigurationInitializer:107] Unable to initialize service component
com.liferay.portal.kernel.exception.OldServiceComponentException: Build namespace GB has build number 83 which is newer than 49
	at com.liferay.portal.service.impl.ServiceComponentLocalServiceImpl.initServiceComponent(ServiceComponentLocalServiceImpl.java:192) ~[portal-impl.jar:?]
	at jdk.internal.reflect.GeneratedMethodAccessor134.invoke(Unknown Source) ~[?:?]
	at jdk.internal.reflect.DelegatingMethodAccessorImpl.invoke(DelegatingMethodAccessorImpl.java:43) ~[?:?]
	at java.lang.reflect.Method.invoke(Method.java:566) ~[?:?]
	at com.liferay.portal.spring.aop.AopMethodInvocationImpl.proceed(AopMethodInvocationImpl.java:50) ~[portal-impl.jar:?]
	at com.liferay.portal.spring.transaction.TransactionInterceptor.invoke(TransactionInterceptor.java:69) ~[portal-impl.jar:?]
	at com.liferay.portal.spring.aop.AopMethodInvocationImpl.proceed(AopMethodInvocationImpl.java:57) ~[portal-impl.jar:?]
	at com.liferay.change.tracking.internal.aop.CTTransactionAdvice.invoke(CTTransactionAdvice.java:79) ~[?:?]
	at com.liferay.portal.spring.aop.AopMethodInvocationImpl.proceed(AopMethodInvocationImpl.java:57) ~[portal-impl.jar:?]
	at com.liferay.portal.spring.aop.AopInvocationHandler.invoke(AopInvocationHandler.java:49) ~[portal-impl.jar:?]
	at com.sun.proxy.$Proxy285.initServiceComponent(Unknown Source) ~[?:?]
	at com.liferay.portal.spring.extender.internal.configuration.ServiceConfigurationInitializer._initServiceComponent(ServiceConfigurationInitializer.java:102) ~[?:?]
	at com.liferay.portal.spring.extender.internal.configuration.ServiceConfigurationInitializer.start(ServiceConfigurationInitializer.java:64) ~[?:?]
	at jdk.internal.reflect.GeneratedMethodAccessor133.invoke(Unknown Source) ~[?:?]
	at jdk.internal.reflect.DelegatingMethodAccessorImpl.invoke(DelegatingMethodAccessorImpl.java:43) ~[?:?]
	at java.lang.reflect.Method.invoke(Method.java:566) ~[?:?]
	at org.apache.felix.dm.impl.InvocationUtil.invokeMethod(InvocationUtil.java:157) ~[bundleFile:?]
	at org.apache.felix.dm.impl.InvocationUtil.invokeCallbackMethod(InvocationUtil.java:112) ~[bundleFile:?]
	at org.apache.felix.dm.impl.ComponentImpl.invokeCallbackMethod(ComponentImpl.java:638) ~[bundleFile:?]
	at org.apache.felix.dm.impl.ComponentImpl.invoke(ComponentImpl.java:1783) ~[bundleFile:?]
	at org.apache.felix.dm.impl.ComponentImpl.invokeStart(ComponentImpl.java:1281) ~[bundleFile:?]
	at org.apache.felix.dm.impl.ComponentImpl.performTransition(ComponentImpl.java:1232) ~[bundleFile:?]
	at org.apache.felix.dm.impl.ComponentImpl.handleChange(ComponentImpl.java:1166) ~[bundleFile:?]
	at org.apache.felix.dm.impl.ComponentImpl.lambda$start$2(ComponentImpl.java:502) ~[bundleFile:?]
	at org.apache.felix.dm.impl.SerialExecutor.runTask(SerialExecutor.java:138) [bundleFile:?]
	at org.apache.felix.dm.impl.SerialExecutor.runTasks(SerialExecutor.java:120) [bundleFile:?]
	at org.apache.felix.dm.impl.SerialExecutor.execute(SerialExecutor.java:86) [bundleFile:?]
	at org.apache.felix.dm.impl.SerialExecutor.execute(SerialExecutor.java:105) [bundleFile:?]
	at org.apache.felix.dm.impl.ComponentImpl.start(ComponentImpl.java:500) [bundleFile:?]
	at org.apache.felix.dm.impl.ComponentScheduler.add(ComponentScheduler.java:69) [bundleFile:?]
	at org.apache.felix.dm.DependencyManager.add(DependencyManager.java:141) [bundleFile:?]
	at com.liferay.portal.spring.extender.internal.configuration.ServiceConfigurationExtender$ServiceConfigurationExtension.start(ServiceConfigurationExtender.java:111) [bundleFile:?]
	at com.liferay.portal.spring.extender.internal.configuration.ServiceConfigurationExtender.addingBundle(ServiceConfigurationExtender.java:85) [bundleFile:?]
	at com.liferay.portal.spring.extender.internal.configuration.ServiceConfigurationExtender.addingBundle(ServiceConfigurationExtender.java:46) [bundleFile:?]
	at org.osgi.util.tracker.BundleTracker$Tracked.customizerAdding(BundleTracker.java:475) [org.eclipse.osgi.jar:?]
	at org.osgi.util.tracker.BundleTracker$Tracked.customizerAdding(BundleTracker.java:1) [org.eclipse.osgi.jar:?]
	at org.osgi.util.tracker.AbstractTracked.trackAdding(AbstractTracked.java:256) [org.eclipse.osgi.jar:?]
	at org.osgi.util.tracker.AbstractTracked.track(AbstractTracked.java:229) [org.eclipse.osgi.jar:?]
	at org.osgi.util.tracker.BundleTracker$Tracked.bundleChanged(BundleTracker.java:450) [org.eclipse.osgi.jar:?]
	at org.eclipse.osgi.internal.framework.BundleContextImpl.dispatchEvent(BundleContextImpl.java:908) [org.eclipse.osgi.jar:?]
	at org.eclipse.osgi.framework.eventmgr.EventManager.dispatchEvent(EventManager.java:230) [org.eclipse.osgi.jar:?]
	at org.eclipse.osgi.framework.eventmgr.ListenerQueue.dispatchEventSynchronous(ListenerQueue.java:148) [org.eclipse.osgi.jar:?]
	at org.eclipse.osgi.internal.framework.EquinoxEventPublisher.publishBundleEventPrivileged(EquinoxEventPublisher.java:230) [org.eclipse.osgi.jar:?]
	at org.eclipse.osgi.internal.framework.EquinoxEventPublisher.publishBundleEvent(EquinoxEventPublisher.java:137) [org.eclipse.osgi.jar:?]
	at org.eclipse.osgi.internal.framework.EquinoxEventPublisher.publishBundleEvent(EquinoxEventPublisher.java:129) [org.eclipse.osgi.jar:?]
	at org.eclipse.osgi.internal.framework.EquinoxContainerAdaptor.publishModuleEvent(EquinoxContainerAdaptor.java:191) [org.eclipse.osgi.jar:?]
	at org.eclipse.osgi.container.Module.publishEvent(Module.java:476) [org.eclipse.osgi.jar:?]
	at org.eclipse.osgi.container.Module.doStart(Module.java:578) [org.eclipse.osgi.jar:?]
	at org.eclipse.osgi.container.Module.start(Module.java:449) [org.eclipse.osgi.jar:?]
	at org.eclipse.osgi.framework.util.SecureAction.start(SecureAction.java:468) [org.eclipse.osgi.jar:?]
	at org.eclipse.osgi.container.ModuleContainer.start(ModuleContainer.java:777) [org.eclipse.osgi.jar:?]
	at org.eclipse.osgi.container.ModuleContainer.applyDelta(ModuleContainer.java:768) [org.eclipse.osgi.jar:?]
	at org.eclipse.osgi.container.ModuleContainer.resolveAndApply(ModuleContainer.java:538) [org.eclipse.osgi.jar:?]
	at org.eclipse.osgi.container.ModuleContainer.resolve(ModuleContainer.java:484) [org.eclipse.osgi.jar:?]
	at org.eclipse.osgi.container.ModuleContainer.refresh(ModuleContainer.java:1028) [org.eclipse.osgi.jar:?]
	at org.eclipse.osgi.container.ModuleContainer$ContainerWiring.dispatchEvent(ModuleContainer.java:1409) [org.eclipse.osgi.jar:?]
	at org.eclipse.osgi.container.ModuleContainer$ContainerWiring.dispatchEvent(ModuleContainer.java:1) [org.eclipse.osgi.jar:?]
	at org.eclipse.osgi.framework.eventmgr.EventManager.dispatchEvent(EventManager.java:230) [org.eclipse.osgi.jar:?]
	at org.eclipse.osgi.framework.eventmgr.EventManager$EventThread.run(EventManager.java:340) [org.eclipse.osgi.jar:?]
2023-03-03 12:19:49.408 INFO  [Refresh Thread: Equinox Container: 49ea513e-1b47-4e0a-8ffe-b5017dae6f76][BundleStartStopLogger:77] STARTED com.liferay.docs.guestbook.service_1.0.0 [1815]
2023-03-03 12:21:14.930 INFO  [fileinstall-directory-watcher][BundleStartStopLogger:80] STOPPED com.liferay.docs.guestbook.portlet_1.0.0 [1835]
2023-03-03 12:21:15.038 INFO  [Refresh Thread: Equinox Container: 49ea513e-1b47-4e0a-8ffe-b5017dae6f76][BundleStartStopLogger:77] STARTED com.liferay.docs.guestbook.portlet_1.0.0 [1835]
2023-03-03 12:22:10.297 INFO  [fileinstall-directory-watcher][BundleStartStopLogger:80] STOPPED com.liferay.docs.guestbook.portlet_1.0.0 [1835]
2023-03-03 12:22:10.414 INFO  [Refresh Thread: Equinox Container: 49ea513e-1b47-4e0a-8ffe-b5017dae6f76][BundleStartStopLogger:77] STARTED com.liferay.docs.guestbook.portlet_1.0.0 [1835]
2023-03-03 12:23:15.673 INFO  [fileinstall-directory-watcher][BundleStartStopLogger:80] STOPPED com.liferay.docs.guestbook.portlet_1.0.0 [1835]
2023-03-03 12:23:15.747 INFO  [Refresh Thread: Equinox Container: 49ea513e-1b47-4e0a-8ffe-b5017dae6f76][BundleStartStopLogger:77] STARTED com.liferay.docs.guestbook.portlet_1.0.0 [1835]
2023-03-03 12:24:36.082 INFO  [fileinstall-directory-watcher][BundleStartStopLogger:80] STOPPED com.liferay.docs.guestbook.api_1.0.0 [1814]
2023-03-03 12:24:36.160 INFO  [fileinstall-directory-watcher][BundleStartStopLogger:80] STOPPED com.liferay.docs.guestbook.service_1.0.0 [1815]
2023-03-03 12:24:36.182 INFO  [Refresh Thread: Equinox Container: 49ea513e-1b47-4e0a-8ffe-b5017dae6f76][BundleStartStopLogger:80] STOPPED com.liferay.docs.guestbook.portlet_1.0.0 [1835]
2023-03-03 12:24:36.201 INFO  [Refresh Thread: Equinox Container: 49ea513e-1b47-4e0a-8ffe-b5017dae6f76][BundleStartStopLogger:80] STOPPED background-task_1.0.0 [1803]
2023-03-03 12:24:36.276 INFO  [Refresh Thread: Equinox Container: 49ea513e-1b47-4e0a-8ffe-b5017dae6f76][BundleStartStopLogger:77] STARTED background-task_1.0.0 [1803]
2023-03-03 12:24:36.321 INFO  [Refresh Thread: Equinox Container: 49ea513e-1b47-4e0a-8ffe-b5017dae6f76][BundleStartStopLogger:77] STARTED com.liferay.docs.guestbook.portlet_1.0.0 [1835]
2023-03-03 12:24:36.329 INFO  [Refresh Thread: Equinox Container: 49ea513e-1b47-4e0a-8ffe-b5017dae6f76][BundleStartStopLogger:77] STARTED com.liferay.docs.guestbook.api_1.0.0 [1814]
2023-03-03 12:24:36.398 ERROR [Refresh Thread: Equinox Container: 49ea513e-1b47-4e0a-8ffe-b5017dae6f76][ServiceConfigurationInitializer:107] Unable to initialize service component
com.liferay.portal.kernel.exception.OldServiceComponentException: Build namespace GB has build number 83 which is newer than 50
	at com.liferay.portal.service.impl.ServiceComponentLocalServiceImpl.initServiceComponent(ServiceComponentLocalServiceImpl.java:192) ~[portal-impl.jar:?]
	at jdk.internal.reflect.GeneratedMethodAccessor134.invoke(Unknown Source) ~[?:?]
	at jdk.internal.reflect.DelegatingMethodAccessorImpl.invoke(DelegatingMethodAccessorImpl.java:43) ~[?:?]
	at java.lang.reflect.Method.invoke(Method.java:566) ~[?:?]
	at com.liferay.portal.spring.aop.AopMethodInvocationImpl.proceed(AopMethodInvocationImpl.java:50) ~[portal-impl.jar:?]
	at com.liferay.portal.spring.transaction.TransactionInterceptor.invoke(TransactionInterceptor.java:69) ~[portal-impl.jar:?]
	at com.liferay.portal.spring.aop.AopMethodInvocationImpl.proceed(AopMethodInvocationImpl.java:57) ~[portal-impl.jar:?]
	at com.liferay.change.tracking.internal.aop.CTTransactionAdvice.invoke(CTTransactionAdvice.java:79) ~[?:?]
	at com.liferay.portal.spring.aop.AopMethodInvocationImpl.proceed(AopMethodInvocationImpl.java:57) ~[portal-impl.jar:?]
	at com.liferay.portal.spring.aop.AopInvocationHandler.invoke(AopInvocationHandler.java:49) ~[portal-impl.jar:?]
	at com.sun.proxy.$Proxy285.initServiceComponent(Unknown Source) ~[?:?]
	at com.liferay.portal.spring.extender.internal.configuration.ServiceConfigurationInitializer._initServiceComponent(ServiceConfigurationInitializer.java:102) ~[?:?]
	at com.liferay.portal.spring.extender.internal.configuration.ServiceConfigurationInitializer.start(ServiceConfigurationInitializer.java:64) ~[?:?]
	at jdk.internal.reflect.GeneratedMethodAccessor133.invoke(Unknown Source) ~[?:?]
	at jdk.internal.reflect.DelegatingMethodAccessorImpl.invoke(DelegatingMethodAccessorImpl.java:43) ~[?:?]
	at java.lang.reflect.Method.invoke(Method.java:566) ~[?:?]
	at org.apache.felix.dm.impl.InvocationUtil.invokeMethod(InvocationUtil.java:157) ~[bundleFile:?]
	at org.apache.felix.dm.impl.InvocationUtil.invokeCallbackMethod(InvocationUtil.java:112) ~[bundleFile:?]
	at org.apache.felix.dm.impl.ComponentImpl.invokeCallbackMethod(ComponentImpl.java:638) ~[bundleFile:?]
	at org.apache.felix.dm.impl.ComponentImpl.invoke(ComponentImpl.java:1783) ~[bundleFile:?]
	at org.apache.felix.dm.impl.ComponentImpl.invokeStart(ComponentImpl.java:1281) ~[bundleFile:?]
	at org.apache.felix.dm.impl.ComponentImpl.performTransition(ComponentImpl.java:1232) ~[bundleFile:?]
	at org.apache.felix.dm.impl.ComponentImpl.handleChange(ComponentImpl.java:1166) ~[bundleFile:?]
	at org.apache.felix.dm.impl.ComponentImpl.lambda$start$2(ComponentImpl.java:502) ~[bundleFile:?]
	at org.apache.felix.dm.impl.SerialExecutor.runTask(SerialExecutor.java:138) [bundleFile:?]
	at org.apache.felix.dm.impl.SerialExecutor.runTasks(SerialExecutor.java:120) [bundleFile:?]
	at org.apache.felix.dm.impl.SerialExecutor.execute(SerialExecutor.java:86) [bundleFile:?]
	at org.apache.felix.dm.impl.SerialExecutor.execute(SerialExecutor.java:105) [bundleFile:?]
	at org.apache.felix.dm.impl.ComponentImpl.start(ComponentImpl.java:500) [bundleFile:?]
	at org.apache.felix.dm.impl.ComponentScheduler.add(ComponentScheduler.java:69) [bundleFile:?]
	at org.apache.felix.dm.DependencyManager.add(DependencyManager.java:141) [bundleFile:?]
	at com.liferay.portal.spring.extender.internal.configuration.ServiceConfigurationExtender$ServiceConfigurationExtension.start(ServiceConfigurationExtender.java:111) [bundleFile:?]
	at com.liferay.portal.spring.extender.internal.configuration.ServiceConfigurationExtender.addingBundle(ServiceConfigurationExtender.java:85) [bundleFile:?]
	at com.liferay.portal.spring.extender.internal.configuration.ServiceConfigurationExtender.addingBundle(ServiceConfigurationExtender.java:46) [bundleFile:?]
	at org.osgi.util.tracker.BundleTracker$Tracked.customizerAdding(BundleTracker.java:475) [org.eclipse.osgi.jar:?]
	at org.osgi.util.tracker.BundleTracker$Tracked.customizerAdding(BundleTracker.java:1) [org.eclipse.osgi.jar:?]
	at org.osgi.util.tracker.AbstractTracked.trackAdding(AbstractTracked.java:256) [org.eclipse.osgi.jar:?]
	at org.osgi.util.tracker.AbstractTracked.track(AbstractTracked.java:229) [org.eclipse.osgi.jar:?]
	at org.osgi.util.tracker.BundleTracker$Tracked.bundleChanged(BundleTracker.java:450) [org.eclipse.osgi.jar:?]
	at org.eclipse.osgi.internal.framework.BundleContextImpl.dispatchEvent(BundleContextImpl.java:908) [org.eclipse.osgi.jar:?]
	at org.eclipse.osgi.framework.eventmgr.EventManager.dispatchEvent(EventManager.java:230) [org.eclipse.osgi.jar:?]
	at org.eclipse.osgi.framework.eventmgr.ListenerQueue.dispatchEventSynchronous(ListenerQueue.java:148) [org.eclipse.osgi.jar:?]
	at org.eclipse.osgi.internal.framework.EquinoxEventPublisher.publishBundleEventPrivileged(EquinoxEventPublisher.java:230) [org.eclipse.osgi.jar:?]
	at org.eclipse.osgi.internal.framework.EquinoxEventPublisher.publishBundleEvent(EquinoxEventPublisher.java:137) [org.eclipse.osgi.jar:?]
	at org.eclipse.osgi.internal.framework.EquinoxEventPublisher.publishBundleEvent(EquinoxEventPublisher.java:129) [org.eclipse.osgi.jar:?]
	at org.eclipse.osgi.internal.framework.EquinoxContainerAdaptor.publishModuleEvent(EquinoxContainerAdaptor.java:191) [org.eclipse.osgi.jar:?]
	at org.eclipse.osgi.container.Module.publishEvent(Module.java:476) [org.eclipse.osgi.jar:?]
	at org.eclipse.osgi.container.Module.doStart(Module.java:578) [org.eclipse.osgi.jar:?]
	at org.eclipse.osgi.container.Module.start(Module.java:449) [org.eclipse.osgi.jar:?]
	at org.eclipse.osgi.framework.util.SecureAction.start(SecureAction.java:468) [org.eclipse.osgi.jar:?]
	at org.eclipse.osgi.container.ModuleContainer.start(ModuleContainer.java:777) [org.eclipse.osgi.jar:?]
	at org.eclipse.osgi.container.ModuleContainer.applyDelta(ModuleContainer.java:768) [org.eclipse.osgi.jar:?]
	at org.eclipse.osgi.container.ModuleContainer.resolveAndApply(ModuleContainer.java:538) [org.eclipse.osgi.jar:?]
	at org.eclipse.osgi.container.ModuleContainer.resolve(ModuleContainer.java:484) [org.eclipse.osgi.jar:?]
	at org.eclipse.osgi.container.ModuleContainer.refresh(ModuleContainer.java:1028) [org.eclipse.osgi.jar:?]
	at org.eclipse.osgi.container.ModuleContainer$ContainerWiring.dispatchEvent(ModuleContainer.java:1409) [org.eclipse.osgi.jar:?]
	at org.eclipse.osgi.container.ModuleContainer$ContainerWiring.dispatchEvent(ModuleContainer.java:1) [org.eclipse.osgi.jar:?]
	at org.eclipse.osgi.framework.eventmgr.EventManager.dispatchEvent(EventManager.java:230) [org.eclipse.osgi.jar:?]
	at org.eclipse.osgi.framework.eventmgr.EventManager$EventThread.run(EventManager.java:340) [org.eclipse.osgi.jar:?]
2023-03-03 12:24:36.406 INFO  [Refresh Thread: Equinox Container: 49ea513e-1b47-4e0a-8ffe-b5017dae6f76][BundleStartStopLogger:77] STARTED com.liferay.docs.guestbook.service_1.0.0 [1815]
2023-03-03 12:25:11.695 INFO  [fileinstall-directory-watcher][BundleStartStopLogger:80] STOPPED com.liferay.docs.guestbook.portlet_1.0.0 [1835]
2023-03-03 12:25:11.781 INFO  [Refresh Thread: Equinox Container: 49ea513e-1b47-4e0a-8ffe-b5017dae6f76][BundleStartStopLogger:77] STARTED com.liferay.docs.guestbook.portlet_1.0.0 [1835]
2023-03-03 13:30:10.703 INFO  [Thread-7][ThemeHotDeployListener:171] 1 theme for module-based-theme was unregistered
2023-03-03 13:30:10.730 INFO  [Thread-7][ThemeHotDeployListener:171] 1 theme for cstheme2-theme was unregistered
2023-03-03 13:30:10.751 INFO  [Thread-7][ThemeHotDeployListener:171] 1 theme for my-liferay-theme was unregistered
2023-03-03 13:30:10.772 INFO  [Thread-7][ThemeHotDeployListener:171] 1 theme for demotheme-theme was unregistered
2023-03-03 13:30:10.826 INFO  [Thread-7][ThemeHotDeployListener:171] 1 theme for democlassictheme-theme was unregistered
2023-03-03 13:30:10.846 INFO  [Thread-7][LayoutTemplateHotDeployListener:156] 1 layout template for LayoutTemplateDemo was unregistered
2023-03-03 13:30:10.886 INFO  [Thread-7][HookHotDeployListener:544] Hook for LangHook was unregistered
2023-03-03 13:30:10.903 INFO  [Thread-7][ThemeHotDeployListener:171] 1 theme for admin-theme was unregistered
2023-03-03 13:30:10.924 INFO  [Thread-7][ThemeHotDeployListener:171] 1 theme for minium-theme was unregistered
2023-03-03 13:30:10.946 INFO  [Thread-7][ThemeHotDeployListener:171] 1 theme for speedwell-theme was unregistered
2023-03-03 13:30:10.967 INFO  [Thread-7][ThemeHotDeployListener:171] 1 theme for dialect-theme was unregistered
2023-03-03 13:30:10.995 INFO  [Thread-7][ThemeHotDeployListener:171] 1 theme for classic-theme was unregistered
