2022-12-09 05:08:40.082 INFO  [main][PortalContextLoaderListener:123] JVM arguments: -Dcatalina.base=/media/root322/Data/Documents/LiferayWorkspace/bundles/tomcat-9.0.56 -Dcatalina.home=/media/root322/Data/Documents/LiferayWorkspace/bundles/tomcat-9.0.56 -Dfile.encoding=UTF8 -Djava.io.tmpdir=/media/root322/Data/Documents/LiferayWorkspace/bundles/tomcat-9.0.56/temp -Djava.net.preferIPv4Stack=true -Djava.util.logging.config.file=/media/root322/Data/Documents/LiferayWorkspace/bundles/tomcat-9.0.56/conf/logging.properties -Djava.util.logging.manager=org.apache.juli.ClassLoaderLogManager -Dorg.apache.catalina.loader.WebappClassLoader.ENABLE_CLEAR_REFERENCES=false -Duser.timezone=GMT -Xmx2560m -XX:MaxMetaspaceSize=768m -XX:MetaspaceSize=768m -javaagent:/snap/intellij-idea-ultimate/398/lib/idea_rt.jar=42441:/snap/intellij-idea-ultimate/398/bin
2022-12-09 05:08:42.367 INFO  [main][DialectDetector:153] Using dialect org.hibernate.dialect.MySQL8Dialect for MySQL 8.0
2022-12-09 05:08:45.161 INFO  [main][ModuleFrameworkImpl:1279] Starting initial bundles
2022-12-09 05:08:45.657 INFO  [ModuleFramework-Static-Bundles-3][InterpolationConfigurationPlugin:109] Configured directory for secrets: /media/root322/Data/Documents/LiferayWorkspace/bundles/osgi/configs
2022-12-09 05:08:47.065 INFO  [ModuleFramework-Static-Bundles-2][DefaultLPKGDeployer:456] Using overriding JAR bundle LPKG-Override::/media/root322/Data/Documents/LiferayWorkspace/bundles/osgi/marketplace/override/com.liferay.document.library.web.jar
2022-12-09 05:08:47.065 INFO  [ModuleFramework-Static-Bundles-2][DefaultLPKGDeployer:456] Using overriding JAR bundle LPKG-Override::/media/root322/Data/Documents/LiferayWorkspace/bundles/osgi/marketplace/override/com.liferay.portal.language.lang.jar
2022-12-09 05:08:47.156 INFO  [main][ModuleFrameworkImpl:1576] Started initial bundles
2022-12-09 05:08:47.157 INFO  [main][ModuleFrameworkImpl:1625] Starting dynamic bundles
2022-12-09 05:09:01.213 INFO  [main][ModuleFrameworkImpl:1647] Started dynamic bundles
2022-12-09 05:09:01.213 INFO  [main][ModuleFrameworkImpl:1654] Starting web bundles
2022-12-09 05:09:03.719 INFO  [main][ModuleFrameworkImpl:1708] Started web bundles
2022-12-09 05:09:03.719 INFO  [main][ModuleFrameworkImpl:278] Navigate to Control Panel > System > Gogo Shell and enter "lb" to see all bundles
2022-12-09 05:09:03.729 INFO  [main][LoggingTimer:83] Starting com.liferay.portal.verify.VerifyProperties#verifySystemProperties
2022-12-09 05:09:03.730 INFO  [main][LoggingTimer:44] Completed com.liferay.portal.verify.VerifyProperties#verifySystemProperties in 1 ms
2022-12-09 05:09:03.730 INFO  [main][LoggingTimer:83] Starting com.liferay.portal.verify.VerifyProperties#verifyPortalProperties
2022-12-09 05:09:03.743 INFO  [main][LoggingTimer:44] Completed com.liferay.portal.verify.VerifyProperties#verifyPortalProperties in 13 ms
2022-12-09 05:09:03.743 INFO  [main][LoggingTimer:83] Starting com.liferay.portal.verify.VerifyProperties#verifyDocumentLibrary
2022-12-09 05:09:03.744 INFO  [main][LoggingTimer:44] Completed com.liferay.portal.verify.VerifyProperties#verifyDocumentLibrary in 1 ms
2022-12-09 05:09:04.106 INFO  [main][LoggingTimer:83] Starting com.liferay.portal.events.StartupHelperUtil#initResourceActions
2022-12-09 05:09:04.144 INFO  [main][LoggingTimer:44] Completed com.liferay.portal.events.StartupHelperUtil#initResourceActions in 38 ms
2022-12-09 05:09:06.524 WARN  [main][SidecarManager:103] Liferay automatically starts a child process of Elasticsearch named sidecar for convenient development and demonstration purposes. Do NOT use sidecar in production. Refer to the documentation for details on the limitations of sidecar and instructions on configuring a remote Elasticsearch connection in the Control Panel.
2022-12-09 05:09:16.694 INFO  [main][Sidecar:119] Sidecar Elasticsearch liferay started at 127.0.0.1:9201
2022-12-09 05:09:22.776 INFO  [main][StartupHelperUtil:86] There are no patches installed
2022-12-09 05:09:22.795 INFO  [main][LoggingTimer:83] Starting com.liferay.portal.events.StartupHelperUtil#initResourceActions
2022-12-09 05:09:22.821 INFO  [main][LoggingTimer:44] Completed com.liferay.portal.events.StartupHelperUtil#initResourceActions in 26 ms
2022-12-09 05:09:22.864 INFO  [main][LicenseManager:-1] Digital Enterprise Development license validation passed
2022-12-09 05:09:23.357 INFO  [main][AutoDeployDir:176] Auto deploy scanner started for /media/root322/Data/Documents/LiferayWorkspace/bundles/deploy
2022-12-09 05:09:33.119 INFO  [com.liferay.portal.osgi.web.wab.extender.internal.WabFactory-BundleTrackerOpener][ThemeHotDeployListener:108] 1 theme for classic-theme is available for use
2022-12-09 05:09:33.270 INFO  [com.liferay.portal.osgi.web.wab.extender.internal.WabFactory-BundleTrackerOpener][ThemeHotDeployListener:108] 1 theme for dialect-theme is available for use
2022-12-09 05:09:33.437 INFO  [com.liferay.portal.osgi.web.wab.extender.internal.WabFactory-BundleTrackerOpener][ThemeHotDeployListener:108] 1 theme for speedwell-theme is available for use
2022-12-09 05:09:33.538 INFO  [com.liferay.portal.osgi.web.wab.extender.internal.WabFactory-BundleTrackerOpener][ThemeHotDeployListener:108] 1 theme for minium-theme is available for use
2022-12-09 05:09:33.628 INFO  [com.liferay.portal.osgi.web.wab.extender.internal.WabFactory-BundleTrackerOpener][ThemeHotDeployListener:108] 1 theme for admin-theme is available for use
2022-12-09 05:09:33.806 INFO  [com.liferay.portal.osgi.web.wab.extender.internal.WabFactory-BundleTrackerOpener][HookHotDeployListener:496] Hook for LangHook is available for use
2022-12-09 05:09:33.931 INFO  [com.liferay.portal.osgi.web.wab.extender.internal.WabFactory-BundleTrackerOpener][LayoutTemplateHotDeployListener:107] 1 layout template for LayoutTemplateDemo is available for use
2022-12-09 05:09:34.059 INFO  [com.liferay.portal.osgi.web.wab.extender.internal.WabFactory-BundleTrackerOpener][ThemeHotDeployListener:108] 1 theme for democlassictheme-theme is available for use
2022-12-09 05:09:34.186 INFO  [com.liferay.portal.osgi.web.wab.extender.internal.WabFactory-BundleTrackerOpener][ThemeHotDeployListener:108] 1 theme for demotheme-theme is available for use
2022-12-09 05:09:34.295 INFO  [com.liferay.portal.osgi.web.wab.extender.internal.WabFactory-BundleTrackerOpener][ThemeHotDeployListener:108] 1 theme for my-liferay-theme is available for use
2022-12-09 08:39:22.801 WARN  [http-nio-8080-exec-10][code_jsp:159] {code="404", msg="ProxyServlet: /null/__generated__/container.js", uri=/o/null/__generated__/container.js}
2022-12-09 08:40:48.324 WARN  [fileinstall-directory-watcher][ServiceComponentLocalServiceImpl:561] Auto upgrading GB database to build number 69 is not supported for a production environment. Write an UpgradeStep to ensure data is upgraded correctly.
2022-12-09 08:40:48.477 INFO  [fileinstall-directory-watcher][BundleStartStopLogger:77] STARTED com.liferay.docs.guestbook.service_1.0.0 [1754]
2022-12-09 08:40:48.479 INFO  [fileinstall-directory-watcher][BundleStartStopLogger:77] STARTED com.liferay.docs.guestbook.api_1.0.0 [1753]
2022-12-09 08:40:58.644 INFO  [fileinstall-directory-watcher][BundleStartStopLogger:77] STARTED com.liferay.docs.guestbook.portlet_1.0.0 [1755]
2022-12-09 08:41:23.852 INFO  [fileinstall-directory-watcher][BundleStartStopLogger:77] STARTED com.task.demo_1.0.0 [1756]
2022-12-09 08:41:28.983 INFO  [fileinstall-directory-watcher][BundleStartStopLogger:77] STARTED com.demo_1.0.0 [1757]
2022-12-09 08:41:44.130 INFO  [fileinstall-directory-watcher][BundleStartStopLogger:77] STARTED panelappdemo_1.0.0 [1758]
2022-12-09 08:41:50.830 WARN  [http-nio-8080-exec-7][code_jsp:159] {code="404", msg="ProxyServlet: /null/__generated__/container.js", uri=/o/null/__generated__/container.js}
2022-12-09 08:42:06.706 WARN  [http-nio-8080-exec-1][code_jsp:159] {code="404", msg="ProxyServlet: /null/__generated__/container.js", uri=/o/null/__generated__/container.js}
2022-12-09 10:35:52.446 INFO  [Refresh Thread: Equinox Container: 25dca55e-4434-4364-a362-72d9f8f9a8ef][BundleStartStopLogger:80] STOPPED com.liferay.document.library.web_6.0.104 [1746]
2022-12-09 10:35:53.581 INFO  [Refresh Thread: Equinox Container: 25dca55e-4434-4364-a362-72d9f8f9a8ef][BundleStartStopLogger:77] STARTED com.liferay.document.library.web_6.0.104 [1746]
2022-12-09 10:46:46.000 INFO  [Refresh Thread: Equinox Container: 25dca55e-4434-4364-a362-72d9f8f9a8ef][BundleStartStopLogger:80] STOPPED com.liferay.document.library.web_6.0.104 [1746]
2022-12-09 10:46:46.589 INFO  [Refresh Thread: Equinox Container: 25dca55e-4434-4364-a362-72d9f8f9a8ef][BundleStartStopLogger:77] STARTED com.liferay.document.library.web_6.0.104 [1746]
2022-12-09 10:57:23.581 INFO  [Refresh Thread: Equinox Container: 25dca55e-4434-4364-a362-72d9f8f9a8ef][BundleStartStopLogger:80] STOPPED com.liferay.document.library.web_6.0.104 [1746]
2022-12-09 10:57:24.045 INFO  [Refresh Thread: Equinox Container: 25dca55e-4434-4364-a362-72d9f8f9a8ef][BundleStartStopLogger:77] STARTED com.liferay.document.library.web_6.0.104 [1746]
2022-12-09 11:02:15.039 INFO  [Refresh Thread: Equinox Container: 25dca55e-4434-4364-a362-72d9f8f9a8ef][BundleStartStopLogger:80] STOPPED com.liferay.document.library.web_6.0.104 [1746]
2022-12-09 11:02:15.461 INFO  [Refresh Thread: Equinox Container: 25dca55e-4434-4364-a362-72d9f8f9a8ef][BundleStartStopLogger:77] STARTED com.liferay.document.library.web_6.0.104 [1746]
2022-12-09 11:03:45.861 INFO  [Refresh Thread: Equinox Container: 25dca55e-4434-4364-a362-72d9f8f9a8ef][BundleStartStopLogger:80] STOPPED com.liferay.document.library.web_6.0.104 [1746]
2022-12-09 11:03:46.287 INFO  [Refresh Thread: Equinox Container: 25dca55e-4434-4364-a362-72d9f8f9a8ef][BundleStartStopLogger:77] STARTED com.liferay.document.library.web_6.0.104 [1746]
2022-12-09 11:04:51.612 INFO  [Refresh Thread: Equinox Container: 25dca55e-4434-4364-a362-72d9f8f9a8ef][BundleStartStopLogger:80] STOPPED com.liferay.document.library.web_6.0.104 [1746]
2022-12-09 11:04:52.142 INFO  [Refresh Thread: Equinox Container: 25dca55e-4434-4364-a362-72d9f8f9a8ef][BundleStartStopLogger:77] STARTED com.liferay.document.library.web_6.0.104 [1746]
2022-12-09 11:08:38.049 INFO  [Refresh Thread: Equinox Container: 25dca55e-4434-4364-a362-72d9f8f9a8ef][BundleStartStopLogger:80] STOPPED com.liferay.document.library.web_6.0.104 [1746]
2022-12-09 11:08:38.478 INFO  [Refresh Thread: Equinox Container: 25dca55e-4434-4364-a362-72d9f8f9a8ef][BundleStartStopLogger:77] STARTED com.liferay.document.library.web_6.0.104 [1746]
2022-12-09 11:09:08.718 INFO  [Refresh Thread: Equinox Container: 25dca55e-4434-4364-a362-72d9f8f9a8ef][BundleStartStopLogger:80] STOPPED com.liferay.document.library.web_6.0.104 [1746]
2022-12-09 11:09:09.181 INFO  [Refresh Thread: Equinox Container: 25dca55e-4434-4364-a362-72d9f8f9a8ef][BundleStartStopLogger:77] STARTED com.liferay.document.library.web_6.0.104 [1746]
2022-12-09 11:09:39.424 INFO  [Refresh Thread: Equinox Container: 25dca55e-4434-4364-a362-72d9f8f9a8ef][BundleStartStopLogger:80] STOPPED com.liferay.document.library.web_6.0.104 [1746]
2022-12-09 11:09:39.875 INFO  [Refresh Thread: Equinox Container: 25dca55e-4434-4364-a362-72d9f8f9a8ef][BundleStartStopLogger:77] STARTED com.liferay.document.library.web_6.0.104 [1746]
2022-12-09 11:09:50.055 INFO  [Refresh Thread: Equinox Container: 25dca55e-4434-4364-a362-72d9f8f9a8ef][BundleStartStopLogger:80] STOPPED com.liferay.document.library.web_6.0.104 [1746]
2022-12-09 11:09:50.446 INFO  [Refresh Thread: Equinox Container: 25dca55e-4434-4364-a362-72d9f8f9a8ef][BundleStartStopLogger:77] STARTED com.liferay.document.library.web_6.0.104 [1746]
2022-12-09 11:10:45.768 INFO  [Refresh Thread: Equinox Container: 25dca55e-4434-4364-a362-72d9f8f9a8ef][BundleStartStopLogger:80] STOPPED com.liferay.document.library.web_6.0.104 [1746]
2022-12-09 11:10:46.153 INFO  [Refresh Thread: Equinox Container: 25dca55e-4434-4364-a362-72d9f8f9a8ef][BundleStartStopLogger:77] STARTED com.liferay.document.library.web_6.0.104 [1746]
2022-12-09 11:11:51.569 INFO  [Refresh Thread: Equinox Container: 25dca55e-4434-4364-a362-72d9f8f9a8ef][BundleStartStopLogger:80] STOPPED com.liferay.document.library.web_6.0.104 [1746]
2022-12-09 11:11:52.011 INFO  [Refresh Thread: Equinox Container: 25dca55e-4434-4364-a362-72d9f8f9a8ef][BundleStartStopLogger:77] STARTED com.liferay.document.library.web_6.0.104 [1746]
2022-12-09 11:12:27.287 INFO  [Refresh Thread: Equinox Container: 25dca55e-4434-4364-a362-72d9f8f9a8ef][BundleStartStopLogger:80] STOPPED com.liferay.document.library.web_6.0.104 [1746]
2022-12-09 11:12:27.659 INFO  [Refresh Thread: Equinox Container: 25dca55e-4434-4364-a362-72d9f8f9a8ef][BundleStartStopLogger:77] STARTED com.liferay.document.library.web_6.0.104 [1746]
2022-12-09 11:13:12.954 INFO  [Refresh Thread: Equinox Container: 25dca55e-4434-4364-a362-72d9f8f9a8ef][BundleStartStopLogger:80] STOPPED com.liferay.document.library.web_6.0.104 [1746]
2022-12-09 11:13:13.357 INFO  [Refresh Thread: Equinox Container: 25dca55e-4434-4364-a362-72d9f8f9a8ef][BundleStartStopLogger:77] STARTED com.liferay.document.library.web_6.0.104 [1746]
2022-12-09 11:15:18.822 INFO  [Refresh Thread: Equinox Container: 25dca55e-4434-4364-a362-72d9f8f9a8ef][BundleStartStopLogger:80] STOPPED com.liferay.document.library.web_6.0.104 [1746]
2022-12-09 11:15:19.259 INFO  [Refresh Thread: Equinox Container: 25dca55e-4434-4364-a362-72d9f8f9a8ef][BundleStartStopLogger:77] STARTED com.liferay.document.library.web_6.0.104 [1746]
2022-12-09 11:17:39.916 INFO  [Refresh Thread: Equinox Container: 25dca55e-4434-4364-a362-72d9f8f9a8ef][BundleStartStopLogger:80] STOPPED com.liferay.document.library.web_6.0.104 [1746]
2022-12-09 11:17:40.324 INFO  [Refresh Thread: Equinox Container: 25dca55e-4434-4364-a362-72d9f8f9a8ef][BundleStartStopLogger:77] STARTED com.liferay.document.library.web_6.0.104 [1746]
2022-12-09 11:19:00.786 INFO  [Refresh Thread: Equinox Container: 25dca55e-4434-4364-a362-72d9f8f9a8ef][BundleStartStopLogger:80] STOPPED com.liferay.document.library.web_6.0.104 [1746]
2022-12-09 11:19:01.280 INFO  [Refresh Thread: Equinox Container: 25dca55e-4434-4364-a362-72d9f8f9a8ef][BundleStartStopLogger:77] STARTED com.liferay.document.library.web_6.0.104 [1746]
2022-12-09 11:20:31.778 INFO  [Refresh Thread: Equinox Container: 25dca55e-4434-4364-a362-72d9f8f9a8ef][BundleStartStopLogger:80] STOPPED com.liferay.document.library.web_6.0.104 [1746]
2022-12-09 11:20:32.190 INFO  [Refresh Thread: Equinox Container: 25dca55e-4434-4364-a362-72d9f8f9a8ef][BundleStartStopLogger:77] STARTED com.liferay.document.library.web_6.0.104 [1746]
2022-12-09 11:22:32.700 INFO  [Refresh Thread: Equinox Container: 25dca55e-4434-4364-a362-72d9f8f9a8ef][BundleStartStopLogger:80] STOPPED com.liferay.document.library.web_6.0.104 [1746]
2022-12-09 11:22:33.084 INFO  [Refresh Thread: Equinox Container: 25dca55e-4434-4364-a362-72d9f8f9a8ef][BundleStartStopLogger:77] STARTED com.liferay.document.library.web_6.0.104 [1746]
2022-12-09 11:25:13.809 INFO  [Refresh Thread: Equinox Container: 25dca55e-4434-4364-a362-72d9f8f9a8ef][BundleStartStopLogger:80] STOPPED com.liferay.document.library.web_6.0.104 [1746]
2022-12-09 11:25:14.218 INFO  [Refresh Thread: Equinox Container: 25dca55e-4434-4364-a362-72d9f8f9a8ef][BundleStartStopLogger:77] STARTED com.liferay.document.library.web_6.0.104 [1746]
2022-12-09 11:26:19.512 INFO  [Refresh Thread: Equinox Container: 25dca55e-4434-4364-a362-72d9f8f9a8ef][BundleStartStopLogger:80] STOPPED com.liferay.document.library.web_6.0.104 [1746]
2022-12-09 11:26:20.072 INFO  [Refresh Thread: Equinox Container: 25dca55e-4434-4364-a362-72d9f8f9a8ef][BundleStartStopLogger:77] STARTED com.liferay.document.library.web_6.0.104 [1746]
2022-12-09 11:27:30.381 INFO  [Refresh Thread: Equinox Container: 25dca55e-4434-4364-a362-72d9f8f9a8ef][BundleStartStopLogger:80] STOPPED com.liferay.document.library.web_6.0.104 [1746]
2022-12-09 11:27:30.789 INFO  [Refresh Thread: Equinox Container: 25dca55e-4434-4364-a362-72d9f8f9a8ef][BundleStartStopLogger:77] STARTED com.liferay.document.library.web_6.0.104 [1746]
2022-12-09 12:59:52.466 INFO  [Thread-7][ThemeHotDeployListener:171] 1 theme for my-liferay-theme was unregistered
2022-12-09 12:59:52.491 INFO  [Thread-7][ThemeHotDeployListener:171] 1 theme for demotheme-theme was unregistered
2022-12-09 12:59:52.507 INFO  [Thread-7][ThemeHotDeployListener:171] 1 theme for democlassictheme-theme was unregistered
2022-12-09 12:59:52.522 INFO  [Thread-7][LayoutTemplateHotDeployListener:156] 1 layout template for LayoutTemplateDemo was unregistered
2022-12-09 12:59:52.544 INFO  [Thread-7][HookHotDeployListener:544] Hook for LangHook was unregistered
2022-12-09 12:59:52.557 INFO  [Thread-7][ThemeHotDeployListener:171] 1 theme for admin-theme was unregistered
2022-12-09 12:59:52.572 INFO  [Thread-7][ThemeHotDeployListener:171] 1 theme for minium-theme was unregistered
2022-12-09 12:59:52.586 INFO  [Thread-7][ThemeHotDeployListener:171] 1 theme for speedwell-theme was unregistered
2022-12-09 12:59:52.602 INFO  [Thread-7][ThemeHotDeployListener:171] 1 theme for dialect-theme was unregistered
2022-12-09 12:59:52.615 INFO  [Thread-7][ThemeHotDeployListener:171] 1 theme for classic-theme was unregistered
2022-12-09 13:00:18.940 INFO  [main][PortalContextLoaderListener:123] JVM arguments: -Dcatalina.base=/media/root322/Data/Documents/LiferayWorkspace/bundles/tomcat-9.0.56 -Dcatalina.home=/media/root322/Data/Documents/LiferayWorkspace/bundles/tomcat-9.0.56 -Dfile.encoding=UTF8 -Djava.io.tmpdir=/media/root322/Data/Documents/LiferayWorkspace/bundles/tomcat-9.0.56/temp -Djava.net.preferIPv4Stack=true -Djava.util.logging.config.file=/media/root322/Data/Documents/LiferayWorkspace/bundles/tomcat-9.0.56/conf/logging.properties -Djava.util.logging.manager=org.apache.juli.ClassLoaderLogManager -Dorg.apache.catalina.loader.WebappClassLoader.ENABLE_CLEAR_REFERENCES=false -Duser.timezone=GMT -Xmx2560m -XX:MaxMetaspaceSize=768m -XX:MetaspaceSize=768m -javaagent:/snap/intellij-idea-ultimate/398/lib/idea_rt.jar=34799:/snap/intellij-idea-ultimate/398/bin
2022-12-09 13:00:20.893 INFO  [main][DialectDetector:153] Using dialect org.hibernate.dialect.MySQL8Dialect for MySQL 8.0
2022-12-09 13:00:24.235 INFO  [main][ModuleFrameworkImpl:1279] Starting initial bundles
2022-12-09 13:00:24.723 INFO  [ModuleFramework-Static-Bundles-4][InterpolationConfigurationPlugin:109] Configured directory for secrets: /media/root322/Data/Documents/LiferayWorkspace/bundles/osgi/configs
2022-12-09 13:00:25.823 INFO  [ModuleFramework-Static-Bundles-6][DefaultLPKGDeployer:456] Using overriding JAR bundle LPKG-Override::/media/root322/Data/Documents/LiferayWorkspace/bundles/osgi/marketplace/override/com.liferay.document.library.web.jar
2022-12-09 13:00:25.824 INFO  [ModuleFramework-Static-Bundles-6][DefaultLPKGDeployer:456] Using overriding JAR bundle LPKG-Override::/media/root322/Data/Documents/LiferayWorkspace/bundles/osgi/marketplace/override/com.liferay.portal.language.lang.jar
2022-12-09 13:00:26.463 INFO  [main][ModuleFrameworkImpl:1576] Started initial bundles
2022-12-09 13:00:26.464 INFO  [main][ModuleFrameworkImpl:1625] Starting dynamic bundles
2022-12-09 13:00:42.318 INFO  [main][ModuleFrameworkImpl:1647] Started dynamic bundles
2022-12-09 13:00:42.318 INFO  [main][ModuleFrameworkImpl:1654] Starting web bundles
2022-12-09 13:00:45.474 INFO  [main][ModuleFrameworkImpl:1708] Started web bundles
2022-12-09 13:00:45.474 INFO  [main][ModuleFrameworkImpl:278] Navigate to Control Panel > System > Gogo Shell and enter "lb" to see all bundles
2022-12-09 13:00:45.488 INFO  [main][LoggingTimer:83] Starting com.liferay.portal.verify.VerifyProperties#verifySystemProperties
2022-12-09 13:00:45.489 INFO  [main][LoggingTimer:44] Completed com.liferay.portal.verify.VerifyProperties#verifySystemProperties in 1 ms
2022-12-09 13:00:45.489 INFO  [main][LoggingTimer:83] Starting com.liferay.portal.verify.VerifyProperties#verifyPortalProperties
2022-12-09 13:00:45.508 INFO  [main][LoggingTimer:44] Completed com.liferay.portal.verify.VerifyProperties#verifyPortalProperties in 19 ms
2022-12-09 13:00:45.509 INFO  [main][LoggingTimer:83] Starting com.liferay.portal.verify.VerifyProperties#verifyDocumentLibrary
2022-12-09 13:00:45.509 INFO  [main][LoggingTimer:44] Completed com.liferay.portal.verify.VerifyProperties#verifyDocumentLibrary in 0 ms
2022-12-09 13:00:45.993 INFO  [main][LoggingTimer:83] Starting com.liferay.portal.events.StartupHelperUtil#initResourceActions
2022-12-09 13:00:46.044 INFO  [main][LoggingTimer:44] Completed com.liferay.portal.events.StartupHelperUtil#initResourceActions in 51 ms
2022-12-09 13:00:48.529 WARN  [main][SidecarManager:103] Liferay automatically starts a child process of Elasticsearch named sidecar for convenient development and demonstration purposes. Do NOT use sidecar in production. Refer to the documentation for details on the limitations of sidecar and instructions on configuring a remote Elasticsearch connection in the Control Panel.
2022-12-09 13:01:01.028 INFO  [main][Sidecar:119] Sidecar Elasticsearch liferay started at 127.0.0.1:9201
2022-12-09 13:01:07.086 INFO  [main][StartupHelperUtil:86] There are no patches installed
2022-12-09 13:01:07.101 INFO  [main][LoggingTimer:83] Starting com.liferay.portal.events.StartupHelperUtil#initResourceActions
2022-12-09 13:01:07.119 INFO  [main][LoggingTimer:44] Completed com.liferay.portal.events.StartupHelperUtil#initResourceActions in 18 ms
2022-12-09 13:01:07.146 INFO  [main][LicenseManager:-1] Digital Enterprise Development license validation passed
2022-12-09 13:01:07.611 INFO  [main][AutoDeployDir:176] Auto deploy scanner started for /media/root322/Data/Documents/LiferayWorkspace/bundles/deploy
2022-12-09 13:01:16.975 INFO  [com.liferay.portal.osgi.web.wab.extender.internal.WabFactory-BundleTrackerOpener][ThemeHotDeployListener:108] 1 theme for classic-theme is available for use
2022-12-09 13:01:17.119 INFO  [com.liferay.portal.osgi.web.wab.extender.internal.WabFactory-BundleTrackerOpener][ThemeHotDeployListener:108] 1 theme for dialect-theme is available for use
2022-12-09 13:01:17.288 INFO  [com.liferay.portal.osgi.web.wab.extender.internal.WabFactory-BundleTrackerOpener][ThemeHotDeployListener:108] 1 theme for speedwell-theme is available for use
2022-12-09 13:01:17.443 INFO  [com.liferay.portal.osgi.web.wab.extender.internal.WabFactory-BundleTrackerOpener][ThemeHotDeployListener:108] 1 theme for minium-theme is available for use
2022-12-09 13:01:17.582 INFO  [com.liferay.portal.osgi.web.wab.extender.internal.WabFactory-BundleTrackerOpener][ThemeHotDeployListener:108] 1 theme for admin-theme is available for use
2022-12-09 13:01:17.700 INFO  [com.liferay.portal.osgi.web.wab.extender.internal.WabFactory-BundleTrackerOpener][HookHotDeployListener:496] Hook for LangHook is available for use
2022-12-09 13:01:17.836 INFO  [com.liferay.portal.osgi.web.wab.extender.internal.WabFactory-BundleTrackerOpener][LayoutTemplateHotDeployListener:107] 1 layout template for LayoutTemplateDemo is available for use
2022-12-09 13:01:17.943 INFO  [com.liferay.portal.osgi.web.wab.extender.internal.WabFactory-BundleTrackerOpener][ThemeHotDeployListener:108] 1 theme for democlassictheme-theme is available for use
2022-12-09 13:01:18.069 INFO  [com.liferay.portal.osgi.web.wab.extender.internal.WabFactory-BundleTrackerOpener][ThemeHotDeployListener:108] 1 theme for demotheme-theme is available for use
2022-12-09 13:01:18.161 INFO  [com.liferay.portal.osgi.web.wab.extender.internal.WabFactory-BundleTrackerOpener][ThemeHotDeployListener:108] 1 theme for my-liferay-theme is available for use
2022-12-09 13:08:12.383 INFO  [Refresh Thread: Equinox Container: 09791c53-f135-4796-9a8d-18667cbbd0e3][BundleStartStopLogger:80] STOPPED com.liferay.document.library.web_6.0.104 [1746]
2022-12-09 13:08:12.724 INFO  [Refresh Thread: Equinox Container: 09791c53-f135-4796-9a8d-18667cbbd0e3][BundleStartStopLogger:77] STARTED com.liferay.document.library.web_6.0.104 [1746]
2022-12-09 13:10:48.725 INFO  [Refresh Thread: Equinox Container: 09791c53-f135-4796-9a8d-18667cbbd0e3][BundleStartStopLogger:80] STOPPED com.liferay.document.library.web_6.0.104 [1746]
2022-12-09 13:10:48.907 INFO  [Refresh Thread: Equinox Container: 09791c53-f135-4796-9a8d-18667cbbd0e3][BundleStartStopLogger:77] STARTED com.liferay.document.library.web_6.0.104 [1746]
2022-12-09 13:21:41.784 INFO  [fileinstall-directory-watcher][BundleStartStopLogger:77] STARTED com.liferay.site.initializer.brijesh_1.0.4 [1760]
2022-12-09 13:23:52.285 INFO  [fileinstall-directory-watcher][BundleStartStopLogger:80] STOPPED com.liferay.site.initializer.brijesh_1.0.4 [1760]
2022-12-09 13:23:52.367 INFO  [Refresh Thread: Equinox Container: 09791c53-f135-4796-9a8d-18667cbbd0e3][BundleStartStopLogger:77] STARTED com.liferay.site.initializer.brijesh_1.0.4 [1760]
2022-12-09 13:25:02.677 INFO  [fileinstall-directory-watcher][BundleStartStopLogger:80] STOPPED com.liferay.site.initializer.brijesh_1.0.4 [1760]
2022-12-09 13:25:02.725 INFO  [Refresh Thread: Equinox Container: 09791c53-f135-4796-9a8d-18667cbbd0e3][BundleStartStopLogger:77] STARTED com.liferay.site.initializer.brijesh_1.0.4 [1760]
2022-12-09 13:26:43.161 INFO  [fileinstall-directory-watcher][BundleStartStopLogger:80] STOPPED com.liferay.site.initializer.brijesh_1.0.4 [1760]
2022-12-09 13:26:43.196 INFO  [Refresh Thread: Equinox Container: 09791c53-f135-4796-9a8d-18667cbbd0e3][BundleStartStopLogger:77] STARTED com.liferay.site.initializer.brijesh_1.0.4 [1760]
2022-12-09 13:27:43.419 INFO  [fileinstall-directory-watcher][BundleStartStopLogger:80] STOPPED com.liferay.site.initializer.brijesh_1.0.4 [1760]
2022-12-09 13:27:43.456 INFO  [Refresh Thread: Equinox Container: 09791c53-f135-4796-9a8d-18667cbbd0e3][BundleStartStopLogger:77] STARTED com.liferay.site.initializer.brijesh_1.0.4 [1760]
2022-12-09 13:32:34.551 INFO  [fileinstall-directory-watcher][BundleStartStopLogger:80] STOPPED com.liferay.site.initializer.brijesh_1.0.4 [1760]
2022-12-09 13:32:34.586 INFO  [Refresh Thread: Equinox Container: 09791c53-f135-4796-9a8d-18667cbbd0e3][BundleStartStopLogger:77] STARTED com.liferay.site.initializer.brijesh_1.0.4 [1760]
2022-12-09 13:38:05.814 INFO  [fileinstall-directory-watcher][BundleStartStopLogger:77] STARTED com.liferay.site.initializer.welcome_1.0.4 [1761]
2022-12-09 13:38:20.925 WARN  [http-nio-8080-exec-4][code_jsp:159] {code="404", msg="ProxyServlet: /o/site-initializer-welcome-jay/thumbnail.png", uri=/o/site-initializer-welcome-jay/thumbnail.png}
2022-12-09 13:38:21.137 WARN  [http-nio-8080-exec-1][code_jsp:159] {code="404", msg="ProxyServlet: /o/site-initializer-welcome-jay/thumbnail.png", uri=/o/site-initializer-welcome-jay/thumbnail.png}
2022-12-09 13:39:51.197 INFO  [fileinstall-directory-watcher][BundleStartStopLogger:77] STARTED com.liferay.site.initializer.jay_1.0.4 [1762]
2022-12-09 13:40:06.258 WARN  [http-nio-8080-exec-3][code_jsp:159] {code="404", msg="ProxyServlet: /o/site-initializer-welcome-jay/thumbnail.png", uri=/o/site-initializer-welcome-jay/thumbnail.png}
2022-12-09 13:40:06.541 WARN  [http-nio-8080-exec-9][code_jsp:159] {code="404", msg="ProxyServlet: /o/site-initializer-welcome-jay/thumbnail.png", uri=/o/site-initializer-welcome-jay/thumbnail.png}
2022-12-09 13:42:31.797 WARN  [http-nio-8080-exec-10][code_jsp:159] {code="404", msg="ProxyServlet: /null/__generated__/container.js", uri=/o/null/__generated__/container.js}
2022-12-09 13:46:15.338 INFO  [Thread-7][ThemeHotDeployListener:171] 1 theme for my-liferay-theme was unregistered
2022-12-09 13:46:15.370 INFO  [Thread-7][ThemeHotDeployListener:171] 1 theme for demotheme-theme was unregistered
2022-12-09 13:46:15.403 INFO  [Thread-7][ThemeHotDeployListener:171] 1 theme for democlassictheme-theme was unregistered
2022-12-09 13:46:15.419 INFO  [Thread-7][LayoutTemplateHotDeployListener:156] 1 layout template for LayoutTemplateDemo was unregistered
2022-12-09 13:46:15.441 INFO  [Thread-7][HookHotDeployListener:544] Hook for LangHook was unregistered
2022-12-09 13:46:15.455 INFO  [Thread-7][ThemeHotDeployListener:171] 1 theme for admin-theme was unregistered
2022-12-09 13:46:15.470 INFO  [Thread-7][ThemeHotDeployListener:171] 1 theme for minium-theme was unregistered
2022-12-09 13:46:15.486 INFO  [Thread-7][ThemeHotDeployListener:171] 1 theme for speedwell-theme was unregistered
2022-12-09 13:46:15.499 INFO  [Thread-7][ThemeHotDeployListener:171] 1 theme for dialect-theme was unregistered
2022-12-09 13:46:15.514 INFO  [Thread-7][ThemeHotDeployListener:171] 1 theme for classic-theme was unregistered
