2023-03-24 05:39:26.602 INFO  [main][PortalContextLoaderListener:123] JVM arguments: -Dcatalina.base=/media/root322/Data/Documents/LiferayWorkspace/bundles/tomcat-9.0.56 -Dcatalina.home=/media/root322/Data/Documents/LiferayWorkspace/bundles/tomcat-9.0.56 -Dfile.encoding=UTF8 -Djava.io.tmpdir=/media/root322/Data/Documents/LiferayWorkspace/bundles/tomcat-9.0.56/temp -Djava.net.preferIPv4Stack=true -Djava.util.logging.config.file=/media/root322/Data/Documents/LiferayWorkspace/bundles/tomcat-9.0.56/conf/logging.properties -Djava.util.logging.manager=org.apache.juli.ClassLoaderLogManager -Dorg.apache.catalina.loader.WebappClassLoader.ENABLE_CLEAR_REFERENCES=false -Duser.timezone=GMT -Xmx2560m -XX:MaxMetaspaceSize=768m -XX:MetaspaceSize=768m -javaagent:/snap/intellij-idea-ultimate/418/lib/idea_rt.jar=35375:/snap/intellij-idea-ultimate/418/bin
2023-03-24 05:39:29.054 INFO  [main][DialectDetector:153] Using dialect org.hibernate.dialect.MySQL8Dialect for MySQL 8.0
2023-03-24 05:39:31.822 INFO  [main][ModuleFrameworkImpl:1279] Starting initial bundles
2023-03-24 05:39:32.193 INFO  [ModuleFramework-Static-Bundles-8][InterpolationConfigurationPlugin:109] Configured directory for secrets: /media/root322/Data/Documents/LiferayWorkspace/bundles/osgi/configs
2023-03-24 05:39:33.862 INFO  [ModuleFramework-Static-Bundles-7][DefaultLPKGDeployer:456] Using overriding JAR bundle LPKG-Override::/media/root322/Data/Documents/LiferayWorkspace/bundles/osgi/marketplace/override/com.liferay.document.library.web.jar
2023-03-24 05:39:33.862 INFO  [ModuleFramework-Static-Bundles-7][DefaultLPKGDeployer:456] Using overriding JAR bundle LPKG-Override::/media/root322/Data/Documents/LiferayWorkspace/bundles/osgi/marketplace/override/com.liferay.portal.language.lang.jar
2023-03-24 05:39:33.942 INFO  [main][ModuleFrameworkImpl:1576] Started initial bundles
2023-03-24 05:39:33.942 INFO  [main][ModuleFrameworkImpl:1625] Starting dynamic bundles
2023-03-24 05:39:46.620 INFO  [Start Level: Equinox Container: 8f513b9c-e0e0-4f66-baba-8c71297b8491][MessageBusRegistrator:41] Message Listener Registered..com.liferaysavvy.messagebus.event.listener.MessageBusRegisteredParallelMessageListener@763de70f
2023-03-24 05:39:46.621 INFO  [Start Level: Equinox Container: 8f513b9c-e0e0-4f66-baba-8c71297b8491][MessageBusRegistrator:45] Message Listener Registered..com.liferaysavvy.messagebus.event.listener.MessageBusRegisteredSerialMessageListener@3d973253
2023-03-24 05:39:46.622 INFO  [Start Level: Equinox Container: 8f513b9c-e0e0-4f66-baba-8c71297b8491][MessageBusRegistrator:49] Message Listener Registered..com.liferaysavvy.messagebus.event.listener.MessageBusRegisteredSynchronousMessageListener@5260aea0
2023-03-24 05:39:46.766 INFO  [main][ModuleFrameworkImpl:1647] Started dynamic bundles
2023-03-24 05:39:46.767 INFO  [main][ModuleFrameworkImpl:1654] Starting web bundles
2023-03-24 05:39:49.479 INFO  [main][ModuleFrameworkImpl:1708] Started web bundles
2023-03-24 05:39:49.480 INFO  [main][ModuleFrameworkImpl:278] Navigate to Control Panel > System > Gogo Shell and enter "lb" to see all bundles
2023-03-24 05:39:49.492 INFO  [main][LoggingTimer:83] Starting com.liferay.portal.verify.VerifyProperties#verifySystemProperties
2023-03-24 05:39:49.493 INFO  [main][LoggingTimer:44] Completed com.liferay.portal.verify.VerifyProperties#verifySystemProperties in 0 ms
2023-03-24 05:39:49.493 INFO  [main][LoggingTimer:83] Starting com.liferay.portal.verify.VerifyProperties#verifyPortalProperties
2023-03-24 05:39:49.503 ERROR [main][VerifyProperties:182] Portal property "journal.article.form.add" is obsolete
2023-03-24 05:39:49.503 ERROR [main][VerifyProperties:182] Portal property "journal.article.form.update" is obsolete
2023-03-24 05:39:49.503 ERROR [main][VerifyProperties:182] Portal property "journal.article.form.translate" is obsolete
2023-03-24 05:39:49.503 INFO  [main][LoggingTimer:44] Completed com.liferay.portal.verify.VerifyProperties#verifyPortalProperties in 10 ms
2023-03-24 05:39:49.504 INFO  [main][LoggingTimer:83] Starting com.liferay.portal.verify.VerifyProperties#verifyDocumentLibrary
2023-03-24 05:39:49.504 INFO  [main][LoggingTimer:44] Completed com.liferay.portal.verify.VerifyProperties#verifyDocumentLibrary in 1 ms
2023-03-24 05:39:49.902 INFO  [main][LoggingTimer:83] Starting com.liferay.portal.events.StartupHelperUtil#initResourceActions
2023-03-24 05:39:49.940 INFO  [main][LoggingTimer:44] Completed com.liferay.portal.events.StartupHelperUtil#initResourceActions in 38 ms
2023-03-24 05:39:52.208 WARN  [main][SidecarManager:103] Liferay automatically starts a child process of Elasticsearch named sidecar for convenient development and demonstration purposes. Do NOT use sidecar in production. Refer to the documentation for details on the limitations of sidecar and instructions on configuring a remote Elasticsearch connection in the Control Panel.
2023-03-24 05:40:02.239 INFO  [main][Sidecar:119] Sidecar Elasticsearch liferay started at 127.0.0.1:9501
2023-03-24 05:40:05.423 INFO  [main][MessageBusEventListenerNotification:33] **********Destination Added***********liferay/search_reader/SYSTEM_ENGINE
2023-03-24 05:40:05.429 INFO  [main][MessageBusEventListenerNotification:33] **********Destination Added***********liferay/search_writer/SYSTEM_ENGINE
2023-03-24 05:40:06.364 INFO  [main][MessageBusEventListenerNotification:33] **********Destination Added***********liferay/adaptive_media_processor
2023-03-24 05:40:06.367 INFO  [main][MessageBusEventListenerNotification:33] **********Destination Added***********liferay/message_bus/default_response
2023-03-24 05:40:06.369 INFO  [main][MessageBusEventListenerNotification:33] **********Destination Added***********liferay/message_bus/message_status
2023-03-24 05:40:06.371 INFO  [main][MessageBusEventListenerNotification:33] **********Destination Added***********liferay/live_users
2023-03-24 05:40:06.372 INFO  [main][MessageBusEventListenerNotification:33] **********Destination Added***********liferay/document_library_audio_processor
2023-03-24 05:40:06.373 INFO  [main][MessageBusEventListenerNotification:33] **********Destination Added***********liferay/async_service
2023-03-24 05:40:06.375 INFO  [main][MessageBusEventListenerNotification:33] **********Destination Added***********liferay/layouts_local_publisher
2023-03-24 05:40:06.376 INFO  [main][MessageBusEventListenerNotification:33] **********Destination Added***********liferay/convert_process
2023-03-24 05:40:06.377 INFO  [main][MessageBusEventListenerNotification:33] **********Destination Added***********liferay/document_library_pdf_processor
2023-03-24 05:40:06.378 INFO  [main][MessageBusEventListenerNotification:33] **********Destination Added***********liferay/subscription_clean_up
2023-03-24 05:40:06.379 INFO  [main][MessageBusEventListenerNotification:33] **********Destination Added***********liferay/document_library_video_processor
2023-03-24 05:40:06.381 INFO  [main][MessageBusEventListenerNotification:33] **********Destination Added***********liferay/document_library_raw_metadata_processor
2023-03-24 05:40:06.382 INFO  [main][MessageBusEventListenerNotification:33] **********Destination Added***********liferay/document_library_image_processor
2023-03-24 05:40:06.384 INFO  [main][MessageBusEventListenerNotification:33] **********Destination Added***********liferay/message_boards_mailing_list
2023-03-24 05:40:06.385 INFO  [main][MessageBusEventListenerNotification:33] **********Destination Added***********liferay/subscription_sender
2023-03-24 05:40:06.386 INFO  [main][MessageBusEventListenerNotification:33] **********Destination Added***********liferay/hot_deploy
2023-03-24 05:40:06.388 INFO  [main][MessageBusEventListenerNotification:33] **********Destination Added***********liferay/layouts_remote_publisher
2023-03-24 05:40:06.394 INFO  [main][MessageBusEventListenerNotification:33] **********Destination Added***********liferay/poller_comet_response
2023-03-24 05:40:06.396 INFO  [main][MessageBusEventListenerNotification:33] **********Destination Added***********liferay/poller_response
2023-03-24 05:40:06.398 INFO  [main][MessageBusEventListenerNotification:33] **********Destination Added***********liferay/poller
2023-03-24 05:40:06.402 INFO  [main][MessageBusEventListenerNotification:33] **********Destination Added***********liferay/workflow_definition
2023-03-24 05:40:06.403 INFO  [main][MessageBusEventListenerNotification:33] **********Destination Added***********liferay/workflow_instance
2023-03-24 05:40:06.404 INFO  [main][MessageBusEventListenerNotification:33] **********Destination Added***********liferay/workflow_log
2023-03-24 05:40:06.406 INFO  [main][MessageBusEventListenerNotification:33] **********Destination Added***********liferay/workflow_task
2023-03-24 05:40:06.407 INFO  [main][MessageBusEventListenerNotification:33] **********Destination Added***********liferay/workflow_engine
2023-03-24 05:40:06.408 INFO  [main][MessageBusEventListenerNotification:33] **********Destination Added***********liferay/workflow_comparator
2023-03-24 05:40:06.409 INFO  [main][MessageBusEventListenerNotification:33] **********Destination Added***********liferay/workflow_status
2023-03-24 05:40:06.411 INFO  [main][MessageBusEventListenerNotification:33] **********Destination Added***********liferay/mail
2023-03-24 05:40:06.414 INFO  [main][MessageBusEventListenerNotification:33] **********Destination Added***********liferay/segments_entry_reindex
2023-03-24 05:40:06.417 INFO  [main][MessageBusEventListenerNotification:33] **********Destination Added***********liferay/analytics_messages_processor
2023-03-24 05:40:06.419 INFO  [main][MessageBusEventListenerNotification:33] **********Destination Added***********liferay/ddm_structure_reindex
2023-03-24 05:40:06.422 INFO  [main][MessageBusEventListenerNotification:33] **********Destination Added***********liferay/audit
2023-03-24 05:40:06.426 INFO  [main][MessageBusEventListenerNotification:33] **********Destination Added***********liferay/monitoring
2023-03-24 05:40:06.435 INFO  [main][MessageBusEventListenerNotification:33] **********Destination Added***********liferay/interest_terms
2023-03-24 05:40:06.438 INFO  [main][ParellelDestinationConfig:83] Destination is creared ..liferaysavvy/parallel-destination
2023-03-24 05:40:06.439 INFO  [main][MessageBusEventListenerNotification:33] **********Destination Added***********liferaysavvy/parallel-destination
2023-03-24 05:40:06.440 INFO  [main][ParellelDestinationConfig:90] Destination is registred with Service Regisration ..
2023-03-24 05:40:06.442 INFO  [main][SerialDestinationConfig:83] Destination is creared ..liferaysavvy/serial-destination
2023-03-24 05:40:06.443 INFO  [main][MessageBusEventListenerNotification:33] **********Destination Added***********liferaysavvy/serial-destination
2023-03-24 05:40:06.444 INFO  [main][SerialDestinationConfig:90] Destination is registred with Service Regisration ..
2023-03-24 05:40:06.446 INFO  [main][SynchronousDestinationConfig:83] Destination is creared ..liferaysavvy/synchronous-destination
2023-03-24 05:40:06.446 INFO  [main][MessageBusEventListenerNotification:33] **********Destination Added***********liferaysavvy/synchronous-destination
2023-03-24 05:40:06.449 INFO  [main][DestinationListenerRegistrator:41] Message Listener Registered..com.liferaysavvy.messagebus.event.listener.DestinationRegisteredParallelMessageListener@421f392e
2023-03-24 05:40:06.449 INFO  [main][DestinationListenerRegistrator:45] Message Listener Registered..com.liferaysavvy.messagebus.event.listener.DestinationRegisteredSerialMessageListener@69fb22b4
2023-03-24 05:40:06.450 INFO  [main][DestinationListenerRegistrator:49] Message Listener Registered..com.liferaysavvy.messagebus.event.listener.DestinationRegisteredSynchronousMessageListener@5658d44c
2023-03-24 05:40:06.450 INFO  [main][SynchronousDestinationConfig:90] Destination is registred with Service Regisration ..
2023-03-24 05:40:06.453 INFO  [main][MessageBusEventListenerNotification:33] **********Destination Added***********liferay/tensorflow_model_download
2023-03-24 05:40:06.460 INFO  [main][MessageBusEventListenerNotification:33] **********Destination Added***********liferay/scheduled_user_ldap_import
2023-03-24 05:40:06.464 INFO  [main][MessageBusEventListenerNotification:33] **********Destination Added***********liferay/export_import_lifecycle_event_async
2023-03-24 05:40:06.466 INFO  [main][MessageBusEventListenerNotification:33] **********Destination Added***********liferay/export_import_lifecycle_event_sync
2023-03-24 05:40:06.470 INFO  [main][MessageBusEventListenerNotification:33] **********Destination Added***********liferay/scripting_executor
2023-03-24 05:40:06.473 INFO  [main][MessageBusEventListenerNotification:33] **********Destination Added***********liferay/commerce_base_price_list
2023-03-24 05:40:06.475 INFO  [main][MessageBusEventListenerNotification:33] **********Destination Added***********liferay/commerce_order_status
2023-03-24 05:40:06.476 INFO  [main][MessageBusEventListenerNotification:33] **********Destination Added***********liferay/commerce_payment_status
2023-03-24 05:40:06.477 INFO  [main][MessageBusEventListenerNotification:33] **********Destination Added***********liferay/commerce_shipment_status
2023-03-24 05:40:06.478 INFO  [main][MessageBusEventListenerNotification:33] **********Destination Added***********liferay/commerce_subscription_status
2023-03-24 05:40:06.482 INFO  [main][MessageBusEventListenerNotification:33] **********Destination Added***********liferay/search_reader/GENERIC_ENGINE
2023-03-24 05:40:06.484 INFO  [main][MessageBusEventListenerNotification:33] **********Destination Added***********liferay/search_writer/GENERIC_ENGINE
2023-03-24 05:40:06.928 INFO  [main][MessageBusEventListenerNotification:33] **********Destination Added***********liferay/flags
2023-03-24 05:40:08.217 INFO  [main][StartupHelperUtil:86] There are no patches installed
2023-03-24 05:40:08.235 INFO  [main][LoggingTimer:83] Starting com.liferay.portal.events.StartupHelperUtil#initResourceActions
2023-03-24 05:40:08.259 INFO  [main][LoggingTimer:44] Completed com.liferay.portal.events.StartupHelperUtil#initResourceActions in 24 ms
2023-03-24 05:40:08.264 INFO  [main][MessageBusEventListenerNotification:33] **********Destination Added***********liferay/lcs_status
2023-03-24 05:40:08.292 INFO  [main][LicenseManager:-1] Digital Enterprise Development license validation passed
2023-03-24 05:40:09.358 INFO  [main][LicenseManager:-1] RTG Survey license validation passed
2023-03-24 05:40:09.762 INFO  [main][AutoDeployDir:176] Auto deploy scanner started for /media/root322/Data/Documents/LiferayWorkspace/bundles/deploy
2023-03-24 05:40:33.232 INFO  [com.liferay.portal.osgi.web.wab.extender.internal.WabFactory-BundleTrackerOpener][ThemeHotDeployListener:108] 1 theme for classic-theme is available for use
2023-03-24 05:40:33.314 INFO  [com.liferay.portal.osgi.web.wab.extender.internal.WabFactory-BundleTrackerOpener][ThemeHotDeployListener:108] 1 theme for dialect-theme is available for use
2023-03-24 05:40:33.430 INFO  [com.liferay.portal.osgi.web.wab.extender.internal.WabFactory-BundleTrackerOpener][ThemeHotDeployListener:108] 1 theme for speedwell-theme is available for use
2023-03-24 05:40:33.544 INFO  [com.liferay.portal.osgi.web.wab.extender.internal.WabFactory-BundleTrackerOpener][ThemeHotDeployListener:108] 1 theme for minium-theme is available for use
2023-03-24 05:40:33.642 INFO  [com.liferay.portal.osgi.web.wab.extender.internal.WabFactory-BundleTrackerOpener][ThemeHotDeployListener:108] 1 theme for admin-theme is available for use
2023-03-24 05:40:33.756 INFO  [com.liferay.portal.osgi.web.wab.extender.internal.WabFactory-BundleTrackerOpener][HookHotDeployListener:496] Hook for LangHook is available for use
2023-03-24 05:40:33.834 INFO  [com.liferay.portal.osgi.web.wab.extender.internal.WabFactory-BundleTrackerOpener][LayoutTemplateHotDeployListener:107] 1 layout template for LayoutTemplateDemo is available for use
2023-03-24 05:40:33.943 INFO  [com.liferay.portal.osgi.web.wab.extender.internal.WabFactory-BundleTrackerOpener][ThemeHotDeployListener:108] 1 theme for democlassictheme-theme is available for use
2023-03-24 05:40:34.043 INFO  [com.liferay.portal.osgi.web.wab.extender.internal.WabFactory-BundleTrackerOpener][ThemeHotDeployListener:108] 1 theme for demotheme-theme is available for use
2023-03-24 05:40:34.140 INFO  [com.liferay.portal.osgi.web.wab.extender.internal.WabFactory-BundleTrackerOpener][ThemeHotDeployListener:108] 1 theme for my-liferay-theme is available for use
2023-03-24 05:40:34.402 INFO  [com.liferay.portal.osgi.web.wab.extender.internal.WabFactory-BundleTrackerOpener][ThemeHotDeployListener:108] 1 theme for cstheme2-theme is available for use
2023-03-24 05:40:34.595 INFO  [com.liferay.portal.osgi.web.wab.extender.internal.WabFactory-BundleTrackerOpener][ThemeHotDeployListener:108] 1 theme for module-based-theme is available for use
2023-03-24 05:40:35.072 INFO  [com.liferay.portal.osgi.web.wab.extender.internal.WabFactory-BundleTrackerOpener][HookHotDeployListener:496] Hook for rtg-survey-portlet is available for use
2023-03-24 05:40:35.157 INFO  [com.liferay.portal.osgi.web.wab.extender.internal.WabFactory-BundleTrackerOpener][PortletHotDeployListener:305] 3 portlets for rtg-survey-portlet are available for use
2023-03-24 05:40:35.158 INFO  [com.liferay.portal.osgi.web.wab.extender.internal.WabFactory-BundleTrackerOpener][SocialHotDeployListener:98] Social for rtg-survey-portlet is available for use
2023-03-24 05:50:13.713 WARN  [http-nio-8000-exec-1][code_jsp:159] {code="404", msg="ProxyServlet: /o/frontend-editor-ckeditor-web/ckeditor/skins/moono-lexicon/skin.js", uri=/o/frontend-editor-ckeditor-web/ckeditor/skins/moono-lexicon/skin.js}
2023-03-24 05:50:44.106 WARN  [liferay/mail-2][MailMessageListener:140] Email test@liferay.com will be ignored because it is included in mail.send.blacklist
2023-03-24 06:16:27.061 INFO  [Thread-7][SocialHotDeployListener:154] Social for rtg-survey-portlet was unregistered
2023-03-24 06:16:27.095 INFO  [Thread-7][PortletHotDeployListener:364] 3 portlets for rtg-survey-portlet were unregistered
2023-03-24 06:16:27.247 INFO  [Thread-7][HookHotDeployListener:544] Hook for rtg-survey-portlet was unregistered
2023-03-24 06:16:27.320 INFO  [Thread-7][ThemeHotDeployListener:171] 1 theme for module-based-theme was unregistered
2023-03-24 06:16:27.344 INFO  [Thread-7][ThemeHotDeployListener:171] 1 theme for cstheme2-theme was unregistered
2023-03-24 06:16:27.365 INFO  [Thread-7][ThemeHotDeployListener:171] 1 theme for my-liferay-theme was unregistered
2023-03-24 06:16:27.386 INFO  [Thread-7][ThemeHotDeployListener:171] 1 theme for demotheme-theme was unregistered
2023-03-24 06:16:27.407 INFO  [Thread-7][ThemeHotDeployListener:171] 1 theme for democlassictheme-theme was unregistered
2023-03-24 06:16:27.428 INFO  [Thread-7][LayoutTemplateHotDeployListener:156] 1 layout template for LayoutTemplateDemo was unregistered
2023-03-24 06:16:27.481 INFO  [Thread-7][HookHotDeployListener:544] Hook for LangHook was unregistered
2023-03-24 06:16:27.497 INFO  [Thread-7][ThemeHotDeployListener:171] 1 theme for admin-theme was unregistered
2023-03-24 06:16:27.517 INFO  [Thread-7][ThemeHotDeployListener:171] 1 theme for minium-theme was unregistered
2023-03-24 06:16:27.540 INFO  [Thread-7][ThemeHotDeployListener:171] 1 theme for speedwell-theme was unregistered
2023-03-24 06:16:27.563 INFO  [Thread-7][ThemeHotDeployListener:171] 1 theme for dialect-theme was unregistered
2023-03-24 06:16:27.585 INFO  [Thread-7][ThemeHotDeployListener:171] 1 theme for classic-theme was unregistered
2023-03-24 06:16:54.151 INFO  [main][PortalContextLoaderListener:123] JVM arguments: -Dcatalina.base=/media/root322/Data/Documents/LiferayWorkspace/bundles/tomcat-9.0.56 -Dcatalina.home=/media/root322/Data/Documents/LiferayWorkspace/bundles/tomcat-9.0.56 -Dfile.encoding=UTF8 -Djava.io.tmpdir=/media/root322/Data/Documents/LiferayWorkspace/bundles/tomcat-9.0.56/temp -Djava.net.preferIPv4Stack=true -Djava.util.logging.config.file=/media/root322/Data/Documents/LiferayWorkspace/bundles/tomcat-9.0.56/conf/logging.properties -Djava.util.logging.manager=org.apache.juli.ClassLoaderLogManager -Dorg.apache.catalina.loader.WebappClassLoader.ENABLE_CLEAR_REFERENCES=false -Duser.timezone=GMT -Xmx2560m -XX:MaxMetaspaceSize=768m -XX:MetaspaceSize=768m -javaagent:/snap/intellij-idea-ultimate/418/lib/idea_rt.jar=45033:/snap/intellij-idea-ultimate/418/bin
2023-03-24 06:16:55.947 INFO  [main][DialectDetector:153] Using dialect org.hibernate.dialect.MySQL8Dialect for MySQL 8.0
2023-03-24 06:16:58.705 INFO  [main][ModuleFrameworkImpl:1279] Starting initial bundles
2023-03-24 06:16:59.273 INFO  [ModuleFramework-Static-Bundles-4][InterpolationConfigurationPlugin:109] Configured directory for secrets: /media/root322/Data/Documents/LiferayWorkspace/bundles/osgi/configs
2023-03-24 06:17:00.718 INFO  [ModuleFramework-Static-Bundles-8][DefaultLPKGDeployer:456] Using overriding JAR bundle LPKG-Override::/media/root322/Data/Documents/LiferayWorkspace/bundles/osgi/marketplace/override/com.liferay.document.library.web.jar
2023-03-24 06:17:00.718 INFO  [ModuleFramework-Static-Bundles-8][DefaultLPKGDeployer:456] Using overriding JAR bundle LPKG-Override::/media/root322/Data/Documents/LiferayWorkspace/bundles/osgi/marketplace/override/com.liferay.portal.language.lang.jar
2023-03-24 06:17:00.758 INFO  [main][ModuleFrameworkImpl:1576] Started initial bundles
2023-03-24 06:17:00.758 INFO  [main][ModuleFrameworkImpl:1625] Starting dynamic bundles
2023-03-24 06:17:13.860 INFO  [Start Level: Equinox Container: b6a73764-0270-4bc6-b2ae-f54c4a5dba79][MessageBusRegistrator:41] Message Listener Registered..com.liferaysavvy.messagebus.event.listener.MessageBusRegisteredParallelMessageListener@132b4a8d
2023-03-24 06:17:13.861 INFO  [Start Level: Equinox Container: b6a73764-0270-4bc6-b2ae-f54c4a5dba79][MessageBusRegistrator:45] Message Listener Registered..com.liferaysavvy.messagebus.event.listener.MessageBusRegisteredSerialMessageListener@28ffaacd
2023-03-24 06:17:13.861 INFO  [Start Level: Equinox Container: b6a73764-0270-4bc6-b2ae-f54c4a5dba79][MessageBusRegistrator:49] Message Listener Registered..com.liferaysavvy.messagebus.event.listener.MessageBusRegisteredSynchronousMessageListener@3058ee1e
2023-03-24 06:17:13.996 INFO  [main][ModuleFrameworkImpl:1647] Started dynamic bundles
2023-03-24 06:17:14.001 INFO  [main][ModuleFrameworkImpl:1654] Starting web bundles
2023-03-24 06:17:16.499 INFO  [main][ModuleFrameworkImpl:1708] Started web bundles
2023-03-24 06:17:16.499 INFO  [main][ModuleFrameworkImpl:278] Navigate to Control Panel > System > Gogo Shell and enter "lb" to see all bundles
2023-03-24 06:17:16.515 INFO  [main][LoggingTimer:83] Starting com.liferay.portal.verify.VerifyProperties#verifySystemProperties
2023-03-24 06:17:16.515 INFO  [main][LoggingTimer:44] Completed com.liferay.portal.verify.VerifyProperties#verifySystemProperties in 0 ms
2023-03-24 06:17:16.516 INFO  [main][LoggingTimer:83] Starting com.liferay.portal.verify.VerifyProperties#verifyPortalProperties
2023-03-24 06:17:16.544 ERROR [main][VerifyProperties:182] Portal property "journal.article.form.add" is obsolete
2023-03-24 06:17:16.544 ERROR [main][VerifyProperties:182] Portal property "journal.article.form.update" is obsolete
2023-03-24 06:17:16.545 ERROR [main][VerifyProperties:182] Portal property "journal.article.form.translate" is obsolete
2023-03-24 06:17:16.545 INFO  [main][LoggingTimer:44] Completed com.liferay.portal.verify.VerifyProperties#verifyPortalProperties in 29 ms
2023-03-24 06:17:16.545 INFO  [main][LoggingTimer:83] Starting com.liferay.portal.verify.VerifyProperties#verifyDocumentLibrary
2023-03-24 06:17:16.546 INFO  [main][LoggingTimer:44] Completed com.liferay.portal.verify.VerifyProperties#verifyDocumentLibrary in 1 ms
2023-03-24 06:17:17.006 INFO  [main][LoggingTimer:83] Starting com.liferay.portal.events.StartupHelperUtil#initResourceActions
2023-03-24 06:17:17.060 INFO  [main][LoggingTimer:44] Completed com.liferay.portal.events.StartupHelperUtil#initResourceActions in 54 ms
2023-03-24 06:17:19.319 WARN  [main][SidecarManager:103] Liferay automatically starts a child process of Elasticsearch named sidecar for convenient development and demonstration purposes. Do NOT use sidecar in production. Refer to the documentation for details on the limitations of sidecar and instructions on configuring a remote Elasticsearch connection in the Control Panel.
2023-03-24 06:17:29.565 INFO  [main][Sidecar:119] Sidecar Elasticsearch liferay started at 127.0.0.1:9501
2023-03-24 06:17:32.945 INFO  [main][MessageBusEventListenerNotification:33] **********Destination Added***********liferay/search_reader/GENERIC_ENGINE
2023-03-24 06:17:32.952 INFO  [main][MessageBusEventListenerNotification:33] **********Destination Added***********liferay/search_writer/GENERIC_ENGINE
2023-03-24 06:17:32.961 INFO  [main][MessageBusEventListenerNotification:33] **********Destination Added***********liferay/search_reader/SYSTEM_ENGINE
2023-03-24 06:17:32.964 INFO  [main][MessageBusEventListenerNotification:33] **********Destination Added***********liferay/search_writer/SYSTEM_ENGINE
2023-03-24 06:17:33.665 INFO  [main][ParellelDestinationConfig:83] Destination is creared ..liferaysavvy/parallel-destination
2023-03-24 06:17:33.668 INFO  [main][MessageBusEventListenerNotification:33] **********Destination Added***********liferaysavvy/parallel-destination
2023-03-24 06:17:33.670 INFO  [main][ParellelDestinationConfig:90] Destination is registred with Service Regisration ..
2023-03-24 06:17:33.675 INFO  [main][SerialDestinationConfig:83] Destination is creared ..liferaysavvy/serial-destination
2023-03-24 06:17:33.677 INFO  [main][MessageBusEventListenerNotification:33] **********Destination Added***********liferaysavvy/serial-destination
2023-03-24 06:17:33.680 INFO  [main][SerialDestinationConfig:90] Destination is registred with Service Regisration ..
2023-03-24 06:17:33.684 INFO  [main][SynchronousDestinationConfig:83] Destination is creared ..liferaysavvy/synchronous-destination
2023-03-24 06:17:33.689 INFO  [main][DestinationListenerRegistrator:41] Message Listener Registered..com.liferaysavvy.messagebus.event.listener.DestinationRegisteredParallelMessageListener@14198e7b
2023-03-24 06:17:33.690 INFO  [main][DestinationListenerRegistrator:45] Message Listener Registered..com.liferaysavvy.messagebus.event.listener.DestinationRegisteredSerialMessageListener@2cfde13e
2023-03-24 06:17:33.692 INFO  [main][DestinationListenerRegistrator:49] Message Listener Registered..com.liferaysavvy.messagebus.event.listener.DestinationRegisteredSynchronousMessageListener@51139eee
2023-03-24 06:17:33.694 INFO  [main][MessageBusEventListenerNotification:33] **********Destination Added***********liferaysavvy/synchronous-destination
2023-03-24 06:17:33.696 INFO  [main][SynchronousDestinationConfig:90] Destination is registred with Service Regisration ..
2023-03-24 06:17:33.703 INFO  [main][MessageBusEventListenerNotification:33] **********Destination Added***********liferay/adaptive_media_processor
2023-03-24 06:17:33.712 INFO  [main][MessageBusEventListenerNotification:33] **********Destination Added***********liferay/interest_terms
2023-03-24 06:17:33.729 INFO  [main][MessageBusEventListenerNotification:33] **********Destination Added***********liferay/monitoring
2023-03-24 06:17:33.737 INFO  [main][MessageBusEventListenerNotification:33] **********Destination Added***********liferay/audit
2023-03-24 06:17:33.741 INFO  [main][MessageBusEventListenerNotification:33] **********Destination Added***********liferay/scheduled_user_ldap_import
2023-03-24 06:17:33.746 INFO  [main][MessageBusEventListenerNotification:33] **********Destination Added***********liferay/message_bus/default_response
2023-03-24 06:17:33.748 INFO  [main][MessageBusEventListenerNotification:33] **********Destination Added***********liferay/message_bus/message_status
2023-03-24 06:17:33.750 INFO  [main][MessageBusEventListenerNotification:33] **********Destination Added***********liferay/live_users
2023-03-24 06:17:33.753 INFO  [main][MessageBusEventListenerNotification:33] **********Destination Added***********liferay/document_library_audio_processor
2023-03-24 06:17:33.755 INFO  [main][MessageBusEventListenerNotification:33] **********Destination Added***********liferay/async_service
2023-03-24 06:17:33.756 INFO  [main][MessageBusEventListenerNotification:33] **********Destination Added***********liferay/layouts_local_publisher
2023-03-24 06:17:33.758 INFO  [main][MessageBusEventListenerNotification:33] **********Destination Added***********liferay/convert_process
2023-03-24 06:17:33.760 INFO  [main][MessageBusEventListenerNotification:33] **********Destination Added***********liferay/document_library_pdf_processor
2023-03-24 06:17:33.762 INFO  [main][MessageBusEventListenerNotification:33] **********Destination Added***********liferay/subscription_clean_up
2023-03-24 06:17:33.763 INFO  [main][MessageBusEventListenerNotification:33] **********Destination Added***********liferay/document_library_video_processor
2023-03-24 06:17:33.765 INFO  [main][MessageBusEventListenerNotification:33] **********Destination Added***********liferay/document_library_raw_metadata_processor
2023-03-24 06:17:33.766 INFO  [main][MessageBusEventListenerNotification:33] **********Destination Added***********liferay/document_library_image_processor
2023-03-24 06:17:33.767 INFO  [main][MessageBusEventListenerNotification:33] **********Destination Added***********liferay/message_boards_mailing_list
2023-03-24 06:17:33.769 INFO  [main][MessageBusEventListenerNotification:33] **********Destination Added***********liferay/subscription_sender
2023-03-24 06:17:33.770 INFO  [main][MessageBusEventListenerNotification:33] **********Destination Added***********liferay/hot_deploy
2023-03-24 06:17:33.771 INFO  [main][MessageBusEventListenerNotification:33] **********Destination Added***********liferay/layouts_remote_publisher
2023-03-24 06:17:33.779 INFO  [main][MessageBusEventListenerNotification:33] **********Destination Added***********liferay/poller_comet_response
2023-03-24 06:17:33.780 INFO  [main][MessageBusEventListenerNotification:33] **********Destination Added***********liferay/poller_response
2023-03-24 06:17:33.782 INFO  [main][MessageBusEventListenerNotification:33] **********Destination Added***********liferay/poller
2023-03-24 06:17:33.785 INFO  [main][MessageBusEventListenerNotification:33] **********Destination Added***********liferay/workflow_definition
2023-03-24 06:17:33.786 INFO  [main][MessageBusEventListenerNotification:33] **********Destination Added***********liferay/workflow_instance
2023-03-24 06:17:33.787 INFO  [main][MessageBusEventListenerNotification:33] **********Destination Added***********liferay/workflow_log
2023-03-24 06:17:33.788 INFO  [main][MessageBusEventListenerNotification:33] **********Destination Added***********liferay/workflow_task
2023-03-24 06:17:33.789 INFO  [main][MessageBusEventListenerNotification:33] **********Destination Added***********liferay/workflow_engine
2023-03-24 06:17:33.790 INFO  [main][MessageBusEventListenerNotification:33] **********Destination Added***********liferay/workflow_comparator
2023-03-24 06:17:33.791 INFO  [main][MessageBusEventListenerNotification:33] **********Destination Added***********liferay/workflow_status
2023-03-24 06:17:33.793 INFO  [main][MessageBusEventListenerNotification:33] **********Destination Added***********liferay/mail
2023-03-24 06:17:33.795 INFO  [main][MessageBusEventListenerNotification:33] **********Destination Added***********liferay/segments_entry_reindex
2023-03-24 06:17:33.797 INFO  [main][MessageBusEventListenerNotification:33] **********Destination Added***********liferay/analytics_messages_processor
2023-03-24 06:17:33.799 INFO  [main][MessageBusEventListenerNotification:33] **********Destination Added***********liferay/commerce_base_price_list
2023-03-24 06:17:33.800 INFO  [main][MessageBusEventListenerNotification:33] **********Destination Added***********liferay/commerce_order_status
2023-03-24 06:17:33.801 INFO  [main][MessageBusEventListenerNotification:33] **********Destination Added***********liferay/commerce_payment_status
2023-03-24 06:17:33.803 INFO  [main][MessageBusEventListenerNotification:33] **********Destination Added***********liferay/commerce_shipment_status
2023-03-24 06:17:33.804 INFO  [main][MessageBusEventListenerNotification:33] **********Destination Added***********liferay/commerce_subscription_status
2023-03-24 06:17:33.807 INFO  [main][MessageBusEventListenerNotification:33] **********Destination Added***********liferay/scripting_executor
2023-03-24 06:17:33.812 INFO  [main][MessageBusEventListenerNotification:33] **********Destination Added***********liferay/export_import_lifecycle_event_async
2023-03-24 06:17:33.815 INFO  [main][MessageBusEventListenerNotification:33] **********Destination Added***********liferay/export_import_lifecycle_event_sync
2023-03-24 06:17:33.818 INFO  [main][MessageBusEventListenerNotification:33] **********Destination Added***********liferay/tensorflow_model_download
2023-03-24 06:17:33.820 INFO  [main][MessageBusEventListenerNotification:33] **********Destination Added***********liferay/ddm_structure_reindex
2023-03-24 06:17:33.932 INFO  [main][MessageBusEventListenerNotification:33] **********Destination Added***********liferay/flags
2023-03-24 06:17:35.305 INFO  [main][StartupHelperUtil:86] There are no patches installed
2023-03-24 06:17:35.320 INFO  [main][LoggingTimer:83] Starting com.liferay.portal.events.StartupHelperUtil#initResourceActions
2023-03-24 06:17:35.338 INFO  [main][LoggingTimer:44] Completed com.liferay.portal.events.StartupHelperUtil#initResourceActions in 18 ms
2023-03-24 06:17:35.344 INFO  [main][MessageBusEventListenerNotification:33] **********Destination Added***********liferay/lcs_status
2023-03-24 06:17:35.376 INFO  [main][LicenseManager:-1] Digital Enterprise Development license validation passed
2023-03-24 06:17:36.463 INFO  [main][LicenseManager:-1] RTG Survey license validation passed
2023-03-24 06:17:36.886 INFO  [main][AutoDeployDir:176] Auto deploy scanner started for /media/root322/Data/Documents/LiferayWorkspace/bundles/deploy
2023-03-24 06:18:02.256 INFO  [com.liferay.portal.osgi.web.wab.extender.internal.WabFactory-BundleTrackerOpener][ThemeHotDeployListener:108] 1 theme for classic-theme is available for use
2023-03-24 06:18:02.353 INFO  [com.liferay.portal.osgi.web.wab.extender.internal.WabFactory-BundleTrackerOpener][ThemeHotDeployListener:108] 1 theme for dialect-theme is available for use
2023-03-24 06:18:02.456 INFO  [com.liferay.portal.osgi.web.wab.extender.internal.WabFactory-BundleTrackerOpener][ThemeHotDeployListener:108] 1 theme for speedwell-theme is available for use
2023-03-24 06:18:02.565 INFO  [com.liferay.portal.osgi.web.wab.extender.internal.WabFactory-BundleTrackerOpener][ThemeHotDeployListener:108] 1 theme for minium-theme is available for use
2023-03-24 06:18:02.688 INFO  [com.liferay.portal.osgi.web.wab.extender.internal.WabFactory-BundleTrackerOpener][ThemeHotDeployListener:108] 1 theme for admin-theme is available for use
2023-03-24 06:18:02.797 INFO  [com.liferay.portal.osgi.web.wab.extender.internal.WabFactory-BundleTrackerOpener][HookHotDeployListener:496] Hook for LangHook is available for use
2023-03-24 06:18:02.899 INFO  [com.liferay.portal.osgi.web.wab.extender.internal.WabFactory-BundleTrackerOpener][LayoutTemplateHotDeployListener:107] 1 layout template for LayoutTemplateDemo is available for use
2023-03-24 06:18:03.053 INFO  [com.liferay.portal.osgi.web.wab.extender.internal.WabFactory-BundleTrackerOpener][ThemeHotDeployListener:108] 1 theme for democlassictheme-theme is available for use
2023-03-24 06:18:03.153 INFO  [com.liferay.portal.osgi.web.wab.extender.internal.WabFactory-BundleTrackerOpener][ThemeHotDeployListener:108] 1 theme for demotheme-theme is available for use
2023-03-24 06:18:03.252 INFO  [com.liferay.portal.osgi.web.wab.extender.internal.WabFactory-BundleTrackerOpener][ThemeHotDeployListener:108] 1 theme for my-liferay-theme is available for use
2023-03-24 06:18:03.469 INFO  [com.liferay.portal.osgi.web.wab.extender.internal.WabFactory-BundleTrackerOpener][ThemeHotDeployListener:108] 1 theme for cstheme2-theme is available for use
2023-03-24 06:18:03.600 INFO  [com.liferay.portal.osgi.web.wab.extender.internal.WabFactory-BundleTrackerOpener][ThemeHotDeployListener:108] 1 theme for module-based-theme is available for use
2023-03-24 06:18:04.090 INFO  [com.liferay.portal.osgi.web.wab.extender.internal.WabFactory-BundleTrackerOpener][HookHotDeployListener:496] Hook for rtg-survey-portlet is available for use
2023-03-24 06:18:04.194 INFO  [com.liferay.portal.osgi.web.wab.extender.internal.WabFactory-BundleTrackerOpener][PortletHotDeployListener:305] 3 portlets for rtg-survey-portlet are available for use
2023-03-24 06:18:04.195 INFO  [com.liferay.portal.osgi.web.wab.extender.internal.WabFactory-BundleTrackerOpener][SocialHotDeployListener:98] Social for rtg-survey-portlet is available for use
2023-03-24 06:53:31.978 WARN  [http-nio-8000-exec-7][code_jsp:159] {code="404", msg="ProxyServlet: /o/frontend-js-aui-web/build/aui-skin-deprecated/images/loading_indicator.gif", uri=/o/frontend-js-aui-web/build/aui-skin-deprecated/images/loading_indicator.gif}
2023-03-24 06:53:31.978 WARN  [http-nio-8000-exec-8][code_jsp:159] {code="404", msg="ProxyServlet: /o/frontend-js-aui-web/build/aui-skin-deprecated/images/common/state_default_bg.png", uri=/o/frontend-js-aui-web/build/aui-skin-deprecated/images/common/state_default_bg.png}
2023-03-24 06:56:46.680 WARN  [http-nio-8000-exec-2][code_jsp:159] {code="404", msg="ProxyServlet: /o/frontend-js-aui-web/build/aui-skin-deprecated/images/common/state_default_bg.png", uri=/o/frontend-js-aui-web/build/aui-skin-deprecated/images/common/state_default_bg.png}
2023-03-24 06:56:46.680 WARN  [http-nio-8000-exec-6][code_jsp:159] {code="404", msg="ProxyServlet: /o/frontend-js-aui-web/build/aui-skin-deprecated/images/loading_indicator.gif", uri=/o/frontend-js-aui-web/build/aui-skin-deprecated/images/loading_indicator.gif}
2023-03-24 10:18:08.990 WARN  [Thread-7][PoolBase:184] HikariPool-1 - Failed to validate connection com.mysql.cj.jdbc.ConnectionImpl@55f044c4 (No operations allowed after connection closed.). Possibly consider using a shorter maxLifetime value.
2023-03-24 10:18:08.992 WARN  [Thread-7][PoolBase:184] HikariPool-1 - Failed to validate connection com.mysql.cj.jdbc.ConnectionImpl@730b8791 (No operations allowed after connection closed.). Possibly consider using a shorter maxLifetime value.
2023-03-24 10:18:08.993 WARN  [Thread-7][PoolBase:184] HikariPool-1 - Failed to validate connection com.mysql.cj.jdbc.ConnectionImpl@422bfdb (No operations allowed after connection closed.). Possibly consider using a shorter maxLifetime value.
2023-03-24 10:18:08.994 WARN  [Thread-7][PoolBase:184] HikariPool-1 - Failed to validate connection com.mysql.cj.jdbc.ConnectionImpl@a158135 (No operations allowed after connection closed.). Possibly consider using a shorter maxLifetime value.
2023-03-24 10:18:08.996 WARN  [Thread-7][PoolBase:184] HikariPool-1 - Failed to validate connection com.mysql.cj.jdbc.ConnectionImpl@5d9422d7 (No operations allowed after connection closed.). Possibly consider using a shorter maxLifetime value.
2023-03-24 10:18:08.999 WARN  [Thread-7][PoolBase:184] HikariPool-1 - Failed to validate connection com.mysql.cj.jdbc.ConnectionImpl@728c01fb (No operations allowed after connection closed.). Possibly consider using a shorter maxLifetime value.
2023-03-24 10:18:09.001 WARN  [Thread-7][PoolBase:184] HikariPool-1 - Failed to validate connection com.mysql.cj.jdbc.ConnectionImpl@63c1a416 (No operations allowed after connection closed.). Possibly consider using a shorter maxLifetime value.
2023-03-24 10:18:09.003 WARN  [Thread-7][PoolBase:184] HikariPool-1 - Failed to validate connection com.mysql.cj.jdbc.ConnectionImpl@2b14d082 (No operations allowed after connection closed.). Possibly consider using a shorter maxLifetime value.
2023-03-24 10:18:09.007 WARN  [Thread-7][PoolBase:184] HikariPool-1 - Failed to validate connection com.mysql.cj.jdbc.ConnectionImpl@496edaa1 (No operations allowed after connection closed.). Possibly consider using a shorter maxLifetime value.
