2023-05-30 06:09:32.624 INFO  [main][PortalContextLoaderListener:123] JVM arguments: -agentlib:jdwp=transport=dt_socket,address=127.0.0.1:34931,suspend=y,server=n -Dcatalina.base=/media/root322/Data/Documents/LiferayWorkspace/bundles/tomcat-9.0.56 -Dcatalina.home=/media/root322/Data/Documents/LiferayWorkspace/bundles/tomcat-9.0.56 -Dfile.encoding=UTF8 -Djava.io.tmpdir=/media/root322/Data/Documents/LiferayWorkspace/bundles/tomcat-9.0.56/temp -Djava.net.preferIPv4Stack=true -Djava.util.logging.config.file=/media/root322/Data/Documents/LiferayWorkspace/bundles/tomcat-9.0.56/conf/logging.properties -Djava.util.logging.manager=org.apache.juli.ClassLoaderLogManager -Dorg.apache.catalina.loader.WebappClassLoader.ENABLE_CLEAR_REFERENCES=false -Duser.timezone=GMT -Xmx2560m -XX:MaxMetaspaceSize=768m -XX:MetaspaceSize=768m
2023-05-30 06:09:35.049 INFO  [main][DialectDetector:153] Using dialect org.hibernate.dialect.MySQL8Dialect for MySQL 8.0
2023-05-30 06:09:38.883 INFO  [main][ModuleFrameworkImpl:1279] Starting initial bundles
2023-05-30 06:09:38.983 ERROR [Refresh Thread: Equinox Container: d7d918b9-402f-49b3-a623-d8c13e1115bf][AppResolverHook:112] Unable to resolve application 8fef06ec-9aba-432f-8f51-6d689c374bd6
java.lang.Exception: This application does not have a valid license
	at com.liferay.portal.app.license.impl.MarketplaceAppLicenseVerifier._verify(MarketplaceAppLicenseVerifier.java:228) ~[com.liferay.portal.app.license.impl.jar:?]
	at com.liferay.portal.app.license.impl.MarketplaceAppLicenseVerifier.verify(MarketplaceAppLicenseVerifier.java:92) ~[com.liferay.portal.app.license.impl.jar:?]
	at com.liferay.portal.app.license.resolver.hook.AppResolverHook._filterResolvable(AppResolverHook.java:172) ~[com.liferay.portal.app.license.resolver.hook.jar:?]
	at com.liferay.portal.app.license.resolver.hook.AppResolverHook.filterResolvable(AppResolverHook.java:104) [com.liferay.portal.app.license.resolver.hook.jar:?]
	at org.eclipse.osgi.internal.framework.OSGiFrameworkHooks$CoreResolverHookFactory$CoreResolverHook.filterResolvable(OSGiFrameworkHooks.java:279) [org.eclipse.osgi.jar:?]
	at org.eclipse.osgi.container.ModuleResolver$ResolveProcess.filterResolvable(ModuleResolver.java:1404) [org.eclipse.osgi.jar:?]
	at org.eclipse.osgi.container.ModuleResolver$ResolveProcess.resolve(ModuleResolver.java:960) [org.eclipse.osgi.jar:?]
	at org.eclipse.osgi.container.ModuleResolver.resolveDelta(ModuleResolver.java:167) [org.eclipse.osgi.jar:?]
	at org.eclipse.osgi.container.ModuleContainer.resolveAndApply(ModuleContainer.java:526) [org.eclipse.osgi.jar:?]
	at org.eclipse.osgi.container.ModuleContainer.resolve(ModuleContainer.java:484) [org.eclipse.osgi.jar:?]
	at org.eclipse.osgi.container.ModuleContainer.refresh(ModuleContainer.java:1028) [org.eclipse.osgi.jar:?]
	at org.eclipse.osgi.container.ModuleContainer$ContainerWiring.dispatchEvent(ModuleContainer.java:1409) [org.eclipse.osgi.jar:?]
	at org.eclipse.osgi.container.ModuleContainer$ContainerWiring.dispatchEvent(ModuleContainer.java:1) [org.eclipse.osgi.jar:?]
	at org.eclipse.osgi.framework.eventmgr.EventManager.dispatchEvent(EventManager.java:230) [org.eclipse.osgi.jar:?]
	at org.eclipse.osgi.framework.eventmgr.EventManager$EventThread.run(EventManager.java:340) [org.eclipse.osgi.jar:?]
2023-05-30 06:09:38.990 ERROR [Refresh Thread: Equinox Container: d7d918b9-402f-49b3-a623-d8c13e1115bf][AppResolverHook:120] Unable to resolve de.rtg.portlet.survey.api: This application does not have a valid license
2023-05-30 06:09:38.995 ERROR [Refresh Thread: Equinox Container: d7d918b9-402f-49b3-a623-d8c13e1115bf][AppResolverHook:120] Unable to resolve de.rtg.portlet.survey.service: This application does not have a valid license
2023-05-30 06:09:38.999 ERROR [Refresh Thread: Equinox Container: d7d918b9-402f-49b3-a623-d8c13e1115bf][AppResolverHook:120] Unable to resolve rtg-survey-portlet: This application does not have a valid license
2023-05-30 06:09:39.545 INFO  [ModuleFramework-Static-Bundles-8][InterpolationConfigurationPlugin:109] Configured directory for secrets: /media/root322/Data/Documents/LiferayWorkspace/bundles/osgi/configs
2023-05-30 06:09:41.011 INFO  [ModuleFramework-Static-Bundles-4][DefaultLPKGDeployer:456] Using overriding JAR bundle LPKG-Override::/media/root322/Data/Documents/LiferayWorkspace/bundles/osgi/marketplace/override/com.liferay.document.library.web.jar
2023-05-30 06:09:41.012 INFO  [ModuleFramework-Static-Bundles-4][DefaultLPKGDeployer:456] Using overriding JAR bundle LPKG-Override::/media/root322/Data/Documents/LiferayWorkspace/bundles/osgi/marketplace/override/com.liferay.portal.language.lang.jar
2023-05-30 06:09:41.106 INFO  [main][ModuleFrameworkImpl:1576] Started initial bundles
2023-05-30 06:09:41.107 INFO  [main][ModuleFrameworkImpl:1625] Starting dynamic bundles
2023-05-30 06:09:56.133 INFO  [Start Level: Equinox Container: d7d918b9-402f-49b3-a623-d8c13e1115bf][MessageBusRegistrator:41] Message Listener Registered..com.liferaysavvy.messagebus.event.listener.MessageBusRegisteredParallelMessageListener@64688803
2023-05-30 06:09:56.134 INFO  [Start Level: Equinox Container: d7d918b9-402f-49b3-a623-d8c13e1115bf][MessageBusRegistrator:45] Message Listener Registered..com.liferaysavvy.messagebus.event.listener.MessageBusRegisteredSerialMessageListener@28f2b312
2023-05-30 06:09:56.135 INFO  [Start Level: Equinox Container: d7d918b9-402f-49b3-a623-d8c13e1115bf][MessageBusRegistrator:49] Message Listener Registered..com.liferaysavvy.messagebus.event.listener.MessageBusRegisteredSynchronousMessageListener@26178bea
2023-05-30 06:09:56.322 ERROR [Framework Event Dispatcher: Equinox Container: d7d918b9-402f-49b3-a623-d8c13e1115bf][Framework:56] FrameworkEvent ERROR
com.liferay.portal.kernel.log.LogSanitizerException: org.osgi.framework.BundleException: Could not resolve module: de.rtg.portlet.survey.api [1858]_Bundle was filtered by a resolver hook._ [Sanitized]
	at org.eclipse.osgi.container.Module.start(Module.java:444) ~[org.eclipse.osgi.jar:?]
	at org.eclipse.osgi.container.ModuleContainer$ContainerStartLevel.incStartLevel(ModuleContainer.java:1682) ~[org.eclipse.osgi.jar:?]
	at org.eclipse.osgi.container.ModuleContainer$ContainerStartLevel.incStartLevel(ModuleContainer.java:1662) ~[org.eclipse.osgi.jar:?]
	at org.eclipse.osgi.container.ModuleContainer$ContainerStartLevel.doContainerStartLevel(ModuleContainer.java:1624) ~[org.eclipse.osgi.jar:?]
	at org.eclipse.osgi.container.ModuleContainer$ContainerStartLevel.dispatchEvent(ModuleContainer.java:1555) ~[org.eclipse.osgi.jar:?]
	at org.eclipse.osgi.container.ModuleContainer$ContainerStartLevel.dispatchEvent(ModuleContainer.java:1) ~[org.eclipse.osgi.jar:?]
	at org.eclipse.osgi.framework.eventmgr.EventManager.dispatchEvent(EventManager.java:230) [org.eclipse.osgi.jar:?]
	at org.eclipse.osgi.framework.eventmgr.EventManager$EventThread.run(EventManager.java:340) [org.eclipse.osgi.jar:?]
2023-05-30 06:09:56.341 ERROR [Framework Event Dispatcher: Equinox Container: d7d918b9-402f-49b3-a623-d8c13e1115bf][Framework:56] FrameworkEvent ERROR
com.liferay.portal.kernel.log.LogSanitizerException: org.osgi.framework.BundleException: Could not resolve module: de.rtg.portlet.survey.service [1859]_Bundle was filtered by a resolver hook._ [Sanitized]
	at org.eclipse.osgi.container.Module.start(Module.java:444) ~[org.eclipse.osgi.jar:?]
	at org.eclipse.osgi.container.ModuleContainer$ContainerStartLevel.incStartLevel(ModuleContainer.java:1682) ~[org.eclipse.osgi.jar:?]
	at org.eclipse.osgi.container.ModuleContainer$ContainerStartLevel.incStartLevel(ModuleContainer.java:1662) ~[org.eclipse.osgi.jar:?]
	at org.eclipse.osgi.container.ModuleContainer$ContainerStartLevel.doContainerStartLevel(ModuleContainer.java:1624) ~[org.eclipse.osgi.jar:?]
	at org.eclipse.osgi.container.ModuleContainer$ContainerStartLevel.dispatchEvent(ModuleContainer.java:1555) ~[org.eclipse.osgi.jar:?]
	at org.eclipse.osgi.container.ModuleContainer$ContainerStartLevel.dispatchEvent(ModuleContainer.java:1) ~[org.eclipse.osgi.jar:?]
	at org.eclipse.osgi.framework.eventmgr.EventManager.dispatchEvent(EventManager.java:230) [org.eclipse.osgi.jar:?]
	at org.eclipse.osgi.framework.eventmgr.EventManager$EventThread.run(EventManager.java:340) [org.eclipse.osgi.jar:?]
2023-05-30 06:09:56.358 ERROR [Framework Event Dispatcher: Equinox Container: d7d918b9-402f-49b3-a623-d8c13e1115bf][Framework:56] FrameworkEvent ERROR
com.liferay.portal.kernel.log.LogSanitizerException: org.osgi.framework.BundleException: Could not resolve module: rtg-survey-portlet [1861]_Bundle was filtered by a resolver hook._ [Sanitized]
	at org.eclipse.osgi.container.Module.start(Module.java:444) ~[org.eclipse.osgi.jar:?]
	at org.eclipse.osgi.container.ModuleContainer$ContainerStartLevel.incStartLevel(ModuleContainer.java:1682) ~[org.eclipse.osgi.jar:?]
	at org.eclipse.osgi.container.ModuleContainer$ContainerStartLevel.incStartLevel(ModuleContainer.java:1662) ~[org.eclipse.osgi.jar:?]
	at org.eclipse.osgi.container.ModuleContainer$ContainerStartLevel.doContainerStartLevel(ModuleContainer.java:1624) ~[org.eclipse.osgi.jar:?]
	at org.eclipse.osgi.container.ModuleContainer$ContainerStartLevel.dispatchEvent(ModuleContainer.java:1555) ~[org.eclipse.osgi.jar:?]
	at org.eclipse.osgi.container.ModuleContainer$ContainerStartLevel.dispatchEvent(ModuleContainer.java:1) ~[org.eclipse.osgi.jar:?]
	at org.eclipse.osgi.framework.eventmgr.EventManager.dispatchEvent(EventManager.java:230) [org.eclipse.osgi.jar:?]
	at org.eclipse.osgi.framework.eventmgr.EventManager$EventThread.run(EventManager.java:340) [org.eclipse.osgi.jar:?]
2023-05-30 06:09:56.372 INFO  [main][ModuleFrameworkImpl:1647] Started dynamic bundles
2023-05-30 06:09:56.373 INFO  [main][ModuleFrameworkImpl:1654] Starting web bundles
2023-05-30 06:09:59.167 INFO  [main][ModuleFrameworkImpl:1708] Started web bundles
2023-05-30 06:09:59.168 INFO  [main][ModuleFrameworkImpl:278] Navigate to Control Panel > System > Gogo Shell and enter "lb" to see all bundles
2023-05-30 06:09:59.180 INFO  [main][LoggingTimer:83] Starting com.liferay.portal.verify.VerifyProperties#verifySystemProperties
2023-05-30 06:09:59.180 INFO  [main][LoggingTimer:44] Completed com.liferay.portal.verify.VerifyProperties#verifySystemProperties in 1 ms
2023-05-30 06:09:59.180 INFO  [main][LoggingTimer:83] Starting com.liferay.portal.verify.VerifyProperties#verifyPortalProperties
2023-05-30 06:09:59.194 ERROR [main][VerifyProperties:182] Portal property "journal.article.form.add" is obsolete
2023-05-30 06:09:59.194 ERROR [main][VerifyProperties:182] Portal property "journal.article.form.update" is obsolete
2023-05-30 06:09:59.195 ERROR [main][VerifyProperties:182] Portal property "journal.article.form.translate" is obsolete
2023-05-30 06:09:59.195 INFO  [main][LoggingTimer:44] Completed com.liferay.portal.verify.VerifyProperties#verifyPortalProperties in 15 ms
2023-05-30 06:09:59.196 INFO  [main][LoggingTimer:83] Starting com.liferay.portal.verify.VerifyProperties#verifyDocumentLibrary
2023-05-30 06:09:59.196 INFO  [main][LoggingTimer:44] Completed com.liferay.portal.verify.VerifyProperties#verifyDocumentLibrary in 1 ms
2023-05-30 06:09:59.714 INFO  [main][LoggingTimer:83] Starting com.liferay.portal.events.StartupHelperUtil#initResourceActions
2023-05-30 06:09:59.757 INFO  [main][LoggingTimer:44] Completed com.liferay.portal.events.StartupHelperUtil#initResourceActions in 43 ms
2023-05-30 06:10:02.365 WARN  [main][SidecarManager:103] Liferay automatically starts a child process of Elasticsearch named sidecar for convenient development and demonstration purposes. Do NOT use sidecar in production. Refer to the documentation for details on the limitations of sidecar and instructions on configuring a remote Elasticsearch connection in the Control Panel.
2023-05-30 06:10:12.931 INFO  [main][Sidecar:119] Sidecar Elasticsearch liferay started at 127.0.0.1:9501
2023-05-30 06:10:16.483 INFO  [main][MessageBusEventListenerNotification:33] **********Destination Added***********liferay/search_reader/GENERIC_ENGINE
2023-05-30 06:10:16.491 INFO  [main][MessageBusEventListenerNotification:33] **********Destination Added***********liferay/search_writer/GENERIC_ENGINE
2023-05-30 06:10:16.497 INFO  [main][MessageBusEventListenerNotification:33] **********Destination Added***********liferay/commerce_base_price_list
2023-05-30 06:10:16.499 INFO  [main][MessageBusEventListenerNotification:33] **********Destination Added***********liferay/commerce_order_status
2023-05-30 06:10:16.500 INFO  [main][MessageBusEventListenerNotification:33] **********Destination Added***********liferay/commerce_payment_status
2023-05-30 06:10:16.502 INFO  [main][MessageBusEventListenerNotification:33] **********Destination Added***********liferay/commerce_shipment_status
2023-05-30 06:10:16.505 INFO  [main][MessageBusEventListenerNotification:33] **********Destination Added***********liferay/commerce_subscription_status
2023-05-30 06:10:16.509 INFO  [main][MessageBusEventListenerNotification:33] **********Destination Added***********liferay/tensorflow_model_download
2023-05-30 06:10:16.515 INFO  [main][MessageBusEventListenerNotification:33] **********Destination Added***********liferay/export_import_lifecycle_event_async
2023-05-30 06:10:16.519 INFO  [main][MessageBusEventListenerNotification:33] **********Destination Added***********liferay/export_import_lifecycle_event_sync
2023-05-30 06:10:16.524 INFO  [main][MessageBusEventListenerNotification:33] **********Destination Added***********liferay/scripting_executor
2023-05-30 06:10:16.528 INFO  [main][MessageBusEventListenerNotification:33] **********Destination Added***********liferay/scheduled_user_ldap_import
2023-05-30 06:10:16.532 INFO  [main][MessageBusEventListenerNotification:33] **********Destination Added***********liferay/audit
2023-05-30 06:10:16.537 INFO  [main][MessageBusEventListenerNotification:33] **********Destination Added***********liferay/analytics_messages_processor
2023-05-30 06:10:16.540 INFO  [main][MessageBusEventListenerNotification:33] **********Destination Added***********liferay/segments_entry_reindex
2023-05-30 06:10:16.545 INFO  [main][MessageBusEventListenerNotification:33] **********Destination Added***********liferay/ddm_structure_reindex
2023-05-30 06:10:16.552 INFO  [main][MessageBusEventListenerNotification:33] **********Destination Added***********liferay/adaptive_media_processor
2023-05-30 06:10:16.557 INFO  [main][ParellelDestinationConfig:83] Destination is creared ..liferaysavvy/parallel-destination
2023-05-30 06:10:16.559 INFO  [main][MessageBusEventListenerNotification:33] **********Destination Added***********liferaysavvy/parallel-destination
2023-05-30 06:10:16.561 INFO  [main][ParellelDestinationConfig:90] Destination is registred with Service Regisration ..
2023-05-30 06:10:16.565 INFO  [main][SerialDestinationConfig:83] Destination is creared ..liferaysavvy/serial-destination
2023-05-30 06:10:16.567 INFO  [main][MessageBusEventListenerNotification:33] **********Destination Added***********liferaysavvy/serial-destination
2023-05-30 06:10:16.568 INFO  [main][SerialDestinationConfig:90] Destination is registred with Service Regisration ..
2023-05-30 06:10:16.571 INFO  [main][SynchronousDestinationConfig:83] Destination is creared ..liferaysavvy/synchronous-destination
2023-05-30 06:10:16.576 INFO  [main][DestinationListenerRegistrator:41] Message Listener Registered..com.liferaysavvy.messagebus.event.listener.DestinationRegisteredParallelMessageListener@5402a726
2023-05-30 06:10:16.577 INFO  [main][DestinationListenerRegistrator:45] Message Listener Registered..com.liferaysavvy.messagebus.event.listener.DestinationRegisteredSerialMessageListener@78cf810d
2023-05-30 06:10:16.577 INFO  [main][DestinationListenerRegistrator:49] Message Listener Registered..com.liferaysavvy.messagebus.event.listener.DestinationRegisteredSynchronousMessageListener@43e13a93
2023-05-30 06:10:16.578 INFO  [main][MessageBusEventListenerNotification:33] **********Destination Added***********liferaysavvy/synchronous-destination
2023-05-30 06:10:16.580 INFO  [main][SynchronousDestinationConfig:90] Destination is registred with Service Regisration ..
2023-05-30 06:10:16.584 INFO  [main][MessageBusEventListenerNotification:33] **********Destination Added***********liferay/message_bus/default_response
2023-05-30 06:10:16.587 INFO  [main][MessageBusEventListenerNotification:33] **********Destination Added***********liferay/message_bus/message_status
2023-05-30 06:10:16.589 INFO  [main][MessageBusEventListenerNotification:33] **********Destination Added***********liferay/live_users
2023-05-30 06:10:16.591 INFO  [main][MessageBusEventListenerNotification:33] **********Destination Added***********liferay/document_library_audio_processor
2023-05-30 06:10:16.592 INFO  [main][MessageBusEventListenerNotification:33] **********Destination Added***********liferay/async_service
2023-05-30 06:10:16.594 INFO  [main][MessageBusEventListenerNotification:33] **********Destination Added***********liferay/layouts_local_publisher
2023-05-30 06:10:16.595 INFO  [main][MessageBusEventListenerNotification:33] **********Destination Added***********liferay/convert_process
2023-05-30 06:10:16.597 INFO  [main][MessageBusEventListenerNotification:33] **********Destination Added***********liferay/document_library_pdf_processor
2023-05-30 06:10:16.599 INFO  [main][MessageBusEventListenerNotification:33] **********Destination Added***********liferay/subscription_clean_up
2023-05-30 06:10:16.602 INFO  [main][MessageBusEventListenerNotification:33] **********Destination Added***********liferay/document_library_video_processor
2023-05-30 06:10:16.605 INFO  [main][MessageBusEventListenerNotification:33] **********Destination Added***********liferay/document_library_raw_metadata_processor
2023-05-30 06:10:16.607 INFO  [main][MessageBusEventListenerNotification:33] **********Destination Added***********liferay/document_library_image_processor
2023-05-30 06:10:16.608 INFO  [main][MessageBusEventListenerNotification:33] **********Destination Added***********liferay/message_boards_mailing_list
2023-05-30 06:10:16.610 INFO  [main][MessageBusEventListenerNotification:33] **********Destination Added***********liferay/subscription_sender
2023-05-30 06:10:16.612 INFO  [main][MessageBusEventListenerNotification:33] **********Destination Added***********liferay/hot_deploy
2023-05-30 06:10:16.614 INFO  [main][MessageBusEventListenerNotification:33] **********Destination Added***********liferay/layouts_remote_publisher
2023-05-30 06:10:16.623 INFO  [main][MessageBusEventListenerNotification:33] **********Destination Added***********liferay/poller_comet_response
2023-05-30 06:10:16.624 INFO  [main][MessageBusEventListenerNotification:33] **********Destination Added***********liferay/poller_response
2023-05-30 06:10:16.626 INFO  [main][MessageBusEventListenerNotification:33] **********Destination Added***********liferay/poller
2023-05-30 06:10:16.630 INFO  [main][MessageBusEventListenerNotification:33] **********Destination Added***********liferay/workflow_definition
2023-05-30 06:10:16.631 INFO  [main][MessageBusEventListenerNotification:33] **********Destination Added***********liferay/workflow_instance
2023-05-30 06:10:16.632 INFO  [main][MessageBusEventListenerNotification:33] **********Destination Added***********liferay/workflow_log
2023-05-30 06:10:16.634 INFO  [main][MessageBusEventListenerNotification:33] **********Destination Added***********liferay/workflow_task
2023-05-30 06:10:16.636 INFO  [main][MessageBusEventListenerNotification:33] **********Destination Added***********liferay/workflow_engine
2023-05-30 06:10:16.637 INFO  [main][MessageBusEventListenerNotification:33] **********Destination Added***********liferay/workflow_comparator
2023-05-30 06:10:16.638 INFO  [main][MessageBusEventListenerNotification:33] **********Destination Added***********liferay/workflow_status
2023-05-30 06:10:16.640 INFO  [main][MessageBusEventListenerNotification:33] **********Destination Added***********liferay/mail
2023-05-30 06:10:16.646 INFO  [main][MessageBusEventListenerNotification:33] **********Destination Added***********liferay/interest_terms
2023-05-30 06:10:16.653 INFO  [main][MessageBusEventListenerNotification:33] **********Destination Added***********liferay/search_reader/SYSTEM_ENGINE
2023-05-30 06:10:16.655 INFO  [main][MessageBusEventListenerNotification:33] **********Destination Added***********liferay/search_writer/SYSTEM_ENGINE
2023-05-30 06:10:18.030 INFO  [main][MessageBusEventListenerNotification:33] **********Destination Added***********liferay/monitoring
2023-05-30 06:10:18.436 INFO  [main][MessageBusEventListenerNotification:33] **********Destination Added***********liferay/flags
2023-05-30 06:10:20.951 INFO  [main][StartupHelperUtil:86] There are no patches installed
2023-05-30 06:10:20.976 INFO  [main][LoggingTimer:83] Starting com.liferay.portal.events.StartupHelperUtil#initResourceActions
2023-05-30 06:10:21.014 INFO  [main][LoggingTimer:44] Completed com.liferay.portal.events.StartupHelperUtil#initResourceActions in 38 ms
2023-05-30 06:10:21.019 INFO  [main][MessageBusEventListenerNotification:33] **********Destination Added***********liferay/lcs_status
2023-05-30 06:10:21.043 INFO  [main][LicenseManager:-1] Digital Enterprise Development license validation passed
2023-05-30 06:10:22.218 INFO  [main][AutoDeployDir:176] Auto deploy scanner started for /media/root322/Data/Documents/LiferayWorkspace/bundles/deploy
2023-05-30 06:11:17.415 INFO  [com.liferay.portal.osgi.web.wab.extender.internal.WabFactory-BundleTrackerOpener][ThemeHotDeployListener:108] 1 theme for classic-theme is available for use
2023-05-30 06:11:17.629 INFO  [com.liferay.portal.osgi.web.wab.extender.internal.WabFactory-BundleTrackerOpener][ThemeHotDeployListener:108] 1 theme for dialect-theme is available for use
2023-05-30 06:11:17.890 INFO  [com.liferay.portal.osgi.web.wab.extender.internal.WabFactory-BundleTrackerOpener][ThemeHotDeployListener:108] 1 theme for speedwell-theme is available for use
2023-05-30 06:11:18.097 INFO  [com.liferay.portal.osgi.web.wab.extender.internal.WabFactory-BundleTrackerOpener][ThemeHotDeployListener:108] 1 theme for minium-theme is available for use
2023-05-30 06:11:18.235 INFO  [com.liferay.portal.osgi.web.wab.extender.internal.WabFactory-BundleTrackerOpener][ThemeHotDeployListener:108] 1 theme for admin-theme is available for use
2023-05-30 06:11:18.460 INFO  [com.liferay.portal.osgi.web.wab.extender.internal.WabFactory-BundleTrackerOpener][HookHotDeployListener:496] Hook for LangHook is available for use
2023-05-30 06:11:18.689 INFO  [com.liferay.portal.osgi.web.wab.extender.internal.WabFactory-BundleTrackerOpener][LayoutTemplateHotDeployListener:107] 1 layout template for LayoutTemplateDemo is available for use
2023-05-30 06:11:18.835 INFO  [com.liferay.portal.osgi.web.wab.extender.internal.WabFactory-BundleTrackerOpener][ThemeHotDeployListener:108] 1 theme for democlassictheme-theme is available for use
2023-05-30 06:11:19.014 INFO  [com.liferay.portal.osgi.web.wab.extender.internal.WabFactory-BundleTrackerOpener][ThemeHotDeployListener:108] 1 theme for demotheme-theme is available for use
2023-05-30 06:11:19.159 INFO  [com.liferay.portal.osgi.web.wab.extender.internal.WabFactory-BundleTrackerOpener][ThemeHotDeployListener:108] 1 theme for my-liferay-theme is available for use
2023-05-30 06:11:19.667 INFO  [com.liferay.portal.osgi.web.wab.extender.internal.WabFactory-BundleTrackerOpener][ThemeHotDeployListener:108] 1 theme for cstheme2-theme is available for use
2023-05-30 06:11:19.968 INFO  [com.liferay.portal.osgi.web.wab.extender.internal.WabFactory-BundleTrackerOpener][ThemeHotDeployListener:108] 1 theme for module-based-theme is available for use
2023-05-30 06:16:41.985 WARN  [http-nio-8000-exec-4][code_jsp:159] {code="404", msg="ProxyServlet: /o/site-initializer-brijesh/thumbnail.png", uri=/o/site-initializer-brijesh/thumbnail.png}
2023-05-30 06:16:41.987 WARN  [http-nio-8000-exec-2][code_jsp:159] {code="404", msg="ProxyServlet: /o/site-initializer/thumbnail.png", uri=/o/site-initializer/thumbnail.png}
2023-05-30 06:16:42.040 WARN  [http-nio-8000-exec-3][code_jsp:159] {code="404", msg="ProxyServlet: /o/site-initializer-demo/thumbnail.png", uri=/o/site-initializer-demo/thumbnail.png}
2023-05-30 06:16:42.232 WARN  [http-nio-8000-exec-9][code_jsp:159] {code="404", msg="ProxyServlet: /o/site-initializer-brijesh/thumbnail.png", uri=/o/site-initializer-brijesh/thumbnail.png}
2023-05-30 06:16:42.232 WARN  [http-nio-8000-exec-6][code_jsp:159] {code="404", msg="ProxyServlet: /o/site-initializer/thumbnail.png", uri=/o/site-initializer/thumbnail.png}
2023-05-30 06:16:42.234 WARN  [http-nio-8000-exec-8][code_jsp:159] {code="404", msg="ProxyServlet: /o/site-initializer-demo/thumbnail.png", uri=/o/site-initializer-demo/thumbnail.png}
2023-05-30 06:23:10.046 WARN  [HikariPool-1 housekeeper][HikariPool:788] HikariPool-1 - Thread starvation or clock leap detected (housekeeper delta=1m5s282ms777µs754ns).
2023-05-30 06:23:10.046 WARN  [HikariPool-2 housekeeper][HikariPool:788] HikariPool-2 - Thread starvation or clock leap detected (housekeeper delta=1m31s535ms120µs648ns).
2023-05-30 06:45:00.648 INFO  [fileinstall-directory-watcher][BundleStartStopLogger:77] STARTED calendarrenderoverride_1.0.0 [1871]
2023-05-30 07:05:50.441 INFO  [fileinstall-directory-watcher][BundleStartStopLogger:80] STOPPED calendarrenderoverride_1.0.0 [1871]
2023-05-30 07:05:51.204 INFO  [Refresh Thread: Equinox Container: d7d918b9-402f-49b3-a623-d8c13e1115bf][BundleStartStopLogger:77] STARTED calendarrenderoverride_1.0.0 [1871]
2023-05-30 07:15:33.412 WARN  [HikariPool-1 housekeeper][HikariPool:788] HikariPool-1 - Thread starvation or clock leap detected (housekeeper delta=1m31s592ms348µs844ns).
2023-05-30 07:15:33.412 WARN  [HikariPool-2 housekeeper][HikariPool:788] HikariPool-2 - Thread starvation or clock leap detected (housekeeper delta=1m31s592ms701µs405ns).
2023-05-30 07:31:16.701 INFO  [fileinstall-directory-watcher][BundleStartStopLogger:80] STOPPED calendarserviceoverride_1.0.0 [1866]
2023-05-30 07:31:17.441 INFO  [Refresh Thread: Equinox Container: d7d918b9-402f-49b3-a623-d8c13e1115bf][BundleStartStopLogger:77] STARTED calendarserviceoverride_1.0.0 [1866]
2023-05-30 07:34:15.963 WARN  [HikariPool-2 housekeeper][HikariPool:788] HikariPool-2 - Thread starvation or clock leap detected (housekeeper delta=1m18s203ms465µs669ns).
2023-05-30 07:34:15.963 WARN  [HikariPool-1 housekeeper][HikariPool:788] HikariPool-1 - Thread starvation or clock leap detected (housekeeper delta=1m18s201ms874µs552ns).
2023-05-30 08:55:52.317 INFO  [fileinstall-directory-watcher][BundleStartStopLogger:80] STOPPED calendarserviceoverride_1.0.0 [1866]
2023-05-30 08:55:53.055 INFO  [Refresh Thread: Equinox Container: d7d918b9-402f-49b3-a623-d8c13e1115bf][BundleStartStopLogger:77] STARTED calendarserviceoverride_1.0.0 [1866]
2023-05-30 08:58:40.935 INFO  [fileinstall-directory-watcher][BundleStartStopLogger:80] STOPPED calendarserviceoverride_1.0.0 [1866]
2023-05-30 08:58:41.611 INFO  [Refresh Thread: Equinox Container: d7d918b9-402f-49b3-a623-d8c13e1115bf][BundleStartStopLogger:77] STARTED calendarserviceoverride_1.0.0 [1866]
2023-05-30 09:03:13.757 INFO  [fileinstall-directory-watcher][BundleStartStopLogger:80] STOPPED calendarserviceoverride_1.0.0 [1866]
2023-05-30 09:03:15.038 INFO  [Refresh Thread: Equinox Container: d7d918b9-402f-49b3-a623-d8c13e1115bf][BundleStartStopLogger:77] STARTED calendarserviceoverride_1.0.0 [1866]
2023-05-30 09:03:35.073 INFO  [fileinstall-directory-watcher][BundleStartStopLogger:80] STOPPED calendarserviceoverride_1.0.0 [1866]
2023-05-30 09:03:35.853 INFO  [Refresh Thread: Equinox Container: d7d918b9-402f-49b3-a623-d8c13e1115bf][BundleStartStopLogger:77] STARTED calendarserviceoverride_1.0.0 [1866]
2023-05-30 09:04:27.963 INFO  [fileinstall-directory-watcher][BundleStartStopLogger:80] STOPPED calendarserviceoverride_1.0.0 [1866]
2023-05-30 09:04:28.844 INFO  [Refresh Thread: Equinox Container: d7d918b9-402f-49b3-a623-d8c13e1115bf][BundleStartStopLogger:77] STARTED calendarserviceoverride_1.0.0 [1866]
2023-05-30 09:07:50.409 WARN  [HikariPool-1 housekeeper][HikariPool:788] HikariPool-1 - Thread starvation or clock leap detected (housekeeper delta=58s441ms997µs781ns).
2023-05-30 09:07:50.409 WARN  [HikariPool-2 housekeeper][HikariPool:788] HikariPool-2 - Thread starvation or clock leap detected (housekeeper delta=58s442ms566µs757ns).
2023-05-30 09:14:36.122 WARN  [HikariPool-1 housekeeper][HikariPool:788] HikariPool-1 - Thread starvation or clock leap detected (housekeeper delta=5m15s699ms880µs702ns).
2023-05-30 09:14:36.126 WARN  [HikariPool-2 housekeeper][HikariPool:788] HikariPool-2 - Thread starvation or clock leap detected (housekeeper delta=5m15s716ms80µs401ns).
2023-05-30 09:14:41.150 INFO  [fileinstall-directory-watcher][BundleStartStopLogger:80] STOPPED calendarserviceoverride_1.0.0 [1866]
2023-05-30 09:14:42.379 INFO  [Refresh Thread: Equinox Container: d7d918b9-402f-49b3-a623-d8c13e1115bf][BundleStartStopLogger:77] STARTED calendarserviceoverride_1.0.0 [1866]
2023-05-30 09:16:25.709 WARN  [HikariPool-2 housekeeper][HikariPool:788] HikariPool-2 - Thread starvation or clock leap detected (housekeeper delta=48s26ms881µs549ns).
2023-05-30 09:16:25.710 WARN  [HikariPool-1 housekeeper][HikariPool:788] HikariPool-1 - Thread starvation or clock leap detected (housekeeper delta=48s25ms342µs8ns).
2023-05-30 09:17:17.595 WARN  [HikariPool-2 housekeeper][HikariPool:788] HikariPool-2 - Thread starvation or clock leap detected (housekeeper delta=51s886ms269µs776ns).
2023-05-30 09:17:18.156 WARN  [HikariPool-1 housekeeper][HikariPool:788] HikariPool-1 - Thread starvation or clock leap detected (housekeeper delta=51s886ms354µs437ns).
2023-05-30 09:30:55.327 WARN  [HikariPool-1 housekeeper][HikariPool:788] HikariPool-1 - Thread starvation or clock leap detected (housekeeper delta=1m19s499ms448µs489ns).
2023-05-30 09:30:55.327 WARN  [HikariPool-2 housekeeper][HikariPool:788] HikariPool-2 - Thread starvation or clock leap detected (housekeeper delta=1m19s499ms577µs602ns).
2023-05-30 12:35:06.793 INFO  [fileinstall-directory-watcher][BundleStartStopLogger:80] STOPPED calendarserviceoverride_1.0.0 [1866]
2023-05-30 12:35:07.495 INFO  [Refresh Thread: Equinox Container: d7d918b9-402f-49b3-a623-d8c13e1115bf][BundleStartStopLogger:77] STARTED calendarserviceoverride_1.0.0 [1866]
2023-05-30 13:43:36.512 INFO  [Thread-7][ThemeHotDeployListener:171] 1 theme for module-based-theme was unregistered
2023-05-30 13:43:36.560 INFO  [Thread-7][ThemeHotDeployListener:171] 1 theme for cstheme2-theme was unregistered
2023-05-30 13:43:36.586 INFO  [Thread-7][ThemeHotDeployListener:171] 1 theme for my-liferay-theme was unregistered
2023-05-30 13:43:36.614 INFO  [Thread-7][ThemeHotDeployListener:171] 1 theme for demotheme-theme was unregistered
2023-05-30 13:43:36.659 INFO  [Thread-7][ThemeHotDeployListener:171] 1 theme for democlassictheme-theme was unregistered
2023-05-30 13:43:36.682 INFO  [Thread-7][LayoutTemplateHotDeployListener:156] 1 layout template for LayoutTemplateDemo was unregistered
2023-05-30 13:43:36.717 INFO  [Thread-7][HookHotDeployListener:544] Hook for LangHook was unregistered
2023-05-30 13:43:36.739 INFO  [Thread-7][ThemeHotDeployListener:171] 1 theme for admin-theme was unregistered
2023-05-30 13:43:36.763 INFO  [Thread-7][ThemeHotDeployListener:171] 1 theme for minium-theme was unregistered
2023-05-30 13:43:36.789 INFO  [Thread-7][ThemeHotDeployListener:171] 1 theme for speedwell-theme was unregistered
2023-05-30 13:43:36.813 INFO  [Thread-7][ThemeHotDeployListener:171] 1 theme for dialect-theme was unregistered
2023-05-30 13:43:36.834 INFO  [Thread-7][ThemeHotDeployListener:171] 1 theme for classic-theme was unregistered
