2023-03-13 05:38:32.879 INFO  [main][PortalContextLoaderListener:123] JVM arguments: -Dcatalina.base=/media/root322/Data/Documents/LiferayWorkspace/bundles/tomcat-9.0.56 -Dcatalina.home=/media/root322/Data/Documents/LiferayWorkspace/bundles/tomcat-9.0.56 -Dfile.encoding=UTF8 -Djava.io.tmpdir=/media/root322/Data/Documents/LiferayWorkspace/bundles/tomcat-9.0.56/temp -Djava.net.preferIPv4Stack=true -Djava.util.logging.config.file=/media/root322/Data/Documents/LiferayWorkspace/bundles/tomcat-9.0.56/conf/logging.properties -Djava.util.logging.manager=org.apache.juli.ClassLoaderLogManager -Dorg.apache.catalina.loader.WebappClassLoader.ENABLE_CLEAR_REFERENCES=false -Duser.timezone=GMT -Xmx2560m -XX:MaxMetaspaceSize=768m -XX:MetaspaceSize=768m -javaagent:/snap/intellij-idea-ultimate/418/lib/idea_rt.jar=36111:/snap/intellij-idea-ultimate/418/bin
2023-03-13 05:38:35.686 INFO  [main][DialectDetector:153] Using dialect org.hibernate.dialect.MySQL8Dialect for MySQL 8.0
2023-03-13 05:38:39.062 INFO  [main][ModuleFrameworkImpl:1279] Starting initial bundles
2023-03-13 05:38:39.498 INFO  [ModuleFramework-Static-Bundles-2][InterpolationConfigurationPlugin:109] Configured directory for secrets: /media/root322/Data/Documents/LiferayWorkspace/bundles/osgi/configs
2023-03-13 05:38:40.695 INFO  [ModuleFramework-Static-Bundles-7][DefaultLPKGDeployer:456] Using overriding JAR bundle LPKG-Override::/media/root322/Data/Documents/LiferayWorkspace/bundles/osgi/marketplace/override/com.liferay.document.library.web.jar
2023-03-13 05:38:40.696 INFO  [ModuleFramework-Static-Bundles-7][DefaultLPKGDeployer:456] Using overriding JAR bundle LPKG-Override::/media/root322/Data/Documents/LiferayWorkspace/bundles/osgi/marketplace/override/com.liferay.portal.language.lang.jar
2023-03-13 05:38:40.953 INFO  [main][ModuleFrameworkImpl:1576] Started initial bundles
2023-03-13 05:38:40.953 INFO  [main][ModuleFrameworkImpl:1625] Starting dynamic bundles
2023-03-13 05:38:55.919 INFO  [Start Level: Equinox Container: 2a8bb98f-c04e-4e61-ae6d-b8996e128c98][MessageBusRegistrator:41] Message Listener Registered..com.liferaysavvy.messagebus.event.listener.MessageBusRegisteredParallelMessageListener@11f8af3f
2023-03-13 05:38:55.920 INFO  [Start Level: Equinox Container: 2a8bb98f-c04e-4e61-ae6d-b8996e128c98][MessageBusRegistrator:45] Message Listener Registered..com.liferaysavvy.messagebus.event.listener.MessageBusRegisteredSerialMessageListener@48b62da5
2023-03-13 05:38:55.921 INFO  [Start Level: Equinox Container: 2a8bb98f-c04e-4e61-ae6d-b8996e128c98][MessageBusRegistrator:49] Message Listener Registered..com.liferaysavvy.messagebus.event.listener.MessageBusRegisteredSynchronousMessageListener@5bb8e0bb
2023-03-13 05:38:56.018 INFO  [main][ModuleFrameworkImpl:1647] Started dynamic bundles
2023-03-13 05:38:56.018 INFO  [main][ModuleFrameworkImpl:1654] Starting web bundles
2023-03-13 05:38:58.555 INFO  [main][ModuleFrameworkImpl:1708] Started web bundles
2023-03-13 05:38:58.556 INFO  [main][ModuleFrameworkImpl:278] Navigate to Control Panel > System > Gogo Shell and enter "lb" to see all bundles
2023-03-13 05:38:58.567 INFO  [main][LoggingTimer:83] Starting com.liferay.portal.verify.VerifyProperties#verifySystemProperties
2023-03-13 05:38:58.568 INFO  [main][LoggingTimer:44] Completed com.liferay.portal.verify.VerifyProperties#verifySystemProperties in 1 ms
2023-03-13 05:38:58.569 INFO  [main][LoggingTimer:83] Starting com.liferay.portal.verify.VerifyProperties#verifyPortalProperties
2023-03-13 05:38:58.588 ERROR [main][VerifyProperties:182] Portal property "journal.article.form.add" is obsolete
2023-03-13 05:38:58.588 ERROR [main][VerifyProperties:182] Portal property "journal.article.form.update" is obsolete
2023-03-13 05:38:58.588 ERROR [main][VerifyProperties:182] Portal property "journal.article.form.translate" is obsolete
2023-03-13 05:38:58.589 INFO  [main][LoggingTimer:44] Completed com.liferay.portal.verify.VerifyProperties#verifyPortalProperties in 20 ms
2023-03-13 05:38:58.589 INFO  [main][LoggingTimer:83] Starting com.liferay.portal.verify.VerifyProperties#verifyDocumentLibrary
2023-03-13 05:38:58.590 INFO  [main][LoggingTimer:44] Completed com.liferay.portal.verify.VerifyProperties#verifyDocumentLibrary in 1 ms
2023-03-13 05:38:59.016 INFO  [main][LoggingTimer:83] Starting com.liferay.portal.events.StartupHelperUtil#initResourceActions
2023-03-13 05:38:59.056 INFO  [main][LoggingTimer:44] Completed com.liferay.portal.events.StartupHelperUtil#initResourceActions in 40 ms
2023-03-13 05:39:01.448 WARN  [main][SidecarManager:103] Liferay automatically starts a child process of Elasticsearch named sidecar for convenient development and demonstration purposes. Do NOT use sidecar in production. Refer to the documentation for details on the limitations of sidecar and instructions on configuring a remote Elasticsearch connection in the Control Panel.
2023-03-13 05:39:12.600 INFO  [main][Sidecar:119] Sidecar Elasticsearch liferay started at 127.0.0.1:9501
2023-03-13 05:39:15.915 INFO  [main][MessageBusEventListenerNotification:33] **********Destination Added***********liferay/interest_terms
2023-03-13 05:39:15.923 INFO  [main][MessageBusEventListenerNotification:33] **********Destination Added***********liferay/search_reader/GENERIC_ENGINE
2023-03-13 05:39:15.926 INFO  [main][MessageBusEventListenerNotification:33] **********Destination Added***********liferay/search_writer/GENERIC_ENGINE
2023-03-13 05:39:15.930 INFO  [main][MessageBusEventListenerNotification:33] **********Destination Added***********liferay/commerce_base_price_list
2023-03-13 05:39:15.931 INFO  [main][MessageBusEventListenerNotification:33] **********Destination Added***********liferay/commerce_order_status
2023-03-13 05:39:15.933 INFO  [main][MessageBusEventListenerNotification:33] **********Destination Added***********liferay/commerce_payment_status
2023-03-13 05:39:15.934 INFO  [main][MessageBusEventListenerNotification:33] **********Destination Added***********liferay/commerce_shipment_status
2023-03-13 05:39:15.936 INFO  [main][MessageBusEventListenerNotification:33] **********Destination Added***********liferay/commerce_subscription_status
2023-03-13 05:39:15.939 INFO  [main][ParellelDestinationConfig:83] Destination is creared ..liferaysavvy/parallel-destination
2023-03-13 05:39:15.940 INFO  [main][MessageBusEventListenerNotification:33] **********Destination Added***********liferaysavvy/parallel-destination
2023-03-13 05:39:15.941 INFO  [main][ParellelDestinationConfig:90] Destination is registred with Service Regisration ..
2023-03-13 05:39:15.944 INFO  [main][SerialDestinationConfig:83] Destination is creared ..liferaysavvy/serial-destination
2023-03-13 05:39:15.945 INFO  [main][MessageBusEventListenerNotification:33] **********Destination Added***********liferaysavvy/serial-destination
2023-03-13 05:39:15.950 INFO  [main][SerialDestinationConfig:90] Destination is registred with Service Regisration ..
2023-03-13 05:39:15.953 INFO  [main][SynchronousDestinationConfig:83] Destination is creared ..liferaysavvy/synchronous-destination
2023-03-13 05:39:15.954 INFO  [main][MessageBusEventListenerNotification:33] **********Destination Added***********liferaysavvy/synchronous-destination
2023-03-13 05:39:15.956 INFO  [main][DestinationListenerRegistrator:41] Message Listener Registered..com.liferaysavvy.messagebus.event.listener.DestinationRegisteredParallelMessageListener@5e6d186c
2023-03-13 05:39:15.961 INFO  [main][DestinationListenerRegistrator:45] Message Listener Registered..com.liferaysavvy.messagebus.event.listener.DestinationRegisteredSerialMessageListener@4994eac3
2023-03-13 05:39:15.962 INFO  [main][DestinationListenerRegistrator:49] Message Listener Registered..com.liferaysavvy.messagebus.event.listener.DestinationRegisteredSynchronousMessageListener@6cc74fbd
2023-03-13 05:39:15.963 INFO  [main][SynchronousDestinationConfig:90] Destination is registred with Service Regisration ..
2023-03-13 05:39:15.965 INFO  [main][MessageBusEventListenerNotification:33] **********Destination Added***********liferay/message_bus/default_response
2023-03-13 05:39:15.967 INFO  [main][MessageBusEventListenerNotification:33] **********Destination Added***********liferay/message_bus/message_status
2023-03-13 05:39:15.970 INFO  [main][MessageBusEventListenerNotification:33] **********Destination Added***********liferay/live_users
2023-03-13 05:39:15.971 INFO  [main][MessageBusEventListenerNotification:33] **********Destination Added***********liferay/document_library_audio_processor
2023-03-13 05:39:15.973 INFO  [main][MessageBusEventListenerNotification:33] **********Destination Added***********liferay/async_service
2023-03-13 05:39:15.975 INFO  [main][MessageBusEventListenerNotification:33] **********Destination Added***********liferay/layouts_local_publisher
2023-03-13 05:39:15.976 INFO  [main][MessageBusEventListenerNotification:33] **********Destination Added***********liferay/convert_process
2023-03-13 05:39:15.978 INFO  [main][MessageBusEventListenerNotification:33] **********Destination Added***********liferay/document_library_pdf_processor
2023-03-13 05:39:15.981 INFO  [main][MessageBusEventListenerNotification:33] **********Destination Added***********liferay/subscription_clean_up
2023-03-13 05:39:15.983 INFO  [main][MessageBusEventListenerNotification:33] **********Destination Added***********liferay/document_library_video_processor
2023-03-13 05:39:15.987 INFO  [main][MessageBusEventListenerNotification:33] **********Destination Added***********liferay/document_library_raw_metadata_processor
2023-03-13 05:39:15.989 INFO  [main][MessageBusEventListenerNotification:33] **********Destination Added***********liferay/document_library_image_processor
2023-03-13 05:39:15.992 INFO  [main][MessageBusEventListenerNotification:33] **********Destination Added***********liferay/message_boards_mailing_list
2023-03-13 05:39:15.995 INFO  [main][MessageBusEventListenerNotification:33] **********Destination Added***********liferay/subscription_sender
2023-03-13 05:39:15.998 INFO  [main][MessageBusEventListenerNotification:33] **********Destination Added***********liferay/hot_deploy
2023-03-13 05:39:16.001 INFO  [main][MessageBusEventListenerNotification:33] **********Destination Added***********liferay/layouts_remote_publisher
2023-03-13 05:39:16.014 INFO  [main][MessageBusEventListenerNotification:33] **********Destination Added***********liferay/poller_comet_response
2023-03-13 05:39:16.016 INFO  [main][MessageBusEventListenerNotification:33] **********Destination Added***********liferay/poller_response
2023-03-13 05:39:16.018 INFO  [main][MessageBusEventListenerNotification:33] **********Destination Added***********liferay/poller
2023-03-13 05:39:16.023 INFO  [main][MessageBusEventListenerNotification:33] **********Destination Added***********liferay/workflow_definition
2023-03-13 05:39:16.025 INFO  [main][MessageBusEventListenerNotification:33] **********Destination Added***********liferay/workflow_instance
2023-03-13 05:39:16.026 INFO  [main][MessageBusEventListenerNotification:33] **********Destination Added***********liferay/workflow_log
2023-03-13 05:39:16.027 INFO  [main][MessageBusEventListenerNotification:33] **********Destination Added***********liferay/workflow_task
2023-03-13 05:39:16.029 INFO  [main][MessageBusEventListenerNotification:33] **********Destination Added***********liferay/workflow_engine
2023-03-13 05:39:16.031 INFO  [main][MessageBusEventListenerNotification:33] **********Destination Added***********liferay/workflow_comparator
2023-03-13 05:39:16.032 INFO  [main][MessageBusEventListenerNotification:33] **********Destination Added***********liferay/workflow_status
2023-03-13 05:39:16.034 INFO  [main][MessageBusEventListenerNotification:33] **********Destination Added***********liferay/mail
2023-03-13 05:39:16.038 INFO  [main][MessageBusEventListenerNotification:33] **********Destination Added***********liferay/tensorflow_model_download
2023-03-13 05:39:16.040 INFO  [main][MessageBusEventListenerNotification:33] **********Destination Added***********liferay/analytics_messages_processor
2023-03-13 05:39:16.046 INFO  [main][MessageBusEventListenerNotification:33] **********Destination Added***********liferay/search_reader/SYSTEM_ENGINE
2023-03-13 05:39:16.048 INFO  [main][MessageBusEventListenerNotification:33] **********Destination Added***********liferay/search_writer/SYSTEM_ENGINE
2023-03-13 05:39:16.839 INFO  [main][MessageBusEventListenerNotification:33] **********Destination Added***********liferay/ddm_structure_reindex
2023-03-13 05:39:16.842 INFO  [main][MessageBusEventListenerNotification:33] **********Destination Added***********liferay/scripting_executor
2023-03-13 05:39:16.847 INFO  [main][MessageBusEventListenerNotification:33] **********Destination Added***********liferay/export_import_lifecycle_event_async
2023-03-13 05:39:16.850 INFO  [main][MessageBusEventListenerNotification:33] **********Destination Added***********liferay/export_import_lifecycle_event_sync
2023-03-13 05:39:16.855 INFO  [main][MessageBusEventListenerNotification:33] **********Destination Added***********liferay/monitoring
2023-03-13 05:39:16.864 INFO  [main][MessageBusEventListenerNotification:33] **********Destination Added***********liferay/segments_entry_reindex
2023-03-13 05:39:16.867 INFO  [main][MessageBusEventListenerNotification:33] **********Destination Added***********liferay/scheduled_user_ldap_import
2023-03-13 05:39:16.872 INFO  [main][MessageBusEventListenerNotification:33] **********Destination Added***********liferay/adaptive_media_processor
2023-03-13 05:39:16.876 INFO  [main][MessageBusEventListenerNotification:33] **********Destination Added***********liferay/audit
2023-03-13 05:39:17.263 INFO  [main][MessageBusEventListenerNotification:33] **********Destination Added***********liferay/flags
2023-03-13 05:39:18.871 INFO  [main][StartupHelperUtil:86] There are no patches installed
2023-03-13 05:39:18.888 INFO  [main][LoggingTimer:83] Starting com.liferay.portal.events.StartupHelperUtil#initResourceActions
2023-03-13 05:39:18.915 INFO  [main][LoggingTimer:44] Completed com.liferay.portal.events.StartupHelperUtil#initResourceActions in 27 ms
2023-03-13 05:39:18.922 INFO  [main][MessageBusEventListenerNotification:33] **********Destination Added***********liferay/lcs_status
2023-03-13 05:39:18.960 INFO  [main][LicenseManager:-1] Digital Enterprise Development license validation passed
2023-03-13 05:39:19.530 INFO  [main][AutoDeployDir:176] Auto deploy scanner started for /media/root322/Data/Documents/LiferayWorkspace/bundles/deploy
2023-03-13 05:39:47.480 INFO  [com.liferay.portal.osgi.web.wab.extender.internal.WabFactory-BundleTrackerOpener][ThemeHotDeployListener:108] 1 theme for classic-theme is available for use
2023-03-13 05:39:47.564 INFO  [com.liferay.portal.osgi.web.wab.extender.internal.WabFactory-BundleTrackerOpener][ThemeHotDeployListener:108] 1 theme for dialect-theme is available for use
2023-03-13 05:39:47.668 INFO  [com.liferay.portal.osgi.web.wab.extender.internal.WabFactory-BundleTrackerOpener][ThemeHotDeployListener:108] 1 theme for speedwell-theme is available for use
2023-03-13 05:39:47.767 INFO  [com.liferay.portal.osgi.web.wab.extender.internal.WabFactory-BundleTrackerOpener][ThemeHotDeployListener:108] 1 theme for minium-theme is available for use
2023-03-13 05:39:47.836 INFO  [com.liferay.portal.osgi.web.wab.extender.internal.WabFactory-BundleTrackerOpener][ThemeHotDeployListener:108] 1 theme for admin-theme is available for use
2023-03-13 05:39:47.930 INFO  [com.liferay.portal.osgi.web.wab.extender.internal.WabFactory-BundleTrackerOpener][HookHotDeployListener:496] Hook for LangHook is available for use
2023-03-13 05:39:48.015 INFO  [com.liferay.portal.osgi.web.wab.extender.internal.WabFactory-BundleTrackerOpener][LayoutTemplateHotDeployListener:107] 1 layout template for LayoutTemplateDemo is available for use
2023-03-13 05:39:48.087 INFO  [com.liferay.portal.osgi.web.wab.extender.internal.WabFactory-BundleTrackerOpener][ThemeHotDeployListener:108] 1 theme for democlassictheme-theme is available for use
2023-03-13 05:39:48.187 INFO  [com.liferay.portal.osgi.web.wab.extender.internal.WabFactory-BundleTrackerOpener][ThemeHotDeployListener:108] 1 theme for demotheme-theme is available for use
2023-03-13 05:39:48.281 INFO  [com.liferay.portal.osgi.web.wab.extender.internal.WabFactory-BundleTrackerOpener][ThemeHotDeployListener:108] 1 theme for my-liferay-theme is available for use
2023-03-13 05:39:48.482 INFO  [com.liferay.portal.osgi.web.wab.extender.internal.WabFactory-BundleTrackerOpener][ThemeHotDeployListener:108] 1 theme for cstheme2-theme is available for use
2023-03-13 05:39:48.697 INFO  [com.liferay.portal.osgi.web.wab.extender.internal.WabFactory-BundleTrackerOpener][ThemeHotDeployListener:108] 1 theme for module-based-theme is available for use
2023-03-13 13:28:40.295 INFO  [Thread-7][ThemeHotDeployListener:171] 1 theme for module-based-theme was unregistered
2023-03-13 13:28:40.306 WARN  [Thread-7][PoolBase:184] HikariPool-1 - Failed to validate connection com.mysql.cj.jdbc.ConnectionImpl@21edad0e (No operations allowed after connection closed.). Possibly consider using a shorter maxLifetime value.
2023-03-13 13:28:40.308 WARN  [Thread-7][PoolBase:184] HikariPool-1 - Failed to validate connection com.mysql.cj.jdbc.ConnectionImpl@7c23f9bd (No operations allowed after connection closed.). Possibly consider using a shorter maxLifetime value.
2023-03-13 13:28:40.309 WARN  [Thread-7][PoolBase:184] HikariPool-1 - Failed to validate connection com.mysql.cj.jdbc.ConnectionImpl@1f6b7e6e (No operations allowed after connection closed.). Possibly consider using a shorter maxLifetime value.
2023-03-13 13:28:40.310 WARN  [Thread-7][PoolBase:184] HikariPool-1 - Failed to validate connection com.mysql.cj.jdbc.ConnectionImpl@53a22550 (No operations allowed after connection closed.). Possibly consider using a shorter maxLifetime value.
2023-03-13 13:28:40.312 WARN  [Thread-7][PoolBase:184] HikariPool-1 - Failed to validate connection com.mysql.cj.jdbc.ConnectionImpl@2a7cb2f8 (No operations allowed after connection closed.). Possibly consider using a shorter maxLifetime value.
2023-03-13 13:28:40.314 WARN  [Thread-7][PoolBase:184] HikariPool-1 - Failed to validate connection com.mysql.cj.jdbc.ConnectionImpl@4971481b (No operations allowed after connection closed.). Possibly consider using a shorter maxLifetime value.
2023-03-13 13:28:40.315 WARN  [Thread-7][PoolBase:184] HikariPool-1 - Failed to validate connection com.mysql.cj.jdbc.ConnectionImpl@dadc755 (No operations allowed after connection closed.). Possibly consider using a shorter maxLifetime value.
2023-03-13 13:28:40.317 WARN  [Thread-7][PoolBase:184] HikariPool-1 - Failed to validate connection com.mysql.cj.jdbc.ConnectionImpl@4f67fb15 (No operations allowed after connection closed.). Possibly consider using a shorter maxLifetime value.
2023-03-13 13:28:40.319 WARN  [Thread-7][PoolBase:184] HikariPool-1 - Failed to validate connection com.mysql.cj.jdbc.ConnectionImpl@437b73 (No operations allowed after connection closed.). Possibly consider using a shorter maxLifetime value.
2023-03-13 13:28:40.321 WARN  [Thread-7][PoolBase:184] HikariPool-1 - Failed to validate connection com.mysql.cj.jdbc.ConnectionImpl@4331daf0 (No operations allowed after connection closed.). Possibly consider using a shorter maxLifetime value.
