2023-01-04 05:40:03.633 INFO  [main][PortalContextLoaderListener:123] JVM arguments: -Dcatalina.base=/media/root322/Data/Documents/LiferayWorkspace/bundles/tomcat-9.0.56 -Dcatalina.home=/media/root322/Data/Documents/LiferayWorkspace/bundles/tomcat-9.0.56 -Dfile.encoding=UTF8 -Djava.io.tmpdir=/media/root322/Data/Documents/LiferayWorkspace/bundles/tomcat-9.0.56/temp -Djava.net.preferIPv4Stack=true -Djava.util.logging.config.file=/media/root322/Data/Documents/LiferayWorkspace/bundles/tomcat-9.0.56/conf/logging.properties -Djava.util.logging.manager=org.apache.juli.ClassLoaderLogManager -Dorg.apache.catalina.loader.WebappClassLoader.ENABLE_CLEAR_REFERENCES=false -Duser.timezone=GMT -Xmx2560m -XX:MaxMetaspaceSize=768m -XX:MetaspaceSize=768m -javaagent:/snap/intellij-idea-ultimate/401/lib/idea_rt.jar=41211:/snap/intellij-idea-ultimate/401/bin
2023-01-04 05:40:08.592 INFO  [main][DialectDetector:153] Using dialect org.hibernate.dialect.MySQL8Dialect for MySQL 8.0
2023-01-04 05:40:12.744 INFO  [main][ModuleFrameworkImpl:1279] Starting initial bundles
2023-01-04 05:40:13.363 INFO  [ModuleFramework-Static-Bundles-2][InterpolationConfigurationPlugin:109] Configured directory for secrets: /media/root322/Data/Documents/LiferayWorkspace/bundles/osgi/configs
2023-01-04 05:40:15.664 INFO  [ModuleFramework-Static-Bundles-7][DefaultLPKGDeployer:456] Using overriding JAR bundle LPKG-Override::/media/root322/Data/Documents/LiferayWorkspace/bundles/osgi/marketplace/override/com.liferay.document.library.web.jar
2023-01-04 05:40:15.665 INFO  [ModuleFramework-Static-Bundles-7][DefaultLPKGDeployer:456] Using overriding JAR bundle LPKG-Override::/media/root322/Data/Documents/LiferayWorkspace/bundles/osgi/marketplace/override/com.liferay.portal.language.lang.jar
2023-01-04 05:40:15.849 INFO  [main][ModuleFrameworkImpl:1576] Started initial bundles
2023-01-04 05:40:15.849 INFO  [main][ModuleFrameworkImpl:1625] Starting dynamic bundles
2023-01-04 05:40:36.995 INFO  [main][ModuleFrameworkImpl:1647] Started dynamic bundles
2023-01-04 05:40:36.995 INFO  [main][ModuleFrameworkImpl:1654] Starting web bundles
2023-01-04 05:40:41.775 INFO  [main][ModuleFrameworkImpl:1708] Started web bundles
2023-01-04 05:40:41.776 INFO  [main][ModuleFrameworkImpl:278] Navigate to Control Panel > System > Gogo Shell and enter "lb" to see all bundles
2023-01-04 05:40:41.789 INFO  [main][LoggingTimer:83] Starting com.liferay.portal.verify.VerifyProperties#verifySystemProperties
2023-01-04 05:40:41.790 INFO  [main][LoggingTimer:44] Completed com.liferay.portal.verify.VerifyProperties#verifySystemProperties in 1 ms
2023-01-04 05:40:41.791 INFO  [main][LoggingTimer:83] Starting com.liferay.portal.verify.VerifyProperties#verifyPortalProperties
2023-01-04 05:40:41.807 ERROR [main][VerifyProperties:182] Portal property "journal.article.form.add" is obsolete
2023-01-04 05:40:41.808 ERROR [main][VerifyProperties:182] Portal property "journal.article.form.update" is obsolete
2023-01-04 05:40:41.808 ERROR [main][VerifyProperties:182] Portal property "journal.article.form.translate" is obsolete
2023-01-04 05:40:41.809 INFO  [main][LoggingTimer:44] Completed com.liferay.portal.verify.VerifyProperties#verifyPortalProperties in 18 ms
2023-01-04 05:40:41.809 INFO  [main][LoggingTimer:83] Starting com.liferay.portal.verify.VerifyProperties#verifyDocumentLibrary
2023-01-04 05:40:41.810 INFO  [main][LoggingTimer:44] Completed com.liferay.portal.verify.VerifyProperties#verifyDocumentLibrary in 0 ms
2023-01-04 05:40:42.616 INFO  [main][LoggingTimer:83] Starting com.liferay.portal.events.StartupHelperUtil#initResourceActions
2023-01-04 05:40:42.791 INFO  [main][LoggingTimer:44] Completed com.liferay.portal.events.StartupHelperUtil#initResourceActions in 176 ms
2023-01-04 05:40:46.722 WARN  [main][SidecarManager:103] Liferay automatically starts a child process of Elasticsearch named sidecar for convenient development and demonstration purposes. Do NOT use sidecar in production. Refer to the documentation for details on the limitations of sidecar and instructions on configuring a remote Elasticsearch connection in the Control Panel.
2023-01-04 05:41:08.047 INFO  [main][Sidecar:119] Sidecar Elasticsearch liferay started at 127.0.0.1:9501
2023-01-04 05:41:15.540 INFO  [main][StartupHelperUtil:86] There are no patches installed
2023-01-04 05:41:15.580 INFO  [main][LoggingTimer:83] Starting com.liferay.portal.events.StartupHelperUtil#initResourceActions
2023-01-04 05:41:15.645 INFO  [main][LoggingTimer:44] Completed com.liferay.portal.events.StartupHelperUtil#initResourceActions in 65 ms
2023-01-04 05:41:15.727 INFO  [main][LicenseManager:-1] Digital Enterprise Development license validation passed
2023-01-04 05:41:16.345 INFO  [main][AutoDeployDir:176] Auto deploy scanner started for /media/root322/Data/Documents/LiferayWorkspace/bundles/deploy
2023-01-04 05:41:29.903 INFO  [com.liferay.portal.osgi.web.wab.extender.internal.WabFactory-BundleTrackerOpener][ThemeHotDeployListener:108] 1 theme for classic-theme is available for use
2023-01-04 05:41:30.170 INFO  [com.liferay.portal.osgi.web.wab.extender.internal.WabFactory-BundleTrackerOpener][ThemeHotDeployListener:108] 1 theme for dialect-theme is available for use
2023-01-04 05:41:30.497 INFO  [com.liferay.portal.osgi.web.wab.extender.internal.WabFactory-BundleTrackerOpener][ThemeHotDeployListener:108] 1 theme for speedwell-theme is available for use
2023-01-04 05:41:30.766 INFO  [com.liferay.portal.osgi.web.wab.extender.internal.WabFactory-BundleTrackerOpener][ThemeHotDeployListener:108] 1 theme for minium-theme is available for use
2023-01-04 05:41:31.098 INFO  [com.liferay.portal.osgi.web.wab.extender.internal.WabFactory-BundleTrackerOpener][ThemeHotDeployListener:108] 1 theme for admin-theme is available for use
2023-01-04 05:41:31.420 INFO  [com.liferay.portal.osgi.web.wab.extender.internal.WabFactory-BundleTrackerOpener][HookHotDeployListener:496] Hook for LangHook is available for use
2023-01-04 05:41:31.561 INFO  [com.liferay.portal.osgi.web.wab.extender.internal.WabFactory-BundleTrackerOpener][LayoutTemplateHotDeployListener:107] 1 layout template for LayoutTemplateDemo is available for use
2023-01-04 05:41:31.860 INFO  [com.liferay.portal.osgi.web.wab.extender.internal.WabFactory-BundleTrackerOpener][ThemeHotDeployListener:108] 1 theme for democlassictheme-theme is available for use
2023-01-04 05:41:32.088 INFO  [com.liferay.portal.osgi.web.wab.extender.internal.WabFactory-BundleTrackerOpener][ThemeHotDeployListener:108] 1 theme for demotheme-theme is available for use
2023-01-04 05:41:32.319 INFO  [com.liferay.portal.osgi.web.wab.extender.internal.WabFactory-BundleTrackerOpener][ThemeHotDeployListener:108] 1 theme for my-liferay-theme is available for use
2023-01-04 05:41:32.701 INFO  [com.liferay.portal.osgi.web.wab.extender.internal.WabFactory-BundleTrackerOpener][ThemeHotDeployListener:108] 1 theme for cstheme2-theme is available for use
2023-01-04 06:00:41.329 INFO  [fileinstall-directory-watcher][BundleStartStopLogger:80] STOPPED com.liferay.docs.guestbook.service_1.0.0 [1754]
2023-01-04 06:00:41.648 WARN  [Refresh Thread: Equinox Container: 2f8c492b-4998-478d-92d2-e08e7f757595][ServiceComponentLocalServiceImpl:561] Auto upgrading GB database to build number 72 is not supported for a production environment. Write an UpgradeStep to ensure data is upgraded correctly.
2023-01-04 06:00:41.679 INFO  [Refresh Thread: Equinox Container: 2f8c492b-4998-478d-92d2-e08e7f757595][BundleStartStopLogger:77] STARTED com.liferay.docs.guestbook.service_1.0.0 [1754]
2023-01-04 06:01:01.989 INFO  [fileinstall-directory-watcher][BundleStartStopLogger:80] STOPPED com.liferay.docs.guestbook.portlet_1.0.0 [1755]
2023-01-04 06:01:02.108 INFO  [Refresh Thread: Equinox Container: 2f8c492b-4998-478d-92d2-e08e7f757595][BundleStartStopLogger:77] STARTED com.liferay.docs.guestbook.portlet_1.0.0 [1755]
2023-01-04 06:02:42.511 INFO  [fileinstall-directory-watcher][BundleStartStopLogger:80] STOPPED com.liferay.docs.guestbook.service_1.0.0 [1754]
2023-01-04 06:02:42.733 WARN  [Refresh Thread: Equinox Container: 2f8c492b-4998-478d-92d2-e08e7f757595][ServiceComponentLocalServiceImpl:561] Auto upgrading GB database to build number 73 is not supported for a production environment. Write an UpgradeStep to ensure data is upgraded correctly.
2023-01-04 06:02:42.804 INFO  [Refresh Thread: Equinox Container: 2f8c492b-4998-478d-92d2-e08e7f757595][BundleStartStopLogger:77] STARTED com.liferay.docs.guestbook.service_1.0.0 [1754]
2023-01-04 13:33:47.439 INFO  [Thread-7][ThemeHotDeployListener:171] 1 theme for cstheme2-theme was unregistered
2023-01-04 13:33:47.460 INFO  [Thread-7][ThemeHotDeployListener:171] 1 theme for my-liferay-theme was unregistered
2023-01-04 13:33:47.474 INFO  [Thread-7][ThemeHotDeployListener:171] 1 theme for demotheme-theme was unregistered
2023-01-04 13:33:47.493 INFO  [Thread-7][ThemeHotDeployListener:171] 1 theme for democlassictheme-theme was unregistered
2023-01-04 13:33:47.509 INFO  [Thread-7][LayoutTemplateHotDeployListener:156] 1 layout template for LayoutTemplateDemo was unregistered
2023-01-04 13:33:47.528 INFO  [Thread-7][HookHotDeployListener:544] Hook for LangHook was unregistered
2023-01-04 13:33:47.542 INFO  [Thread-7][ThemeHotDeployListener:171] 1 theme for admin-theme was unregistered
2023-01-04 13:33:47.558 INFO  [Thread-7][ThemeHotDeployListener:171] 1 theme for minium-theme was unregistered
2023-01-04 13:33:47.573 INFO  [Thread-7][ThemeHotDeployListener:171] 1 theme for speedwell-theme was unregistered
2023-01-04 13:33:47.587 INFO  [Thread-7][ThemeHotDeployListener:171] 1 theme for dialect-theme was unregistered
2023-01-04 13:33:47.606 INFO  [Thread-7][ThemeHotDeployListener:171] 1 theme for classic-theme was unregistered
