2023-01-03 05:03:51.642 INFO  [main][PortalContextLoaderListener:123] JVM arguments: -Dcatalina.base=/media/root322/Data/Documents/LiferayWorkspace/bundles/tomcat-9.0.56 -Dcatalina.home=/media/root322/Data/Documents/LiferayWorkspace/bundles/tomcat-9.0.56 -Dfile.encoding=UTF8 -Djava.io.tmpdir=/media/root322/Data/Documents/LiferayWorkspace/bundles/tomcat-9.0.56/temp -Djava.net.preferIPv4Stack=true -Djava.util.logging.config.file=/media/root322/Data/Documents/LiferayWorkspace/bundles/tomcat-9.0.56/conf/logging.properties -Djava.util.logging.manager=org.apache.juli.ClassLoaderLogManager -Dorg.apache.catalina.loader.WebappClassLoader.ENABLE_CLEAR_REFERENCES=false -Duser.timezone=GMT -Xmx2560m -XX:MaxMetaspaceSize=768m -XX:MetaspaceSize=768m -javaagent:/snap/intellij-idea-ultimate/401/lib/idea_rt.jar=44245:/snap/intellij-idea-ultimate/401/bin
2023-01-03 05:03:55.442 INFO  [main][DialectDetector:153] Using dialect org.hibernate.dialect.MySQL8Dialect for MySQL 8.0
2023-01-03 05:03:59.531 INFO  [main][ModuleFrameworkImpl:1279] Starting initial bundles
2023-01-03 05:04:00.106 INFO  [ModuleFramework-Static-Bundles-7][InterpolationConfigurationPlugin:109] Configured directory for secrets: /media/root322/Data/Documents/LiferayWorkspace/bundles/osgi/configs
2023-01-03 05:04:02.089 INFO  [ModuleFramework-Static-Bundles-2][DefaultLPKGDeployer:456] Using overriding JAR bundle LPKG-Override::/media/root322/Data/Documents/LiferayWorkspace/bundles/osgi/marketplace/override/com.liferay.document.library.web.jar
2023-01-03 05:04:02.090 INFO  [ModuleFramework-Static-Bundles-2][DefaultLPKGDeployer:456] Using overriding JAR bundle LPKG-Override::/media/root322/Data/Documents/LiferayWorkspace/bundles/osgi/marketplace/override/com.liferay.portal.language.lang.jar
2023-01-03 05:04:02.328 INFO  [main][ModuleFrameworkImpl:1576] Started initial bundles
2023-01-03 05:04:02.328 INFO  [main][ModuleFrameworkImpl:1625] Starting dynamic bundles
2023-01-03 05:04:26.166 INFO  [main][ModuleFrameworkImpl:1647] Started dynamic bundles
2023-01-03 05:04:26.166 INFO  [main][ModuleFrameworkImpl:1654] Starting web bundles
2023-01-03 05:04:30.498 INFO  [main][ModuleFrameworkImpl:1708] Started web bundles
2023-01-03 05:04:30.499 INFO  [main][ModuleFrameworkImpl:278] Navigate to Control Panel > System > Gogo Shell and enter "lb" to see all bundles
2023-01-03 05:04:30.529 INFO  [main][LoggingTimer:83] Starting com.liferay.portal.verify.VerifyProperties#verifySystemProperties
2023-01-03 05:04:30.530 INFO  [main][LoggingTimer:44] Completed com.liferay.portal.verify.VerifyProperties#verifySystemProperties in 0 ms
2023-01-03 05:04:30.530 INFO  [main][LoggingTimer:83] Starting com.liferay.portal.verify.VerifyProperties#verifyPortalProperties
2023-01-03 05:04:30.580 ERROR [main][VerifyProperties:182] Portal property "journal.article.form.add" is obsolete
2023-01-03 05:04:30.581 ERROR [main][VerifyProperties:182] Portal property "journal.article.form.update" is obsolete
2023-01-03 05:04:30.581 ERROR [main][VerifyProperties:182] Portal property "journal.article.form.translate" is obsolete
2023-01-03 05:04:30.582 INFO  [main][LoggingTimer:44] Completed com.liferay.portal.verify.VerifyProperties#verifyPortalProperties in 51 ms
2023-01-03 05:04:30.582 INFO  [main][LoggingTimer:83] Starting com.liferay.portal.verify.VerifyProperties#verifyDocumentLibrary
2023-01-03 05:04:30.589 INFO  [main][LoggingTimer:44] Completed com.liferay.portal.verify.VerifyProperties#verifyDocumentLibrary in 7 ms
2023-01-03 05:04:31.388 INFO  [main][LoggingTimer:83] Starting com.liferay.portal.events.StartupHelperUtil#initResourceActions
2023-01-03 05:04:31.456 INFO  [main][LoggingTimer:44] Completed com.liferay.portal.events.StartupHelperUtil#initResourceActions in 68 ms
2023-01-03 05:04:34.800 WARN  [main][SidecarManager:103] Liferay automatically starts a child process of Elasticsearch named sidecar for convenient development and demonstration purposes. Do NOT use sidecar in production. Refer to the documentation for details on the limitations of sidecar and instructions on configuring a remote Elasticsearch connection in the Control Panel.
2023-01-03 05:04:51.136 INFO  [main][Sidecar:119] Sidecar Elasticsearch liferay started at 127.0.0.1:9501
2023-01-03 05:05:00.054 INFO  [main][StartupHelperUtil:86] There are no patches installed
2023-01-03 05:05:00.111 INFO  [main][LoggingTimer:83] Starting com.liferay.portal.events.StartupHelperUtil#initResourceActions
2023-01-03 05:05:00.155 INFO  [main][LoggingTimer:44] Completed com.liferay.portal.events.StartupHelperUtil#initResourceActions in 44 ms
2023-01-03 05:05:00.276 INFO  [main][LicenseManager:-1] Digital Enterprise Development license validation passed
2023-01-03 05:05:01.050 INFO  [main][AutoDeployDir:176] Auto deploy scanner started for /media/root322/Data/Documents/LiferayWorkspace/bundles/deploy
2023-01-03 05:05:36.574 INFO  [com.liferay.portal.osgi.web.wab.extender.internal.WabFactory-BundleTrackerOpener][ThemeHotDeployListener:108] 1 theme for classic-theme is available for use
2023-01-03 05:05:36.667 INFO  [com.liferay.portal.osgi.web.wab.extender.internal.WabFactory-BundleTrackerOpener][ThemeHotDeployListener:108] 1 theme for dialect-theme is available for use
2023-01-03 05:05:36.788 INFO  [com.liferay.portal.osgi.web.wab.extender.internal.WabFactory-BundleTrackerOpener][ThemeHotDeployListener:108] 1 theme for speedwell-theme is available for use
2023-01-03 05:05:36.892 INFO  [com.liferay.portal.osgi.web.wab.extender.internal.WabFactory-BundleTrackerOpener][ThemeHotDeployListener:108] 1 theme for minium-theme is available for use
2023-01-03 05:05:37.018 INFO  [com.liferay.portal.osgi.web.wab.extender.internal.WabFactory-BundleTrackerOpener][ThemeHotDeployListener:108] 1 theme for admin-theme is available for use
2023-01-03 05:05:37.124 INFO  [com.liferay.portal.osgi.web.wab.extender.internal.WabFactory-BundleTrackerOpener][HookHotDeployListener:496] Hook for LangHook is available for use
2023-01-03 05:05:37.213 INFO  [com.liferay.portal.osgi.web.wab.extender.internal.WabFactory-BundleTrackerOpener][LayoutTemplateHotDeployListener:107] 1 layout template for LayoutTemplateDemo is available for use
2023-01-03 05:05:37.343 INFO  [com.liferay.portal.osgi.web.wab.extender.internal.WabFactory-BundleTrackerOpener][ThemeHotDeployListener:108] 1 theme for democlassictheme-theme is available for use
2023-01-03 05:05:37.464 INFO  [com.liferay.portal.osgi.web.wab.extender.internal.WabFactory-BundleTrackerOpener][ThemeHotDeployListener:108] 1 theme for demotheme-theme is available for use
2023-01-03 05:05:37.588 INFO  [com.liferay.portal.osgi.web.wab.extender.internal.WabFactory-BundleTrackerOpener][ThemeHotDeployListener:108] 1 theme for my-liferay-theme is available for use
2023-01-03 05:05:37.913 INFO  [com.liferay.portal.osgi.web.wab.extender.internal.WabFactory-BundleTrackerOpener][ThemeHotDeployListener:108] 1 theme for cstheme2-theme is available for use
2023-01-03 11:21:24.227 INFO  [Thread-7][ThemeHotDeployListener:171] 1 theme for cstheme2-theme was unregistered
2023-01-03 11:21:24.247 INFO  [Thread-7][ThemeHotDeployListener:171] 1 theme for my-liferay-theme was unregistered
2023-01-03 11:21:24.259 INFO  [Thread-7][ThemeHotDeployListener:171] 1 theme for demotheme-theme was unregistered
2023-01-03 11:21:24.271 INFO  [Thread-7][ThemeHotDeployListener:171] 1 theme for democlassictheme-theme was unregistered
2023-01-03 11:21:24.283 INFO  [Thread-7][LayoutTemplateHotDeployListener:156] 1 layout template for LayoutTemplateDemo was unregistered
2023-01-03 11:21:24.312 INFO  [Thread-7][HookHotDeployListener:544] Hook for LangHook was unregistered
2023-01-03 11:21:24.321 INFO  [Thread-7][ThemeHotDeployListener:171] 1 theme for admin-theme was unregistered
2023-01-03 11:21:24.334 INFO  [Thread-7][ThemeHotDeployListener:171] 1 theme for minium-theme was unregistered
2023-01-03 11:21:24.347 INFO  [Thread-7][ThemeHotDeployListener:171] 1 theme for speedwell-theme was unregistered
2023-01-03 11:21:24.359 INFO  [Thread-7][ThemeHotDeployListener:171] 1 theme for dialect-theme was unregistered
2023-01-03 11:21:24.372 INFO  [Thread-7][ThemeHotDeployListener:171] 1 theme for classic-theme was unregistered
2023-01-03 11:28:48.717 INFO  [main][PortalContextLoaderListener:123] JVM arguments: -Dcatalina.base=/media/root322/Data/Documents/LiferayWorkspace/bundles/tomcat-9.0.56 -Dcatalina.home=/media/root322/Data/Documents/LiferayWorkspace/bundles/tomcat-9.0.56 -Dfile.encoding=UTF8 -Djava.io.tmpdir=/media/root322/Data/Documents/LiferayWorkspace/bundles/tomcat-9.0.56/temp -Djava.net.preferIPv4Stack=true -Djava.util.logging.config.file=/media/root322/Data/Documents/LiferayWorkspace/bundles/tomcat-9.0.56/conf/logging.properties -Djava.util.logging.manager=org.apache.juli.ClassLoaderLogManager -Dorg.apache.catalina.loader.WebappClassLoader.ENABLE_CLEAR_REFERENCES=false -Duser.timezone=GMT -Xmx2560m -XX:MaxMetaspaceSize=768m -XX:MetaspaceSize=768m -javaagent:/snap/intellij-idea-ultimate/401/lib/idea_rt.jar=46557:/snap/intellij-idea-ultimate/401/bin
2023-01-03 11:28:51.281 INFO  [main][DialectDetector:153] Using dialect org.hibernate.dialect.MySQL8Dialect for MySQL 8.0
2023-01-03 11:28:57.219 INFO  [main][ModuleFrameworkImpl:1279] Starting initial bundles
2023-01-03 11:28:57.942 INFO  [ModuleFramework-Static-Bundles-2][InterpolationConfigurationPlugin:109] Configured directory for secrets: /media/root322/Data/Documents/LiferayWorkspace/bundles/osgi/configs
2023-01-03 11:29:00.433 INFO  [ModuleFramework-Static-Bundles-3][DefaultLPKGDeployer:456] Using overriding JAR bundle LPKG-Override::/media/root322/Data/Documents/LiferayWorkspace/bundles/osgi/marketplace/override/com.liferay.document.library.web.jar
2023-01-03 11:29:00.434 INFO  [ModuleFramework-Static-Bundles-3][DefaultLPKGDeployer:456] Using overriding JAR bundle LPKG-Override::/media/root322/Data/Documents/LiferayWorkspace/bundles/osgi/marketplace/override/com.liferay.portal.language.lang.jar
2023-01-03 11:29:00.543 INFO  [main][ModuleFrameworkImpl:1576] Started initial bundles
2023-01-03 11:29:00.544 INFO  [main][ModuleFrameworkImpl:1625] Starting dynamic bundles
2023-01-03 11:29:23.362 INFO  [main][ModuleFrameworkImpl:1647] Started dynamic bundles
2023-01-03 11:29:23.362 INFO  [main][ModuleFrameworkImpl:1654] Starting web bundles
2023-01-03 11:29:27.481 INFO  [main][ModuleFrameworkImpl:1708] Started web bundles
2023-01-03 11:29:27.482 INFO  [main][ModuleFrameworkImpl:278] Navigate to Control Panel > System > Gogo Shell and enter "lb" to see all bundles
2023-01-03 11:29:27.506 INFO  [main][LoggingTimer:83] Starting com.liferay.portal.verify.VerifyProperties#verifySystemProperties
2023-01-03 11:29:27.506 INFO  [main][LoggingTimer:44] Completed com.liferay.portal.verify.VerifyProperties#verifySystemProperties in 1 ms
2023-01-03 11:29:27.507 INFO  [main][LoggingTimer:83] Starting com.liferay.portal.verify.VerifyProperties#verifyPortalProperties
2023-01-03 11:29:27.534 ERROR [main][VerifyProperties:182] Portal property "journal.article.form.add" is obsolete
2023-01-03 11:29:27.535 ERROR [main][VerifyProperties:182] Portal property "journal.article.form.update" is obsolete
2023-01-03 11:29:27.536 ERROR [main][VerifyProperties:182] Portal property "journal.article.form.translate" is obsolete
2023-01-03 11:29:27.537 INFO  [main][LoggingTimer:44] Completed com.liferay.portal.verify.VerifyProperties#verifyPortalProperties in 30 ms
2023-01-03 11:29:27.537 INFO  [main][LoggingTimer:83] Starting com.liferay.portal.verify.VerifyProperties#verifyDocumentLibrary
2023-01-03 11:29:27.538 INFO  [main][LoggingTimer:44] Completed com.liferay.portal.verify.VerifyProperties#verifyDocumentLibrary in 1 ms
2023-01-03 11:29:28.048 INFO  [main][LoggingTimer:83] Starting com.liferay.portal.events.StartupHelperUtil#initResourceActions
2023-01-03 11:29:28.101 INFO  [main][LoggingTimer:44] Completed com.liferay.portal.events.StartupHelperUtil#initResourceActions in 53 ms
2023-01-03 11:29:31.073 WARN  [main][SidecarManager:103] Liferay automatically starts a child process of Elasticsearch named sidecar for convenient development and demonstration purposes. Do NOT use sidecar in production. Refer to the documentation for details on the limitations of sidecar and instructions on configuring a remote Elasticsearch connection in the Control Panel.
2023-01-03 11:29:49.774 INFO  [main][Sidecar:119] Sidecar Elasticsearch liferay started at 127.0.0.1:9501
2023-01-03 11:29:52.513 ERROR [main][ElasticsearchSearchEngine:366] Elasticsearch node root322 does not meet the minimum version requirement of 7.16
2023-01-03 11:31:12.874 INFO  [main][PortalContextLoaderListener:123] JVM arguments: -Dcatalina.base=/media/root322/Data/Documents/LiferayWorkspace/bundles/tomcat-9.0.56 -Dcatalina.home=/media/root322/Data/Documents/LiferayWorkspace/bundles/tomcat-9.0.56 -Dfile.encoding=UTF8 -Djava.io.tmpdir=/media/root322/Data/Documents/LiferayWorkspace/bundles/tomcat-9.0.56/temp -Djava.net.preferIPv4Stack=true -Djava.util.logging.config.file=/media/root322/Data/Documents/LiferayWorkspace/bundles/tomcat-9.0.56/conf/logging.properties -Djava.util.logging.manager=org.apache.juli.ClassLoaderLogManager -Dorg.apache.catalina.loader.WebappClassLoader.ENABLE_CLEAR_REFERENCES=false -Duser.timezone=GMT -Xmx2560m -XX:MaxMetaspaceSize=768m -XX:MetaspaceSize=768m -javaagent:/snap/intellij-idea-ultimate/401/lib/idea_rt.jar=46377:/snap/intellij-idea-ultimate/401/bin
2023-01-03 11:31:14.808 INFO  [main][DialectDetector:153] Using dialect org.hibernate.dialect.MySQL8Dialect for MySQL 8.0
2023-01-03 11:31:17.858 INFO  [main][ModuleFrameworkImpl:1279] Starting initial bundles
2023-01-03 11:31:18.241 INFO  [ModuleFramework-Static-Bundles-1][InterpolationConfigurationPlugin:109] Configured directory for secrets: /media/root322/Data/Documents/LiferayWorkspace/bundles/osgi/configs
2023-01-03 11:31:19.748 INFO  [ModuleFramework-Static-Bundles-8][DefaultLPKGDeployer:456] Using overriding JAR bundle LPKG-Override::/media/root322/Data/Documents/LiferayWorkspace/bundles/osgi/marketplace/override/com.liferay.document.library.web.jar
2023-01-03 11:31:19.749 INFO  [ModuleFramework-Static-Bundles-8][DefaultLPKGDeployer:456] Using overriding JAR bundle LPKG-Override::/media/root322/Data/Documents/LiferayWorkspace/bundles/osgi/marketplace/override/com.liferay.portal.language.lang.jar
2023-01-03 11:31:19.833 INFO  [main][ModuleFrameworkImpl:1576] Started initial bundles
2023-01-03 11:31:19.834 INFO  [main][ModuleFrameworkImpl:1625] Starting dynamic bundles
2023-01-03 11:31:33.984 INFO  [main][ModuleFrameworkImpl:1647] Started dynamic bundles
2023-01-03 11:31:33.985 INFO  [main][ModuleFrameworkImpl:1654] Starting web bundles
2023-01-03 11:31:37.305 INFO  [main][ModuleFrameworkImpl:1708] Started web bundles
2023-01-03 11:31:37.305 INFO  [main][ModuleFrameworkImpl:278] Navigate to Control Panel > System > Gogo Shell and enter "lb" to see all bundles
2023-01-03 11:31:37.321 INFO  [main][LoggingTimer:83] Starting com.liferay.portal.verify.VerifyProperties#verifySystemProperties
2023-01-03 11:31:37.327 INFO  [main][LoggingTimer:44] Completed com.liferay.portal.verify.VerifyProperties#verifySystemProperties in 7 ms
2023-01-03 11:31:37.328 INFO  [main][LoggingTimer:83] Starting com.liferay.portal.verify.VerifyProperties#verifyPortalProperties
2023-01-03 11:31:37.366 ERROR [main][VerifyProperties:182] Portal property "journal.article.form.add" is obsolete
2023-01-03 11:31:37.367 ERROR [main][VerifyProperties:182] Portal property "journal.article.form.update" is obsolete
2023-01-03 11:31:37.367 ERROR [main][VerifyProperties:182] Portal property "journal.article.form.translate" is obsolete
2023-01-03 11:31:37.368 INFO  [main][LoggingTimer:44] Completed com.liferay.portal.verify.VerifyProperties#verifyPortalProperties in 39 ms
2023-01-03 11:31:37.368 INFO  [main][LoggingTimer:83] Starting com.liferay.portal.verify.VerifyProperties#verifyDocumentLibrary
2023-01-03 11:31:37.368 INFO  [main][LoggingTimer:44] Completed com.liferay.portal.verify.VerifyProperties#verifyDocumentLibrary in 0 ms
2023-01-03 11:31:38.365 INFO  [main][LoggingTimer:83] Starting com.liferay.portal.events.StartupHelperUtil#initResourceActions
2023-01-03 11:31:38.443 INFO  [main][LoggingTimer:44] Completed com.liferay.portal.events.StartupHelperUtil#initResourceActions in 78 ms
2023-01-03 11:31:41.734 WARN  [main][SidecarManager:103] Liferay automatically starts a child process of Elasticsearch named sidecar for convenient development and demonstration purposes. Do NOT use sidecar in production. Refer to the documentation for details on the limitations of sidecar and instructions on configuring a remote Elasticsearch connection in the Control Panel.
2023-01-03 11:31:55.809 INFO  [main][Sidecar:119] Sidecar Elasticsearch liferay started at 127.0.0.1:9501
2023-01-03 11:31:57.675 ERROR [main][ElasticsearchSearchEngine:366] Elasticsearch node root322 does not meet the minimum version requirement of 7.16
2023-01-03 11:33:00.633 INFO  [main][PortalContextLoaderListener:123] JVM arguments: -Dcatalina.base=/media/root322/Data/Documents/LiferayWorkspace/bundles/tomcat-9.0.56 -Dcatalina.home=/media/root322/Data/Documents/LiferayWorkspace/bundles/tomcat-9.0.56 -Dfile.encoding=UTF8 -Djava.io.tmpdir=/media/root322/Data/Documents/LiferayWorkspace/bundles/tomcat-9.0.56/temp -Djava.net.preferIPv4Stack=true -Djava.util.logging.config.file=/media/root322/Data/Documents/LiferayWorkspace/bundles/tomcat-9.0.56/conf/logging.properties -Djava.util.logging.manager=org.apache.juli.ClassLoaderLogManager -Dorg.apache.catalina.loader.WebappClassLoader.ENABLE_CLEAR_REFERENCES=false -Duser.timezone=GMT -Xmx2560m -XX:MaxMetaspaceSize=768m -XX:MetaspaceSize=768m -javaagent:/snap/intellij-idea-ultimate/401/lib/idea_rt.jar=44147:/snap/intellij-idea-ultimate/401/bin
2023-01-03 11:33:02.447 INFO  [main][DialectDetector:153] Using dialect org.hibernate.dialect.MySQL8Dialect for MySQL 8.0
2023-01-03 11:33:05.474 INFO  [main][ModuleFrameworkImpl:1279] Starting initial bundles
2023-01-03 11:33:05.818 INFO  [ModuleFramework-Static-Bundles-2][InterpolationConfigurationPlugin:109] Configured directory for secrets: /media/root322/Data/Documents/LiferayWorkspace/bundles/osgi/configs
2023-01-03 11:33:07.522 INFO  [ModuleFramework-Static-Bundles-2][DefaultLPKGDeployer:456] Using overriding JAR bundle LPKG-Override::/media/root322/Data/Documents/LiferayWorkspace/bundles/osgi/marketplace/override/com.liferay.document.library.web.jar
2023-01-03 11:33:07.523 INFO  [ModuleFramework-Static-Bundles-2][DefaultLPKGDeployer:456] Using overriding JAR bundle LPKG-Override::/media/root322/Data/Documents/LiferayWorkspace/bundles/osgi/marketplace/override/com.liferay.portal.language.lang.jar
2023-01-03 11:33:07.605 INFO  [main][ModuleFrameworkImpl:1576] Started initial bundles
2023-01-03 11:33:07.606 INFO  [main][ModuleFrameworkImpl:1625] Starting dynamic bundles
2023-01-03 11:33:23.820 INFO  [main][ModuleFrameworkImpl:1647] Started dynamic bundles
2023-01-03 11:33:23.821 INFO  [main][ModuleFrameworkImpl:1654] Starting web bundles
2023-01-03 11:33:26.774 INFO  [main][ModuleFrameworkImpl:1708] Started web bundles
2023-01-03 11:33:26.774 INFO  [main][ModuleFrameworkImpl:278] Navigate to Control Panel > System > Gogo Shell and enter "lb" to see all bundles
2023-01-03 11:33:26.792 INFO  [main][LoggingTimer:83] Starting com.liferay.portal.verify.VerifyProperties#verifySystemProperties
2023-01-03 11:33:26.792 INFO  [main][LoggingTimer:44] Completed com.liferay.portal.verify.VerifyProperties#verifySystemProperties in 1 ms
2023-01-03 11:33:26.792 INFO  [main][LoggingTimer:83] Starting com.liferay.portal.verify.VerifyProperties#verifyPortalProperties
2023-01-03 11:33:26.811 ERROR [main][VerifyProperties:182] Portal property "journal.article.form.add" is obsolete
2023-01-03 11:33:26.811 ERROR [main][VerifyProperties:182] Portal property "journal.article.form.update" is obsolete
2023-01-03 11:33:26.811 ERROR [main][VerifyProperties:182] Portal property "journal.article.form.translate" is obsolete
2023-01-03 11:33:26.812 INFO  [main][LoggingTimer:44] Completed com.liferay.portal.verify.VerifyProperties#verifyPortalProperties in 20 ms
2023-01-03 11:33:26.812 INFO  [main][LoggingTimer:83] Starting com.liferay.portal.verify.VerifyProperties#verifyDocumentLibrary
2023-01-03 11:33:26.812 INFO  [main][LoggingTimer:44] Completed com.liferay.portal.verify.VerifyProperties#verifyDocumentLibrary in 0 ms
2023-01-03 11:33:27.326 INFO  [main][LoggingTimer:83] Starting com.liferay.portal.events.StartupHelperUtil#initResourceActions
2023-01-03 11:33:27.367 INFO  [main][LoggingTimer:44] Completed com.liferay.portal.events.StartupHelperUtil#initResourceActions in 41 ms
2023-01-03 11:33:29.797 WARN  [main][SidecarManager:103] Liferay automatically starts a child process of Elasticsearch named sidecar for convenient development and demonstration purposes. Do NOT use sidecar in production. Refer to the documentation for details on the limitations of sidecar and instructions on configuring a remote Elasticsearch connection in the Control Panel.
2023-01-03 11:33:44.869 INFO  [main][Sidecar:119] Sidecar Elasticsearch liferay started at 127.0.0.1:9501
2023-01-03 11:33:50.818 INFO  [main][StartupHelperUtil:86] There are no patches installed
2023-01-03 11:33:50.838 INFO  [main][LoggingTimer:83] Starting com.liferay.portal.events.StartupHelperUtil#initResourceActions
2023-01-03 11:33:50.867 INFO  [main][LoggingTimer:44] Completed com.liferay.portal.events.StartupHelperUtil#initResourceActions in 29 ms
2023-01-03 11:33:50.917 INFO  [main][LicenseManager:-1] Digital Enterprise Development license validation passed
2023-01-03 11:33:51.515 INFO  [main][AutoDeployDir:176] Auto deploy scanner started for /media/root322/Data/Documents/LiferayWorkspace/bundles/deploy
2023-01-03 11:34:01.116 INFO  [com.liferay.portal.osgi.web.wab.extender.internal.WabFactory-BundleTrackerOpener][ThemeHotDeployListener:108] 1 theme for classic-theme is available for use
2023-01-03 11:34:01.250 INFO  [com.liferay.portal.osgi.web.wab.extender.internal.WabFactory-BundleTrackerOpener][ThemeHotDeployListener:108] 1 theme for dialect-theme is available for use
2023-01-03 11:34:01.417 INFO  [com.liferay.portal.osgi.web.wab.extender.internal.WabFactory-BundleTrackerOpener][ThemeHotDeployListener:108] 1 theme for speedwell-theme is available for use
2023-01-03 11:34:01.558 INFO  [com.liferay.portal.osgi.web.wab.extender.internal.WabFactory-BundleTrackerOpener][ThemeHotDeployListener:108] 1 theme for minium-theme is available for use
2023-01-03 11:34:01.760 INFO  [com.liferay.portal.osgi.web.wab.extender.internal.WabFactory-BundleTrackerOpener][ThemeHotDeployListener:108] 1 theme for admin-theme is available for use
2023-01-03 11:34:01.883 INFO  [com.liferay.portal.osgi.web.wab.extender.internal.WabFactory-BundleTrackerOpener][HookHotDeployListener:496] Hook for LangHook is available for use
2023-01-03 11:34:02.037 INFO  [com.liferay.portal.osgi.web.wab.extender.internal.WabFactory-BundleTrackerOpener][LayoutTemplateHotDeployListener:107] 1 layout template for LayoutTemplateDemo is available for use
2023-01-03 11:34:02.139 INFO  [com.liferay.portal.osgi.web.wab.extender.internal.WabFactory-BundleTrackerOpener][ThemeHotDeployListener:108] 1 theme for democlassictheme-theme is available for use
2023-01-03 11:34:02.269 INFO  [com.liferay.portal.osgi.web.wab.extender.internal.WabFactory-BundleTrackerOpener][ThemeHotDeployListener:108] 1 theme for demotheme-theme is available for use
2023-01-03 11:34:02.368 INFO  [com.liferay.portal.osgi.web.wab.extender.internal.WabFactory-BundleTrackerOpener][ThemeHotDeployListener:108] 1 theme for my-liferay-theme is available for use
2023-01-03 11:34:02.599 INFO  [com.liferay.portal.osgi.web.wab.extender.internal.WabFactory-BundleTrackerOpener][ThemeHotDeployListener:108] 1 theme for cstheme2-theme is available for use
2023-01-03 12:05:01.645 ERROR [com.liferay.portal.workflow.kaleo.runtime.internal.petra.executor.GraphWalkerPortalExecutor-2][GraphWalkerPortalExecutor:163] com.liferay.portal.workflow.kaleo.runtime.notification.NotificationMessageSenderException: Unable to send notification message
com.liferay.portal.kernel.log.LogSanitizerException: com.liferay.portal.workflow.kaleo.runtime.notification.NotificationMessageSenderException: Unable to send notification message
	at com.liferay.portal.workflow.kaleo.runtime.notification.BaseNotificationSender.sendNotification(BaseNotificationSender.java:62) ~[?:?]
	at com.liferay.portal.workflow.kaleo.runtime.internal.helper.NotificationHelperImpl._sendKaleoNotification(NotificationHelperImpl.java:101) ~[?:?]
	at com.liferay.portal.workflow.kaleo.runtime.internal.helper.NotificationHelperImpl.sendKaleoNotifications(NotificationHelperImpl.java:55) ~[?:?]
	at com.liferay.portal.workflow.kaleo.runtime.node.BaseNodeExecutor.enter(BaseNodeExecutor.java:55) ~[?:?]
	at com.liferay.portal.workflow.kaleo.runtime.internal.graph.DefaultGraphWalker.follow(DefaultGraphWalker.java:72) ~[?:?]
	at jdk.internal.reflect.NativeMethodAccessorImpl.invoke0(Native Method) ~[?:?]
	at jdk.internal.reflect.NativeMethodAccessorImpl.invoke(NativeMethodAccessorImpl.java:62) ~[?:?]
	at jdk.internal.reflect.DelegatingMethodAccessorImpl.invoke(DelegatingMethodAccessorImpl.java:43) ~[?:?]
	at java.lang.reflect.Method.invoke(Method.java:566) ~[?:?]
	at com.liferay.portal.spring.aop.AopMethodInvocationImpl.proceed(AopMethodInvocationImpl.java:50) ~[portal-impl.jar:?]
	at com.liferay.portal.spring.transaction.TransactionInterceptor.invoke(TransactionInterceptor.java:69) ~[portal-impl.jar:?]
	at com.liferay.portal.spring.aop.AopMethodInvocationImpl.proceed(AopMethodInvocationImpl.java:57) ~[portal-impl.jar:?]
	at com.liferay.portal.spring.aop.AopInvocationHandler.invoke(AopInvocationHandler.java:49) ~[portal-impl.jar:?]
	at com.sun.proxy.$Proxy1252.follow(Unknown Source) ~[?:?]
	at com.liferay.portal.workflow.kaleo.runtime.internal.petra.executor.GraphWalkerPortalExecutor._walk(GraphWalkerPortalExecutor.java:151) ~[?:?]
	at com.liferay.portal.workflow.kaleo.runtime.internal.petra.executor.GraphWalkerPortalExecutor.lambda$execute$1(GraphWalkerPortalExecutor.java:95) ~[?:?]
	at java.util.concurrent.Executors$RunnableAdapter.call(Executors.java:515) [?:?]
	at java.util.concurrent.FutureTask.run(FutureTask.java:264) [?:?]
	at java.util.concurrent.ThreadPoolExecutor.runWorker(ThreadPoolExecutor.java:1128) [?:?]
	at java.util.concurrent.ThreadPoolExecutor$Worker.run(ThreadPoolExecutor.java:628) [?:?]
	at java.lang.Thread.run(Thread.java:834) [?:?]
Caused by: com.liferay.portal.kernel.log.LogSanitizerException: com.liferay.portal.kernel.scripting.ScriptingException: No such property: out for class: Script1_Line 1: _Line 2: 							_Line 3: import com.liferay.portal.kernel.workflow.WorkflowConstants;_Line 4: import com.liferay.portal.kernel.model.Role;_Line 5: import com.liferay.portal.kernel.service.RoleLocalServiceUtil;_Line 6: import com.liferay.portal.kernel.service.UserLocalServiceUtil;_Line 7: out.println(entryClassPK);_Line 8: roles = new ArrayList<Role>();_Line 9: Role role = RoleLocalServiceUtil.getRole(20097, "Purchasing Team");_Line 10: String notificationSubject = "Purchase Requisition ID# Approved";_Line 11: workflowContext.put(WorkflowConstants.CONTEXT_NOTIFICATION_SUBJECT, notificationSubject);_Line 12: roles.add(role);_Line 13: _Line 14: 						_ [Sanitized]
	at com.liferay.portal.scripting.internal.ScriptingImpl.eval(ScriptingImpl.java:93) ~[?:?]
	at com.liferay.portal.workflow.kaleo.runtime.scripting.internal.util.KaleoScriptingEvaluator.execute(KaleoScriptingEvaluator.java:58) ~[?:?]
	at com.liferay.portal.workflow.kaleo.runtime.scripting.internal.notification.recipient.script.ScriptingNotificationRecipientEvaluator.evaluate(ScriptingNotificationRecipientEvaluator.java:54) ~[?:?]
	at com.liferay.portal.workflow.kaleo.runtime.internal.notification.recipient.script.MultiLanguageNotificationRecipientEvaluator.evaluate(MultiLanguageNotificationRecipientEvaluator.java:65) ~[?:?]
	at com.liferay.portal.workflow.kaleo.runtime.internal.notification.recipient.ScriptNotificationRecipientBuilder.processKaleoNotificationRecipient(ScriptNotificationRecipientBuilder.java:56) ~[?:?]
	at com.liferay.portal.workflow.kaleo.runtime.notification.BaseNotificationSender.getNotificationRecipientsMap(BaseNotificationSender.java:149) ~[?:?]
	at com.liferay.portal.workflow.kaleo.runtime.notification.BaseNotificationSender.sendNotification(BaseNotificationSender.java:50) ~[?:?]
	... 20 more
Caused by: groovy.lang.MissingPropertyException: No such property: out for class: Script1
	at org.codehaus.groovy.runtime.ScriptBytecodeAdapter.unwrap(ScriptBytecodeAdapter.java:66) ~[?:?]
	at org.codehaus.groovy.runtime.callsite.PogoGetPropertySite.getProperty(PogoGetPropertySite.java:51) ~[?:?]
	at org.codehaus.groovy.runtime.callsite.AbstractCallSite.callGroovyObjectGetProperty(AbstractCallSite.java:310) ~[?:?]
	at Script1.run(Script1.groovy:7) ~[?:?]
	at com.liferay.portal.scripting.groovy.internal.GroovyScriptingExecutor.eval(GroovyScriptingExecutor.java:63) ~[?:?]
	at com.liferay.portal.scripting.internal.ScriptingImpl.eval(ScriptingImpl.java:88) ~[?:?]
	at com.liferay.portal.workflow.kaleo.runtime.scripting.internal.util.KaleoScriptingEvaluator.execute(KaleoScriptingEvaluator.java:58) ~[?:?]
	at com.liferay.portal.workflow.kaleo.runtime.scripting.internal.notification.recipient.script.ScriptingNotificationRecipientEvaluator.evaluate(ScriptingNotificationRecipientEvaluator.java:54) ~[?:?]
	at com.liferay.portal.workflow.kaleo.runtime.internal.notification.recipient.script.MultiLanguageNotificationRecipientEvaluator.evaluate(MultiLanguageNotificationRecipientEvaluator.java:65) ~[?:?]
	at com.liferay.portal.workflow.kaleo.runtime.internal.notification.recipient.ScriptNotificationRecipientBuilder.processKaleoNotificationRecipient(ScriptNotificationRecipientBuilder.java:56) ~[?:?]
	at com.liferay.portal.workflow.kaleo.runtime.notification.BaseNotificationSender.getNotificationRecipientsMap(BaseNotificationSender.java:149) ~[?:?]
	at com.liferay.portal.workflow.kaleo.runtime.notification.BaseNotificationSender.sendNotification(BaseNotificationSender.java:50) ~[?:?]
	... 20 more
2023-01-03 12:31:25.948 ERROR [com.liferay.portal.workflow.kaleo.runtime.internal.petra.executor.GraphWalkerPortalExecutor-2][GraphWalkerPortalExecutor:163] com.liferay.portal.workflow.kaleo.runtime.notification.NotificationMessageSenderException: Unable to send notification message
com.liferay.portal.kernel.log.LogSanitizerException: com.liferay.portal.workflow.kaleo.runtime.notification.NotificationMessageSenderException: Unable to send notification message
	at com.liferay.portal.workflow.kaleo.runtime.notification.BaseNotificationSender.sendNotification(BaseNotificationSender.java:62) ~[?:?]
	at com.liferay.portal.workflow.kaleo.runtime.internal.helper.NotificationHelperImpl._sendKaleoNotification(NotificationHelperImpl.java:101) ~[?:?]
	at com.liferay.portal.workflow.kaleo.runtime.internal.helper.NotificationHelperImpl.sendKaleoNotifications(NotificationHelperImpl.java:55) ~[?:?]
	at com.liferay.portal.workflow.kaleo.runtime.node.BaseNodeExecutor.enter(BaseNodeExecutor.java:55) ~[?:?]
	at com.liferay.portal.workflow.kaleo.runtime.internal.graph.DefaultGraphWalker.follow(DefaultGraphWalker.java:72) ~[?:?]
	at jdk.internal.reflect.NativeMethodAccessorImpl.invoke0(Native Method) ~[?:?]
	at jdk.internal.reflect.NativeMethodAccessorImpl.invoke(NativeMethodAccessorImpl.java:62) ~[?:?]
	at jdk.internal.reflect.DelegatingMethodAccessorImpl.invoke(DelegatingMethodAccessorImpl.java:43) ~[?:?]
	at java.lang.reflect.Method.invoke(Method.java:566) ~[?:?]
	at com.liferay.portal.spring.aop.AopMethodInvocationImpl.proceed(AopMethodInvocationImpl.java:50) ~[portal-impl.jar:?]
	at com.liferay.portal.spring.transaction.TransactionInterceptor.invoke(TransactionInterceptor.java:69) ~[portal-impl.jar:?]
	at com.liferay.portal.spring.aop.AopMethodInvocationImpl.proceed(AopMethodInvocationImpl.java:57) ~[portal-impl.jar:?]
	at com.liferay.portal.spring.aop.AopInvocationHandler.invoke(AopInvocationHandler.java:49) ~[portal-impl.jar:?]
	at com.sun.proxy.$Proxy1252.follow(Unknown Source) ~[?:?]
	at com.liferay.portal.workflow.kaleo.runtime.internal.petra.executor.GraphWalkerPortalExecutor._walk(GraphWalkerPortalExecutor.java:151) ~[?:?]
	at com.liferay.portal.workflow.kaleo.runtime.internal.petra.executor.GraphWalkerPortalExecutor.lambda$execute$1(GraphWalkerPortalExecutor.java:95) ~[?:?]
	at java.util.concurrent.Executors$RunnableAdapter.call(Executors.java:515) [?:?]
	at java.util.concurrent.FutureTask.run(FutureTask.java:264) [?:?]
	at java.util.concurrent.ThreadPoolExecutor.runWorker(ThreadPoolExecutor.java:1128) [?:?]
	at java.util.concurrent.ThreadPoolExecutor$Worker.run(ThreadPoolExecutor.java:628) [?:?]
	at java.lang.Thread.run(Thread.java:834) [?:?]
Caused by: com.liferay.portal.kernel.log.LogSanitizerException: com.liferay.portal.kernel.scripting.ScriptingException: No such property: out for class: Script1_Line 1: _Line 2: 							_Line 3: import com.liferay.portal.kernel.workflow.WorkflowConstants;_Line 4: import com.liferay.portal.kernel.model.Role;_Line 5: import com.liferay.portal.kernel.service.RoleLocalServiceUtil;_Line 6: import com.liferay.portal.kernel.service.UserLocalServiceUtil;_Line 7: String entryClassPK = (String)workflowContext.get(WorkflowConstants.CONTEXT_ENTRY_CLASS_PK);_Line 8: _Line 9: out.println(entryClassPK);_Line 10: roles = new ArrayList<Role>();_Line 11: Role role = RoleLocalServiceUtil.getRole(20097, "Purchasing Team");_Line 12: String notificationSubject = "Purchase Requisition ID# Approved";_Line 13: workflowContext.put(WorkflowConstants.CONTEXT_NOTIFICATION_SUBJECT, notificationSubject);_Line 14: roles.add(role);_Line 15: _Line 16: 						_ [Sanitized]
	at com.liferay.portal.scripting.internal.ScriptingImpl.eval(ScriptingImpl.java:93) ~[?:?]
	at com.liferay.portal.workflow.kaleo.runtime.scripting.internal.util.KaleoScriptingEvaluator.execute(KaleoScriptingEvaluator.java:58) ~[?:?]
	at com.liferay.portal.workflow.kaleo.runtime.scripting.internal.notification.recipient.script.ScriptingNotificationRecipientEvaluator.evaluate(ScriptingNotificationRecipientEvaluator.java:54) ~[?:?]
	at com.liferay.portal.workflow.kaleo.runtime.internal.notification.recipient.script.MultiLanguageNotificationRecipientEvaluator.evaluate(MultiLanguageNotificationRecipientEvaluator.java:65) ~[?:?]
	at com.liferay.portal.workflow.kaleo.runtime.internal.notification.recipient.ScriptNotificationRecipientBuilder.processKaleoNotificationRecipient(ScriptNotificationRecipientBuilder.java:56) ~[?:?]
	at com.liferay.portal.workflow.kaleo.runtime.notification.BaseNotificationSender.getNotificationRecipientsMap(BaseNotificationSender.java:149) ~[?:?]
	at com.liferay.portal.workflow.kaleo.runtime.notification.BaseNotificationSender.sendNotification(BaseNotificationSender.java:50) ~[?:?]
	... 20 more
Caused by: groovy.lang.MissingPropertyException: No such property: out for class: Script1
	at org.codehaus.groovy.runtime.ScriptBytecodeAdapter.unwrap(ScriptBytecodeAdapter.java:66) ~[?:?]
	at org.codehaus.groovy.runtime.callsite.PogoGetPropertySite.getProperty(PogoGetPropertySite.java:51) ~[?:?]
	at org.codehaus.groovy.runtime.callsite.AbstractCallSite.callGroovyObjectGetProperty(AbstractCallSite.java:310) ~[?:?]
	at Script1.run(Script1.groovy:9) ~[?:?]
	at com.liferay.portal.scripting.groovy.internal.GroovyScriptingExecutor.eval(GroovyScriptingExecutor.java:63) ~[?:?]
	at com.liferay.portal.scripting.internal.ScriptingImpl.eval(ScriptingImpl.java:88) ~[?:?]
	at com.liferay.portal.workflow.kaleo.runtime.scripting.internal.util.KaleoScriptingEvaluator.execute(KaleoScriptingEvaluator.java:58) ~[?:?]
	at com.liferay.portal.workflow.kaleo.runtime.scripting.internal.notification.recipient.script.ScriptingNotificationRecipientEvaluator.evaluate(ScriptingNotificationRecipientEvaluator.java:54) ~[?:?]
	at com.liferay.portal.workflow.kaleo.runtime.internal.notification.recipient.script.MultiLanguageNotificationRecipientEvaluator.evaluate(MultiLanguageNotificationRecipientEvaluator.java:65) ~[?:?]
	at com.liferay.portal.workflow.kaleo.runtime.internal.notification.recipient.ScriptNotificationRecipientBuilder.processKaleoNotificationRecipient(ScriptNotificationRecipientBuilder.java:56) ~[?:?]
	at com.liferay.portal.workflow.kaleo.runtime.notification.BaseNotificationSender.getNotificationRecipientsMap(BaseNotificationSender.java:149) ~[?:?]
	at com.liferay.portal.workflow.kaleo.runtime.notification.BaseNotificationSender.sendNotification(BaseNotificationSender.java:50) ~[?:?]
	... 20 more
2023-01-03 12:35:02.960 ERROR [com.liferay.portal.workflow.kaleo.runtime.internal.petra.executor.GraphWalkerPortalExecutor-2][GraphWalkerPortalExecutor:163] com.liferay.portal.workflow.kaleo.runtime.notification.NotificationMessageSenderException: Unable to send notification message
com.liferay.portal.kernel.log.LogSanitizerException: com.liferay.portal.workflow.kaleo.runtime.notification.NotificationMessageSenderException: Unable to send notification message
	at com.liferay.portal.workflow.kaleo.runtime.notification.BaseNotificationSender.sendNotification(BaseNotificationSender.java:62) ~[?:?]
	at com.liferay.portal.workflow.kaleo.runtime.internal.helper.NotificationHelperImpl._sendKaleoNotification(NotificationHelperImpl.java:101) ~[?:?]
	at com.liferay.portal.workflow.kaleo.runtime.internal.helper.NotificationHelperImpl.sendKaleoNotifications(NotificationHelperImpl.java:55) ~[?:?]
	at com.liferay.portal.workflow.kaleo.runtime.node.BaseNodeExecutor.enter(BaseNodeExecutor.java:55) ~[?:?]
	at com.liferay.portal.workflow.kaleo.runtime.internal.graph.DefaultGraphWalker.follow(DefaultGraphWalker.java:72) ~[?:?]
	at jdk.internal.reflect.NativeMethodAccessorImpl.invoke0(Native Method) ~[?:?]
	at jdk.internal.reflect.NativeMethodAccessorImpl.invoke(NativeMethodAccessorImpl.java:62) ~[?:?]
	at jdk.internal.reflect.DelegatingMethodAccessorImpl.invoke(DelegatingMethodAccessorImpl.java:43) ~[?:?]
	at java.lang.reflect.Method.invoke(Method.java:566) ~[?:?]
	at com.liferay.portal.spring.aop.AopMethodInvocationImpl.proceed(AopMethodInvocationImpl.java:50) ~[portal-impl.jar:?]
	at com.liferay.portal.spring.transaction.TransactionInterceptor.invoke(TransactionInterceptor.java:69) ~[portal-impl.jar:?]
	at com.liferay.portal.spring.aop.AopMethodInvocationImpl.proceed(AopMethodInvocationImpl.java:57) ~[portal-impl.jar:?]
	at com.liferay.portal.spring.aop.AopInvocationHandler.invoke(AopInvocationHandler.java:49) ~[portal-impl.jar:?]
	at com.sun.proxy.$Proxy1252.follow(Unknown Source) ~[?:?]
	at com.liferay.portal.workflow.kaleo.runtime.internal.petra.executor.GraphWalkerPortalExecutor._walk(GraphWalkerPortalExecutor.java:151) ~[?:?]
	at com.liferay.portal.workflow.kaleo.runtime.internal.petra.executor.GraphWalkerPortalExecutor.lambda$execute$1(GraphWalkerPortalExecutor.java:95) ~[?:?]
	at java.util.concurrent.Executors$RunnableAdapter.call(Executors.java:515) [?:?]
	at java.util.concurrent.FutureTask.run(FutureTask.java:264) [?:?]
	at java.util.concurrent.ThreadPoolExecutor.runWorker(ThreadPoolExecutor.java:1128) [?:?]
	at java.util.concurrent.ThreadPoolExecutor$Worker.run(ThreadPoolExecutor.java:628) [?:?]
	at java.lang.Thread.run(Thread.java:834) [?:?]
Caused by: com.liferay.portal.kernel.log.LogSanitizerException: com.liferay.portal.kernel.scripting.ScriptingException: No such property: out for class: Script1_Line 1: _Line 2: 							_Line 3: _Line 4: import com.liferay.portal.kernel.workflow.WorkflowConstants;_Line 5: import com.liferay.portal.kernel.model.Role;_Line 6: import com.liferay.portal.kernel.service.RoleLocalServiceUtil;_Line 7: String entryClassPk = (String)workflowContext.get(WorkflowConstants.CONTEXT_ENTRY_CLASS_PK);_Line 8: out.println("ebysjc: "+entryClassPk);_Line 9: roles = new ArrayList<Role>();_Line 10: user=null;_Line 11: Role role = RoleLocalServiceUtil.getRole(20097, "Purchasing Team");_Line 12: String notificationSubject = "Purchase Requisition ID# Approved";_Line 13: workflowContext.put(WorkflowConstants.CONTEXT_NOTIFICATION_SUBJECT, notificationSubject);_Line 14: roles.add(role);_Line 15: 						_ [Sanitized]
	at com.liferay.portal.scripting.internal.ScriptingImpl.eval(ScriptingImpl.java:93) ~[?:?]
	at com.liferay.portal.workflow.kaleo.runtime.scripting.internal.util.KaleoScriptingEvaluator.execute(KaleoScriptingEvaluator.java:58) ~[?:?]
	at com.liferay.portal.workflow.kaleo.runtime.scripting.internal.notification.recipient.script.ScriptingNotificationRecipientEvaluator.evaluate(ScriptingNotificationRecipientEvaluator.java:54) ~[?:?]
	at com.liferay.portal.workflow.kaleo.runtime.internal.notification.recipient.script.MultiLanguageNotificationRecipientEvaluator.evaluate(MultiLanguageNotificationRecipientEvaluator.java:65) ~[?:?]
	at com.liferay.portal.workflow.kaleo.runtime.internal.notification.recipient.ScriptNotificationRecipientBuilder.processKaleoNotificationRecipient(ScriptNotificationRecipientBuilder.java:56) ~[?:?]
	at com.liferay.portal.workflow.kaleo.runtime.notification.BaseNotificationSender.getNotificationRecipientsMap(BaseNotificationSender.java:149) ~[?:?]
	at com.liferay.portal.workflow.kaleo.runtime.notification.BaseNotificationSender.sendNotification(BaseNotificationSender.java:50) ~[?:?]
	... 20 more
Caused by: groovy.lang.MissingPropertyException: No such property: out for class: Script1
	at org.codehaus.groovy.runtime.ScriptBytecodeAdapter.unwrap(ScriptBytecodeAdapter.java:66) ~[?:?]
	at org.codehaus.groovy.runtime.callsite.PogoGetPropertySite.getProperty(PogoGetPropertySite.java:51) ~[?:?]
	at org.codehaus.groovy.runtime.callsite.AbstractCallSite.callGroovyObjectGetProperty(AbstractCallSite.java:310) ~[?:?]
	at Script1.run(Script1.groovy:8) ~[?:?]
	at com.liferay.portal.scripting.groovy.internal.GroovyScriptingExecutor.eval(GroovyScriptingExecutor.java:63) ~[?:?]
	at com.liferay.portal.scripting.internal.ScriptingImpl.eval(ScriptingImpl.java:88) ~[?:?]
	at com.liferay.portal.workflow.kaleo.runtime.scripting.internal.util.KaleoScriptingEvaluator.execute(KaleoScriptingEvaluator.java:58) ~[?:?]
	at com.liferay.portal.workflow.kaleo.runtime.scripting.internal.notification.recipient.script.ScriptingNotificationRecipientEvaluator.evaluate(ScriptingNotificationRecipientEvaluator.java:54) ~[?:?]
	at com.liferay.portal.workflow.kaleo.runtime.internal.notification.recipient.script.MultiLanguageNotificationRecipientEvaluator.evaluate(MultiLanguageNotificationRecipientEvaluator.java:65) ~[?:?]
	at com.liferay.portal.workflow.kaleo.runtime.internal.notification.recipient.ScriptNotificationRecipientBuilder.processKaleoNotificationRecipient(ScriptNotificationRecipientBuilder.java:56) ~[?:?]
	at com.liferay.portal.workflow.kaleo.runtime.notification.BaseNotificationSender.getNotificationRecipientsMap(BaseNotificationSender.java:149) ~[?:?]
	at com.liferay.portal.workflow.kaleo.runtime.notification.BaseNotificationSender.sendNotification(BaseNotificationSender.java:50) ~[?:?]
	... 20 more
2023-01-03 12:35:55.991 WARN  [liferay/mail-2][MailMessageListener:140] Email test@liferay.com will be ignored because it is included in mail.send.blacklist
2023-01-03 12:38:54.400 ERROR [com.liferay.portal.workflow.kaleo.runtime.internal.petra.executor.GraphWalkerPortalExecutor-2][GraphWalkerPortalExecutor:163] com.liferay.portal.workflow.kaleo.runtime.notification.NotificationMessageSenderException: Unable to send notification message
com.liferay.portal.kernel.log.LogSanitizerException: com.liferay.portal.workflow.kaleo.runtime.notification.NotificationMessageSenderException: Unable to send notification message
	at com.liferay.portal.workflow.kaleo.runtime.notification.BaseNotificationSender.sendNotification(BaseNotificationSender.java:62) ~[?:?]
	at com.liferay.portal.workflow.kaleo.runtime.internal.helper.NotificationHelperImpl._sendKaleoNotification(NotificationHelperImpl.java:101) ~[?:?]
	at com.liferay.portal.workflow.kaleo.runtime.internal.helper.NotificationHelperImpl.sendKaleoNotifications(NotificationHelperImpl.java:55) ~[?:?]
	at com.liferay.portal.workflow.kaleo.runtime.node.BaseNodeExecutor.enter(BaseNodeExecutor.java:55) ~[?:?]
	at com.liferay.portal.workflow.kaleo.runtime.internal.graph.DefaultGraphWalker.follow(DefaultGraphWalker.java:72) ~[?:?]
	at jdk.internal.reflect.NativeMethodAccessorImpl.invoke0(Native Method) ~[?:?]
	at jdk.internal.reflect.NativeMethodAccessorImpl.invoke(NativeMethodAccessorImpl.java:62) ~[?:?]
	at jdk.internal.reflect.DelegatingMethodAccessorImpl.invoke(DelegatingMethodAccessorImpl.java:43) ~[?:?]
	at java.lang.reflect.Method.invoke(Method.java:566) ~[?:?]
	at com.liferay.portal.spring.aop.AopMethodInvocationImpl.proceed(AopMethodInvocationImpl.java:50) ~[portal-impl.jar:?]
	at com.liferay.portal.spring.transaction.TransactionInterceptor.invoke(TransactionInterceptor.java:69) ~[portal-impl.jar:?]
	at com.liferay.portal.spring.aop.AopMethodInvocationImpl.proceed(AopMethodInvocationImpl.java:57) ~[portal-impl.jar:?]
	at com.liferay.portal.spring.aop.AopInvocationHandler.invoke(AopInvocationHandler.java:49) ~[portal-impl.jar:?]
	at com.sun.proxy.$Proxy1252.follow(Unknown Source) ~[?:?]
	at com.liferay.portal.workflow.kaleo.runtime.internal.petra.executor.GraphWalkerPortalExecutor._walk(GraphWalkerPortalExecutor.java:151) ~[?:?]
	at com.liferay.portal.workflow.kaleo.runtime.internal.petra.executor.GraphWalkerPortalExecutor.lambda$execute$1(GraphWalkerPortalExecutor.java:95) ~[?:?]
	at java.util.concurrent.Executors$RunnableAdapter.call(Executors.java:515) [?:?]
	at java.util.concurrent.FutureTask.run(FutureTask.java:264) [?:?]
	at java.util.concurrent.ThreadPoolExecutor.runWorker(ThreadPoolExecutor.java:1128) [?:?]
	at java.util.concurrent.ThreadPoolExecutor$Worker.run(ThreadPoolExecutor.java:628) [?:?]
	at java.lang.Thread.run(Thread.java:834) [?:?]
Caused by: com.liferay.portal.kernel.log.LogSanitizerException: com.liferay.portal.kernel.scripting.ScriptingException: No such property: out for class: Script1_Line 1: _Line 2: 							_Line 3: _Line 4: import com.liferay.portal.kernel.workflow.WorkflowConstants;_Line 5: import com.liferay.portal.kernel.model.Role;_Line 6: import com.liferay.portal.kernel.util.GetterUtil;_Line 7: import com.liferay.portal.kernel.service.RoleLocalServiceUtil;_Line 8: roles = new ArrayList<Role>();_Line 9: user=null;_Line 10: long classPK = GetterUtil.getLong((String)workflowContext.get(WorkflowConstants.CONTEXT_ENTRY_CLASS_PK));_Line 11: _Line 12: out.println("ebysjc: "+classPK);_Line 13: Role role = RoleLocalServiceUtil.getRole(20097, "Purchasing Team");_Line 14: String notificationSubject = "Purchase Requisition ID# Approved";_Line 15: workflowContext.put(WorkflowConstants.CONTEXT_NOTIFICATION_SUBJECT, notificationSubject);_Line 16: roles.add(role);_Line 17: 						_ [Sanitized]
	at com.liferay.portal.scripting.internal.ScriptingImpl.eval(ScriptingImpl.java:93) ~[?:?]
	at com.liferay.portal.workflow.kaleo.runtime.scripting.internal.util.KaleoScriptingEvaluator.execute(KaleoScriptingEvaluator.java:58) ~[?:?]
	at com.liferay.portal.workflow.kaleo.runtime.scripting.internal.notification.recipient.script.ScriptingNotificationRecipientEvaluator.evaluate(ScriptingNotificationRecipientEvaluator.java:54) ~[?:?]
	at com.liferay.portal.workflow.kaleo.runtime.internal.notification.recipient.script.MultiLanguageNotificationRecipientEvaluator.evaluate(MultiLanguageNotificationRecipientEvaluator.java:65) ~[?:?]
	at com.liferay.portal.workflow.kaleo.runtime.internal.notification.recipient.ScriptNotificationRecipientBuilder.processKaleoNotificationRecipient(ScriptNotificationRecipientBuilder.java:56) ~[?:?]
	at com.liferay.portal.workflow.kaleo.runtime.notification.BaseNotificationSender.getNotificationRecipientsMap(BaseNotificationSender.java:149) ~[?:?]
	at com.liferay.portal.workflow.kaleo.runtime.notification.BaseNotificationSender.sendNotification(BaseNotificationSender.java:50) ~[?:?]
	... 20 more
Caused by: groovy.lang.MissingPropertyException: No such property: out for class: Script1
	at org.codehaus.groovy.runtime.ScriptBytecodeAdapter.unwrap(ScriptBytecodeAdapter.java:66) ~[?:?]
	at org.codehaus.groovy.runtime.callsite.PogoGetPropertySite.getProperty(PogoGetPropertySite.java:51) ~[?:?]
	at org.codehaus.groovy.runtime.callsite.AbstractCallSite.callGroovyObjectGetProperty(AbstractCallSite.java:310) ~[?:?]
	at Script1.run(Script1.groovy:12) ~[?:?]
	at com.liferay.portal.scripting.groovy.internal.GroovyScriptingExecutor.eval(GroovyScriptingExecutor.java:63) ~[?:?]
	at com.liferay.portal.scripting.internal.ScriptingImpl.eval(ScriptingImpl.java:88) ~[?:?]
	at com.liferay.portal.workflow.kaleo.runtime.scripting.internal.util.KaleoScriptingEvaluator.execute(KaleoScriptingEvaluator.java:58) ~[?:?]
	at com.liferay.portal.workflow.kaleo.runtime.scripting.internal.notification.recipient.script.ScriptingNotificationRecipientEvaluator.evaluate(ScriptingNotificationRecipientEvaluator.java:54) ~[?:?]
	at com.liferay.portal.workflow.kaleo.runtime.internal.notification.recipient.script.MultiLanguageNotificationRecipientEvaluator.evaluate(MultiLanguageNotificationRecipientEvaluator.java:65) ~[?:?]
	at com.liferay.portal.workflow.kaleo.runtime.internal.notification.recipient.ScriptNotificationRecipientBuilder.processKaleoNotificationRecipient(ScriptNotificationRecipientBuilder.java:56) ~[?:?]
	at com.liferay.portal.workflow.kaleo.runtime.notification.BaseNotificationSender.getNotificationRecipientsMap(BaseNotificationSender.java:149) ~[?:?]
	at com.liferay.portal.workflow.kaleo.runtime.notification.BaseNotificationSender.sendNotification(BaseNotificationSender.java:50) ~[?:?]
	... 20 more
2023-01-03 12:39:27.916 WARN  [liferay/mail-2][MailMessageListener:140] Email test@liferay.com will be ignored because it is included in mail.send.blacklist
2023-01-03 13:03:22.034 WARN  [liferay/mail-2][MailMessageListener:140] Email test@liferay.com will be ignored because it is included in mail.send.blacklist
2023-01-03 13:33:09.387 INFO  [Thread-7][ThemeHotDeployListener:171] 1 theme for cstheme2-theme was unregistered
2023-01-03 13:33:09.426 INFO  [Thread-7][ThemeHotDeployListener:171] 1 theme for my-liferay-theme was unregistered
2023-01-03 13:33:09.441 INFO  [Thread-7][ThemeHotDeployListener:171] 1 theme for demotheme-theme was unregistered
2023-01-03 13:33:09.454 INFO  [Thread-7][ThemeHotDeployListener:171] 1 theme for democlassictheme-theme was unregistered
2023-01-03 13:33:09.468 INFO  [Thread-7][LayoutTemplateHotDeployListener:156] 1 layout template for LayoutTemplateDemo was unregistered
2023-01-03 13:33:09.490 INFO  [Thread-7][HookHotDeployListener:544] Hook for LangHook was unregistered
2023-01-03 13:33:09.502 INFO  [Thread-7][ThemeHotDeployListener:171] 1 theme for admin-theme was unregistered
2023-01-03 13:33:09.517 INFO  [Thread-7][ThemeHotDeployListener:171] 1 theme for minium-theme was unregistered
2023-01-03 13:33:09.556 INFO  [Thread-7][ThemeHotDeployListener:171] 1 theme for speedwell-theme was unregistered
2023-01-03 13:33:09.577 INFO  [Thread-7][ThemeHotDeployListener:171] 1 theme for dialect-theme was unregistered
2023-01-03 13:33:09.595 INFO  [Thread-7][ThemeHotDeployListener:171] 1 theme for classic-theme was unregistered
