2023-02-27 04:49:54.025 INFO  [main][PortalContextLoaderListener:123] JVM arguments: -Dcatalina.base=/media/root322/Data/Documents/LiferayWorkspace/bundles/tomcat-9.0.56 -Dcatalina.home=/media/root322/Data/Documents/LiferayWorkspace/bundles/tomcat-9.0.56 -Dfile.encoding=UTF8 -Djava.io.tmpdir=/media/root322/Data/Documents/LiferayWorkspace/bundles/tomcat-9.0.56/temp -Djava.net.preferIPv4Stack=true -Djava.util.logging.config.file=/media/root322/Data/Documents/LiferayWorkspace/bundles/tomcat-9.0.56/conf/logging.properties -Djava.util.logging.manager=org.apache.juli.ClassLoaderLogManager -Dorg.apache.catalina.loader.WebappClassLoader.ENABLE_CLEAR_REFERENCES=false -Duser.timezone=GMT -Xmx2560m -XX:MaxMetaspaceSize=768m -XX:MetaspaceSize=768m -javaagent:/snap/intellij-idea-ultimate/405/lib/idea_rt.jar=33395:/snap/intellij-idea-ultimate/405/bin
2023-02-27 04:49:57.986 INFO  [main][DialectDetector:153] Using dialect org.hibernate.dialect.MySQL8Dialect for MySQL 8.0
2023-02-27 04:50:03.456 INFO  [main][ModuleFrameworkImpl:1279] Starting initial bundles
2023-02-27 04:50:04.127 INFO  [ModuleFramework-Static-Bundles-2][InterpolationConfigurationPlugin:109] Configured directory for secrets: /media/root322/Data/Documents/LiferayWorkspace/bundles/osgi/configs
2023-02-27 04:50:05.995 INFO  [ModuleFramework-Static-Bundles-5][DefaultLPKGDeployer:456] Using overriding JAR bundle LPKG-Override::/media/root322/Data/Documents/LiferayWorkspace/bundles/osgi/marketplace/override/com.liferay.document.library.web.jar
2023-02-27 04:50:05.995 INFO  [ModuleFramework-Static-Bundles-5][DefaultLPKGDeployer:456] Using overriding JAR bundle LPKG-Override::/media/root322/Data/Documents/LiferayWorkspace/bundles/osgi/marketplace/override/com.liferay.portal.language.lang.jar
2023-02-27 04:50:06.148 INFO  [main][ModuleFrameworkImpl:1576] Started initial bundles
2023-02-27 04:50:06.148 INFO  [main][ModuleFrameworkImpl:1625] Starting dynamic bundles
2023-02-27 04:50:31.463 INFO  [Start Level: Equinox Container: dcc6b6da-a868-48c9-b50c-31f4c2bebb49][MessageBusRegistrator:41] Message Listener Registered..com.liferaysavvy.messagebus.event.listener.MessageBusRegisteredParallelMessageListener@16f214d
2023-02-27 04:50:31.464 INFO  [Start Level: Equinox Container: dcc6b6da-a868-48c9-b50c-31f4c2bebb49][MessageBusRegistrator:45] Message Listener Registered..com.liferaysavvy.messagebus.event.listener.MessageBusRegisteredSerialMessageListener@538fffa6
2023-02-27 04:50:31.466 INFO  [Start Level: Equinox Container: dcc6b6da-a868-48c9-b50c-31f4c2bebb49][MessageBusRegistrator:49] Message Listener Registered..com.liferaysavvy.messagebus.event.listener.MessageBusRegisteredSynchronousMessageListener@5e4b39f1
2023-02-27 04:50:31.578 INFO  [main][ModuleFrameworkImpl:1647] Started dynamic bundles
2023-02-27 04:50:31.579 INFO  [main][ModuleFrameworkImpl:1654] Starting web bundles
2023-02-27 04:50:38.688 INFO  [main][ModuleFrameworkImpl:1708] Started web bundles
2023-02-27 04:50:38.689 INFO  [main][ModuleFrameworkImpl:278] Navigate to Control Panel > System > Gogo Shell and enter "lb" to see all bundles
2023-02-27 04:50:38.738 INFO  [main][LoggingTimer:83] Starting com.liferay.portal.verify.VerifyProperties#verifySystemProperties
2023-02-27 04:50:38.739 INFO  [main][LoggingTimer:44] Completed com.liferay.portal.verify.VerifyProperties#verifySystemProperties in 0 ms
2023-02-27 04:50:38.758 INFO  [main][LoggingTimer:83] Starting com.liferay.portal.verify.VerifyProperties#verifyPortalProperties
2023-02-27 04:50:38.859 ERROR [main][VerifyProperties:182] Portal property "journal.article.form.add" is obsolete
2023-02-27 04:50:38.860 ERROR [main][VerifyProperties:182] Portal property "journal.article.form.update" is obsolete
2023-02-27 04:50:38.860 ERROR [main][VerifyProperties:182] Portal property "journal.article.form.translate" is obsolete
2023-02-27 04:50:38.861 INFO  [main][LoggingTimer:44] Completed com.liferay.portal.verify.VerifyProperties#verifyPortalProperties in 102 ms
2023-02-27 04:50:38.861 INFO  [main][LoggingTimer:83] Starting com.liferay.portal.verify.VerifyProperties#verifyDocumentLibrary
2023-02-27 04:50:38.861 INFO  [main][LoggingTimer:44] Completed com.liferay.portal.verify.VerifyProperties#verifyDocumentLibrary in 0 ms
2023-02-27 04:50:40.134 INFO  [main][LoggingTimer:83] Starting com.liferay.portal.events.StartupHelperUtil#initResourceActions
2023-02-27 04:50:40.244 INFO  [main][LoggingTimer:44] Completed com.liferay.portal.events.StartupHelperUtil#initResourceActions in 110 ms
2023-02-27 04:50:46.067 WARN  [main][SidecarManager:103] Liferay automatically starts a child process of Elasticsearch named sidecar for convenient development and demonstration purposes. Do NOT use sidecar in production. Refer to the documentation for details on the limitations of sidecar and instructions on configuring a remote Elasticsearch connection in the Control Panel.
2023-02-27 04:51:16.120 INFO  [main][Sidecar:119] Sidecar Elasticsearch liferay started at 127.0.0.1:9501
2023-02-27 04:51:22.791 INFO  [main][MessageBusEventListenerNotification:33] **********Destination Added***********liferay/ddm_structure_reindex
2023-02-27 04:51:22.800 INFO  [main][MessageBusEventListenerNotification:33] **********Destination Added***********liferay/tensorflow_model_download
2023-02-27 04:51:22.816 INFO  [main][MessageBusEventListenerNotification:33] **********Destination Added***********liferay/interest_terms
2023-02-27 04:51:22.831 INFO  [main][MessageBusEventListenerNotification:33] **********Destination Added***********liferay/search_reader/SYSTEM_ENGINE
2023-02-27 04:51:22.837 INFO  [main][MessageBusEventListenerNotification:33] **********Destination Added***********liferay/search_writer/SYSTEM_ENGINE
2023-02-27 04:51:22.903 INFO  [main][ParellelDestinationConfig:83] Destination is creared ..liferaysavvy/parallel-destination
2023-02-27 04:51:22.907 INFO  [main][MessageBusEventListenerNotification:33] **********Destination Added***********liferaysavvy/parallel-destination
2023-02-27 04:51:22.917 INFO  [main][ParellelDestinationConfig:90] Destination is registred with Service Regisration ..
2023-02-27 04:51:22.921 INFO  [main][SerialDestinationConfig:83] Destination is creared ..liferaysavvy/serial-destination
2023-02-27 04:51:22.924 INFO  [main][MessageBusEventListenerNotification:33] **********Destination Added***********liferaysavvy/serial-destination
2023-02-27 04:51:22.940 INFO  [main][SerialDestinationConfig:90] Destination is registred with Service Regisration ..
2023-02-27 04:51:22.944 INFO  [main][SynchronousDestinationConfig:83] Destination is creared ..liferaysavvy/synchronous-destination
2023-02-27 04:51:22.949 INFO  [main][DestinationListenerRegistrator:41] Message Listener Registered..com.liferaysavvy.messagebus.event.listener.DestinationRegisteredParallelMessageListener@10d0b00c
2023-02-27 04:51:22.952 INFO  [main][DestinationListenerRegistrator:45] Message Listener Registered..com.liferaysavvy.messagebus.event.listener.DestinationRegisteredSerialMessageListener@739e7618
2023-02-27 04:51:22.954 INFO  [main][DestinationListenerRegistrator:49] Message Listener Registered..com.liferaysavvy.messagebus.event.listener.DestinationRegisteredSynchronousMessageListener@2202d2ed
2023-02-27 04:51:22.959 INFO  [main][MessageBusEventListenerNotification:33] **********Destination Added***********liferaysavvy/synchronous-destination
2023-02-27 04:51:22.962 INFO  [main][SynchronousDestinationConfig:90] Destination is registred with Service Regisration ..
2023-02-27 04:51:22.965 INFO  [main][MessageBusEventListenerNotification:33] **********Destination Added***********liferay/segments_entry_reindex
2023-02-27 04:51:22.973 INFO  [main][MessageBusEventListenerNotification:33] **********Destination Added***********liferay/audit
2023-02-27 04:51:22.993 INFO  [main][MessageBusEventListenerNotification:33] **********Destination Added***********liferay/monitoring
2023-02-27 04:51:23.004 INFO  [main][MessageBusEventListenerNotification:33] **********Destination Added***********liferay/export_import_lifecycle_event_async
2023-02-27 04:51:23.012 INFO  [main][MessageBusEventListenerNotification:33] **********Destination Added***********liferay/export_import_lifecycle_event_sync
2023-02-27 04:51:23.018 INFO  [main][MessageBusEventListenerNotification:33] **********Destination Added***********liferay/scheduled_user_ldap_import
2023-02-27 04:51:23.026 INFO  [main][MessageBusEventListenerNotification:33] **********Destination Added***********liferay/scripting_executor
2023-02-27 04:51:23.049 INFO  [main][MessageBusEventListenerNotification:33] **********Destination Added***********liferay/search_reader/GENERIC_ENGINE
2023-02-27 04:51:23.056 INFO  [main][MessageBusEventListenerNotification:33] **********Destination Added***********liferay/search_writer/GENERIC_ENGINE
2023-02-27 04:51:23.066 INFO  [main][MessageBusEventListenerNotification:33] **********Destination Added***********liferay/analytics_messages_processor
2023-02-27 04:51:23.073 INFO  [main][MessageBusEventListenerNotification:33] **********Destination Added***********liferay/commerce_base_price_list
2023-02-27 04:51:23.078 INFO  [main][MessageBusEventListenerNotification:33] **********Destination Added***********liferay/commerce_order_status
2023-02-27 04:51:23.082 INFO  [main][MessageBusEventListenerNotification:33] **********Destination Added***********liferay/commerce_payment_status
2023-02-27 04:51:23.086 INFO  [main][MessageBusEventListenerNotification:33] **********Destination Added***********liferay/commerce_shipment_status
2023-02-27 04:51:23.090 INFO  [main][MessageBusEventListenerNotification:33] **********Destination Added***********liferay/commerce_subscription_status
2023-02-27 04:51:23.098 INFO  [main][MessageBusEventListenerNotification:33] **********Destination Added***********liferay/adaptive_media_processor
2023-02-27 04:51:23.104 INFO  [main][MessageBusEventListenerNotification:33] **********Destination Added***********liferay/message_bus/default_response
2023-02-27 04:51:23.108 INFO  [main][MessageBusEventListenerNotification:33] **********Destination Added***********liferay/message_bus/message_status
2023-02-27 04:51:23.114 INFO  [main][MessageBusEventListenerNotification:33] **********Destination Added***********liferay/live_users
2023-02-27 04:51:23.133 INFO  [main][MessageBusEventListenerNotification:33] **********Destination Added***********liferay/document_library_audio_processor
2023-02-27 04:51:23.137 INFO  [main][MessageBusEventListenerNotification:33] **********Destination Added***********liferay/async_service
2023-02-27 04:51:23.142 INFO  [main][MessageBusEventListenerNotification:33] **********Destination Added***********liferay/layouts_local_publisher
2023-02-27 04:51:23.147 INFO  [main][MessageBusEventListenerNotification:33] **********Destination Added***********liferay/convert_process
2023-02-27 04:51:23.151 INFO  [main][MessageBusEventListenerNotification:33] **********Destination Added***********liferay/document_library_pdf_processor
2023-02-27 04:51:23.155 INFO  [main][MessageBusEventListenerNotification:33] **********Destination Added***********liferay/subscription_clean_up
2023-02-27 04:51:23.159 INFO  [main][MessageBusEventListenerNotification:33] **********Destination Added***********liferay/document_library_video_processor
2023-02-27 04:51:23.173 INFO  [main][MessageBusEventListenerNotification:33] **********Destination Added***********liferay/document_library_raw_metadata_processor
2023-02-27 04:51:23.176 INFO  [main][MessageBusEventListenerNotification:33] **********Destination Added***********liferay/document_library_image_processor
2023-02-27 04:51:23.180 INFO  [main][MessageBusEventListenerNotification:33] **********Destination Added***********liferay/message_boards_mailing_list
2023-02-27 04:51:23.185 INFO  [main][MessageBusEventListenerNotification:33] **********Destination Added***********liferay/subscription_sender
2023-02-27 04:51:23.190 INFO  [main][MessageBusEventListenerNotification:33] **********Destination Added***********liferay/hot_deploy
2023-02-27 04:51:23.205 INFO  [main][MessageBusEventListenerNotification:33] **********Destination Added***********liferay/layouts_remote_publisher
2023-02-27 04:51:23.234 INFO  [main][MessageBusEventListenerNotification:33] **********Destination Added***********liferay/poller_comet_response
2023-02-27 04:51:23.238 INFO  [main][MessageBusEventListenerNotification:33] **********Destination Added***********liferay/poller_response
2023-02-27 04:51:23.246 INFO  [main][MessageBusEventListenerNotification:33] **********Destination Added***********liferay/poller
2023-02-27 04:51:23.260 INFO  [main][MessageBusEventListenerNotification:33] **********Destination Added***********liferay/workflow_definition
2023-02-27 04:51:23.267 INFO  [main][MessageBusEventListenerNotification:33] **********Destination Added***********liferay/workflow_instance
2023-02-27 04:51:23.272 INFO  [main][MessageBusEventListenerNotification:33] **********Destination Added***********liferay/workflow_log
2023-02-27 04:51:23.277 INFO  [main][MessageBusEventListenerNotification:33] **********Destination Added***********liferay/workflow_task
2023-02-27 04:51:23.281 INFO  [main][MessageBusEventListenerNotification:33] **********Destination Added***********liferay/workflow_engine
2023-02-27 04:51:23.285 INFO  [main][MessageBusEventListenerNotification:33] **********Destination Added***********liferay/workflow_comparator
2023-02-27 04:51:23.301 INFO  [main][MessageBusEventListenerNotification:33] **********Destination Added***********liferay/workflow_status
2023-02-27 04:51:23.305 INFO  [main][MessageBusEventListenerNotification:33] **********Destination Added***********liferay/mail
2023-02-27 04:51:23.715 INFO  [main][MessageBusEventListenerNotification:33] **********Destination Added***********liferay/flags
2023-02-27 04:51:26.903 INFO  [main][StartupHelperUtil:86] There are no patches installed
2023-02-27 04:51:26.934 INFO  [main][LoggingTimer:83] Starting com.liferay.portal.events.StartupHelperUtil#initResourceActions
2023-02-27 04:51:26.989 INFO  [main][LoggingTimer:44] Completed com.liferay.portal.events.StartupHelperUtil#initResourceActions in 55 ms
2023-02-27 04:51:26.997 INFO  [main][MessageBusEventListenerNotification:33] **********Destination Added***********liferay/lcs_status
2023-02-27 04:51:27.078 INFO  [main][LicenseManager:-1] Digital Enterprise Development license validation passed
2023-02-27 04:51:28.465 INFO  [main][AutoDeployDir:176] Auto deploy scanner started for /media/root322/Data/Documents/LiferayWorkspace/bundles/deploy
2023-02-27 04:52:08.251 INFO  [com.liferay.portal.osgi.web.wab.extender.internal.WabFactory-BundleTrackerOpener][ThemeHotDeployListener:108] 1 theme for classic-theme is available for use
2023-02-27 04:52:08.388 INFO  [com.liferay.portal.osgi.web.wab.extender.internal.WabFactory-BundleTrackerOpener][ThemeHotDeployListener:108] 1 theme for dialect-theme is available for use
2023-02-27 04:52:08.541 INFO  [com.liferay.portal.osgi.web.wab.extender.internal.WabFactory-BundleTrackerOpener][ThemeHotDeployListener:108] 1 theme for speedwell-theme is available for use
2023-02-27 04:52:08.703 INFO  [com.liferay.portal.osgi.web.wab.extender.internal.WabFactory-BundleTrackerOpener][ThemeHotDeployListener:108] 1 theme for minium-theme is available for use
2023-02-27 04:52:08.896 INFO  [com.liferay.portal.osgi.web.wab.extender.internal.WabFactory-BundleTrackerOpener][ThemeHotDeployListener:108] 1 theme for admin-theme is available for use
2023-02-27 04:52:09.082 INFO  [com.liferay.portal.osgi.web.wab.extender.internal.WabFactory-BundleTrackerOpener][HookHotDeployListener:496] Hook for LangHook is available for use
2023-02-27 04:52:09.239 INFO  [com.liferay.portal.osgi.web.wab.extender.internal.WabFactory-BundleTrackerOpener][LayoutTemplateHotDeployListener:107] 1 layout template for LayoutTemplateDemo is available for use
2023-02-27 04:52:09.342 INFO  [com.liferay.portal.osgi.web.wab.extender.internal.WabFactory-BundleTrackerOpener][ThemeHotDeployListener:108] 1 theme for democlassictheme-theme is available for use
2023-02-27 04:52:09.434 INFO  [com.liferay.portal.osgi.web.wab.extender.internal.WabFactory-BundleTrackerOpener][ThemeHotDeployListener:108] 1 theme for demotheme-theme is available for use
2023-02-27 04:52:09.615 INFO  [com.liferay.portal.osgi.web.wab.extender.internal.WabFactory-BundleTrackerOpener][ThemeHotDeployListener:108] 1 theme for my-liferay-theme is available for use
2023-02-27 04:52:09.910 INFO  [com.liferay.portal.osgi.web.wab.extender.internal.WabFactory-BundleTrackerOpener][ThemeHotDeployListener:108] 1 theme for cstheme2-theme is available for use
2023-02-27 06:11:18.504 INFO  [fileinstall-directory-watcher][BundleStartStopLogger:80] STOPPED moduleblacklistconfiguration_1.0.0 [1834]
2023-02-27 06:11:19.063 INFO  [Refresh Thread: Equinox Container: dcc6b6da-a868-48c9-b50c-31f4c2bebb49][BundleStartStopLogger:77] STARTED moduleblacklistconfiguration_1.0.0 [1834]
2023-02-27 06:34:44.880 INFO  [fileinstall-directory-watcher][BundleStartStopLogger:80] STOPPED moduleblacklistconfiguration_1.0.0 [1834]
2023-02-27 06:34:45.003 INFO  [Refresh Thread: Equinox Container: dcc6b6da-a868-48c9-b50c-31f4c2bebb49][BundleStartStopLogger:77] STARTED moduleblacklistconfiguration_1.0.0 [1834]
2023-02-27 06:37:10.577 INFO  [fileinstall-directory-watcher][BundleStartStopLogger:80] STOPPED moduleblacklistconfiguration_1.0.0 [1834]
2023-02-27 06:37:10.701 INFO  [Refresh Thread: Equinox Container: dcc6b6da-a868-48c9-b50c-31f4c2bebb49][BundleStartStopLogger:77] STARTED moduleblacklistconfiguration_1.0.0 [1834]
2023-02-27 06:37:45.814 INFO  [fileinstall-directory-watcher][BundleStartStopLogger:80] STOPPED moduleblacklistconfiguration_1.0.0 [1834]
2023-02-27 06:37:45.939 INFO  [Refresh Thread: Equinox Container: dcc6b6da-a868-48c9-b50c-31f4c2bebb49][BundleStartStopLogger:77] STARTED moduleblacklistconfiguration_1.0.0 [1834]
2023-02-27 06:39:31.300 INFO  [fileinstall-directory-watcher][BundleStartStopLogger:80] STOPPED moduleblacklistconfiguration_1.0.0 [1834]
2023-02-27 06:39:31.439 INFO  [Refresh Thread: Equinox Container: dcc6b6da-a868-48c9-b50c-31f4c2bebb49][BundleStartStopLogger:77] STARTED moduleblacklistconfiguration_1.0.0 [1834]
2023-02-27 07:04:27.546 INFO  [fileinstall-directory-watcher][BundleStartStopLogger:80] STOPPED moduleblacklistconfiguration_1.0.0 [1834]
2023-02-27 07:04:27.710 INFO  [Refresh Thread: Equinox Container: dcc6b6da-a868-48c9-b50c-31f4c2bebb49][BundleStartStopLogger:77] STARTED moduleblacklistconfiguration_1.0.0 [1834]
2023-02-27 07:05:32.923 INFO  [fileinstall-directory-watcher][BundleStartStopLogger:80] STOPPED moduleblacklistconfiguration_1.0.0 [1834]
2023-02-27 07:05:33.030 INFO  [Refresh Thread: Equinox Container: dcc6b6da-a868-48c9-b50c-31f4c2bebb49][BundleStartStopLogger:77] STARTED moduleblacklistconfiguration_1.0.0 [1834]
2023-02-27 07:08:23.721 INFO  [fileinstall-directory-watcher][BundleStartStopLogger:80] STOPPED moduleblacklistconfiguration_1.0.0 [1834]
2023-02-27 07:08:23.827 INFO  [Refresh Thread: Equinox Container: dcc6b6da-a868-48c9-b50c-31f4c2bebb49][BundleStartStopLogger:77] STARTED moduleblacklistconfiguration_1.0.0 [1834]
2023-02-27 07:17:24.304 INFO  [com.liferay.portal.kernel.deploy.auto.AutoDeployScanner][AutoDeployDir:238] Processing module-based-theme.war
2023-02-27 07:17:31.078 INFO  [fileinstall-directory-watcher][BaseAutoDeployListener:43] Copying themes for /media/root322/Data/Documents/LiferayWorkspace/bundles/tomcat-9.0.56/temp/20230227071731028MOZFWUAP/module-based-theme.war
2023-02-27 07:17:31.594 INFO  [fileinstall-directory-watcher][BaseAutoDeployListener:50] Themes for /media/root322/Data/Documents/LiferayWorkspace/bundles/tomcat-9.0.56/temp/20230227071731028MOZFWUAP/module-based-theme.war copied successfully
2023-02-27 07:17:33.192 INFO  [fileinstall-directory-watcher][ThemeHotDeployListener:108] 1 theme for module-based-theme is available for use
2023-02-27 07:17:33.237 INFO  [fileinstall-directory-watcher][BundleStartStopLogger:77] STARTED module-based-theme_1.0.0 [1836]
2023-02-27 07:18:15.396 WARN  [http-nio-8000-exec-5][code_jsp:159] {code="404", msg="The requested resource [/487e25aa-aad8-0d3c-8f3c-0ccd5d0133a4] is not available", uri=/487e25aa-aad8-0d3c-8f3c-0ccd5d0133a4}
2023-02-27 07:18:15.674 WARN  [http-nio-8000-exec-2][code_jsp:159] {code="404", msg="The requested resource [/487e25aa-aad8-0d3c-8f3c-0ccd5d0133a4] is not available", uri=/487e25aa-aad8-0d3c-8f3c-0ccd5d0133a4}
2023-02-27 07:18:16.022 WARN  [http-nio-8000-exec-6][code_jsp:159] {code="404", msg="The requested resource [/487e25aa-aad8-0d3c-8f3c-0ccd5d0133a4] is not available", uri=/487e25aa-aad8-0d3c-8f3c-0ccd5d0133a4}
2023-02-27 07:18:16.297 WARN  [http-nio-8000-exec-1][code_jsp:159] {code="404", msg="The requested resource [/487e25aa-aad8-0d3c-8f3c-0ccd5d0133a4] is not available", uri=/487e25aa-aad8-0d3c-8f3c-0ccd5d0133a4}
2023-02-27 07:18:16.548 WARN  [http-nio-8000-exec-8][code_jsp:159] {code="404", msg="The requested resource [/487e25aa-aad8-0d3c-8f3c-0ccd5d0133a4] is not available", uri=/487e25aa-aad8-0d3c-8f3c-0ccd5d0133a4}
2023-02-27 07:18:16.828 WARN  [http-nio-8000-exec-5][code_jsp:159] {code="404", msg="The requested resource [/487e25aa-aad8-0d3c-8f3c-0ccd5d0133a4] is not available", uri=/487e25aa-aad8-0d3c-8f3c-0ccd5d0133a4}
2023-02-27 07:18:16.928 WARN  [http-nio-8000-exec-2][code_jsp:159] {code="404", msg="The requested resource [/487e25aa-aad8-0d3c-8f3c-0ccd5d0133a4] is not available", uri=/487e25aa-aad8-0d3c-8f3c-0ccd5d0133a4}
2023-02-27 07:18:17.046 WARN  [http-nio-8000-exec-6][code_jsp:159] {code="404", msg="The requested resource [/487e25aa-aad8-0d3c-8f3c-0ccd5d0133a4] is not available", uri=/487e25aa-aad8-0d3c-8f3c-0ccd5d0133a4}
2023-02-27 07:18:17.192 WARN  [http-nio-8000-exec-1][code_jsp:159] {code="404", msg="The requested resource [/487e25aa-aad8-0d3c-8f3c-0ccd5d0133a4] is not available", uri=/487e25aa-aad8-0d3c-8f3c-0ccd5d0133a4}
2023-02-27 07:18:17.308 WARN  [http-nio-8000-exec-8][code_jsp:159] {code="404", msg="The requested resource [/487e25aa-aad8-0d3c-8f3c-0ccd5d0133a4] is not available", uri=/487e25aa-aad8-0d3c-8f3c-0ccd5d0133a4}
2023-02-27 07:18:17.464 WARN  [http-nio-8000-exec-5][code_jsp:159] {code="404", msg="The requested resource [/487e25aa-aad8-0d3c-8f3c-0ccd5d0133a4] is not available", uri=/487e25aa-aad8-0d3c-8f3c-0ccd5d0133a4}
2023-02-27 07:18:17.607 WARN  [http-nio-8000-exec-2][code_jsp:159] {code="404", msg="The requested resource [/487e25aa-aad8-0d3c-8f3c-0ccd5d0133a4] is not available", uri=/487e25aa-aad8-0d3c-8f3c-0ccd5d0133a4}
2023-02-27 07:18:17.711 WARN  [http-nio-8000-exec-6][code_jsp:159] {code="404", msg="The requested resource [/487e25aa-aad8-0d3c-8f3c-0ccd5d0133a4] is not available", uri=/487e25aa-aad8-0d3c-8f3c-0ccd5d0133a4}
2023-02-27 07:18:17.830 WARN  [http-nio-8000-exec-1][code_jsp:159] {code="404", msg="The requested resource [/487e25aa-aad8-0d3c-8f3c-0ccd5d0133a4] is not available", uri=/487e25aa-aad8-0d3c-8f3c-0ccd5d0133a4}
2023-02-27 07:18:17.943 WARN  [http-nio-8000-exec-8][code_jsp:159] {code="404", msg="The requested resource [/487e25aa-aad8-0d3c-8f3c-0ccd5d0133a4] is not available", uri=/487e25aa-aad8-0d3c-8f3c-0ccd5d0133a4}
2023-02-27 07:18:18.070 WARN  [http-nio-8000-exec-5][code_jsp:159] {code="404", msg="The requested resource [/487e25aa-aad8-0d3c-8f3c-0ccd5d0133a4] is not available", uri=/487e25aa-aad8-0d3c-8f3c-0ccd5d0133a4}
2023-02-27 07:18:18.196 WARN  [http-nio-8000-exec-2][code_jsp:159] {code="404", msg="The requested resource [/487e25aa-aad8-0d3c-8f3c-0ccd5d0133a4] is not available", uri=/487e25aa-aad8-0d3c-8f3c-0ccd5d0133a4}
2023-02-27 07:18:18.348 WARN  [http-nio-8000-exec-6][code_jsp:159] {code="404", msg="The requested resource [/487e25aa-aad8-0d3c-8f3c-0ccd5d0133a4] is not available", uri=/487e25aa-aad8-0d3c-8f3c-0ccd5d0133a4}
2023-02-27 07:18:18.588 WARN  [http-nio-8000-exec-1][code_jsp:159] {code="404", msg="The requested resource [/487e25aa-aad8-0d3c-8f3c-0ccd5d0133a4] is not available", uri=/487e25aa-aad8-0d3c-8f3c-0ccd5d0133a4}
2023-02-27 07:18:18.870 WARN  [http-nio-8000-exec-8][code_jsp:159] {code="404", msg="The requested resource [/487e25aa-aad8-0d3c-8f3c-0ccd5d0133a4] is not available", uri=/487e25aa-aad8-0d3c-8f3c-0ccd5d0133a4}
2023-02-27 07:18:19.063 WARN  [http-nio-8000-exec-5][code_jsp:159] {code="404", msg="The requested resource [/487e25aa-aad8-0d3c-8f3c-0ccd5d0133a4] is not available", uri=/487e25aa-aad8-0d3c-8f3c-0ccd5d0133a4}
2023-02-27 07:18:19.219 WARN  [http-nio-8000-exec-2][code_jsp:159] {code="404", msg="The requested resource [/487e25aa-aad8-0d3c-8f3c-0ccd5d0133a4] is not available", uri=/487e25aa-aad8-0d3c-8f3c-0ccd5d0133a4}
2023-02-27 07:18:19.371 WARN  [http-nio-8000-exec-6][code_jsp:159] {code="404", msg="The requested resource [/487e25aa-aad8-0d3c-8f3c-0ccd5d0133a4] is not available", uri=/487e25aa-aad8-0d3c-8f3c-0ccd5d0133a4}
2023-02-27 07:18:19.514 WARN  [http-nio-8000-exec-1][code_jsp:159] {code="404", msg="The requested resource [/487e25aa-aad8-0d3c-8f3c-0ccd5d0133a4] is not available", uri=/487e25aa-aad8-0d3c-8f3c-0ccd5d0133a4}
2023-02-27 07:18:19.654 WARN  [http-nio-8000-exec-8][code_jsp:159] {code="404", msg="The requested resource [/487e25aa-aad8-0d3c-8f3c-0ccd5d0133a4] is not available", uri=/487e25aa-aad8-0d3c-8f3c-0ccd5d0133a4}
2023-02-27 07:18:19.787 WARN  [http-nio-8000-exec-5][code_jsp:159] {code="404", msg="The requested resource [/487e25aa-aad8-0d3c-8f3c-0ccd5d0133a4] is not available", uri=/487e25aa-aad8-0d3c-8f3c-0ccd5d0133a4}
2023-02-27 07:18:19.924 WARN  [http-nio-8000-exec-2][code_jsp:159] {code="404", msg="The requested resource [/487e25aa-aad8-0d3c-8f3c-0ccd5d0133a4] is not available", uri=/487e25aa-aad8-0d3c-8f3c-0ccd5d0133a4}
2023-02-27 07:21:36.326 INFO  [com.liferay.portal.kernel.deploy.auto.AutoDeployScanner][AutoDeployDir:238] Processing module-based-theme.war
2023-02-27 07:21:44.223 INFO  [fileinstall-directory-watcher][ThemeHotDeployListener:171] 1 theme for module-based-theme was unregistered
2023-02-27 07:21:44.270 INFO  [fileinstall-directory-watcher][BundleStartStopLogger:80] STOPPED module-based-theme_1.0.0 [1836]
2023-02-27 07:21:44.284 INFO  [fileinstall-directory-watcher][BaseAutoDeployListener:43] Copying themes for /media/root322/Data/Documents/LiferayWorkspace/bundles/tomcat-9.0.56/temp/20230227072144272BSNUFVMA/module-based-theme.war
2023-02-27 07:21:44.995 INFO  [fileinstall-directory-watcher][BaseAutoDeployListener:50] Themes for /media/root322/Data/Documents/LiferayWorkspace/bundles/tomcat-9.0.56/temp/20230227072144272BSNUFVMA/module-based-theme.war copied successfully
2023-02-27 07:21:47.052 INFO  [Refresh Thread: Equinox Container: dcc6b6da-a868-48c9-b50c-31f4c2bebb49][ThemeHotDeployListener:108] 1 theme for module-based-theme is available for use
2023-02-27 07:21:47.085 INFO  [Refresh Thread: Equinox Container: dcc6b6da-a868-48c9-b50c-31f4c2bebb49][BundleStartStopLogger:77] STARTED module-based-theme_1.0.0 [1836]
2023-02-27 07:23:09.336 INFO  [com.liferay.portal.kernel.deploy.auto.AutoDeployScanner][AutoDeployDir:238] Processing module-based-theme.war
2023-02-27 07:23:17.514 INFO  [fileinstall-directory-watcher][ThemeHotDeployListener:171] 1 theme for module-based-theme was unregistered
2023-02-27 07:23:17.550 INFO  [fileinstall-directory-watcher][BundleStartStopLogger:80] STOPPED module-based-theme_1.0.0 [1836]
2023-02-27 07:23:17.562 INFO  [fileinstall-directory-watcher][BaseAutoDeployListener:43] Copying themes for /media/root322/Data/Documents/LiferayWorkspace/bundles/tomcat-9.0.56/temp/20230227072317550BYSMYOIO/module-based-theme.war
2023-02-27 07:23:18.291 INFO  [fileinstall-directory-watcher][BaseAutoDeployListener:50] Themes for /media/root322/Data/Documents/LiferayWorkspace/bundles/tomcat-9.0.56/temp/20230227072317550BYSMYOIO/module-based-theme.war copied successfully
2023-02-27 07:23:20.081 INFO  [Refresh Thread: Equinox Container: dcc6b6da-a868-48c9-b50c-31f4c2bebb49][ThemeHotDeployListener:108] 1 theme for module-based-theme is available for use
2023-02-27 07:23:20.167 INFO  [Refresh Thread: Equinox Container: dcc6b6da-a868-48c9-b50c-31f4c2bebb49][BundleStartStopLogger:77] STARTED module-based-theme_1.0.0 [1836]
2023-02-27 10:56:48.297 WARN  [http-nio-8000-exec-10][code_jsp:159] {code="404", msg="", uri=/o/commerce-media/accounts/52148/images/70067}
2023-02-27 12:12:02.736 WARN  [http-nio-8000-exec-7][code_jsp:159] {code="404", msg="", uri=/o/commerce-media/accounts/52148/images/70067}
2023-02-27 12:16:05.227 WARN  [http-nio-8000-exec-6][code_jsp:159] {code="404", msg="", uri=/o/commerce-media/accounts/52148/images/70067}
2023-02-27 13:32:28.033 WARN  [Thread-7][PoolBase:184] HikariPool-1 - Failed to validate connection com.mysql.cj.jdbc.ConnectionImpl@465da10a (No operations allowed after connection closed.). Possibly consider using a shorter maxLifetime value.
2023-02-27 13:32:28.036 WARN  [Thread-7][PoolBase:184] HikariPool-1 - Failed to validate connection com.mysql.cj.jdbc.ConnectionImpl@5698a660 (No operations allowed after connection closed.). Possibly consider using a shorter maxLifetime value.
2023-02-27 13:32:28.038 WARN  [Thread-7][PoolBase:184] HikariPool-1 - Failed to validate connection com.mysql.cj.jdbc.ConnectionImpl@1df1879b (No operations allowed after connection closed.). Possibly consider using a shorter maxLifetime value.
2023-02-27 13:32:28.039 WARN  [Thread-7][PoolBase:184] HikariPool-1 - Failed to validate connection com.mysql.cj.jdbc.ConnectionImpl@368f20de (No operations allowed after connection closed.). Possibly consider using a shorter maxLifetime value.
2023-02-27 13:32:28.041 WARN  [Thread-7][PoolBase:184] HikariPool-1 - Failed to validate connection com.mysql.cj.jdbc.ConnectionImpl@21e48f39 (No operations allowed after connection closed.). Possibly consider using a shorter maxLifetime value.
2023-02-27 13:32:28.043 WARN  [Thread-7][PoolBase:184] HikariPool-1 - Failed to validate connection com.mysql.cj.jdbc.ConnectionImpl@32dc96c3 (No operations allowed after connection closed.). Possibly consider using a shorter maxLifetime value.
2023-02-27 13:32:28.045 WARN  [Thread-7][PoolBase:184] HikariPool-1 - Failed to validate connection com.mysql.cj.jdbc.ConnectionImpl@2380025c (No operations allowed after connection closed.). Possibly consider using a shorter maxLifetime value.
2023-02-27 13:32:28.047 WARN  [Thread-7][PoolBase:184] HikariPool-1 - Failed to validate connection com.mysql.cj.jdbc.ConnectionImpl@6c464f22 (No operations allowed after connection closed.). Possibly consider using a shorter maxLifetime value.
2023-02-27 13:32:28.049 WARN  [Thread-7][PoolBase:184] HikariPool-1 - Failed to validate connection com.mysql.cj.jdbc.ConnectionImpl@695e88d4 (No operations allowed after connection closed.). Possibly consider using a shorter maxLifetime value.
2023-02-27 13:32:28.051 WARN  [Thread-7][PoolBase:184] HikariPool-1 - Failed to validate connection com.mysql.cj.jdbc.ConnectionImpl@3fe261b2 (No operations allowed after connection closed.). Possibly consider using a shorter maxLifetime value.
