2023-03-28 06:49:16.326 INFO  [main][PortalContextLoaderListener:123] JVM arguments: -Dcatalina.base=/media/root322/Data/Documents/LiferayWorkspace/bundles/tomcat-9.0.56 -Dcatalina.home=/media/root322/Data/Documents/LiferayWorkspace/bundles/tomcat-9.0.56 -Dfile.encoding=UTF8 -Djava.io.tmpdir=/media/root322/Data/Documents/LiferayWorkspace/bundles/tomcat-9.0.56/temp -Djava.net.preferIPv4Stack=true -Djava.util.logging.config.file=/media/root322/Data/Documents/LiferayWorkspace/bundles/tomcat-9.0.56/conf/logging.properties -Djava.util.logging.manager=org.apache.juli.ClassLoaderLogManager -Dorg.apache.catalina.loader.WebappClassLoader.ENABLE_CLEAR_REFERENCES=false -Duser.timezone=GMT -Xmx2560m -XX:MaxMetaspaceSize=768m -XX:MetaspaceSize=768m -javaagent:/snap/intellij-idea-ultimate/418/lib/idea_rt.jar=36955:/snap/intellij-idea-ultimate/418/bin
2023-03-28 06:49:20.617 INFO  [main][DialectDetector:153] Using dialect org.hibernate.dialect.MySQL8Dialect for MySQL 8.0
2023-03-28 06:49:25.379 INFO  [main][ModuleFrameworkImpl:1279] Starting initial bundles
2023-03-28 06:49:26.102 INFO  [ModuleFramework-Static-Bundles-6][InterpolationConfigurationPlugin:109] Configured directory for secrets: /media/root322/Data/Documents/LiferayWorkspace/bundles/osgi/configs
2023-03-28 06:49:28.167 INFO  [ModuleFramework-Static-Bundles-8][DefaultLPKGDeployer:456] Using overriding JAR bundle LPKG-Override::/media/root322/Data/Documents/LiferayWorkspace/bundles/osgi/marketplace/override/com.liferay.document.library.web.jar
2023-03-28 06:49:28.168 INFO  [ModuleFramework-Static-Bundles-8][DefaultLPKGDeployer:456] Using overriding JAR bundle LPKG-Override::/media/root322/Data/Documents/LiferayWorkspace/bundles/osgi/marketplace/override/com.liferay.portal.language.lang.jar
2023-03-28 06:49:28.221 INFO  [main][ModuleFrameworkImpl:1576] Started initial bundles
2023-03-28 06:49:28.222 INFO  [main][ModuleFrameworkImpl:1625] Starting dynamic bundles
2023-03-28 06:49:49.816 INFO  [Start Level: Equinox Container: 3057a6b6-34d0-403e-b97f-80641a770e30][MessageBusRegistrator:41] Message Listener Registered..com.liferaysavvy.messagebus.event.listener.MessageBusRegisteredParallelMessageListener@6c7f91d7
2023-03-28 06:49:49.818 INFO  [Start Level: Equinox Container: 3057a6b6-34d0-403e-b97f-80641a770e30][MessageBusRegistrator:45] Message Listener Registered..com.liferaysavvy.messagebus.event.listener.MessageBusRegisteredSerialMessageListener@6001d167
2023-03-28 06:49:49.819 INFO  [Start Level: Equinox Container: 3057a6b6-34d0-403e-b97f-80641a770e30][MessageBusRegistrator:49] Message Listener Registered..com.liferaysavvy.messagebus.event.listener.MessageBusRegisteredSynchronousMessageListener@1c15df7
2023-03-28 06:49:49.988 INFO  [main][ModuleFrameworkImpl:1647] Started dynamic bundles
2023-03-28 06:49:49.988 INFO  [main][ModuleFrameworkImpl:1654] Starting web bundles
2023-03-28 06:49:54.026 INFO  [main][ModuleFrameworkImpl:1708] Started web bundles
2023-03-28 06:49:54.026 INFO  [main][ModuleFrameworkImpl:278] Navigate to Control Panel > System > Gogo Shell and enter "lb" to see all bundles
2023-03-28 06:49:54.039 INFO  [main][LoggingTimer:83] Starting com.liferay.portal.verify.VerifyProperties#verifySystemProperties
2023-03-28 06:49:54.040 INFO  [main][LoggingTimer:44] Completed com.liferay.portal.verify.VerifyProperties#verifySystemProperties in 1 ms
2023-03-28 06:49:54.041 INFO  [main][LoggingTimer:83] Starting com.liferay.portal.verify.VerifyProperties#verifyPortalProperties
2023-03-28 06:49:54.059 ERROR [main][VerifyProperties:182] Portal property "journal.article.form.add" is obsolete
2023-03-28 06:49:54.060 ERROR [main][VerifyProperties:182] Portal property "journal.article.form.update" is obsolete
2023-03-28 06:49:54.060 ERROR [main][VerifyProperties:182] Portal property "journal.article.form.translate" is obsolete
2023-03-28 06:49:54.061 INFO  [main][LoggingTimer:44] Completed com.liferay.portal.verify.VerifyProperties#verifyPortalProperties in 20 ms
2023-03-28 06:49:54.061 INFO  [main][LoggingTimer:83] Starting com.liferay.portal.verify.VerifyProperties#verifyDocumentLibrary
2023-03-28 06:49:54.062 INFO  [main][LoggingTimer:44] Completed com.liferay.portal.verify.VerifyProperties#verifyDocumentLibrary in 1 ms
2023-03-28 06:49:54.625 INFO  [main][LoggingTimer:83] Starting com.liferay.portal.events.StartupHelperUtil#initResourceActions
2023-03-28 06:49:54.695 INFO  [main][LoggingTimer:44] Completed com.liferay.portal.events.StartupHelperUtil#initResourceActions in 69 ms
2023-03-28 06:49:58.794 WARN  [main][SidecarManager:103] Liferay automatically starts a child process of Elasticsearch named sidecar for convenient development and demonstration purposes. Do NOT use sidecar in production. Refer to the documentation for details on the limitations of sidecar and instructions on configuring a remote Elasticsearch connection in the Control Panel.
2023-03-28 06:50:16.691 INFO  [main][Sidecar:119] Sidecar Elasticsearch liferay started at 127.0.0.1:9501
2023-03-28 06:50:21.728 INFO  [main][MessageBusEventListenerNotification:33] **********Destination Added***********liferay/ddm_structure_reindex
2023-03-28 06:50:21.735 INFO  [main][MessageBusEventListenerNotification:33] **********Destination Added***********liferay/scripting_executor
2023-03-28 06:50:21.744 INFO  [main][MessageBusEventListenerNotification:33] **********Destination Added***********liferay/export_import_lifecycle_event_async
2023-03-28 06:50:21.749 INFO  [main][MessageBusEventListenerNotification:33] **********Destination Added***********liferay/export_import_lifecycle_event_sync
2023-03-28 06:50:21.752 INFO  [main][MessageBusEventListenerNotification:33] **********Destination Added***********liferay/scheduled_user_ldap_import
2023-03-28 06:50:21.757 INFO  [main][MessageBusEventListenerNotification:33] **********Destination Added***********liferay/message_bus/default_response
2023-03-28 06:50:21.760 INFO  [main][MessageBusEventListenerNotification:33] **********Destination Added***********liferay/message_bus/message_status
2023-03-28 06:50:21.763 INFO  [main][MessageBusEventListenerNotification:33] **********Destination Added***********liferay/live_users
2023-03-28 06:50:21.766 INFO  [main][MessageBusEventListenerNotification:33] **********Destination Added***********liferay/document_library_audio_processor
2023-03-28 06:50:21.769 INFO  [main][MessageBusEventListenerNotification:33] **********Destination Added***********liferay/async_service
2023-03-28 06:50:21.771 INFO  [main][MessageBusEventListenerNotification:33] **********Destination Added***********liferay/layouts_local_publisher
2023-03-28 06:50:21.774 INFO  [main][MessageBusEventListenerNotification:33] **********Destination Added***********liferay/convert_process
2023-03-28 06:50:21.776 INFO  [main][MessageBusEventListenerNotification:33] **********Destination Added***********liferay/document_library_pdf_processor
2023-03-28 06:50:21.779 INFO  [main][MessageBusEventListenerNotification:33] **********Destination Added***********liferay/subscription_clean_up
2023-03-28 06:50:21.781 INFO  [main][MessageBusEventListenerNotification:33] **********Destination Added***********liferay/document_library_video_processor
2023-03-28 06:50:21.784 INFO  [main][MessageBusEventListenerNotification:33] **********Destination Added***********liferay/document_library_raw_metadata_processor
2023-03-28 06:50:21.788 INFO  [main][MessageBusEventListenerNotification:33] **********Destination Added***********liferay/document_library_image_processor
2023-03-28 06:50:21.790 INFO  [main][MessageBusEventListenerNotification:33] **********Destination Added***********liferay/message_boards_mailing_list
2023-03-28 06:50:21.793 INFO  [main][MessageBusEventListenerNotification:33] **********Destination Added***********liferay/subscription_sender
2023-03-28 06:50:21.795 INFO  [main][MessageBusEventListenerNotification:33] **********Destination Added***********liferay/hot_deploy
2023-03-28 06:50:21.798 INFO  [main][MessageBusEventListenerNotification:33] **********Destination Added***********liferay/layouts_remote_publisher
2023-03-28 06:50:21.810 INFO  [main][MessageBusEventListenerNotification:33] **********Destination Added***********liferay/poller_comet_response
2023-03-28 06:50:21.811 INFO  [main][MessageBusEventListenerNotification:33] **********Destination Added***********liferay/poller_response
2023-03-28 06:50:21.813 INFO  [main][MessageBusEventListenerNotification:33] **********Destination Added***********liferay/poller
2023-03-28 06:50:21.817 INFO  [main][MessageBusEventListenerNotification:33] **********Destination Added***********liferay/workflow_definition
2023-03-28 06:50:21.819 INFO  [main][MessageBusEventListenerNotification:33] **********Destination Added***********liferay/workflow_instance
2023-03-28 06:50:21.821 INFO  [main][MessageBusEventListenerNotification:33] **********Destination Added***********liferay/workflow_log
2023-03-28 06:50:21.822 INFO  [main][MessageBusEventListenerNotification:33] **********Destination Added***********liferay/workflow_task
2023-03-28 06:50:21.824 INFO  [main][MessageBusEventListenerNotification:33] **********Destination Added***********liferay/workflow_engine
2023-03-28 06:50:21.825 INFO  [main][MessageBusEventListenerNotification:33] **********Destination Added***********liferay/workflow_comparator
2023-03-28 06:50:21.827 INFO  [main][MessageBusEventListenerNotification:33] **********Destination Added***********liferay/workflow_status
2023-03-28 06:50:21.830 INFO  [main][MessageBusEventListenerNotification:33] **********Destination Added***********liferay/mail
2023-03-28 06:50:21.833 INFO  [main][MessageBusEventListenerNotification:33] **********Destination Added***********liferay/analytics_messages_processor
2023-03-28 06:50:21.840 INFO  [main][MessageBusEventListenerNotification:33] **********Destination Added***********liferay/search_reader/SYSTEM_ENGINE
2023-03-28 06:50:21.843 INFO  [main][MessageBusEventListenerNotification:33] **********Destination Added***********liferay/search_writer/SYSTEM_ENGINE
2023-03-28 06:50:21.882 INFO  [main][MessageBusEventListenerNotification:33] **********Destination Added***********liferay/interest_terms
2023-03-28 06:50:21.885 INFO  [main][MessageBusEventListenerNotification:33] **********Destination Added***********liferay/segments_entry_reindex
2023-03-28 06:50:21.889 INFO  [main][MessageBusEventListenerNotification:33] **********Destination Added***********liferay/monitoring
2023-03-28 06:50:21.899 INFO  [main][ParellelDestinationConfig:83] Destination is creared ..liferaysavvy/parallel-destination
2023-03-28 06:50:21.901 INFO  [main][MessageBusEventListenerNotification:33] **********Destination Added***********liferaysavvy/parallel-destination
2023-03-28 06:50:21.903 INFO  [main][ParellelDestinationConfig:90] Destination is registred with Service Regisration ..
2023-03-28 06:50:21.905 INFO  [main][SerialDestinationConfig:83] Destination is creared ..liferaysavvy/serial-destination
2023-03-28 06:50:21.907 INFO  [main][MessageBusEventListenerNotification:33] **********Destination Added***********liferaysavvy/serial-destination
2023-03-28 06:50:21.908 INFO  [main][SerialDestinationConfig:90] Destination is registred with Service Regisration ..
2023-03-28 06:50:21.910 INFO  [main][SynchronousDestinationConfig:83] Destination is creared ..liferaysavvy/synchronous-destination
2023-03-28 06:50:21.911 INFO  [main][MessageBusEventListenerNotification:33] **********Destination Added***********liferaysavvy/synchronous-destination
2023-03-28 06:50:21.914 INFO  [main][DestinationListenerRegistrator:41] Message Listener Registered..com.liferaysavvy.messagebus.event.listener.DestinationRegisteredParallelMessageListener@50942594
2023-03-28 06:50:21.914 INFO  [main][DestinationListenerRegistrator:45] Message Listener Registered..com.liferaysavvy.messagebus.event.listener.DestinationRegisteredSerialMessageListener@3a1e95a3
2023-03-28 06:50:21.915 INFO  [main][DestinationListenerRegistrator:49] Message Listener Registered..com.liferaysavvy.messagebus.event.listener.DestinationRegisteredSynchronousMessageListener@a7c3e37
2023-03-28 06:50:21.915 INFO  [main][SynchronousDestinationConfig:90] Destination is registred with Service Regisration ..
2023-03-28 06:50:21.919 INFO  [main][MessageBusEventListenerNotification:33] **********Destination Added***********liferay/search_reader/GENERIC_ENGINE
2023-03-28 06:50:21.921 INFO  [main][MessageBusEventListenerNotification:33] **********Destination Added***********liferay/search_writer/GENERIC_ENGINE
2023-03-28 06:50:21.924 INFO  [main][MessageBusEventListenerNotification:33] **********Destination Added***********liferay/tensorflow_model_download
2023-03-28 06:50:21.927 INFO  [main][MessageBusEventListenerNotification:33] **********Destination Added***********liferay/commerce_base_price_list
2023-03-28 06:50:21.929 INFO  [main][MessageBusEventListenerNotification:33] **********Destination Added***********liferay/commerce_order_status
2023-03-28 06:50:21.932 INFO  [main][MessageBusEventListenerNotification:33] **********Destination Added***********liferay/commerce_payment_status
2023-03-28 06:50:21.935 INFO  [main][MessageBusEventListenerNotification:33] **********Destination Added***********liferay/commerce_shipment_status
2023-03-28 06:50:21.938 INFO  [main][MessageBusEventListenerNotification:33] **********Destination Added***********liferay/commerce_subscription_status
2023-03-28 06:50:21.943 INFO  [main][MessageBusEventListenerNotification:33] **********Destination Added***********liferay/adaptive_media_processor
2023-03-28 06:50:21.949 INFO  [main][MessageBusEventListenerNotification:33] **********Destination Added***********liferay/audit
2023-03-28 06:50:22.331 INFO  [main][MessageBusEventListenerNotification:33] **********Destination Added***********liferay/flags
2023-03-28 06:50:24.242 INFO  [main][StartupHelperUtil:86] There are no patches installed
2023-03-28 06:50:24.270 INFO  [main][LoggingTimer:83] Starting com.liferay.portal.events.StartupHelperUtil#initResourceActions
2023-03-28 06:50:24.309 INFO  [main][LoggingTimer:44] Completed com.liferay.portal.events.StartupHelperUtil#initResourceActions in 39 ms
2023-03-28 06:50:24.316 INFO  [main][MessageBusEventListenerNotification:33] **********Destination Added***********liferay/lcs_status
2023-03-28 06:50:24.383 INFO  [main][LicenseManager:-1] Digital Enterprise Development license validation passed
2023-03-28 06:50:25.579 INFO  [main][LicenseManager:-1] RTG Survey license validation passed
2023-03-28 06:50:26.058 INFO  [main][AutoDeployDir:176] Auto deploy scanner started for /media/root322/Data/Documents/LiferayWorkspace/bundles/deploy
2023-03-28 06:50:42.434 INFO  [com.liferay.portal.osgi.web.wab.extender.internal.WabFactory-BundleTrackerOpener][ThemeHotDeployListener:108] 1 theme for classic-theme is available for use
2023-03-28 06:50:42.688 INFO  [com.liferay.portal.osgi.web.wab.extender.internal.WabFactory-BundleTrackerOpener][ThemeHotDeployListener:108] 1 theme for dialect-theme is available for use
2023-03-28 06:50:43.000 INFO  [com.liferay.portal.osgi.web.wab.extender.internal.WabFactory-BundleTrackerOpener][ThemeHotDeployListener:108] 1 theme for speedwell-theme is available for use
2023-03-28 06:50:43.250 INFO  [com.liferay.portal.osgi.web.wab.extender.internal.WabFactory-BundleTrackerOpener][ThemeHotDeployListener:108] 1 theme for minium-theme is available for use
2023-03-28 06:50:43.566 INFO  [com.liferay.portal.osgi.web.wab.extender.internal.WabFactory-BundleTrackerOpener][ThemeHotDeployListener:108] 1 theme for admin-theme is available for use
2023-03-28 06:50:43.827 INFO  [com.liferay.portal.osgi.web.wab.extender.internal.WabFactory-BundleTrackerOpener][HookHotDeployListener:496] Hook for LangHook is available for use
2023-03-28 06:50:44.083 INFO  [com.liferay.portal.osgi.web.wab.extender.internal.WabFactory-BundleTrackerOpener][LayoutTemplateHotDeployListener:107] 1 layout template for LayoutTemplateDemo is available for use
2023-03-28 06:50:44.335 INFO  [com.liferay.portal.osgi.web.wab.extender.internal.WabFactory-BundleTrackerOpener][ThemeHotDeployListener:108] 1 theme for democlassictheme-theme is available for use
2023-03-28 06:50:44.595 INFO  [com.liferay.portal.osgi.web.wab.extender.internal.WabFactory-BundleTrackerOpener][ThemeHotDeployListener:108] 1 theme for demotheme-theme is available for use
2023-03-28 06:50:44.913 INFO  [com.liferay.portal.osgi.web.wab.extender.internal.WabFactory-BundleTrackerOpener][ThemeHotDeployListener:108] 1 theme for my-liferay-theme is available for use
2023-03-28 06:50:45.567 INFO  [com.liferay.portal.osgi.web.wab.extender.internal.WabFactory-BundleTrackerOpener][ThemeHotDeployListener:108] 1 theme for cstheme2-theme is available for use
2023-03-28 06:50:45.941 INFO  [com.liferay.portal.osgi.web.wab.extender.internal.WabFactory-BundleTrackerOpener][ThemeHotDeployListener:108] 1 theme for module-based-theme is available for use
2023-03-28 06:50:46.587 INFO  [com.liferay.portal.osgi.web.wab.extender.internal.WabFactory-BundleTrackerOpener][HookHotDeployListener:496] Hook for rtg-survey-portlet is available for use
2023-03-28 06:50:46.836 INFO  [com.liferay.portal.osgi.web.wab.extender.internal.WabFactory-BundleTrackerOpener][PortletHotDeployListener:305] 3 portlets for rtg-survey-portlet are available for use
2023-03-28 06:50:46.838 INFO  [com.liferay.portal.osgi.web.wab.extender.internal.WabFactory-BundleTrackerOpener][SocialHotDeployListener:98] Social for rtg-survey-portlet is available for use
2023-03-28 13:36:47.358 WARN  [Thread-7][PoolBase:184] HikariPool-1 - Failed to validate connection com.mysql.cj.jdbc.ConnectionImpl@141f8d0 (No operations allowed after connection closed.). Possibly consider using a shorter maxLifetime value.
2023-03-28 13:36:47.363 WARN  [Thread-7][PoolBase:184] HikariPool-1 - Failed to validate connection com.mysql.cj.jdbc.ConnectionImpl@766a68a3 (No operations allowed after connection closed.). Possibly consider using a shorter maxLifetime value.
2023-03-28 13:36:47.366 WARN  [Thread-7][PoolBase:184] HikariPool-1 - Failed to validate connection com.mysql.cj.jdbc.ConnectionImpl@4730f402 (No operations allowed after connection closed.). Possibly consider using a shorter maxLifetime value.
2023-03-28 13:36:47.368 WARN  [Thread-7][PoolBase:184] HikariPool-1 - Failed to validate connection com.mysql.cj.jdbc.ConnectionImpl@49b9134c (No operations allowed after connection closed.). Possibly consider using a shorter maxLifetime value.
2023-03-28 13:36:47.371 WARN  [Thread-7][PoolBase:184] HikariPool-1 - Failed to validate connection com.mysql.cj.jdbc.ConnectionImpl@740cd34e (No operations allowed after connection closed.). Possibly consider using a shorter maxLifetime value.
2023-03-28 13:36:47.376 WARN  [Thread-7][PoolBase:184] HikariPool-1 - Failed to validate connection com.mysql.cj.jdbc.ConnectionImpl@5106821c (No operations allowed after connection closed.). Possibly consider using a shorter maxLifetime value.
2023-03-28 13:36:47.380 WARN  [Thread-7][PoolBase:184] HikariPool-1 - Failed to validate connection com.mysql.cj.jdbc.ConnectionImpl@11d6fcda (No operations allowed after connection closed.). Possibly consider using a shorter maxLifetime value.
2023-03-28 13:36:47.396 WARN  [Thread-7][PoolBase:184] HikariPool-1 - Failed to validate connection com.mysql.cj.jdbc.ConnectionImpl@10f4aedf (No operations allowed after connection closed.). Possibly consider using a shorter maxLifetime value.
2023-03-28 13:36:47.404 WARN  [Thread-7][PoolBase:184] HikariPool-1 - Failed to validate connection com.mysql.cj.jdbc.ConnectionImpl@270992c (No operations allowed after connection closed.). Possibly consider using a shorter maxLifetime value.
2023-03-28 13:36:47.408 WARN  [Thread-7][PoolBase:184] HikariPool-1 - Failed to validate connection com.mysql.cj.jdbc.ConnectionImpl@6703ed1c (No operations allowed after connection closed.). Possibly consider using a shorter maxLifetime value.
