2022-12-15 05:30:31.380 INFO  [main][PortalContextLoaderListener:123] JVM arguments: -Dcatalina.base=/media/root322/Data/Documents/LiferayWorkspace/bundles/tomcat-9.0.56 -Dcatalina.home=/media/root322/Data/Documents/LiferayWorkspace/bundles/tomcat-9.0.56 -Dfile.encoding=UTF8 -Djava.io.tmpdir=/media/root322/Data/Documents/LiferayWorkspace/bundles/tomcat-9.0.56/temp -Djava.net.preferIPv4Stack=true -Djava.util.logging.config.file=/media/root322/Data/Documents/LiferayWorkspace/bundles/tomcat-9.0.56/conf/logging.properties -Djava.util.logging.manager=org.apache.juli.ClassLoaderLogManager -Dorg.apache.catalina.loader.WebappClassLoader.ENABLE_CLEAR_REFERENCES=false -Duser.timezone=GMT -Xmx2560m -XX:MaxMetaspaceSize=768m -XX:MetaspaceSize=768m -javaagent:/snap/intellij-idea-ultimate/398/lib/idea_rt.jar=44905:/snap/intellij-idea-ultimate/398/bin
2022-12-15 05:30:35.186 INFO  [main][DialectDetector:153] Using dialect org.hibernate.dialect.MySQL8Dialect for MySQL 8.0
2022-12-15 05:30:40.961 INFO  [main][ModuleFrameworkImpl:1279] Starting initial bundles
2022-12-15 05:30:41.515 INFO  [ModuleFramework-Static-Bundles-4][InterpolationConfigurationPlugin:109] Configured directory for secrets: /media/root322/Data/Documents/LiferayWorkspace/bundles/osgi/configs
2022-12-15 05:30:43.185 INFO  [ModuleFramework-Static-Bundles-4][DefaultLPKGDeployer:456] Using overriding JAR bundle LPKG-Override::/media/root322/Data/Documents/LiferayWorkspace/bundles/osgi/marketplace/override/com.liferay.document.library.web.jar
2022-12-15 05:30:43.186 INFO  [ModuleFramework-Static-Bundles-4][DefaultLPKGDeployer:456] Using overriding JAR bundle LPKG-Override::/media/root322/Data/Documents/LiferayWorkspace/bundles/osgi/marketplace/override/com.liferay.portal.language.lang.jar
2022-12-15 05:30:43.419 INFO  [main][ModuleFrameworkImpl:1576] Started initial bundles
2022-12-15 05:30:43.420 INFO  [main][ModuleFrameworkImpl:1625] Starting dynamic bundles
2022-12-15 05:31:07.753 INFO  [main][ModuleFrameworkImpl:1647] Started dynamic bundles
2022-12-15 05:31:07.753 INFO  [main][ModuleFrameworkImpl:1654] Starting web bundles
2022-12-15 05:31:16.931 INFO  [main][ModuleFrameworkImpl:1708] Started web bundles
2022-12-15 05:31:16.931 INFO  [main][ModuleFrameworkImpl:278] Navigate to Control Panel > System > Gogo Shell and enter "lb" to see all bundles
2022-12-15 05:31:16.944 INFO  [main][LoggingTimer:83] Starting com.liferay.portal.verify.VerifyProperties#verifySystemProperties
2022-12-15 05:31:16.945 INFO  [main][LoggingTimer:44] Completed com.liferay.portal.verify.VerifyProperties#verifySystemProperties in 0 ms
2022-12-15 05:31:16.945 INFO  [main][LoggingTimer:83] Starting com.liferay.portal.verify.VerifyProperties#verifyPortalProperties
2022-12-15 05:31:16.966 INFO  [main][LoggingTimer:44] Completed com.liferay.portal.verify.VerifyProperties#verifyPortalProperties in 21 ms
2022-12-15 05:31:16.966 INFO  [main][LoggingTimer:83] Starting com.liferay.portal.verify.VerifyProperties#verifyDocumentLibrary
2022-12-15 05:31:16.967 INFO  [main][LoggingTimer:44] Completed com.liferay.portal.verify.VerifyProperties#verifyDocumentLibrary in 1 ms
2022-12-15 05:31:17.577 INFO  [main][LoggingTimer:83] Starting com.liferay.portal.events.StartupHelperUtil#initResourceActions
2022-12-15 05:31:17.632 INFO  [main][LoggingTimer:44] Completed com.liferay.portal.events.StartupHelperUtil#initResourceActions in 55 ms
2022-12-15 05:31:21.709 WARN  [main][SidecarManager:103] Liferay automatically starts a child process of Elasticsearch named sidecar for convenient development and demonstration purposes. Do NOT use sidecar in production. Refer to the documentation for details on the limitations of sidecar and instructions on configuring a remote Elasticsearch connection in the Control Panel.
2022-12-15 05:31:38.560 INFO  [main][Sidecar:119] Sidecar Elasticsearch liferay started at 127.0.0.1:9501
2022-12-15 05:31:46.206 INFO  [main][StartupHelperUtil:86] There are no patches installed
2022-12-15 05:31:46.242 INFO  [main][LoggingTimer:83] Starting com.liferay.portal.events.StartupHelperUtil#initResourceActions
2022-12-15 05:31:46.274 INFO  [main][LoggingTimer:44] Completed com.liferay.portal.events.StartupHelperUtil#initResourceActions in 31 ms
2022-12-15 05:31:46.321 INFO  [main][LicenseManager:-1] Digital Enterprise Development license validation passed
2022-12-15 05:31:47.049 INFO  [main][AutoDeployDir:176] Auto deploy scanner started for /media/root322/Data/Documents/LiferayWorkspace/bundles/deploy
2022-12-15 05:31:59.335 INFO  [com.liferay.portal.osgi.web.wab.extender.internal.WabFactory-BundleTrackerOpener][ThemeHotDeployListener:108] 1 theme for classic-theme is available for use
2022-12-15 05:31:59.456 INFO  [com.liferay.portal.osgi.web.wab.extender.internal.WabFactory-BundleTrackerOpener][ThemeHotDeployListener:108] 1 theme for dialect-theme is available for use
2022-12-15 05:31:59.572 INFO  [com.liferay.portal.osgi.web.wab.extender.internal.WabFactory-BundleTrackerOpener][ThemeHotDeployListener:108] 1 theme for speedwell-theme is available for use
2022-12-15 05:31:59.715 INFO  [com.liferay.portal.osgi.web.wab.extender.internal.WabFactory-BundleTrackerOpener][ThemeHotDeployListener:108] 1 theme for minium-theme is available for use
2022-12-15 05:31:59.907 INFO  [com.liferay.portal.osgi.web.wab.extender.internal.WabFactory-BundleTrackerOpener][ThemeHotDeployListener:108] 1 theme for admin-theme is available for use
2022-12-15 05:32:00.021 INFO  [com.liferay.portal.osgi.web.wab.extender.internal.WabFactory-BundleTrackerOpener][HookHotDeployListener:496] Hook for LangHook is available for use
2022-12-15 05:32:00.199 INFO  [com.liferay.portal.osgi.web.wab.extender.internal.WabFactory-BundleTrackerOpener][LayoutTemplateHotDeployListener:107] 1 layout template for LayoutTemplateDemo is available for use
2022-12-15 05:32:00.322 INFO  [com.liferay.portal.osgi.web.wab.extender.internal.WabFactory-BundleTrackerOpener][ThemeHotDeployListener:108] 1 theme for democlassictheme-theme is available for use
2022-12-15 05:32:00.457 INFO  [com.liferay.portal.osgi.web.wab.extender.internal.WabFactory-BundleTrackerOpener][ThemeHotDeployListener:108] 1 theme for demotheme-theme is available for use
2022-12-15 05:32:00.558 INFO  [com.liferay.portal.osgi.web.wab.extender.internal.WabFactory-BundleTrackerOpener][ThemeHotDeployListener:108] 1 theme for my-liferay-theme is available for use
2022-12-15 06:50:26.981 WARN  [com.liferay.portal.search.elasticsearch7.internal.sidecar.SidecarMainProcessCallable@3e03369a[-Xms1g -Xmx1g -XX:+AlwaysPreTouch -Des.path.conf=/media/root322/Data/Documents/LiferayWorkspace/bundles/tomcat-9.0.56/temp/sidecar17723353408955345241/config -Des.networkaddress.cache.ttl=60 -Des.networkaddress.cache.negative.ttl=10 -Dlog4j.shutdownHookEnabled=false -Dlog4j2.disable.jmx=true -Dio.netty.allocator.type=unpooled -Dio.netty.allocator.numDirectArenas=0 -Dio.netty.noUnsafe=true -Dio.netty.noKeySetOptimization=true -Dio.netty.recycler.maxCapacityPerThread=0 -Dfile.encoding=UTF-8 -Djava.io.tmpdir=/media/root322/Data/Documents/LiferayWorkspace/bundles/tomcat-9.0.56/temp/sidecar17723353408955345241 -Djava.security.policy=jar:file:/media/root322/Data/Documents/LiferayWorkspace/bundles/osgi/state/org.eclipse.osgi/287/0/bundleFile!/META-INF/sidecar.policy -Djna.nosys=true]-][Sidecar:633] Sidecar Elasticsearch process is aborted
java.util.concurrent.ExecutionException: com.liferay.petra.process.TerminationProcessException: Subprocess terminated with exit code 137
	at java.util.concurrent.FutureTask.report(FutureTask.java:122) ~[?:?]
	at java.util.concurrent.FutureTask.get(FutureTask.java:191) ~[?:?]
	at com.liferay.portal.search.elasticsearch7.internal.sidecar.Sidecar$RestartFutureListener.complete(Sidecar.java:629) [bundleFile:?]
	at com.liferay.petra.concurrent.DefaultNoticeableFuture$OnceFutureListener.complete(DefaultNoticeableFuture.java:111) [com.liferay.petra.concurrent.jar:?]
	at com.liferay.petra.concurrent.DefaultNoticeableFuture.done(DefaultNoticeableFuture.java:85) [com.liferay.petra.concurrent.jar:?]
	at java.util.concurrent.FutureTask.finishCompletion(FutureTask.java:381) [?:?]
	at java.util.concurrent.FutureTask.setException(FutureTask.java:250) [?:?]
	at com.liferay.petra.concurrent.DefaultNoticeableFuture.setException(DefaultNoticeableFuture.java:79) [com.liferay.petra.concurrent.jar:?]
	at java.util.concurrent.FutureTask.run(FutureTask.java:269) [?:?]
	at java.lang.Thread.run(Thread.java:834) [?:?]
Caused by: com.liferay.petra.process.TerminationProcessException: Subprocess terminated with exit code 137
	at com.liferay.petra.process.local.LocalProcessExecutor$SubprocessReactor.call(LocalProcessExecutor.java:309) ~[com.liferay.petra.process.jar:?]
	at com.liferay.petra.process.local.LocalProcessExecutor$SubprocessReactor.call(LocalProcessExecutor.java:161) ~[com.liferay.petra.process.jar:?]
	at java.util.concurrent.FutureTask.run(FutureTask.java:264) ~[?:?]
	... 1 more
2022-12-15 06:50:26.988 INFO  [com.liferay.portal.search.elasticsearch7.internal.sidecar.SidecarMainProcessCallable@3e03369a[-Xms1g -Xmx1g -XX:+AlwaysPreTouch -Des.path.conf=/media/root322/Data/Documents/LiferayWorkspace/bundles/tomcat-9.0.56/temp/sidecar17723353408955345241/config -Des.networkaddress.cache.ttl=60 -Des.networkaddress.cache.negative.ttl=10 -Dlog4j.shutdownHookEnabled=false -Dlog4j2.disable.jmx=true -Dio.netty.allocator.type=unpooled -Dio.netty.allocator.numDirectArenas=0 -Dio.netty.noUnsafe=true -Dio.netty.noKeySetOptimization=true -Dio.netty.recycler.maxCapacityPerThread=0 -Dfile.encoding=UTF-8 -Djava.io.tmpdir=/media/root322/Data/Documents/LiferayWorkspace/bundles/tomcat-9.0.56/temp/sidecar17723353408955345241 -Djava.security.policy=jar:file:/media/root322/Data/Documents/LiferayWorkspace/bundles/osgi/state/org.eclipse.osgi/287/0/bundleFile!/META-INF/sidecar.policy -Djna.nosys=true]-][Sidecar:640] Restarting sidecar Elasticsearch process
2022-12-15 06:50:26.988 WARN  [com.liferay.portal.search.elasticsearch7.internal.sidecar.SidecarMainProcessCallable@3e03369a[-Xms1g -Xmx1g -XX:+AlwaysPreTouch -Des.path.conf=/media/root322/Data/Documents/LiferayWorkspace/bundles/tomcat-9.0.56/temp/sidecar17723353408955345241/config -Des.networkaddress.cache.ttl=60 -Des.networkaddress.cache.negative.ttl=10 -Dlog4j.shutdownHookEnabled=false -Dlog4j2.disable.jmx=true -Dio.netty.allocator.type=unpooled -Dio.netty.allocator.numDirectArenas=0 -Dio.netty.noUnsafe=true -Dio.netty.noKeySetOptimization=true -Dio.netty.recycler.maxCapacityPerThread=0 -Dfile.encoding=UTF-8 -Djava.io.tmpdir=/media/root322/Data/Documents/LiferayWorkspace/bundles/tomcat-9.0.56/temp/sidecar17723353408955345241 -Djava.security.policy=jar:file:/media/root322/Data/Documents/LiferayWorkspace/bundles/osgi/state/org.eclipse.osgi/287/0/bundleFile!/META-INF/sidecar.policy -Djna.nosys=true]-][SidecarManager:103] Liferay automatically starts a child process of Elasticsearch named sidecar for convenient development and demonstration purposes. Do NOT use sidecar in production. Refer to the documentation for details on the limitations of sidecar and instructions on configuring a remote Elasticsearch connection in the Control Panel.
2022-12-15 06:50:26.988 INFO  [com.liferay.portal.search.elasticsearch7.internal.sidecar.SidecarMainProcessCallable@3e03369a[-Xms1g -Xmx1g -XX:+AlwaysPreTouch -Des.path.conf=/media/root322/Data/Documents/LiferayWorkspace/bundles/tomcat-9.0.56/temp/sidecar17723353408955345241/config -Des.networkaddress.cache.ttl=60 -Des.networkaddress.cache.negative.ttl=10 -Dlog4j.shutdownHookEnabled=false -Dlog4j2.disable.jmx=true -Dio.netty.allocator.type=unpooled -Dio.netty.allocator.numDirectArenas=0 -Dio.netty.noUnsafe=true -Dio.netty.noKeySetOptimization=true -Dio.netty.recycler.maxCapacityPerThread=0 -Dfile.encoding=UTF-8 -Djava.io.tmpdir=/media/root322/Data/Documents/LiferayWorkspace/bundles/tomcat-9.0.56/temp/sidecar17723353408955345241 -Djava.security.policy=jar:file:/media/root322/Data/Documents/LiferayWorkspace/bundles/osgi/state/org.eclipse.osgi/287/0/bundleFile!/META-INF/sidecar.policy -Djna.nosys=true]-][Sidecar:132] Stopping sidecar Elasticsearch
2022-12-15 06:50:37.022 INFO  [com.liferay.portal.search.elasticsearch7.internal.sidecar.SidecarMainProcessCallable@3e03369a[-Xms1g -Xmx1g -XX:+AlwaysPreTouch -Des.path.conf=/media/root322/Data/Documents/LiferayWorkspace/bundles/tomcat-9.0.56/temp/sidecar17723353408955345241/config -Des.networkaddress.cache.ttl=60 -Des.networkaddress.cache.negative.ttl=10 -Dlog4j.shutdownHookEnabled=false -Dlog4j2.disable.jmx=true -Dio.netty.allocator.type=unpooled -Dio.netty.allocator.numDirectArenas=0 -Dio.netty.noUnsafe=true -Dio.netty.noKeySetOptimization=true -Dio.netty.recycler.maxCapacityPerThread=0 -Dfile.encoding=UTF-8 -Djava.io.tmpdir=/media/root322/Data/Documents/LiferayWorkspace/bundles/tomcat-9.0.56/temp/sidecar17723353408955345241 -Djava.security.policy=jar:file:/media/root322/Data/Documents/LiferayWorkspace/bundles/osgi/state/org.eclipse.osgi/287/0/bundleFile!/META-INF/sidecar.policy -Djna.nosys=true]-][Sidecar:119] Sidecar Elasticsearch liferay started at 127.0.0.1:9501
2022-12-15 06:50:54.690 WARN  [com.liferay.portal.search.elasticsearch7.internal.sidecar.SidecarMainProcessCallable@38178b2a[-Xms1g -Xmx1g -XX:+AlwaysPreTouch -Des.path.conf=/media/root322/Data/Documents/LiferayWorkspace/bundles/tomcat-9.0.56/temp/sidecar15169802818943063757/config -Des.networkaddress.cache.ttl=60 -Des.networkaddress.cache.negative.ttl=10 -Dlog4j.shutdownHookEnabled=false -Dlog4j2.disable.jmx=true -Dio.netty.allocator.type=unpooled -Dio.netty.allocator.numDirectArenas=0 -Dio.netty.noUnsafe=true -Dio.netty.noKeySetOptimization=true -Dio.netty.recycler.maxCapacityPerThread=0 -Dfile.encoding=UTF-8 -Djava.io.tmpdir=/media/root322/Data/Documents/LiferayWorkspace/bundles/tomcat-9.0.56/temp/sidecar15169802818943063757 -Djava.security.policy=jar:file:/media/root322/Data/Documents/LiferayWorkspace/bundles/osgi/state/org.eclipse.osgi/287/0/bundleFile!/META-INF/sidecar.policy -Djna.nosys=true]-][Sidecar:633] Sidecar Elasticsearch process is aborted
java.util.concurrent.ExecutionException: com.liferay.petra.process.TerminationProcessException: Subprocess terminated with exit code 137
	at java.util.concurrent.FutureTask.report(FutureTask.java:122) ~[?:?]
	at java.util.concurrent.FutureTask.get(FutureTask.java:191) ~[?:?]
	at com.liferay.portal.search.elasticsearch7.internal.sidecar.Sidecar$RestartFutureListener.complete(Sidecar.java:629) [bundleFile:?]
	at com.liferay.petra.concurrent.DefaultNoticeableFuture$OnceFutureListener.complete(DefaultNoticeableFuture.java:111) [com.liferay.petra.concurrent.jar:?]
	at com.liferay.petra.concurrent.DefaultNoticeableFuture.done(DefaultNoticeableFuture.java:85) [com.liferay.petra.concurrent.jar:?]
	at java.util.concurrent.FutureTask.finishCompletion(FutureTask.java:381) [?:?]
	at java.util.concurrent.FutureTask.setException(FutureTask.java:250) [?:?]
	at com.liferay.petra.concurrent.DefaultNoticeableFuture.setException(DefaultNoticeableFuture.java:79) [com.liferay.petra.concurrent.jar:?]
	at java.util.concurrent.FutureTask.run(FutureTask.java:269) [?:?]
	at java.lang.Thread.run(Thread.java:834) [?:?]
Caused by: com.liferay.petra.process.TerminationProcessException: Subprocess terminated with exit code 137
	at com.liferay.petra.process.local.LocalProcessExecutor$SubprocessReactor.call(LocalProcessExecutor.java:309) ~[com.liferay.petra.process.jar:?]
	at com.liferay.petra.process.local.LocalProcessExecutor$SubprocessReactor.call(LocalProcessExecutor.java:161) ~[com.liferay.petra.process.jar:?]
	at java.util.concurrent.FutureTask.run(FutureTask.java:264) ~[?:?]
	... 1 more
2022-12-15 06:50:54.691 INFO  [com.liferay.portal.search.elasticsearch7.internal.sidecar.SidecarMainProcessCallable@38178b2a[-Xms1g -Xmx1g -XX:+AlwaysPreTouch -Des.path.conf=/media/root322/Data/Documents/LiferayWorkspace/bundles/tomcat-9.0.56/temp/sidecar15169802818943063757/config -Des.networkaddress.cache.ttl=60 -Des.networkaddress.cache.negative.ttl=10 -Dlog4j.shutdownHookEnabled=false -Dlog4j2.disable.jmx=true -Dio.netty.allocator.type=unpooled -Dio.netty.allocator.numDirectArenas=0 -Dio.netty.noUnsafe=true -Dio.netty.noKeySetOptimization=true -Dio.netty.recycler.maxCapacityPerThread=0 -Dfile.encoding=UTF-8 -Djava.io.tmpdir=/media/root322/Data/Documents/LiferayWorkspace/bundles/tomcat-9.0.56/temp/sidecar15169802818943063757 -Djava.security.policy=jar:file:/media/root322/Data/Documents/LiferayWorkspace/bundles/osgi/state/org.eclipse.osgi/287/0/bundleFile!/META-INF/sidecar.policy -Djna.nosys=true]-][Sidecar:640] Restarting sidecar Elasticsearch process
2022-12-15 06:50:54.691 WARN  [com.liferay.portal.search.elasticsearch7.internal.sidecar.SidecarMainProcessCallable@38178b2a[-Xms1g -Xmx1g -XX:+AlwaysPreTouch -Des.path.conf=/media/root322/Data/Documents/LiferayWorkspace/bundles/tomcat-9.0.56/temp/sidecar15169802818943063757/config -Des.networkaddress.cache.ttl=60 -Des.networkaddress.cache.negative.ttl=10 -Dlog4j.shutdownHookEnabled=false -Dlog4j2.disable.jmx=true -Dio.netty.allocator.type=unpooled -Dio.netty.allocator.numDirectArenas=0 -Dio.netty.noUnsafe=true -Dio.netty.noKeySetOptimization=true -Dio.netty.recycler.maxCapacityPerThread=0 -Dfile.encoding=UTF-8 -Djava.io.tmpdir=/media/root322/Data/Documents/LiferayWorkspace/bundles/tomcat-9.0.56/temp/sidecar15169802818943063757 -Djava.security.policy=jar:file:/media/root322/Data/Documents/LiferayWorkspace/bundles/osgi/state/org.eclipse.osgi/287/0/bundleFile!/META-INF/sidecar.policy -Djna.nosys=true]-][SidecarManager:103] Liferay automatically starts a child process of Elasticsearch named sidecar for convenient development and demonstration purposes. Do NOT use sidecar in production. Refer to the documentation for details on the limitations of sidecar and instructions on configuring a remote Elasticsearch connection in the Control Panel.
2022-12-15 06:50:54.691 INFO  [com.liferay.portal.search.elasticsearch7.internal.sidecar.SidecarMainProcessCallable@38178b2a[-Xms1g -Xmx1g -XX:+AlwaysPreTouch -Des.path.conf=/media/root322/Data/Documents/LiferayWorkspace/bundles/tomcat-9.0.56/temp/sidecar15169802818943063757/config -Des.networkaddress.cache.ttl=60 -Des.networkaddress.cache.negative.ttl=10 -Dlog4j.shutdownHookEnabled=false -Dlog4j2.disable.jmx=true -Dio.netty.allocator.type=unpooled -Dio.netty.allocator.numDirectArenas=0 -Dio.netty.noUnsafe=true -Dio.netty.noKeySetOptimization=true -Dio.netty.recycler.maxCapacityPerThread=0 -Dfile.encoding=UTF-8 -Djava.io.tmpdir=/media/root322/Data/Documents/LiferayWorkspace/bundles/tomcat-9.0.56/temp/sidecar15169802818943063757 -Djava.security.policy=jar:file:/media/root322/Data/Documents/LiferayWorkspace/bundles/osgi/state/org.eclipse.osgi/287/0/bundleFile!/META-INF/sidecar.policy -Djna.nosys=true]-][Sidecar:132] Stopping sidecar Elasticsearch
2022-12-15 06:51:01.491 ERROR [com.liferay.portal.search.elasticsearch7.internal.sidecar.SidecarMainProcessCallable@38178b2a[-Xms1g -Xmx1g -XX:+AlwaysPreTouch -Des.path.conf=/media/root322/Data/Documents/LiferayWorkspace/bundles/tomcat-9.0.56/temp/sidecar15169802818943063757/config -Des.networkaddress.cache.ttl=60 -Des.networkaddress.cache.negative.ttl=10 -Dlog4j.shutdownHookEnabled=false -Dlog4j2.disable.jmx=true -Dio.netty.allocator.type=unpooled -Dio.netty.allocator.numDirectArenas=0 -Dio.netty.noUnsafe=true -Dio.netty.noKeySetOptimization=true -Dio.netty.recycler.maxCapacityPerThread=0 -Dfile.encoding=UTF-8 -Djava.io.tmpdir=/media/root322/Data/Documents/LiferayWorkspace/bundles/tomcat-9.0.56/temp/sidecar15169802818943063757 -Djava.security.policy=jar:file:/media/root322/Data/Documents/LiferayWorkspace/bundles/osgi/state/org.eclipse.osgi/287/0/bundleFile!/META-INF/sidecar.policy -Djna.nosys=true]-][ElasticsearchConnectionManager:82] Elasticsearch sidecar could not be started. Search will be unavailable. Manual installation of Elasticsearch and activation of remote mode is recommended.
java.util.concurrent.CancellationException: null
	at java.util.concurrent.FutureTask.report(FutureTask.java:121) ~[?:?]
	at java.util.concurrent.FutureTask.get(FutureTask.java:191) ~[?:?]
	at com.liferay.portal.search.elasticsearch7.internal.sidecar.Sidecar._waitForPublishedAddress(Sidecar.java:592) ~[bundleFile:?]
	at com.liferay.portal.search.elasticsearch7.internal.sidecar.Sidecar._startElasticsearch(Sidecar.java:559) ~[bundleFile:?]
	at com.liferay.portal.search.elasticsearch7.internal.sidecar.Sidecar.start(Sidecar.java:116) ~[bundleFile:?]
	at com.liferay.portal.search.elasticsearch7.internal.sidecar.SidecarManager.lambda$applyConfigurations$0(SidecarManager.java:135) ~[bundleFile:?]
	at com.liferay.portal.search.elasticsearch7.internal.connection.ElasticsearchConnection.connect(ElasticsearchConnection.java:61) ~[bundleFile:?]
	at com.liferay.portal.search.elasticsearch7.internal.connection.ElasticsearchConnectionManager.addElasticsearchConnection(ElasticsearchConnectionManager.java:76) [bundleFile:?]
	at com.liferay.portal.search.elasticsearch7.internal.sidecar.SidecarManager.applyConfigurations(SidecarManager.java:142) [bundleFile:?]
	at com.liferay.portal.search.elasticsearch7.internal.sidecar.Sidecar$RestartFutureListener.complete(Sidecar.java:643) [bundleFile:?]
	at com.liferay.petra.concurrent.DefaultNoticeableFuture$OnceFutureListener.complete(DefaultNoticeableFuture.java:111) [com.liferay.petra.concurrent.jar:?]
	at com.liferay.petra.concurrent.DefaultNoticeableFuture.done(DefaultNoticeableFuture.java:85) [com.liferay.petra.concurrent.jar:?]
	at java.util.concurrent.FutureTask.finishCompletion(FutureTask.java:381) [?:?]
	at java.util.concurrent.FutureTask.setException(FutureTask.java:250) [?:?]
	at com.liferay.petra.concurrent.DefaultNoticeableFuture.setException(DefaultNoticeableFuture.java:79) [com.liferay.petra.concurrent.jar:?]
	at java.util.concurrent.FutureTask.run(FutureTask.java:269) [?:?]
	at java.lang.Thread.run(Thread.java:834) [?:?]
2022-12-15 06:51:01.491 WARN  [com.liferay.portal.search.elasticsearch7.internal.sidecar.SidecarMainProcessCallable@77bed0cc[-Xms1g -Xmx1g -XX:+AlwaysPreTouch -Des.path.conf=/media/root322/Data/Documents/LiferayWorkspace/bundles/tomcat-9.0.56/temp/sidecar6807777596222110531/config -Des.networkaddress.cache.ttl=60 -Des.networkaddress.cache.negative.ttl=10 -Dlog4j.shutdownHookEnabled=false -Dlog4j2.disable.jmx=true -Dio.netty.allocator.type=unpooled -Dio.netty.allocator.numDirectArenas=0 -Dio.netty.noUnsafe=true -Dio.netty.noKeySetOptimization=true -Dio.netty.recycler.maxCapacityPerThread=0 -Dfile.encoding=UTF-8 -Djava.io.tmpdir=/media/root322/Data/Documents/LiferayWorkspace/bundles/tomcat-9.0.56/temp/sidecar6807777596222110531 -Djava.security.policy=jar:file:/media/root322/Data/Documents/LiferayWorkspace/bundles/osgi/state/org.eclipse.osgi/287/0/bundleFile!/META-INF/sidecar.policy -Djna.nosys=true]-][Sidecar:633] Sidecar Elasticsearch process is aborted
java.util.concurrent.ExecutionException: com.liferay.petra.process.TerminationProcessException: Subprocess terminated with exit code 137
	at java.util.concurrent.FutureTask.report(FutureTask.java:122) ~[?:?]
	at java.util.concurrent.FutureTask.get(FutureTask.java:191) ~[?:?]
	at com.liferay.portal.search.elasticsearch7.internal.sidecar.Sidecar$RestartFutureListener.complete(Sidecar.java:629) [bundleFile:?]
	at com.liferay.petra.concurrent.DefaultNoticeableFuture$OnceFutureListener.complete(DefaultNoticeableFuture.java:111) [com.liferay.petra.concurrent.jar:?]
	at com.liferay.petra.concurrent.DefaultNoticeableFuture.done(DefaultNoticeableFuture.java:85) [com.liferay.petra.concurrent.jar:?]
	at java.util.concurrent.FutureTask.finishCompletion(FutureTask.java:381) [?:?]
	at java.util.concurrent.FutureTask.setException(FutureTask.java:250) [?:?]
	at com.liferay.petra.concurrent.DefaultNoticeableFuture.setException(DefaultNoticeableFuture.java:79) [com.liferay.petra.concurrent.jar:?]
	at java.util.concurrent.FutureTask.run(FutureTask.java:269) [?:?]
	at java.lang.Thread.run(Thread.java:834) [?:?]
Caused by: com.liferay.petra.process.TerminationProcessException: Subprocess terminated with exit code 137
	at com.liferay.petra.process.local.LocalProcessExecutor$SubprocessReactor.call(LocalProcessExecutor.java:309) ~[com.liferay.petra.process.jar:?]
	at com.liferay.petra.process.local.LocalProcessExecutor$SubprocessReactor.call(LocalProcessExecutor.java:161) ~[com.liferay.petra.process.jar:?]
	at java.util.concurrent.FutureTask.run(FutureTask.java:264) ~[?:?]
	... 1 more
2022-12-15 07:23:09.668 INFO  [com.liferay.portal.kernel.deploy.auto.AutoDeployScanner][AutoDeployDir:238] Processing cstheme2-theme.war
2022-12-15 07:23:17.256 INFO  [fileinstall-directory-watcher][BaseAutoDeployListener:43] Copying themes for /media/root322/Data/Documents/LiferayWorkspace/bundles/tomcat-9.0.56/temp/20221215072317209OFLKURHU/cstheme2-theme.war
2022-12-15 07:23:17.781 INFO  [fileinstall-directory-watcher][BaseAutoDeployListener:50] Themes for /media/root322/Data/Documents/LiferayWorkspace/bundles/tomcat-9.0.56/temp/20221215072317209OFLKURHU/cstheme2-theme.war copied successfully
2022-12-15 07:23:19.287 INFO  [fileinstall-directory-watcher][ThemeHotDeployListener:108] 1 theme for cstheme2-theme is available for use
2022-12-15 07:23:19.327 INFO  [fileinstall-directory-watcher][BundleStartStopLogger:77] STARTED cstheme2-theme_1.0.0 [1777]
2022-12-15 07:46:30.464 INFO  [main][PortalContextLoaderListener:123] JVM arguments: -Dcatalina.base=/media/root322/Data/Documents/LiferayWorkspace/bundles/tomcat-9.0.56 -Dcatalina.home=/media/root322/Data/Documents/LiferayWorkspace/bundles/tomcat-9.0.56 -Dfile.encoding=UTF8 -Djava.io.tmpdir=/media/root322/Data/Documents/LiferayWorkspace/bundles/tomcat-9.0.56/temp -Djava.net.preferIPv4Stack=true -Djava.util.logging.config.file=/media/root322/Data/Documents/LiferayWorkspace/bundles/tomcat-9.0.56/conf/logging.properties -Djava.util.logging.manager=org.apache.juli.ClassLoaderLogManager -Dorg.apache.catalina.loader.WebappClassLoader.ENABLE_CLEAR_REFERENCES=false -Duser.timezone=GMT -Xmx2560m -XX:MaxMetaspaceSize=768m -XX:MetaspaceSize=768m -javaagent:/snap/intellij-idea-ultimate/398/lib/idea_rt.jar=45105:/snap/intellij-idea-ultimate/398/bin
2022-12-15 07:46:32.523 INFO  [main][DialectDetector:153] Using dialect org.hibernate.dialect.MySQL8Dialect for MySQL 8.0
2022-12-15 07:46:35.518 INFO  [main][ModuleFrameworkImpl:1279] Starting initial bundles
2022-12-15 07:46:35.960 INFO  [ModuleFramework-Static-Bundles-2][InterpolationConfigurationPlugin:109] Configured directory for secrets: /media/root322/Data/Documents/LiferayWorkspace/bundles/osgi/configs
2022-12-15 07:46:37.229 INFO  [ModuleFramework-Static-Bundles-4][DefaultLPKGDeployer:456] Using overriding JAR bundle LPKG-Override::/media/root322/Data/Documents/LiferayWorkspace/bundles/osgi/marketplace/override/com.liferay.document.library.web.jar
2022-12-15 07:46:37.230 INFO  [ModuleFramework-Static-Bundles-4][DefaultLPKGDeployer:456] Using overriding JAR bundle LPKG-Override::/media/root322/Data/Documents/LiferayWorkspace/bundles/osgi/marketplace/override/com.liferay.portal.language.lang.jar
2022-12-15 07:46:37.401 INFO  [main][ModuleFrameworkImpl:1576] Started initial bundles
2022-12-15 07:46:37.401 INFO  [main][ModuleFrameworkImpl:1625] Starting dynamic bundles
2022-12-15 07:46:50.509 INFO  [main][ModuleFrameworkImpl:1647] Started dynamic bundles
2022-12-15 07:46:50.510 INFO  [main][ModuleFrameworkImpl:1654] Starting web bundles
2022-12-15 07:46:53.019 INFO  [main][ModuleFrameworkImpl:1708] Started web bundles
2022-12-15 07:46:53.019 INFO  [main][ModuleFrameworkImpl:278] Navigate to Control Panel > System > Gogo Shell and enter "lb" to see all bundles
2022-12-15 07:46:53.030 INFO  [main][LoggingTimer:83] Starting com.liferay.portal.verify.VerifyProperties#verifySystemProperties
2022-12-15 07:46:53.031 INFO  [main][LoggingTimer:44] Completed com.liferay.portal.verify.VerifyProperties#verifySystemProperties in 1 ms
2022-12-15 07:46:53.032 INFO  [main][LoggingTimer:83] Starting com.liferay.portal.verify.VerifyProperties#verifyPortalProperties
2022-12-15 07:46:53.046 INFO  [main][LoggingTimer:44] Completed com.liferay.portal.verify.VerifyProperties#verifyPortalProperties in 15 ms
2022-12-15 07:46:53.047 INFO  [main][LoggingTimer:83] Starting com.liferay.portal.verify.VerifyProperties#verifyDocumentLibrary
2022-12-15 07:46:53.047 INFO  [main][LoggingTimer:44] Completed com.liferay.portal.verify.VerifyProperties#verifyDocumentLibrary in 1 ms
2022-12-15 07:46:53.485 INFO  [main][LoggingTimer:83] Starting com.liferay.portal.events.StartupHelperUtil#initResourceActions
2022-12-15 07:46:53.563 INFO  [main][LoggingTimer:44] Completed com.liferay.portal.events.StartupHelperUtil#initResourceActions in 78 ms
2022-12-15 07:46:55.840 WARN  [main][SidecarManager:103] Liferay automatically starts a child process of Elasticsearch named sidecar for convenient development and demonstration purposes. Do NOT use sidecar in production. Refer to the documentation for details on the limitations of sidecar and instructions on configuring a remote Elasticsearch connection in the Control Panel.
2022-12-15 07:47:06.992 INFO  [main][Sidecar:119] Sidecar Elasticsearch liferay started at 127.0.0.1:9501
2022-12-15 07:47:13.423 INFO  [main][StartupHelperUtil:86] There are no patches installed
2022-12-15 07:47:13.445 INFO  [main][LoggingTimer:83] Starting com.liferay.portal.events.StartupHelperUtil#initResourceActions
2022-12-15 07:47:13.480 INFO  [main][LoggingTimer:44] Completed com.liferay.portal.events.StartupHelperUtil#initResourceActions in 35 ms
2022-12-15 07:47:13.535 INFO  [main][LicenseManager:-1] Digital Enterprise Development license validation passed
2022-12-15 07:47:14.136 INFO  [main][AutoDeployDir:176] Auto deploy scanner started for /media/root322/Data/Documents/LiferayWorkspace/bundles/deploy
2022-12-15 07:47:39.132 INFO  [com.liferay.portal.osgi.web.wab.extender.internal.WabFactory-BundleTrackerOpener][ThemeHotDeployListener:108] 1 theme for classic-theme is available for use
2022-12-15 07:47:39.246 INFO  [com.liferay.portal.osgi.web.wab.extender.internal.WabFactory-BundleTrackerOpener][ThemeHotDeployListener:108] 1 theme for dialect-theme is available for use
2022-12-15 07:47:39.373 INFO  [com.liferay.portal.osgi.web.wab.extender.internal.WabFactory-BundleTrackerOpener][ThemeHotDeployListener:108] 1 theme for speedwell-theme is available for use
2022-12-15 07:47:39.495 INFO  [com.liferay.portal.osgi.web.wab.extender.internal.WabFactory-BundleTrackerOpener][ThemeHotDeployListener:108] 1 theme for minium-theme is available for use
2022-12-15 07:47:39.625 INFO  [com.liferay.portal.osgi.web.wab.extender.internal.WabFactory-BundleTrackerOpener][ThemeHotDeployListener:108] 1 theme for admin-theme is available for use
2022-12-15 07:47:39.745 INFO  [com.liferay.portal.osgi.web.wab.extender.internal.WabFactory-BundleTrackerOpener][HookHotDeployListener:496] Hook for LangHook is available for use
2022-12-15 07:47:39.836 INFO  [com.liferay.portal.osgi.web.wab.extender.internal.WabFactory-BundleTrackerOpener][LayoutTemplateHotDeployListener:107] 1 layout template for LayoutTemplateDemo is available for use
2022-12-15 07:47:39.940 INFO  [com.liferay.portal.osgi.web.wab.extender.internal.WabFactory-BundleTrackerOpener][ThemeHotDeployListener:108] 1 theme for democlassictheme-theme is available for use
2022-12-15 07:47:40.044 INFO  [com.liferay.portal.osgi.web.wab.extender.internal.WabFactory-BundleTrackerOpener][ThemeHotDeployListener:108] 1 theme for demotheme-theme is available for use
2022-12-15 07:47:40.144 INFO  [com.liferay.portal.osgi.web.wab.extender.internal.WabFactory-BundleTrackerOpener][ThemeHotDeployListener:108] 1 theme for my-liferay-theme is available for use
2022-12-15 07:47:40.458 INFO  [com.liferay.portal.osgi.web.wab.extender.internal.WabFactory-BundleTrackerOpener][ThemeHotDeployListener:108] 1 theme for cstheme2-theme is available for use
2022-12-15 13:43:18.809 INFO  [Thread-7][ThemeHotDeployListener:171] 1 theme for cstheme2-theme was unregistered
2022-12-15 13:43:18.872 INFO  [Thread-7][ThemeHotDeployListener:171] 1 theme for my-liferay-theme was unregistered
2022-12-15 13:43:18.895 INFO  [Thread-7][ThemeHotDeployListener:171] 1 theme for demotheme-theme was unregistered
2022-12-15 13:43:18.918 INFO  [Thread-7][ThemeHotDeployListener:171] 1 theme for democlassictheme-theme was unregistered
2022-12-15 13:43:18.940 INFO  [Thread-7][LayoutTemplateHotDeployListener:156] 1 layout template for LayoutTemplateDemo was unregistered
2022-12-15 13:43:18.976 INFO  [Thread-7][HookHotDeployListener:544] Hook for LangHook was unregistered
2022-12-15 13:43:18.994 INFO  [Thread-7][ThemeHotDeployListener:171] 1 theme for admin-theme was unregistered
2022-12-15 13:43:19.023 INFO  [Thread-7][ThemeHotDeployListener:171] 1 theme for minium-theme was unregistered
2022-12-15 13:43:19.044 INFO  [Thread-7][ThemeHotDeployListener:171] 1 theme for speedwell-theme was unregistered
2022-12-15 13:43:19.065 INFO  [Thread-7][ThemeHotDeployListener:171] 1 theme for dialect-theme was unregistered
2022-12-15 13:43:19.107 INFO  [Thread-7][ThemeHotDeployListener:171] 1 theme for classic-theme was unregistered
