2023-02-24 05:59:40.199 INFO  [main][PortalContextLoaderListener:123] JVM arguments: -Dcatalina.base=/media/root322/Data/Documents/LiferayWorkspace/bundles/tomcat-9.0.56 -Dcatalina.home=/media/root322/Data/Documents/LiferayWorkspace/bundles/tomcat-9.0.56 -Dfile.encoding=UTF8 -Djava.io.tmpdir=/media/root322/Data/Documents/LiferayWorkspace/bundles/tomcat-9.0.56/temp -Djava.net.preferIPv4Stack=true -Djava.util.logging.config.file=/media/root322/Data/Documents/LiferayWorkspace/bundles/tomcat-9.0.56/conf/logging.properties -Djava.util.logging.manager=org.apache.juli.ClassLoaderLogManager -Dorg.apache.catalina.loader.WebappClassLoader.ENABLE_CLEAR_REFERENCES=false -Duser.timezone=GMT -Xmx2560m -XX:MaxMetaspaceSize=768m -XX:MetaspaceSize=768m -javaagent:/snap/intellij-idea-ultimate/405/lib/idea_rt.jar=40851:/snap/intellij-idea-ultimate/405/bin
2023-02-24 05:59:43.099 INFO  [main][DialectDetector:153] Using dialect org.hibernate.dialect.MySQL8Dialect for MySQL 8.0
2023-02-24 05:59:50.227 INFO  [main][ModuleFrameworkImpl:1279] Starting initial bundles
2023-02-24 05:59:51.533 INFO  [ModuleFramework-Static-Bundles-8][InterpolationConfigurationPlugin:109] Configured directory for secrets: /media/root322/Data/Documents/LiferayWorkspace/bundles/osgi/configs
2023-02-24 05:59:53.831 INFO  [ModuleFramework-Static-Bundles-4][DefaultLPKGDeployer:456] Using overriding JAR bundle LPKG-Override::/media/root322/Data/Documents/LiferayWorkspace/bundles/osgi/marketplace/override/com.liferay.document.library.web.jar
2023-02-24 05:59:53.832 INFO  [ModuleFramework-Static-Bundles-4][DefaultLPKGDeployer:456] Using overriding JAR bundle LPKG-Override::/media/root322/Data/Documents/LiferayWorkspace/bundles/osgi/marketplace/override/com.liferay.portal.language.lang.jar
2023-02-24 05:59:54.108 INFO  [main][ModuleFrameworkImpl:1576] Started initial bundles
2023-02-24 05:59:54.108 INFO  [main][ModuleFrameworkImpl:1625] Starting dynamic bundles
2023-02-24 06:00:27.379 INFO  [Start Level: Equinox Container: ba34cbea-3231-4e13-9a65-cb2c4369e3f3][MessageBusRegistrator:41] Message Listener Registered..com.liferaysavvy.messagebus.event.listener.MessageBusRegisteredParallelMessageListener@4b906113
2023-02-24 06:00:27.380 INFO  [Start Level: Equinox Container: ba34cbea-3231-4e13-9a65-cb2c4369e3f3][MessageBusRegistrator:45] Message Listener Registered..com.liferaysavvy.messagebus.event.listener.MessageBusRegisteredSerialMessageListener@7d5ef638
2023-02-24 06:00:27.381 INFO  [Start Level: Equinox Container: ba34cbea-3231-4e13-9a65-cb2c4369e3f3][MessageBusRegistrator:49] Message Listener Registered..com.liferaysavvy.messagebus.event.listener.MessageBusRegisteredSynchronousMessageListener@54c1b3b8
2023-02-24 06:00:27.485 INFO  [main][ModuleFrameworkImpl:1647] Started dynamic bundles
2023-02-24 06:00:27.486 INFO  [main][ModuleFrameworkImpl:1654] Starting web bundles
2023-02-24 06:00:31.542 INFO  [main][ModuleFrameworkImpl:1708] Started web bundles
2023-02-24 06:00:31.542 INFO  [main][ModuleFrameworkImpl:278] Navigate to Control Panel > System > Gogo Shell and enter "lb" to see all bundles
2023-02-24 06:00:31.555 INFO  [main][LoggingTimer:83] Starting com.liferay.portal.verify.VerifyProperties#verifySystemProperties
2023-02-24 06:00:31.556 INFO  [main][LoggingTimer:44] Completed com.liferay.portal.verify.VerifyProperties#verifySystemProperties in 0 ms
2023-02-24 06:00:31.556 INFO  [main][LoggingTimer:83] Starting com.liferay.portal.verify.VerifyProperties#verifyPortalProperties
2023-02-24 06:00:31.591 ERROR [main][VerifyProperties:182] Portal property "journal.article.form.add" is obsolete
2023-02-24 06:00:31.594 ERROR [main][VerifyProperties:182] Portal property "journal.article.form.update" is obsolete
2023-02-24 06:00:31.595 ERROR [main][VerifyProperties:182] Portal property "journal.article.form.translate" is obsolete
2023-02-24 06:00:31.595 INFO  [main][LoggingTimer:44] Completed com.liferay.portal.verify.VerifyProperties#verifyPortalProperties in 39 ms
2023-02-24 06:00:31.596 INFO  [main][LoggingTimer:83] Starting com.liferay.portal.verify.VerifyProperties#verifyDocumentLibrary
2023-02-24 06:00:31.597 INFO  [main][LoggingTimer:44] Completed com.liferay.portal.verify.VerifyProperties#verifyDocumentLibrary in 1 ms
2023-02-24 06:00:32.215 INFO  [main][LoggingTimer:83] Starting com.liferay.portal.events.StartupHelperUtil#initResourceActions
2023-02-24 06:00:32.278 INFO  [main][LoggingTimer:44] Completed com.liferay.portal.events.StartupHelperUtil#initResourceActions in 63 ms
2023-02-24 06:00:36.861 WARN  [main][SidecarManager:103] Liferay automatically starts a child process of Elasticsearch named sidecar for convenient development and demonstration purposes. Do NOT use sidecar in production. Refer to the documentation for details on the limitations of sidecar and instructions on configuring a remote Elasticsearch connection in the Control Panel.
2023-02-24 06:00:59.700 INFO  [main][Sidecar:119] Sidecar Elasticsearch liferay started at 127.0.0.1:9501
2023-02-24 06:01:05.211 INFO  [main][MessageBusEventListenerNotification:33] **********Destination Added***********liferay/commerce_base_price_list
2023-02-24 06:01:05.215 INFO  [main][MessageBusEventListenerNotification:33] **********Destination Added***********liferay/commerce_order_status
2023-02-24 06:01:05.218 INFO  [main][MessageBusEventListenerNotification:33] **********Destination Added***********liferay/commerce_payment_status
2023-02-24 06:01:05.221 INFO  [main][MessageBusEventListenerNotification:33] **********Destination Added***********liferay/commerce_shipment_status
2023-02-24 06:01:05.224 INFO  [main][MessageBusEventListenerNotification:33] **********Destination Added***********liferay/commerce_subscription_status
2023-02-24 06:01:05.234 INFO  [main][MessageBusEventListenerNotification:33] **********Destination Added***********liferay/search_reader/GENERIC_ENGINE
2023-02-24 06:01:05.238 INFO  [main][MessageBusEventListenerNotification:33] **********Destination Added***********liferay/search_writer/GENERIC_ENGINE
2023-02-24 06:01:05.251 INFO  [main][MessageBusEventListenerNotification:33] **********Destination Added***********liferay/export_import_lifecycle_event_async
2023-02-24 06:01:05.256 INFO  [main][MessageBusEventListenerNotification:33] **********Destination Added***********liferay/export_import_lifecycle_event_sync
2023-02-24 06:01:05.260 INFO  [main][MessageBusEventListenerNotification:33] **********Destination Added***********liferay/ddm_structure_reindex
2023-02-24 06:01:05.266 INFO  [main][MessageBusEventListenerNotification:33] **********Destination Added***********liferay/tensorflow_model_download
2023-02-24 06:01:05.270 INFO  [main][MessageBusEventListenerNotification:33] **********Destination Added***********liferay/audit
2023-02-24 06:01:05.275 INFO  [main][MessageBusEventListenerNotification:33] **********Destination Added***********liferay/adaptive_media_processor
2023-02-24 06:01:05.279 INFO  [main][ParellelDestinationConfig:83] Destination is creared ..liferaysavvy/parallel-destination
2023-02-24 06:01:05.280 INFO  [main][MessageBusEventListenerNotification:33] **********Destination Added***********liferaysavvy/parallel-destination
2023-02-24 06:01:05.282 INFO  [main][ParellelDestinationConfig:90] Destination is registred with Service Regisration ..
2023-02-24 06:01:05.284 INFO  [main][SerialDestinationConfig:83] Destination is creared ..liferaysavvy/serial-destination
2023-02-24 06:01:05.286 INFO  [main][MessageBusEventListenerNotification:33] **********Destination Added***********liferaysavvy/serial-destination
2023-02-24 06:01:05.287 INFO  [main][SerialDestinationConfig:90] Destination is registred with Service Regisration ..
2023-02-24 06:01:05.290 INFO  [main][SynchronousDestinationConfig:83] Destination is creared ..liferaysavvy/synchronous-destination
2023-02-24 06:01:05.293 INFO  [main][DestinationListenerRegistrator:41] Message Listener Registered..com.liferaysavvy.messagebus.event.listener.DestinationRegisteredParallelMessageListener@976042d
2023-02-24 06:01:05.294 INFO  [main][DestinationListenerRegistrator:45] Message Listener Registered..com.liferaysavvy.messagebus.event.listener.DestinationRegisteredSerialMessageListener@48a526ee
2023-02-24 06:01:05.295 INFO  [main][DestinationListenerRegistrator:49] Message Listener Registered..com.liferaysavvy.messagebus.event.listener.DestinationRegisteredSynchronousMessageListener@4f80fb03
2023-02-24 06:01:05.296 INFO  [main][MessageBusEventListenerNotification:33] **********Destination Added***********liferaysavvy/synchronous-destination
2023-02-24 06:01:05.299 INFO  [main][SynchronousDestinationConfig:90] Destination is registred with Service Regisration ..
2023-02-24 06:01:05.311 INFO  [main][MessageBusEventListenerNotification:33] **********Destination Added***********liferay/monitoring
2023-02-24 06:01:05.319 INFO  [main][MessageBusEventListenerNotification:33] **********Destination Added***********liferay/scripting_executor
2023-02-24 06:01:05.327 INFO  [main][MessageBusEventListenerNotification:33] **********Destination Added***********liferay/analytics_messages_processor
2023-02-24 06:01:05.332 INFO  [main][MessageBusEventListenerNotification:33] **********Destination Added***********liferay/scheduled_user_ldap_import
2023-02-24 06:01:05.339 INFO  [main][MessageBusEventListenerNotification:33] **********Destination Added***********liferay/message_bus/default_response
2023-02-24 06:01:05.342 INFO  [main][MessageBusEventListenerNotification:33] **********Destination Added***********liferay/message_bus/message_status
2023-02-24 06:01:05.344 INFO  [main][MessageBusEventListenerNotification:33] **********Destination Added***********liferay/live_users
2023-02-24 06:01:05.348 INFO  [main][MessageBusEventListenerNotification:33] **********Destination Added***********liferay/document_library_audio_processor
2023-02-24 06:01:05.351 INFO  [main][MessageBusEventListenerNotification:33] **********Destination Added***********liferay/async_service
2023-02-24 06:01:05.355 INFO  [main][MessageBusEventListenerNotification:33] **********Destination Added***********liferay/layouts_local_publisher
2023-02-24 06:01:05.357 INFO  [main][MessageBusEventListenerNotification:33] **********Destination Added***********liferay/convert_process
2023-02-24 06:01:05.360 INFO  [main][MessageBusEventListenerNotification:33] **********Destination Added***********liferay/document_library_pdf_processor
2023-02-24 06:01:05.362 INFO  [main][MessageBusEventListenerNotification:33] **********Destination Added***********liferay/subscription_clean_up
2023-02-24 06:01:05.366 INFO  [main][MessageBusEventListenerNotification:33] **********Destination Added***********liferay/document_library_video_processor
2023-02-24 06:01:05.368 INFO  [main][MessageBusEventListenerNotification:33] **********Destination Added***********liferay/document_library_raw_metadata_processor
2023-02-24 06:01:05.370 INFO  [main][MessageBusEventListenerNotification:33] **********Destination Added***********liferay/document_library_image_processor
2023-02-24 06:01:05.373 INFO  [main][MessageBusEventListenerNotification:33] **********Destination Added***********liferay/message_boards_mailing_list
2023-02-24 06:01:05.375 INFO  [main][MessageBusEventListenerNotification:33] **********Destination Added***********liferay/subscription_sender
2023-02-24 06:01:05.377 INFO  [main][MessageBusEventListenerNotification:33] **********Destination Added***********liferay/hot_deploy
2023-02-24 06:01:05.379 INFO  [main][MessageBusEventListenerNotification:33] **********Destination Added***********liferay/layouts_remote_publisher
2023-02-24 06:01:05.390 INFO  [main][MessageBusEventListenerNotification:33] **********Destination Added***********liferay/poller_comet_response
2023-02-24 06:01:05.393 INFO  [main][MessageBusEventListenerNotification:33] **********Destination Added***********liferay/poller_response
2023-02-24 06:01:05.396 INFO  [main][MessageBusEventListenerNotification:33] **********Destination Added***********liferay/poller
2023-02-24 06:01:05.403 INFO  [main][MessageBusEventListenerNotification:33] **********Destination Added***********liferay/workflow_definition
2023-02-24 06:01:05.406 INFO  [main][MessageBusEventListenerNotification:33] **********Destination Added***********liferay/workflow_instance
2023-02-24 06:01:05.409 INFO  [main][MessageBusEventListenerNotification:33] **********Destination Added***********liferay/workflow_log
2023-02-24 06:01:05.411 INFO  [main][MessageBusEventListenerNotification:33] **********Destination Added***********liferay/workflow_task
2023-02-24 06:01:05.414 INFO  [main][MessageBusEventListenerNotification:33] **********Destination Added***********liferay/workflow_engine
2023-02-24 06:01:05.418 INFO  [main][MessageBusEventListenerNotification:33] **********Destination Added***********liferay/workflow_comparator
2023-02-24 06:01:05.421 INFO  [main][MessageBusEventListenerNotification:33] **********Destination Added***********liferay/workflow_status
2023-02-24 06:01:05.424 INFO  [main][MessageBusEventListenerNotification:33] **********Destination Added***********liferay/mail
2023-02-24 06:01:05.430 INFO  [main][MessageBusEventListenerNotification:33] **********Destination Added***********liferay/segments_entry_reindex
2023-02-24 06:01:05.439 INFO  [main][MessageBusEventListenerNotification:33] **********Destination Added***********liferay/search_reader/SYSTEM_ENGINE
2023-02-24 06:01:05.443 INFO  [main][MessageBusEventListenerNotification:33] **********Destination Added***********liferay/search_writer/SYSTEM_ENGINE
2023-02-24 06:01:05.487 INFO  [main][MessageBusEventListenerNotification:33] **********Destination Added***********liferay/interest_terms
2023-02-24 06:01:05.718 INFO  [main][MessageBusEventListenerNotification:33] **********Destination Added***********liferay/flags
2023-02-24 06:01:08.060 INFO  [main][StartupHelperUtil:86] There are no patches installed
2023-02-24 06:01:08.079 INFO  [main][LoggingTimer:83] Starting com.liferay.portal.events.StartupHelperUtil#initResourceActions
2023-02-24 06:01:08.106 INFO  [main][LoggingTimer:44] Completed com.liferay.portal.events.StartupHelperUtil#initResourceActions in 27 ms
2023-02-24 06:01:08.113 INFO  [main][MessageBusEventListenerNotification:33] **********Destination Added***********liferay/lcs_status
2023-02-24 06:01:08.149 INFO  [main][LicenseManager:-1] Digital Enterprise Development license validation passed
2023-02-24 06:01:08.731 INFO  [main][AutoDeployDir:176] Auto deploy scanner started for /media/root322/Data/Documents/LiferayWorkspace/bundles/deploy
2023-02-24 06:01:45.827 INFO  [com.liferay.portal.osgi.web.wab.extender.internal.WabFactory-BundleTrackerOpener][ThemeHotDeployListener:108] 1 theme for classic-theme is available for use
2023-02-24 06:01:45.953 INFO  [com.liferay.portal.osgi.web.wab.extender.internal.WabFactory-BundleTrackerOpener][ThemeHotDeployListener:108] 1 theme for dialect-theme is available for use
2023-02-24 06:01:46.112 INFO  [com.liferay.portal.osgi.web.wab.extender.internal.WabFactory-BundleTrackerOpener][ThemeHotDeployListener:108] 1 theme for speedwell-theme is available for use
2023-02-24 06:01:46.239 INFO  [com.liferay.portal.osgi.web.wab.extender.internal.WabFactory-BundleTrackerOpener][ThemeHotDeployListener:108] 1 theme for minium-theme is available for use
2023-02-24 06:01:46.366 INFO  [com.liferay.portal.osgi.web.wab.extender.internal.WabFactory-BundleTrackerOpener][ThemeHotDeployListener:108] 1 theme for admin-theme is available for use
2023-02-24 06:01:46.478 INFO  [com.liferay.portal.osgi.web.wab.extender.internal.WabFactory-BundleTrackerOpener][HookHotDeployListener:496] Hook for LangHook is available for use
2023-02-24 06:01:46.584 INFO  [com.liferay.portal.osgi.web.wab.extender.internal.WabFactory-BundleTrackerOpener][LayoutTemplateHotDeployListener:107] 1 layout template for LayoutTemplateDemo is available for use
2023-02-24 06:01:46.733 INFO  [com.liferay.portal.osgi.web.wab.extender.internal.WabFactory-BundleTrackerOpener][ThemeHotDeployListener:108] 1 theme for democlassictheme-theme is available for use
2023-02-24 06:01:46.845 INFO  [com.liferay.portal.osgi.web.wab.extender.internal.WabFactory-BundleTrackerOpener][ThemeHotDeployListener:108] 1 theme for demotheme-theme is available for use
2023-02-24 06:01:46.949 INFO  [com.liferay.portal.osgi.web.wab.extender.internal.WabFactory-BundleTrackerOpener][ThemeHotDeployListener:108] 1 theme for my-liferay-theme is available for use
2023-02-24 06:01:47.214 INFO  [com.liferay.portal.osgi.web.wab.extender.internal.WabFactory-BundleTrackerOpener][ThemeHotDeployListener:108] 1 theme for cstheme2-theme is available for use
2023-02-24 06:50:46.554 WARN  [http-nio-8000-exec-9][code_jsp:159] {code="404", msg="ProxyServlet: /o/frontend-js-aui-web/build/aui-skin-deprecated/images/common/state_default_bg.png", uri=/o/frontend-js-aui-web/build/aui-skin-deprecated/images/common/state_default_bg.png}
2023-02-24 06:50:46.554 WARN  [http-nio-8000-exec-8][code_jsp:159] {code="404", msg="ProxyServlet: /o/frontend-js-aui-web/build/aui-skin-deprecated/images/loading_indicator.gif", uri=/o/frontend-js-aui-web/build/aui-skin-deprecated/images/loading_indicator.gif}
2023-02-24 07:18:41.151 WARN  [http-nio-8000-exec-6][code_jsp:159] {code="404", msg="ProxyServlet: /o/frontend-js-aui-web/build/aui-skin-deprecated/images/loading_indicator.gif", uri=/o/frontend-js-aui-web/build/aui-skin-deprecated/images/loading_indicator.gif}
2023-02-24 07:18:41.151 WARN  [http-nio-8000-exec-10][code_jsp:159] {code="404", msg="ProxyServlet: /o/frontend-js-aui-web/build/aui-skin-deprecated/images/common/state_default_bg.png", uri=/o/frontend-js-aui-web/build/aui-skin-deprecated/images/common/state_default_bg.png}
2023-02-24 07:31:54.361 WARN  [http-nio-8000-exec-2][code_jsp:159] {code="404", msg="ProxyServlet: /o/frontend-js-aui-web/build/aui-skin-deprecated/images/common/state_default_bg.png", uri=/o/frontend-js-aui-web/build/aui-skin-deprecated/images/common/state_default_bg.png}
2023-02-24 07:31:54.361 WARN  [http-nio-8000-exec-1][code_jsp:159] {code="404", msg="ProxyServlet: /o/frontend-js-aui-web/build/aui-skin-deprecated/images/loading_indicator.gif", uri=/o/frontend-js-aui-web/build/aui-skin-deprecated/images/loading_indicator.gif}
2023-02-24 10:02:34.171 INFO  [fileinstall-directory-watcher][BundleStartStopLogger:77] STARTED moduleblacklistconfiguration_1.0.0 [1833]
2023-02-24 10:15:22.234 INFO  [fileinstall-directory-watcher][BundleStartStopLogger:80] STOPPED moduleblacklistconfiguration_1.0.0 [1833]
2023-02-24 10:15:22.379 INFO  [Refresh Thread: Equinox Container: ba34cbea-3231-4e13-9a65-cb2c4369e3f3][BundleStartStopLogger:77] STARTED moduleblacklistconfiguration_1.0.0 [1833]
2023-02-24 10:16:57.649 INFO  [fileinstall-directory-watcher][BundleStartStopLogger:80] STOPPED moduleblacklistconfiguration_1.0.0 [1833]
2023-02-24 10:16:57.785 INFO  [Refresh Thread: Equinox Container: ba34cbea-3231-4e13-9a65-cb2c4369e3f3][BundleStartStopLogger:77] STARTED moduleblacklistconfiguration_1.0.0 [1833]
2023-02-24 10:20:18.368 INFO  [fileinstall-directory-watcher][BundleStartStopLogger:80] STOPPED moduleblacklistconfiguration_1.0.0 [1833]
2023-02-24 10:20:33.652 INFO  [fileinstall-directory-watcher][BundleStartStopLogger:77] STARTED moduleblacklistconfiguration_1.0.0 [1834]
2023-02-24 10:21:28.810 INFO  [fileinstall-directory-watcher][BundleStartStopLogger:80] STOPPED panelappdemo_1.0.0 [1758]
2023-02-24 10:21:28.917 INFO  [Refresh Thread: Equinox Container: ba34cbea-3231-4e13-9a65-cb2c4369e3f3][BundleStartStopLogger:77] STARTED panelappdemo_1.0.0 [1758]
2023-02-24 10:23:24.345 INFO  [fileinstall-directory-watcher][BundleStartStopLogger:80] STOPPED moduleblacklistconfiguration_1.0.0 [1834]
2023-02-24 10:23:24.466 INFO  [Refresh Thread: Equinox Container: ba34cbea-3231-4e13-9a65-cb2c4369e3f3][BundleStartStopLogger:77] STARTED moduleblacklistconfiguration_1.0.0 [1834]
2023-02-24 10:23:49.551 INFO  [fileinstall-directory-watcher][BundleStartStopLogger:80] STOPPED moduleblacklistconfiguration_1.0.0 [1834]
2023-02-24 10:23:49.651 INFO  [Refresh Thread: Equinox Container: ba34cbea-3231-4e13-9a65-cb2c4369e3f3][BundleStartStopLogger:77] STARTED moduleblacklistconfiguration_1.0.0 [1834]
2023-02-24 10:25:09.862 INFO  [fileinstall-directory-watcher][BundleStartStopLogger:80] STOPPED moduleblacklistconfiguration_1.0.0 [1834]
2023-02-24 10:25:09.962 INFO  [Refresh Thread: Equinox Container: ba34cbea-3231-4e13-9a65-cb2c4369e3f3][BundleStartStopLogger:77] STARTED moduleblacklistconfiguration_1.0.0 [1834]
2023-02-24 10:46:49.572 INFO  [fileinstall-directory-watcher][BundleStartStopLogger:80] STOPPED moduleblacklistconfiguration_1.0.0 [1834]
2023-02-24 10:46:49.669 INFO  [Refresh Thread: Equinox Container: ba34cbea-3231-4e13-9a65-cb2c4369e3f3][BundleStartStopLogger:77] STARTED moduleblacklistconfiguration_1.0.0 [1834]
2023-02-24 10:48:50.011 INFO  [fileinstall-directory-watcher][BundleStartStopLogger:80] STOPPED moduleblacklistconfiguration_1.0.0 [1834]
2023-02-24 10:48:50.113 INFO  [Refresh Thread: Equinox Container: ba34cbea-3231-4e13-9a65-cb2c4369e3f3][BundleStartStopLogger:77] STARTED moduleblacklistconfiguration_1.0.0 [1834]
2023-02-24 10:50:55.579 INFO  [fileinstall-directory-watcher][BundleStartStopLogger:80] STOPPED moduleblacklistconfiguration_1.0.0 [1834]
2023-02-24 10:50:55.689 INFO  [Refresh Thread: Equinox Container: ba34cbea-3231-4e13-9a65-cb2c4369e3f3][BundleStartStopLogger:77] STARTED moduleblacklistconfiguration_1.0.0 [1834]
2023-02-24 10:54:46.514 INFO  [fileinstall-directory-watcher][BundleStartStopLogger:80] STOPPED moduleblacklistconfiguration_1.0.0 [1834]
2023-02-24 10:54:46.616 INFO  [Refresh Thread: Equinox Container: ba34cbea-3231-4e13-9a65-cb2c4369e3f3][BundleStartStopLogger:77] STARTED moduleblacklistconfiguration_1.0.0 [1834]
2023-02-24 10:56:11.901 INFO  [fileinstall-directory-watcher][BundleStartStopLogger:80] STOPPED moduleblacklistconfiguration_1.0.0 [1834]
2023-02-24 10:56:12.195 INFO  [Refresh Thread: Equinox Container: ba34cbea-3231-4e13-9a65-cb2c4369e3f3][BundleStartStopLogger:77] STARTED moduleblacklistconfiguration_1.0.0 [1834]
2023-02-24 10:59:17.789 INFO  [fileinstall-directory-watcher][BundleStartStopLogger:80] STOPPED moduleblacklistconfiguration_1.0.0 [1834]
2023-02-24 10:59:17.919 INFO  [Refresh Thread: Equinox Container: ba34cbea-3231-4e13-9a65-cb2c4369e3f3][BundleStartStopLogger:77] STARTED moduleblacklistconfiguration_1.0.0 [1834]
2023-02-24 11:01:53.465 INFO  [fileinstall-directory-watcher][BundleStartStopLogger:80] STOPPED moduleblacklistconfiguration_1.0.0 [1834]
2023-02-24 11:01:53.585 INFO  [Refresh Thread: Equinox Container: ba34cbea-3231-4e13-9a65-cb2c4369e3f3][BundleStartStopLogger:77] STARTED moduleblacklistconfiguration_1.0.0 [1834]
2023-02-24 11:06:54.503 INFO  [fileinstall-directory-watcher][BundleStartStopLogger:80] STOPPED moduleblacklistconfiguration_1.0.0 [1834]
2023-02-24 11:06:54.608 INFO  [Refresh Thread: Equinox Container: ba34cbea-3231-4e13-9a65-cb2c4369e3f3][BundleStartStopLogger:77] STARTED moduleblacklistconfiguration_1.0.0 [1834]
2023-02-24 11:08:19.872 INFO  [fileinstall-directory-watcher][BundleStartStopLogger:80] STOPPED moduleblacklistconfiguration_1.0.0 [1834]
2023-02-24 11:08:19.967 INFO  [Refresh Thread: Equinox Container: ba34cbea-3231-4e13-9a65-cb2c4369e3f3][BundleStartStopLogger:77] STARTED moduleblacklistconfiguration_1.0.0 [1834]
2023-02-24 11:09:20.177 INFO  [fileinstall-directory-watcher][BundleStartStopLogger:80] STOPPED moduleblacklistconfiguration_1.0.0 [1834]
2023-02-24 11:09:20.306 INFO  [Refresh Thread: Equinox Container: ba34cbea-3231-4e13-9a65-cb2c4369e3f3][BundleStartStopLogger:77] STARTED moduleblacklistconfiguration_1.0.0 [1834]
2023-02-24 11:11:20.762 INFO  [fileinstall-directory-watcher][BundleStartStopLogger:80] STOPPED moduleblacklistconfiguration_1.0.0 [1834]
2023-02-24 11:11:20.869 INFO  [Refresh Thread: Equinox Container: ba34cbea-3231-4e13-9a65-cb2c4369e3f3][BundleStartStopLogger:77] STARTED moduleblacklistconfiguration_1.0.0 [1834]
2023-02-24 11:16:22.013 INFO  [fileinstall-directory-watcher][BundleStartStopLogger:80] STOPPED moduleblacklistconfiguration_1.0.0 [1834]
2023-02-24 11:16:22.112 INFO  [Refresh Thread: Equinox Container: ba34cbea-3231-4e13-9a65-cb2c4369e3f3][BundleStartStopLogger:77] STARTED moduleblacklistconfiguration_1.0.0 [1834]
2023-02-24 11:55:12.474 INFO  [fileinstall-directory-watcher][BundleStartStopLogger:80] STOPPED moduleblacklistconfiguration_1.0.0 [1834]
2023-02-24 11:55:12.580 INFO  [Refresh Thread: Equinox Container: ba34cbea-3231-4e13-9a65-cb2c4369e3f3][BundleStartStopLogger:77] STARTED moduleblacklistconfiguration_1.0.0 [1834]
2023-02-24 11:56:22.794 INFO  [fileinstall-directory-watcher][BundleStartStopLogger:80] STOPPED com.task.demo_1.0.0 [1756]
2023-02-24 12:27:35.464 INFO  [fileinstall-directory-watcher][BundleStartStopLogger:80] STOPPED com.liferay.docs.guestbook.portlet_1.0.0 [1816]
2023-02-24 12:27:35.633 INFO  [Refresh Thread: Equinox Container: ba34cbea-3231-4e13-9a65-cb2c4369e3f3][BundleStartStopLogger:77] STARTED com.liferay.docs.guestbook.portlet_1.0.0 [1816]
2023-02-24 12:28:45.806 INFO  [fileinstall-directory-watcher][BundleStartStopLogger:80] STOPPED com.liferay.docs.guestbook.portlet_1.0.0 [1816]
2023-02-24 12:29:26.415 INFO  [fileinstall-directory-watcher][BundleStartStopLogger:77] STARTED com.liferay.docs.guestbook.portlet_1.0.0 [1835]
2023-02-24 12:39:53.505 INFO  [fileinstall-directory-watcher][BundleStartStopLogger:80] STOPPED com.liferay.docs.guestbook.portlet_1.0.0 [1835]
2023-02-24 12:39:53.632 INFO  [Refresh Thread: Equinox Container: ba34cbea-3231-4e13-9a65-cb2c4369e3f3][BundleStartStopLogger:77] STARTED com.liferay.docs.guestbook.portlet_1.0.0 [1835]
2023-02-24 12:40:28.752 INFO  [fileinstall-directory-watcher][BundleStartStopLogger:80] STOPPED com.liferay.docs.guestbook.portlet_1.0.0 [1835]
2023-02-24 12:40:28.906 INFO  [Refresh Thread: Equinox Container: ba34cbea-3231-4e13-9a65-cb2c4369e3f3][BundleStartStopLogger:77] STARTED com.liferay.docs.guestbook.portlet_1.0.0 [1835]
2023-02-24 12:40:53.985 INFO  [fileinstall-directory-watcher][BundleStartStopLogger:80] STOPPED com.liferay.docs.guestbook.portlet_1.0.0 [1835]
2023-02-24 12:40:54.099 INFO  [Refresh Thread: Equinox Container: ba34cbea-3231-4e13-9a65-cb2c4369e3f3][BundleStartStopLogger:77] STARTED com.liferay.docs.guestbook.portlet_1.0.0 [1835]
2023-02-24 13:11:42.096 INFO  [fileinstall-directory-watcher][BundleStartStopLogger:80] STOPPED com.liferay.docs.guestbook.portlet_1.0.0 [1835]
2023-02-24 13:11:42.206 INFO  [Refresh Thread: Equinox Container: ba34cbea-3231-4e13-9a65-cb2c4369e3f3][BundleStartStopLogger:77] STARTED com.liferay.docs.guestbook.portlet_1.0.0 [1835]
2023-02-24 13:26:38.181 INFO  [Thread-7][ThemeHotDeployListener:171] 1 theme for cstheme2-theme was unregistered
2023-02-24 13:26:38.210 INFO  [Thread-7][ThemeHotDeployListener:171] 1 theme for my-liferay-theme was unregistered
2023-02-24 13:26:38.229 INFO  [Thread-7][ThemeHotDeployListener:171] 1 theme for demotheme-theme was unregistered
2023-02-24 13:26:38.254 INFO  [Thread-7][ThemeHotDeployListener:171] 1 theme for democlassictheme-theme was unregistered
2023-02-24 13:26:38.267 INFO  [Thread-7][LayoutTemplateHotDeployListener:156] 1 layout template for LayoutTemplateDemo was unregistered
2023-02-24 13:26:38.287 INFO  [Thread-7][HookHotDeployListener:544] Hook for LangHook was unregistered
2023-02-24 13:26:38.299 INFO  [Thread-7][ThemeHotDeployListener:171] 1 theme for admin-theme was unregistered
2023-02-24 13:26:38.311 INFO  [Thread-7][ThemeHotDeployListener:171] 1 theme for minium-theme was unregistered
2023-02-24 13:26:38.324 INFO  [Thread-7][ThemeHotDeployListener:171] 1 theme for speedwell-theme was unregistered
2023-02-24 13:26:38.336 INFO  [Thread-7][ThemeHotDeployListener:171] 1 theme for dialect-theme was unregistered
2023-02-24 13:26:38.349 INFO  [Thread-7][ThemeHotDeployListener:171] 1 theme for classic-theme was unregistered
2023-02-24 13:26:38.574 WARN  [Thread-7][PoolBase:184] HikariPool-1 - Failed to validate connection com.mysql.cj.jdbc.ConnectionImpl@27789bd3 (No operations allowed after connection closed.). Possibly consider using a shorter maxLifetime value.
2023-02-24 13:26:38.575 WARN  [Thread-7][PoolBase:184] HikariPool-1 - Failed to validate connection com.mysql.cj.jdbc.ConnectionImpl@69fca743 (No operations allowed after connection closed.). Possibly consider using a shorter maxLifetime value.
2023-02-24 13:26:38.576 WARN  [Thread-7][PoolBase:184] HikariPool-1 - Failed to validate connection com.mysql.cj.jdbc.ConnectionImpl@5833a677 (No operations allowed after connection closed.). Possibly consider using a shorter maxLifetime value.
2023-02-24 13:26:38.577 WARN  [Thread-7][PoolBase:184] HikariPool-1 - Failed to validate connection com.mysql.cj.jdbc.ConnectionImpl@3392dfc1 (No operations allowed after connection closed.). Possibly consider using a shorter maxLifetime value.
2023-02-24 13:26:38.578 WARN  [Thread-7][PoolBase:184] HikariPool-1 - Failed to validate connection com.mysql.cj.jdbc.ConnectionImpl@50d77c63 (No operations allowed after connection closed.). Possibly consider using a shorter maxLifetime value.
2023-02-24 13:26:38.580 WARN  [Thread-7][PoolBase:184] HikariPool-1 - Failed to validate connection com.mysql.cj.jdbc.ConnectionImpl@5c9d1f85 (No operations allowed after connection closed.). Possibly consider using a shorter maxLifetime value.
2023-02-24 13:26:38.582 WARN  [Thread-7][PoolBase:184] HikariPool-1 - Failed to validate connection com.mysql.cj.jdbc.ConnectionImpl@19d80a7f (No operations allowed after connection closed.). Possibly consider using a shorter maxLifetime value.
2023-02-24 13:26:38.584 WARN  [Thread-7][PoolBase:184] HikariPool-1 - Failed to validate connection com.mysql.cj.jdbc.ConnectionImpl@639bb98c (No operations allowed after connection closed.). Possibly consider using a shorter maxLifetime value.
2023-02-24 13:26:38.586 WARN  [Thread-7][PoolBase:184] HikariPool-1 - Failed to validate connection com.mysql.cj.jdbc.ConnectionImpl@3ac9cc72 (No operations allowed after connection closed.). Possibly consider using a shorter maxLifetime value.
