2023-05-29 04:52:36.928 INFO  [main][PortalContextLoaderListener:123] JVM arguments: -Dcatalina.base=/media/root322/Data/Documents/LiferayWorkspace/bundles/tomcat-9.0.56 -Dcatalina.home=/media/root322/Data/Documents/LiferayWorkspace/bundles/tomcat-9.0.56 -Dfile.encoding=UTF8 -Djava.io.tmpdir=/media/root322/Data/Documents/LiferayWorkspace/bundles/tomcat-9.0.56/temp -Djava.net.preferIPv4Stack=true -Djava.util.logging.config.file=/media/root322/Data/Documents/LiferayWorkspace/bundles/tomcat-9.0.56/conf/logging.properties -Djava.util.logging.manager=org.apache.juli.ClassLoaderLogManager -Dorg.apache.catalina.loader.WebappClassLoader.ENABLE_CLEAR_REFERENCES=false -Duser.timezone=GMT -Xmx2560m -XX:MaxMetaspaceSize=768m -XX:MetaspaceSize=768m -javaagent:/media/root322/Data/Intellij DOcumnet/idea-IC-231.8109.175/lib/idea_rt.jar=44251:/media/root322/Data/Intellij DOcumnet/idea-IC-231.8109.175/bin
2023-05-29 04:52:38.936 INFO  [main][DialectDetector:153] Using dialect org.hibernate.dialect.MySQL8Dialect for MySQL 8.0
2023-05-29 04:52:42.475 INFO  [main][ModuleFrameworkImpl:1279] Starting initial bundles
2023-05-29 04:52:42.608 ERROR [Refresh Thread: Equinox Container: 94cc29f8-415b-4b38-bd96-b5392e6b5aae][AppResolverHook:112] Unable to resolve application 8fef06ec-9aba-432f-8f51-6d689c374bd6
java.lang.Exception: This application does not have a valid license
	at com.liferay.portal.app.license.impl.MarketplaceAppLicenseVerifier._verify(MarketplaceAppLicenseVerifier.java:228) ~[com.liferay.portal.app.license.impl.jar:?]
	at com.liferay.portal.app.license.impl.MarketplaceAppLicenseVerifier.verify(MarketplaceAppLicenseVerifier.java:92) ~[com.liferay.portal.app.license.impl.jar:?]
	at com.liferay.portal.app.license.resolver.hook.AppResolverHook._filterResolvable(AppResolverHook.java:172) ~[com.liferay.portal.app.license.resolver.hook.jar:?]
	at com.liferay.portal.app.license.resolver.hook.AppResolverHook.filterResolvable(AppResolverHook.java:104) [com.liferay.portal.app.license.resolver.hook.jar:?]
	at org.eclipse.osgi.internal.framework.OSGiFrameworkHooks$CoreResolverHookFactory$CoreResolverHook.filterResolvable(OSGiFrameworkHooks.java:279) [org.eclipse.osgi.jar:?]
	at org.eclipse.osgi.container.ModuleResolver$ResolveProcess.filterResolvable(ModuleResolver.java:1404) [org.eclipse.osgi.jar:?]
	at org.eclipse.osgi.container.ModuleResolver$ResolveProcess.resolve(ModuleResolver.java:960) [org.eclipse.osgi.jar:?]
	at org.eclipse.osgi.container.ModuleResolver.resolveDelta(ModuleResolver.java:167) [org.eclipse.osgi.jar:?]
	at org.eclipse.osgi.container.ModuleContainer.resolveAndApply(ModuleContainer.java:526) [org.eclipse.osgi.jar:?]
	at org.eclipse.osgi.container.ModuleContainer.resolve(ModuleContainer.java:484) [org.eclipse.osgi.jar:?]
	at org.eclipse.osgi.container.ModuleContainer.refresh(ModuleContainer.java:1028) [org.eclipse.osgi.jar:?]
	at org.eclipse.osgi.container.ModuleContainer$ContainerWiring.dispatchEvent(ModuleContainer.java:1409) [org.eclipse.osgi.jar:?]
	at org.eclipse.osgi.container.ModuleContainer$ContainerWiring.dispatchEvent(ModuleContainer.java:1) [org.eclipse.osgi.jar:?]
	at org.eclipse.osgi.framework.eventmgr.EventManager.dispatchEvent(EventManager.java:230) [org.eclipse.osgi.jar:?]
	at org.eclipse.osgi.framework.eventmgr.EventManager$EventThread.run(EventManager.java:340) [org.eclipse.osgi.jar:?]
2023-05-29 04:52:42.620 ERROR [Refresh Thread: Equinox Container: 94cc29f8-415b-4b38-bd96-b5392e6b5aae][AppResolverHook:120] Unable to resolve de.rtg.portlet.survey.api: This application does not have a valid license
2023-05-29 04:52:42.629 ERROR [Refresh Thread: Equinox Container: 94cc29f8-415b-4b38-bd96-b5392e6b5aae][AppResolverHook:120] Unable to resolve de.rtg.portlet.survey.service: This application does not have a valid license
2023-05-29 04:52:42.634 ERROR [Refresh Thread: Equinox Container: 94cc29f8-415b-4b38-bd96-b5392e6b5aae][AppResolverHook:120] Unable to resolve rtg-survey-portlet: This application does not have a valid license
2023-05-29 04:52:43.375 INFO  [ModuleFramework-Static-Bundles-3][InterpolationConfigurationPlugin:109] Configured directory for secrets: /media/root322/Data/Documents/LiferayWorkspace/bundles/osgi/configs
2023-05-29 04:52:44.570 INFO  [ModuleFramework-Static-Bundles-5][DefaultLPKGDeployer:456] Using overriding JAR bundle LPKG-Override::/media/root322/Data/Documents/LiferayWorkspace/bundles/osgi/marketplace/override/com.liferay.document.library.web.jar
2023-05-29 04:52:44.571 INFO  [ModuleFramework-Static-Bundles-5][DefaultLPKGDeployer:456] Using overriding JAR bundle LPKG-Override::/media/root322/Data/Documents/LiferayWorkspace/bundles/osgi/marketplace/override/com.liferay.portal.language.lang.jar
2023-05-29 04:52:44.637 INFO  [main][ModuleFrameworkImpl:1576] Started initial bundles
2023-05-29 04:52:44.637 INFO  [main][ModuleFrameworkImpl:1625] Starting dynamic bundles
2023-05-29 04:53:01.961 INFO  [Start Level: Equinox Container: 94cc29f8-415b-4b38-bd96-b5392e6b5aae][MessageBusRegistrator:41] Message Listener Registered..com.liferaysavvy.messagebus.event.listener.MessageBusRegisteredParallelMessageListener@1f36981f
2023-05-29 04:53:01.962 INFO  [Start Level: Equinox Container: 94cc29f8-415b-4b38-bd96-b5392e6b5aae][MessageBusRegistrator:45] Message Listener Registered..com.liferaysavvy.messagebus.event.listener.MessageBusRegisteredSerialMessageListener@243002a2
2023-05-29 04:53:01.963 INFO  [Start Level: Equinox Container: 94cc29f8-415b-4b38-bd96-b5392e6b5aae][MessageBusRegistrator:49] Message Listener Registered..com.liferaysavvy.messagebus.event.listener.MessageBusRegisteredSynchronousMessageListener@584e1cd5
2023-05-29 04:53:02.170 ERROR [Framework Event Dispatcher: Equinox Container: 94cc29f8-415b-4b38-bd96-b5392e6b5aae][Framework:56] FrameworkEvent ERROR
com.liferay.portal.kernel.log.LogSanitizerException: org.osgi.framework.BundleException: Could not resolve module: de.rtg.portlet.survey.api [1858]_Bundle was filtered by a resolver hook._ [Sanitized]
	at org.eclipse.osgi.container.Module.start(Module.java:444) ~[org.eclipse.osgi.jar:?]
	at org.eclipse.osgi.container.ModuleContainer$ContainerStartLevel.incStartLevel(ModuleContainer.java:1682) ~[org.eclipse.osgi.jar:?]
	at org.eclipse.osgi.container.ModuleContainer$ContainerStartLevel.incStartLevel(ModuleContainer.java:1662) ~[org.eclipse.osgi.jar:?]
	at org.eclipse.osgi.container.ModuleContainer$ContainerStartLevel.doContainerStartLevel(ModuleContainer.java:1624) ~[org.eclipse.osgi.jar:?]
	at org.eclipse.osgi.container.ModuleContainer$ContainerStartLevel.dispatchEvent(ModuleContainer.java:1555) ~[org.eclipse.osgi.jar:?]
	at org.eclipse.osgi.container.ModuleContainer$ContainerStartLevel.dispatchEvent(ModuleContainer.java:1) ~[org.eclipse.osgi.jar:?]
	at org.eclipse.osgi.framework.eventmgr.EventManager.dispatchEvent(EventManager.java:230) [org.eclipse.osgi.jar:?]
	at org.eclipse.osgi.framework.eventmgr.EventManager$EventThread.run(EventManager.java:340) [org.eclipse.osgi.jar:?]
2023-05-29 04:53:02.184 ERROR [Framework Event Dispatcher: Equinox Container: 94cc29f8-415b-4b38-bd96-b5392e6b5aae][Framework:56] FrameworkEvent ERROR
com.liferay.portal.kernel.log.LogSanitizerException: org.osgi.framework.BundleException: Could not resolve module: de.rtg.portlet.survey.service [1859]_Bundle was filtered by a resolver hook._ [Sanitized]
	at org.eclipse.osgi.container.Module.start(Module.java:444) ~[org.eclipse.osgi.jar:?]
	at org.eclipse.osgi.container.ModuleContainer$ContainerStartLevel.incStartLevel(ModuleContainer.java:1682) ~[org.eclipse.osgi.jar:?]
	at org.eclipse.osgi.container.ModuleContainer$ContainerStartLevel.incStartLevel(ModuleContainer.java:1662) ~[org.eclipse.osgi.jar:?]
	at org.eclipse.osgi.container.ModuleContainer$ContainerStartLevel.doContainerStartLevel(ModuleContainer.java:1624) ~[org.eclipse.osgi.jar:?]
	at org.eclipse.osgi.container.ModuleContainer$ContainerStartLevel.dispatchEvent(ModuleContainer.java:1555) ~[org.eclipse.osgi.jar:?]
	at org.eclipse.osgi.container.ModuleContainer$ContainerStartLevel.dispatchEvent(ModuleContainer.java:1) ~[org.eclipse.osgi.jar:?]
	at org.eclipse.osgi.framework.eventmgr.EventManager.dispatchEvent(EventManager.java:230) [org.eclipse.osgi.jar:?]
	at org.eclipse.osgi.framework.eventmgr.EventManager$EventThread.run(EventManager.java:340) [org.eclipse.osgi.jar:?]
2023-05-29 04:53:02.225 ERROR [Framework Event Dispatcher: Equinox Container: 94cc29f8-415b-4b38-bd96-b5392e6b5aae][Framework:56] FrameworkEvent ERROR
com.liferay.portal.kernel.log.LogSanitizerException: org.osgi.framework.BundleException: Could not resolve module: rtg-survey-portlet [1861]_Bundle was filtered by a resolver hook._ [Sanitized]
	at org.eclipse.osgi.container.Module.start(Module.java:444) ~[org.eclipse.osgi.jar:?]
	at org.eclipse.osgi.container.ModuleContainer$ContainerStartLevel.incStartLevel(ModuleContainer.java:1682) ~[org.eclipse.osgi.jar:?]
	at org.eclipse.osgi.container.ModuleContainer$ContainerStartLevel.incStartLevel(ModuleContainer.java:1662) ~[org.eclipse.osgi.jar:?]
	at org.eclipse.osgi.container.ModuleContainer$ContainerStartLevel.doContainerStartLevel(ModuleContainer.java:1624) ~[org.eclipse.osgi.jar:?]
	at org.eclipse.osgi.container.ModuleContainer$ContainerStartLevel.dispatchEvent(ModuleContainer.java:1555) ~[org.eclipse.osgi.jar:?]
	at org.eclipse.osgi.container.ModuleContainer$ContainerStartLevel.dispatchEvent(ModuleContainer.java:1) ~[org.eclipse.osgi.jar:?]
	at org.eclipse.osgi.framework.eventmgr.EventManager.dispatchEvent(EventManager.java:230) [org.eclipse.osgi.jar:?]
	at org.eclipse.osgi.framework.eventmgr.EventManager$EventThread.run(EventManager.java:340) [org.eclipse.osgi.jar:?]
2023-05-29 04:53:02.227 INFO  [main][ModuleFrameworkImpl:1647] Started dynamic bundles
2023-05-29 04:53:02.227 INFO  [main][ModuleFrameworkImpl:1654] Starting web bundles
2023-05-29 04:53:05.266 INFO  [main][ModuleFrameworkImpl:1708] Started web bundles
2023-05-29 04:53:05.267 INFO  [main][ModuleFrameworkImpl:278] Navigate to Control Panel > System > Gogo Shell and enter "lb" to see all bundles
2023-05-29 04:53:05.283 INFO  [main][LoggingTimer:83] Starting com.liferay.portal.verify.VerifyProperties#verifySystemProperties
2023-05-29 04:53:05.284 INFO  [main][LoggingTimer:44] Completed com.liferay.portal.verify.VerifyProperties#verifySystemProperties in 1 ms
2023-05-29 04:53:05.284 INFO  [main][LoggingTimer:83] Starting com.liferay.portal.verify.VerifyProperties#verifyPortalProperties
2023-05-29 04:53:05.306 ERROR [main][VerifyProperties:182] Portal property "journal.article.form.add" is obsolete
2023-05-29 04:53:05.307 ERROR [main][VerifyProperties:182] Portal property "journal.article.form.update" is obsolete
2023-05-29 04:53:05.307 ERROR [main][VerifyProperties:182] Portal property "journal.article.form.translate" is obsolete
2023-05-29 04:53:05.307 INFO  [main][LoggingTimer:44] Completed com.liferay.portal.verify.VerifyProperties#verifyPortalProperties in 23 ms
2023-05-29 04:53:05.308 INFO  [main][LoggingTimer:83] Starting com.liferay.portal.verify.VerifyProperties#verifyDocumentLibrary
2023-05-29 04:53:05.308 INFO  [main][LoggingTimer:44] Completed com.liferay.portal.verify.VerifyProperties#verifyDocumentLibrary in 1 ms
2023-05-29 04:53:05.834 INFO  [main][LoggingTimer:83] Starting com.liferay.portal.events.StartupHelperUtil#initResourceActions
2023-05-29 04:53:05.893 INFO  [main][LoggingTimer:44] Completed com.liferay.portal.events.StartupHelperUtil#initResourceActions in 59 ms
2023-05-29 04:53:08.660 WARN  [main][SidecarManager:103] Liferay automatically starts a child process of Elasticsearch named sidecar for convenient development and demonstration purposes. Do NOT use sidecar in production. Refer to the documentation for details on the limitations of sidecar and instructions on configuring a remote Elasticsearch connection in the Control Panel.
2023-05-29 04:53:19.911 INFO  [main][Sidecar:119] Sidecar Elasticsearch liferay started at 127.0.0.1:9501
2023-05-29 04:53:23.513 INFO  [main][MessageBusEventListenerNotification:33] **********Destination Added***********liferay/monitoring
2023-05-29 04:53:23.517 INFO  [main][MessageBusEventListenerNotification:33] **********Destination Added***********liferay/commerce_base_price_list
2023-05-29 04:53:23.539 INFO  [main][MessageBusEventListenerNotification:33] **********Destination Added***********liferay/commerce_order_status
2023-05-29 04:53:23.542 INFO  [main][MessageBusEventListenerNotification:33] **********Destination Added***********liferay/commerce_payment_status
2023-05-29 04:53:23.544 INFO  [main][MessageBusEventListenerNotification:33] **********Destination Added***********liferay/commerce_shipment_status
2023-05-29 04:53:23.545 INFO  [main][MessageBusEventListenerNotification:33] **********Destination Added***********liferay/commerce_subscription_status
2023-05-29 04:53:23.549 INFO  [main][MessageBusEventListenerNotification:33] **********Destination Added***********liferay/audit
2023-05-29 04:53:23.553 INFO  [main][MessageBusEventListenerNotification:33] **********Destination Added***********liferay/message_bus/default_response
2023-05-29 04:53:23.555 INFO  [main][MessageBusEventListenerNotification:33] **********Destination Added***********liferay/message_bus/message_status
2023-05-29 04:53:23.558 INFO  [main][MessageBusEventListenerNotification:33] **********Destination Added***********liferay/live_users
2023-05-29 04:53:23.560 INFO  [main][MessageBusEventListenerNotification:33] **********Destination Added***********liferay/document_library_audio_processor
2023-05-29 04:53:23.562 INFO  [main][MessageBusEventListenerNotification:33] **********Destination Added***********liferay/async_service
2023-05-29 04:53:23.564 INFO  [main][MessageBusEventListenerNotification:33] **********Destination Added***********liferay/layouts_local_publisher
2023-05-29 04:53:23.566 INFO  [main][MessageBusEventListenerNotification:33] **********Destination Added***********liferay/convert_process
2023-05-29 04:53:23.569 INFO  [main][MessageBusEventListenerNotification:33] **********Destination Added***********liferay/document_library_pdf_processor
2023-05-29 04:53:23.571 INFO  [main][MessageBusEventListenerNotification:33] **********Destination Added***********liferay/subscription_clean_up
2023-05-29 04:53:23.574 INFO  [main][MessageBusEventListenerNotification:33] **********Destination Added***********liferay/document_library_video_processor
2023-05-29 04:53:23.577 INFO  [main][MessageBusEventListenerNotification:33] **********Destination Added***********liferay/document_library_raw_metadata_processor
2023-05-29 04:53:23.579 INFO  [main][MessageBusEventListenerNotification:33] **********Destination Added***********liferay/document_library_image_processor
2023-05-29 04:53:23.582 INFO  [main][MessageBusEventListenerNotification:33] **********Destination Added***********liferay/message_boards_mailing_list
2023-05-29 04:53:23.584 INFO  [main][MessageBusEventListenerNotification:33] **********Destination Added***********liferay/subscription_sender
2023-05-29 04:53:23.586 INFO  [main][MessageBusEventListenerNotification:33] **********Destination Added***********liferay/hot_deploy
2023-05-29 04:53:23.589 INFO  [main][MessageBusEventListenerNotification:33] **********Destination Added***********liferay/layouts_remote_publisher
2023-05-29 04:53:23.599 INFO  [main][MessageBusEventListenerNotification:33] **********Destination Added***********liferay/poller_comet_response
2023-05-29 04:53:23.601 INFO  [main][MessageBusEventListenerNotification:33] **********Destination Added***********liferay/poller_response
2023-05-29 04:53:23.603 INFO  [main][MessageBusEventListenerNotification:33] **********Destination Added***********liferay/poller
2023-05-29 04:53:23.608 INFO  [main][MessageBusEventListenerNotification:33] **********Destination Added***********liferay/workflow_definition
2023-05-29 04:53:23.609 INFO  [main][MessageBusEventListenerNotification:33] **********Destination Added***********liferay/workflow_instance
2023-05-29 04:53:23.611 INFO  [main][MessageBusEventListenerNotification:33] **********Destination Added***********liferay/workflow_log
2023-05-29 04:53:23.613 INFO  [main][MessageBusEventListenerNotification:33] **********Destination Added***********liferay/workflow_task
2023-05-29 04:53:23.614 INFO  [main][MessageBusEventListenerNotification:33] **********Destination Added***********liferay/workflow_engine
2023-05-29 04:53:23.616 INFO  [main][MessageBusEventListenerNotification:33] **********Destination Added***********liferay/workflow_comparator
2023-05-29 04:53:23.618 INFO  [main][MessageBusEventListenerNotification:33] **********Destination Added***********liferay/workflow_status
2023-05-29 04:53:23.620 INFO  [main][MessageBusEventListenerNotification:33] **********Destination Added***********liferay/mail
2023-05-29 04:53:23.625 INFO  [main][MessageBusEventListenerNotification:33] **********Destination Added***********liferay/export_import_lifecycle_event_async
2023-05-29 04:53:23.628 INFO  [main][MessageBusEventListenerNotification:33] **********Destination Added***********liferay/export_import_lifecycle_event_sync
2023-05-29 04:53:23.632 INFO  [main][ParellelDestinationConfig:83] Destination is creared ..liferaysavvy/parallel-destination
2023-05-29 04:53:23.633 INFO  [main][MessageBusEventListenerNotification:33] **********Destination Added***********liferaysavvy/parallel-destination
2023-05-29 04:53:23.634 INFO  [main][ParellelDestinationConfig:90] Destination is registred with Service Regisration ..
2023-05-29 04:53:23.637 INFO  [main][SerialDestinationConfig:83] Destination is creared ..liferaysavvy/serial-destination
2023-05-29 04:53:23.638 INFO  [main][MessageBusEventListenerNotification:33] **********Destination Added***********liferaysavvy/serial-destination
2023-05-29 04:53:23.639 INFO  [main][SerialDestinationConfig:90] Destination is registred with Service Regisration ..
2023-05-29 04:53:23.642 INFO  [main][SynchronousDestinationConfig:83] Destination is creared ..liferaysavvy/synchronous-destination
2023-05-29 04:53:23.644 INFO  [main][DestinationListenerRegistrator:41] Message Listener Registered..com.liferaysavvy.messagebus.event.listener.DestinationRegisteredParallelMessageListener@426f9f7e
2023-05-29 04:53:23.645 INFO  [main][DestinationListenerRegistrator:45] Message Listener Registered..com.liferaysavvy.messagebus.event.listener.DestinationRegisteredSerialMessageListener@5450ce0d
2023-05-29 04:53:23.646 INFO  [main][DestinationListenerRegistrator:49] Message Listener Registered..com.liferaysavvy.messagebus.event.listener.DestinationRegisteredSynchronousMessageListener@423287bb
2023-05-29 04:53:23.647 INFO  [main][MessageBusEventListenerNotification:33] **********Destination Added***********liferaysavvy/synchronous-destination
2023-05-29 04:53:23.648 INFO  [main][SynchronousDestinationConfig:90] Destination is registred with Service Regisration ..
2023-05-29 04:53:23.652 INFO  [main][MessageBusEventListenerNotification:33] **********Destination Added***********liferay/adaptive_media_processor
2023-05-29 04:53:23.655 INFO  [main][MessageBusEventListenerNotification:33] **********Destination Added***********liferay/analytics_messages_processor
2023-05-29 04:53:23.658 INFO  [main][MessageBusEventListenerNotification:33] **********Destination Added***********liferay/tensorflow_model_download
2023-05-29 04:53:23.661 INFO  [main][MessageBusEventListenerNotification:33] **********Destination Added***********liferay/ddm_structure_reindex
2023-05-29 04:53:23.664 INFO  [main][MessageBusEventListenerNotification:33] **********Destination Added***********liferay/segments_entry_reindex
2023-05-29 04:53:23.667 INFO  [main][MessageBusEventListenerNotification:33] **********Destination Added***********liferay/scheduled_user_ldap_import
2023-05-29 04:53:23.674 INFO  [main][MessageBusEventListenerNotification:33] **********Destination Added***********liferay/search_reader/SYSTEM_ENGINE
2023-05-29 04:53:23.676 INFO  [main][MessageBusEventListenerNotification:33] **********Destination Added***********liferay/search_writer/SYSTEM_ENGINE
2023-05-29 04:53:25.023 INFO  [main][MessageBusEventListenerNotification:33] **********Destination Added***********liferay/search_reader/GENERIC_ENGINE
2023-05-29 04:53:25.029 INFO  [main][MessageBusEventListenerNotification:33] **********Destination Added***********liferay/search_writer/GENERIC_ENGINE
2023-05-29 04:53:25.035 INFO  [main][MessageBusEventListenerNotification:33] **********Destination Added***********liferay/scripting_executor
2023-05-29 04:53:25.044 INFO  [main][MessageBusEventListenerNotification:33] **********Destination Added***********liferay/interest_terms
2023-05-29 04:53:25.226 INFO  [main][MessageBusEventListenerNotification:33] **********Destination Added***********liferay/flags
2023-05-29 04:53:26.393 INFO  [main][StartupHelperUtil:86] There are no patches installed
2023-05-29 04:53:26.418 INFO  [main][LoggingTimer:83] Starting com.liferay.portal.events.StartupHelperUtil#initResourceActions
2023-05-29 04:53:26.444 INFO  [main][LoggingTimer:44] Completed com.liferay.portal.events.StartupHelperUtil#initResourceActions in 27 ms
2023-05-29 04:53:26.449 INFO  [main][MessageBusEventListenerNotification:33] **********Destination Added***********liferay/lcs_status
2023-05-29 04:53:26.462 INFO  [main][LicenseManager:-1] Digital Enterprise Development license validation passed
2023-05-29 04:53:26.958 INFO  [main][AutoDeployDir:176] Auto deploy scanner started for /media/root322/Data/Documents/LiferayWorkspace/bundles/deploy
2023-05-29 04:53:54.259 INFO  [com.liferay.portal.osgi.web.wab.extender.internal.WabFactory-BundleTrackerOpener][ThemeHotDeployListener:108] 1 theme for classic-theme is available for use
2023-05-29 04:53:54.383 INFO  [com.liferay.portal.osgi.web.wab.extender.internal.WabFactory-BundleTrackerOpener][ThemeHotDeployListener:108] 1 theme for dialect-theme is available for use
2023-05-29 04:53:54.562 INFO  [com.liferay.portal.osgi.web.wab.extender.internal.WabFactory-BundleTrackerOpener][ThemeHotDeployListener:108] 1 theme for speedwell-theme is available for use
2023-05-29 04:53:54.688 INFO  [com.liferay.portal.osgi.web.wab.extender.internal.WabFactory-BundleTrackerOpener][ThemeHotDeployListener:108] 1 theme for minium-theme is available for use
2023-05-29 04:53:54.799 INFO  [com.liferay.portal.osgi.web.wab.extender.internal.WabFactory-BundleTrackerOpener][ThemeHotDeployListener:108] 1 theme for admin-theme is available for use
2023-05-29 04:53:54.936 INFO  [com.liferay.portal.osgi.web.wab.extender.internal.WabFactory-BundleTrackerOpener][HookHotDeployListener:496] Hook for LangHook is available for use
2023-05-29 04:53:55.048 INFO  [com.liferay.portal.osgi.web.wab.extender.internal.WabFactory-BundleTrackerOpener][LayoutTemplateHotDeployListener:107] 1 layout template for LayoutTemplateDemo is available for use
2023-05-29 04:53:55.184 INFO  [com.liferay.portal.osgi.web.wab.extender.internal.WabFactory-BundleTrackerOpener][ThemeHotDeployListener:108] 1 theme for democlassictheme-theme is available for use
2023-05-29 04:53:55.315 INFO  [com.liferay.portal.osgi.web.wab.extender.internal.WabFactory-BundleTrackerOpener][ThemeHotDeployListener:108] 1 theme for demotheme-theme is available for use
2023-05-29 04:53:55.417 INFO  [com.liferay.portal.osgi.web.wab.extender.internal.WabFactory-BundleTrackerOpener][ThemeHotDeployListener:108] 1 theme for my-liferay-theme is available for use
2023-05-29 04:53:55.696 INFO  [com.liferay.portal.osgi.web.wab.extender.internal.WabFactory-BundleTrackerOpener][ThemeHotDeployListener:108] 1 theme for cstheme2-theme is available for use
2023-05-29 04:53:55.891 INFO  [com.liferay.portal.osgi.web.wab.extender.internal.WabFactory-BundleTrackerOpener][ThemeHotDeployListener:108] 1 theme for module-based-theme is available for use
2023-05-29 06:06:33.874 INFO  [fileinstall-directory-watcher][BundleStartStopLogger:77] STARTED calendarserviceoverride_1.0.0 [1866]
2023-05-29 06:18:51.092 INFO  [fileinstall-directory-watcher][BundleStartStopLogger:77] STARTED calendarresourcesserviceoverride_1.0.0 [1867]
2023-05-29 06:22:31.728 INFO  [fileinstall-directory-watcher][BundleStartStopLogger:80] STOPPED calendarresourcesserviceoverride_1.0.0 [1867]
2023-05-29 06:22:31.983 INFO  [Refresh Thread: Equinox Container: 94cc29f8-415b-4b38-bd96-b5392e6b5aae][BundleStartStopLogger:77] STARTED calendarresourcesserviceoverride_1.0.0 [1867]
2023-05-29 06:22:47.019 INFO  [fileinstall-directory-watcher][BundleStartStopLogger:80] STOPPED calendarresourcesserviceoverride_1.0.0 [1867]
2023-05-29 06:22:47.128 INFO  [Refresh Thread: Equinox Container: 94cc29f8-415b-4b38-bd96-b5392e6b5aae][BundleStartStopLogger:77] STARTED calendarresourcesserviceoverride_1.0.0 [1867]
2023-05-29 06:37:25.125 INFO  [fileinstall-directory-watcher][BundleStartStopLogger:80] STOPPED calendarresourcesserviceoverride_1.0.0 [1867]
2023-05-29 06:37:25.226 INFO  [Refresh Thread: Equinox Container: 94cc29f8-415b-4b38-bd96-b5392e6b5aae][BundleStartStopLogger:77] STARTED calendarresourcesserviceoverride_1.0.0 [1867]
2023-05-29 06:37:45.259 INFO  [fileinstall-directory-watcher][BundleStartStopLogger:80] STOPPED calendarserviceoverride_1.0.0 [1866]
2023-05-29 06:37:45.380 INFO  [Refresh Thread: Equinox Container: 94cc29f8-415b-4b38-bd96-b5392e6b5aae][BundleStartStopLogger:77] STARTED calendarserviceoverride_1.0.0 [1866]
2023-05-29 08:01:38.026 INFO  [fileinstall-directory-watcher][BundleStartStopLogger:80] STOPPED calendarresourcesserviceoverride_1.0.0 [1867]
2023-05-29 08:03:18.510 INFO  [fileinstall-directory-watcher][BundleStartStopLogger:77] STARTED calendarresourcesserviceoverride_1.0.0 [1868]
2023-05-29 09:10:16.992 WARN  [http-nio-8000-exec-9][code_jsp:159] {code="404", msg="ProxyServlet: /apo", uri=/o/apo}
2023-05-29 09:35:22.360 INFO  [fileinstall-directory-watcher][BundleStartStopLogger:80] STOPPED calendarserviceoverride_1.0.0 [1866]
2023-05-29 09:35:22.489 INFO  [Refresh Thread: Equinox Container: 94cc29f8-415b-4b38-bd96-b5392e6b5aae][BundleStartStopLogger:77] STARTED calendarserviceoverride_1.0.0 [1866]
2023-05-29 12:45:26.172 INFO  [main][PortalContextLoaderListener:123] JVM arguments: -agentlib:jdwp=transport=dt_socket,address=127.0.0.1:34211,suspend=y,server=n -Dcatalina.base=/media/root322/Data/Documents/LiferayWorkspace/bundles/tomcat-9.0.56 -Dcatalina.home=/media/root322/Data/Documents/LiferayWorkspace/bundles/tomcat-9.0.56 -Dfile.encoding=UTF8 -Djava.io.tmpdir=/media/root322/Data/Documents/LiferayWorkspace/bundles/tomcat-9.0.56/temp -Djava.net.preferIPv4Stack=true -Djava.util.logging.config.file=/media/root322/Data/Documents/LiferayWorkspace/bundles/tomcat-9.0.56/conf/logging.properties -Djava.util.logging.manager=org.apache.juli.ClassLoaderLogManager -Dorg.apache.catalina.loader.WebappClassLoader.ENABLE_CLEAR_REFERENCES=false -Duser.timezone=GMT -Xmx2560m -XX:MaxMetaspaceSize=768m -XX:MetaspaceSize=768m
2023-05-29 12:45:28.246 INFO  [main][DialectDetector:153] Using dialect org.hibernate.dialect.MySQL8Dialect for MySQL 8.0
2023-05-29 12:45:32.227 INFO  [main][ModuleFrameworkImpl:1279] Starting initial bundles
2023-05-29 12:45:32.343 ERROR [Refresh Thread: Equinox Container: 71d9b336-bda7-4d13-817a-6e06b179bf0f][AppResolverHook:112] Unable to resolve application 8fef06ec-9aba-432f-8f51-6d689c374bd6
java.lang.Exception: This application does not have a valid license
	at com.liferay.portal.app.license.impl.MarketplaceAppLicenseVerifier._verify(MarketplaceAppLicenseVerifier.java:228) ~[com.liferay.portal.app.license.impl.jar:?]
	at com.liferay.portal.app.license.impl.MarketplaceAppLicenseVerifier.verify(MarketplaceAppLicenseVerifier.java:92) ~[com.liferay.portal.app.license.impl.jar:?]
	at com.liferay.portal.app.license.resolver.hook.AppResolverHook._filterResolvable(AppResolverHook.java:172) ~[com.liferay.portal.app.license.resolver.hook.jar:?]
	at com.liferay.portal.app.license.resolver.hook.AppResolverHook.filterResolvable(AppResolverHook.java:104) [com.liferay.portal.app.license.resolver.hook.jar:?]
	at org.eclipse.osgi.internal.framework.OSGiFrameworkHooks$CoreResolverHookFactory$CoreResolverHook.filterResolvable(OSGiFrameworkHooks.java:279) [org.eclipse.osgi.jar:?]
	at org.eclipse.osgi.container.ModuleResolver$ResolveProcess.filterResolvable(ModuleResolver.java:1404) [org.eclipse.osgi.jar:?]
	at org.eclipse.osgi.container.ModuleResolver$ResolveProcess.resolve(ModuleResolver.java:960) [org.eclipse.osgi.jar:?]
	at org.eclipse.osgi.container.ModuleResolver.resolveDelta(ModuleResolver.java:167) [org.eclipse.osgi.jar:?]
	at org.eclipse.osgi.container.ModuleContainer.resolveAndApply(ModuleContainer.java:526) [org.eclipse.osgi.jar:?]
	at org.eclipse.osgi.container.ModuleContainer.resolve(ModuleContainer.java:484) [org.eclipse.osgi.jar:?]
	at org.eclipse.osgi.container.ModuleContainer.refresh(ModuleContainer.java:1028) [org.eclipse.osgi.jar:?]
	at org.eclipse.osgi.container.ModuleContainer$ContainerWiring.dispatchEvent(ModuleContainer.java:1409) [org.eclipse.osgi.jar:?]
	at org.eclipse.osgi.container.ModuleContainer$ContainerWiring.dispatchEvent(ModuleContainer.java:1) [org.eclipse.osgi.jar:?]
	at org.eclipse.osgi.framework.eventmgr.EventManager.dispatchEvent(EventManager.java:230) [org.eclipse.osgi.jar:?]
	at org.eclipse.osgi.framework.eventmgr.EventManager$EventThread.run(EventManager.java:340) [org.eclipse.osgi.jar:?]
2023-05-29 12:45:32.356 ERROR [Refresh Thread: Equinox Container: 71d9b336-bda7-4d13-817a-6e06b179bf0f][AppResolverHook:120] Unable to resolve de.rtg.portlet.survey.api: This application does not have a valid license
2023-05-29 12:45:32.362 ERROR [Refresh Thread: Equinox Container: 71d9b336-bda7-4d13-817a-6e06b179bf0f][AppResolverHook:120] Unable to resolve de.rtg.portlet.survey.service: This application does not have a valid license
2023-05-29 12:45:32.367 ERROR [Refresh Thread: Equinox Container: 71d9b336-bda7-4d13-817a-6e06b179bf0f][AppResolverHook:120] Unable to resolve rtg-survey-portlet: This application does not have a valid license
2023-05-29 12:45:33.123 INFO  [ModuleFramework-Static-Bundles-2][InterpolationConfigurationPlugin:109] Configured directory for secrets: /media/root322/Data/Documents/LiferayWorkspace/bundles/osgi/configs
2023-05-29 12:45:34.374 INFO  [ModuleFramework-Static-Bundles-7][DefaultLPKGDeployer:456] Using overriding JAR bundle LPKG-Override::/media/root322/Data/Documents/LiferayWorkspace/bundles/osgi/marketplace/override/com.liferay.document.library.web.jar
2023-05-29 12:45:34.375 INFO  [ModuleFramework-Static-Bundles-7][DefaultLPKGDeployer:456] Using overriding JAR bundle LPKG-Override::/media/root322/Data/Documents/LiferayWorkspace/bundles/osgi/marketplace/override/com.liferay.portal.language.lang.jar
2023-05-29 12:45:34.482 INFO  [main][ModuleFrameworkImpl:1576] Started initial bundles
2023-05-29 12:45:34.483 INFO  [main][ModuleFrameworkImpl:1625] Starting dynamic bundles
2023-05-29 12:45:50.583 INFO  [Start Level: Equinox Container: 71d9b336-bda7-4d13-817a-6e06b179bf0f][MessageBusRegistrator:41] Message Listener Registered..com.liferaysavvy.messagebus.event.listener.MessageBusRegisteredParallelMessageListener@707ec15f
2023-05-29 12:45:50.584 INFO  [Start Level: Equinox Container: 71d9b336-bda7-4d13-817a-6e06b179bf0f][MessageBusRegistrator:45] Message Listener Registered..com.liferaysavvy.messagebus.event.listener.MessageBusRegisteredSerialMessageListener@6d6e9606
2023-05-29 12:45:50.585 INFO  [Start Level: Equinox Container: 71d9b336-bda7-4d13-817a-6e06b179bf0f][MessageBusRegistrator:49] Message Listener Registered..com.liferaysavvy.messagebus.event.listener.MessageBusRegisteredSynchronousMessageListener@e0b1d43
2023-05-29 12:45:50.711 ERROR [Framework Event Dispatcher: Equinox Container: 71d9b336-bda7-4d13-817a-6e06b179bf0f][Framework:56] FrameworkEvent ERROR
com.liferay.portal.kernel.log.LogSanitizerException: org.osgi.framework.BundleException: Could not resolve module: de.rtg.portlet.survey.api [1858]_Bundle was filtered by a resolver hook._ [Sanitized]
	at org.eclipse.osgi.container.Module.start(Module.java:444) ~[org.eclipse.osgi.jar:?]
	at org.eclipse.osgi.container.ModuleContainer$ContainerStartLevel.incStartLevel(ModuleContainer.java:1682) ~[org.eclipse.osgi.jar:?]
	at org.eclipse.osgi.container.ModuleContainer$ContainerStartLevel.incStartLevel(ModuleContainer.java:1662) ~[org.eclipse.osgi.jar:?]
	at org.eclipse.osgi.container.ModuleContainer$ContainerStartLevel.doContainerStartLevel(ModuleContainer.java:1624) ~[org.eclipse.osgi.jar:?]
	at org.eclipse.osgi.container.ModuleContainer$ContainerStartLevel.dispatchEvent(ModuleContainer.java:1555) ~[org.eclipse.osgi.jar:?]
	at org.eclipse.osgi.container.ModuleContainer$ContainerStartLevel.dispatchEvent(ModuleContainer.java:1) ~[org.eclipse.osgi.jar:?]
	at org.eclipse.osgi.framework.eventmgr.EventManager.dispatchEvent(EventManager.java:230) [org.eclipse.osgi.jar:?]
	at org.eclipse.osgi.framework.eventmgr.EventManager$EventThread.run(EventManager.java:340) [org.eclipse.osgi.jar:?]
2023-05-29 12:45:50.721 ERROR [Framework Event Dispatcher: Equinox Container: 71d9b336-bda7-4d13-817a-6e06b179bf0f][Framework:56] FrameworkEvent ERROR
com.liferay.portal.kernel.log.LogSanitizerException: org.osgi.framework.BundleException: Could not resolve module: de.rtg.portlet.survey.service [1859]_Bundle was filtered by a resolver hook._ [Sanitized]
	at org.eclipse.osgi.container.Module.start(Module.java:444) ~[org.eclipse.osgi.jar:?]
	at org.eclipse.osgi.container.ModuleContainer$ContainerStartLevel.incStartLevel(ModuleContainer.java:1682) ~[org.eclipse.osgi.jar:?]
	at org.eclipse.osgi.container.ModuleContainer$ContainerStartLevel.incStartLevel(ModuleContainer.java:1662) ~[org.eclipse.osgi.jar:?]
	at org.eclipse.osgi.container.ModuleContainer$ContainerStartLevel.doContainerStartLevel(ModuleContainer.java:1624) ~[org.eclipse.osgi.jar:?]
	at org.eclipse.osgi.container.ModuleContainer$ContainerStartLevel.dispatchEvent(ModuleContainer.java:1555) ~[org.eclipse.osgi.jar:?]
	at org.eclipse.osgi.container.ModuleContainer$ContainerStartLevel.dispatchEvent(ModuleContainer.java:1) ~[org.eclipse.osgi.jar:?]
	at org.eclipse.osgi.framework.eventmgr.EventManager.dispatchEvent(EventManager.java:230) [org.eclipse.osgi.jar:?]
	at org.eclipse.osgi.framework.eventmgr.EventManager$EventThread.run(EventManager.java:340) [org.eclipse.osgi.jar:?]
2023-05-29 12:45:50.735 ERROR [Framework Event Dispatcher: Equinox Container: 71d9b336-bda7-4d13-817a-6e06b179bf0f][Framework:56] FrameworkEvent ERROR
com.liferay.portal.kernel.log.LogSanitizerException: org.osgi.framework.BundleException: Could not resolve module: rtg-survey-portlet [1861]_Bundle was filtered by a resolver hook._ [Sanitized]
	at org.eclipse.osgi.container.Module.start(Module.java:444) ~[org.eclipse.osgi.jar:?]
	at org.eclipse.osgi.container.ModuleContainer$ContainerStartLevel.incStartLevel(ModuleContainer.java:1682) ~[org.eclipse.osgi.jar:?]
	at org.eclipse.osgi.container.ModuleContainer$ContainerStartLevel.incStartLevel(ModuleContainer.java:1662) ~[org.eclipse.osgi.jar:?]
	at org.eclipse.osgi.container.ModuleContainer$ContainerStartLevel.doContainerStartLevel(ModuleContainer.java:1624) ~[org.eclipse.osgi.jar:?]
	at org.eclipse.osgi.container.ModuleContainer$ContainerStartLevel.dispatchEvent(ModuleContainer.java:1555) ~[org.eclipse.osgi.jar:?]
	at org.eclipse.osgi.container.ModuleContainer$ContainerStartLevel.dispatchEvent(ModuleContainer.java:1) ~[org.eclipse.osgi.jar:?]
	at org.eclipse.osgi.framework.eventmgr.EventManager.dispatchEvent(EventManager.java:230) [org.eclipse.osgi.jar:?]
	at org.eclipse.osgi.framework.eventmgr.EventManager$EventThread.run(EventManager.java:340) [org.eclipse.osgi.jar:?]
2023-05-29 12:45:50.743 INFO  [main][ModuleFrameworkImpl:1647] Started dynamic bundles
2023-05-29 12:45:50.743 INFO  [main][ModuleFrameworkImpl:1654] Starting web bundles
2023-05-29 12:45:54.303 INFO  [main][ModuleFrameworkImpl:1708] Started web bundles
2023-05-29 12:45:54.303 INFO  [main][ModuleFrameworkImpl:278] Navigate to Control Panel > System > Gogo Shell and enter "lb" to see all bundles
2023-05-29 12:45:54.317 INFO  [main][LoggingTimer:83] Starting com.liferay.portal.verify.VerifyProperties#verifySystemProperties
2023-05-29 12:45:54.317 INFO  [main][LoggingTimer:44] Completed com.liferay.portal.verify.VerifyProperties#verifySystemProperties in 1 ms
2023-05-29 12:45:54.317 INFO  [main][LoggingTimer:83] Starting com.liferay.portal.verify.VerifyProperties#verifyPortalProperties
2023-05-29 12:45:54.330 ERROR [main][VerifyProperties:182] Portal property "journal.article.form.add" is obsolete
2023-05-29 12:45:54.331 ERROR [main][VerifyProperties:182] Portal property "journal.article.form.update" is obsolete
2023-05-29 12:45:54.331 ERROR [main][VerifyProperties:182] Portal property "journal.article.form.translate" is obsolete
2023-05-29 12:45:54.331 INFO  [main][LoggingTimer:44] Completed com.liferay.portal.verify.VerifyProperties#verifyPortalProperties in 14 ms
2023-05-29 12:45:54.331 INFO  [main][LoggingTimer:83] Starting com.liferay.portal.verify.VerifyProperties#verifyDocumentLibrary
2023-05-29 12:45:54.332 INFO  [main][LoggingTimer:44] Completed com.liferay.portal.verify.VerifyProperties#verifyDocumentLibrary in 1 ms
2023-05-29 12:45:54.833 INFO  [main][LoggingTimer:83] Starting com.liferay.portal.events.StartupHelperUtil#initResourceActions
2023-05-29 12:45:54.876 INFO  [main][LoggingTimer:44] Completed com.liferay.portal.events.StartupHelperUtil#initResourceActions in 43 ms
2023-05-29 12:45:57.981 WARN  [main][SidecarManager:103] Liferay automatically starts a child process of Elasticsearch named sidecar for convenient development and demonstration purposes. Do NOT use sidecar in production. Refer to the documentation for details on the limitations of sidecar and instructions on configuring a remote Elasticsearch connection in the Control Panel.
2023-05-29 12:46:08.246 INFO  [main][Sidecar:119] Sidecar Elasticsearch liferay started at 127.0.0.1:9501
2023-05-29 12:46:11.244 INFO  [main][MessageBusEventListenerNotification:33] **********Destination Added***********liferay/commerce_base_price_list
2023-05-29 12:46:11.247 INFO  [main][MessageBusEventListenerNotification:33] **********Destination Added***********liferay/commerce_order_status
2023-05-29 12:46:11.249 INFO  [main][MessageBusEventListenerNotification:33] **********Destination Added***********liferay/commerce_payment_status
2023-05-29 12:46:11.251 INFO  [main][MessageBusEventListenerNotification:33] **********Destination Added***********liferay/commerce_shipment_status
2023-05-29 12:46:11.252 INFO  [main][MessageBusEventListenerNotification:33] **********Destination Added***********liferay/commerce_subscription_status
2023-05-29 12:46:11.257 INFO  [main][MessageBusEventListenerNotification:33] **********Destination Added***********liferay/adaptive_media_processor
2023-05-29 12:46:11.271 INFO  [main][MessageBusEventListenerNotification:33] **********Destination Added***********liferay/monitoring
2023-05-29 12:46:11.276 INFO  [main][MessageBusEventListenerNotification:33] **********Destination Added***********liferay/analytics_messages_processor
2023-05-29 12:46:11.283 INFO  [main][MessageBusEventListenerNotification:33] **********Destination Added***********liferay/scripting_executor
2023-05-29 12:46:11.288 INFO  [main][ParellelDestinationConfig:83] Destination is creared ..liferaysavvy/parallel-destination
2023-05-29 12:46:11.289 INFO  [main][MessageBusEventListenerNotification:33] **********Destination Added***********liferaysavvy/parallel-destination
2023-05-29 12:46:11.290 INFO  [main][ParellelDestinationConfig:90] Destination is registred with Service Regisration ..
2023-05-29 12:46:11.292 INFO  [main][SerialDestinationConfig:83] Destination is creared ..liferaysavvy/serial-destination
2023-05-29 12:46:11.293 INFO  [main][MessageBusEventListenerNotification:33] **********Destination Added***********liferaysavvy/serial-destination
2023-05-29 12:46:11.295 INFO  [main][SerialDestinationConfig:90] Destination is registred with Service Regisration ..
2023-05-29 12:46:11.301 INFO  [main][SynchronousDestinationConfig:83] Destination is creared ..liferaysavvy/synchronous-destination
2023-05-29 12:46:11.304 INFO  [main][DestinationListenerRegistrator:41] Message Listener Registered..com.liferaysavvy.messagebus.event.listener.DestinationRegisteredParallelMessageListener@6ea6be34
2023-05-29 12:46:11.304 INFO  [main][DestinationListenerRegistrator:45] Message Listener Registered..com.liferaysavvy.messagebus.event.listener.DestinationRegisteredSerialMessageListener@1f850e6c
2023-05-29 12:46:11.305 INFO  [main][DestinationListenerRegistrator:49] Message Listener Registered..com.liferaysavvy.messagebus.event.listener.DestinationRegisteredSynchronousMessageListener@2fb99f6b
2023-05-29 12:46:11.306 INFO  [main][MessageBusEventListenerNotification:33] **********Destination Added***********liferaysavvy/synchronous-destination
2023-05-29 12:46:11.307 INFO  [main][SynchronousDestinationConfig:90] Destination is registred with Service Regisration ..
2023-05-29 12:46:11.313 INFO  [main][MessageBusEventListenerNotification:33] **********Destination Added***********liferay/search_reader/SYSTEM_ENGINE
2023-05-29 12:46:11.316 INFO  [main][MessageBusEventListenerNotification:33] **********Destination Added***********liferay/search_writer/SYSTEM_ENGINE
2023-05-29 12:46:13.082 INFO  [main][MessageBusEventListenerNotification:33] **********Destination Added***********liferay/search_reader/GENERIC_ENGINE
2023-05-29 12:46:13.087 INFO  [main][MessageBusEventListenerNotification:33] **********Destination Added***********liferay/search_writer/GENERIC_ENGINE
2023-05-29 12:46:13.091 INFO  [main][MessageBusEventListenerNotification:33] **********Destination Added***********liferay/audit
2023-05-29 12:46:13.096 INFO  [main][MessageBusEventListenerNotification:33] **********Destination Added***********liferay/export_import_lifecycle_event_async
2023-05-29 12:46:13.100 INFO  [main][MessageBusEventListenerNotification:33] **********Destination Added***********liferay/export_import_lifecycle_event_sync
2023-05-29 12:46:13.108 INFO  [main][MessageBusEventListenerNotification:33] **********Destination Added***********liferay/interest_terms
2023-05-29 12:46:13.113 INFO  [main][MessageBusEventListenerNotification:33] **********Destination Added***********liferay/tensorflow_model_download
2023-05-29 12:46:13.117 INFO  [main][MessageBusEventListenerNotification:33] **********Destination Added***********liferay/scheduled_user_ldap_import
2023-05-29 12:46:13.120 INFO  [main][MessageBusEventListenerNotification:33] **********Destination Added***********liferay/ddm_structure_reindex
2023-05-29 12:46:13.124 INFO  [main][MessageBusEventListenerNotification:33] **********Destination Added***********liferay/segments_entry_reindex
2023-05-29 12:46:13.128 INFO  [main][MessageBusEventListenerNotification:33] **********Destination Added***********liferay/message_bus/default_response
2023-05-29 12:46:13.130 INFO  [main][MessageBusEventListenerNotification:33] **********Destination Added***********liferay/message_bus/message_status
2023-05-29 12:46:13.133 INFO  [main][MessageBusEventListenerNotification:33] **********Destination Added***********liferay/live_users
2023-05-29 12:46:13.135 INFO  [main][MessageBusEventListenerNotification:33] **********Destination Added***********liferay/document_library_audio_processor
2023-05-29 12:46:13.137 INFO  [main][MessageBusEventListenerNotification:33] **********Destination Added***********liferay/async_service
2023-05-29 12:46:13.138 INFO  [main][MessageBusEventListenerNotification:33] **********Destination Added***********liferay/layouts_local_publisher
2023-05-29 12:46:13.140 INFO  [main][MessageBusEventListenerNotification:33] **********Destination Added***********liferay/convert_process
2023-05-29 12:46:13.142 INFO  [main][MessageBusEventListenerNotification:33] **********Destination Added***********liferay/document_library_pdf_processor
2023-05-29 12:46:13.144 INFO  [main][MessageBusEventListenerNotification:33] **********Destination Added***********liferay/subscription_clean_up
2023-05-29 12:46:13.145 INFO  [main][MessageBusEventListenerNotification:33] **********Destination Added***********liferay/document_library_video_processor
2023-05-29 12:46:13.147 INFO  [main][MessageBusEventListenerNotification:33] **********Destination Added***********liferay/document_library_raw_metadata_processor
2023-05-29 12:46:13.148 INFO  [main][MessageBusEventListenerNotification:33] **********Destination Added***********liferay/document_library_image_processor
2023-05-29 12:46:13.150 INFO  [main][MessageBusEventListenerNotification:33] **********Destination Added***********liferay/message_boards_mailing_list
2023-05-29 12:46:13.152 INFO  [main][MessageBusEventListenerNotification:33] **********Destination Added***********liferay/subscription_sender
2023-05-29 12:46:13.154 INFO  [main][MessageBusEventListenerNotification:33] **********Destination Added***********liferay/hot_deploy
2023-05-29 12:46:13.156 INFO  [main][MessageBusEventListenerNotification:33] **********Destination Added***********liferay/layouts_remote_publisher
2023-05-29 12:46:13.166 INFO  [main][MessageBusEventListenerNotification:33] **********Destination Added***********liferay/poller_comet_response
2023-05-29 12:46:13.168 INFO  [main][MessageBusEventListenerNotification:33] **********Destination Added***********liferay/poller_response
2023-05-29 12:46:13.170 INFO  [main][MessageBusEventListenerNotification:33] **********Destination Added***********liferay/poller
2023-05-29 12:46:13.175 INFO  [main][MessageBusEventListenerNotification:33] **********Destination Added***********liferay/workflow_definition
2023-05-29 12:46:13.177 INFO  [main][MessageBusEventListenerNotification:33] **********Destination Added***********liferay/workflow_instance
2023-05-29 12:46:13.178 INFO  [main][MessageBusEventListenerNotification:33] **********Destination Added***********liferay/workflow_log
2023-05-29 12:46:13.180 INFO  [main][MessageBusEventListenerNotification:33] **********Destination Added***********liferay/workflow_task
2023-05-29 12:46:13.182 INFO  [main][MessageBusEventListenerNotification:33] **********Destination Added***********liferay/workflow_engine
2023-05-29 12:46:13.184 INFO  [main][MessageBusEventListenerNotification:33] **********Destination Added***********liferay/workflow_comparator
2023-05-29 12:46:13.186 INFO  [main][MessageBusEventListenerNotification:33] **********Destination Added***********liferay/workflow_status
2023-05-29 12:46:13.188 INFO  [main][MessageBusEventListenerNotification:33] **********Destination Added***********liferay/mail
2023-05-29 12:46:13.656 INFO  [main][MessageBusEventListenerNotification:33] **********Destination Added***********liferay/flags
2023-05-29 12:46:15.219 INFO  [main][StartupHelperUtil:86] There are no patches installed
2023-05-29 12:46:15.240 INFO  [main][LoggingTimer:83] Starting com.liferay.portal.events.StartupHelperUtil#initResourceActions
2023-05-29 12:46:15.269 INFO  [main][LoggingTimer:44] Completed com.liferay.portal.events.StartupHelperUtil#initResourceActions in 29 ms
2023-05-29 12:46:15.274 INFO  [main][MessageBusEventListenerNotification:33] **********Destination Added***********liferay/lcs_status
2023-05-29 12:46:15.289 INFO  [main][LicenseManager:-1] Digital Enterprise Development license validation passed
2023-05-29 12:46:15.929 INFO  [main][AutoDeployDir:176] Auto deploy scanner started for /media/root322/Data/Documents/LiferayWorkspace/bundles/deploy
2023-05-29 12:47:06.523 WARN  [HikariPool-1 housekeeper][HikariPool:788] HikariPool-1 - Thread starvation or clock leap detected (housekeeper delta=1m8s470ms379µs193ns).
2023-05-29 12:47:06.532 WARN  [HikariPool-2 housekeeper][HikariPool:788] HikariPool-2 - Thread starvation or clock leap detected (housekeeper delta=1m4s666ms515µs15ns).
2023-05-29 12:47:19.985 INFO  [com.liferay.portal.osgi.web.wab.extender.internal.WabFactory-BundleTrackerOpener][ThemeHotDeployListener:108] 1 theme for classic-theme is available for use
2023-05-29 12:47:20.152 INFO  [com.liferay.portal.osgi.web.wab.extender.internal.WabFactory-BundleTrackerOpener][ThemeHotDeployListener:108] 1 theme for dialect-theme is available for use
2023-05-29 12:47:20.390 INFO  [com.liferay.portal.osgi.web.wab.extender.internal.WabFactory-BundleTrackerOpener][ThemeHotDeployListener:108] 1 theme for speedwell-theme is available for use
2023-05-29 12:47:20.696 INFO  [com.liferay.portal.osgi.web.wab.extender.internal.WabFactory-BundleTrackerOpener][ThemeHotDeployListener:108] 1 theme for minium-theme is available for use
2023-05-29 12:47:20.926 INFO  [com.liferay.portal.osgi.web.wab.extender.internal.WabFactory-BundleTrackerOpener][ThemeHotDeployListener:108] 1 theme for admin-theme is available for use
2023-05-29 12:47:21.130 INFO  [com.liferay.portal.osgi.web.wab.extender.internal.WabFactory-BundleTrackerOpener][HookHotDeployListener:496] Hook for LangHook is available for use
2023-05-29 12:47:21.291 INFO  [com.liferay.portal.osgi.web.wab.extender.internal.WabFactory-BundleTrackerOpener][LayoutTemplateHotDeployListener:107] 1 layout template for LayoutTemplateDemo is available for use
2023-05-29 12:47:21.458 INFO  [com.liferay.portal.osgi.web.wab.extender.internal.WabFactory-BundleTrackerOpener][ThemeHotDeployListener:108] 1 theme for democlassictheme-theme is available for use
2023-05-29 12:47:21.558 INFO  [com.liferay.portal.osgi.web.wab.extender.internal.WabFactory-BundleTrackerOpener][ThemeHotDeployListener:108] 1 theme for demotheme-theme is available for use
2023-05-29 12:47:21.652 INFO  [com.liferay.portal.osgi.web.wab.extender.internal.WabFactory-BundleTrackerOpener][ThemeHotDeployListener:108] 1 theme for my-liferay-theme is available for use
2023-05-29 12:47:21.977 INFO  [com.liferay.portal.osgi.web.wab.extender.internal.WabFactory-BundleTrackerOpener][ThemeHotDeployListener:108] 1 theme for cstheme2-theme is available for use
2023-05-29 12:47:22.264 INFO  [com.liferay.portal.osgi.web.wab.extender.internal.WabFactory-BundleTrackerOpener][ThemeHotDeployListener:108] 1 theme for module-based-theme is available for use
2023-05-29 12:49:28.472 INFO  [fileinstall-directory-watcher][BundleStartStopLogger:77] STARTED calendarservicewrapper_1.0.0 [1869]
2023-05-29 12:49:43.503 INFO  [fileinstall-directory-watcher][BundleStartStopLogger:80] STOPPED calendarserviceoverride_1.0.0 [1866]
2023-05-29 12:49:44.321 INFO  [Refresh Thread: Equinox Container: 71d9b336-bda7-4d13-817a-6e06b179bf0f][BundleStartStopLogger:77] STARTED calendarserviceoverride_1.0.0 [1866]
2023-05-29 12:53:48.367 WARN  [HikariPool-2 housekeeper][HikariPool:788] HikariPool-2 - Thread starvation or clock leap detected (housekeeper delta=1m41s832ms147µs415ns).
2023-05-29 12:53:48.367 WARN  [HikariPool-1 housekeeper][HikariPool:788] HikariPool-1 - Thread starvation or clock leap detected (housekeeper delta=1m41s826ms800µs763ns).
2023-05-29 14:07:57.107 INFO  [Thread-7][ThemeHotDeployListener:171] 1 theme for module-based-theme was unregistered
2023-05-29 14:07:57.142 INFO  [Thread-7][ThemeHotDeployListener:171] 1 theme for cstheme2-theme was unregistered
2023-05-29 14:07:57.212 INFO  [Thread-7][ThemeHotDeployListener:171] 1 theme for my-liferay-theme was unregistered
2023-05-29 14:07:57.250 INFO  [Thread-7][ThemeHotDeployListener:171] 1 theme for demotheme-theme was unregistered
2023-05-29 14:07:57.302 INFO  [Thread-7][ThemeHotDeployListener:171] 1 theme for democlassictheme-theme was unregistered
2023-05-29 14:07:57.356 INFO  [Thread-7][LayoutTemplateHotDeployListener:156] 1 layout template for LayoutTemplateDemo was unregistered
2023-05-29 14:07:57.410 INFO  [Thread-7][HookHotDeployListener:544] Hook for LangHook was unregistered
2023-05-29 14:07:57.432 INFO  [Thread-7][ThemeHotDeployListener:171] 1 theme for admin-theme was unregistered
2023-05-29 14:07:57.459 INFO  [Thread-7][ThemeHotDeployListener:171] 1 theme for minium-theme was unregistered
2023-05-29 14:07:57.485 INFO  [Thread-7][ThemeHotDeployListener:171] 1 theme for speedwell-theme was unregistered
2023-05-29 14:07:57.512 INFO  [Thread-7][ThemeHotDeployListener:171] 1 theme for dialect-theme was unregistered
2023-05-29 14:07:57.537 INFO  [Thread-7][ThemeHotDeployListener:171] 1 theme for classic-theme was unregistered
