2023-01-12 05:15:28.125 INFO  [main][PortalContextLoaderListener:123] JVM arguments: -Dcatalina.base=/media/root322/Data/Documents/LiferayWorkspace/bundles/tomcat-9.0.56 -Dcatalina.home=/media/root322/Data/Documents/LiferayWorkspace/bundles/tomcat-9.0.56 -Dfile.encoding=UTF8 -Djava.io.tmpdir=/media/root322/Data/Documents/LiferayWorkspace/bundles/tomcat-9.0.56/temp -Djava.net.preferIPv4Stack=true -Djava.util.logging.config.file=/media/root322/Data/Documents/LiferayWorkspace/bundles/tomcat-9.0.56/conf/logging.properties -Djava.util.logging.manager=org.apache.juli.ClassLoaderLogManager -Dorg.apache.catalina.loader.WebappClassLoader.ENABLE_CLEAR_REFERENCES=false -Duser.timezone=GMT -Xmx2560m -XX:MaxMetaspaceSize=768m -XX:MetaspaceSize=768m -javaagent:/snap/intellij-idea-ultimate/401/lib/idea_rt.jar=39217:/snap/intellij-idea-ultimate/401/bin
2023-01-12 05:15:29.692 INFO  [main][DialectDetector:153] Using dialect org.hibernate.dialect.MySQL8Dialect for MySQL 8.0
2023-01-12 05:15:32.293 INFO  [main][ModuleFrameworkImpl:1279] Starting initial bundles
2023-01-12 05:15:32.621 INFO  [ModuleFramework-Static-Bundles-5][InterpolationConfigurationPlugin:109] Configured directory for secrets: /media/root322/Data/Documents/LiferayWorkspace/bundles/osgi/configs
2023-01-12 05:15:33.897 INFO  [ModuleFramework-Static-Bundles-3][DefaultLPKGDeployer:456] Using overriding JAR bundle LPKG-Override::/media/root322/Data/Documents/LiferayWorkspace/bundles/osgi/marketplace/override/com.liferay.document.library.web.jar
2023-01-12 05:15:33.897 INFO  [ModuleFramework-Static-Bundles-3][DefaultLPKGDeployer:456] Using overriding JAR bundle LPKG-Override::/media/root322/Data/Documents/LiferayWorkspace/bundles/osgi/marketplace/override/com.liferay.portal.language.lang.jar
2023-01-12 05:15:34.136 INFO  [main][ModuleFrameworkImpl:1576] Started initial bundles
2023-01-12 05:15:34.137 INFO  [main][ModuleFrameworkImpl:1625] Starting dynamic bundles
2023-01-12 05:15:47.222 INFO  [Start Level: Equinox Container: 0c92700d-3f11-4bc4-977f-ee86ef9b4ff2][MessageBusRegistrator:41] Message Listener Registered..com.liferaysavvy.messagebus.event.listener.MessageBusRegisteredParallelMessageListener@234a34e8
2023-01-12 05:15:47.223 INFO  [Start Level: Equinox Container: 0c92700d-3f11-4bc4-977f-ee86ef9b4ff2][MessageBusRegistrator:45] Message Listener Registered..com.liferaysavvy.messagebus.event.listener.MessageBusRegisteredSerialMessageListener@5c2913cc
2023-01-12 05:15:47.224 INFO  [Start Level: Equinox Container: 0c92700d-3f11-4bc4-977f-ee86ef9b4ff2][MessageBusRegistrator:49] Message Listener Registered..com.liferaysavvy.messagebus.event.listener.MessageBusRegisteredSynchronousMessageListener@4fdce7d
2023-01-12 05:15:47.288 INFO  [main][ModuleFrameworkImpl:1647] Started dynamic bundles
2023-01-12 05:15:47.289 INFO  [main][ModuleFrameworkImpl:1654] Starting web bundles
2023-01-12 05:15:50.320 INFO  [main][ModuleFrameworkImpl:1708] Started web bundles
2023-01-12 05:15:50.320 INFO  [main][ModuleFrameworkImpl:278] Navigate to Control Panel > System > Gogo Shell and enter "lb" to see all bundles
2023-01-12 05:15:50.334 INFO  [main][LoggingTimer:83] Starting com.liferay.portal.verify.VerifyProperties#verifySystemProperties
2023-01-12 05:15:50.341 INFO  [main][LoggingTimer:44] Completed com.liferay.portal.verify.VerifyProperties#verifySystemProperties in 7 ms
2023-01-12 05:15:50.342 INFO  [main][LoggingTimer:83] Starting com.liferay.portal.verify.VerifyProperties#verifyPortalProperties
2023-01-12 05:15:50.359 ERROR [main][VerifyProperties:182] Portal property "journal.article.form.add" is obsolete
2023-01-12 05:15:50.360 ERROR [main][VerifyProperties:182] Portal property "journal.article.form.update" is obsolete
2023-01-12 05:15:50.361 ERROR [main][VerifyProperties:182] Portal property "journal.article.form.translate" is obsolete
2023-01-12 05:15:50.361 INFO  [main][LoggingTimer:44] Completed com.liferay.portal.verify.VerifyProperties#verifyPortalProperties in 19 ms
2023-01-12 05:15:50.362 INFO  [main][LoggingTimer:83] Starting com.liferay.portal.verify.VerifyProperties#verifyDocumentLibrary
2023-01-12 05:15:50.362 INFO  [main][LoggingTimer:44] Completed com.liferay.portal.verify.VerifyProperties#verifyDocumentLibrary in 0 ms
2023-01-12 05:15:51.381 INFO  [main][LoggingTimer:83] Starting com.liferay.portal.events.StartupHelperUtil#initResourceActions
2023-01-12 05:15:51.483 INFO  [main][LoggingTimer:44] Completed com.liferay.portal.events.StartupHelperUtil#initResourceActions in 103 ms
2023-01-12 05:15:55.037 WARN  [main][SidecarManager:103] Liferay automatically starts a child process of Elasticsearch named sidecar for convenient development and demonstration purposes. Do NOT use sidecar in production. Refer to the documentation for details on the limitations of sidecar and instructions on configuring a remote Elasticsearch connection in the Control Panel.
2023-01-12 05:16:10.494 INFO  [main][Sidecar:119] Sidecar Elasticsearch liferay started at 127.0.0.1:9501
2023-01-12 05:16:13.762 INFO  [main][MessageBusEventListenerNotification:33] **********Destination Added***********liferay/tensorflow_model_download
2023-01-12 05:16:13.769 INFO  [main][ParellelDestinationConfig:83] Destination is creared ..liferaysavvy/parallel-destination
2023-01-12 05:16:13.770 INFO  [main][MessageBusEventListenerNotification:33] **********Destination Added***********liferaysavvy/parallel-destination
2023-01-12 05:16:13.773 INFO  [main][ParellelDestinationConfig:90] Destination is registred with Service Regisration ..
2023-01-12 05:16:13.780 INFO  [main][SerialDestinationConfig:83] Destination is creared ..liferaysavvy/serial-destination
2023-01-12 05:16:13.782 INFO  [main][MessageBusEventListenerNotification:33] **********Destination Added***********liferaysavvy/serial-destination
2023-01-12 05:16:13.784 INFO  [main][SerialDestinationConfig:90] Destination is registred with Service Regisration ..
2023-01-12 05:16:13.787 INFO  [main][SynchronousDestinationConfig:83] Destination is creared ..liferaysavvy/synchronous-destination
2023-01-12 05:16:13.791 INFO  [main][DestinationListenerRegistrator:41] Message Listener Registered..com.liferaysavvy.messagebus.event.listener.DestinationRegisteredParallelMessageListener@54f1818c
2023-01-12 05:16:13.792 INFO  [main][DestinationListenerRegistrator:45] Message Listener Registered..com.liferaysavvy.messagebus.event.listener.DestinationRegisteredSerialMessageListener@61254a73
2023-01-12 05:16:13.793 INFO  [main][DestinationListenerRegistrator:49] Message Listener Registered..com.liferaysavvy.messagebus.event.listener.DestinationRegisteredSynchronousMessageListener@39ec2988
2023-01-12 05:16:13.794 INFO  [main][MessageBusEventListenerNotification:33] **********Destination Added***********liferaysavvy/synchronous-destination
2023-01-12 05:16:13.796 INFO  [main][SynchronousDestinationConfig:90] Destination is registred with Service Regisration ..
2023-01-12 05:16:13.798 INFO  [main][MessageBusEventListenerNotification:33] **********Destination Added***********liferay/segments_entry_reindex
2023-01-12 05:16:13.803 INFO  [main][MessageBusEventListenerNotification:33] **********Destination Added***********liferay/export_import_lifecycle_event_async
2023-01-12 05:16:13.808 INFO  [main][MessageBusEventListenerNotification:33] **********Destination Added***********liferay/export_import_lifecycle_event_sync
2023-01-12 05:16:13.816 INFO  [main][MessageBusEventListenerNotification:33] **********Destination Added***********liferay/audit
2023-01-12 05:16:13.820 INFO  [main][MessageBusEventListenerNotification:33] **********Destination Added***********liferay/scheduled_user_ldap_import
2023-01-12 05:16:13.824 INFO  [main][MessageBusEventListenerNotification:33] **********Destination Added***********liferay/analytics_messages_processor
2023-01-12 05:16:13.828 INFO  [main][MessageBusEventListenerNotification:33] **********Destination Added***********liferay/adaptive_media_processor
2023-01-12 05:16:13.831 INFO  [main][MessageBusEventListenerNotification:33] **********Destination Added***********liferay/ddm_structure_reindex
2023-01-12 05:16:13.834 INFO  [main][MessageBusEventListenerNotification:33] **********Destination Added***********liferay/scripting_executor
2023-01-12 05:16:13.840 INFO  [main][MessageBusEventListenerNotification:33] **********Destination Added***********liferay/search_reader/GENERIC_ENGINE
2023-01-12 05:16:13.843 INFO  [main][MessageBusEventListenerNotification:33] **********Destination Added***********liferay/search_writer/GENERIC_ENGINE
2023-01-12 05:16:13.851 INFO  [main][MessageBusEventListenerNotification:33] **********Destination Added***********liferay/search_reader/SYSTEM_ENGINE
2023-01-12 05:16:13.855 INFO  [main][MessageBusEventListenerNotification:33] **********Destination Added***********liferay/search_writer/SYSTEM_ENGINE
2023-01-12 05:16:14.644 INFO  [main][MessageBusEventListenerNotification:33] **********Destination Added***********liferay/interest_terms
2023-01-12 05:16:14.655 INFO  [main][MessageBusEventListenerNotification:33] **********Destination Added***********liferay/commerce_base_price_list
2023-01-12 05:16:14.659 INFO  [main][MessageBusEventListenerNotification:33] **********Destination Added***********liferay/commerce_order_status
2023-01-12 05:16:14.663 INFO  [main][MessageBusEventListenerNotification:33] **********Destination Added***********liferay/commerce_payment_status
2023-01-12 05:16:14.665 INFO  [main][MessageBusEventListenerNotification:33] **********Destination Added***********liferay/commerce_shipment_status
2023-01-12 05:16:14.668 INFO  [main][MessageBusEventListenerNotification:33] **********Destination Added***********liferay/commerce_subscription_status
2023-01-12 05:16:14.672 INFO  [main][MessageBusEventListenerNotification:33] **********Destination Added***********liferay/message_bus/default_response
2023-01-12 05:16:14.675 INFO  [main][MessageBusEventListenerNotification:33] **********Destination Added***********liferay/message_bus/message_status
2023-01-12 05:16:14.677 INFO  [main][MessageBusEventListenerNotification:33] **********Destination Added***********liferay/live_users
2023-01-12 05:16:14.679 INFO  [main][MessageBusEventListenerNotification:33] **********Destination Added***********liferay/document_library_audio_processor
2023-01-12 05:16:14.682 INFO  [main][MessageBusEventListenerNotification:33] **********Destination Added***********liferay/async_service
2023-01-12 05:16:14.684 INFO  [main][MessageBusEventListenerNotification:33] **********Destination Added***********liferay/layouts_local_publisher
2023-01-12 05:16:14.686 INFO  [main][MessageBusEventListenerNotification:33] **********Destination Added***********liferay/convert_process
2023-01-12 05:16:14.687 INFO  [main][MessageBusEventListenerNotification:33] **********Destination Added***********liferay/document_library_pdf_processor
2023-01-12 05:16:14.689 INFO  [main][MessageBusEventListenerNotification:33] **********Destination Added***********liferay/subscription_clean_up
2023-01-12 05:16:14.691 INFO  [main][MessageBusEventListenerNotification:33] **********Destination Added***********liferay/document_library_video_processor
2023-01-12 05:16:14.693 INFO  [main][MessageBusEventListenerNotification:33] **********Destination Added***********liferay/document_library_raw_metadata_processor
2023-01-12 05:16:14.694 INFO  [main][MessageBusEventListenerNotification:33] **********Destination Added***********liferay/document_library_image_processor
2023-01-12 05:16:14.696 INFO  [main][MessageBusEventListenerNotification:33] **********Destination Added***********liferay/message_boards_mailing_list
2023-01-12 05:16:14.698 INFO  [main][MessageBusEventListenerNotification:33] **********Destination Added***********liferay/subscription_sender
2023-01-12 05:16:14.699 INFO  [main][MessageBusEventListenerNotification:33] **********Destination Added***********liferay/hot_deploy
2023-01-12 05:16:14.701 INFO  [main][MessageBusEventListenerNotification:33] **********Destination Added***********liferay/layouts_remote_publisher
2023-01-12 05:16:14.710 INFO  [main][MessageBusEventListenerNotification:33] **********Destination Added***********liferay/poller_comet_response
2023-01-12 05:16:14.712 INFO  [main][MessageBusEventListenerNotification:33] **********Destination Added***********liferay/poller_response
2023-01-12 05:16:14.714 INFO  [main][MessageBusEventListenerNotification:33] **********Destination Added***********liferay/poller
2023-01-12 05:16:14.718 INFO  [main][MessageBusEventListenerNotification:33] **********Destination Added***********liferay/workflow_definition
2023-01-12 05:16:14.720 INFO  [main][MessageBusEventListenerNotification:33] **********Destination Added***********liferay/workflow_instance
2023-01-12 05:16:14.722 INFO  [main][MessageBusEventListenerNotification:33] **********Destination Added***********liferay/workflow_log
2023-01-12 05:16:14.724 INFO  [main][MessageBusEventListenerNotification:33] **********Destination Added***********liferay/workflow_task
2023-01-12 05:16:14.726 INFO  [main][MessageBusEventListenerNotification:33] **********Destination Added***********liferay/workflow_engine
2023-01-12 05:16:14.728 INFO  [main][MessageBusEventListenerNotification:33] **********Destination Added***********liferay/workflow_comparator
2023-01-12 05:16:14.729 INFO  [main][MessageBusEventListenerNotification:33] **********Destination Added***********liferay/workflow_status
2023-01-12 05:16:14.731 INFO  [main][MessageBusEventListenerNotification:33] **********Destination Added***********liferay/mail
2023-01-12 05:16:14.736 INFO  [main][MessageBusEventListenerNotification:33] **********Destination Added***********liferay/monitoring
2023-01-12 05:16:15.192 INFO  [main][MessageBusEventListenerNotification:33] **********Destination Added***********liferay/flags
2023-01-12 05:16:16.521 INFO  [main][StartupHelperUtil:86] There are no patches installed
2023-01-12 05:16:16.538 INFO  [main][LoggingTimer:83] Starting com.liferay.portal.events.StartupHelperUtil#initResourceActions
2023-01-12 05:16:16.563 INFO  [main][LoggingTimer:44] Completed com.liferay.portal.events.StartupHelperUtil#initResourceActions in 25 ms
2023-01-12 05:16:16.569 INFO  [main][MessageBusEventListenerNotification:33] **********Destination Added***********liferay/lcs_status
2023-01-12 05:16:16.597 INFO  [main][LicenseManager:-1] Digital Enterprise Development license validation passed
2023-01-12 05:16:17.048 INFO  [main][AutoDeployDir:176] Auto deploy scanner started for /media/root322/Data/Documents/LiferayWorkspace/bundles/deploy
2023-01-12 05:16:46.494 INFO  [com.liferay.portal.osgi.web.wab.extender.internal.WabFactory-BundleTrackerOpener][ThemeHotDeployListener:108] 1 theme for classic-theme is available for use
2023-01-12 05:16:46.618 INFO  [com.liferay.portal.osgi.web.wab.extender.internal.WabFactory-BundleTrackerOpener][ThemeHotDeployListener:108] 1 theme for dialect-theme is available for use
2023-01-12 05:16:46.780 INFO  [com.liferay.portal.osgi.web.wab.extender.internal.WabFactory-BundleTrackerOpener][ThemeHotDeployListener:108] 1 theme for speedwell-theme is available for use
2023-01-12 05:16:46.890 INFO  [com.liferay.portal.osgi.web.wab.extender.internal.WabFactory-BundleTrackerOpener][ThemeHotDeployListener:108] 1 theme for minium-theme is available for use
2023-01-12 05:16:46.981 INFO  [com.liferay.portal.osgi.web.wab.extender.internal.WabFactory-BundleTrackerOpener][ThemeHotDeployListener:108] 1 theme for admin-theme is available for use
2023-01-12 05:16:47.074 INFO  [com.liferay.portal.osgi.web.wab.extender.internal.WabFactory-BundleTrackerOpener][HookHotDeployListener:496] Hook for LangHook is available for use
2023-01-12 05:16:47.147 INFO  [com.liferay.portal.osgi.web.wab.extender.internal.WabFactory-BundleTrackerOpener][LayoutTemplateHotDeployListener:107] 1 layout template for LayoutTemplateDemo is available for use
2023-01-12 05:16:47.220 INFO  [com.liferay.portal.osgi.web.wab.extender.internal.WabFactory-BundleTrackerOpener][ThemeHotDeployListener:108] 1 theme for democlassictheme-theme is available for use
2023-01-12 05:16:47.325 INFO  [com.liferay.portal.osgi.web.wab.extender.internal.WabFactory-BundleTrackerOpener][ThemeHotDeployListener:108] 1 theme for demotheme-theme is available for use
2023-01-12 05:16:47.397 INFO  [com.liferay.portal.osgi.web.wab.extender.internal.WabFactory-BundleTrackerOpener][ThemeHotDeployListener:108] 1 theme for my-liferay-theme is available for use
2023-01-12 05:16:47.601 INFO  [com.liferay.portal.osgi.web.wab.extender.internal.WabFactory-BundleTrackerOpener][ThemeHotDeployListener:108] 1 theme for cstheme2-theme is available for use
2023-01-12 06:57:54.138 WARN  [http-nio-8000-exec-9][code_jsp:159] {code="404", msg="ProxyServlet: /o/frontend-js-aui-web/build/aui-skin-deprecated/images/common/state_default_bg.png", uri=/o/frontend-js-aui-web/build/aui-skin-deprecated/images/common/state_default_bg.png}
2023-01-12 06:57:54.138 WARN  [http-nio-8000-exec-2][code_jsp:159] {code="404", msg="ProxyServlet: /o/frontend-js-aui-web/build/aui-skin-deprecated/images/loading_indicator.gif", uri=/o/frontend-js-aui-web/build/aui-skin-deprecated/images/loading_indicator.gif}
2023-01-12 07:02:36.586 WARN  [http-nio-8000-exec-1][code_jsp:159] {code="404", msg="ProxyServlet: /o/frontend-js-aui-web/build/aui-skin-deprecated/images/common/state_default_bg.png", uri=/o/frontend-js-aui-web/build/aui-skin-deprecated/images/common/state_default_bg.png}
2023-01-12 07:02:36.587 WARN  [http-nio-8000-exec-8][code_jsp:159] {code="404", msg="ProxyServlet: /o/frontend-js-aui-web/build/aui-skin-deprecated/images/loading_indicator.gif", uri=/o/frontend-js-aui-web/build/aui-skin-deprecated/images/loading_indicator.gif}
2023-01-12 07:25:50.453 WARN  [liferay/mail-2][MailMessageListener:140] Email test@liferay.com will be ignored because it is included in mail.send.blacklist
2023-01-12 07:34:13.478 INFO  [fileinstall-directory-watcher][BundleStartStopLogger:80] STOPPED com.liferay.docs.guestbook.portlet_1.0.0 [1816]
2023-01-12 07:34:13.839 INFO  [Refresh Thread: Equinox Container: 0c92700d-3f11-4bc4-977f-ee86ef9b4ff2][BundleStartStopLogger:77] STARTED com.liferay.docs.guestbook.portlet_1.0.0 [1816]
2023-01-12 07:35:39.133 INFO  [fileinstall-directory-watcher][BundleStartStopLogger:80] STOPPED com.liferay.docs.guestbook.portlet_1.0.0 [1816]
2023-01-12 07:35:39.306 INFO  [Refresh Thread: Equinox Container: 0c92700d-3f11-4bc4-977f-ee86ef9b4ff2][BundleStartStopLogger:77] STARTED com.liferay.docs.guestbook.portlet_1.0.0 [1816]
2023-01-12 07:40:45.518 INFO  [fileinstall-directory-watcher][BundleStartStopLogger:80] STOPPED com.liferay.docs.guestbook.portlet_1.0.0 [1816]
2023-01-12 07:40:45.679 INFO  [Refresh Thread: Equinox Container: 0c92700d-3f11-4bc4-977f-ee86ef9b4ff2][BundleStartStopLogger:77] STARTED com.liferay.docs.guestbook.portlet_1.0.0 [1816]
2023-01-12 07:42:00.981 INFO  [fileinstall-directory-watcher][BundleStartStopLogger:80] STOPPED com.liferay.docs.guestbook.portlet_1.0.0 [1816]
2023-01-12 07:42:01.155 INFO  [Refresh Thread: Equinox Container: 0c92700d-3f11-4bc4-977f-ee86ef9b4ff2][BundleStartStopLogger:77] STARTED com.liferay.docs.guestbook.portlet_1.0.0 [1816]
2023-01-12 07:45:21.704 INFO  [fileinstall-directory-watcher][BundleStartStopLogger:80] STOPPED com.liferay.docs.guestbook.portlet_1.0.0 [1816]
2023-01-12 07:45:21.879 INFO  [Refresh Thread: Equinox Container: 0c92700d-3f11-4bc4-977f-ee86ef9b4ff2][BundleStartStopLogger:77] STARTED com.liferay.docs.guestbook.portlet_1.0.0 [1816]
2023-01-12 07:50:02.942 INFO  [fileinstall-directory-watcher][BundleStartStopLogger:80] STOPPED com.liferay.docs.guestbook.portlet_1.0.0 [1816]
2023-01-12 07:50:03.095 INFO  [Refresh Thread: Equinox Container: 0c92700d-3f11-4bc4-977f-ee86ef9b4ff2][BundleStartStopLogger:77] STARTED com.liferay.docs.guestbook.portlet_1.0.0 [1816]
2023-01-12 07:50:38.262 INFO  [fileinstall-directory-watcher][BundleStartStopLogger:80] STOPPED com.liferay.docs.guestbook.portlet_1.0.0 [1816]
2023-01-12 07:50:38.450 INFO  [Refresh Thread: Equinox Container: 0c92700d-3f11-4bc4-977f-ee86ef9b4ff2][BundleStartStopLogger:77] STARTED com.liferay.docs.guestbook.portlet_1.0.0 [1816]
2023-01-12 07:51:33.650 INFO  [fileinstall-directory-watcher][BundleStartStopLogger:80] STOPPED com.liferay.docs.guestbook.portlet_1.0.0 [1816]
2023-01-12 07:51:33.820 INFO  [Refresh Thread: Equinox Container: 0c92700d-3f11-4bc4-977f-ee86ef9b4ff2][BundleStartStopLogger:77] STARTED com.liferay.docs.guestbook.portlet_1.0.0 [1816]
2023-01-12 07:52:29.011 INFO  [fileinstall-directory-watcher][BundleStartStopLogger:80] STOPPED com.liferay.docs.guestbook.portlet_1.0.0 [1816]
2023-01-12 07:52:29.163 INFO  [Refresh Thread: Equinox Container: 0c92700d-3f11-4bc4-977f-ee86ef9b4ff2][BundleStartStopLogger:77] STARTED com.liferay.docs.guestbook.portlet_1.0.0 [1816]
2023-01-12 07:53:19.410 INFO  [fileinstall-directory-watcher][BundleStartStopLogger:80] STOPPED com.liferay.docs.guestbook.portlet_1.0.0 [1816]
2023-01-12 07:53:19.598 INFO  [Refresh Thread: Equinox Container: 0c92700d-3f11-4bc4-977f-ee86ef9b4ff2][BundleStartStopLogger:77] STARTED com.liferay.docs.guestbook.portlet_1.0.0 [1816]
2023-01-12 07:55:00.016 INFO  [fileinstall-directory-watcher][BundleStartStopLogger:80] STOPPED com.liferay.docs.guestbook.portlet_1.0.0 [1816]
2023-01-12 07:55:00.200 INFO  [Refresh Thread: Equinox Container: 0c92700d-3f11-4bc4-977f-ee86ef9b4ff2][BundleStartStopLogger:77] STARTED com.liferay.docs.guestbook.portlet_1.0.0 [1816]
2023-01-12 07:58:10.989 INFO  [fileinstall-directory-watcher][BundleStartStopLogger:80] STOPPED com.liferay.docs.guestbook.portlet_1.0.0 [1816]
2023-01-12 07:58:11.151 INFO  [Refresh Thread: Equinox Container: 0c92700d-3f11-4bc4-977f-ee86ef9b4ff2][BundleStartStopLogger:77] STARTED com.liferay.docs.guestbook.portlet_1.0.0 [1816]
2023-01-12 07:59:16.359 INFO  [fileinstall-directory-watcher][BundleStartStopLogger:80] STOPPED com.liferay.docs.guestbook.portlet_1.0.0 [1816]
2023-01-12 07:59:16.508 INFO  [Refresh Thread: Equinox Container: 0c92700d-3f11-4bc4-977f-ee86ef9b4ff2][BundleStartStopLogger:77] STARTED com.liferay.docs.guestbook.portlet_1.0.0 [1816]
2023-01-12 09:08:00.220 INFO  [fileinstall-directory-watcher][BundleStartStopLogger:80] STOPPED com.liferay.docs.guestbook.portlet_1.0.0 [1816]
2023-01-12 09:08:00.390 INFO  [Refresh Thread: Equinox Container: 0c92700d-3f11-4bc4-977f-ee86ef9b4ff2][BundleStartStopLogger:77] STARTED com.liferay.docs.guestbook.portlet_1.0.0 [1816]
2023-01-12 09:10:15.886 INFO  [fileinstall-directory-watcher][BundleStartStopLogger:80] STOPPED com.liferay.docs.guestbook.portlet_1.0.0 [1816]
2023-01-12 09:10:16.032 INFO  [Refresh Thread: Equinox Container: 0c92700d-3f11-4bc4-977f-ee86ef9b4ff2][BundleStartStopLogger:77] STARTED com.liferay.docs.guestbook.portlet_1.0.0 [1816]
2023-01-12 09:13:26.121 WARN  [http-nio-8000-exec-5][code_jsp:159] {code="404", msg="JSP file [/guestbookadminportlet/view.jsp] not found", uri=/guestbookadminportlet/view.jsp}
2023-01-12 09:15:12.234 INFO  [fileinstall-directory-watcher][BundleStartStopLogger:80] STOPPED com.liferay.docs.guestbook.portlet_1.0.0 [1816]
2023-01-12 09:15:12.386 INFO  [Refresh Thread: Equinox Container: 0c92700d-3f11-4bc4-977f-ee86ef9b4ff2][BundleStartStopLogger:77] STARTED com.liferay.docs.guestbook.portlet_1.0.0 [1816]
2023-01-12 09:16:37.706 INFO  [fileinstall-directory-watcher][BundleStartStopLogger:80] STOPPED com.liferay.docs.guestbook.portlet_1.0.0 [1816]
2023-01-12 09:16:37.971 INFO  [Refresh Thread: Equinox Container: 0c92700d-3f11-4bc4-977f-ee86ef9b4ff2][BundleStartStopLogger:77] STARTED com.liferay.docs.guestbook.portlet_1.0.0 [1816]
2023-01-12 09:17:43.291 INFO  [fileinstall-directory-watcher][BundleStartStopLogger:80] STOPPED com.liferay.docs.guestbook.portlet_1.0.0 [1816]
2023-01-12 09:17:43.448 INFO  [Refresh Thread: Equinox Container: 0c92700d-3f11-4bc4-977f-ee86ef9b4ff2][BundleStartStopLogger:77] STARTED com.liferay.docs.guestbook.portlet_1.0.0 [1816]
2023-01-12 09:18:43.669 INFO  [fileinstall-directory-watcher][BundleStartStopLogger:80] STOPPED com.liferay.docs.guestbook.portlet_1.0.0 [1816]
2023-01-12 09:18:43.832 INFO  [Refresh Thread: Equinox Container: 0c92700d-3f11-4bc4-977f-ee86ef9b4ff2][BundleStartStopLogger:77] STARTED com.liferay.docs.guestbook.portlet_1.0.0 [1816]
2023-01-12 09:20:19.129 INFO  [fileinstall-directory-watcher][BundleStartStopLogger:80] STOPPED com.liferay.docs.guestbook.portlet_1.0.0 [1816]
2023-01-12 09:20:19.290 INFO  [Refresh Thread: Equinox Container: 0c92700d-3f11-4bc4-977f-ee86ef9b4ff2][BundleStartStopLogger:77] STARTED com.liferay.docs.guestbook.portlet_1.0.0 [1816]
2023-01-12 09:27:35.973 INFO  [fileinstall-directory-watcher][BundleStartStopLogger:80] STOPPED com.liferay.docs.guestbook.portlet_1.0.0 [1816]
2023-01-12 09:27:36.119 INFO  [Refresh Thread: Equinox Container: 0c92700d-3f11-4bc4-977f-ee86ef9b4ff2][BundleStartStopLogger:77] STARTED com.liferay.docs.guestbook.portlet_1.0.0 [1816]
2023-01-12 09:33:07.297 INFO  [fileinstall-directory-watcher][BundleStartStopLogger:80] STOPPED com.liferay.docs.guestbook.portlet_1.0.0 [1816]
2023-01-12 09:33:07.457 INFO  [Refresh Thread: Equinox Container: 0c92700d-3f11-4bc4-977f-ee86ef9b4ff2][BundleStartStopLogger:77] STARTED com.liferay.docs.guestbook.portlet_1.0.0 [1816]
2023-01-12 09:40:24.286 INFO  [fileinstall-directory-watcher][BundleStartStopLogger:80] STOPPED com.liferay.docs.guestbook.portlet_1.0.0 [1816]
2023-01-12 09:40:24.442 INFO  [Refresh Thread: Equinox Container: 0c92700d-3f11-4bc4-977f-ee86ef9b4ff2][BundleStartStopLogger:77] STARTED com.liferay.docs.guestbook.portlet_1.0.0 [1816]
2023-01-12 09:41:14.632 INFO  [fileinstall-directory-watcher][BundleStartStopLogger:80] STOPPED com.liferay.docs.guestbook.portlet_1.0.0 [1816]
2023-01-12 09:41:14.808 INFO  [Refresh Thread: Equinox Container: 0c92700d-3f11-4bc4-977f-ee86ef9b4ff2][BundleStartStopLogger:77] STARTED com.liferay.docs.guestbook.portlet_1.0.0 [1816]
2023-01-12 09:41:24.919 INFO  [fileinstall-directory-watcher][BundleStartStopLogger:80] STOPPED com.liferay.docs.guestbook.portlet_1.0.0 [1816]
2023-01-12 09:41:25.068 INFO  [Refresh Thread: Equinox Container: 0c92700d-3f11-4bc4-977f-ee86ef9b4ff2][BundleStartStopLogger:77] STARTED com.liferay.docs.guestbook.portlet_1.0.0 [1816]
2023-01-12 10:03:20.309 INFO  [fileinstall-directory-watcher][BundleStartStopLogger:80] STOPPED com.liferay.docs.guestbook.portlet_1.0.0 [1816]
2023-01-12 10:03:20.477 INFO  [Refresh Thread: Equinox Container: 0c92700d-3f11-4bc4-977f-ee86ef9b4ff2][BundleStartStopLogger:77] STARTED com.liferay.docs.guestbook.portlet_1.0.0 [1816]
2023-01-12 10:08:21.609 INFO  [fileinstall-directory-watcher][BundleStartStopLogger:80] STOPPED com.liferay.docs.guestbook.portlet_1.0.0 [1816]
2023-01-12 10:08:21.759 INFO  [Refresh Thread: Equinox Container: 0c92700d-3f11-4bc4-977f-ee86ef9b4ff2][BundleStartStopLogger:77] STARTED com.liferay.docs.guestbook.portlet_1.0.0 [1816]
2023-01-12 10:09:27.052 INFO  [fileinstall-directory-watcher][BundleStartStopLogger:80] STOPPED com.liferay.docs.guestbook.portlet_1.0.0 [1816]
2023-01-12 10:09:27.193 INFO  [Refresh Thread: Equinox Container: 0c92700d-3f11-4bc4-977f-ee86ef9b4ff2][BundleStartStopLogger:77] STARTED com.liferay.docs.guestbook.portlet_1.0.0 [1816]
2023-01-12 10:10:37.435 INFO  [fileinstall-directory-watcher][BundleStartStopLogger:80] STOPPED com.liferay.docs.guestbook.portlet_1.0.0 [1816]
2023-01-12 10:10:37.574 INFO  [Refresh Thread: Equinox Container: 0c92700d-3f11-4bc4-977f-ee86ef9b4ff2][BundleStartStopLogger:77] STARTED com.liferay.docs.guestbook.portlet_1.0.0 [1816]
2023-01-12 10:13:53.375 INFO  [fileinstall-directory-watcher][BundleStartStopLogger:80] STOPPED com.liferay.docs.guestbook.portlet_1.0.0 [1816]
2023-01-12 10:13:53.518 INFO  [Refresh Thread: Equinox Container: 0c92700d-3f11-4bc4-977f-ee86ef9b4ff2][BundleStartStopLogger:77] STARTED com.liferay.docs.guestbook.portlet_1.0.0 [1816]
2023-01-12 12:26:05.643 INFO  [fileinstall-directory-watcher][BundleStartStopLogger:80] STOPPED com.liferay.docs.guestbook.portlet_1.0.0 [1816]
2023-01-12 12:26:05.822 INFO  [Refresh Thread: Equinox Container: 0c92700d-3f11-4bc4-977f-ee86ef9b4ff2][BundleStartStopLogger:77] STARTED com.liferay.docs.guestbook.portlet_1.0.0 [1816]
2023-01-12 12:30:56.967 INFO  [fileinstall-directory-watcher][BundleStartStopLogger:80] STOPPED com.liferay.docs.guestbook.portlet_1.0.0 [1816]
2023-01-12 12:30:57.119 INFO  [Refresh Thread: Equinox Container: 0c92700d-3f11-4bc4-977f-ee86ef9b4ff2][BundleStartStopLogger:77] STARTED com.liferay.docs.guestbook.portlet_1.0.0 [1816]
2023-01-12 12:33:12.683 INFO  [fileinstall-directory-watcher][BundleStartStopLogger:80] STOPPED com.liferay.docs.guestbook.portlet_1.0.0 [1816]
2023-01-12 12:33:12.835 INFO  [Refresh Thread: Equinox Container: 0c92700d-3f11-4bc4-977f-ee86ef9b4ff2][BundleStartStopLogger:77] STARTED com.liferay.docs.guestbook.portlet_1.0.0 [1816]
2023-01-12 12:39:54.384 INFO  [fileinstall-directory-watcher][BundleStartStopLogger:80] STOPPED com.liferay.docs.guestbook.portlet_1.0.0 [1816]
2023-01-12 12:39:54.541 INFO  [Refresh Thread: Equinox Container: 0c92700d-3f11-4bc4-977f-ee86ef9b4ff2][BundleStartStopLogger:77] STARTED com.liferay.docs.guestbook.portlet_1.0.0 [1816]
2023-01-12 12:41:14.802 INFO  [fileinstall-directory-watcher][BundleStartStopLogger:80] STOPPED com.liferay.docs.guestbook.portlet_1.0.0 [1816]
2023-01-12 12:41:14.946 INFO  [Refresh Thread: Equinox Container: 0c92700d-3f11-4bc4-977f-ee86ef9b4ff2][BundleStartStopLogger:77] STARTED com.liferay.docs.guestbook.portlet_1.0.0 [1816]
2023-01-12 12:42:15.220 INFO  [fileinstall-directory-watcher][BundleStartStopLogger:80] STOPPED com.liferay.docs.guestbook.portlet_1.0.0 [1816]
2023-01-12 12:42:15.373 INFO  [Refresh Thread: Equinox Container: 0c92700d-3f11-4bc4-977f-ee86ef9b4ff2][BundleStartStopLogger:77] STARTED com.liferay.docs.guestbook.portlet_1.0.0 [1816]
2023-01-12 12:44:18.519 WARN  [http-nio-8000-exec-2][code_jsp:159] {code="404", msg="ProxyServlet: /null/__generated__/container.js", uri=/o/null/__generated__/container.js}
2023-01-12 13:39:24.783 WARN  [Thread-7][PoolBase:184] HikariPool-1 - Failed to validate connection com.mysql.cj.jdbc.ConnectionImpl@699dbf7a (No operations allowed after connection closed.). Possibly consider using a shorter maxLifetime value.
2023-01-12 13:39:24.785 WARN  [Thread-7][PoolBase:184] HikariPool-1 - Failed to validate connection com.mysql.cj.jdbc.ConnectionImpl@43f514c8 (No operations allowed after connection closed.). Possibly consider using a shorter maxLifetime value.
2023-01-12 13:39:24.787 WARN  [Thread-7][PoolBase:184] HikariPool-1 - Failed to validate connection com.mysql.cj.jdbc.ConnectionImpl@40dcda7e (No operations allowed after connection closed.). Possibly consider using a shorter maxLifetime value.
2023-01-12 13:39:24.788 WARN  [Thread-7][PoolBase:184] HikariPool-1 - Failed to validate connection com.mysql.cj.jdbc.ConnectionImpl@44bedb70 (No operations allowed after connection closed.). Possibly consider using a shorter maxLifetime value.
2023-01-12 13:39:24.790 WARN  [Thread-7][PoolBase:184] HikariPool-1 - Failed to validate connection com.mysql.cj.jdbc.ConnectionImpl@4a6993ff (No operations allowed after connection closed.). Possibly consider using a shorter maxLifetime value.
2023-01-12 13:39:24.791 WARN  [Thread-7][PoolBase:184] HikariPool-1 - Failed to validate connection com.mysql.cj.jdbc.ConnectionImpl@21518d2e (No operations allowed after connection closed.). Possibly consider using a shorter maxLifetime value.
2023-01-12 13:39:24.793 WARN  [Thread-7][PoolBase:184] HikariPool-1 - Failed to validate connection com.mysql.cj.jdbc.ConnectionImpl@7f8bc50 (No operations allowed after connection closed.). Possibly consider using a shorter maxLifetime value.
2023-01-12 13:39:24.793 WARN  [Thread-7][PoolBase:184] HikariPool-1 - Failed to validate connection com.mysql.cj.jdbc.ConnectionImpl@352f8284 (No operations allowed after connection closed.). Possibly consider using a shorter maxLifetime value.
2023-01-12 13:39:24.795 WARN  [Thread-7][PoolBase:184] HikariPool-1 - Failed to validate connection com.mysql.cj.jdbc.ConnectionImpl@335f09b5 (No operations allowed after connection closed.). Possibly consider using a shorter maxLifetime value.
2023-01-12 13:39:24.797 WARN  [Thread-7][PoolBase:184] HikariPool-1 - Failed to validate connection com.mysql.cj.jdbc.ConnectionImpl@1e4aca0d (No operations allowed after connection closed.). Possibly consider using a shorter maxLifetime value.
