2023-03-23 06:20:18.183 INFO  [main][PortalContextLoaderListener:123] JVM arguments: -Dcatalina.base=/media/root322/Data/Documents/LiferayWorkspace/bundles/tomcat-9.0.56 -Dcatalina.home=/media/root322/Data/Documents/LiferayWorkspace/bundles/tomcat-9.0.56 -Dfile.encoding=UTF8 -Djava.io.tmpdir=/media/root322/Data/Documents/LiferayWorkspace/bundles/tomcat-9.0.56/temp -Djava.net.preferIPv4Stack=true -Djava.util.logging.config.file=/media/root322/Data/Documents/LiferayWorkspace/bundles/tomcat-9.0.56/conf/logging.properties -Djava.util.logging.manager=org.apache.juli.ClassLoaderLogManager -Dorg.apache.catalina.loader.WebappClassLoader.ENABLE_CLEAR_REFERENCES=false -Duser.timezone=GMT -Xmx2560m -XX:MaxMetaspaceSize=768m -XX:MetaspaceSize=768m -javaagent:/snap/intellij-idea-ultimate/418/lib/idea_rt.jar=42783:/snap/intellij-idea-ultimate/418/bin
2023-03-23 06:20:20.492 INFO  [main][DialectDetector:153] Using dialect org.hibernate.dialect.MySQL8Dialect for MySQL 8.0
2023-03-23 06:20:23.285 INFO  [main][ModuleFrameworkImpl:1279] Starting initial bundles
2023-03-23 06:20:23.673 INFO  [ModuleFramework-Static-Bundles-7][InterpolationConfigurationPlugin:109] Configured directory for secrets: /media/root322/Data/Documents/LiferayWorkspace/bundles/osgi/configs
2023-03-23 06:20:25.123 INFO  [ModuleFramework-Static-Bundles-6][DefaultLPKGDeployer:456] Using overriding JAR bundle LPKG-Override::/media/root322/Data/Documents/LiferayWorkspace/bundles/osgi/marketplace/override/com.liferay.document.library.web.jar
2023-03-23 06:20:25.124 INFO  [ModuleFramework-Static-Bundles-6][DefaultLPKGDeployer:456] Using overriding JAR bundle LPKG-Override::/media/root322/Data/Documents/LiferayWorkspace/bundles/osgi/marketplace/override/com.liferay.portal.language.lang.jar
2023-03-23 06:20:25.206 INFO  [main][ModuleFrameworkImpl:1576] Started initial bundles
2023-03-23 06:20:25.207 INFO  [main][ModuleFrameworkImpl:1625] Starting dynamic bundles
2023-03-23 06:20:39.281 INFO  [Start Level: Equinox Container: 105114d8-e158-4d8f-b610-5660992d38b9][MessageBusRegistrator:41] Message Listener Registered..com.liferaysavvy.messagebus.event.listener.MessageBusRegisteredParallelMessageListener@1d47b351
2023-03-23 06:20:39.282 INFO  [Start Level: Equinox Container: 105114d8-e158-4d8f-b610-5660992d38b9][MessageBusRegistrator:45] Message Listener Registered..com.liferaysavvy.messagebus.event.listener.MessageBusRegisteredSerialMessageListener@743c8b78
2023-03-23 06:20:39.283 INFO  [Start Level: Equinox Container: 105114d8-e158-4d8f-b610-5660992d38b9][MessageBusRegistrator:49] Message Listener Registered..com.liferaysavvy.messagebus.event.listener.MessageBusRegisteredSynchronousMessageListener@654f2c31
2023-03-23 06:20:39.389 INFO  [main][ModuleFrameworkImpl:1647] Started dynamic bundles
2023-03-23 06:20:39.390 INFO  [main][ModuleFrameworkImpl:1654] Starting web bundles
2023-03-23 06:20:42.187 INFO  [main][ModuleFrameworkImpl:1708] Started web bundles
2023-03-23 06:20:42.188 INFO  [main][ModuleFrameworkImpl:278] Navigate to Control Panel > System > Gogo Shell and enter "lb" to see all bundles
2023-03-23 06:20:42.209 INFO  [main][LoggingTimer:83] Starting com.liferay.portal.verify.VerifyProperties#verifySystemProperties
2023-03-23 06:20:42.210 INFO  [main][LoggingTimer:44] Completed com.liferay.portal.verify.VerifyProperties#verifySystemProperties in 0 ms
2023-03-23 06:20:42.210 INFO  [main][LoggingTimer:83] Starting com.liferay.portal.verify.VerifyProperties#verifyPortalProperties
2023-03-23 06:20:42.228 ERROR [main][VerifyProperties:182] Portal property "journal.article.form.add" is obsolete
2023-03-23 06:20:42.229 ERROR [main][VerifyProperties:182] Portal property "journal.article.form.update" is obsolete
2023-03-23 06:20:42.229 ERROR [main][VerifyProperties:182] Portal property "journal.article.form.translate" is obsolete
2023-03-23 06:20:42.230 INFO  [main][LoggingTimer:44] Completed com.liferay.portal.verify.VerifyProperties#verifyPortalProperties in 20 ms
2023-03-23 06:20:42.230 INFO  [main][LoggingTimer:83] Starting com.liferay.portal.verify.VerifyProperties#verifyDocumentLibrary
2023-03-23 06:20:42.230 INFO  [main][LoggingTimer:44] Completed com.liferay.portal.verify.VerifyProperties#verifyDocumentLibrary in 0 ms
2023-03-23 06:20:42.711 INFO  [main][LoggingTimer:83] Starting com.liferay.portal.events.StartupHelperUtil#initResourceActions
2023-03-23 06:20:42.768 INFO  [main][LoggingTimer:44] Completed com.liferay.portal.events.StartupHelperUtil#initResourceActions in 58 ms
2023-03-23 06:20:45.443 WARN  [main][SidecarManager:103] Liferay automatically starts a child process of Elasticsearch named sidecar for convenient development and demonstration purposes. Do NOT use sidecar in production. Refer to the documentation for details on the limitations of sidecar and instructions on configuring a remote Elasticsearch connection in the Control Panel.
2023-03-23 06:20:56.140 INFO  [main][Sidecar:119] Sidecar Elasticsearch liferay started at 127.0.0.1:9501
2023-03-23 06:20:59.211 INFO  [main][MessageBusEventListenerNotification:33] **********Destination Added***********liferay/tensorflow_model_download
2023-03-23 06:20:59.216 INFO  [main][MessageBusEventListenerNotification:33] **********Destination Added***********liferay/message_bus/default_response
2023-03-23 06:20:59.220 INFO  [main][MessageBusEventListenerNotification:33] **********Destination Added***********liferay/message_bus/message_status
2023-03-23 06:20:59.223 INFO  [main][MessageBusEventListenerNotification:33] **********Destination Added***********liferay/live_users
2023-03-23 06:20:59.224 INFO  [main][MessageBusEventListenerNotification:33] **********Destination Added***********liferay/document_library_audio_processor
2023-03-23 06:20:59.226 INFO  [main][MessageBusEventListenerNotification:33] **********Destination Added***********liferay/async_service
2023-03-23 06:20:59.228 INFO  [main][MessageBusEventListenerNotification:33] **********Destination Added***********liferay/layouts_local_publisher
2023-03-23 06:20:59.231 INFO  [main][MessageBusEventListenerNotification:33] **********Destination Added***********liferay/convert_process
2023-03-23 06:20:59.233 INFO  [main][MessageBusEventListenerNotification:33] **********Destination Added***********liferay/document_library_pdf_processor
2023-03-23 06:20:59.237 INFO  [main][MessageBusEventListenerNotification:33] **********Destination Added***********liferay/subscription_clean_up
2023-03-23 06:20:59.240 INFO  [main][MessageBusEventListenerNotification:33] **********Destination Added***********liferay/document_library_video_processor
2023-03-23 06:20:59.243 INFO  [main][MessageBusEventListenerNotification:33] **********Destination Added***********liferay/document_library_raw_metadata_processor
2023-03-23 06:20:59.246 INFO  [main][MessageBusEventListenerNotification:33] **********Destination Added***********liferay/document_library_image_processor
2023-03-23 06:20:59.248 INFO  [main][MessageBusEventListenerNotification:33] **********Destination Added***********liferay/message_boards_mailing_list
2023-03-23 06:20:59.250 INFO  [main][MessageBusEventListenerNotification:33] **********Destination Added***********liferay/subscription_sender
2023-03-23 06:20:59.253 INFO  [main][MessageBusEventListenerNotification:33] **********Destination Added***********liferay/hot_deploy
2023-03-23 06:20:59.256 INFO  [main][MessageBusEventListenerNotification:33] **********Destination Added***********liferay/layouts_remote_publisher
2023-03-23 06:20:59.267 INFO  [main][MessageBusEventListenerNotification:33] **********Destination Added***********liferay/poller_comet_response
2023-03-23 06:20:59.269 INFO  [main][MessageBusEventListenerNotification:33] **********Destination Added***********liferay/poller_response
2023-03-23 06:20:59.271 INFO  [main][MessageBusEventListenerNotification:33] **********Destination Added***********liferay/poller
2023-03-23 06:20:59.274 INFO  [main][MessageBusEventListenerNotification:33] **********Destination Added***********liferay/workflow_definition
2023-03-23 06:20:59.275 INFO  [main][MessageBusEventListenerNotification:33] **********Destination Added***********liferay/workflow_instance
2023-03-23 06:20:59.277 INFO  [main][MessageBusEventListenerNotification:33] **********Destination Added***********liferay/workflow_log
2023-03-23 06:20:59.278 INFO  [main][MessageBusEventListenerNotification:33] **********Destination Added***********liferay/workflow_task
2023-03-23 06:20:59.279 INFO  [main][MessageBusEventListenerNotification:33] **********Destination Added***********liferay/workflow_engine
2023-03-23 06:20:59.280 INFO  [main][MessageBusEventListenerNotification:33] **********Destination Added***********liferay/workflow_comparator
2023-03-23 06:20:59.282 INFO  [main][MessageBusEventListenerNotification:33] **********Destination Added***********liferay/workflow_status
2023-03-23 06:20:59.284 INFO  [main][MessageBusEventListenerNotification:33] **********Destination Added***********liferay/mail
2023-03-23 06:20:59.288 INFO  [main][MessageBusEventListenerNotification:33] **********Destination Added***********liferay/commerce_base_price_list
2023-03-23 06:20:59.289 INFO  [main][MessageBusEventListenerNotification:33] **********Destination Added***********liferay/commerce_order_status
2023-03-23 06:20:59.291 INFO  [main][MessageBusEventListenerNotification:33] **********Destination Added***********liferay/commerce_payment_status
2023-03-23 06:20:59.292 INFO  [main][MessageBusEventListenerNotification:33] **********Destination Added***********liferay/commerce_shipment_status
2023-03-23 06:20:59.294 INFO  [main][MessageBusEventListenerNotification:33] **********Destination Added***********liferay/commerce_subscription_status
2023-03-23 06:20:59.297 INFO  [main][MessageBusEventListenerNotification:33] **********Destination Added***********liferay/scheduled_user_ldap_import
2023-03-23 06:20:59.301 INFO  [main][MessageBusEventListenerNotification:33] **********Destination Added***********liferay/scripting_executor
2023-03-23 06:20:59.305 INFO  [main][MessageBusEventListenerNotification:33] **********Destination Added***********liferay/adaptive_media_processor
2023-03-23 06:20:59.310 INFO  [main][MessageBusEventListenerNotification:33] **********Destination Added***********liferay/audit
2023-03-23 06:20:59.313 INFO  [main][MessageBusEventListenerNotification:33] **********Destination Added***********liferay/analytics_messages_processor
2023-03-23 06:20:59.316 INFO  [main][ParellelDestinationConfig:83] Destination is creared ..liferaysavvy/parallel-destination
2023-03-23 06:20:59.317 INFO  [main][MessageBusEventListenerNotification:33] **********Destination Added***********liferaysavvy/parallel-destination
2023-03-23 06:20:59.319 INFO  [main][ParellelDestinationConfig:90] Destination is registred with Service Regisration ..
2023-03-23 06:20:59.321 INFO  [main][SerialDestinationConfig:83] Destination is creared ..liferaysavvy/serial-destination
2023-03-23 06:20:59.323 INFO  [main][MessageBusEventListenerNotification:33] **********Destination Added***********liferaysavvy/serial-destination
2023-03-23 06:20:59.324 INFO  [main][SerialDestinationConfig:90] Destination is registred with Service Regisration ..
2023-03-23 06:20:59.326 INFO  [main][SynchronousDestinationConfig:83] Destination is creared ..liferaysavvy/synchronous-destination
2023-03-23 06:20:59.327 INFO  [main][MessageBusEventListenerNotification:33] **********Destination Added***********liferaysavvy/synchronous-destination
2023-03-23 06:20:59.331 INFO  [main][DestinationListenerRegistrator:41] Message Listener Registered..com.liferaysavvy.messagebus.event.listener.DestinationRegisteredParallelMessageListener@2ae9ba95
2023-03-23 06:20:59.332 INFO  [main][DestinationListenerRegistrator:45] Message Listener Registered..com.liferaysavvy.messagebus.event.listener.DestinationRegisteredSerialMessageListener@27cb89ff
2023-03-23 06:20:59.334 INFO  [main][DestinationListenerRegistrator:49] Message Listener Registered..com.liferaysavvy.messagebus.event.listener.DestinationRegisteredSynchronousMessageListener@2fb83fd6
2023-03-23 06:20:59.334 INFO  [main][SynchronousDestinationConfig:90] Destination is registred with Service Regisration ..
2023-03-23 06:20:59.337 INFO  [main][MessageBusEventListenerNotification:33] **********Destination Added***********liferay/ddm_structure_reindex
2023-03-23 06:20:59.343 INFO  [main][MessageBusEventListenerNotification:33] **********Destination Added***********liferay/monitoring
2023-03-23 06:20:59.355 INFO  [main][MessageBusEventListenerNotification:33] **********Destination Added***********liferay/interest_terms
2023-03-23 06:20:59.358 INFO  [main][MessageBusEventListenerNotification:33] **********Destination Added***********liferay/segments_entry_reindex
2023-03-23 06:20:59.365 INFO  [main][MessageBusEventListenerNotification:33] **********Destination Added***********liferay/search_reader/SYSTEM_ENGINE
2023-03-23 06:20:59.368 INFO  [main][MessageBusEventListenerNotification:33] **********Destination Added***********liferay/search_writer/SYSTEM_ENGINE
2023-03-23 06:20:59.946 INFO  [main][MessageBusEventListenerNotification:33] **********Destination Added***********liferay/search_reader/GENERIC_ENGINE
2023-03-23 06:20:59.948 INFO  [main][MessageBusEventListenerNotification:33] **********Destination Added***********liferay/search_writer/GENERIC_ENGINE
2023-03-23 06:20:59.952 INFO  [main][MessageBusEventListenerNotification:33] **********Destination Added***********liferay/export_import_lifecycle_event_async
2023-03-23 06:20:59.955 INFO  [main][MessageBusEventListenerNotification:33] **********Destination Added***********liferay/export_import_lifecycle_event_sync
2023-03-23 06:21:00.317 INFO  [main][MessageBusEventListenerNotification:33] **********Destination Added***********liferay/flags
2023-03-23 06:21:01.510 INFO  [main][StartupHelperUtil:86] There are no patches installed
2023-03-23 06:21:01.528 INFO  [main][LoggingTimer:83] Starting com.liferay.portal.events.StartupHelperUtil#initResourceActions
2023-03-23 06:21:01.555 INFO  [main][LoggingTimer:44] Completed com.liferay.portal.events.StartupHelperUtil#initResourceActions in 26 ms
2023-03-23 06:21:01.561 INFO  [main][MessageBusEventListenerNotification:33] **********Destination Added***********liferay/lcs_status
2023-03-23 06:21:01.597 INFO  [main][LicenseManager:-1] Digital Enterprise Development license validation passed
2023-03-23 06:21:02.100 INFO  [main][AutoDeployDir:176] Auto deploy scanner started for /media/root322/Data/Documents/LiferayWorkspace/bundles/deploy
2023-03-23 06:21:11.554 INFO  [com.liferay.portal.osgi.web.wab.extender.internal.WabFactory-BundleTrackerOpener][ThemeHotDeployListener:108] 1 theme for classic-theme is available for use
2023-03-23 06:21:11.659 INFO  [com.liferay.portal.osgi.web.wab.extender.internal.WabFactory-BundleTrackerOpener][ThemeHotDeployListener:108] 1 theme for dialect-theme is available for use
2023-03-23 06:21:11.788 INFO  [com.liferay.portal.osgi.web.wab.extender.internal.WabFactory-BundleTrackerOpener][ThemeHotDeployListener:108] 1 theme for speedwell-theme is available for use
2023-03-23 06:21:11.897 INFO  [com.liferay.portal.osgi.web.wab.extender.internal.WabFactory-BundleTrackerOpener][ThemeHotDeployListener:108] 1 theme for minium-theme is available for use
2023-03-23 06:21:12.032 INFO  [com.liferay.portal.osgi.web.wab.extender.internal.WabFactory-BundleTrackerOpener][ThemeHotDeployListener:108] 1 theme for admin-theme is available for use
2023-03-23 06:21:12.166 INFO  [com.liferay.portal.osgi.web.wab.extender.internal.WabFactory-BundleTrackerOpener][HookHotDeployListener:496] Hook for LangHook is available for use
2023-03-23 06:21:12.307 INFO  [com.liferay.portal.osgi.web.wab.extender.internal.WabFactory-BundleTrackerOpener][LayoutTemplateHotDeployListener:107] 1 layout template for LayoutTemplateDemo is available for use
2023-03-23 06:21:12.575 INFO  [com.liferay.portal.osgi.web.wab.extender.internal.WabFactory-BundleTrackerOpener][ThemeHotDeployListener:108] 1 theme for democlassictheme-theme is available for use
2023-03-23 06:21:12.741 INFO  [com.liferay.portal.osgi.web.wab.extender.internal.WabFactory-BundleTrackerOpener][ThemeHotDeployListener:108] 1 theme for demotheme-theme is available for use
2023-03-23 06:21:12.883 INFO  [com.liferay.portal.osgi.web.wab.extender.internal.WabFactory-BundleTrackerOpener][ThemeHotDeployListener:108] 1 theme for my-liferay-theme is available for use
2023-03-23 06:21:13.228 INFO  [com.liferay.portal.osgi.web.wab.extender.internal.WabFactory-BundleTrackerOpener][ThemeHotDeployListener:108] 1 theme for cstheme2-theme is available for use
2023-03-23 06:21:13.562 INFO  [com.liferay.portal.osgi.web.wab.extender.internal.WabFactory-BundleTrackerOpener][ThemeHotDeployListener:108] 1 theme for module-based-theme is available for use
2023-03-23 10:25:58.885 WARN  [http-nio-8000-exec-7][code_jsp:159] {code="404", msg="ProxyServlet: /o/site-initializer/thumbnail.png", uri=/o/site-initializer/thumbnail.png}
2023-03-23 10:25:58.885 WARN  [http-nio-8000-exec-8][code_jsp:159] {code="404", msg="ProxyServlet: /o/site-initializer-brijesh/thumbnail.png", uri=/o/site-initializer-brijesh/thumbnail.png}
2023-03-23 10:25:58.905 WARN  [http-nio-8000-exec-9][code_jsp:159] {code="404", msg="ProxyServlet: /o/site-initializer-demo/thumbnail.png", uri=/o/site-initializer-demo/thumbnail.png}
2023-03-23 10:25:59.080 WARN  [http-nio-8000-exec-3][code_jsp:159] {code="404", msg="ProxyServlet: /o/site-initializer-brijesh/thumbnail.png", uri=/o/site-initializer-brijesh/thumbnail.png}
2023-03-23 10:25:59.081 WARN  [http-nio-8000-exec-4][code_jsp:159] {code="404", msg="ProxyServlet: /o/site-initializer-demo/thumbnail.png", uri=/o/site-initializer-demo/thumbnail.png}
2023-03-23 10:25:59.081 WARN  [http-nio-8000-exec-5][code_jsp:159] {code="404", msg="ProxyServlet: /o/site-initializer/thumbnail.png", uri=/o/site-initializer/thumbnail.png}
2023-03-23 11:11:13.154 WARN  [http-nio-8000-exec-3][code_jsp:159] {code="404", msg="ProxyServlet: /o/frontend-js-aui-web/build/aui-skin-deprecated/images/common/state_default_bg.png", uri=/o/frontend-js-aui-web/build/aui-skin-deprecated/images/common/state_default_bg.png}
2023-03-23 11:11:13.154 WARN  [http-nio-8000-exec-10][code_jsp:159] {code="404", msg="ProxyServlet: /o/frontend-js-aui-web/build/aui-skin-deprecated/images/loading_indicator.gif", uri=/o/frontend-js-aui-web/build/aui-skin-deprecated/images/loading_indicator.gif}
2023-03-23 12:52:45.994 WARN  [http-nio-8000-exec-4][code_jsp:159] {code="404", msg="ProxyServlet: /o/admin-theme/images/language/gu_IN.png", uri=/o/admin-theme/images/language/gu_IN.png}
2023-03-23 12:53:29.978 WARN  [http-nio-8000-exec-8][code_jsp:159] {code="404", msg="ProxyServlet: /o/admin-theme/images/language/gu_IN.png", uri=/o/admin-theme/images/language/gu_IN.png}
2023-03-23 12:53:32.492 WARN  [http-nio-8000-exec-6][code_jsp:159] {code="404", msg="ProxyServlet: /o/admin-theme/images/language/gu_IN.png", uri=/o/admin-theme/images/language/gu_IN.png}
2023-03-23 12:53:44.455 WARN  [http-nio-8000-exec-8][code_jsp:159] {code="404", msg="ProxyServlet: /o/frontend-js-aui-web/build/aui-skin-deprecated/images/loading_indicator.gif", uri=/o/frontend-js-aui-web/build/aui-skin-deprecated/images/loading_indicator.gif}
2023-03-23 12:53:44.455 WARN  [http-nio-8000-exec-3][code_jsp:159] {code="404", msg="ProxyServlet: /o/frontend-js-aui-web/build/aui-skin-deprecated/images/common/state_default_bg.png", uri=/o/frontend-js-aui-web/build/aui-skin-deprecated/images/common/state_default_bg.png}
2023-03-23 12:53:49.644 WARN  [http-nio-8000-exec-1][code_jsp:159] {code="404", msg="ProxyServlet: /o/admin-theme/images/language/gu_IN.png", uri=/o/admin-theme/images/language/gu_IN.png}
2023-03-23 13:01:09.263 INFO  [fileinstall-directory-watcher][BundleStartStopLogger:77] STARTED de.rtg.portlet.survey.api_1.7.6 [1858]
2023-03-23 13:01:09.281 INFO  [fileinstall-directory-watcher][BundleStartStopLogger:77] STARTED de.rtg.portlet.survey.service_1.7.6 [1859]
2023-03-23 13:01:12.536 INFO  [fileinstall-directory-watcher][BaseAutoDeployListener:43] Copying portlets for /media/root322/Data/Documents/LiferayWorkspace/bundles/tomcat-9.0.56/temp/20230323130112432PIYGGPVG/rtg-survey-portlet.war
2023-03-23 13:01:13.199 INFO  [fileinstall-directory-watcher][BaseAutoDeployListener:50] Portlets for /media/root322/Data/Documents/LiferayWorkspace/bundles/tomcat-9.0.56/temp/20230323130112432PIYGGPVG/rtg-survey-portlet.war copied successfully
2023-03-23 13:01:29.965 INFO  [fileinstall-directory-watcher][HookHotDeployListener:496] Hook for rtg-survey-portlet is available for use
2023-03-23 13:01:30.484 INFO  [fileinstall-directory-watcher][PortletHotDeployListener:305] 3 portlets for rtg-survey-portlet are available for use
2023-03-23 13:01:30.485 INFO  [fileinstall-directory-watcher][SocialHotDeployListener:98] Social for rtg-survey-portlet is available for use
2023-03-23 13:01:30.615 INFO  [fileinstall-directory-watcher][BundleStartStopLogger:77] STARTED rtg-survey-portlet_7.4.0.37 [1861]
2023-03-23 13:01:30.615 INFO  [fileinstall-directory-watcher][BundleStartStopLogger:77] STARTED RTG Survey-rtg-survey-portlet-wrapper_7.4.0.37 [1860]
2023-03-23 13:01:30.779 INFO  [fileinstall-directory-watcher][BundleStartStopLogger:77] STARTED RTG Survey_1.7.6 [1857]
2023-03-23 13:37:09.032 WARN  [PersistedQuartzSchedulerEngineInstance_QuartzSchedulerThread][ProxyConnection:182] HikariPool-1 - Connection com.mysql.cj.jdbc.ConnectionImpl@2e80e962 marked as broken because of SQLSTATE(08S01), ErrorCode(0)
com.liferay.portal.kernel.log.LogSanitizerException: com.mysql.cj.jdbc.exceptions.CommunicationsException: Communications link failure__The last packet successfully received from the server was 3 milliseconds ago. The last packet sent successfully to the server was 3 milliseconds ago. [Sanitized]
	at com.mysql.cj.jdbc.exceptions.SQLError.createCommunicationsException(SQLError.java:174) ~[mysql.jar:8.0.29]
	at com.mysql.cj.jdbc.exceptions.SQLExceptionsMapping.translateException(SQLExceptionsMapping.java:64) ~[mysql.jar:8.0.29]
	at com.mysql.cj.jdbc.ConnectionImpl.setAutoCommit(ConnectionImpl.java:2050) ~[mysql.jar:8.0.29]
	at com.zaxxer.hikari.pool.ProxyConnection.setAutoCommit(ProxyConnection.java:414) [hikaricp.jar:?]
	at com.zaxxer.hikari.pool.HikariProxyConnection.setAutoCommit(HikariProxyConnection.java) [hikaricp.jar:?]
	at org.springframework.jdbc.datasource.LazyConnectionDataSourceProxy$LazyConnectionInvocationHandler.getTargetConnection(LazyConnectionDataSourceProxy.java:432) [spring-jdbc.jar:5.2.22.RELEASE]
	at org.springframework.jdbc.datasource.LazyConnectionDataSourceProxy$LazyConnectionInvocationHandler.invoke(LazyConnectionDataSourceProxy.java:385) [spring-jdbc.jar:5.2.22.RELEASE]
	at com.sun.proxy.$Proxy70.prepareStatement(Unknown Source) [?:?]
	at jdk.internal.reflect.GeneratedMethodAccessor112.invoke(Unknown Source) ~[?:?]
	at jdk.internal.reflect.DelegatingMethodAccessorImpl.invoke(DelegatingMethodAccessorImpl.java:43) ~[?:?]
	at java.lang.reflect.Method.invoke(Method.java:566) ~[?:?]
	at org.quartz.impl.jdbcjobstore.AttributeRestoringConnectionInvocationHandler.invoke(AttributeRestoringConnectionInvocationHandler.java:73) [bundleFile:?]
	at com.sun.proxy.$Proxy1507.prepareStatement(Unknown Source) [?:?]
	at org.quartz.impl.jdbcjobstore.StdJDBCDelegate.selectTriggerToAcquire(StdJDBCDelegate.java:2557) [bundleFile:?]
	at org.quartz.impl.jdbcjobstore.JobStoreSupport.acquireNextTrigger(JobStoreSupport.java:2778) [bundleFile:?]
	at org.quartz.impl.jdbcjobstore.JobStoreSupport$41.execute(JobStoreSupport.java:2755) [bundleFile:?]
	at org.quartz.impl.jdbcjobstore.JobStoreSupport.executeInNonManagedTXLock(JobStoreSupport.java:3798) [bundleFile:?]
	at org.quartz.impl.jdbcjobstore.JobStoreSupport.acquireNextTriggers(JobStoreSupport.java:2751) [bundleFile:?]
	at org.quartz.core.QuartzSchedulerThread.run(QuartzSchedulerThread.java:264) [bundleFile:?]
Caused by: com.liferay.portal.kernel.log.LogSanitizerException: com.mysql.cj.exceptions.CJCommunicationsException: Communications link failure__The last packet successfully received from the server was 3 milliseconds ago. The last packet sent successfully to the server was 3 milliseconds ago. [Sanitized]
	at jdk.internal.reflect.NativeConstructorAccessorImpl.newInstance0(Native Method) ~[?:?]
	at jdk.internal.reflect.NativeConstructorAccessorImpl.newInstance(NativeConstructorAccessorImpl.java:62) ~[?:?]
	at jdk.internal.reflect.DelegatingConstructorAccessorImpl.newInstance(DelegatingConstructorAccessorImpl.java:45) ~[?:?]
	at java.lang.reflect.Constructor.newInstance(Constructor.java:490) ~[?:?]
	at com.mysql.cj.exceptions.ExceptionFactory.createException(ExceptionFactory.java:61) ~[mysql.jar:8.0.29]
	at com.mysql.cj.exceptions.ExceptionFactory.createException(ExceptionFactory.java:105) ~[mysql.jar:8.0.29]
	at com.mysql.cj.exceptions.ExceptionFactory.createException(ExceptionFactory.java:151) ~[mysql.jar:8.0.29]
	at com.mysql.cj.exceptions.ExceptionFactory.createCommunicationsException(ExceptionFactory.java:167) ~[mysql.jar:8.0.29]
	at com.mysql.cj.protocol.a.NativeProtocol.readMessage(NativeProtocol.java:581) ~[mysql.jar:8.0.29]
	at com.mysql.cj.protocol.a.NativeProtocol.checkErrorMessage(NativeProtocol.java:761) ~[mysql.jar:8.0.29]
	at com.mysql.cj.protocol.a.NativeProtocol.sendCommand(NativeProtocol.java:700) ~[mysql.jar:8.0.29]
	at com.mysql.cj.protocol.a.NativeProtocol.sendQueryPacket(NativeProtocol.java:1051) ~[mysql.jar:8.0.29]
	at com.mysql.cj.protocol.a.NativeProtocol.sendQueryString(NativeProtocol.java:997) ~[mysql.jar:8.0.29]
	at com.mysql.cj.NativeSession.execSQL(NativeSession.java:663) ~[mysql.jar:8.0.29]
	at com.mysql.cj.jdbc.ConnectionImpl.setAutoCommit(ConnectionImpl.java:2033) ~[mysql.jar:8.0.29]
	... 16 more
Caused by: java.io.EOFException: Can not read response from server. Expected to read 4 bytes, read 0 bytes before connection was unexpectedly lost.
	at com.mysql.cj.protocol.FullReadInputStream.readFully(FullReadInputStream.java:67) ~[mysql.jar:8.0.29]
	at com.mysql.cj.protocol.a.SimplePacketReader.readHeaderLocal(SimplePacketReader.java:81) ~[mysql.jar:8.0.29]
	at com.mysql.cj.protocol.a.SimplePacketReader.readHeader(SimplePacketReader.java:63) ~[mysql.jar:8.0.29]
	at com.mysql.cj.protocol.a.SimplePacketReader.readHeader(SimplePacketReader.java:45) ~[mysql.jar:8.0.29]
	at com.mysql.cj.protocol.a.TimeTrackingPacketReader.readHeader(TimeTrackingPacketReader.java:52) ~[mysql.jar:8.0.29]
	at com.mysql.cj.protocol.a.TimeTrackingPacketReader.readHeader(TimeTrackingPacketReader.java:41) ~[mysql.jar:8.0.29]
	at com.mysql.cj.protocol.a.MultiPacketReader.readHeader(MultiPacketReader.java:54) ~[mysql.jar:8.0.29]
	at com.mysql.cj.protocol.a.MultiPacketReader.readHeader(MultiPacketReader.java:44) ~[mysql.jar:8.0.29]
	at com.mysql.cj.protocol.a.NativeProtocol.readMessage(NativeProtocol.java:575) ~[mysql.jar:8.0.29]
	at com.mysql.cj.protocol.a.NativeProtocol.checkErrorMessage(NativeProtocol.java:761) ~[mysql.jar:8.0.29]
	at com.mysql.cj.protocol.a.NativeProtocol.sendCommand(NativeProtocol.java:700) ~[mysql.jar:8.0.29]
	at com.mysql.cj.protocol.a.NativeProtocol.sendQueryPacket(NativeProtocol.java:1051) ~[mysql.jar:8.0.29]
	at com.mysql.cj.protocol.a.NativeProtocol.sendQueryString(NativeProtocol.java:997) ~[mysql.jar:8.0.29]
	at com.mysql.cj.NativeSession.execSQL(NativeSession.java:663) ~[mysql.jar:8.0.29]
	at com.mysql.cj.jdbc.ConnectionImpl.setAutoCommit(ConnectionImpl.java:2033) ~[mysql.jar:8.0.29]
	... 16 more
2023-03-23 13:37:09.041 ERROR [PersistedQuartzSchedulerEngineInstance_QuartzSchedulerThread][PortalJobStore:3641] Couldn't rollback jdbc connection. Connection is closed
java.sql.SQLException: Connection is closed
	at com.zaxxer.hikari.pool.ProxyConnection$ClosedConnection.lambda$getClosedConnection$0(ProxyConnection.java:515) ~[hikaricp.jar:?]
	at com.sun.proxy.$Proxy27.rollback(Unknown Source) ~[?:?]
	at com.zaxxer.hikari.pool.ProxyConnection.rollback(ProxyConnection.java:396) ~[hikaricp.jar:?]
	at com.zaxxer.hikari.pool.HikariProxyConnection.rollback(HikariProxyConnection.java) ~[hikaricp.jar:?]
	at jdk.internal.reflect.NativeMethodAccessorImpl.invoke0(Native Method) ~[?:?]
	at jdk.internal.reflect.NativeMethodAccessorImpl.invoke(NativeMethodAccessorImpl.java:62) ~[?:?]
	at jdk.internal.reflect.DelegatingMethodAccessorImpl.invoke(DelegatingMethodAccessorImpl.java:43) ~[?:?]
	at java.lang.reflect.Method.invoke(Method.java:566) ~[?:?]
	at org.springframework.jdbc.datasource.LazyConnectionDataSourceProxy$LazyConnectionInvocationHandler.invoke(LazyConnectionDataSourceProxy.java:385) ~[spring-jdbc.jar:5.2.22.RELEASE]
	at com.sun.proxy.$Proxy70.rollback(Unknown Source) ~[?:?]
	at jdk.internal.reflect.NativeMethodAccessorImpl.invoke0(Native Method) ~[?:?]
	at jdk.internal.reflect.NativeMethodAccessorImpl.invoke(NativeMethodAccessorImpl.java:62) ~[?:?]
	at jdk.internal.reflect.DelegatingMethodAccessorImpl.invoke(DelegatingMethodAccessorImpl.java:43) ~[?:?]
	at java.lang.reflect.Method.invoke(Method.java:566) ~[?:?]
	at org.quartz.impl.jdbcjobstore.AttributeRestoringConnectionInvocationHandler.invoke(AttributeRestoringConnectionInvocationHandler.java:73) ~[bundleFile:?]
	at com.sun.proxy.$Proxy1507.rollback(Unknown Source) ~[?:?]
	at org.quartz.impl.jdbcjobstore.JobStoreSupport.rollbackConnection(JobStoreSupport.java:3639) [bundleFile:?]
	at org.quartz.impl.jdbcjobstore.JobStoreSupport.executeInNonManagedTXLock(JobStoreSupport.java:3808) [bundleFile:?]
	at org.quartz.impl.jdbcjobstore.JobStoreSupport.acquireNextTriggers(JobStoreSupport.java:2751) [bundleFile:?]
	at org.quartz.core.QuartzSchedulerThread.run(QuartzSchedulerThread.java:264) [bundleFile:?]
2023-03-23 13:37:09.050 ERROR [PersistedQuartzSchedulerEngineInstance_QuartzSchedulerThread][ErrorLogger:2361] An error occurred while scanning for the next triggers to fire.
com.liferay.portal.kernel.log.LogSanitizerException: org.quartz.JobPersistenceException: Couldn't acquire next trigger: Communications link failure__The last packet successfully received from the server was 3 milliseconds ago. The last packet sent successfully to the server was 3 milliseconds ago. [See nested exception: com.mysql.cj.jdbc.exceptions.CommunicationsException: Communications link failure__The last packet successfully received from the server was 3 milliseconds ago. The last packet sent successfully to the server was 3 milliseconds ago.] [Sanitized]
	at org.quartz.impl.jdbcjobstore.JobStoreSupport.acquireNextTrigger(JobStoreSupport.java:2827) ~[bundleFile:?]
	at org.quartz.impl.jdbcjobstore.JobStoreSupport$41.execute(JobStoreSupport.java:2755) ~[bundleFile:?]
	at org.quartz.impl.jdbcjobstore.JobStoreSupport.executeInNonManagedTXLock(JobStoreSupport.java:3798) ~[bundleFile:?]
	at org.quartz.impl.jdbcjobstore.JobStoreSupport.acquireNextTriggers(JobStoreSupport.java:2751) ~[bundleFile:?]
	at org.quartz.core.QuartzSchedulerThread.run(QuartzSchedulerThread.java:264) [bundleFile:?]
Caused by: com.liferay.portal.kernel.log.LogSanitizerException: com.mysql.cj.jdbc.exceptions.CommunicationsException: Communications link failure__The last packet successfully received from the server was 3 milliseconds ago. The last packet sent successfully to the server was 3 milliseconds ago. [Sanitized]
	at com.mysql.cj.jdbc.exceptions.SQLError.createCommunicationsException(SQLError.java:174) ~[mysql.jar:8.0.29]
	at com.mysql.cj.jdbc.exceptions.SQLExceptionsMapping.translateException(SQLExceptionsMapping.java:64) ~[mysql.jar:8.0.29]
	at com.mysql.cj.jdbc.ConnectionImpl.setAutoCommit(ConnectionImpl.java:2050) ~[mysql.jar:8.0.29]
	at com.zaxxer.hikari.pool.ProxyConnection.setAutoCommit(ProxyConnection.java:414) ~[hikaricp.jar:?]
	at com.zaxxer.hikari.pool.HikariProxyConnection.setAutoCommit(HikariProxyConnection.java) ~[hikaricp.jar:?]
	at org.springframework.jdbc.datasource.LazyConnectionDataSourceProxy$LazyConnectionInvocationHandler.getTargetConnection(LazyConnectionDataSourceProxy.java:432) ~[spring-jdbc.jar:5.2.22.RELEASE]
	at org.springframework.jdbc.datasource.LazyConnectionDataSourceProxy$LazyConnectionInvocationHandler.invoke(LazyConnectionDataSourceProxy.java:385) ~[spring-jdbc.jar:5.2.22.RELEASE]
	at com.sun.proxy.$Proxy70.prepareStatement(Unknown Source) ~[?:?]
	at jdk.internal.reflect.GeneratedMethodAccessor112.invoke(Unknown Source) ~[?:?]
	at jdk.internal.reflect.DelegatingMethodAccessorImpl.invoke(DelegatingMethodAccessorImpl.java:43) ~[?:?]
	at java.lang.reflect.Method.invoke(Method.java:566) ~[?:?]
	at org.quartz.impl.jdbcjobstore.AttributeRestoringConnectionInvocationHandler.invoke(AttributeRestoringConnectionInvocationHandler.java:73) ~[bundleFile:?]
	at com.sun.proxy.$Proxy1507.prepareStatement(Unknown Source) ~[?:?]
	at org.quartz.impl.jdbcjobstore.StdJDBCDelegate.selectTriggerToAcquire(StdJDBCDelegate.java:2557) ~[bundleFile:?]
	at org.quartz.impl.jdbcjobstore.JobStoreSupport.acquireNextTrigger(JobStoreSupport.java:2778) ~[bundleFile:?]
	... 4 more
Caused by: com.liferay.portal.kernel.log.LogSanitizerException: com.mysql.cj.exceptions.CJCommunicationsException: Communications link failure__The last packet successfully received from the server was 3 milliseconds ago. The last packet sent successfully to the server was 3 milliseconds ago. [Sanitized]
	at jdk.internal.reflect.NativeConstructorAccessorImpl.newInstance0(Native Method) ~[?:?]
	at jdk.internal.reflect.NativeConstructorAccessorImpl.newInstance(NativeConstructorAccessorImpl.java:62) ~[?:?]
	at jdk.internal.reflect.DelegatingConstructorAccessorImpl.newInstance(DelegatingConstructorAccessorImpl.java:45) ~[?:?]
	at java.lang.reflect.Constructor.newInstance(Constructor.java:490) ~[?:?]
	at com.mysql.cj.exceptions.ExceptionFactory.createException(ExceptionFactory.java:61) ~[mysql.jar:8.0.29]
	at com.mysql.cj.exceptions.ExceptionFactory.createException(ExceptionFactory.java:105) ~[mysql.jar:8.0.29]
	at com.mysql.cj.exceptions.ExceptionFactory.createException(ExceptionFactory.java:151) ~[mysql.jar:8.0.29]
	at com.mysql.cj.exceptions.ExceptionFactory.createCommunicationsException(ExceptionFactory.java:167) ~[mysql.jar:8.0.29]
	at com.mysql.cj.protocol.a.NativeProtocol.readMessage(NativeProtocol.java:581) ~[mysql.jar:8.0.29]
	at com.mysql.cj.protocol.a.NativeProtocol.checkErrorMessage(NativeProtocol.java:761) ~[mysql.jar:8.0.29]
	at com.mysql.cj.protocol.a.NativeProtocol.sendCommand(NativeProtocol.java:700) ~[mysql.jar:8.0.29]
	at com.mysql.cj.protocol.a.NativeProtocol.sendQueryPacket(NativeProtocol.java:1051) ~[mysql.jar:8.0.29]
	at com.mysql.cj.protocol.a.NativeProtocol.sendQueryString(NativeProtocol.java:997) ~[mysql.jar:8.0.29]
	at com.mysql.cj.NativeSession.execSQL(NativeSession.java:663) ~[mysql.jar:8.0.29]
	at com.mysql.cj.jdbc.ConnectionImpl.setAutoCommit(ConnectionImpl.java:2033) ~[mysql.jar:8.0.29]
	at com.zaxxer.hikari.pool.ProxyConnection.setAutoCommit(ProxyConnection.java:414) ~[hikaricp.jar:?]
	at com.zaxxer.hikari.pool.HikariProxyConnection.setAutoCommit(HikariProxyConnection.java) ~[hikaricp.jar:?]
	at org.springframework.jdbc.datasource.LazyConnectionDataSourceProxy$LazyConnectionInvocationHandler.getTargetConnection(LazyConnectionDataSourceProxy.java:432) ~[spring-jdbc.jar:5.2.22.RELEASE]
	at org.springframework.jdbc.datasource.LazyConnectionDataSourceProxy$LazyConnectionInvocationHandler.invoke(LazyConnectionDataSourceProxy.java:385) ~[spring-jdbc.jar:5.2.22.RELEASE]
	at com.sun.proxy.$Proxy70.prepareStatement(Unknown Source) ~[?:?]
	at jdk.internal.reflect.GeneratedMethodAccessor112.invoke(Unknown Source) ~[?:?]
	at jdk.internal.reflect.DelegatingMethodAccessorImpl.invoke(DelegatingMethodAccessorImpl.java:43) ~[?:?]
	at java.lang.reflect.Method.invoke(Method.java:566) ~[?:?]
	at org.quartz.impl.jdbcjobstore.AttributeRestoringConnectionInvocationHandler.invoke(AttributeRestoringConnectionInvocationHandler.java:73) ~[bundleFile:?]
	at com.sun.proxy.$Proxy1507.prepareStatement(Unknown Source) ~[?:?]
	at org.quartz.impl.jdbcjobstore.StdJDBCDelegate.selectTriggerToAcquire(StdJDBCDelegate.java:2557) ~[bundleFile:?]
	at org.quartz.impl.jdbcjobstore.JobStoreSupport.acquireNextTrigger(JobStoreSupport.java:2778) ~[bundleFile:?]
	... 4 more
Caused by: java.io.EOFException: Can not read response from server. Expected to read 4 bytes, read 0 bytes before connection was unexpectedly lost.
	at com.mysql.cj.protocol.FullReadInputStream.readFully(FullReadInputStream.java:67) ~[mysql.jar:8.0.29]
	at com.mysql.cj.protocol.a.SimplePacketReader.readHeaderLocal(SimplePacketReader.java:81) ~[mysql.jar:8.0.29]
	at com.mysql.cj.protocol.a.SimplePacketReader.readHeader(SimplePacketReader.java:63) ~[mysql.jar:8.0.29]
	at com.mysql.cj.protocol.a.SimplePacketReader.readHeader(SimplePacketReader.java:45) ~[mysql.jar:8.0.29]
	at com.mysql.cj.protocol.a.TimeTrackingPacketReader.readHeader(TimeTrackingPacketReader.java:52) ~[mysql.jar:8.0.29]
	at com.mysql.cj.protocol.a.TimeTrackingPacketReader.readHeader(TimeTrackingPacketReader.java:41) ~[mysql.jar:8.0.29]
	at com.mysql.cj.protocol.a.MultiPacketReader.readHeader(MultiPacketReader.java:54) ~[mysql.jar:8.0.29]
	at com.mysql.cj.protocol.a.MultiPacketReader.readHeader(MultiPacketReader.java:44) ~[mysql.jar:8.0.29]
	at com.mysql.cj.protocol.a.NativeProtocol.readMessage(NativeProtocol.java:575) ~[mysql.jar:8.0.29]
	at com.mysql.cj.protocol.a.NativeProtocol.checkErrorMessage(NativeProtocol.java:761) ~[mysql.jar:8.0.29]
	at com.mysql.cj.protocol.a.NativeProtocol.sendCommand(NativeProtocol.java:700) ~[mysql.jar:8.0.29]
	at com.mysql.cj.protocol.a.NativeProtocol.sendQueryPacket(NativeProtocol.java:1051) ~[mysql.jar:8.0.29]
	at com.mysql.cj.protocol.a.NativeProtocol.sendQueryString(NativeProtocol.java:997) ~[mysql.jar:8.0.29]
	at com.mysql.cj.NativeSession.execSQL(NativeSession.java:663) ~[mysql.jar:8.0.29]
	at com.mysql.cj.jdbc.ConnectionImpl.setAutoCommit(ConnectionImpl.java:2033) ~[mysql.jar:8.0.29]
	at com.zaxxer.hikari.pool.ProxyConnection.setAutoCommit(ProxyConnection.java:414) ~[hikaricp.jar:?]
	at com.zaxxer.hikari.pool.HikariProxyConnection.setAutoCommit(HikariProxyConnection.java) ~[hikaricp.jar:?]
	at org.springframework.jdbc.datasource.LazyConnectionDataSourceProxy$LazyConnectionInvocationHandler.getTargetConnection(LazyConnectionDataSourceProxy.java:432) ~[spring-jdbc.jar:5.2.22.RELEASE]
	at org.springframework.jdbc.datasource.LazyConnectionDataSourceProxy$LazyConnectionInvocationHandler.invoke(LazyConnectionDataSourceProxy.java:385) ~[spring-jdbc.jar:5.2.22.RELEASE]
	at com.sun.proxy.$Proxy70.prepareStatement(Unknown Source) ~[?:?]
	at jdk.internal.reflect.GeneratedMethodAccessor112.invoke(Unknown Source) ~[?:?]
	at jdk.internal.reflect.DelegatingMethodAccessorImpl.invoke(DelegatingMethodAccessorImpl.java:43) ~[?:?]
	at java.lang.reflect.Method.invoke(Method.java:566) ~[?:?]
	at org.quartz.impl.jdbcjobstore.AttributeRestoringConnectionInvocationHandler.invoke(AttributeRestoringConnectionInvocationHandler.java:73) ~[bundleFile:?]
	at com.sun.proxy.$Proxy1507.prepareStatement(Unknown Source) ~[?:?]
	at org.quartz.impl.jdbcjobstore.StdJDBCDelegate.selectTriggerToAcquire(StdJDBCDelegate.java:2557) ~[bundleFile:?]
	at org.quartz.impl.jdbcjobstore.JobStoreSupport.acquireNextTrigger(JobStoreSupport.java:2778) ~[bundleFile:?]
	... 4 more
2023-03-23 13:37:12.745 WARN  [Thread-7][PoolBase:184] HikariPool-1 - Failed to validate connection com.mysql.cj.jdbc.ConnectionImpl@1bb223fe (No operations allowed after connection closed.). Possibly consider using a shorter maxLifetime value.
2023-03-23 13:37:12.754 WARN  [Thread-7][PoolBase:184] HikariPool-1 - Failed to validate connection com.mysql.cj.jdbc.ConnectionImpl@7ee0cd9b (No operations allowed after connection closed.). Possibly consider using a shorter maxLifetime value.
2023-03-23 13:37:12.762 WARN  [Thread-7][PoolBase:184] HikariPool-1 - Failed to validate connection com.mysql.cj.jdbc.ConnectionImpl@f0c9d62 (No operations allowed after connection closed.). Possibly consider using a shorter maxLifetime value.
2023-03-23 13:37:12.770 WARN  [Thread-7][PoolBase:184] HikariPool-1 - Failed to validate connection com.mysql.cj.jdbc.ConnectionImpl@77b6a2ef (No operations allowed after connection closed.). Possibly consider using a shorter maxLifetime value.
2023-03-23 13:37:12.777 WARN  [Thread-7][PoolBase:184] HikariPool-1 - Failed to validate connection com.mysql.cj.jdbc.ConnectionImpl@7d11c234 (No operations allowed after connection closed.). Possibly consider using a shorter maxLifetime value.
2023-03-23 13:37:12.785 WARN  [Thread-7][PoolBase:184] HikariPool-1 - Failed to validate connection com.mysql.cj.jdbc.ConnectionImpl@5654418 (No operations allowed after connection closed.). Possibly consider using a shorter maxLifetime value.
2023-03-23 13:37:12.793 WARN  [Thread-7][PoolBase:184] HikariPool-1 - Failed to validate connection com.mysql.cj.jdbc.ConnectionImpl@6e692e5b (No operations allowed after connection closed.). Possibly consider using a shorter maxLifetime value.
2023-03-23 13:37:12.803 WARN  [Thread-7][PoolBase:184] HikariPool-1 - Failed to validate connection com.mysql.cj.jdbc.ConnectionImpl@7093e507 (No operations allowed after connection closed.). Possibly consider using a shorter maxLifetime value.
2023-03-23 13:37:12.810 WARN  [Thread-7][PoolBase:184] HikariPool-1 - Failed to validate connection com.mysql.cj.jdbc.ConnectionImpl@3f0a8bf6 (No operations allowed after connection closed.). Possibly consider using a shorter maxLifetime value.
