2022-12-29 06:09:16.856 INFO  [main][PortalContextLoaderListener:123] JVM arguments: -Dcatalina.base=/media/root322/Data/Documents/LiferayWorkspace/bundles/tomcat-9.0.56 -Dcatalina.home=/media/root322/Data/Documents/LiferayWorkspace/bundles/tomcat-9.0.56 -Dfile.encoding=UTF8 -Djava.io.tmpdir=/media/root322/Data/Documents/LiferayWorkspace/bundles/tomcat-9.0.56/temp -Djava.net.preferIPv4Stack=true -Djava.util.logging.config.file=/media/root322/Data/Documents/LiferayWorkspace/bundles/tomcat-9.0.56/conf/logging.properties -Djava.util.logging.manager=org.apache.juli.ClassLoaderLogManager -Dorg.apache.catalina.loader.WebappClassLoader.ENABLE_CLEAR_REFERENCES=false -Duser.timezone=GMT -Xmx2560m -XX:MaxMetaspaceSize=768m -XX:MetaspaceSize=768m -javaagent:/snap/intellij-idea-ultimate/401/lib/idea_rt.jar=38309:/snap/intellij-idea-ultimate/401/bin
2022-12-29 06:09:20.434 INFO  [main][DialectDetector:153] Using dialect org.hibernate.dialect.MySQL8Dialect for MySQL 8.0
2022-12-29 06:09:23.545 INFO  [main][ModuleFrameworkImpl:1279] Starting initial bundles
2022-12-29 06:09:23.921 INFO  [ModuleFramework-Static-Bundles-5][InterpolationConfigurationPlugin:109] Configured directory for secrets: /media/root322/Data/Documents/LiferayWorkspace/bundles/osgi/configs
2022-12-29 06:09:25.407 INFO  [ModuleFramework-Static-Bundles-7][DefaultLPKGDeployer:456] Using overriding JAR bundle LPKG-Override::/media/root322/Data/Documents/LiferayWorkspace/bundles/osgi/marketplace/override/com.liferay.document.library.web.jar
2022-12-29 06:09:25.407 INFO  [ModuleFramework-Static-Bundles-7][DefaultLPKGDeployer:456] Using overriding JAR bundle LPKG-Override::/media/root322/Data/Documents/LiferayWorkspace/bundles/osgi/marketplace/override/com.liferay.portal.language.lang.jar
2022-12-29 06:09:25.479 INFO  [main][ModuleFrameworkImpl:1576] Started initial bundles
2022-12-29 06:09:25.479 INFO  [main][ModuleFrameworkImpl:1625] Starting dynamic bundles
2022-12-29 06:09:38.638 INFO  [main][ModuleFrameworkImpl:1647] Started dynamic bundles
2022-12-29 06:09:38.638 INFO  [main][ModuleFrameworkImpl:1654] Starting web bundles
2022-12-29 06:09:41.510 INFO  [main][ModuleFrameworkImpl:1708] Started web bundles
2022-12-29 06:09:41.511 INFO  [main][ModuleFrameworkImpl:278] Navigate to Control Panel > System > Gogo Shell and enter "lb" to see all bundles
2022-12-29 06:09:41.527 INFO  [main][LoggingTimer:83] Starting com.liferay.portal.verify.VerifyProperties#verifySystemProperties
2022-12-29 06:09:41.528 INFO  [main][LoggingTimer:44] Completed com.liferay.portal.verify.VerifyProperties#verifySystemProperties in 1 ms
2022-12-29 06:09:41.528 INFO  [main][LoggingTimer:83] Starting com.liferay.portal.verify.VerifyProperties#verifyPortalProperties
2022-12-29 06:09:41.545 ERROR [main][VerifyProperties:182] Portal property "journal.article.form.add" is obsolete
2022-12-29 06:09:41.546 ERROR [main][VerifyProperties:182] Portal property "journal.article.form.update" is obsolete
2022-12-29 06:09:41.547 ERROR [main][VerifyProperties:182] Portal property "journal.article.form.translate" is obsolete
2022-12-29 06:09:41.548 INFO  [main][LoggingTimer:44] Completed com.liferay.portal.verify.VerifyProperties#verifyPortalProperties in 20 ms
2022-12-29 06:09:41.548 INFO  [main][LoggingTimer:83] Starting com.liferay.portal.verify.VerifyProperties#verifyDocumentLibrary
2022-12-29 06:09:41.548 INFO  [main][LoggingTimer:44] Completed com.liferay.portal.verify.VerifyProperties#verifyDocumentLibrary in 0 ms
2022-12-29 06:09:42.028 INFO  [main][LoggingTimer:83] Starting com.liferay.portal.events.StartupHelperUtil#initResourceActions
2022-12-29 06:09:42.078 INFO  [main][LoggingTimer:44] Completed com.liferay.portal.events.StartupHelperUtil#initResourceActions in 50 ms
2022-12-29 06:09:45.677 WARN  [main][SidecarManager:103] Liferay automatically starts a child process of Elasticsearch named sidecar for convenient development and demonstration purposes. Do NOT use sidecar in production. Refer to the documentation for details on the limitations of sidecar and instructions on configuring a remote Elasticsearch connection in the Control Panel.
2022-12-29 06:09:59.279 INFO  [main][Sidecar:119] Sidecar Elasticsearch liferay started at 127.0.0.1:9501
2022-12-29 06:10:05.287 INFO  [main][StartupHelperUtil:86] There are no patches installed
2022-12-29 06:10:05.307 INFO  [main][LoggingTimer:83] Starting com.liferay.portal.events.StartupHelperUtil#initResourceActions
2022-12-29 06:10:05.383 INFO  [main][LoggingTimer:44] Completed com.liferay.portal.events.StartupHelperUtil#initResourceActions in 76 ms
2022-12-29 06:10:05.414 INFO  [main][LicenseManager:-1] Digital Enterprise Development license validation passed
2022-12-29 06:10:05.879 INFO  [main][AutoDeployDir:176] Auto deploy scanner started for /media/root322/Data/Documents/LiferayWorkspace/bundles/deploy
2022-12-29 06:10:31.370 INFO  [com.liferay.portal.osgi.web.wab.extender.internal.WabFactory-BundleTrackerOpener][ThemeHotDeployListener:108] 1 theme for classic-theme is available for use
2022-12-29 06:10:31.514 INFO  [com.liferay.portal.osgi.web.wab.extender.internal.WabFactory-BundleTrackerOpener][ThemeHotDeployListener:108] 1 theme for dialect-theme is available for use
2022-12-29 06:10:31.666 INFO  [com.liferay.portal.osgi.web.wab.extender.internal.WabFactory-BundleTrackerOpener][ThemeHotDeployListener:108] 1 theme for speedwell-theme is available for use
2022-12-29 06:10:31.787 INFO  [com.liferay.portal.osgi.web.wab.extender.internal.WabFactory-BundleTrackerOpener][ThemeHotDeployListener:108] 1 theme for minium-theme is available for use
2022-12-29 06:10:31.901 INFO  [com.liferay.portal.osgi.web.wab.extender.internal.WabFactory-BundleTrackerOpener][ThemeHotDeployListener:108] 1 theme for admin-theme is available for use
2022-12-29 06:10:32.046 INFO  [com.liferay.portal.osgi.web.wab.extender.internal.WabFactory-BundleTrackerOpener][HookHotDeployListener:496] Hook for LangHook is available for use
2022-12-29 06:10:32.153 INFO  [com.liferay.portal.osgi.web.wab.extender.internal.WabFactory-BundleTrackerOpener][LayoutTemplateHotDeployListener:107] 1 layout template for LayoutTemplateDemo is available for use
2022-12-29 06:10:32.282 INFO  [com.liferay.portal.osgi.web.wab.extender.internal.WabFactory-BundleTrackerOpener][ThemeHotDeployListener:108] 1 theme for democlassictheme-theme is available for use
2022-12-29 06:10:32.367 INFO  [com.liferay.portal.osgi.web.wab.extender.internal.WabFactory-BundleTrackerOpener][ThemeHotDeployListener:108] 1 theme for demotheme-theme is available for use
2022-12-29 06:10:32.439 INFO  [com.liferay.portal.osgi.web.wab.extender.internal.WabFactory-BundleTrackerOpener][ThemeHotDeployListener:108] 1 theme for my-liferay-theme is available for use
2022-12-29 06:10:32.675 INFO  [com.liferay.portal.osgi.web.wab.extender.internal.WabFactory-BundleTrackerOpener][ThemeHotDeployListener:108] 1 theme for cstheme2-theme is available for use
2022-12-29 09:14:57.210 WARN  [http-nio-8000-exec-9][code_jsp:159] {code="404", msg="ProxyServlet: /o/site-initializer/thumbnail.png", uri=/o/site-initializer/thumbnail.png}
2022-12-29 09:14:57.213 WARN  [http-nio-8000-exec-1][code_jsp:159] {code="404", msg="ProxyServlet: /o/site-initializer-brijesh/thumbnail.png", uri=/o/site-initializer-brijesh/thumbnail.png}
2022-12-29 09:14:57.240 WARN  [http-nio-8000-exec-7][code_jsp:159] {code="404", msg="ProxyServlet: /o/site-initializer-demo/thumbnail.png", uri=/o/site-initializer-demo/thumbnail.png}
2022-12-29 09:14:57.430 WARN  [http-nio-8000-exec-3][code_jsp:159] {code="404", msg="ProxyServlet: /o/site-initializer-brijesh/thumbnail.png", uri=/o/site-initializer-brijesh/thumbnail.png}
2022-12-29 09:14:57.430 WARN  [http-nio-8000-exec-6][code_jsp:159] {code="404", msg="ProxyServlet: /o/site-initializer/thumbnail.png", uri=/o/site-initializer/thumbnail.png}
2022-12-29 09:14:57.430 WARN  [http-nio-8000-exec-4][code_jsp:159] {code="404", msg="ProxyServlet: /o/site-initializer-demo/thumbnail.png", uri=/o/site-initializer-demo/thumbnail.png}
2022-12-29 13:37:18.519 INFO  [Thread-7][ThemeHotDeployListener:171] 1 theme for cstheme2-theme was unregistered
2022-12-29 13:37:18.542 INFO  [Thread-7][ThemeHotDeployListener:171] 1 theme for my-liferay-theme was unregistered
2022-12-29 13:37:18.556 INFO  [Thread-7][ThemeHotDeployListener:171] 1 theme for demotheme-theme was unregistered
2022-12-29 13:37:18.569 INFO  [Thread-7][ThemeHotDeployListener:171] 1 theme for democlassictheme-theme was unregistered
2022-12-29 13:37:18.583 INFO  [Thread-7][LayoutTemplateHotDeployListener:156] 1 layout template for LayoutTemplateDemo was unregistered
2022-12-29 13:37:18.603 INFO  [Thread-7][HookHotDeployListener:544] Hook for LangHook was unregistered
2022-12-29 13:37:18.614 INFO  [Thread-7][ThemeHotDeployListener:171] 1 theme for admin-theme was unregistered
2022-12-29 13:37:18.638 INFO  [Thread-7][ThemeHotDeployListener:171] 1 theme for minium-theme was unregistered
2022-12-29 13:37:18.655 INFO  [Thread-7][ThemeHotDeployListener:171] 1 theme for speedwell-theme was unregistered
2022-12-29 13:37:18.668 INFO  [Thread-7][ThemeHotDeployListener:171] 1 theme for dialect-theme was unregistered
2022-12-29 13:37:18.683 INFO  [Thread-7][ThemeHotDeployListener:171] 1 theme for classic-theme was unregistered
