2023-05-31 05:07:16.677 INFO  [main][PortalContextLoaderListener:123] JVM arguments: -agentlib:jdwp=transport=dt_socket,address=127.0.0.1:60287,suspend=y,server=n -Dcatalina.base=/media/root322/Data/Documents/LiferayWorkspace/bundles/tomcat-9.0.56 -Dcatalina.home=/media/root322/Data/Documents/LiferayWorkspace/bundles/tomcat-9.0.56 -Dfile.encoding=UTF8 -Djava.io.tmpdir=/media/root322/Data/Documents/LiferayWorkspace/bundles/tomcat-9.0.56/temp -Djava.net.preferIPv4Stack=true -Djava.util.logging.config.file=/media/root322/Data/Documents/LiferayWorkspace/bundles/tomcat-9.0.56/conf/logging.properties -Djava.util.logging.manager=org.apache.juli.ClassLoaderLogManager -Dorg.apache.catalina.loader.WebappClassLoader.ENABLE_CLEAR_REFERENCES=false -Duser.timezone=GMT -Xmx2560m -XX:MaxMetaspaceSize=768m -XX:MetaspaceSize=768m
2023-05-31 05:07:19.134 INFO  [main][DialectDetector:153] Using dialect org.hibernate.dialect.MySQL8Dialect for MySQL 8.0
2023-05-31 05:07:22.297 INFO  [main][ModuleFrameworkImpl:1279] Starting initial bundles
2023-05-31 05:07:22.625 INFO  [ModuleFramework-Static-Bundles-3][InterpolationConfigurationPlugin:109] Configured directory for secrets: /media/root322/Data/Documents/LiferayWorkspace/bundles/osgi/configs
2023-05-31 05:07:24.403 INFO  [ModuleFramework-Static-Bundles-2][DefaultLPKGDeployer:456] Using overriding JAR bundle LPKG-Override::/media/root322/Data/Documents/LiferayWorkspace/bundles/osgi/marketplace/override/com.liferay.document.library.web.jar
2023-05-31 05:07:24.403 INFO  [ModuleFramework-Static-Bundles-2][DefaultLPKGDeployer:456] Using overriding JAR bundle LPKG-Override::/media/root322/Data/Documents/LiferayWorkspace/bundles/osgi/marketplace/override/com.liferay.portal.language.lang.jar
2023-05-31 05:07:24.526 INFO  [main][ModuleFrameworkImpl:1576] Started initial bundles
2023-05-31 05:07:24.526 INFO  [main][ModuleFrameworkImpl:1625] Starting dynamic bundles
2023-05-31 05:07:39.358 INFO  [Start Level: Equinox Container: 6c392310-b966-4667-ba97-8f65ab78c4e9][MessageBusRegistrator:41] Message Listener Registered..com.liferaysavvy.messagebus.event.listener.MessageBusRegisteredParallelMessageListener@6c556029
2023-05-31 05:07:39.360 INFO  [Start Level: Equinox Container: 6c392310-b966-4667-ba97-8f65ab78c4e9][MessageBusRegistrator:45] Message Listener Registered..com.liferaysavvy.messagebus.event.listener.MessageBusRegisteredSerialMessageListener@44e0a32f
2023-05-31 05:07:39.361 INFO  [Start Level: Equinox Container: 6c392310-b966-4667-ba97-8f65ab78c4e9][MessageBusRegistrator:49] Message Listener Registered..com.liferaysavvy.messagebus.event.listener.MessageBusRegisteredSynchronousMessageListener@20986cf3
2023-05-31 05:07:39.545 INFO  [main][ModuleFrameworkImpl:1647] Started dynamic bundles
2023-05-31 05:07:39.545 INFO  [main][ModuleFrameworkImpl:1654] Starting web bundles
2023-05-31 05:07:42.298 INFO  [main][ModuleFrameworkImpl:1708] Started web bundles
2023-05-31 05:07:42.299 INFO  [main][ModuleFrameworkImpl:278] Navigate to Control Panel > System > Gogo Shell and enter "lb" to see all bundles
2023-05-31 05:07:42.310 INFO  [main][LoggingTimer:83] Starting com.liferay.portal.verify.VerifyProperties#verifySystemProperties
2023-05-31 05:07:42.310 INFO  [main][LoggingTimer:44] Completed com.liferay.portal.verify.VerifyProperties#verifySystemProperties in 0 ms
2023-05-31 05:07:42.310 INFO  [main][LoggingTimer:83] Starting com.liferay.portal.verify.VerifyProperties#verifyPortalProperties
2023-05-31 05:07:42.327 ERROR [main][VerifyProperties:182] Portal property "journal.article.form.add" is obsolete
2023-05-31 05:07:42.328 ERROR [main][VerifyProperties:182] Portal property "journal.article.form.update" is obsolete
2023-05-31 05:07:42.328 ERROR [main][VerifyProperties:182] Portal property "journal.article.form.translate" is obsolete
2023-05-31 05:07:42.328 INFO  [main][LoggingTimer:44] Completed com.liferay.portal.verify.VerifyProperties#verifyPortalProperties in 18 ms
2023-05-31 05:07:42.329 INFO  [main][LoggingTimer:83] Starting com.liferay.portal.verify.VerifyProperties#verifyDocumentLibrary
2023-05-31 05:07:42.329 INFO  [main][LoggingTimer:44] Completed com.liferay.portal.verify.VerifyProperties#verifyDocumentLibrary in 0 ms
2023-05-31 05:07:42.739 INFO  [main][LoggingTimer:83] Starting com.liferay.portal.events.StartupHelperUtil#initResourceActions
2023-05-31 05:07:42.781 INFO  [main][LoggingTimer:44] Completed com.liferay.portal.events.StartupHelperUtil#initResourceActions in 42 ms
2023-05-31 05:07:45.185 WARN  [main][SidecarManager:103] Liferay automatically starts a child process of Elasticsearch named sidecar for convenient development and demonstration purposes. Do NOT use sidecar in production. Refer to the documentation for details on the limitations of sidecar and instructions on configuring a remote Elasticsearch connection in the Control Panel.
2023-05-31 05:07:55.016 INFO  [main][Sidecar:119] Sidecar Elasticsearch liferay started at 127.0.0.1:9501
2023-05-31 05:07:59.439 INFO  [main][MessageBusEventListenerNotification:33] **********Destination Added***********liferay/monitoring
2023-05-31 05:07:59.447 INFO  [main][MessageBusEventListenerNotification:33] **********Destination Added***********liferay/export_import_lifecycle_event_async
2023-05-31 05:07:59.451 INFO  [main][MessageBusEventListenerNotification:33] **********Destination Added***********liferay/export_import_lifecycle_event_sync
2023-05-31 05:07:59.455 INFO  [main][MessageBusEventListenerNotification:33] **********Destination Added***********liferay/scripting_executor
2023-05-31 05:07:59.458 INFO  [main][MessageBusEventListenerNotification:33] **********Destination Added***********liferay/segments_entry_reindex
2023-05-31 05:07:59.462 INFO  [main][MessageBusEventListenerNotification:33] **********Destination Added***********liferay/interest_terms
2023-05-31 05:07:59.465 INFO  [main][MessageBusEventListenerNotification:33] **********Destination Added***********liferay/ddm_structure_reindex
2023-05-31 05:07:59.468 INFO  [main][MessageBusEventListenerNotification:33] **********Destination Added***********liferay/commerce_base_price_list
2023-05-31 05:07:59.469 INFO  [main][MessageBusEventListenerNotification:33] **********Destination Added***********liferay/commerce_order_status
2023-05-31 05:07:59.471 INFO  [main][MessageBusEventListenerNotification:33] **********Destination Added***********liferay/commerce_payment_status
2023-05-31 05:07:59.473 INFO  [main][MessageBusEventListenerNotification:33] **********Destination Added***********liferay/commerce_shipment_status
2023-05-31 05:07:59.474 INFO  [main][MessageBusEventListenerNotification:33] **********Destination Added***********liferay/commerce_subscription_status
2023-05-31 05:07:59.478 INFO  [main][MessageBusEventListenerNotification:33] **********Destination Added***********liferay/message_bus/default_response
2023-05-31 05:07:59.480 INFO  [main][MessageBusEventListenerNotification:33] **********Destination Added***********liferay/message_bus/message_status
2023-05-31 05:07:59.483 INFO  [main][MessageBusEventListenerNotification:33] **********Destination Added***********liferay/live_users
2023-05-31 05:07:59.486 INFO  [main][MessageBusEventListenerNotification:33] **********Destination Added***********liferay/document_library_audio_processor
2023-05-31 05:07:59.489 INFO  [main][MessageBusEventListenerNotification:33] **********Destination Added***********liferay/async_service
2023-05-31 05:07:59.491 INFO  [main][MessageBusEventListenerNotification:33] **********Destination Added***********liferay/layouts_local_publisher
2023-05-31 05:07:59.493 INFO  [main][MessageBusEventListenerNotification:33] **********Destination Added***********liferay/convert_process
2023-05-31 05:07:59.495 INFO  [main][MessageBusEventListenerNotification:33] **********Destination Added***********liferay/document_library_pdf_processor
2023-05-31 05:07:59.497 INFO  [main][MessageBusEventListenerNotification:33] **********Destination Added***********liferay/subscription_clean_up
2023-05-31 05:07:59.499 INFO  [main][MessageBusEventListenerNotification:33] **********Destination Added***********liferay/document_library_video_processor
2023-05-31 05:07:59.501 INFO  [main][MessageBusEventListenerNotification:33] **********Destination Added***********liferay/document_library_raw_metadata_processor
2023-05-31 05:07:59.503 INFO  [main][MessageBusEventListenerNotification:33] **********Destination Added***********liferay/document_library_image_processor
2023-05-31 05:07:59.508 INFO  [main][MessageBusEventListenerNotification:33] **********Destination Added***********liferay/message_boards_mailing_list
2023-05-31 05:07:59.511 INFO  [main][MessageBusEventListenerNotification:33] **********Destination Added***********liferay/subscription_sender
2023-05-31 05:07:59.514 INFO  [main][MessageBusEventListenerNotification:33] **********Destination Added***********liferay/hot_deploy
2023-05-31 05:07:59.517 INFO  [main][MessageBusEventListenerNotification:33] **********Destination Added***********liferay/layouts_remote_publisher
2023-05-31 05:07:59.531 INFO  [main][MessageBusEventListenerNotification:33] **********Destination Added***********liferay/poller_comet_response
2023-05-31 05:07:59.534 INFO  [main][MessageBusEventListenerNotification:33] **********Destination Added***********liferay/poller_response
2023-05-31 05:07:59.536 INFO  [main][MessageBusEventListenerNotification:33] **********Destination Added***********liferay/poller
2023-05-31 05:07:59.545 INFO  [main][MessageBusEventListenerNotification:33] **********Destination Added***********liferay/workflow_definition
2023-05-31 05:07:59.547 INFO  [main][MessageBusEventListenerNotification:33] **********Destination Added***********liferay/workflow_instance
2023-05-31 05:07:59.550 INFO  [main][MessageBusEventListenerNotification:33] **********Destination Added***********liferay/workflow_log
2023-05-31 05:07:59.552 INFO  [main][MessageBusEventListenerNotification:33] **********Destination Added***********liferay/workflow_task
2023-05-31 05:07:59.555 INFO  [main][MessageBusEventListenerNotification:33] **********Destination Added***********liferay/workflow_engine
2023-05-31 05:07:59.558 INFO  [main][MessageBusEventListenerNotification:33] **********Destination Added***********liferay/workflow_comparator
2023-05-31 05:07:59.561 INFO  [main][MessageBusEventListenerNotification:33] **********Destination Added***********liferay/workflow_status
2023-05-31 05:07:59.564 INFO  [main][MessageBusEventListenerNotification:33] **********Destination Added***********liferay/mail
2023-05-31 05:07:59.569 INFO  [main][MessageBusEventListenerNotification:33] **********Destination Added***********liferay/tensorflow_model_download
2023-05-31 05:07:59.581 INFO  [main][MessageBusEventListenerNotification:33] **********Destination Added***********liferay/search_reader/SYSTEM_ENGINE
2023-05-31 05:07:59.585 INFO  [main][MessageBusEventListenerNotification:33] **********Destination Added***********liferay/search_writer/SYSTEM_ENGINE
2023-05-31 05:08:00.910 INFO  [main][MessageBusEventListenerNotification:33] **********Destination Added***********liferay/audit
2023-05-31 05:08:00.913 INFO  [main][MessageBusEventListenerNotification:33] **********Destination Added***********liferay/analytics_messages_processor
2023-05-31 05:08:00.915 INFO  [main][MessageBusEventListenerNotification:33] **********Destination Added***********liferay/scheduled_user_ldap_import
2023-05-31 05:08:00.919 INFO  [main][MessageBusEventListenerNotification:33] **********Destination Added***********liferay/search_reader/GENERIC_ENGINE
2023-05-31 05:08:00.922 INFO  [main][MessageBusEventListenerNotification:33] **********Destination Added***********liferay/search_writer/GENERIC_ENGINE
2023-05-31 05:08:00.925 INFO  [main][MessageBusEventListenerNotification:33] **********Destination Added***********liferay/adaptive_media_processor
2023-05-31 05:08:00.928 INFO  [main][ParellelDestinationConfig:83] Destination is creared ..liferaysavvy/parallel-destination
2023-05-31 05:08:00.929 INFO  [main][MessageBusEventListenerNotification:33] **********Destination Added***********liferaysavvy/parallel-destination
2023-05-31 05:08:00.930 INFO  [main][ParellelDestinationConfig:90] Destination is registred with Service Regisration ..
2023-05-31 05:08:00.932 INFO  [main][SerialDestinationConfig:83] Destination is creared ..liferaysavvy/serial-destination
2023-05-31 05:08:00.933 INFO  [main][MessageBusEventListenerNotification:33] **********Destination Added***********liferaysavvy/serial-destination
2023-05-31 05:08:00.934 INFO  [main][SerialDestinationConfig:90] Destination is registred with Service Regisration ..
2023-05-31 05:08:00.936 INFO  [main][SynchronousDestinationConfig:83] Destination is creared ..liferaysavvy/synchronous-destination
2023-05-31 05:08:00.937 INFO  [main][MessageBusEventListenerNotification:33] **********Destination Added***********liferaysavvy/synchronous-destination
2023-05-31 05:08:00.940 INFO  [main][DestinationListenerRegistrator:41] Message Listener Registered..com.liferaysavvy.messagebus.event.listener.DestinationRegisteredParallelMessageListener@19a9062e
2023-05-31 05:08:00.941 INFO  [main][DestinationListenerRegistrator:45] Message Listener Registered..com.liferaysavvy.messagebus.event.listener.DestinationRegisteredSerialMessageListener@6cca8d49
2023-05-31 05:08:00.943 INFO  [main][DestinationListenerRegistrator:49] Message Listener Registered..com.liferaysavvy.messagebus.event.listener.DestinationRegisteredSynchronousMessageListener@2d37dc78
2023-05-31 05:08:00.943 INFO  [main][SynchronousDestinationConfig:90] Destination is registred with Service Regisration ..
2023-05-31 05:08:01.418 INFO  [main][MessageBusEventListenerNotification:33] **********Destination Added***********liferay/flags
2023-05-31 05:08:02.729 INFO  [main][StartupHelperUtil:86] There are no patches installed
2023-05-31 05:08:02.748 INFO  [main][LoggingTimer:83] Starting com.liferay.portal.events.StartupHelperUtil#initResourceActions
2023-05-31 05:08:02.776 INFO  [main][LoggingTimer:44] Completed com.liferay.portal.events.StartupHelperUtil#initResourceActions in 27 ms
2023-05-31 05:08:02.782 INFO  [main][MessageBusEventListenerNotification:33] **********Destination Added***********liferay/lcs_status
2023-05-31 05:08:02.817 INFO  [main][LicenseManager:-1] Digital Enterprise Development license validation passed
2023-05-31 05:08:03.320 INFO  [main][AutoDeployDir:176] Auto deploy scanner started for /media/root322/Data/Documents/LiferayWorkspace/bundles/deploy
2023-05-31 05:08:04.069 ERROR [Refresh Thread: Equinox Container: 6c392310-b966-4667-ba97-8f65ab78c4e9][AppResolverHook:112] Unable to resolve application 8fef06ec-9aba-432f-8f51-6d689c374bd6
java.lang.Exception: This application does not have a valid license
	at com.liferay.portal.app.license.impl.MarketplaceAppLicenseVerifier._verify(MarketplaceAppLicenseVerifier.java:228) ~[com.liferay.portal.app.license.impl.jar:?]
	at com.liferay.portal.app.license.impl.MarketplaceAppLicenseVerifier.verify(MarketplaceAppLicenseVerifier.java:92) ~[com.liferay.portal.app.license.impl.jar:?]
	at com.liferay.portal.app.license.resolver.hook.AppResolverHook._filterResolvable(AppResolverHook.java:172) ~[com.liferay.portal.app.license.resolver.hook.jar:?]
	at com.liferay.portal.app.license.resolver.hook.AppResolverHook.filterResolvable(AppResolverHook.java:104) [com.liferay.portal.app.license.resolver.hook.jar:?]
	at org.eclipse.osgi.internal.framework.OSGiFrameworkHooks$CoreResolverHookFactory$CoreResolverHook.filterResolvable(OSGiFrameworkHooks.java:279) [org.eclipse.osgi.jar:?]
	at org.eclipse.osgi.container.ModuleResolver$ResolveProcess.filterResolvable(ModuleResolver.java:1404) [org.eclipse.osgi.jar:?]
	at org.eclipse.osgi.container.ModuleResolver$ResolveProcess.resolve(ModuleResolver.java:960) [org.eclipse.osgi.jar:?]
	at org.eclipse.osgi.container.ModuleResolver.resolveDelta(ModuleResolver.java:167) [org.eclipse.osgi.jar:?]
	at org.eclipse.osgi.container.ModuleContainer.resolveAndApply(ModuleContainer.java:526) [org.eclipse.osgi.jar:?]
	at org.eclipse.osgi.container.ModuleContainer.resolve(ModuleContainer.java:484) [org.eclipse.osgi.jar:?]
	at org.eclipse.osgi.container.ModuleContainer.refresh(ModuleContainer.java:1028) [org.eclipse.osgi.jar:?]
	at org.eclipse.osgi.container.ModuleContainer$ContainerWiring.dispatchEvent(ModuleContainer.java:1409) [org.eclipse.osgi.jar:?]
	at org.eclipse.osgi.container.ModuleContainer$ContainerWiring.dispatchEvent(ModuleContainer.java:1) [org.eclipse.osgi.jar:?]
	at org.eclipse.osgi.framework.eventmgr.EventManager.dispatchEvent(EventManager.java:230) [org.eclipse.osgi.jar:?]
	at org.eclipse.osgi.framework.eventmgr.EventManager$EventThread.run(EventManager.java:340) [org.eclipse.osgi.jar:?]
2023-05-31 05:08:04.075 ERROR [Refresh Thread: Equinox Container: 6c392310-b966-4667-ba97-8f65ab78c4e9][AppResolverHook:120] Unable to resolve de.rtg.portlet.survey.api: This application does not have a valid license
2023-05-31 05:08:04.079 ERROR [Refresh Thread: Equinox Container: 6c392310-b966-4667-ba97-8f65ab78c4e9][AppResolverHook:120] Unable to resolve de.rtg.portlet.survey.service: This application does not have a valid license
2023-05-31 05:08:04.082 ERROR [Refresh Thread: Equinox Container: 6c392310-b966-4667-ba97-8f65ab78c4e9][AppResolverHook:120] Unable to resolve rtg-survey-portlet: This application does not have a valid license
2023-05-31 05:08:14.282 INFO  [com.liferay.portal.osgi.web.wab.extender.internal.WabFactory-BundleTrackerOpener][ThemeHotDeployListener:108] 1 theme for classic-theme is available for use
2023-05-31 05:08:14.434 INFO  [com.liferay.portal.osgi.web.wab.extender.internal.WabFactory-BundleTrackerOpener][ThemeHotDeployListener:108] 1 theme for dialect-theme is available for use
2023-05-31 05:08:14.607 INFO  [com.liferay.portal.osgi.web.wab.extender.internal.WabFactory-BundleTrackerOpener][ThemeHotDeployListener:108] 1 theme for speedwell-theme is available for use
2023-05-31 05:08:14.737 INFO  [com.liferay.portal.osgi.web.wab.extender.internal.WabFactory-BundleTrackerOpener][ThemeHotDeployListener:108] 1 theme for minium-theme is available for use
2023-05-31 05:08:14.903 INFO  [com.liferay.portal.osgi.web.wab.extender.internal.WabFactory-BundleTrackerOpener][ThemeHotDeployListener:108] 1 theme for admin-theme is available for use
2023-05-31 05:08:15.033 INFO  [com.liferay.portal.osgi.web.wab.extender.internal.WabFactory-BundleTrackerOpener][HookHotDeployListener:496] Hook for LangHook is available for use
2023-05-31 05:08:15.206 INFO  [com.liferay.portal.osgi.web.wab.extender.internal.WabFactory-BundleTrackerOpener][LayoutTemplateHotDeployListener:107] 1 layout template for LayoutTemplateDemo is available for use
2023-05-31 05:08:15.348 INFO  [com.liferay.portal.osgi.web.wab.extender.internal.WabFactory-BundleTrackerOpener][ThemeHotDeployListener:108] 1 theme for democlassictheme-theme is available for use
2023-05-31 05:08:15.492 INFO  [com.liferay.portal.osgi.web.wab.extender.internal.WabFactory-BundleTrackerOpener][ThemeHotDeployListener:108] 1 theme for demotheme-theme is available for use
2023-05-31 05:08:15.587 INFO  [com.liferay.portal.osgi.web.wab.extender.internal.WabFactory-BundleTrackerOpener][ThemeHotDeployListener:108] 1 theme for my-liferay-theme is available for use
2023-05-31 05:08:15.845 INFO  [com.liferay.portal.osgi.web.wab.extender.internal.WabFactory-BundleTrackerOpener][ThemeHotDeployListener:108] 1 theme for cstheme2-theme is available for use
2023-05-31 05:08:16.015 INFO  [com.liferay.portal.osgi.web.wab.extender.internal.WabFactory-BundleTrackerOpener][ThemeHotDeployListener:108] 1 theme for module-based-theme is available for use
2023-05-31 05:37:49.169 INFO  [fileinstall-directory-watcher][BundleStartStopLogger:80] STOPPED calendarserviceoverride_1.0.0 [1866]
2023-05-31 05:38:04.917 INFO  [fileinstall-directory-watcher][BundleStartStopLogger:77] STARTED calendarserviceoverride_1.0.0 [1873]
2023-05-31 05:41:26.942 WARN  [HikariPool-2 housekeeper][HikariPool:788] HikariPool-2 - Thread starvation or clock leap detected (housekeeper delta=1m57s458ms988µs454ns).
2023-05-31 05:41:26.942 WARN  [HikariPool-1 housekeeper][HikariPool:788] HikariPool-1 - Thread starvation or clock leap detected (housekeeper delta=1m57s458ms471µs448ns).
2023-05-31 05:48:04.456 WARN  [HikariPool-2 housekeeper][HikariPool:788] HikariPool-2 - Thread starvation or clock leap detected (housekeeper delta=1m5s552ms219µs149ns).
2023-05-31 05:48:04.456 WARN  [HikariPool-1 housekeeper][HikariPool:788] HikariPool-1 - Thread starvation or clock leap detected (housekeeper delta=1m5s548ms718µs612ns).
2023-05-31 06:00:22.099 INFO  [fileinstall-directory-watcher][BundleStartStopLogger:80] STOPPED calendarserviceoverride_1.0.0 [1873]
2023-05-31 06:00:22.901 INFO  [Refresh Thread: Equinox Container: 6c392310-b966-4667-ba97-8f65ab78c4e9][BundleStartStopLogger:77] STARTED calendarserviceoverride_1.0.0 [1873]
2023-05-31 07:50:07.662 WARN  [HikariPool-1 housekeeper][HikariPool:788] HikariPool-1 - Thread starvation or clock leap detected (housekeeper delta=10m33s134ms428µs526ns).
2023-05-31 07:50:07.662 WARN  [HikariPool-2 housekeeper][HikariPool:788] HikariPool-2 - Thread starvation or clock leap detected (housekeeper delta=10m33s137ms22µs227ns).
2023-05-31 07:50:12.699 INFO  [fileinstall-directory-watcher][BundleStartStopLogger:80] STOPPED calendarserviceoverride_1.0.0 [1873]
2023-05-31 07:50:13.354 INFO  [Refresh Thread: Equinox Container: 6c392310-b966-4667-ba97-8f65ab78c4e9][BundleStartStopLogger:77] STARTED calendarserviceoverride_1.0.0 [1873]
2023-05-31 07:57:25.699 WARN  [HikariPool-2 housekeeper][HikariPool:788] HikariPool-2 - Thread starvation or clock leap detected (housekeeper delta=6m48s35ms155µs424ns).
2023-05-31 07:57:25.702 WARN  [HikariPool-1 housekeeper][HikariPool:788] HikariPool-1 - Thread starvation or clock leap detected (housekeeper delta=6m48s38ms818µs707ns).
2023-05-31 07:57:30.725 INFO  [fileinstall-directory-watcher][BundleStartStopLogger:80] STOPPED calendarserviceoverride_1.0.0 [1873]
2023-05-31 07:57:31.452 INFO  [Refresh Thread: Equinox Container: 6c392310-b966-4667-ba97-8f65ab78c4e9][BundleStartStopLogger:77] STARTED calendarserviceoverride_1.0.0 [1873]
2023-05-31 07:59:20.191 WARN  [HikariPool-2 housekeeper][HikariPool:788] HikariPool-2 - Thread starvation or clock leap detected (housekeeper delta=1m54s492ms40µs738ns).
2023-05-31 07:59:20.191 WARN  [HikariPool-1 housekeeper][HikariPool:788] HikariPool-1 - Thread starvation or clock leap detected (housekeeper delta=1m54s488ms900µs438ns).
2023-05-31 07:59:25.205 INFO  [fileinstall-directory-watcher][BundleStartStopLogger:80] STOPPED calendarserviceoverride_1.0.0 [1873]
2023-05-31 07:59:25.857 INFO  [Refresh Thread: Equinox Container: 6c392310-b966-4667-ba97-8f65ab78c4e9][BundleStartStopLogger:77] STARTED calendarserviceoverride_1.0.0 [1873]
2023-05-31 08:00:35.410 WARN  [HikariPool-2 housekeeper][HikariPool:788] HikariPool-2 - Thread starvation or clock leap detected (housekeeper delta=1m15s219ms129µs803ns).
2023-05-31 08:00:35.412 WARN  [HikariPool-1 housekeeper][HikariPool:788] HikariPool-1 - Thread starvation or clock leap detected (housekeeper delta=1m15s220ms214µs765ns).
2023-05-31 08:02:50.079 INFO  [fileinstall-directory-watcher][BundleStartStopLogger:80] STOPPED calendarserviceoverride_1.0.0 [1873]
2023-05-31 08:02:50.727 INFO  [Refresh Thread: Equinox Container: 6c392310-b966-4667-ba97-8f65ab78c4e9][BundleStartStopLogger:77] STARTED calendarserviceoverride_1.0.0 [1873]
2023-05-31 09:03:45.596 WARN  [HikariPool-2 housekeeper][HikariPool:788] HikariPool-2 - Thread starvation or clock leap detected (housekeeper delta=1h35s673ms769µs992ns).
2023-05-31 09:03:45.596 WARN  [HikariPool-1 housekeeper][HikariPool:788] HikariPool-1 - Thread starvation or clock leap detected (housekeeper delta=1h35s673ms924µs193ns).
2023-05-31 13:40:20.221 INFO  [Thread-7][ThemeHotDeployListener:171] 1 theme for module-based-theme was unregistered
2023-05-31 13:40:20.249 INFO  [Thread-7][ThemeHotDeployListener:171] 1 theme for cstheme2-theme was unregistered
2023-05-31 13:40:20.263 INFO  [Thread-7][ThemeHotDeployListener:171] 1 theme for my-liferay-theme was unregistered
2023-05-31 13:40:20.275 INFO  [Thread-7][ThemeHotDeployListener:171] 1 theme for demotheme-theme was unregistered
2023-05-31 13:40:20.291 INFO  [Thread-7][ThemeHotDeployListener:171] 1 theme for democlassictheme-theme was unregistered
2023-05-31 13:40:20.303 INFO  [Thread-7][LayoutTemplateHotDeployListener:156] 1 layout template for LayoutTemplateDemo was unregistered
2023-05-31 13:40:20.338 INFO  [Thread-7][HookHotDeployListener:544] Hook for LangHook was unregistered
2023-05-31 13:40:20.348 INFO  [Thread-7][ThemeHotDeployListener:171] 1 theme for admin-theme was unregistered
2023-05-31 13:40:20.359 INFO  [Thread-7][ThemeHotDeployListener:171] 1 theme for minium-theme was unregistered
2023-05-31 13:40:20.372 INFO  [Thread-7][ThemeHotDeployListener:171] 1 theme for speedwell-theme was unregistered
2023-05-31 13:40:20.384 INFO  [Thread-7][ThemeHotDeployListener:171] 1 theme for dialect-theme was unregistered
2023-05-31 13:40:20.394 INFO  [Thread-7][ThemeHotDeployListener:171] 1 theme for classic-theme was unregistered
