2022-12-14 05:49:45.115 INFO  [main][PortalContextLoaderListener:123] JVM arguments: -Dcatalina.base=/media/root322/Data/Documents/LiferayWorkspace/bundles/tomcat-9.0.56 -Dcatalina.home=/media/root322/Data/Documents/LiferayWorkspace/bundles/tomcat-9.0.56 -Dfile.encoding=UTF8 -Djava.io.tmpdir=/media/root322/Data/Documents/LiferayWorkspace/bundles/tomcat-9.0.56/temp -Djava.net.preferIPv4Stack=true -Djava.util.logging.config.file=/media/root322/Data/Documents/LiferayWorkspace/bundles/tomcat-9.0.56/conf/logging.properties -Djava.util.logging.manager=org.apache.juli.ClassLoaderLogManager -Dorg.apache.catalina.loader.WebappClassLoader.ENABLE_CLEAR_REFERENCES=false -Duser.timezone=GMT -Xmx2560m -XX:MaxMetaspaceSize=768m -XX:MetaspaceSize=768m -javaagent:/snap/intellij-idea-ultimate/398/lib/idea_rt.jar=34333:/snap/intellij-idea-ultimate/398/bin
2022-12-14 05:49:47.505 INFO  [main][DialectDetector:153] Using dialect org.hibernate.dialect.MySQL8Dialect for MySQL 8.0
2022-12-14 05:49:50.393 INFO  [main][ModuleFrameworkImpl:1279] Starting initial bundles
2022-12-14 05:49:50.839 INFO  [ModuleFramework-Static-Bundles-5][InterpolationConfigurationPlugin:109] Configured directory for secrets: /media/root322/Data/Documents/LiferayWorkspace/bundles/osgi/configs
2022-12-14 05:49:52.399 INFO  [ModuleFramework-Static-Bundles-3][DefaultLPKGDeployer:456] Using overriding JAR bundle LPKG-Override::/media/root322/Data/Documents/LiferayWorkspace/bundles/osgi/marketplace/override/com.liferay.document.library.web.jar
2022-12-14 05:49:52.399 INFO  [ModuleFramework-Static-Bundles-3][DefaultLPKGDeployer:456] Using overriding JAR bundle LPKG-Override::/media/root322/Data/Documents/LiferayWorkspace/bundles/osgi/marketplace/override/com.liferay.portal.language.lang.jar
2022-12-14 05:49:52.510 INFO  [main][ModuleFrameworkImpl:1576] Started initial bundles
2022-12-14 05:49:52.510 INFO  [main][ModuleFrameworkImpl:1625] Starting dynamic bundles
2022-12-14 05:50:05.923 INFO  [main][ModuleFrameworkImpl:1647] Started dynamic bundles
2022-12-14 05:50:05.923 INFO  [main][ModuleFrameworkImpl:1654] Starting web bundles
2022-12-14 05:50:08.530 INFO  [main][ModuleFrameworkImpl:1708] Started web bundles
2022-12-14 05:50:08.531 INFO  [main][ModuleFrameworkImpl:278] Navigate to Control Panel > System > Gogo Shell and enter "lb" to see all bundles
2022-12-14 05:50:08.542 INFO  [main][LoggingTimer:83] Starting com.liferay.portal.verify.VerifyProperties#verifySystemProperties
2022-12-14 05:50:08.543 INFO  [main][LoggingTimer:44] Completed com.liferay.portal.verify.VerifyProperties#verifySystemProperties in 1 ms
2022-12-14 05:50:08.544 INFO  [main][LoggingTimer:83] Starting com.liferay.portal.verify.VerifyProperties#verifyPortalProperties
2022-12-14 05:50:08.554 INFO  [main][LoggingTimer:44] Completed com.liferay.portal.verify.VerifyProperties#verifyPortalProperties in 10 ms
2022-12-14 05:50:08.555 INFO  [main][LoggingTimer:83] Starting com.liferay.portal.verify.VerifyProperties#verifyDocumentLibrary
2022-12-14 05:50:08.555 INFO  [main][LoggingTimer:44] Completed com.liferay.portal.verify.VerifyProperties#verifyDocumentLibrary in 0 ms
2022-12-14 05:50:09.049 INFO  [main][LoggingTimer:83] Starting com.liferay.portal.events.StartupHelperUtil#initResourceActions
2022-12-14 05:50:09.097 INFO  [main][LoggingTimer:44] Completed com.liferay.portal.events.StartupHelperUtil#initResourceActions in 48 ms
2022-12-14 05:50:11.545 WARN  [main][SidecarManager:103] Liferay automatically starts a child process of Elasticsearch named sidecar for convenient development and demonstration purposes. Do NOT use sidecar in production. Refer to the documentation for details on the limitations of sidecar and instructions on configuring a remote Elasticsearch connection in the Control Panel.
2022-12-14 05:50:22.440 INFO  [main][Sidecar:119] Sidecar Elasticsearch liferay started at 127.0.0.1:9501
2022-12-14 05:50:28.130 INFO  [main][StartupHelperUtil:86] There are no patches installed
2022-12-14 05:50:28.149 INFO  [main][LoggingTimer:83] Starting com.liferay.portal.events.StartupHelperUtil#initResourceActions
2022-12-14 05:50:28.178 INFO  [main][LoggingTimer:44] Completed com.liferay.portal.events.StartupHelperUtil#initResourceActions in 29 ms
2022-12-14 05:50:28.212 INFO  [main][LicenseManager:-1] Digital Enterprise Development license validation passed
2022-12-14 05:50:28.642 INFO  [main][AutoDeployDir:176] Auto deploy scanner started for /media/root322/Data/Documents/LiferayWorkspace/bundles/deploy
2022-12-14 05:50:38.124 INFO  [com.liferay.portal.osgi.web.wab.extender.internal.WabFactory-BundleTrackerOpener][ThemeHotDeployListener:108] 1 theme for classic-theme is available for use
2022-12-14 05:50:38.265 INFO  [com.liferay.portal.osgi.web.wab.extender.internal.WabFactory-BundleTrackerOpener][ThemeHotDeployListener:108] 1 theme for dialect-theme is available for use
2022-12-14 05:50:38.438 INFO  [com.liferay.portal.osgi.web.wab.extender.internal.WabFactory-BundleTrackerOpener][ThemeHotDeployListener:108] 1 theme for speedwell-theme is available for use
2022-12-14 05:50:38.589 INFO  [com.liferay.portal.osgi.web.wab.extender.internal.WabFactory-BundleTrackerOpener][ThemeHotDeployListener:108] 1 theme for minium-theme is available for use
2022-12-14 05:50:38.694 INFO  [com.liferay.portal.osgi.web.wab.extender.internal.WabFactory-BundleTrackerOpener][ThemeHotDeployListener:108] 1 theme for admin-theme is available for use
2022-12-14 05:50:38.835 INFO  [com.liferay.portal.osgi.web.wab.extender.internal.WabFactory-BundleTrackerOpener][HookHotDeployListener:496] Hook for LangHook is available for use
2022-12-14 05:50:38.946 INFO  [com.liferay.portal.osgi.web.wab.extender.internal.WabFactory-BundleTrackerOpener][LayoutTemplateHotDeployListener:107] 1 layout template for LayoutTemplateDemo is available for use
2022-12-14 05:50:39.063 INFO  [com.liferay.portal.osgi.web.wab.extender.internal.WabFactory-BundleTrackerOpener][ThemeHotDeployListener:108] 1 theme for democlassictheme-theme is available for use
2022-12-14 05:50:39.190 INFO  [com.liferay.portal.osgi.web.wab.extender.internal.WabFactory-BundleTrackerOpener][ThemeHotDeployListener:108] 1 theme for demotheme-theme is available for use
2022-12-14 05:50:39.310 INFO  [com.liferay.portal.osgi.web.wab.extender.internal.WabFactory-BundleTrackerOpener][ThemeHotDeployListener:108] 1 theme for my-liferay-theme is available for use
2022-12-14 06:05:48.071 WARN  [http-nio-8000-exec-5][code_jsp:159] {code="404", msg="ProxyServlet: /o/frontend-editor-ckeditor-web/ckeditor/skins/moono-lexicon/skin.js", uri=/o/frontend-editor-ckeditor-web/ckeditor/skins/moono-lexicon/skin.js}
2022-12-14 06:32:06.418 WARN  [http-nio-8000-exec-3][code_jsp:159] {code="404", msg="", uri=/o/commerce-media/accounts/-9223372036854775808/images/69053}
2022-12-14 06:32:06.419 WARN  [http-nio-8000-exec-5][code_jsp:159] {code="404", msg="", uri=/o/commerce-media/accounts/-9223372036854775808/images/69072}
2022-12-14 06:32:06.419 WARN  [http-nio-8000-exec-7][code_jsp:159] {code="404", msg="", uri=/o/commerce-media/accounts/-9223372036854775808/images/69116}
2022-12-14 06:32:06.421 WARN  [http-nio-8000-exec-4][code_jsp:159] {code="404", msg="", uri=/o/commerce-media/accounts/-9223372036854775808/images/69136}
2022-12-14 06:32:06.423 WARN  [http-nio-8000-exec-6][code_jsp:159] {code="404", msg="", uri=/o/commerce-media/accounts/-9223372036854775808/images/69013}
2022-12-14 06:32:06.439 WARN  [http-nio-8000-exec-9][code_jsp:159] {code="404", msg="", uri=/o/commerce-media/accounts/-9223372036854775808/images/69162}
2022-12-14 06:32:06.439 WARN  [http-nio-8000-exec-10][code_jsp:159] {code="404", msg="", uri=/o/commerce-media/default/}
2022-12-14 06:32:06.444 WARN  [http-nio-8000-exec-2][code_jsp:159] {code="404", msg="", uri=/o/commerce-media/accounts/-9223372036854775808/images/69241}
2022-12-14 06:32:35.047 WARN  [http-nio-8000-exec-9][code_jsp:159] {code="404", msg="", uri=/o/commerce-media/default/}
2022-12-14 06:32:36.454 WARN  [http-nio-8000-exec-6][code_jsp:159] {code="404", msg="", uri=/o/commerce-media/default/}
2022-12-14 06:39:26.875 WARN  [http-nio-8000-exec-7][code_jsp:159] {code="404", msg="ProxyServlet: /o/site-initializer-brijesh/thumbnail.png", uri=/o/site-initializer-brijesh/thumbnail.png}
2022-12-14 06:39:26.875 WARN  [http-nio-8000-exec-4][code_jsp:159] {code="404", msg="ProxyServlet: /o/site-initializer/thumbnail.png", uri=/o/site-initializer/thumbnail.png}
2022-12-14 06:39:27.093 WARN  [http-nio-8000-exec-9][code_jsp:159] {code="404", msg="ProxyServlet: /o/site-initializer-brijesh/thumbnail.png", uri=/o/site-initializer-brijesh/thumbnail.png}
2022-12-14 06:39:27.093 WARN  [http-nio-8000-exec-6][code_jsp:159] {code="404", msg="ProxyServlet: /o/site-initializer/thumbnail.png", uri=/o/site-initializer/thumbnail.png}
2022-12-14 07:14:36.835 INFO  [fileinstall-directory-watcher][BundleStartStopLogger:77] STARTED com.liferay.site.initializer.demo_1.0.0 [1775]
2022-12-14 07:15:02.885 WARN  [http-nio-8000-exec-1][code_jsp:159] {code="404", msg="ProxyServlet: /o/site-initializer-brijesh/thumbnail.png", uri=/o/site-initializer-brijesh/thumbnail.png}
2022-12-14 07:15:02.885 WARN  [http-nio-8000-exec-4][code_jsp:159] {code="404", msg="ProxyServlet: /o/site-initializer/thumbnail.png", uri=/o/site-initializer/thumbnail.png}
2022-12-14 07:15:02.896 WARN  [http-nio-8000-exec-3][code_jsp:159] {code="404", msg="ProxyServlet: /o/site-initializer-demo/thumbnail.png", uri=/o/site-initializer-demo/thumbnail.png}
2022-12-14 07:15:03.101 WARN  [http-nio-8000-exec-7][code_jsp:159] {code="404", msg="ProxyServlet: /o/site-initializer-brijesh/thumbnail.png", uri=/o/site-initializer-brijesh/thumbnail.png}
2022-12-14 07:15:03.101 WARN  [http-nio-8000-exec-10][code_jsp:159] {code="404", msg="ProxyServlet: /o/site-initializer/thumbnail.png", uri=/o/site-initializer/thumbnail.png}
2022-12-14 07:15:03.101 WARN  [http-nio-8000-exec-6][code_jsp:159] {code="404", msg="ProxyServlet: /o/site-initializer-demo/thumbnail.png", uri=/o/site-initializer-demo/thumbnail.png}
2022-12-14 11:04:57.375 WARN  [http-nio-8000-exec-6][code_jsp:159] {code="404", msg="ProxyServlet: /", uri=/o/}
2022-12-14 11:05:03.973 WARN  [http-nio-8000-exec-3][code_jsp:159] {code="404", msg="ProxyServlet: /", uri=/o/}
2022-12-14 11:05:09.764 WARN  [http-nio-8000-exec-8][code_jsp:159] {code="404", msg="ProxyServlet: /", uri=/o/}
2022-12-14 11:05:11.698 WARN  [http-nio-8000-exec-7][code_jsp:159] {code="404", msg="ProxyServlet: /", uri=/o/}
2022-12-14 11:05:13.470 WARN  [http-nio-8000-exec-10][code_jsp:159] {code="404", msg="ProxyServlet: /", uri=/o/}
2022-12-14 11:05:27.019 WARN  [http-nio-8000-exec-8][code_jsp:159] {code="404", msg="ProxyServlet: /", uri=/o/}
2022-12-14 13:40:41.431 INFO  [Thread-7][ThemeHotDeployListener:171] 1 theme for my-liferay-theme was unregistered
2022-12-14 13:40:41.469 INFO  [Thread-7][ThemeHotDeployListener:171] 1 theme for demotheme-theme was unregistered
2022-12-14 13:40:41.493 INFO  [Thread-7][ThemeHotDeployListener:171] 1 theme for democlassictheme-theme was unregistered
2022-12-14 13:40:41.508 INFO  [Thread-7][LayoutTemplateHotDeployListener:156] 1 layout template for LayoutTemplateDemo was unregistered
2022-12-14 13:40:41.530 INFO  [Thread-7][HookHotDeployListener:544] Hook for LangHook was unregistered
2022-12-14 13:40:41.543 INFO  [Thread-7][ThemeHotDeployListener:171] 1 theme for admin-theme was unregistered
2022-12-14 13:40:41.556 INFO  [Thread-7][ThemeHotDeployListener:171] 1 theme for minium-theme was unregistered
2022-12-14 13:40:41.570 INFO  [Thread-7][ThemeHotDeployListener:171] 1 theme for speedwell-theme was unregistered
2022-12-14 13:40:41.587 INFO  [Thread-7][ThemeHotDeployListener:171] 1 theme for dialect-theme was unregistered
2022-12-14 13:40:41.607 INFO  [Thread-7][ThemeHotDeployListener:171] 1 theme for classic-theme was unregistered
