2023-01-20 05:24:29.447 INFO  [main][PortalContextLoaderListener:123] JVM arguments: -Dcatalina.base=/media/root322/Data/Documents/LiferayWorkspace/bundles/tomcat-9.0.56 -Dcatalina.home=/media/root322/Data/Documents/LiferayWorkspace/bundles/tomcat-9.0.56 -Dfile.encoding=UTF8 -Djava.io.tmpdir=/media/root322/Data/Documents/LiferayWorkspace/bundles/tomcat-9.0.56/temp -Djava.net.preferIPv4Stack=true -Djava.util.logging.config.file=/media/root322/Data/Documents/LiferayWorkspace/bundles/tomcat-9.0.56/conf/logging.properties -Djava.util.logging.manager=org.apache.juli.ClassLoaderLogManager -Dorg.apache.catalina.loader.WebappClassLoader.ENABLE_CLEAR_REFERENCES=false -Duser.timezone=GMT -Xmx2560m -XX:MaxMetaspaceSize=768m -XX:MetaspaceSize=768m -javaagent:/snap/intellij-idea-ultimate/401/lib/idea_rt.jar=41593:/snap/intellij-idea-ultimate/401/bin
2023-01-20 05:24:33.695 INFO  [main][DialectDetector:153] Using dialect org.hibernate.dialect.MySQL8Dialect for MySQL 8.0
2023-01-20 05:24:38.784 INFO  [main][ModuleFrameworkImpl:1279] Starting initial bundles
2023-01-20 05:24:39.833 INFO  [ModuleFramework-Static-Bundles-4][InterpolationConfigurationPlugin:109] Configured directory for secrets: /media/root322/Data/Documents/LiferayWorkspace/bundles/osgi/configs
2023-01-20 05:24:41.644 INFO  [ModuleFramework-Static-Bundles-8][DefaultLPKGDeployer:456] Using overriding JAR bundle LPKG-Override::/media/root322/Data/Documents/LiferayWorkspace/bundles/osgi/marketplace/override/com.liferay.document.library.web.jar
2023-01-20 05:24:41.645 INFO  [ModuleFramework-Static-Bundles-8][DefaultLPKGDeployer:456] Using overriding JAR bundle LPKG-Override::/media/root322/Data/Documents/LiferayWorkspace/bundles/osgi/marketplace/override/com.liferay.portal.language.lang.jar
2023-01-20 05:24:41.788 INFO  [main][ModuleFrameworkImpl:1576] Started initial bundles
2023-01-20 05:24:41.793 INFO  [main][ModuleFrameworkImpl:1625] Starting dynamic bundles
2023-01-20 05:25:06.447 INFO  [Start Level: Equinox Container: 6cce633c-8afe-4014-beff-e48969dbed66][MessageBusRegistrator:41] Message Listener Registered..com.liferaysavvy.messagebus.event.listener.MessageBusRegisteredParallelMessageListener@441ebd5c
2023-01-20 05:25:06.448 INFO  [Start Level: Equinox Container: 6cce633c-8afe-4014-beff-e48969dbed66][MessageBusRegistrator:45] Message Listener Registered..com.liferaysavvy.messagebus.event.listener.MessageBusRegisteredSerialMessageListener@4644f3bd
2023-01-20 05:25:06.449 INFO  [Start Level: Equinox Container: 6cce633c-8afe-4014-beff-e48969dbed66][MessageBusRegistrator:49] Message Listener Registered..com.liferaysavvy.messagebus.event.listener.MessageBusRegisteredSynchronousMessageListener@1e2cae96
2023-01-20 05:25:06.598 INFO  [main][ModuleFrameworkImpl:1647] Started dynamic bundles
2023-01-20 05:25:06.598 INFO  [main][ModuleFrameworkImpl:1654] Starting web bundles
2023-01-20 05:25:10.877 INFO  [main][ModuleFrameworkImpl:1708] Started web bundles
2023-01-20 05:25:10.878 INFO  [main][ModuleFrameworkImpl:278] Navigate to Control Panel > System > Gogo Shell and enter "lb" to see all bundles
2023-01-20 05:25:10.909 INFO  [main][LoggingTimer:83] Starting com.liferay.portal.verify.VerifyProperties#verifySystemProperties
2023-01-20 05:25:10.910 INFO  [main][LoggingTimer:44] Completed com.liferay.portal.verify.VerifyProperties#verifySystemProperties in 1 ms
2023-01-20 05:25:10.910 INFO  [main][LoggingTimer:83] Starting com.liferay.portal.verify.VerifyProperties#verifyPortalProperties
2023-01-20 05:25:10.962 ERROR [main][VerifyProperties:182] Portal property "journal.article.form.add" is obsolete
2023-01-20 05:25:10.963 ERROR [main][VerifyProperties:182] Portal property "journal.article.form.update" is obsolete
2023-01-20 05:25:10.964 ERROR [main][VerifyProperties:182] Portal property "journal.article.form.translate" is obsolete
2023-01-20 05:25:10.967 INFO  [main][LoggingTimer:44] Completed com.liferay.portal.verify.VerifyProperties#verifyPortalProperties in 55 ms
2023-01-20 05:25:10.968 INFO  [main][LoggingTimer:83] Starting com.liferay.portal.verify.VerifyProperties#verifyDocumentLibrary
2023-01-20 05:25:10.968 INFO  [main][LoggingTimer:44] Completed com.liferay.portal.verify.VerifyProperties#verifyDocumentLibrary in 1 ms
2023-01-20 05:25:11.638 INFO  [main][LoggingTimer:83] Starting com.liferay.portal.events.StartupHelperUtil#initResourceActions
2023-01-20 05:25:11.750 INFO  [main][LoggingTimer:44] Completed com.liferay.portal.events.StartupHelperUtil#initResourceActions in 113 ms
2023-01-20 05:25:15.047 WARN  [main][SidecarManager:103] Liferay automatically starts a child process of Elasticsearch named sidecar for convenient development and demonstration purposes. Do NOT use sidecar in production. Refer to the documentation for details on the limitations of sidecar and instructions on configuring a remote Elasticsearch connection in the Control Panel.
2023-01-20 05:25:30.419 INFO  [main][Sidecar:119] Sidecar Elasticsearch liferay started at 127.0.0.1:9501
2023-01-20 05:25:35.664 INFO  [main][MessageBusEventListenerNotification:33] **********Destination Added***********liferay/message_bus/default_response
2023-01-20 05:25:35.669 INFO  [main][MessageBusEventListenerNotification:33] **********Destination Added***********liferay/message_bus/message_status
2023-01-20 05:25:35.679 INFO  [main][MessageBusEventListenerNotification:33] **********Destination Added***********liferay/live_users
2023-01-20 05:25:35.682 INFO  [main][MessageBusEventListenerNotification:33] **********Destination Added***********liferay/document_library_audio_processor
2023-01-20 05:25:35.688 INFO  [main][MessageBusEventListenerNotification:33] **********Destination Added***********liferay/async_service
2023-01-20 05:25:35.697 INFO  [main][MessageBusEventListenerNotification:33] **********Destination Added***********liferay/layouts_local_publisher
2023-01-20 05:25:35.716 INFO  [main][MessageBusEventListenerNotification:33] **********Destination Added***********liferay/convert_process
2023-01-20 05:25:35.720 INFO  [main][MessageBusEventListenerNotification:33] **********Destination Added***********liferay/document_library_pdf_processor
2023-01-20 05:25:35.723 INFO  [main][MessageBusEventListenerNotification:33] **********Destination Added***********liferay/subscription_clean_up
2023-01-20 05:25:35.744 INFO  [main][MessageBusEventListenerNotification:33] **********Destination Added***********liferay/document_library_video_processor
2023-01-20 05:25:35.747 INFO  [main][MessageBusEventListenerNotification:33] **********Destination Added***********liferay/document_library_raw_metadata_processor
2023-01-20 05:25:35.750 INFO  [main][MessageBusEventListenerNotification:33] **********Destination Added***********liferay/document_library_image_processor
2023-01-20 05:25:35.753 INFO  [main][MessageBusEventListenerNotification:33] **********Destination Added***********liferay/message_boards_mailing_list
2023-01-20 05:25:35.757 INFO  [main][MessageBusEventListenerNotification:33] **********Destination Added***********liferay/subscription_sender
2023-01-20 05:25:35.764 INFO  [main][MessageBusEventListenerNotification:33] **********Destination Added***********liferay/hot_deploy
2023-01-20 05:25:35.772 INFO  [main][MessageBusEventListenerNotification:33] **********Destination Added***********liferay/layouts_remote_publisher
2023-01-20 05:25:35.825 INFO  [main][MessageBusEventListenerNotification:33] **********Destination Added***********liferay/poller_comet_response
2023-01-20 05:25:35.831 INFO  [main][MessageBusEventListenerNotification:33] **********Destination Added***********liferay/poller_response
2023-01-20 05:25:35.834 INFO  [main][MessageBusEventListenerNotification:33] **********Destination Added***********liferay/poller
2023-01-20 05:25:35.842 INFO  [main][MessageBusEventListenerNotification:33] **********Destination Added***********liferay/workflow_definition
2023-01-20 05:25:35.860 INFO  [main][MessageBusEventListenerNotification:33] **********Destination Added***********liferay/workflow_instance
2023-01-20 05:25:35.863 INFO  [main][MessageBusEventListenerNotification:33] **********Destination Added***********liferay/workflow_log
2023-01-20 05:25:35.867 INFO  [main][MessageBusEventListenerNotification:33] **********Destination Added***********liferay/workflow_task
2023-01-20 05:25:35.870 INFO  [main][MessageBusEventListenerNotification:33] **********Destination Added***********liferay/workflow_engine
2023-01-20 05:25:35.873 INFO  [main][MessageBusEventListenerNotification:33] **********Destination Added***********liferay/workflow_comparator
2023-01-20 05:25:35.876 INFO  [main][MessageBusEventListenerNotification:33] **********Destination Added***********liferay/workflow_status
2023-01-20 05:25:35.881 INFO  [main][MessageBusEventListenerNotification:33] **********Destination Added***********liferay/mail
2023-01-20 05:25:35.893 INFO  [main][MessageBusEventListenerNotification:33] **********Destination Added***********liferay/export_import_lifecycle_event_async
2023-01-20 05:25:35.899 INFO  [main][MessageBusEventListenerNotification:33] **********Destination Added***********liferay/export_import_lifecycle_event_sync
2023-01-20 05:25:35.930 INFO  [main][MessageBusEventListenerNotification:33] **********Destination Added***********liferay/audit
2023-01-20 05:25:35.946 INFO  [main][MessageBusEventListenerNotification:33] **********Destination Added***********liferay/search_reader/GENERIC_ENGINE
2023-01-20 05:25:35.956 INFO  [main][MessageBusEventListenerNotification:33] **********Destination Added***********liferay/search_writer/GENERIC_ENGINE
2023-01-20 05:25:36.088 INFO  [main][MessageBusEventListenerNotification:33] **********Destination Added***********liferay/scheduled_user_ldap_import
2023-01-20 05:25:36.094 INFO  [main][MessageBusEventListenerNotification:33] **********Destination Added***********liferay/tensorflow_model_download
2023-01-20 05:25:36.105 INFO  [main][MessageBusEventListenerNotification:33] **********Destination Added***********liferay/adaptive_media_processor
2023-01-20 05:25:36.125 INFO  [main][MessageBusEventListenerNotification:33] **********Destination Added***********liferay/monitoring
2023-01-20 05:25:36.140 INFO  [main][MessageBusEventListenerNotification:33] **********Destination Added***********liferay/segments_entry_reindex
2023-01-20 05:25:36.146 INFO  [main][MessageBusEventListenerNotification:33] **********Destination Added***********liferay/analytics_messages_processor
2023-01-20 05:25:36.163 INFO  [main][ParellelDestinationConfig:83] Destination is creared ..liferaysavvy/parallel-destination
2023-01-20 05:25:36.165 INFO  [main][MessageBusEventListenerNotification:33] **********Destination Added***********liferaysavvy/parallel-destination
2023-01-20 05:25:36.169 INFO  [main][ParellelDestinationConfig:90] Destination is registred with Service Regisration ..
2023-01-20 05:25:36.173 INFO  [main][SerialDestinationConfig:83] Destination is creared ..liferaysavvy/serial-destination
2023-01-20 05:25:36.175 INFO  [main][MessageBusEventListenerNotification:33] **********Destination Added***********liferaysavvy/serial-destination
2023-01-20 05:25:36.177 INFO  [main][SerialDestinationConfig:90] Destination is registred with Service Regisration ..
2023-01-20 05:25:36.182 INFO  [main][SynchronousDestinationConfig:83] Destination is creared ..liferaysavvy/synchronous-destination
2023-01-20 05:25:36.186 INFO  [main][DestinationListenerRegistrator:41] Message Listener Registered..com.liferaysavvy.messagebus.event.listener.DestinationRegisteredParallelMessageListener@398ba576
2023-01-20 05:25:36.187 INFO  [main][DestinationListenerRegistrator:45] Message Listener Registered..com.liferaysavvy.messagebus.event.listener.DestinationRegisteredSerialMessageListener@43cd89b4
2023-01-20 05:25:36.189 INFO  [main][DestinationListenerRegistrator:49] Message Listener Registered..com.liferaysavvy.messagebus.event.listener.DestinationRegisteredSynchronousMessageListener@1477a8cd
2023-01-20 05:25:36.190 INFO  [main][MessageBusEventListenerNotification:33] **********Destination Added***********liferaysavvy/synchronous-destination
2023-01-20 05:25:36.192 INFO  [main][SynchronousDestinationConfig:90] Destination is registred with Service Regisration ..
2023-01-20 05:25:36.195 INFO  [main][MessageBusEventListenerNotification:33] **********Destination Added***********liferay/ddm_structure_reindex
2023-01-20 05:25:36.203 INFO  [main][MessageBusEventListenerNotification:33] **********Destination Added***********liferay/interest_terms
2023-01-20 05:25:36.210 INFO  [main][MessageBusEventListenerNotification:33] **********Destination Added***********liferay/commerce_base_price_list
2023-01-20 05:25:36.213 INFO  [main][MessageBusEventListenerNotification:33] **********Destination Added***********liferay/commerce_order_status
2023-01-20 05:25:36.217 INFO  [main][MessageBusEventListenerNotification:33] **********Destination Added***********liferay/commerce_payment_status
2023-01-20 05:25:36.220 INFO  [main][MessageBusEventListenerNotification:33] **********Destination Added***********liferay/commerce_shipment_status
2023-01-20 05:25:36.223 INFO  [main][MessageBusEventListenerNotification:33] **********Destination Added***********liferay/commerce_subscription_status
2023-01-20 05:25:36.232 INFO  [main][MessageBusEventListenerNotification:33] **********Destination Added***********liferay/search_reader/SYSTEM_ENGINE
2023-01-20 05:25:36.244 INFO  [main][MessageBusEventListenerNotification:33] **********Destination Added***********liferay/search_writer/SYSTEM_ENGINE
2023-01-20 05:25:36.336 INFO  [main][MessageBusEventListenerNotification:33] **********Destination Added***********liferay/scripting_executor
2023-01-20 05:25:36.679 INFO  [main][MessageBusEventListenerNotification:33] **********Destination Added***********liferay/flags
2023-01-20 05:25:38.913 INFO  [main][StartupHelperUtil:86] There are no patches installed
2023-01-20 05:25:38.931 INFO  [main][LoggingTimer:83] Starting com.liferay.portal.events.StartupHelperUtil#initResourceActions
2023-01-20 05:25:38.958 INFO  [main][LoggingTimer:44] Completed com.liferay.portal.events.StartupHelperUtil#initResourceActions in 26 ms
2023-01-20 05:25:38.965 INFO  [main][MessageBusEventListenerNotification:33] **********Destination Added***********liferay/lcs_status
2023-01-20 05:25:38.994 INFO  [main][LicenseManager:-1] Digital Enterprise Development license validation passed
2023-01-20 05:25:39.653 INFO  [main][AutoDeployDir:176] Auto deploy scanner started for /media/root322/Data/Documents/LiferayWorkspace/bundles/deploy
2023-01-20 05:26:12.520 INFO  [com.liferay.portal.osgi.web.wab.extender.internal.WabFactory-BundleTrackerOpener][ThemeHotDeployListener:108] 1 theme for classic-theme is available for use
2023-01-20 05:26:12.642 INFO  [com.liferay.portal.osgi.web.wab.extender.internal.WabFactory-BundleTrackerOpener][ThemeHotDeployListener:108] 1 theme for dialect-theme is available for use
2023-01-20 05:26:12.778 INFO  [com.liferay.portal.osgi.web.wab.extender.internal.WabFactory-BundleTrackerOpener][ThemeHotDeployListener:108] 1 theme for speedwell-theme is available for use
2023-01-20 05:26:12.875 INFO  [com.liferay.portal.osgi.web.wab.extender.internal.WabFactory-BundleTrackerOpener][ThemeHotDeployListener:108] 1 theme for minium-theme is available for use
2023-01-20 05:26:12.984 INFO  [com.liferay.portal.osgi.web.wab.extender.internal.WabFactory-BundleTrackerOpener][ThemeHotDeployListener:108] 1 theme for admin-theme is available for use
2023-01-20 05:26:13.114 INFO  [com.liferay.portal.osgi.web.wab.extender.internal.WabFactory-BundleTrackerOpener][HookHotDeployListener:496] Hook for LangHook is available for use
2023-01-20 05:26:13.239 INFO  [com.liferay.portal.osgi.web.wab.extender.internal.WabFactory-BundleTrackerOpener][LayoutTemplateHotDeployListener:107] 1 layout template for LayoutTemplateDemo is available for use
2023-01-20 05:26:13.371 INFO  [com.liferay.portal.osgi.web.wab.extender.internal.WabFactory-BundleTrackerOpener][ThemeHotDeployListener:108] 1 theme for democlassictheme-theme is available for use
2023-01-20 05:26:13.464 INFO  [com.liferay.portal.osgi.web.wab.extender.internal.WabFactory-BundleTrackerOpener][ThemeHotDeployListener:108] 1 theme for demotheme-theme is available for use
2023-01-20 05:26:13.554 INFO  [com.liferay.portal.osgi.web.wab.extender.internal.WabFactory-BundleTrackerOpener][ThemeHotDeployListener:108] 1 theme for my-liferay-theme is available for use
2023-01-20 05:26:13.843 INFO  [com.liferay.portal.osgi.web.wab.extender.internal.WabFactory-BundleTrackerOpener][ThemeHotDeployListener:108] 1 theme for cstheme2-theme is available for use
2023-01-20 11:11:06.211 INFO  [Thread-7][ThemeHotDeployListener:171] 1 theme for cstheme2-theme was unregistered
2023-01-20 11:11:06.240 INFO  [Thread-7][ThemeHotDeployListener:171] 1 theme for my-liferay-theme was unregistered
2023-01-20 11:11:06.251 INFO  [Thread-7][ThemeHotDeployListener:171] 1 theme for demotheme-theme was unregistered
2023-01-20 11:11:06.263 INFO  [Thread-7][ThemeHotDeployListener:171] 1 theme for democlassictheme-theme was unregistered
2023-01-20 11:11:06.273 INFO  [Thread-7][LayoutTemplateHotDeployListener:156] 1 layout template for LayoutTemplateDemo was unregistered
2023-01-20 11:11:06.290 INFO  [Thread-7][HookHotDeployListener:544] Hook for LangHook was unregistered
2023-01-20 11:11:06.299 INFO  [Thread-7][ThemeHotDeployListener:171] 1 theme for admin-theme was unregistered
2023-01-20 11:11:06.309 INFO  [Thread-7][ThemeHotDeployListener:171] 1 theme for minium-theme was unregistered
2023-01-20 11:11:06.318 INFO  [Thread-7][ThemeHotDeployListener:171] 1 theme for speedwell-theme was unregistered
2023-01-20 11:11:06.328 INFO  [Thread-7][ThemeHotDeployListener:171] 1 theme for dialect-theme was unregistered
2023-01-20 11:11:06.338 INFO  [Thread-7][ThemeHotDeployListener:171] 1 theme for classic-theme was unregistered
