2022-12-20 06:41:49.931 INFO  [main][PortalContextLoaderListener:123] JVM arguments: -Dcatalina.base=/media/root322/Data/Documents/LiferayWorkspace/bundles/tomcat-9.0.56 -Dcatalina.home=/media/root322/Data/Documents/LiferayWorkspace/bundles/tomcat-9.0.56 -Dfile.encoding=UTF8 -Djava.io.tmpdir=/media/root322/Data/Documents/LiferayWorkspace/bundles/tomcat-9.0.56/temp -Djava.net.preferIPv4Stack=true -Djava.util.logging.config.file=/media/root322/Data/Documents/LiferayWorkspace/bundles/tomcat-9.0.56/conf/logging.properties -Djava.util.logging.manager=org.apache.juli.ClassLoaderLogManager -Dorg.apache.catalina.loader.WebappClassLoader.ENABLE_CLEAR_REFERENCES=false -Duser.timezone=GMT -Xmx2560m -XX:MaxMetaspaceSize=768m -XX:MetaspaceSize=768m -javaagent:/snap/intellij-idea-ultimate/398/lib/idea_rt.jar=36641:/snap/intellij-idea-ultimate/398/bin
2022-12-20 06:41:52.316 INFO  [main][DialectDetector:153] Using dialect org.hibernate.dialect.MySQL8Dialect for MySQL 8.0
2022-12-20 06:41:55.346 INFO  [main][ModuleFrameworkImpl:1279] Starting initial bundles
2022-12-20 06:41:55.853 INFO  [ModuleFramework-Static-Bundles-5][InterpolationConfigurationPlugin:109] Configured directory for secrets: /media/root322/Data/Documents/LiferayWorkspace/bundles/osgi/configs
2022-12-20 06:41:57.007 INFO  [ModuleFramework-Static-Bundles-2][DefaultLPKGDeployer:456] Using overriding JAR bundle LPKG-Override::/media/root322/Data/Documents/LiferayWorkspace/bundles/osgi/marketplace/override/com.liferay.document.library.web.jar
2022-12-20 06:41:57.007 INFO  [ModuleFramework-Static-Bundles-2][DefaultLPKGDeployer:456] Using overriding JAR bundle LPKG-Override::/media/root322/Data/Documents/LiferayWorkspace/bundles/osgi/marketplace/override/com.liferay.portal.language.lang.jar
2022-12-20 06:41:57.178 INFO  [main][ModuleFrameworkImpl:1576] Started initial bundles
2022-12-20 06:41:57.179 INFO  [main][ModuleFrameworkImpl:1625] Starting dynamic bundles
2022-12-20 06:42:12.312 INFO  [main][ModuleFrameworkImpl:1647] Started dynamic bundles
2022-12-20 06:42:12.313 INFO  [main][ModuleFrameworkImpl:1654] Starting web bundles
2022-12-20 06:42:16.005 INFO  [main][ModuleFrameworkImpl:1708] Started web bundles
2022-12-20 06:42:16.005 INFO  [main][ModuleFrameworkImpl:278] Navigate to Control Panel > System > Gogo Shell and enter "lb" to see all bundles
2022-12-20 06:42:16.020 INFO  [main][LoggingTimer:83] Starting com.liferay.portal.verify.VerifyProperties#verifySystemProperties
2022-12-20 06:42:16.022 INFO  [main][LoggingTimer:44] Completed com.liferay.portal.verify.VerifyProperties#verifySystemProperties in 1 ms
2022-12-20 06:42:16.023 INFO  [main][LoggingTimer:83] Starting com.liferay.portal.verify.VerifyProperties#verifyPortalProperties
2022-12-20 06:42:16.050 INFO  [main][LoggingTimer:44] Completed com.liferay.portal.verify.VerifyProperties#verifyPortalProperties in 26 ms
2022-12-20 06:42:16.050 INFO  [main][LoggingTimer:83] Starting com.liferay.portal.verify.VerifyProperties#verifyDocumentLibrary
2022-12-20 06:42:16.050 INFO  [main][LoggingTimer:44] Completed com.liferay.portal.verify.VerifyProperties#verifyDocumentLibrary in 0 ms
2022-12-20 06:42:16.748 INFO  [main][LoggingTimer:83] Starting com.liferay.portal.events.StartupHelperUtil#initResourceActions
2022-12-20 06:42:16.831 INFO  [main][LoggingTimer:44] Completed com.liferay.portal.events.StartupHelperUtil#initResourceActions in 83 ms
2022-12-20 06:42:20.985 WARN  [main][SidecarManager:103] Liferay automatically starts a child process of Elasticsearch named sidecar for convenient development and demonstration purposes. Do NOT use sidecar in production. Refer to the documentation for details on the limitations of sidecar and instructions on configuring a remote Elasticsearch connection in the Control Panel.
2022-12-20 06:42:34.486 INFO  [main][Sidecar:119] Sidecar Elasticsearch liferay started at 127.0.0.1:9501
2022-12-20 06:42:40.428 INFO  [main][StartupHelperUtil:86] There are no patches installed
2022-12-20 06:42:40.445 INFO  [main][LoggingTimer:83] Starting com.liferay.portal.events.StartupHelperUtil#initResourceActions
2022-12-20 06:42:40.495 INFO  [main][LoggingTimer:44] Completed com.liferay.portal.events.StartupHelperUtil#initResourceActions in 50 ms
2022-12-20 06:42:40.538 INFO  [main][LicenseManager:-1] Digital Enterprise Development license validation passed
2022-12-20 06:42:41.033 INFO  [main][AutoDeployDir:176] Auto deploy scanner started for /media/root322/Data/Documents/LiferayWorkspace/bundles/deploy
2022-12-20 06:42:51.549 INFO  [com.liferay.portal.osgi.web.wab.extender.internal.WabFactory-BundleTrackerOpener][ThemeHotDeployListener:108] 1 theme for classic-theme is available for use
2022-12-20 06:42:51.725 INFO  [com.liferay.portal.osgi.web.wab.extender.internal.WabFactory-BundleTrackerOpener][ThemeHotDeployListener:108] 1 theme for dialect-theme is available for use
2022-12-20 06:42:51.905 INFO  [com.liferay.portal.osgi.web.wab.extender.internal.WabFactory-BundleTrackerOpener][ThemeHotDeployListener:108] 1 theme for speedwell-theme is available for use
2022-12-20 06:42:52.061 INFO  [com.liferay.portal.osgi.web.wab.extender.internal.WabFactory-BundleTrackerOpener][ThemeHotDeployListener:108] 1 theme for minium-theme is available for use
2022-12-20 06:42:52.205 INFO  [com.liferay.portal.osgi.web.wab.extender.internal.WabFactory-BundleTrackerOpener][ThemeHotDeployListener:108] 1 theme for admin-theme is available for use
2022-12-20 06:42:52.341 INFO  [com.liferay.portal.osgi.web.wab.extender.internal.WabFactory-BundleTrackerOpener][HookHotDeployListener:496] Hook for LangHook is available for use
2022-12-20 06:42:52.498 INFO  [com.liferay.portal.osgi.web.wab.extender.internal.WabFactory-BundleTrackerOpener][LayoutTemplateHotDeployListener:107] 1 layout template for LayoutTemplateDemo is available for use
2022-12-20 06:42:52.623 INFO  [com.liferay.portal.osgi.web.wab.extender.internal.WabFactory-BundleTrackerOpener][ThemeHotDeployListener:108] 1 theme for democlassictheme-theme is available for use
2022-12-20 06:42:52.788 INFO  [com.liferay.portal.osgi.web.wab.extender.internal.WabFactory-BundleTrackerOpener][ThemeHotDeployListener:108] 1 theme for demotheme-theme is available for use
2022-12-20 06:42:52.911 INFO  [com.liferay.portal.osgi.web.wab.extender.internal.WabFactory-BundleTrackerOpener][ThemeHotDeployListener:108] 1 theme for my-liferay-theme is available for use
2022-12-20 06:42:53.249 INFO  [com.liferay.portal.osgi.web.wab.extender.internal.WabFactory-BundleTrackerOpener][ThemeHotDeployListener:108] 1 theme for cstheme2-theme is available for use
2022-12-20 13:12:23.143 INFO  [fileinstall-directory-watcher][BundleStartStopLogger:80] STOPPED com.liferay.docs.guestbook.api_1.0.0 [1753]
2022-12-20 13:12:23.256 INFO  [fileinstall-directory-watcher][BundleStartStopLogger:80] STOPPED com.liferay.docs.guestbook.service_1.0.0 [1754]
2022-12-20 13:12:23.284 INFO  [Refresh Thread: Equinox Container: d6bfb050-e133-4fad-909b-c7888559356b][BundleStartStopLogger:80] STOPPED com.liferay.docs.guestbook.portlet_1.0.0 [1755]
2022-12-20 13:12:23.492 INFO  [Refresh Thread: Equinox Container: d6bfb050-e133-4fad-909b-c7888559356b][BundleStartStopLogger:77] STARTED com.liferay.docs.guestbook.portlet_1.0.0 [1755]
2022-12-20 13:12:23.494 INFO  [Refresh Thread: Equinox Container: d6bfb050-e133-4fad-909b-c7888559356b][BundleStartStopLogger:77] STARTED com.liferay.docs.guestbook.api_1.0.0 [1753]
2022-12-20 13:12:23.663 WARN  [Refresh Thread: Equinox Container: d6bfb050-e133-4fad-909b-c7888559356b][ServiceComponentLocalServiceImpl:561] Auto upgrading GB database to build number 70 is not supported for a production environment. Write an UpgradeStep to ensure data is upgraded correctly.
2022-12-20 13:12:23.695 INFO  [Refresh Thread: Equinox Container: d6bfb050-e133-4fad-909b-c7888559356b][BundleStartStopLogger:77] STARTED com.liferay.docs.guestbook.service_1.0.0 [1754]
2022-12-20 13:19:25.527 INFO  [fileinstall-directory-watcher][BundleStartStopLogger:80] STOPPED com.liferay.docs.guestbook.service_1.0.0 [1754]
2022-12-20 13:19:25.826 INFO  [Refresh Thread: Equinox Container: d6bfb050-e133-4fad-909b-c7888559356b][BundleStartStopLogger:77] STARTED com.liferay.docs.guestbook.service_1.0.0 [1754]
2022-12-20 13:23:11.800 INFO  [fileinstall-directory-watcher][BundleStartStopLogger:80] STOPPED com.liferay.docs.guestbook.service_1.0.0 [1754]
2022-12-20 13:23:12.062 WARN  [Refresh Thread: Equinox Container: d6bfb050-e133-4fad-909b-c7888559356b][ServiceComponentLocalServiceImpl:561] Auto upgrading GB database to build number 71 is not supported for a production environment. Write an UpgradeStep to ensure data is upgraded correctly.
2022-12-20 13:23:12.088 INFO  [Refresh Thread: Equinox Container: d6bfb050-e133-4fad-909b-c7888559356b][BundleStartStopLogger:77] STARTED com.liferay.docs.guestbook.service_1.0.0 [1754]
2022-12-20 13:24:27.554 INFO  [fileinstall-directory-watcher][BundleStartStopLogger:80] STOPPED com.liferay.docs.guestbook.service_1.0.0 [1754]
2022-12-20 13:24:27.742 INFO  [Refresh Thread: Equinox Container: d6bfb050-e133-4fad-909b-c7888559356b][BundleStartStopLogger:77] STARTED com.liferay.docs.guestbook.service_1.0.0 [1754]
2022-12-20 13:31:29.161 INFO  [Thread-7][ThemeHotDeployListener:171] 1 theme for cstheme2-theme was unregistered
2022-12-20 13:31:29.174 INFO  [Thread-7][ThemeHotDeployListener:171] 1 theme for my-liferay-theme was unregistered
2022-12-20 13:31:29.201 INFO  [Thread-7][ThemeHotDeployListener:171] 1 theme for demotheme-theme was unregistered
2022-12-20 13:31:29.214 INFO  [Thread-7][ThemeHotDeployListener:171] 1 theme for democlassictheme-theme was unregistered
2022-12-20 13:31:29.226 INFO  [Thread-7][LayoutTemplateHotDeployListener:156] 1 layout template for LayoutTemplateDemo was unregistered
2022-12-20 13:31:29.245 INFO  [Thread-7][HookHotDeployListener:544] Hook for LangHook was unregistered
2022-12-20 13:31:29.255 INFO  [Thread-7][ThemeHotDeployListener:171] 1 theme for admin-theme was unregistered
2022-12-20 13:31:29.268 INFO  [Thread-7][ThemeHotDeployListener:171] 1 theme for minium-theme was unregistered
2022-12-20 13:31:29.280 INFO  [Thread-7][ThemeHotDeployListener:171] 1 theme for speedwell-theme was unregistered
2022-12-20 13:31:29.293 INFO  [Thread-7][ThemeHotDeployListener:171] 1 theme for dialect-theme was unregistered
2022-12-20 13:31:29.328 INFO  [Thread-7][ThemeHotDeployListener:171] 1 theme for classic-theme was unregistered
