2023-05-16 11:29:59.176 INFO  [main][PortalContextLoaderListener:123] JVM arguments: -Dcatalina.base=/media/root322/Data/Documents/LiferayWorkspace/bundles/tomcat-9.0.56 -Dcatalina.home=/media/root322/Data/Documents/LiferayWorkspace/bundles/tomcat-9.0.56 -Dfile.encoding=UTF8 -Djava.io.tmpdir=/media/root322/Data/Documents/LiferayWorkspace/bundles/tomcat-9.0.56/temp -Djava.net.preferIPv4Stack=true -Djava.util.logging.config.file=/media/root322/Data/Documents/LiferayWorkspace/bundles/tomcat-9.0.56/conf/logging.properties -Djava.util.logging.manager=org.apache.juli.ClassLoaderLogManager -Dorg.apache.catalina.loader.WebappClassLoader.ENABLE_CLEAR_REFERENCES=false -Duser.timezone=GMT -Xmx2560m -XX:MaxMetaspaceSize=768m -XX:MetaspaceSize=768m -javaagent:/media/root322/Data/Intellij DOcumnet/idea-IC-231.8109.175/lib/idea_rt.jar=39851:/media/root322/Data/Intellij DOcumnet/idea-IC-231.8109.175/bin
2023-05-16 11:30:01.324 INFO  [main][DialectDetector:153] Using dialect org.hibernate.dialect.MySQL8Dialect for MySQL 8.0
2023-05-16 11:30:04.701 INFO  [main][ModuleFrameworkImpl:1279] Starting initial bundles
2023-05-16 11:30:04.832 ERROR [Refresh Thread: Equinox Container: 93117cf2-c931-4e7f-808c-40a7b72d78b6][AppResolverHook:112] Unable to resolve application 8fef06ec-9aba-432f-8f51-6d689c374bd6
java.lang.Exception: This application does not have a valid license
	at com.liferay.portal.app.license.impl.MarketplaceAppLicenseVerifier._verify(MarketplaceAppLicenseVerifier.java:228) ~[com.liferay.portal.app.license.impl.jar:?]
	at com.liferay.portal.app.license.impl.MarketplaceAppLicenseVerifier.verify(MarketplaceAppLicenseVerifier.java:92) ~[com.liferay.portal.app.license.impl.jar:?]
	at com.liferay.portal.app.license.resolver.hook.AppResolverHook._filterResolvable(AppResolverHook.java:172) ~[com.liferay.portal.app.license.resolver.hook.jar:?]
	at com.liferay.portal.app.license.resolver.hook.AppResolverHook.filterResolvable(AppResolverHook.java:104) [com.liferay.portal.app.license.resolver.hook.jar:?]
	at org.eclipse.osgi.internal.framework.OSGiFrameworkHooks$CoreResolverHookFactory$CoreResolverHook.filterResolvable(OSGiFrameworkHooks.java:279) [org.eclipse.osgi.jar:?]
	at org.eclipse.osgi.container.ModuleResolver$ResolveProcess.filterResolvable(ModuleResolver.java:1404) [org.eclipse.osgi.jar:?]
	at org.eclipse.osgi.container.ModuleResolver$ResolveProcess.resolve(ModuleResolver.java:960) [org.eclipse.osgi.jar:?]
	at org.eclipse.osgi.container.ModuleResolver.resolveDelta(ModuleResolver.java:167) [org.eclipse.osgi.jar:?]
	at org.eclipse.osgi.container.ModuleContainer.resolveAndApply(ModuleContainer.java:526) [org.eclipse.osgi.jar:?]
	at org.eclipse.osgi.container.ModuleContainer.resolve(ModuleContainer.java:484) [org.eclipse.osgi.jar:?]
	at org.eclipse.osgi.container.ModuleContainer.refresh(ModuleContainer.java:1028) [org.eclipse.osgi.jar:?]
	at org.eclipse.osgi.container.ModuleContainer$ContainerWiring.dispatchEvent(ModuleContainer.java:1409) [org.eclipse.osgi.jar:?]
	at org.eclipse.osgi.container.ModuleContainer$ContainerWiring.dispatchEvent(ModuleContainer.java:1) [org.eclipse.osgi.jar:?]
	at org.eclipse.osgi.framework.eventmgr.EventManager.dispatchEvent(EventManager.java:230) [org.eclipse.osgi.jar:?]
	at org.eclipse.osgi.framework.eventmgr.EventManager$EventThread.run(EventManager.java:340) [org.eclipse.osgi.jar:?]
2023-05-16 11:30:04.840 ERROR [Refresh Thread: Equinox Container: 93117cf2-c931-4e7f-808c-40a7b72d78b6][AppResolverHook:120] Unable to resolve de.rtg.portlet.survey.api: This application does not have a valid license
2023-05-16 11:30:04.851 ERROR [Refresh Thread: Equinox Container: 93117cf2-c931-4e7f-808c-40a7b72d78b6][AppResolverHook:120] Unable to resolve de.rtg.portlet.survey.service: This application does not have a valid license
2023-05-16 11:30:04.856 ERROR [Refresh Thread: Equinox Container: 93117cf2-c931-4e7f-808c-40a7b72d78b6][AppResolverHook:120] Unable to resolve rtg-survey-portlet: This application does not have a valid license
2023-05-16 11:30:05.571 INFO  [ModuleFramework-Static-Bundles-7][InterpolationConfigurationPlugin:109] Configured directory for secrets: /media/root322/Data/Documents/LiferayWorkspace/bundles/osgi/configs
2023-05-16 11:30:06.814 INFO  [ModuleFramework-Static-Bundles-7][DefaultLPKGDeployer:456] Using overriding JAR bundle LPKG-Override::/media/root322/Data/Documents/LiferayWorkspace/bundles/osgi/marketplace/override/com.liferay.document.library.web.jar
2023-05-16 11:30:06.814 INFO  [ModuleFramework-Static-Bundles-7][DefaultLPKGDeployer:456] Using overriding JAR bundle LPKG-Override::/media/root322/Data/Documents/LiferayWorkspace/bundles/osgi/marketplace/override/com.liferay.portal.language.lang.jar
2023-05-16 11:30:06.911 INFO  [main][ModuleFrameworkImpl:1576] Started initial bundles
2023-05-16 11:30:06.911 INFO  [main][ModuleFrameworkImpl:1625] Starting dynamic bundles
2023-05-16 11:30:21.753 INFO  [Start Level: Equinox Container: 93117cf2-c931-4e7f-808c-40a7b72d78b6][MessageBusRegistrator:41] Message Listener Registered..com.liferaysavvy.messagebus.event.listener.MessageBusRegisteredParallelMessageListener@63787bda
2023-05-16 11:30:21.754 INFO  [Start Level: Equinox Container: 93117cf2-c931-4e7f-808c-40a7b72d78b6][MessageBusRegistrator:45] Message Listener Registered..com.liferaysavvy.messagebus.event.listener.MessageBusRegisteredSerialMessageListener@d0ee85a
2023-05-16 11:30:21.755 INFO  [Start Level: Equinox Container: 93117cf2-c931-4e7f-808c-40a7b72d78b6][MessageBusRegistrator:49] Message Listener Registered..com.liferaysavvy.messagebus.event.listener.MessageBusRegisteredSynchronousMessageListener@62b0763d
2023-05-16 11:30:21.891 ERROR [Framework Event Dispatcher: Equinox Container: 93117cf2-c931-4e7f-808c-40a7b72d78b6][Framework:56] FrameworkEvent ERROR
com.liferay.portal.kernel.log.LogSanitizerException: org.osgi.framework.BundleException: Could not resolve module: de.rtg.portlet.survey.api [1858]_Bundle was filtered by a resolver hook._ [Sanitized]
	at org.eclipse.osgi.container.Module.start(Module.java:444) ~[org.eclipse.osgi.jar:?]
	at org.eclipse.osgi.container.ModuleContainer$ContainerStartLevel.incStartLevel(ModuleContainer.java:1682) ~[org.eclipse.osgi.jar:?]
	at org.eclipse.osgi.container.ModuleContainer$ContainerStartLevel.incStartLevel(ModuleContainer.java:1662) ~[org.eclipse.osgi.jar:?]
	at org.eclipse.osgi.container.ModuleContainer$ContainerStartLevel.doContainerStartLevel(ModuleContainer.java:1624) ~[org.eclipse.osgi.jar:?]
	at org.eclipse.osgi.container.ModuleContainer$ContainerStartLevel.dispatchEvent(ModuleContainer.java:1555) ~[org.eclipse.osgi.jar:?]
	at org.eclipse.osgi.container.ModuleContainer$ContainerStartLevel.dispatchEvent(ModuleContainer.java:1) ~[org.eclipse.osgi.jar:?]
	at org.eclipse.osgi.framework.eventmgr.EventManager.dispatchEvent(EventManager.java:230) [org.eclipse.osgi.jar:?]
	at org.eclipse.osgi.framework.eventmgr.EventManager$EventThread.run(EventManager.java:340) [org.eclipse.osgi.jar:?]
2023-05-16 11:30:21.903 ERROR [Framework Event Dispatcher: Equinox Container: 93117cf2-c931-4e7f-808c-40a7b72d78b6][Framework:56] FrameworkEvent ERROR
com.liferay.portal.kernel.log.LogSanitizerException: org.osgi.framework.BundleException: Could not resolve module: de.rtg.portlet.survey.service [1859]_Bundle was filtered by a resolver hook._ [Sanitized]
	at org.eclipse.osgi.container.Module.start(Module.java:444) ~[org.eclipse.osgi.jar:?]
	at org.eclipse.osgi.container.ModuleContainer$ContainerStartLevel.incStartLevel(ModuleContainer.java:1682) ~[org.eclipse.osgi.jar:?]
	at org.eclipse.osgi.container.ModuleContainer$ContainerStartLevel.incStartLevel(ModuleContainer.java:1662) ~[org.eclipse.osgi.jar:?]
	at org.eclipse.osgi.container.ModuleContainer$ContainerStartLevel.doContainerStartLevel(ModuleContainer.java:1624) ~[org.eclipse.osgi.jar:?]
	at org.eclipse.osgi.container.ModuleContainer$ContainerStartLevel.dispatchEvent(ModuleContainer.java:1555) ~[org.eclipse.osgi.jar:?]
	at org.eclipse.osgi.container.ModuleContainer$ContainerStartLevel.dispatchEvent(ModuleContainer.java:1) ~[org.eclipse.osgi.jar:?]
	at org.eclipse.osgi.framework.eventmgr.EventManager.dispatchEvent(EventManager.java:230) [org.eclipse.osgi.jar:?]
	at org.eclipse.osgi.framework.eventmgr.EventManager$EventThread.run(EventManager.java:340) [org.eclipse.osgi.jar:?]
2023-05-16 11:30:21.918 ERROR [Framework Event Dispatcher: Equinox Container: 93117cf2-c931-4e7f-808c-40a7b72d78b6][Framework:56] FrameworkEvent ERROR
com.liferay.portal.kernel.log.LogSanitizerException: org.osgi.framework.BundleException: Could not resolve module: rtg-survey-portlet [1861]_Bundle was filtered by a resolver hook._ [Sanitized]
	at org.eclipse.osgi.container.Module.start(Module.java:444) ~[org.eclipse.osgi.jar:?]
	at org.eclipse.osgi.container.ModuleContainer$ContainerStartLevel.incStartLevel(ModuleContainer.java:1682) ~[org.eclipse.osgi.jar:?]
	at org.eclipse.osgi.container.ModuleContainer$ContainerStartLevel.incStartLevel(ModuleContainer.java:1662) ~[org.eclipse.osgi.jar:?]
	at org.eclipse.osgi.container.ModuleContainer$ContainerStartLevel.doContainerStartLevel(ModuleContainer.java:1624) ~[org.eclipse.osgi.jar:?]
	at org.eclipse.osgi.container.ModuleContainer$ContainerStartLevel.dispatchEvent(ModuleContainer.java:1555) ~[org.eclipse.osgi.jar:?]
	at org.eclipse.osgi.container.ModuleContainer$ContainerStartLevel.dispatchEvent(ModuleContainer.java:1) ~[org.eclipse.osgi.jar:?]
	at org.eclipse.osgi.framework.eventmgr.EventManager.dispatchEvent(EventManager.java:230) [org.eclipse.osgi.jar:?]
	at org.eclipse.osgi.framework.eventmgr.EventManager$EventThread.run(EventManager.java:340) [org.eclipse.osgi.jar:?]
2023-05-16 11:30:21.919 INFO  [main][ModuleFrameworkImpl:1647] Started dynamic bundles
2023-05-16 11:30:21.919 INFO  [main][ModuleFrameworkImpl:1654] Starting web bundles
2023-05-16 11:30:24.788 INFO  [main][ModuleFrameworkImpl:1708] Started web bundles
2023-05-16 11:30:24.789 INFO  [main][ModuleFrameworkImpl:278] Navigate to Control Panel > System > Gogo Shell and enter "lb" to see all bundles
2023-05-16 11:30:24.800 INFO  [main][LoggingTimer:83] Starting com.liferay.portal.verify.VerifyProperties#verifySystemProperties
2023-05-16 11:30:24.801 INFO  [main][LoggingTimer:44] Completed com.liferay.portal.verify.VerifyProperties#verifySystemProperties in 1 ms
2023-05-16 11:30:24.801 INFO  [main][LoggingTimer:83] Starting com.liferay.portal.verify.VerifyProperties#verifyPortalProperties
2023-05-16 11:30:24.813 ERROR [main][VerifyProperties:182] Portal property "journal.article.form.add" is obsolete
2023-05-16 11:30:24.813 ERROR [main][VerifyProperties:182] Portal property "journal.article.form.update" is obsolete
2023-05-16 11:30:24.813 ERROR [main][VerifyProperties:182] Portal property "journal.article.form.translate" is obsolete
2023-05-16 11:30:24.813 INFO  [main][LoggingTimer:44] Completed com.liferay.portal.verify.VerifyProperties#verifyPortalProperties in 12 ms
2023-05-16 11:30:24.814 INFO  [main][LoggingTimer:83] Starting com.liferay.portal.verify.VerifyProperties#verifyDocumentLibrary
2023-05-16 11:30:24.814 INFO  [main][LoggingTimer:44] Completed com.liferay.portal.verify.VerifyProperties#verifyDocumentLibrary in 0 ms
2023-05-16 11:30:25.305 INFO  [main][LoggingTimer:83] Starting com.liferay.portal.events.StartupHelperUtil#initResourceActions
2023-05-16 11:30:25.359 INFO  [main][LoggingTimer:44] Completed com.liferay.portal.events.StartupHelperUtil#initResourceActions in 54 ms
2023-05-16 11:30:28.032 WARN  [main][SidecarManager:103] Liferay automatically starts a child process of Elasticsearch named sidecar for convenient development and demonstration purposes. Do NOT use sidecar in production. Refer to the documentation for details on the limitations of sidecar and instructions on configuring a remote Elasticsearch connection in the Control Panel.
2023-05-16 11:30:44.138 INFO  [main][Sidecar:119] Sidecar Elasticsearch liferay started at 127.0.0.1:9501
2023-05-16 11:30:47.559 INFO  [main][MessageBusEventListenerNotification:33] **********Destination Added***********liferay/adaptive_media_processor
2023-05-16 11:30:47.571 INFO  [main][MessageBusEventListenerNotification:33] **********Destination Added***********liferay/search_reader/SYSTEM_ENGINE
2023-05-16 11:30:47.576 INFO  [main][MessageBusEventListenerNotification:33] **********Destination Added***********liferay/search_writer/SYSTEM_ENGINE
2023-05-16 11:30:53.554 INFO  [main][MessageBusEventListenerNotification:33] **********Destination Added***********liferay/commerce_base_price_list
2023-05-16 11:30:53.555 INFO  [main][MessageBusEventListenerNotification:33] **********Destination Added***********liferay/commerce_order_status
2023-05-16 11:30:53.557 INFO  [main][MessageBusEventListenerNotification:33] **********Destination Added***********liferay/commerce_payment_status
2023-05-16 11:30:53.560 INFO  [main][MessageBusEventListenerNotification:33] **********Destination Added***********liferay/commerce_shipment_status
2023-05-16 11:30:53.563 INFO  [main][MessageBusEventListenerNotification:33] **********Destination Added***********liferay/commerce_subscription_status
2023-05-16 11:30:53.567 INFO  [main][MessageBusEventListenerNotification:33] **********Destination Added***********liferay/analytics_messages_processor
2023-05-16 11:30:53.571 INFO  [main][MessageBusEventListenerNotification:33] **********Destination Added***********liferay/message_bus/default_response
2023-05-16 11:30:53.572 INFO  [main][MessageBusEventListenerNotification:33] **********Destination Added***********liferay/message_bus/message_status
2023-05-16 11:30:53.575 INFO  [main][MessageBusEventListenerNotification:33] **********Destination Added***********liferay/live_users
2023-05-16 11:30:53.577 INFO  [main][MessageBusEventListenerNotification:33] **********Destination Added***********liferay/document_library_audio_processor
2023-05-16 11:30:53.578 INFO  [main][MessageBusEventListenerNotification:33] **********Destination Added***********liferay/async_service
2023-05-16 11:30:53.580 INFO  [main][MessageBusEventListenerNotification:33] **********Destination Added***********liferay/layouts_local_publisher
2023-05-16 11:30:53.582 INFO  [main][MessageBusEventListenerNotification:33] **********Destination Added***********liferay/convert_process
2023-05-16 11:30:53.585 INFO  [main][MessageBusEventListenerNotification:33] **********Destination Added***********liferay/document_library_pdf_processor
2023-05-16 11:30:53.586 INFO  [main][MessageBusEventListenerNotification:33] **********Destination Added***********liferay/subscription_clean_up
2023-05-16 11:30:53.587 INFO  [main][MessageBusEventListenerNotification:33] **********Destination Added***********liferay/document_library_video_processor
2023-05-16 11:30:53.589 INFO  [main][MessageBusEventListenerNotification:33] **********Destination Added***********liferay/document_library_raw_metadata_processor
2023-05-16 11:30:53.591 INFO  [main][MessageBusEventListenerNotification:33] **********Destination Added***********liferay/document_library_image_processor
2023-05-16 11:30:53.594 INFO  [main][MessageBusEventListenerNotification:33] **********Destination Added***********liferay/message_boards_mailing_list
2023-05-16 11:30:53.597 INFO  [main][MessageBusEventListenerNotification:33] **********Destination Added***********liferay/subscription_sender
2023-05-16 11:30:53.599 INFO  [main][MessageBusEventListenerNotification:33] **********Destination Added***********liferay/hot_deploy
2023-05-16 11:30:53.600 INFO  [main][MessageBusEventListenerNotification:33] **********Destination Added***********liferay/layouts_remote_publisher
2023-05-16 11:30:53.607 INFO  [main][MessageBusEventListenerNotification:33] **********Destination Added***********liferay/poller_comet_response
2023-05-16 11:30:53.610 INFO  [main][MessageBusEventListenerNotification:33] **********Destination Added***********liferay/poller_response
2023-05-16 11:30:53.612 INFO  [main][MessageBusEventListenerNotification:33] **********Destination Added***********liferay/poller
2023-05-16 11:30:53.617 INFO  [main][MessageBusEventListenerNotification:33] **********Destination Added***********liferay/workflow_definition
2023-05-16 11:30:53.620 INFO  [main][MessageBusEventListenerNotification:33] **********Destination Added***********liferay/workflow_instance
2023-05-16 11:30:53.623 INFO  [main][MessageBusEventListenerNotification:33] **********Destination Added***********liferay/workflow_log
2023-05-16 11:30:53.626 INFO  [main][MessageBusEventListenerNotification:33] **********Destination Added***********liferay/workflow_task
2023-05-16 11:30:53.629 INFO  [main][MessageBusEventListenerNotification:33] **********Destination Added***********liferay/workflow_engine
2023-05-16 11:30:53.632 INFO  [main][MessageBusEventListenerNotification:33] **********Destination Added***********liferay/workflow_comparator
2023-05-16 11:30:53.635 INFO  [main][MessageBusEventListenerNotification:33] **********Destination Added***********liferay/workflow_status
2023-05-16 11:30:53.637 INFO  [main][MessageBusEventListenerNotification:33] **********Destination Added***********liferay/mail
2023-05-16 11:30:53.642 INFO  [main][MessageBusEventListenerNotification:33] **********Destination Added***********liferay/export_import_lifecycle_event_async
2023-05-16 11:30:53.645 INFO  [main][MessageBusEventListenerNotification:33] **********Destination Added***********liferay/export_import_lifecycle_event_sync
2023-05-16 11:30:53.649 INFO  [main][MessageBusEventListenerNotification:33] **********Destination Added***********liferay/audit
2023-05-16 11:30:53.653 INFO  [main][MessageBusEventListenerNotification:33] **********Destination Added***********liferay/tensorflow_model_download
2023-05-16 11:30:53.657 INFO  [main][MessageBusEventListenerNotification:33] **********Destination Added***********liferay/scheduled_user_ldap_import
2023-05-16 11:30:53.661 INFO  [main][MessageBusEventListenerNotification:33] **********Destination Added***********liferay/scripting_executor
2023-05-16 11:30:53.666 INFO  [main][MessageBusEventListenerNotification:33] **********Destination Added***********liferay/interest_terms
2023-05-16 11:30:53.668 INFO  [main][MessageBusEventListenerNotification:33] **********Destination Added***********liferay/segments_entry_reindex
2023-05-16 11:30:53.671 INFO  [main][MessageBusEventListenerNotification:33] **********Destination Added***********liferay/monitoring
2023-05-16 11:30:53.680 INFO  [main][MessageBusEventListenerNotification:33] **********Destination Added***********liferay/search_reader/GENERIC_ENGINE
2023-05-16 11:30:53.683 INFO  [main][MessageBusEventListenerNotification:33] **********Destination Added***********liferay/search_writer/GENERIC_ENGINE
2023-05-16 11:30:53.686 INFO  [main][ParellelDestinationConfig:83] Destination is creared ..liferaysavvy/parallel-destination
2023-05-16 11:30:53.687 INFO  [main][MessageBusEventListenerNotification:33] **********Destination Added***********liferaysavvy/parallel-destination
2023-05-16 11:30:53.688 INFO  [main][ParellelDestinationConfig:90] Destination is registred with Service Regisration ..
2023-05-16 11:30:53.690 INFO  [main][SerialDestinationConfig:83] Destination is creared ..liferaysavvy/serial-destination
2023-05-16 11:30:53.692 INFO  [main][MessageBusEventListenerNotification:33] **********Destination Added***********liferaysavvy/serial-destination
2023-05-16 11:30:53.694 INFO  [main][SerialDestinationConfig:90] Destination is registred with Service Regisration ..
2023-05-16 11:30:53.697 INFO  [main][SynchronousDestinationConfig:83] Destination is creared ..liferaysavvy/synchronous-destination
2023-05-16 11:30:53.698 INFO  [main][MessageBusEventListenerNotification:33] **********Destination Added***********liferaysavvy/synchronous-destination
2023-05-16 11:30:53.701 INFO  [main][DestinationListenerRegistrator:41] Message Listener Registered..com.liferaysavvy.messagebus.event.listener.DestinationRegisteredParallelMessageListener@1f2164c7
2023-05-16 11:30:53.702 INFO  [main][DestinationListenerRegistrator:45] Message Listener Registered..com.liferaysavvy.messagebus.event.listener.DestinationRegisteredSerialMessageListener@4d40e84
2023-05-16 11:30:53.703 INFO  [main][DestinationListenerRegistrator:49] Message Listener Registered..com.liferaysavvy.messagebus.event.listener.DestinationRegisteredSynchronousMessageListener@65a6c44e
2023-05-16 11:30:53.703 INFO  [main][SynchronousDestinationConfig:90] Destination is registred with Service Regisration ..
2023-05-16 11:30:53.704 INFO  [main][MessageBusEventListenerNotification:33] **********Destination Added***********liferay/ddm_structure_reindex
2023-05-16 11:30:54.129 INFO  [main][MessageBusEventListenerNotification:33] **********Destination Added***********liferay/flags
2023-05-16 11:30:56.096 INFO  [main][StartupHelperUtil:86] There are no patches installed
2023-05-16 11:30:56.113 INFO  [main][LoggingTimer:83] Starting com.liferay.portal.events.StartupHelperUtil#initResourceActions
2023-05-16 11:30:56.136 INFO  [main][LoggingTimer:44] Completed com.liferay.portal.events.StartupHelperUtil#initResourceActions in 23 ms
2023-05-16 11:30:56.141 INFO  [main][MessageBusEventListenerNotification:33] **********Destination Added***********liferay/lcs_status
2023-05-16 11:30:56.160 INFO  [main][LicenseManager:-1] Digital Enterprise Development license validation passed
2023-05-16 11:30:56.661 INFO  [main][AutoDeployDir:176] Auto deploy scanner started for /media/root322/Data/Documents/LiferayWorkspace/bundles/deploy
2023-05-16 11:31:09.188 INFO  [com.liferay.portal.osgi.web.wab.extender.internal.WabFactory-BundleTrackerOpener][ThemeHotDeployListener:108] 1 theme for classic-theme is available for use
2023-05-16 11:31:09.306 INFO  [com.liferay.portal.osgi.web.wab.extender.internal.WabFactory-BundleTrackerOpener][ThemeHotDeployListener:108] 1 theme for dialect-theme is available for use
2023-05-16 11:31:09.460 INFO  [com.liferay.portal.osgi.web.wab.extender.internal.WabFactory-BundleTrackerOpener][ThemeHotDeployListener:108] 1 theme for speedwell-theme is available for use
2023-05-16 11:31:09.573 INFO  [com.liferay.portal.osgi.web.wab.extender.internal.WabFactory-BundleTrackerOpener][ThemeHotDeployListener:108] 1 theme for minium-theme is available for use
2023-05-16 11:31:09.683 INFO  [com.liferay.portal.osgi.web.wab.extender.internal.WabFactory-BundleTrackerOpener][ThemeHotDeployListener:108] 1 theme for admin-theme is available for use
2023-05-16 11:31:09.814 INFO  [com.liferay.portal.osgi.web.wab.extender.internal.WabFactory-BundleTrackerOpener][HookHotDeployListener:496] Hook for LangHook is available for use
2023-05-16 11:31:09.917 INFO  [com.liferay.portal.osgi.web.wab.extender.internal.WabFactory-BundleTrackerOpener][LayoutTemplateHotDeployListener:107] 1 layout template for LayoutTemplateDemo is available for use
2023-05-16 11:31:10.051 INFO  [com.liferay.portal.osgi.web.wab.extender.internal.WabFactory-BundleTrackerOpener][ThemeHotDeployListener:108] 1 theme for democlassictheme-theme is available for use
2023-05-16 11:31:10.176 INFO  [com.liferay.portal.osgi.web.wab.extender.internal.WabFactory-BundleTrackerOpener][ThemeHotDeployListener:108] 1 theme for demotheme-theme is available for use
2023-05-16 11:31:10.319 INFO  [com.liferay.portal.osgi.web.wab.extender.internal.WabFactory-BundleTrackerOpener][ThemeHotDeployListener:108] 1 theme for my-liferay-theme is available for use
2023-05-16 11:31:10.643 INFO  [com.liferay.portal.osgi.web.wab.extender.internal.WabFactory-BundleTrackerOpener][ThemeHotDeployListener:108] 1 theme for cstheme2-theme is available for use
2023-05-16 11:31:10.931 INFO  [com.liferay.portal.osgi.web.wab.extender.internal.WabFactory-BundleTrackerOpener][ThemeHotDeployListener:108] 1 theme for module-based-theme is available for use
2023-05-16 13:32:49.851 INFO  [Thread-7][ThemeHotDeployListener:171] 1 theme for module-based-theme was unregistered
2023-05-16 13:32:49.883 INFO  [Thread-7][ThemeHotDeployListener:171] 1 theme for cstheme2-theme was unregistered
2023-05-16 13:32:49.905 INFO  [Thread-7][ThemeHotDeployListener:171] 1 theme for my-liferay-theme was unregistered
2023-05-16 13:32:49.928 INFO  [Thread-7][ThemeHotDeployListener:171] 1 theme for demotheme-theme was unregistered
2023-05-16 13:32:49.989 INFO  [Thread-7][ThemeHotDeployListener:171] 1 theme for democlassictheme-theme was unregistered
2023-05-16 13:32:50.012 INFO  [Thread-7][LayoutTemplateHotDeployListener:156] 1 layout template for LayoutTemplateDemo was unregistered
2023-05-16 13:32:50.041 INFO  [Thread-7][HookHotDeployListener:544] Hook for LangHook was unregistered
2023-05-16 13:32:50.062 INFO  [Thread-7][ThemeHotDeployListener:171] 1 theme for admin-theme was unregistered
2023-05-16 13:32:50.088 INFO  [Thread-7][ThemeHotDeployListener:171] 1 theme for minium-theme was unregistered
2023-05-16 13:32:50.114 INFO  [Thread-7][ThemeHotDeployListener:171] 1 theme for speedwell-theme was unregistered
2023-05-16 13:32:50.138 INFO  [Thread-7][ThemeHotDeployListener:171] 1 theme for dialect-theme was unregistered
2023-05-16 13:32:50.160 INFO  [Thread-7][ThemeHotDeployListener:171] 1 theme for classic-theme was unregistered
