2023-05-15 05:14:29.927 INFO  [main][PortalContextLoaderListener:123] JVM arguments: -Dcatalina.base=/media/root322/Data/Documents/LiferayWorkspace/bundles/tomcat-9.0.56 -Dcatalina.home=/media/root322/Data/Documents/LiferayWorkspace/bundles/tomcat-9.0.56 -Dfile.encoding=UTF8 -Djava.io.tmpdir=/media/root322/Data/Documents/LiferayWorkspace/bundles/tomcat-9.0.56/temp -Djava.net.preferIPv4Stack=true -Djava.util.logging.config.file=/media/root322/Data/Documents/LiferayWorkspace/bundles/tomcat-9.0.56/conf/logging.properties -Djava.util.logging.manager=org.apache.juli.ClassLoaderLogManager -Dorg.apache.catalina.loader.WebappClassLoader.ENABLE_CLEAR_REFERENCES=false -Duser.timezone=GMT -Xmx2560m -XX:MaxMetaspaceSize=768m -XX:MetaspaceSize=768m -javaagent:/media/root322/Data/Intellij DOcumnet/idea-IC-231.8109.175/lib/idea_rt.jar=44437:/media/root322/Data/Intellij DOcumnet/idea-IC-231.8109.175/bin
2023-05-15 05:14:33.618 INFO  [main][DialectDetector:153] Using dialect org.hibernate.dialect.MySQL8Dialect for MySQL 8.0
2023-05-15 05:14:37.953 INFO  [main][ModuleFrameworkImpl:1279] Starting initial bundles
2023-05-15 05:14:38.101 ERROR [Refresh Thread: Equinox Container: 21a5b460-2449-40f1-8dc9-ccce3ed4176e][AppResolverHook:112] Unable to resolve application 8fef06ec-9aba-432f-8f51-6d689c374bd6
java.lang.Exception: This application does not have a valid license
	at com.liferay.portal.app.license.impl.MarketplaceAppLicenseVerifier._verify(MarketplaceAppLicenseVerifier.java:228) ~[com.liferay.portal.app.license.impl.jar:?]
	at com.liferay.portal.app.license.impl.MarketplaceAppLicenseVerifier.verify(MarketplaceAppLicenseVerifier.java:92) ~[com.liferay.portal.app.license.impl.jar:?]
	at com.liferay.portal.app.license.resolver.hook.AppResolverHook._filterResolvable(AppResolverHook.java:172) ~[com.liferay.portal.app.license.resolver.hook.jar:?]
	at com.liferay.portal.app.license.resolver.hook.AppResolverHook.filterResolvable(AppResolverHook.java:104) [com.liferay.portal.app.license.resolver.hook.jar:?]
	at org.eclipse.osgi.internal.framework.OSGiFrameworkHooks$CoreResolverHookFactory$CoreResolverHook.filterResolvable(OSGiFrameworkHooks.java:279) [org.eclipse.osgi.jar:?]
	at org.eclipse.osgi.container.ModuleResolver$ResolveProcess.filterResolvable(ModuleResolver.java:1404) [org.eclipse.osgi.jar:?]
	at org.eclipse.osgi.container.ModuleResolver$ResolveProcess.resolve(ModuleResolver.java:960) [org.eclipse.osgi.jar:?]
	at org.eclipse.osgi.container.ModuleResolver.resolveDelta(ModuleResolver.java:167) [org.eclipse.osgi.jar:?]
	at org.eclipse.osgi.container.ModuleContainer.resolveAndApply(ModuleContainer.java:526) [org.eclipse.osgi.jar:?]
	at org.eclipse.osgi.container.ModuleContainer.resolve(ModuleContainer.java:484) [org.eclipse.osgi.jar:?]
	at org.eclipse.osgi.container.ModuleContainer.refresh(ModuleContainer.java:1028) [org.eclipse.osgi.jar:?]
	at org.eclipse.osgi.container.ModuleContainer$ContainerWiring.dispatchEvent(ModuleContainer.java:1409) [org.eclipse.osgi.jar:?]
	at org.eclipse.osgi.container.ModuleContainer$ContainerWiring.dispatchEvent(ModuleContainer.java:1) [org.eclipse.osgi.jar:?]
	at org.eclipse.osgi.framework.eventmgr.EventManager.dispatchEvent(EventManager.java:230) [org.eclipse.osgi.jar:?]
	at org.eclipse.osgi.framework.eventmgr.EventManager$EventThread.run(EventManager.java:340) [org.eclipse.osgi.jar:?]
2023-05-15 05:14:38.111 ERROR [Refresh Thread: Equinox Container: 21a5b460-2449-40f1-8dc9-ccce3ed4176e][AppResolverHook:120] Unable to resolve de.rtg.portlet.survey.api: This application does not have a valid license
2023-05-15 05:14:38.120 ERROR [Refresh Thread: Equinox Container: 21a5b460-2449-40f1-8dc9-ccce3ed4176e][AppResolverHook:120] Unable to resolve de.rtg.portlet.survey.service: This application does not have a valid license
2023-05-15 05:14:38.126 ERROR [Refresh Thread: Equinox Container: 21a5b460-2449-40f1-8dc9-ccce3ed4176e][AppResolverHook:120] Unable to resolve rtg-survey-portlet: This application does not have a valid license
2023-05-15 05:14:38.765 INFO  [ModuleFramework-Static-Bundles-2][InterpolationConfigurationPlugin:109] Configured directory for secrets: /media/root322/Data/Documents/LiferayWorkspace/bundles/osgi/configs
2023-05-15 05:14:40.603 INFO  [ModuleFramework-Static-Bundles-2][DefaultLPKGDeployer:456] Using overriding JAR bundle LPKG-Override::/media/root322/Data/Documents/LiferayWorkspace/bundles/osgi/marketplace/override/com.liferay.document.library.web.jar
2023-05-15 05:14:40.604 INFO  [ModuleFramework-Static-Bundles-2][DefaultLPKGDeployer:456] Using overriding JAR bundle LPKG-Override::/media/root322/Data/Documents/LiferayWorkspace/bundles/osgi/marketplace/override/com.liferay.portal.language.lang.jar
2023-05-15 05:14:40.745 INFO  [main][ModuleFrameworkImpl:1576] Started initial bundles
2023-05-15 05:14:40.746 INFO  [main][ModuleFrameworkImpl:1625] Starting dynamic bundles
2023-05-15 05:15:04.875 INFO  [Start Level: Equinox Container: 21a5b460-2449-40f1-8dc9-ccce3ed4176e][MessageBusRegistrator:41] Message Listener Registered..com.liferaysavvy.messagebus.event.listener.MessageBusRegisteredParallelMessageListener@4f00962e
2023-05-15 05:15:04.876 INFO  [Start Level: Equinox Container: 21a5b460-2449-40f1-8dc9-ccce3ed4176e][MessageBusRegistrator:45] Message Listener Registered..com.liferaysavvy.messagebus.event.listener.MessageBusRegisteredSerialMessageListener@9dc8206
2023-05-15 05:15:04.878 INFO  [Start Level: Equinox Container: 21a5b460-2449-40f1-8dc9-ccce3ed4176e][MessageBusRegistrator:49] Message Listener Registered..com.liferaysavvy.messagebus.event.listener.MessageBusRegisteredSynchronousMessageListener@107ecfed
2023-05-15 05:15:05.079 ERROR [Framework Event Dispatcher: Equinox Container: 21a5b460-2449-40f1-8dc9-ccce3ed4176e][Framework:56] FrameworkEvent ERROR
com.liferay.portal.kernel.log.LogSanitizerException: org.osgi.framework.BundleException: Could not resolve module: de.rtg.portlet.survey.api [1858]_Bundle was filtered by a resolver hook._ [Sanitized]
	at org.eclipse.osgi.container.Module.start(Module.java:444) ~[org.eclipse.osgi.jar:?]
	at org.eclipse.osgi.container.ModuleContainer$ContainerStartLevel.incStartLevel(ModuleContainer.java:1682) ~[org.eclipse.osgi.jar:?]
	at org.eclipse.osgi.container.ModuleContainer$ContainerStartLevel.incStartLevel(ModuleContainer.java:1662) ~[org.eclipse.osgi.jar:?]
	at org.eclipse.osgi.container.ModuleContainer$ContainerStartLevel.doContainerStartLevel(ModuleContainer.java:1624) ~[org.eclipse.osgi.jar:?]
	at org.eclipse.osgi.container.ModuleContainer$ContainerStartLevel.dispatchEvent(ModuleContainer.java:1555) ~[org.eclipse.osgi.jar:?]
	at org.eclipse.osgi.container.ModuleContainer$ContainerStartLevel.dispatchEvent(ModuleContainer.java:1) ~[org.eclipse.osgi.jar:?]
	at org.eclipse.osgi.framework.eventmgr.EventManager.dispatchEvent(EventManager.java:230) [org.eclipse.osgi.jar:?]
	at org.eclipse.osgi.framework.eventmgr.EventManager$EventThread.run(EventManager.java:340) [org.eclipse.osgi.jar:?]
2023-05-15 05:15:05.121 ERROR [Framework Event Dispatcher: Equinox Container: 21a5b460-2449-40f1-8dc9-ccce3ed4176e][Framework:56] FrameworkEvent ERROR
com.liferay.portal.kernel.log.LogSanitizerException: org.osgi.framework.BundleException: Could not resolve module: de.rtg.portlet.survey.service [1859]_Bundle was filtered by a resolver hook._ [Sanitized]
	at org.eclipse.osgi.container.Module.start(Module.java:444) ~[org.eclipse.osgi.jar:?]
	at org.eclipse.osgi.container.ModuleContainer$ContainerStartLevel.incStartLevel(ModuleContainer.java:1682) ~[org.eclipse.osgi.jar:?]
	at org.eclipse.osgi.container.ModuleContainer$ContainerStartLevel.incStartLevel(ModuleContainer.java:1662) ~[org.eclipse.osgi.jar:?]
	at org.eclipse.osgi.container.ModuleContainer$ContainerStartLevel.doContainerStartLevel(ModuleContainer.java:1624) ~[org.eclipse.osgi.jar:?]
	at org.eclipse.osgi.container.ModuleContainer$ContainerStartLevel.dispatchEvent(ModuleContainer.java:1555) ~[org.eclipse.osgi.jar:?]
	at org.eclipse.osgi.container.ModuleContainer$ContainerStartLevel.dispatchEvent(ModuleContainer.java:1) ~[org.eclipse.osgi.jar:?]
	at org.eclipse.osgi.framework.eventmgr.EventManager.dispatchEvent(EventManager.java:230) [org.eclipse.osgi.jar:?]
	at org.eclipse.osgi.framework.eventmgr.EventManager$EventThread.run(EventManager.java:340) [org.eclipse.osgi.jar:?]
2023-05-15 05:15:05.142 ERROR [Framework Event Dispatcher: Equinox Container: 21a5b460-2449-40f1-8dc9-ccce3ed4176e][Framework:56] FrameworkEvent ERROR
com.liferay.portal.kernel.log.LogSanitizerException: org.osgi.framework.BundleException: Could not resolve module: rtg-survey-portlet [1861]_Bundle was filtered by a resolver hook._ [Sanitized]
	at org.eclipse.osgi.container.Module.start(Module.java:444) ~[org.eclipse.osgi.jar:?]
	at org.eclipse.osgi.container.ModuleContainer$ContainerStartLevel.incStartLevel(ModuleContainer.java:1682) ~[org.eclipse.osgi.jar:?]
	at org.eclipse.osgi.container.ModuleContainer$ContainerStartLevel.incStartLevel(ModuleContainer.java:1662) ~[org.eclipse.osgi.jar:?]
	at org.eclipse.osgi.container.ModuleContainer$ContainerStartLevel.doContainerStartLevel(ModuleContainer.java:1624) ~[org.eclipse.osgi.jar:?]
	at org.eclipse.osgi.container.ModuleContainer$ContainerStartLevel.dispatchEvent(ModuleContainer.java:1555) ~[org.eclipse.osgi.jar:?]
	at org.eclipse.osgi.container.ModuleContainer$ContainerStartLevel.dispatchEvent(ModuleContainer.java:1) ~[org.eclipse.osgi.jar:?]
	at org.eclipse.osgi.framework.eventmgr.EventManager.dispatchEvent(EventManager.java:230) [org.eclipse.osgi.jar:?]
	at org.eclipse.osgi.framework.eventmgr.EventManager$EventThread.run(EventManager.java:340) [org.eclipse.osgi.jar:?]
2023-05-15 05:15:05.155 INFO  [main][ModuleFrameworkImpl:1647] Started dynamic bundles
2023-05-15 05:15:05.156 INFO  [main][ModuleFrameworkImpl:1654] Starting web bundles
2023-05-15 05:15:10.318 INFO  [main][ModuleFrameworkImpl:1708] Started web bundles
2023-05-15 05:15:10.319 INFO  [main][ModuleFrameworkImpl:278] Navigate to Control Panel > System > Gogo Shell and enter "lb" to see all bundles
2023-05-15 05:15:10.332 INFO  [main][LoggingTimer:83] Starting com.liferay.portal.verify.VerifyProperties#verifySystemProperties
2023-05-15 05:15:10.340 INFO  [main][LoggingTimer:44] Completed com.liferay.portal.verify.VerifyProperties#verifySystemProperties in 9 ms
2023-05-15 05:15:10.340 INFO  [main][LoggingTimer:83] Starting com.liferay.portal.verify.VerifyProperties#verifyPortalProperties
2023-05-15 05:15:10.362 ERROR [main][VerifyProperties:182] Portal property "journal.article.form.add" is obsolete
2023-05-15 05:15:10.365 ERROR [main][VerifyProperties:182] Portal property "journal.article.form.update" is obsolete
2023-05-15 05:15:10.367 ERROR [main][VerifyProperties:182] Portal property "journal.article.form.translate" is obsolete
2023-05-15 05:15:10.371 INFO  [main][LoggingTimer:44] Completed com.liferay.portal.verify.VerifyProperties#verifyPortalProperties in 31 ms
2023-05-15 05:15:10.379 INFO  [main][LoggingTimer:83] Starting com.liferay.portal.verify.VerifyProperties#verifyDocumentLibrary
2023-05-15 05:15:10.379 INFO  [main][LoggingTimer:44] Completed com.liferay.portal.verify.VerifyProperties#verifyDocumentLibrary in 1 ms
2023-05-15 05:15:11.317 INFO  [main][LoggingTimer:83] Starting com.liferay.portal.events.StartupHelperUtil#initResourceActions
2023-05-15 05:15:11.385 INFO  [main][LoggingTimer:44] Completed com.liferay.portal.events.StartupHelperUtil#initResourceActions in 68 ms
2023-05-15 05:15:17.402 WARN  [main][SidecarManager:103] Liferay automatically starts a child process of Elasticsearch named sidecar for convenient development and demonstration purposes. Do NOT use sidecar in production. Refer to the documentation for details on the limitations of sidecar and instructions on configuring a remote Elasticsearch connection in the Control Panel.
2023-05-15 05:15:46.261 INFO  [main][Sidecar:119] Sidecar Elasticsearch liferay started at 127.0.0.1:9501
2023-05-15 05:15:54.863 INFO  [main][MessageBusEventListenerNotification:33] **********Destination Added***********liferay/interest_terms
2023-05-15 05:15:54.875 INFO  [main][MessageBusEventListenerNotification:33] **********Destination Added***********liferay/commerce_base_price_list
2023-05-15 05:15:54.880 INFO  [main][MessageBusEventListenerNotification:33] **********Destination Added***********liferay/commerce_order_status
2023-05-15 05:15:54.884 INFO  [main][MessageBusEventListenerNotification:33] **********Destination Added***********liferay/commerce_payment_status
2023-05-15 05:15:54.893 INFO  [main][MessageBusEventListenerNotification:33] **********Destination Added***********liferay/commerce_shipment_status
2023-05-15 05:15:54.904 INFO  [main][MessageBusEventListenerNotification:33] **********Destination Added***********liferay/commerce_subscription_status
2023-05-15 05:15:54.912 INFO  [main][MessageBusEventListenerNotification:33] **********Destination Added***********liferay/message_bus/default_response
2023-05-15 05:15:54.916 INFO  [main][MessageBusEventListenerNotification:33] **********Destination Added***********liferay/message_bus/message_status
2023-05-15 05:15:54.922 INFO  [main][MessageBusEventListenerNotification:33] **********Destination Added***********liferay/live_users
2023-05-15 05:15:54.928 INFO  [main][MessageBusEventListenerNotification:33] **********Destination Added***********liferay/document_library_audio_processor
2023-05-15 05:15:54.932 INFO  [main][MessageBusEventListenerNotification:33] **********Destination Added***********liferay/async_service
2023-05-15 05:15:54.945 INFO  [main][MessageBusEventListenerNotification:33] **********Destination Added***********liferay/layouts_local_publisher
2023-05-15 05:15:54.949 INFO  [main][MessageBusEventListenerNotification:33] **********Destination Added***********liferay/convert_process
2023-05-15 05:15:54.953 INFO  [main][MessageBusEventListenerNotification:33] **********Destination Added***********liferay/document_library_pdf_processor
2023-05-15 05:15:54.956 INFO  [main][MessageBusEventListenerNotification:33] **********Destination Added***********liferay/subscription_clean_up
2023-05-15 05:15:54.961 INFO  [main][MessageBusEventListenerNotification:33] **********Destination Added***********liferay/document_library_video_processor
2023-05-15 05:15:54.970 INFO  [main][MessageBusEventListenerNotification:33] **********Destination Added***********liferay/document_library_raw_metadata_processor
2023-05-15 05:15:54.985 INFO  [main][MessageBusEventListenerNotification:33] **********Destination Added***********liferay/document_library_image_processor
2023-05-15 05:15:54.991 INFO  [main][MessageBusEventListenerNotification:33] **********Destination Added***********liferay/message_boards_mailing_list
2023-05-15 05:15:55.003 INFO  [main][MessageBusEventListenerNotification:33] **********Destination Added***********liferay/subscription_sender
2023-05-15 05:15:55.008 INFO  [main][MessageBusEventListenerNotification:33] **********Destination Added***********liferay/hot_deploy
2023-05-15 05:15:55.023 INFO  [main][MessageBusEventListenerNotification:33] **********Destination Added***********liferay/layouts_remote_publisher
2023-05-15 05:15:55.048 INFO  [main][MessageBusEventListenerNotification:33] **********Destination Added***********liferay/poller_comet_response
2023-05-15 05:15:55.057 INFO  [main][MessageBusEventListenerNotification:33] **********Destination Added***********liferay/poller_response
2023-05-15 05:15:55.085 INFO  [main][MessageBusEventListenerNotification:33] **********Destination Added***********liferay/poller
2023-05-15 05:15:55.105 INFO  [main][MessageBusEventListenerNotification:33] **********Destination Added***********liferay/workflow_definition
2023-05-15 05:15:55.112 INFO  [main][MessageBusEventListenerNotification:33] **********Destination Added***********liferay/workflow_instance
2023-05-15 05:15:55.120 INFO  [main][MessageBusEventListenerNotification:33] **********Destination Added***********liferay/workflow_log
2023-05-15 05:15:55.129 INFO  [main][MessageBusEventListenerNotification:33] **********Destination Added***********liferay/workflow_task
2023-05-15 05:15:55.139 INFO  [main][MessageBusEventListenerNotification:33] **********Destination Added***********liferay/workflow_engine
2023-05-15 05:15:55.148 INFO  [main][MessageBusEventListenerNotification:33] **********Destination Added***********liferay/workflow_comparator
2023-05-15 05:15:55.156 INFO  [main][MessageBusEventListenerNotification:33] **********Destination Added***********liferay/workflow_status
2023-05-15 05:15:55.166 INFO  [main][MessageBusEventListenerNotification:33] **********Destination Added***********liferay/mail
2023-05-15 05:15:55.188 INFO  [main][MessageBusEventListenerNotification:33] **********Destination Added***********liferay/audit
2023-05-15 05:15:55.225 INFO  [main][MessageBusEventListenerNotification:33] **********Destination Added***********liferay/export_import_lifecycle_event_async
2023-05-15 05:15:55.286 INFO  [main][MessageBusEventListenerNotification:33] **********Destination Added***********liferay/export_import_lifecycle_event_sync
2023-05-15 05:15:55.306 INFO  [main][MessageBusEventListenerNotification:33] **********Destination Added***********liferay/adaptive_media_processor
2023-05-15 05:15:55.323 INFO  [main][MessageBusEventListenerNotification:33] **********Destination Added***********liferay/ddm_structure_reindex
2023-05-15 05:15:55.350 INFO  [main][MessageBusEventListenerNotification:33] **********Destination Added***********liferay/scheduled_user_ldap_import
2023-05-15 05:15:55.379 INFO  [main][MessageBusEventListenerNotification:33] **********Destination Added***********liferay/search_reader/SYSTEM_ENGINE
2023-05-15 05:15:55.390 INFO  [main][MessageBusEventListenerNotification:33] **********Destination Added***********liferay/search_writer/SYSTEM_ENGINE
2023-05-15 05:15:56.701 INFO  [main][MessageBusEventListenerNotification:33] **********Destination Added***********liferay/segments_entry_reindex
2023-05-15 05:15:56.705 INFO  [main][MessageBusEventListenerNotification:33] **********Destination Added***********liferay/analytics_messages_processor
2023-05-15 05:15:56.724 INFO  [main][ParellelDestinationConfig:83] Destination is creared ..liferaysavvy/parallel-destination
2023-05-15 05:15:56.729 INFO  [main][MessageBusEventListenerNotification:33] **********Destination Added***********liferaysavvy/parallel-destination
2023-05-15 05:15:56.742 INFO  [main][ParellelDestinationConfig:90] Destination is registred with Service Regisration ..
2023-05-15 05:15:56.746 INFO  [main][SerialDestinationConfig:83] Destination is creared ..liferaysavvy/serial-destination
2023-05-15 05:15:56.749 INFO  [main][MessageBusEventListenerNotification:33] **********Destination Added***********liferaysavvy/serial-destination
2023-05-15 05:15:56.754 INFO  [main][SerialDestinationConfig:90] Destination is registred with Service Regisration ..
2023-05-15 05:15:56.775 INFO  [main][SynchronousDestinationConfig:83] Destination is creared ..liferaysavvy/synchronous-destination
2023-05-15 05:15:56.783 INFO  [main][DestinationListenerRegistrator:41] Message Listener Registered..com.liferaysavvy.messagebus.event.listener.DestinationRegisteredParallelMessageListener@48c80b0f
2023-05-15 05:15:56.795 INFO  [main][DestinationListenerRegistrator:45] Message Listener Registered..com.liferaysavvy.messagebus.event.listener.DestinationRegisteredSerialMessageListener@735fc94f
2023-05-15 05:15:56.797 INFO  [main][DestinationListenerRegistrator:49] Message Listener Registered..com.liferaysavvy.messagebus.event.listener.DestinationRegisteredSynchronousMessageListener@12ad3ac7
2023-05-15 05:15:56.798 INFO  [main][MessageBusEventListenerNotification:33] **********Destination Added***********liferaysavvy/synchronous-destination
2023-05-15 05:15:56.800 INFO  [main][SynchronousDestinationConfig:90] Destination is registred with Service Regisration ..
2023-05-15 05:15:56.818 INFO  [main][MessageBusEventListenerNotification:33] **********Destination Added***********liferay/monitoring
2023-05-15 05:15:56.823 INFO  [main][MessageBusEventListenerNotification:33] **********Destination Added***********liferay/tensorflow_model_download
2023-05-15 05:15:56.834 INFO  [main][MessageBusEventListenerNotification:33] **********Destination Added***********liferay/search_reader/GENERIC_ENGINE
2023-05-15 05:15:56.839 INFO  [main][MessageBusEventListenerNotification:33] **********Destination Added***********liferay/search_writer/GENERIC_ENGINE
2023-05-15 05:15:56.844 INFO  [main][MessageBusEventListenerNotification:33] **********Destination Added***********liferay/scripting_executor
2023-05-15 05:15:57.183 INFO  [main][MessageBusEventListenerNotification:33] **********Destination Added***********liferay/flags
2023-05-15 05:16:00.997 INFO  [main][StartupHelperUtil:86] There are no patches installed
2023-05-15 05:16:01.065 INFO  [main][LoggingTimer:83] Starting com.liferay.portal.events.StartupHelperUtil#initResourceActions
2023-05-15 05:16:01.134 INFO  [main][LoggingTimer:44] Completed com.liferay.portal.events.StartupHelperUtil#initResourceActions in 69 ms
2023-05-15 05:16:01.150 INFO  [main][MessageBusEventListenerNotification:33] **********Destination Added***********liferay/lcs_status
2023-05-15 05:16:01.175 INFO  [main][LicenseManager:-1] Digital Enterprise Development license validation passed
2023-05-15 05:16:02.762 INFO  [main][AutoDeployDir:176] Auto deploy scanner started for /media/root322/Data/Documents/LiferayWorkspace/bundles/deploy
2023-05-15 05:16:46.958 INFO  [com.liferay.portal.osgi.web.wab.extender.internal.WabFactory-BundleTrackerOpener][ThemeHotDeployListener:108] 1 theme for classic-theme is available for use
2023-05-15 05:16:47.282 INFO  [com.liferay.portal.osgi.web.wab.extender.internal.WabFactory-BundleTrackerOpener][ThemeHotDeployListener:108] 1 theme for dialect-theme is available for use
2023-05-15 05:16:47.470 INFO  [com.liferay.portal.osgi.web.wab.extender.internal.WabFactory-BundleTrackerOpener][ThemeHotDeployListener:108] 1 theme for speedwell-theme is available for use
2023-05-15 05:16:47.707 INFO  [com.liferay.portal.osgi.web.wab.extender.internal.WabFactory-BundleTrackerOpener][ThemeHotDeployListener:108] 1 theme for minium-theme is available for use
2023-05-15 05:16:48.015 INFO  [com.liferay.portal.osgi.web.wab.extender.internal.WabFactory-BundleTrackerOpener][ThemeHotDeployListener:108] 1 theme for admin-theme is available for use
2023-05-15 05:16:48.232 INFO  [com.liferay.portal.osgi.web.wab.extender.internal.WabFactory-BundleTrackerOpener][HookHotDeployListener:496] Hook for LangHook is available for use
2023-05-15 05:16:48.494 INFO  [com.liferay.portal.osgi.web.wab.extender.internal.WabFactory-BundleTrackerOpener][LayoutTemplateHotDeployListener:107] 1 layout template for LayoutTemplateDemo is available for use
2023-05-15 05:16:48.740 INFO  [com.liferay.portal.osgi.web.wab.extender.internal.WabFactory-BundleTrackerOpener][ThemeHotDeployListener:108] 1 theme for democlassictheme-theme is available for use
2023-05-15 05:16:49.050 INFO  [com.liferay.portal.osgi.web.wab.extender.internal.WabFactory-BundleTrackerOpener][ThemeHotDeployListener:108] 1 theme for demotheme-theme is available for use
2023-05-15 05:16:49.403 INFO  [com.liferay.portal.osgi.web.wab.extender.internal.WabFactory-BundleTrackerOpener][ThemeHotDeployListener:108] 1 theme for my-liferay-theme is available for use
2023-05-15 05:16:50.238 INFO  [com.liferay.portal.osgi.web.wab.extender.internal.WabFactory-BundleTrackerOpener][ThemeHotDeployListener:108] 1 theme for cstheme2-theme is available for use
2023-05-15 05:16:50.575 INFO  [com.liferay.portal.osgi.web.wab.extender.internal.WabFactory-BundleTrackerOpener][ThemeHotDeployListener:108] 1 theme for module-based-theme is available for use
2023-05-15 13:44:16.492 INFO  [Thread-7][ThemeHotDeployListener:171] 1 theme for module-based-theme was unregistered
2023-05-15 13:44:16.523 INFO  [Thread-7][ThemeHotDeployListener:171] 1 theme for cstheme2-theme was unregistered
2023-05-15 13:44:16.572 INFO  [Thread-7][ThemeHotDeployListener:171] 1 theme for my-liferay-theme was unregistered
2023-05-15 13:44:16.594 INFO  [Thread-7][ThemeHotDeployListener:171] 1 theme for demotheme-theme was unregistered
2023-05-15 13:44:16.614 INFO  [Thread-7][ThemeHotDeployListener:171] 1 theme for democlassictheme-theme was unregistered
2023-05-15 13:44:16.634 INFO  [Thread-7][LayoutTemplateHotDeployListener:156] 1 layout template for LayoutTemplateDemo was unregistered
2023-05-15 13:44:16.669 INFO  [Thread-7][HookHotDeployListener:544] Hook for LangHook was unregistered
2023-05-15 13:44:16.686 INFO  [Thread-7][ThemeHotDeployListener:171] 1 theme for admin-theme was unregistered
2023-05-15 13:44:16.707 INFO  [Thread-7][ThemeHotDeployListener:171] 1 theme for minium-theme was unregistered
2023-05-15 13:44:16.733 INFO  [Thread-7][ThemeHotDeployListener:171] 1 theme for speedwell-theme was unregistered
2023-05-15 13:44:16.756 INFO  [Thread-7][ThemeHotDeployListener:171] 1 theme for dialect-theme was unregistered
2023-05-15 13:44:16.779 INFO  [Thread-7][ThemeHotDeployListener:171] 1 theme for classic-theme was unregistered
