2023-03-07 09:10:40.764 INFO  [main][PortalContextLoaderListener:123] JVM arguments: -Dcatalina.base=/media/root322/Data/Documents/LiferayWorkspace/bundles/tomcat-9.0.56 -Dcatalina.home=/media/root322/Data/Documents/LiferayWorkspace/bundles/tomcat-9.0.56 -Dfile.encoding=UTF8 -Djava.io.tmpdir=/media/root322/Data/Documents/LiferayWorkspace/bundles/tomcat-9.0.56/temp -Djava.net.preferIPv4Stack=true -Djava.util.logging.config.file=/media/root322/Data/Documents/LiferayWorkspace/bundles/tomcat-9.0.56/conf/logging.properties -Djava.util.logging.manager=org.apache.juli.ClassLoaderLogManager -Dorg.apache.catalina.loader.WebappClassLoader.ENABLE_CLEAR_REFERENCES=false -Duser.timezone=GMT -Xmx2560m -XX:MaxMetaspaceSize=768m -XX:MetaspaceSize=768m -javaagent:/snap/intellij-idea-ultimate/405/lib/idea_rt.jar=37823:/snap/intellij-idea-ultimate/405/bin
2023-03-07 09:10:44.723 INFO  [main][DialectDetector:153] Using dialect org.hibernate.dialect.MySQL8Dialect for MySQL 8.0
2023-03-07 09:10:47.914 INFO  [main][ModuleFrameworkImpl:1279] Starting initial bundles
2023-03-07 09:10:48.401 INFO  [ModuleFramework-Static-Bundles-2][InterpolationConfigurationPlugin:109] Configured directory for secrets: /media/root322/Data/Documents/LiferayWorkspace/bundles/osgi/configs
2023-03-07 09:10:49.881 INFO  [ModuleFramework-Static-Bundles-7][DefaultLPKGDeployer:456] Using overriding JAR bundle LPKG-Override::/media/root322/Data/Documents/LiferayWorkspace/bundles/osgi/marketplace/override/com.liferay.document.library.web.jar
2023-03-07 09:10:49.882 INFO  [ModuleFramework-Static-Bundles-7][DefaultLPKGDeployer:456] Using overriding JAR bundle LPKG-Override::/media/root322/Data/Documents/LiferayWorkspace/bundles/osgi/marketplace/override/com.liferay.portal.language.lang.jar
2023-03-07 09:10:49.978 INFO  [main][ModuleFrameworkImpl:1576] Started initial bundles
2023-03-07 09:10:49.978 INFO  [main][ModuleFrameworkImpl:1625] Starting dynamic bundles
2023-03-07 09:11:05.043 INFO  [Start Level: Equinox Container: 64ddc5f3-cdeb-4db5-b695-2559c350cd27][MessageBusRegistrator:41] Message Listener Registered..com.liferaysavvy.messagebus.event.listener.MessageBusRegisteredParallelMessageListener@3ef5e3e0
2023-03-07 09:11:05.044 INFO  [Start Level: Equinox Container: 64ddc5f3-cdeb-4db5-b695-2559c350cd27][MessageBusRegistrator:45] Message Listener Registered..com.liferaysavvy.messagebus.event.listener.MessageBusRegisteredSerialMessageListener@1e939196
2023-03-07 09:11:05.045 INFO  [Start Level: Equinox Container: 64ddc5f3-cdeb-4db5-b695-2559c350cd27][MessageBusRegistrator:49] Message Listener Registered..com.liferaysavvy.messagebus.event.listener.MessageBusRegisteredSynchronousMessageListener@45fe0982
2023-03-07 09:11:05.179 INFO  [main][ModuleFrameworkImpl:1647] Started dynamic bundles
2023-03-07 09:11:05.179 INFO  [main][ModuleFrameworkImpl:1654] Starting web bundles
2023-03-07 09:11:08.035 INFO  [main][ModuleFrameworkImpl:1708] Started web bundles
2023-03-07 09:11:08.035 INFO  [main][ModuleFrameworkImpl:278] Navigate to Control Panel > System > Gogo Shell and enter "lb" to see all bundles
2023-03-07 09:11:08.048 INFO  [main][LoggingTimer:83] Starting com.liferay.portal.verify.VerifyProperties#verifySystemProperties
2023-03-07 09:11:08.049 INFO  [main][LoggingTimer:44] Completed com.liferay.portal.verify.VerifyProperties#verifySystemProperties in 0 ms
2023-03-07 09:11:08.049 INFO  [main][LoggingTimer:83] Starting com.liferay.portal.verify.VerifyProperties#verifyPortalProperties
2023-03-07 09:11:08.066 ERROR [main][VerifyProperties:182] Portal property "journal.article.form.add" is obsolete
2023-03-07 09:11:08.066 ERROR [main][VerifyProperties:182] Portal property "journal.article.form.update" is obsolete
2023-03-07 09:11:08.067 ERROR [main][VerifyProperties:182] Portal property "journal.article.form.translate" is obsolete
2023-03-07 09:11:08.067 INFO  [main][LoggingTimer:44] Completed com.liferay.portal.verify.VerifyProperties#verifyPortalProperties in 18 ms
2023-03-07 09:11:08.067 INFO  [main][LoggingTimer:83] Starting com.liferay.portal.verify.VerifyProperties#verifyDocumentLibrary
2023-03-07 09:11:08.068 INFO  [main][LoggingTimer:44] Completed com.liferay.portal.verify.VerifyProperties#verifyDocumentLibrary in 1 ms
2023-03-07 09:11:08.528 INFO  [main][LoggingTimer:83] Starting com.liferay.portal.events.StartupHelperUtil#initResourceActions
2023-03-07 09:11:08.585 INFO  [main][LoggingTimer:44] Completed com.liferay.portal.events.StartupHelperUtil#initResourceActions in 57 ms
2023-03-07 09:11:11.336 WARN  [main][SidecarManager:103] Liferay automatically starts a child process of Elasticsearch named sidecar for convenient development and demonstration purposes. Do NOT use sidecar in production. Refer to the documentation for details on the limitations of sidecar and instructions on configuring a remote Elasticsearch connection in the Control Panel.
2023-03-07 09:11:23.087 INFO  [main][Sidecar:119] Sidecar Elasticsearch liferay started at 127.0.0.1:9501
2023-03-07 09:11:26.177 INFO  [main][MessageBusEventListenerNotification:33] **********Destination Added***********liferay/scripting_executor
2023-03-07 09:11:26.185 INFO  [main][MessageBusEventListenerNotification:33] **********Destination Added***********liferay/export_import_lifecycle_event_async
2023-03-07 09:11:26.189 INFO  [main][MessageBusEventListenerNotification:33] **********Destination Added***********liferay/export_import_lifecycle_event_sync
2023-03-07 09:11:26.192 INFO  [main][MessageBusEventListenerNotification:33] **********Destination Added***********liferay/tensorflow_model_download
2023-03-07 09:11:26.196 INFO  [main][MessageBusEventListenerNotification:33] **********Destination Added***********liferay/segments_entry_reindex
2023-03-07 09:11:26.198 INFO  [main][MessageBusEventListenerNotification:33] **********Destination Added***********liferay/ddm_structure_reindex
2023-03-07 09:11:26.203 INFO  [main][MessageBusEventListenerNotification:33] **********Destination Added***********liferay/interest_terms
2023-03-07 09:11:26.207 INFO  [main][MessageBusEventListenerNotification:33] **********Destination Added***********liferay/message_bus/default_response
2023-03-07 09:11:26.209 INFO  [main][MessageBusEventListenerNotification:33] **********Destination Added***********liferay/message_bus/message_status
2023-03-07 09:11:26.211 INFO  [main][MessageBusEventListenerNotification:33] **********Destination Added***********liferay/live_users
2023-03-07 09:11:26.213 INFO  [main][MessageBusEventListenerNotification:33] **********Destination Added***********liferay/document_library_audio_processor
2023-03-07 09:11:26.215 INFO  [main][MessageBusEventListenerNotification:33] **********Destination Added***********liferay/async_service
2023-03-07 09:11:26.216 INFO  [main][MessageBusEventListenerNotification:33] **********Destination Added***********liferay/layouts_local_publisher
2023-03-07 09:11:26.218 INFO  [main][MessageBusEventListenerNotification:33] **********Destination Added***********liferay/convert_process
2023-03-07 09:11:26.219 INFO  [main][MessageBusEventListenerNotification:33] **********Destination Added***********liferay/document_library_pdf_processor
2023-03-07 09:11:26.221 INFO  [main][MessageBusEventListenerNotification:33] **********Destination Added***********liferay/subscription_clean_up
2023-03-07 09:11:26.223 INFO  [main][MessageBusEventListenerNotification:33] **********Destination Added***********liferay/document_library_video_processor
2023-03-07 09:11:26.224 INFO  [main][MessageBusEventListenerNotification:33] **********Destination Added***********liferay/document_library_raw_metadata_processor
2023-03-07 09:11:26.226 INFO  [main][MessageBusEventListenerNotification:33] **********Destination Added***********liferay/document_library_image_processor
2023-03-07 09:11:26.229 INFO  [main][MessageBusEventListenerNotification:33] **********Destination Added***********liferay/message_boards_mailing_list
2023-03-07 09:11:26.231 INFO  [main][MessageBusEventListenerNotification:33] **********Destination Added***********liferay/subscription_sender
2023-03-07 09:11:26.233 INFO  [main][MessageBusEventListenerNotification:33] **********Destination Added***********liferay/hot_deploy
2023-03-07 09:11:26.234 INFO  [main][MessageBusEventListenerNotification:33] **********Destination Added***********liferay/layouts_remote_publisher
2023-03-07 09:11:26.243 INFO  [main][MessageBusEventListenerNotification:33] **********Destination Added***********liferay/poller_comet_response
2023-03-07 09:11:26.245 INFO  [main][MessageBusEventListenerNotification:33] **********Destination Added***********liferay/poller_response
2023-03-07 09:11:26.247 INFO  [main][MessageBusEventListenerNotification:33] **********Destination Added***********liferay/poller
2023-03-07 09:11:26.251 INFO  [main][MessageBusEventListenerNotification:33] **********Destination Added***********liferay/workflow_definition
2023-03-07 09:11:26.253 INFO  [main][MessageBusEventListenerNotification:33] **********Destination Added***********liferay/workflow_instance
2023-03-07 09:11:26.257 INFO  [main][MessageBusEventListenerNotification:33] **********Destination Added***********liferay/workflow_log
2023-03-07 09:11:26.259 INFO  [main][MessageBusEventListenerNotification:33] **********Destination Added***********liferay/workflow_task
2023-03-07 09:11:26.261 INFO  [main][MessageBusEventListenerNotification:33] **********Destination Added***********liferay/workflow_engine
2023-03-07 09:11:26.262 INFO  [main][MessageBusEventListenerNotification:33] **********Destination Added***********liferay/workflow_comparator
2023-03-07 09:11:26.264 INFO  [main][MessageBusEventListenerNotification:33] **********Destination Added***********liferay/workflow_status
2023-03-07 09:11:26.266 INFO  [main][MessageBusEventListenerNotification:33] **********Destination Added***********liferay/mail
2023-03-07 09:11:26.270 INFO  [main][MessageBusEventListenerNotification:33] **********Destination Added***********liferay/adaptive_media_processor
2023-03-07 09:11:26.275 INFO  [main][MessageBusEventListenerNotification:33] **********Destination Added***********liferay/search_reader/GENERIC_ENGINE
2023-03-07 09:11:26.278 INFO  [main][MessageBusEventListenerNotification:33] **********Destination Added***********liferay/search_writer/GENERIC_ENGINE
2023-03-07 09:11:26.286 INFO  [main][MessageBusEventListenerNotification:33] **********Destination Added***********liferay/search_reader/SYSTEM_ENGINE
2023-03-07 09:11:26.290 INFO  [main][MessageBusEventListenerNotification:33] **********Destination Added***********liferay/search_writer/SYSTEM_ENGINE
2023-03-07 09:11:27.050 INFO  [main][ParellelDestinationConfig:83] Destination is creared ..liferaysavvy/parallel-destination
2023-03-07 09:11:27.052 INFO  [main][MessageBusEventListenerNotification:33] **********Destination Added***********liferaysavvy/parallel-destination
2023-03-07 09:11:27.054 INFO  [main][ParellelDestinationConfig:90] Destination is registred with Service Regisration ..
2023-03-07 09:11:27.057 INFO  [main][SerialDestinationConfig:83] Destination is creared ..liferaysavvy/serial-destination
2023-03-07 09:11:27.059 INFO  [main][MessageBusEventListenerNotification:33] **********Destination Added***********liferaysavvy/serial-destination
2023-03-07 09:11:27.061 INFO  [main][SerialDestinationConfig:90] Destination is registred with Service Regisration ..
2023-03-07 09:11:27.064 INFO  [main][SynchronousDestinationConfig:83] Destination is creared ..liferaysavvy/synchronous-destination
2023-03-07 09:11:27.065 INFO  [main][MessageBusEventListenerNotification:33] **********Destination Added***********liferaysavvy/synchronous-destination
2023-03-07 09:11:27.070 INFO  [main][DestinationListenerRegistrator:41] Message Listener Registered..com.liferaysavvy.messagebus.event.listener.DestinationRegisteredParallelMessageListener@43085d7f
2023-03-07 09:11:27.071 INFO  [main][DestinationListenerRegistrator:45] Message Listener Registered..com.liferaysavvy.messagebus.event.listener.DestinationRegisteredSerialMessageListener@3edc3c2e
2023-03-07 09:11:27.072 INFO  [main][DestinationListenerRegistrator:49] Message Listener Registered..com.liferaysavvy.messagebus.event.listener.DestinationRegisteredSynchronousMessageListener@57730842
2023-03-07 09:11:27.073 INFO  [main][SynchronousDestinationConfig:90] Destination is registred with Service Regisration ..
2023-03-07 09:11:27.075 INFO  [main][MessageBusEventListenerNotification:33] **********Destination Added***********liferay/scheduled_user_ldap_import
2023-03-07 09:11:27.080 INFO  [main][MessageBusEventListenerNotification:33] **********Destination Added***********liferay/commerce_base_price_list
2023-03-07 09:11:27.083 INFO  [main][MessageBusEventListenerNotification:33] **********Destination Added***********liferay/commerce_order_status
2023-03-07 09:11:27.085 INFO  [main][MessageBusEventListenerNotification:33] **********Destination Added***********liferay/commerce_payment_status
2023-03-07 09:11:27.088 INFO  [main][MessageBusEventListenerNotification:33] **********Destination Added***********liferay/commerce_shipment_status
2023-03-07 09:11:27.091 INFO  [main][MessageBusEventListenerNotification:33] **********Destination Added***********liferay/commerce_subscription_status
2023-03-07 09:11:27.097 INFO  [main][MessageBusEventListenerNotification:33] **********Destination Added***********liferay/monitoring
2023-03-07 09:11:27.107 INFO  [main][MessageBusEventListenerNotification:33] **********Destination Added***********liferay/analytics_messages_processor
2023-03-07 09:11:27.112 INFO  [main][MessageBusEventListenerNotification:33] **********Destination Added***********liferay/audit
2023-03-07 09:11:27.542 INFO  [main][MessageBusEventListenerNotification:33] **********Destination Added***********liferay/flags
2023-03-07 09:11:29.026 INFO  [main][StartupHelperUtil:86] There are no patches installed
2023-03-07 09:11:29.044 INFO  [main][LoggingTimer:83] Starting com.liferay.portal.events.StartupHelperUtil#initResourceActions
2023-03-07 09:11:29.092 INFO  [main][LoggingTimer:44] Completed com.liferay.portal.events.StartupHelperUtil#initResourceActions in 48 ms
2023-03-07 09:11:29.098 INFO  [main][MessageBusEventListenerNotification:33] **********Destination Added***********liferay/lcs_status
2023-03-07 09:11:29.128 INFO  [main][LicenseManager:-1] Digital Enterprise Development license validation passed
2023-03-07 09:11:29.589 INFO  [main][AutoDeployDir:176] Auto deploy scanner started for /media/root322/Data/Documents/LiferayWorkspace/bundles/deploy
2023-03-07 09:12:15.231 INFO  [com.liferay.portal.osgi.web.wab.extender.internal.WabFactory-BundleTrackerOpener][ThemeHotDeployListener:108] 1 theme for classic-theme is available for use
2023-03-07 09:12:15.548 INFO  [com.liferay.portal.osgi.web.wab.extender.internal.WabFactory-BundleTrackerOpener][ThemeHotDeployListener:108] 1 theme for dialect-theme is available for use
2023-03-07 09:12:15.980 INFO  [com.liferay.portal.osgi.web.wab.extender.internal.WabFactory-BundleTrackerOpener][ThemeHotDeployListener:108] 1 theme for speedwell-theme is available for use
2023-03-07 09:12:16.333 INFO  [com.liferay.portal.osgi.web.wab.extender.internal.WabFactory-BundleTrackerOpener][ThemeHotDeployListener:108] 1 theme for minium-theme is available for use
2023-03-07 09:12:16.623 INFO  [com.liferay.portal.osgi.web.wab.extender.internal.WabFactory-BundleTrackerOpener][ThemeHotDeployListener:108] 1 theme for admin-theme is available for use
2023-03-07 09:12:16.938 INFO  [com.liferay.portal.osgi.web.wab.extender.internal.WabFactory-BundleTrackerOpener][HookHotDeployListener:496] Hook for LangHook is available for use
2023-03-07 09:12:17.172 INFO  [com.liferay.portal.osgi.web.wab.extender.internal.WabFactory-BundleTrackerOpener][LayoutTemplateHotDeployListener:107] 1 layout template for LayoutTemplateDemo is available for use
2023-03-07 09:12:17.417 INFO  [com.liferay.portal.osgi.web.wab.extender.internal.WabFactory-BundleTrackerOpener][ThemeHotDeployListener:108] 1 theme for democlassictheme-theme is available for use
2023-03-07 09:12:17.709 INFO  [com.liferay.portal.osgi.web.wab.extender.internal.WabFactory-BundleTrackerOpener][ThemeHotDeployListener:108] 1 theme for demotheme-theme is available for use
2023-03-07 09:12:17.890 INFO  [com.liferay.portal.osgi.web.wab.extender.internal.WabFactory-BundleTrackerOpener][ThemeHotDeployListener:108] 1 theme for my-liferay-theme is available for use
2023-03-07 09:12:18.249 INFO  [com.liferay.portal.osgi.web.wab.extender.internal.WabFactory-BundleTrackerOpener][ThemeHotDeployListener:108] 1 theme for cstheme2-theme is available for use
2023-03-07 09:12:18.455 INFO  [com.liferay.portal.osgi.web.wab.extender.internal.WabFactory-BundleTrackerOpener][ThemeHotDeployListener:108] 1 theme for module-based-theme is available for use
2023-03-07 09:27:21.384 INFO  [fileinstall-directory-watcher][BundleStartStopLogger:80] STOPPED com.liferay.docs.guestbook.api_1.0.0 [1848]
2023-03-07 09:27:21.643 INFO  [fileinstall-directory-watcher][BundleStartStopLogger:80] STOPPED com.liferay.docs.guestbook.service_1.0.0 [1849]
2023-03-07 09:27:21.709 INFO  [Refresh Thread: Equinox Container: 64ddc5f3-cdeb-4db5-b695-2559c350cd27][BundleStartStopLogger:80] STOPPED com.liferay.docs.guestbook.portlet_1.0.0 [1835]
2023-03-07 09:27:21.853 INFO  [Refresh Thread: Equinox Container: 64ddc5f3-cdeb-4db5-b695-2559c350cd27][BundleStartStopLogger:80] STOPPED background-task_1.0.0 [1803]
2023-03-07 09:27:21.922 ERROR [fileinstall-directory-watcher][DirectoryWatcher:1173] Unable to start bundle: file:/media/root322/Data/Documents/LiferayWorkspace/bundles/osgi/modules/com.liferay.docs.guestbook.portlet.jar
com.liferay.portal.kernel.log.LogSanitizerException: org.osgi.framework.BundleException: Could not resolve module: com.liferay.docs.guestbook.portlet [1835]_  Unresolved requirement: Import-Package: com.liferay.docs.guestbook.model; version="1.0.0"_ [Sanitized]
	at org.eclipse.osgi.container.Module.start(Module.java:444) ~[org.eclipse.osgi.jar:?]
	at org.eclipse.osgi.internal.framework.EquinoxBundle.start(EquinoxBundle.java:428) ~[org.eclipse.osgi.jar:?]
	at com.liferay.portal.file.install.internal.DirectoryWatcher._startBundle(DirectoryWatcher.java:1156) [bundleFile:?]
	at com.liferay.portal.file.install.internal.DirectoryWatcher._startBundles(DirectoryWatcher.java:1189) [bundleFile:?]
	at com.liferay.portal.file.install.internal.DirectoryWatcher._startAllBundles(DirectoryWatcher.java:1130) [bundleFile:?]
	at com.liferay.portal.file.install.internal.DirectoryWatcher._process(DirectoryWatcher.java:1041) [bundleFile:?]
	at com.liferay.portal.file.install.internal.DirectoryWatcher.run(DirectoryWatcher.java:221) [bundleFile:?]
2023-03-07 09:27:21.928 ERROR [fileinstall-directory-watcher][DirectoryWatcher:1173] Unable to start bundle: file:/media/root322/Data/Documents/LiferayWorkspace/bundles/osgi/modules/background-task.jar
com.liferay.portal.kernel.log.LogSanitizerException: org.osgi.framework.BundleException: Could not resolve module: background-task [1803]_  Unresolved requirement: Import-Package: com.liferay.docs.guestbook.model_ [Sanitized]
	at org.eclipse.osgi.container.Module.start(Module.java:444) ~[org.eclipse.osgi.jar:?]
	at org.eclipse.osgi.internal.framework.EquinoxBundle.start(EquinoxBundle.java:428) ~[org.eclipse.osgi.jar:?]
	at com.liferay.portal.file.install.internal.DirectoryWatcher._startBundle(DirectoryWatcher.java:1156) [bundleFile:?]
	at com.liferay.portal.file.install.internal.DirectoryWatcher._startBundles(DirectoryWatcher.java:1189) [bundleFile:?]
	at com.liferay.portal.file.install.internal.DirectoryWatcher._startAllBundles(DirectoryWatcher.java:1130) [bundleFile:?]
	at com.liferay.portal.file.install.internal.DirectoryWatcher._process(DirectoryWatcher.java:1041) [bundleFile:?]
	at com.liferay.portal.file.install.internal.DirectoryWatcher.run(DirectoryWatcher.java:221) [bundleFile:?]
2023-03-07 09:28:37.531 INFO  [Refresh Thread: Equinox Container: 64ddc5f3-cdeb-4db5-b695-2559c350cd27][BundleStartStopLogger:77] STARTED background-task_1.0.0 [1803]
2023-03-07 09:28:37.605 INFO  [Refresh Thread: Equinox Container: 64ddc5f3-cdeb-4db5-b695-2559c350cd27][BundleStartStopLogger:77] STARTED com.liferay.docs.guestbook.portlet_1.0.0 [1835]
2023-03-07 09:28:37.800 ERROR [fileinstall-directory-watcher][ServiceConfigurationInitializer:107] Unable to initialize service component
com.liferay.portal.kernel.exception.OldServiceComponentException: Build namespace GB has build number 83 which is newer than 59
	at com.liferay.portal.service.impl.ServiceComponentLocalServiceImpl.initServiceComponent(ServiceComponentLocalServiceImpl.java:192) ~[portal-impl.jar:?]
	at jdk.internal.reflect.GeneratedMethodAccessor133.invoke(Unknown Source) ~[?:?]
	at jdk.internal.reflect.DelegatingMethodAccessorImpl.invoke(DelegatingMethodAccessorImpl.java:43) ~[?:?]
	at java.lang.reflect.Method.invoke(Method.java:566) ~[?:?]
	at com.liferay.portal.spring.aop.AopMethodInvocationImpl.proceed(AopMethodInvocationImpl.java:50) ~[portal-impl.jar:?]
	at com.liferay.portal.spring.transaction.TransactionInterceptor.invoke(TransactionInterceptor.java:69) ~[portal-impl.jar:?]
	at com.liferay.portal.spring.aop.AopMethodInvocationImpl.proceed(AopMethodInvocationImpl.java:57) ~[portal-impl.jar:?]
	at com.liferay.change.tracking.internal.aop.CTTransactionAdvice.invoke(CTTransactionAdvice.java:79) ~[?:?]
	at com.liferay.portal.spring.aop.AopMethodInvocationImpl.proceed(AopMethodInvocationImpl.java:57) ~[portal-impl.jar:?]
	at com.liferay.portal.spring.aop.AopInvocationHandler.invoke(AopInvocationHandler.java:49) ~[portal-impl.jar:?]
	at com.sun.proxy.$Proxy285.initServiceComponent(Unknown Source) ~[?:?]
	at com.liferay.portal.spring.extender.internal.configuration.ServiceConfigurationInitializer._initServiceComponent(ServiceConfigurationInitializer.java:102) ~[?:?]
	at com.liferay.portal.spring.extender.internal.configuration.ServiceConfigurationInitializer.start(ServiceConfigurationInitializer.java:64) ~[?:?]
	at jdk.internal.reflect.GeneratedMethodAccessor132.invoke(Unknown Source) ~[?:?]
	at jdk.internal.reflect.DelegatingMethodAccessorImpl.invoke(DelegatingMethodAccessorImpl.java:43) ~[?:?]
	at java.lang.reflect.Method.invoke(Method.java:566) ~[?:?]
	at org.apache.felix.dm.impl.InvocationUtil.invokeMethod(InvocationUtil.java:157) ~[bundleFile:?]
	at org.apache.felix.dm.impl.InvocationUtil.invokeCallbackMethod(InvocationUtil.java:112) ~[bundleFile:?]
	at org.apache.felix.dm.impl.ComponentImpl.invokeCallbackMethod(ComponentImpl.java:638) ~[bundleFile:?]
	at org.apache.felix.dm.impl.ComponentImpl.invoke(ComponentImpl.java:1783) ~[bundleFile:?]
	at org.apache.felix.dm.impl.ComponentImpl.invokeStart(ComponentImpl.java:1281) ~[bundleFile:?]
	at org.apache.felix.dm.impl.ComponentImpl.performTransition(ComponentImpl.java:1232) ~[bundleFile:?]
	at org.apache.felix.dm.impl.ComponentImpl.handleChange(ComponentImpl.java:1166) ~[bundleFile:?]
	at org.apache.felix.dm.impl.ComponentImpl.lambda$start$2(ComponentImpl.java:502) ~[bundleFile:?]
	at org.apache.felix.dm.impl.SerialExecutor.runTask(SerialExecutor.java:138) [bundleFile:?]
	at org.apache.felix.dm.impl.SerialExecutor.runTasks(SerialExecutor.java:120) [bundleFile:?]
	at org.apache.felix.dm.impl.SerialExecutor.execute(SerialExecutor.java:86) [bundleFile:?]
	at org.apache.felix.dm.impl.SerialExecutor.execute(SerialExecutor.java:105) [bundleFile:?]
	at org.apache.felix.dm.impl.ComponentImpl.start(ComponentImpl.java:500) [bundleFile:?]
	at org.apache.felix.dm.impl.ComponentScheduler.add(ComponentScheduler.java:69) [bundleFile:?]
	at org.apache.felix.dm.DependencyManager.add(DependencyManager.java:141) [bundleFile:?]
	at com.liferay.portal.spring.extender.internal.configuration.ServiceConfigurationExtender$ServiceConfigurationExtension.start(ServiceConfigurationExtender.java:111) [bundleFile:?]
	at com.liferay.portal.spring.extender.internal.configuration.ServiceConfigurationExtender.addingBundle(ServiceConfigurationExtender.java:85) [bundleFile:?]
	at com.liferay.portal.spring.extender.internal.configuration.ServiceConfigurationExtender.addingBundle(ServiceConfigurationExtender.java:46) [bundleFile:?]
	at org.osgi.util.tracker.BundleTracker$Tracked.customizerAdding(BundleTracker.java:475) [org.eclipse.osgi.jar:?]
	at org.osgi.util.tracker.BundleTracker$Tracked.customizerAdding(BundleTracker.java:1) [org.eclipse.osgi.jar:?]
	at org.osgi.util.tracker.AbstractTracked.trackAdding(AbstractTracked.java:256) [org.eclipse.osgi.jar:?]
	at org.osgi.util.tracker.AbstractTracked.track(AbstractTracked.java:229) [org.eclipse.osgi.jar:?]
	at org.osgi.util.tracker.BundleTracker$Tracked.bundleChanged(BundleTracker.java:450) [org.eclipse.osgi.jar:?]
	at org.eclipse.osgi.internal.framework.BundleContextImpl.dispatchEvent(BundleContextImpl.java:908) [org.eclipse.osgi.jar:?]
	at org.eclipse.osgi.framework.eventmgr.EventManager.dispatchEvent(EventManager.java:230) [org.eclipse.osgi.jar:?]
	at org.eclipse.osgi.framework.eventmgr.ListenerQueue.dispatchEventSynchronous(ListenerQueue.java:148) [org.eclipse.osgi.jar:?]
	at org.eclipse.osgi.internal.framework.EquinoxEventPublisher.publishBundleEventPrivileged(EquinoxEventPublisher.java:230) [org.eclipse.osgi.jar:?]
	at org.eclipse.osgi.internal.framework.EquinoxEventPublisher.publishBundleEvent(EquinoxEventPublisher.java:137) [org.eclipse.osgi.jar:?]
	at org.eclipse.osgi.internal.framework.EquinoxEventPublisher.publishBundleEvent(EquinoxEventPublisher.java:129) [org.eclipse.osgi.jar:?]
	at org.eclipse.osgi.internal.framework.EquinoxContainerAdaptor.publishModuleEvent(EquinoxContainerAdaptor.java:191) [org.eclipse.osgi.jar:?]
	at org.eclipse.osgi.container.Module.publishEvent(Module.java:476) [org.eclipse.osgi.jar:?]
	at org.eclipse.osgi.container.Module.doStart(Module.java:578) [org.eclipse.osgi.jar:?]
	at org.eclipse.osgi.container.Module.start(Module.java:449) [org.eclipse.osgi.jar:?]
	at org.eclipse.osgi.internal.framework.EquinoxBundle.start(EquinoxBundle.java:428) [org.eclipse.osgi.jar:?]
	at com.liferay.portal.file.install.internal.DirectoryWatcher._startBundle(DirectoryWatcher.java:1156) [bundleFile:?]
	at com.liferay.portal.file.install.internal.DirectoryWatcher._startBundles(DirectoryWatcher.java:1189) [bundleFile:?]
	at com.liferay.portal.file.install.internal.DirectoryWatcher._process(DirectoryWatcher.java:1046) [bundleFile:?]
	at com.liferay.portal.file.install.internal.DirectoryWatcher.run(DirectoryWatcher.java:221) [bundleFile:?]
2023-03-07 09:28:37.831 INFO  [fileinstall-directory-watcher][BundleStartStopLogger:77] STARTED com.liferay.docs.guestbook.service_1.0.0 [1852]
2023-03-07 09:28:38.043 INFO  [fileinstall-directory-watcher][BundleStartStopLogger:77] STARTED com.liferay.docs.guestbook.api_1.0.0 [1851]
2023-03-07 09:31:58.814 INFO  [fileinstall-directory-watcher][BundleStartStopLogger:80] STOPPED com.liferay.docs.guestbook.service_1.0.0 [1852]
2023-03-07 09:31:59.147 ERROR [Refresh Thread: Equinox Container: 64ddc5f3-cdeb-4db5-b695-2559c350cd27][ServiceConfigurationInitializer:107] Unable to initialize service component
com.liferay.portal.kernel.exception.OldServiceComponentException: Build namespace GB has build number 83 which is newer than 60
	at com.liferay.portal.service.impl.ServiceComponentLocalServiceImpl.initServiceComponent(ServiceComponentLocalServiceImpl.java:192) ~[portal-impl.jar:?]
	at jdk.internal.reflect.GeneratedMethodAccessor133.invoke(Unknown Source) ~[?:?]
	at jdk.internal.reflect.DelegatingMethodAccessorImpl.invoke(DelegatingMethodAccessorImpl.java:43) ~[?:?]
	at java.lang.reflect.Method.invoke(Method.java:566) ~[?:?]
	at com.liferay.portal.spring.aop.AopMethodInvocationImpl.proceed(AopMethodInvocationImpl.java:50) ~[portal-impl.jar:?]
	at com.liferay.portal.spring.transaction.TransactionInterceptor.invoke(TransactionInterceptor.java:69) ~[portal-impl.jar:?]
	at com.liferay.portal.spring.aop.AopMethodInvocationImpl.proceed(AopMethodInvocationImpl.java:57) ~[portal-impl.jar:?]
	at com.liferay.change.tracking.internal.aop.CTTransactionAdvice.invoke(CTTransactionAdvice.java:79) ~[?:?]
	at com.liferay.portal.spring.aop.AopMethodInvocationImpl.proceed(AopMethodInvocationImpl.java:57) ~[portal-impl.jar:?]
	at com.liferay.portal.spring.aop.AopInvocationHandler.invoke(AopInvocationHandler.java:49) ~[portal-impl.jar:?]
	at com.sun.proxy.$Proxy285.initServiceComponent(Unknown Source) ~[?:?]
	at com.liferay.portal.spring.extender.internal.configuration.ServiceConfigurationInitializer._initServiceComponent(ServiceConfigurationInitializer.java:102) ~[?:?]
	at com.liferay.portal.spring.extender.internal.configuration.ServiceConfigurationInitializer.start(ServiceConfigurationInitializer.java:64) ~[?:?]
	at jdk.internal.reflect.GeneratedMethodAccessor132.invoke(Unknown Source) ~[?:?]
	at jdk.internal.reflect.DelegatingMethodAccessorImpl.invoke(DelegatingMethodAccessorImpl.java:43) ~[?:?]
	at java.lang.reflect.Method.invoke(Method.java:566) ~[?:?]
	at org.apache.felix.dm.impl.InvocationUtil.invokeMethod(InvocationUtil.java:157) ~[bundleFile:?]
	at org.apache.felix.dm.impl.InvocationUtil.invokeCallbackMethod(InvocationUtil.java:112) ~[bundleFile:?]
	at org.apache.felix.dm.impl.ComponentImpl.invokeCallbackMethod(ComponentImpl.java:638) ~[bundleFile:?]
	at org.apache.felix.dm.impl.ComponentImpl.invoke(ComponentImpl.java:1783) ~[bundleFile:?]
	at org.apache.felix.dm.impl.ComponentImpl.invokeStart(ComponentImpl.java:1281) ~[bundleFile:?]
	at org.apache.felix.dm.impl.ComponentImpl.performTransition(ComponentImpl.java:1232) ~[bundleFile:?]
	at org.apache.felix.dm.impl.ComponentImpl.handleChange(ComponentImpl.java:1166) ~[bundleFile:?]
	at org.apache.felix.dm.impl.ComponentImpl.lambda$start$2(ComponentImpl.java:502) ~[bundleFile:?]
	at org.apache.felix.dm.impl.SerialExecutor.runTask(SerialExecutor.java:138) [bundleFile:?]
	at org.apache.felix.dm.impl.SerialExecutor.runTasks(SerialExecutor.java:120) [bundleFile:?]
	at org.apache.felix.dm.impl.SerialExecutor.execute(SerialExecutor.java:86) [bundleFile:?]
	at org.apache.felix.dm.impl.SerialExecutor.execute(SerialExecutor.java:105) [bundleFile:?]
	at org.apache.felix.dm.impl.ComponentImpl.start(ComponentImpl.java:500) [bundleFile:?]
	at org.apache.felix.dm.impl.ComponentScheduler.add(ComponentScheduler.java:69) [bundleFile:?]
	at org.apache.felix.dm.DependencyManager.add(DependencyManager.java:141) [bundleFile:?]
	at com.liferay.portal.spring.extender.internal.configuration.ServiceConfigurationExtender$ServiceConfigurationExtension.start(ServiceConfigurationExtender.java:111) [bundleFile:?]
	at com.liferay.portal.spring.extender.internal.configuration.ServiceConfigurationExtender.addingBundle(ServiceConfigurationExtender.java:85) [bundleFile:?]
	at com.liferay.portal.spring.extender.internal.configuration.ServiceConfigurationExtender.addingBundle(ServiceConfigurationExtender.java:46) [bundleFile:?]
	at org.osgi.util.tracker.BundleTracker$Tracked.customizerAdding(BundleTracker.java:475) [org.eclipse.osgi.jar:?]
	at org.osgi.util.tracker.BundleTracker$Tracked.customizerAdding(BundleTracker.java:1) [org.eclipse.osgi.jar:?]
	at org.osgi.util.tracker.AbstractTracked.trackAdding(AbstractTracked.java:256) [org.eclipse.osgi.jar:?]
	at org.osgi.util.tracker.AbstractTracked.track(AbstractTracked.java:229) [org.eclipse.osgi.jar:?]
	at org.osgi.util.tracker.BundleTracker$Tracked.bundleChanged(BundleTracker.java:450) [org.eclipse.osgi.jar:?]
	at org.eclipse.osgi.internal.framework.BundleContextImpl.dispatchEvent(BundleContextImpl.java:908) [org.eclipse.osgi.jar:?]
	at org.eclipse.osgi.framework.eventmgr.EventManager.dispatchEvent(EventManager.java:230) [org.eclipse.osgi.jar:?]
	at org.eclipse.osgi.framework.eventmgr.ListenerQueue.dispatchEventSynchronous(ListenerQueue.java:148) [org.eclipse.osgi.jar:?]
	at org.eclipse.osgi.internal.framework.EquinoxEventPublisher.publishBundleEventPrivileged(EquinoxEventPublisher.java:230) [org.eclipse.osgi.jar:?]
	at org.eclipse.osgi.internal.framework.EquinoxEventPublisher.publishBundleEvent(EquinoxEventPublisher.java:137) [org.eclipse.osgi.jar:?]
	at org.eclipse.osgi.internal.framework.EquinoxEventPublisher.publishBundleEvent(EquinoxEventPublisher.java:129) [org.eclipse.osgi.jar:?]
	at org.eclipse.osgi.internal.framework.EquinoxContainerAdaptor.publishModuleEvent(EquinoxContainerAdaptor.java:191) [org.eclipse.osgi.jar:?]
	at org.eclipse.osgi.container.Module.publishEvent(Module.java:476) [org.eclipse.osgi.jar:?]
	at org.eclipse.osgi.container.Module.doStart(Module.java:578) [org.eclipse.osgi.jar:?]
	at org.eclipse.osgi.container.Module.start(Module.java:449) [org.eclipse.osgi.jar:?]
	at org.eclipse.osgi.framework.util.SecureAction.start(SecureAction.java:468) [org.eclipse.osgi.jar:?]
	at org.eclipse.osgi.container.ModuleContainer.start(ModuleContainer.java:777) [org.eclipse.osgi.jar:?]
	at org.eclipse.osgi.container.ModuleContainer.applyDelta(ModuleContainer.java:768) [org.eclipse.osgi.jar:?]
	at org.eclipse.osgi.container.ModuleContainer.resolveAndApply(ModuleContainer.java:538) [org.eclipse.osgi.jar:?]
	at org.eclipse.osgi.container.ModuleContainer.resolve(ModuleContainer.java:484) [org.eclipse.osgi.jar:?]
	at org.eclipse.osgi.container.ModuleContainer.refresh(ModuleContainer.java:1028) [org.eclipse.osgi.jar:?]
	at org.eclipse.osgi.container.ModuleContainer$ContainerWiring.dispatchEvent(ModuleContainer.java:1409) [org.eclipse.osgi.jar:?]
	at org.eclipse.osgi.container.ModuleContainer$ContainerWiring.dispatchEvent(ModuleContainer.java:1) [org.eclipse.osgi.jar:?]
	at org.eclipse.osgi.framework.eventmgr.EventManager.dispatchEvent(EventManager.java:230) [org.eclipse.osgi.jar:?]
	at org.eclipse.osgi.framework.eventmgr.EventManager$EventThread.run(EventManager.java:340) [org.eclipse.osgi.jar:?]
2023-03-07 09:31:59.159 INFO  [Refresh Thread: Equinox Container: 64ddc5f3-cdeb-4db5-b695-2559c350cd27][BundleStartStopLogger:77] STARTED com.liferay.docs.guestbook.service_1.0.0 [1852]
2023-03-07 09:36:10.202 INFO  [fileinstall-directory-watcher][BundleStartStopLogger:80] STOPPED com.liferay.docs.guestbook.service_1.0.0 [1852]
2023-03-07 09:36:10.631 ERROR [Refresh Thread: Equinox Container: 64ddc5f3-cdeb-4db5-b695-2559c350cd27][ServiceConfigurationInitializer:107] Unable to initialize service component
com.liferay.portal.kernel.exception.OldServiceComponentException: Build namespace GB has build number 83 which is newer than 61
	at com.liferay.portal.service.impl.ServiceComponentLocalServiceImpl.initServiceComponent(ServiceComponentLocalServiceImpl.java:192) ~[portal-impl.jar:?]
	at jdk.internal.reflect.GeneratedMethodAccessor133.invoke(Unknown Source) ~[?:?]
	at jdk.internal.reflect.DelegatingMethodAccessorImpl.invoke(DelegatingMethodAccessorImpl.java:43) ~[?:?]
	at java.lang.reflect.Method.invoke(Method.java:566) ~[?:?]
	at com.liferay.portal.spring.aop.AopMethodInvocationImpl.proceed(AopMethodInvocationImpl.java:50) ~[portal-impl.jar:?]
	at com.liferay.portal.spring.transaction.TransactionInterceptor.invoke(TransactionInterceptor.java:69) ~[portal-impl.jar:?]
	at com.liferay.portal.spring.aop.AopMethodInvocationImpl.proceed(AopMethodInvocationImpl.java:57) ~[portal-impl.jar:?]
	at com.liferay.change.tracking.internal.aop.CTTransactionAdvice.invoke(CTTransactionAdvice.java:79) ~[?:?]
	at com.liferay.portal.spring.aop.AopMethodInvocationImpl.proceed(AopMethodInvocationImpl.java:57) ~[portal-impl.jar:?]
	at com.liferay.portal.spring.aop.AopInvocationHandler.invoke(AopInvocationHandler.java:49) ~[portal-impl.jar:?]
	at com.sun.proxy.$Proxy285.initServiceComponent(Unknown Source) ~[?:?]
	at com.liferay.portal.spring.extender.internal.configuration.ServiceConfigurationInitializer._initServiceComponent(ServiceConfigurationInitializer.java:102) ~[?:?]
	at com.liferay.portal.spring.extender.internal.configuration.ServiceConfigurationInitializer.start(ServiceConfigurationInitializer.java:64) ~[?:?]
	at jdk.internal.reflect.GeneratedMethodAccessor132.invoke(Unknown Source) ~[?:?]
	at jdk.internal.reflect.DelegatingMethodAccessorImpl.invoke(DelegatingMethodAccessorImpl.java:43) ~[?:?]
	at java.lang.reflect.Method.invoke(Method.java:566) ~[?:?]
	at org.apache.felix.dm.impl.InvocationUtil.invokeMethod(InvocationUtil.java:157) ~[bundleFile:?]
	at org.apache.felix.dm.impl.InvocationUtil.invokeCallbackMethod(InvocationUtil.java:112) ~[bundleFile:?]
	at org.apache.felix.dm.impl.ComponentImpl.invokeCallbackMethod(ComponentImpl.java:638) ~[bundleFile:?]
	at org.apache.felix.dm.impl.ComponentImpl.invoke(ComponentImpl.java:1783) ~[bundleFile:?]
	at org.apache.felix.dm.impl.ComponentImpl.invokeStart(ComponentImpl.java:1281) ~[bundleFile:?]
	at org.apache.felix.dm.impl.ComponentImpl.performTransition(ComponentImpl.java:1232) ~[bundleFile:?]
	at org.apache.felix.dm.impl.ComponentImpl.handleChange(ComponentImpl.java:1166) ~[bundleFile:?]
	at org.apache.felix.dm.impl.ComponentImpl.lambda$start$2(ComponentImpl.java:502) ~[bundleFile:?]
	at org.apache.felix.dm.impl.SerialExecutor.runTask(SerialExecutor.java:138) [bundleFile:?]
	at org.apache.felix.dm.impl.SerialExecutor.runTasks(SerialExecutor.java:120) [bundleFile:?]
	at org.apache.felix.dm.impl.SerialExecutor.execute(SerialExecutor.java:86) [bundleFile:?]
	at org.apache.felix.dm.impl.SerialExecutor.execute(SerialExecutor.java:105) [bundleFile:?]
	at org.apache.felix.dm.impl.ComponentImpl.start(ComponentImpl.java:500) [bundleFile:?]
	at org.apache.felix.dm.impl.ComponentScheduler.add(ComponentScheduler.java:69) [bundleFile:?]
	at org.apache.felix.dm.DependencyManager.add(DependencyManager.java:141) [bundleFile:?]
	at com.liferay.portal.spring.extender.internal.configuration.ServiceConfigurationExtender$ServiceConfigurationExtension.start(ServiceConfigurationExtender.java:111) [bundleFile:?]
	at com.liferay.portal.spring.extender.internal.configuration.ServiceConfigurationExtender.addingBundle(ServiceConfigurationExtender.java:85) [bundleFile:?]
	at com.liferay.portal.spring.extender.internal.configuration.ServiceConfigurationExtender.addingBundle(ServiceConfigurationExtender.java:46) [bundleFile:?]
	at org.osgi.util.tracker.BundleTracker$Tracked.customizerAdding(BundleTracker.java:475) [org.eclipse.osgi.jar:?]
	at org.osgi.util.tracker.BundleTracker$Tracked.customizerAdding(BundleTracker.java:1) [org.eclipse.osgi.jar:?]
	at org.osgi.util.tracker.AbstractTracked.trackAdding(AbstractTracked.java:256) [org.eclipse.osgi.jar:?]
	at org.osgi.util.tracker.AbstractTracked.track(AbstractTracked.java:229) [org.eclipse.osgi.jar:?]
	at org.osgi.util.tracker.BundleTracker$Tracked.bundleChanged(BundleTracker.java:450) [org.eclipse.osgi.jar:?]
	at org.eclipse.osgi.internal.framework.BundleContextImpl.dispatchEvent(BundleContextImpl.java:908) [org.eclipse.osgi.jar:?]
	at org.eclipse.osgi.framework.eventmgr.EventManager.dispatchEvent(EventManager.java:230) [org.eclipse.osgi.jar:?]
	at org.eclipse.osgi.framework.eventmgr.ListenerQueue.dispatchEventSynchronous(ListenerQueue.java:148) [org.eclipse.osgi.jar:?]
	at org.eclipse.osgi.internal.framework.EquinoxEventPublisher.publishBundleEventPrivileged(EquinoxEventPublisher.java:230) [org.eclipse.osgi.jar:?]
	at org.eclipse.osgi.internal.framework.EquinoxEventPublisher.publishBundleEvent(EquinoxEventPublisher.java:137) [org.eclipse.osgi.jar:?]
	at org.eclipse.osgi.internal.framework.EquinoxEventPublisher.publishBundleEvent(EquinoxEventPublisher.java:129) [org.eclipse.osgi.jar:?]
	at org.eclipse.osgi.internal.framework.EquinoxContainerAdaptor.publishModuleEvent(EquinoxContainerAdaptor.java:191) [org.eclipse.osgi.jar:?]
	at org.eclipse.osgi.container.Module.publishEvent(Module.java:476) [org.eclipse.osgi.jar:?]
	at org.eclipse.osgi.container.Module.doStart(Module.java:578) [org.eclipse.osgi.jar:?]
	at org.eclipse.osgi.container.Module.start(Module.java:449) [org.eclipse.osgi.jar:?]
	at org.eclipse.osgi.framework.util.SecureAction.start(SecureAction.java:468) [org.eclipse.osgi.jar:?]
	at org.eclipse.osgi.container.ModuleContainer.start(ModuleContainer.java:777) [org.eclipse.osgi.jar:?]
	at org.eclipse.osgi.container.ModuleContainer.applyDelta(ModuleContainer.java:768) [org.eclipse.osgi.jar:?]
	at org.eclipse.osgi.container.ModuleContainer.resolveAndApply(ModuleContainer.java:538) [org.eclipse.osgi.jar:?]
	at org.eclipse.osgi.container.ModuleContainer.resolve(ModuleContainer.java:484) [org.eclipse.osgi.jar:?]
	at org.eclipse.osgi.container.ModuleContainer.refresh(ModuleContainer.java:1028) [org.eclipse.osgi.jar:?]
	at org.eclipse.osgi.container.ModuleContainer$ContainerWiring.dispatchEvent(ModuleContainer.java:1409) [org.eclipse.osgi.jar:?]
	at org.eclipse.osgi.container.ModuleContainer$ContainerWiring.dispatchEvent(ModuleContainer.java:1) [org.eclipse.osgi.jar:?]
	at org.eclipse.osgi.framework.eventmgr.EventManager.dispatchEvent(EventManager.java:230) [org.eclipse.osgi.jar:?]
	at org.eclipse.osgi.framework.eventmgr.EventManager$EventThread.run(EventManager.java:340) [org.eclipse.osgi.jar:?]
2023-03-07 09:36:10.651 INFO  [Refresh Thread: Equinox Container: 64ddc5f3-cdeb-4db5-b695-2559c350cd27][BundleStartStopLogger:77] STARTED com.liferay.docs.guestbook.service_1.0.0 [1852]
2023-03-07 09:42:25.105 INFO  [Thread-7][ThemeHotDeployListener:171] 1 theme for module-based-theme was unregistered
2023-03-07 09:42:25.122 INFO  [Thread-7][ThemeHotDeployListener:171] 1 theme for cstheme2-theme was unregistered
2023-03-07 09:42:25.136 INFO  [Thread-7][ThemeHotDeployListener:171] 1 theme for my-liferay-theme was unregistered
2023-03-07 09:42:25.163 INFO  [Thread-7][ThemeHotDeployListener:171] 1 theme for demotheme-theme was unregistered
2023-03-07 09:42:25.175 INFO  [Thread-7][ThemeHotDeployListener:171] 1 theme for democlassictheme-theme was unregistered
2023-03-07 09:42:25.188 INFO  [Thread-7][LayoutTemplateHotDeployListener:156] 1 layout template for LayoutTemplateDemo was unregistered
2023-03-07 09:42:25.208 INFO  [Thread-7][HookHotDeployListener:544] Hook for LangHook was unregistered
2023-03-07 09:42:25.218 INFO  [Thread-7][ThemeHotDeployListener:171] 1 theme for admin-theme was unregistered
2023-03-07 09:42:25.230 INFO  [Thread-7][ThemeHotDeployListener:171] 1 theme for minium-theme was unregistered
2023-03-07 09:42:25.242 INFO  [Thread-7][ThemeHotDeployListener:171] 1 theme for speedwell-theme was unregistered
2023-03-07 09:42:25.340 INFO  [Thread-7][ThemeHotDeployListener:171] 1 theme for dialect-theme was unregistered
2023-03-07 09:42:25.356 INFO  [Thread-7][ThemeHotDeployListener:171] 1 theme for classic-theme was unregistered
