2022-12-08 05:13:26.184 INFO  [main][PortalContextLoaderListener:123] JVM arguments: -Dcatalina.base=/media/root322/Data/Documents/LiferayWorkspace/bundles/tomcat-9.0.56 -Dcatalina.home=/media/root322/Data/Documents/LiferayWorkspace/bundles/tomcat-9.0.56 -Dfile.encoding=UTF8 -Djava.io.tmpdir=/media/root322/Data/Documents/LiferayWorkspace/bundles/tomcat-9.0.56/temp -Djava.net.preferIPv4Stack=true -Djava.util.logging.config.file=/media/root322/Data/Documents/LiferayWorkspace/bundles/tomcat-9.0.56/conf/logging.properties -Djava.util.logging.manager=org.apache.juli.ClassLoaderLogManager -Dorg.apache.catalina.loader.WebappClassLoader.ENABLE_CLEAR_REFERENCES=false -Duser.timezone=GMT -Xmx2560m -XX:MaxMetaspaceSize=768m -XX:MetaspaceSize=768m -javaagent:/snap/intellij-idea-ultimate/398/lib/idea_rt.jar=37359:/snap/intellij-idea-ultimate/398/bin
2022-12-08 05:13:28.674 INFO  [main][DialectDetector:153] Using dialect org.hibernate.dialect.MySQL8Dialect for MySQL 8.0
2022-12-08 05:13:31.949 INFO  [main][ModuleFrameworkImpl:1279] Starting initial bundles
2022-12-08 05:13:32.675 INFO  [ModuleFramework-Static-Bundles-8][InterpolationConfigurationPlugin:109] Configured directory for secrets: /media/root322/Data/Documents/LiferayWorkspace/bundles/osgi/configs
2022-12-08 05:13:33.683 INFO  [ModuleFramework-Static-Bundles-5][DefaultLPKGDeployer:456] Using overriding JAR bundle LPKG-Override::/media/root322/Data/Documents/LiferayWorkspace/bundles/osgi/marketplace/override/com.liferay.portal.language.lang.jar
2022-12-08 05:13:33.830 INFO  [main][ModuleFrameworkImpl:1576] Started initial bundles
2022-12-08 05:13:33.830 INFO  [main][ModuleFrameworkImpl:1625] Starting dynamic bundles
2022-12-08 05:13:47.152 INFO  [main][ModuleFrameworkImpl:1647] Started dynamic bundles
2022-12-08 05:13:47.152 INFO  [main][ModuleFrameworkImpl:1654] Starting web bundles
2022-12-08 05:13:49.638 INFO  [main][ModuleFrameworkImpl:1708] Started web bundles
2022-12-08 05:13:49.639 INFO  [main][ModuleFrameworkImpl:278] Navigate to Control Panel > System > Gogo Shell and enter "lb" to see all bundles
2022-12-08 05:13:49.655 INFO  [main][LoggingTimer:83] Starting com.liferay.portal.verify.VerifyProperties#verifySystemProperties
2022-12-08 05:13:49.656 INFO  [main][LoggingTimer:44] Completed com.liferay.portal.verify.VerifyProperties#verifySystemProperties in 1 ms
2022-12-08 05:13:49.656 INFO  [main][LoggingTimer:83] Starting com.liferay.portal.verify.VerifyProperties#verifyPortalProperties
2022-12-08 05:13:49.673 INFO  [main][LoggingTimer:44] Completed com.liferay.portal.verify.VerifyProperties#verifyPortalProperties in 17 ms
2022-12-08 05:13:49.674 INFO  [main][LoggingTimer:83] Starting com.liferay.portal.verify.VerifyProperties#verifyDocumentLibrary
2022-12-08 05:13:49.675 INFO  [main][LoggingTimer:44] Completed com.liferay.portal.verify.VerifyProperties#verifyDocumentLibrary in 0 ms
2022-12-08 05:13:50.102 INFO  [main][LoggingTimer:83] Starting com.liferay.portal.events.StartupHelperUtil#initResourceActions
2022-12-08 05:13:50.140 INFO  [main][LoggingTimer:44] Completed com.liferay.portal.events.StartupHelperUtil#initResourceActions in 38 ms
2022-12-08 05:13:52.290 WARN  [main][SidecarManager:103] Liferay automatically starts a child process of Elasticsearch named sidecar for convenient development and demonstration purposes. Do NOT use sidecar in production. Refer to the documentation for details on the limitations of sidecar and instructions on configuring a remote Elasticsearch connection in the Control Panel.
2022-12-08 05:14:03.440 INFO  [main][Sidecar:119] Sidecar Elasticsearch liferay started at 127.0.0.1:9201
2022-12-08 05:14:09.122 INFO  [main][StartupHelperUtil:86] There are no patches installed
2022-12-08 05:14:09.137 INFO  [main][LoggingTimer:83] Starting com.liferay.portal.events.StartupHelperUtil#initResourceActions
2022-12-08 05:14:09.162 INFO  [main][LoggingTimer:44] Completed com.liferay.portal.events.StartupHelperUtil#initResourceActions in 26 ms
2022-12-08 05:14:09.196 INFO  [main][LicenseManager:-1] Digital Enterprise Development license validation passed
2022-12-08 05:14:09.684 INFO  [main][AutoDeployDir:176] Auto deploy scanner started for /media/root322/Data/Documents/LiferayWorkspace/bundles/deploy
2022-12-08 05:14:33.000 INFO  [com.liferay.portal.osgi.web.wab.extender.internal.WabFactory-BundleTrackerOpener][ThemeHotDeployListener:108] 1 theme for classic-theme is available for use
2022-12-08 05:14:33.090 INFO  [com.liferay.portal.osgi.web.wab.extender.internal.WabFactory-BundleTrackerOpener][ThemeHotDeployListener:108] 1 theme for dialect-theme is available for use
2022-12-08 05:14:33.201 INFO  [com.liferay.portal.osgi.web.wab.extender.internal.WabFactory-BundleTrackerOpener][ThemeHotDeployListener:108] 1 theme for speedwell-theme is available for use
2022-12-08 05:14:33.303 INFO  [com.liferay.portal.osgi.web.wab.extender.internal.WabFactory-BundleTrackerOpener][ThemeHotDeployListener:108] 1 theme for minium-theme is available for use
2022-12-08 05:14:33.402 INFO  [com.liferay.portal.osgi.web.wab.extender.internal.WabFactory-BundleTrackerOpener][ThemeHotDeployListener:108] 1 theme for admin-theme is available for use
2022-12-08 05:14:33.508 INFO  [com.liferay.portal.osgi.web.wab.extender.internal.WabFactory-BundleTrackerOpener][HookHotDeployListener:496] Hook for LangHook is available for use
2022-12-08 05:14:33.589 INFO  [com.liferay.portal.osgi.web.wab.extender.internal.WabFactory-BundleTrackerOpener][LayoutTemplateHotDeployListener:107] 1 layout template for LayoutTemplateDemo is available for use
2022-12-08 05:14:33.709 INFO  [com.liferay.portal.osgi.web.wab.extender.internal.WabFactory-BundleTrackerOpener][ThemeHotDeployListener:108] 1 theme for democlassictheme-theme is available for use
2022-12-08 05:14:33.815 INFO  [com.liferay.portal.osgi.web.wab.extender.internal.WabFactory-BundleTrackerOpener][ThemeHotDeployListener:108] 1 theme for demotheme-theme is available for use
2022-12-08 05:14:33.903 INFO  [com.liferay.portal.osgi.web.wab.extender.internal.WabFactory-BundleTrackerOpener][ThemeHotDeployListener:108] 1 theme for my-liferay-theme is available for use
2022-12-08 05:35:23.368 WARN  [http-nio-8080-exec-1][code_jsp:159] {code="404", msg="ProxyServlet: /o/frontend-js-aui-web/build/aui-skin-deprecated/images/loading_indicator.gif", uri=/o/frontend-js-aui-web/build/aui-skin-deprecated/images/loading_indicator.gif}
2022-12-08 05:35:23.368 WARN  [http-nio-8080-exec-10][code_jsp:159] {code="404", msg="ProxyServlet: /o/frontend-js-aui-web/build/aui-skin-deprecated/images/common/state_default_bg.png", uri=/o/frontend-js-aui-web/build/aui-skin-deprecated/images/common/state_default_bg.png}
2022-12-08 05:45:36.152 INFO  [Refresh Thread: Equinox Container: 3993dad7-169b-4750-98b8-f0a3af9ae56a][BundleStartStopLogger:80] STOPPED com.liferay.document.library.web_6.0.104 [592]
2022-12-08 05:45:36.346 INFO  [Refresh Thread: Equinox Container: 3993dad7-169b-4750-98b8-f0a3af9ae56a][BundleStartStopLogger:77] STARTED com.liferay.document.library.web_6.0.104 [592]
2022-12-08 05:55:44.241 INFO  [Refresh Thread: Equinox Container: 3993dad7-169b-4750-98b8-f0a3af9ae56a][BundleStartStopLogger:80] STOPPED com.liferay.document.library.web_6.0.104 [592]
2022-12-08 05:55:44.409 INFO  [Refresh Thread: Equinox Container: 3993dad7-169b-4750-98b8-f0a3af9ae56a][BundleStartStopLogger:77] STARTED com.liferay.document.library.web_6.0.104 [592]
2022-12-08 05:58:45.498 INFO  [Refresh Thread: Equinox Container: 3993dad7-169b-4750-98b8-f0a3af9ae56a][BundleStartStopLogger:80] STOPPED com.liferay.document.library.web_6.0.104 [592]
2022-12-08 05:58:45.612 INFO  [Refresh Thread: Equinox Container: 3993dad7-169b-4750-98b8-f0a3af9ae56a][BundleStartStopLogger:77] STARTED com.liferay.document.library.web_6.0.104 [592]
2022-12-08 06:25:11.442 ERROR [fileinstall-directory-watcher][DirectoryWatcher:1173] Unable to start bundle: file:/media/root322/Data/Documents/LiferayWorkspace/bundles/osgi/modules/DMrenderOverride.jar
com.liferay.portal.kernel.log.LogSanitizerException: org.osgi.framework.BundleException: Could not resolve module: DMrenderOverride [1744]_  Unresolved requirement: Import-Package: com.liferay.document.library.web.internal.display.context_ [Sanitized]
	at org.eclipse.osgi.container.Module.start(Module.java:444) ~[org.eclipse.osgi.jar:?]
	at org.eclipse.osgi.internal.framework.EquinoxBundle.start(EquinoxBundle.java:428) ~[org.eclipse.osgi.jar:?]
	at com.liferay.portal.file.install.internal.DirectoryWatcher._startBundle(DirectoryWatcher.java:1156) [bundleFile:?]
	at com.liferay.portal.file.install.internal.DirectoryWatcher._startBundles(DirectoryWatcher.java:1189) [bundleFile:?]
	at com.liferay.portal.file.install.internal.DirectoryWatcher._process(DirectoryWatcher.java:1046) [bundleFile:?]
	at com.liferay.portal.file.install.internal.DirectoryWatcher.run(DirectoryWatcher.java:221) [bundleFile:?]
2022-12-08 06:34:23.540 INFO  [Refresh Thread: Equinox Container: 3993dad7-169b-4750-98b8-f0a3af9ae56a][BundleStartStopLogger:77] STARTED DMrenderOverride_1.0.0 [1744]
2022-12-08 06:39:34.647 INFO  [fileinstall-directory-watcher][BundleStartStopLogger:80] STOPPED DMrenderOverride_1.0.0 [1744]
2022-12-08 06:39:34.719 INFO  [Refresh Thread: Equinox Container: 3993dad7-169b-4750-98b8-f0a3af9ae56a][BundleStartStopLogger:77] STARTED DMrenderOverride_1.0.0 [1744]
2022-12-08 06:42:20.244 INFO  [fileinstall-directory-watcher][BundleStartStopLogger:80] STOPPED DMrenderOverride_1.0.0 [1744]
2022-12-08 06:42:20.260 ERROR [fileinstall-directory-watcher][DirectoryWatcher:1173] Unable to start bundle: file:/media/root322/Data/Documents/LiferayWorkspace/bundles/osgi/modules/DMrenderOverride.jar
com.liferay.portal.kernel.log.LogSanitizerException: org.osgi.framework.BundleException: Could not resolve module: DMrenderOverride [1744]_  Unresolved requirement: Import-Package: com.liferay.document.library.web.internal.display.context_ [Sanitized]
	at org.eclipse.osgi.container.Module.start(Module.java:444) ~[org.eclipse.osgi.jar:?]
	at org.eclipse.osgi.internal.framework.EquinoxBundle.start(EquinoxBundle.java:428) ~[org.eclipse.osgi.jar:?]
	at com.liferay.portal.file.install.internal.DirectoryWatcher._startBundle(DirectoryWatcher.java:1156) [bundleFile:?]
	at com.liferay.portal.file.install.internal.DirectoryWatcher._startBundles(DirectoryWatcher.java:1189) [bundleFile:?]
	at com.liferay.portal.file.install.internal.DirectoryWatcher._startAllBundles(DirectoryWatcher.java:1130) [bundleFile:?]
	at com.liferay.portal.file.install.internal.DirectoryWatcher._process(DirectoryWatcher.java:1041) [bundleFile:?]
	at com.liferay.portal.file.install.internal.DirectoryWatcher.run(DirectoryWatcher.java:221) [bundleFile:?]
2022-12-08 06:46:36.231 ERROR [fileinstall-directory-watcher][DirectoryWatcher:1173] Unable to start bundle: file:/media/root322/Data/Documents/LiferayWorkspace/bundles/osgi/modules/DMrenderOverride.jar
com.liferay.portal.kernel.log.LogSanitizerException: org.osgi.framework.BundleException: Could not resolve module: DMrenderOverride [1744]_  Unresolved requirement: Import-Package: com.liferay.document.library.web.internal.display.context_ [Sanitized]
	at org.eclipse.osgi.container.Module.start(Module.java:444) ~[org.eclipse.osgi.jar:?]
	at org.eclipse.osgi.internal.framework.EquinoxBundle.start(EquinoxBundle.java:428) ~[org.eclipse.osgi.jar:?]
	at com.liferay.portal.file.install.internal.DirectoryWatcher._startBundle(DirectoryWatcher.java:1156) [bundleFile:?]
	at com.liferay.portal.file.install.internal.DirectoryWatcher._startBundles(DirectoryWatcher.java:1189) [bundleFile:?]
	at com.liferay.portal.file.install.internal.DirectoryWatcher._startAllBundles(DirectoryWatcher.java:1130) [bundleFile:?]
	at com.liferay.portal.file.install.internal.DirectoryWatcher._process(DirectoryWatcher.java:1041) [bundleFile:?]
	at com.liferay.portal.file.install.internal.DirectoryWatcher.run(DirectoryWatcher.java:221) [bundleFile:?]
2022-12-08 06:48:16.554 ERROR [fileinstall-directory-watcher][DirectoryWatcher:1173] Unable to start bundle: file:/media/root322/Data/Documents/LiferayWorkspace/bundles/osgi/modules/DMrenderOverride.jar
com.liferay.portal.kernel.log.LogSanitizerException: org.osgi.framework.BundleException: Could not resolve module: DMrenderOverride [1744]_  Unresolved requirement: Import-Package: com.liferay.document.library.web.internal.display.context_ [Sanitized]
	at org.eclipse.osgi.container.Module.start(Module.java:444) ~[org.eclipse.osgi.jar:?]
	at org.eclipse.osgi.internal.framework.EquinoxBundle.start(EquinoxBundle.java:428) ~[org.eclipse.osgi.jar:?]
	at com.liferay.portal.file.install.internal.DirectoryWatcher._startBundle(DirectoryWatcher.java:1156) [bundleFile:?]
	at com.liferay.portal.file.install.internal.DirectoryWatcher._startBundles(DirectoryWatcher.java:1189) [bundleFile:?]
	at com.liferay.portal.file.install.internal.DirectoryWatcher._startAllBundles(DirectoryWatcher.java:1130) [bundleFile:?]
	at com.liferay.portal.file.install.internal.DirectoryWatcher._process(DirectoryWatcher.java:1041) [bundleFile:?]
	at com.liferay.portal.file.install.internal.DirectoryWatcher.run(DirectoryWatcher.java:221) [bundleFile:?]
2022-12-08 06:59:08.573 ERROR [fileinstall-directory-watcher][DirectoryWatcher:1173] Unable to start bundle: file:/media/root322/Data/Documents/LiferayWorkspace/bundles/osgi/modules/DMrenderOverride.jar
com.liferay.portal.kernel.log.LogSanitizerException: org.osgi.framework.BundleException: Could not resolve module: DMrenderOverride [1744]_  Unresolved requirement: Import-Package: com.liferay.document.library.web.internal.display.context_ [Sanitized]
	at org.eclipse.osgi.container.Module.start(Module.java:444) ~[org.eclipse.osgi.jar:?]
	at org.eclipse.osgi.internal.framework.EquinoxBundle.start(EquinoxBundle.java:428) ~[org.eclipse.osgi.jar:?]
	at com.liferay.portal.file.install.internal.DirectoryWatcher._startBundle(DirectoryWatcher.java:1156) [bundleFile:?]
	at com.liferay.portal.file.install.internal.DirectoryWatcher._startBundles(DirectoryWatcher.java:1189) [bundleFile:?]
	at com.liferay.portal.file.install.internal.DirectoryWatcher._startAllBundles(DirectoryWatcher.java:1130) [bundleFile:?]
	at com.liferay.portal.file.install.internal.DirectoryWatcher._process(DirectoryWatcher.java:1041) [bundleFile:?]
	at com.liferay.portal.file.install.internal.DirectoryWatcher.run(DirectoryWatcher.java:221) [bundleFile:?]
2022-12-08 07:00:43.879 ERROR [fileinstall-directory-watcher][DirectoryWatcher:1173] Unable to start bundle: file:/media/root322/Data/Documents/LiferayWorkspace/bundles/osgi/modules/DMrenderOverride.jar
com.liferay.portal.kernel.log.LogSanitizerException: org.osgi.framework.BundleException: Could not resolve module: DMrenderOverride [1744]_  Unresolved requirement: Import-Package: com.liferay.document.library.web.internal.display.context_ [Sanitized]
	at org.eclipse.osgi.container.Module.start(Module.java:444) ~[org.eclipse.osgi.jar:?]
	at org.eclipse.osgi.internal.framework.EquinoxBundle.start(EquinoxBundle.java:428) ~[org.eclipse.osgi.jar:?]
	at com.liferay.portal.file.install.internal.DirectoryWatcher._startBundle(DirectoryWatcher.java:1156) [bundleFile:?]
	at com.liferay.portal.file.install.internal.DirectoryWatcher._startBundles(DirectoryWatcher.java:1189) [bundleFile:?]
	at com.liferay.portal.file.install.internal.DirectoryWatcher._startAllBundles(DirectoryWatcher.java:1130) [bundleFile:?]
	at com.liferay.portal.file.install.internal.DirectoryWatcher._process(DirectoryWatcher.java:1041) [bundleFile:?]
	at com.liferay.portal.file.install.internal.DirectoryWatcher.run(DirectoryWatcher.java:221) [bundleFile:?]
2022-12-08 07:03:54.514 ERROR [fileinstall-directory-watcher][DirectoryWatcher:1173] Unable to start bundle: file:/media/root322/Data/Documents/LiferayWorkspace/bundles/osgi/modules/DMrenderOverride.jar
com.liferay.portal.kernel.log.LogSanitizerException: org.osgi.framework.BundleException: Could not resolve module: DMrenderOverride [1744]_  Unresolved requirement: Import-Package: com.liferay.document.library.web.internal.display.context_ [Sanitized]
	at org.eclipse.osgi.container.Module.start(Module.java:444) ~[org.eclipse.osgi.jar:?]
	at org.eclipse.osgi.internal.framework.EquinoxBundle.start(EquinoxBundle.java:428) ~[org.eclipse.osgi.jar:?]
	at com.liferay.portal.file.install.internal.DirectoryWatcher._startBundle(DirectoryWatcher.java:1156) [bundleFile:?]
	at com.liferay.portal.file.install.internal.DirectoryWatcher._startBundles(DirectoryWatcher.java:1189) [bundleFile:?]
	at com.liferay.portal.file.install.internal.DirectoryWatcher._startAllBundles(DirectoryWatcher.java:1130) [bundleFile:?]
	at com.liferay.portal.file.install.internal.DirectoryWatcher._process(DirectoryWatcher.java:1041) [bundleFile:?]
	at com.liferay.portal.file.install.internal.DirectoryWatcher.run(DirectoryWatcher.java:221) [bundleFile:?]
2022-12-08 07:10:05.838 ERROR [fileinstall-directory-watcher][DirectoryWatcher:1173] Unable to start bundle: file:/media/root322/Data/Documents/LiferayWorkspace/bundles/osgi/modules/DMrenderOverride.jar
com.liferay.portal.kernel.log.LogSanitizerException: org.osgi.framework.BundleException: Could not resolve module: DMrenderOverride [1744]_  Unresolved requirement: Import-Package: com.liferay.document.library.web.internal.display.context_ [Sanitized]
	at org.eclipse.osgi.container.Module.start(Module.java:444) ~[org.eclipse.osgi.jar:?]
	at org.eclipse.osgi.internal.framework.EquinoxBundle.start(EquinoxBundle.java:428) ~[org.eclipse.osgi.jar:?]
	at com.liferay.portal.file.install.internal.DirectoryWatcher._startBundle(DirectoryWatcher.java:1156) [bundleFile:?]
	at com.liferay.portal.file.install.internal.DirectoryWatcher._startBundles(DirectoryWatcher.java:1189) [bundleFile:?]
	at com.liferay.portal.file.install.internal.DirectoryWatcher._startAllBundles(DirectoryWatcher.java:1130) [bundleFile:?]
	at com.liferay.portal.file.install.internal.DirectoryWatcher._process(DirectoryWatcher.java:1041) [bundleFile:?]
	at com.liferay.portal.file.install.internal.DirectoryWatcher.run(DirectoryWatcher.java:221) [bundleFile:?]
2022-12-08 07:11:41.185 ERROR [fileinstall-directory-watcher][DirectoryWatcher:1173] Unable to start bundle: file:/media/root322/Data/Documents/LiferayWorkspace/bundles/osgi/modules/DMrenderOverride.jar
com.liferay.portal.kernel.log.LogSanitizerException: org.osgi.framework.BundleException: Could not resolve module: DMrenderOverride [1745]_  Unresolved requirement: Import-Package: com.liferay.document.library.web.internal.display.context_ [Sanitized]
	at org.eclipse.osgi.container.Module.start(Module.java:444) ~[org.eclipse.osgi.jar:?]
	at org.eclipse.osgi.internal.framework.EquinoxBundle.start(EquinoxBundle.java:428) ~[org.eclipse.osgi.jar:?]
	at com.liferay.portal.file.install.internal.DirectoryWatcher._startBundle(DirectoryWatcher.java:1156) [bundleFile:?]
	at com.liferay.portal.file.install.internal.DirectoryWatcher._startBundles(DirectoryWatcher.java:1189) [bundleFile:?]
	at com.liferay.portal.file.install.internal.DirectoryWatcher._process(DirectoryWatcher.java:1046) [bundleFile:?]
	at com.liferay.portal.file.install.internal.DirectoryWatcher.run(DirectoryWatcher.java:221) [bundleFile:?]
2022-12-08 07:16:38.559 INFO  [Thread-7][ThemeHotDeployListener:171] 1 theme for my-liferay-theme was unregistered
2022-12-08 07:16:38.580 INFO  [Thread-7][ThemeHotDeployListener:171] 1 theme for demotheme-theme was unregistered
2022-12-08 07:16:38.593 INFO  [Thread-7][ThemeHotDeployListener:171] 1 theme for democlassictheme-theme was unregistered
2022-12-08 07:16:38.605 INFO  [Thread-7][LayoutTemplateHotDeployListener:156] 1 layout template for LayoutTemplateDemo was unregistered
2022-12-08 07:16:38.624 INFO  [Thread-7][HookHotDeployListener:544] Hook for LangHook was unregistered
2022-12-08 07:16:38.635 INFO  [Thread-7][ThemeHotDeployListener:171] 1 theme for admin-theme was unregistered
2022-12-08 07:16:38.648 INFO  [Thread-7][ThemeHotDeployListener:171] 1 theme for minium-theme was unregistered
2022-12-08 07:16:38.661 INFO  [Thread-7][ThemeHotDeployListener:171] 1 theme for speedwell-theme was unregistered
2022-12-08 07:16:38.674 INFO  [Thread-7][ThemeHotDeployListener:171] 1 theme for dialect-theme was unregistered
2022-12-08 07:16:38.687 INFO  [Thread-7][ThemeHotDeployListener:171] 1 theme for classic-theme was unregistered
2022-12-08 07:17:05.654 INFO  [main][PortalContextLoaderListener:123] JVM arguments: -Dcatalina.base=/media/root322/Data/Documents/LiferayWorkspace/bundles/tomcat-9.0.56 -Dcatalina.home=/media/root322/Data/Documents/LiferayWorkspace/bundles/tomcat-9.0.56 -Dfile.encoding=UTF8 -Djava.io.tmpdir=/media/root322/Data/Documents/LiferayWorkspace/bundles/tomcat-9.0.56/temp -Djava.net.preferIPv4Stack=true -Djava.util.logging.config.file=/media/root322/Data/Documents/LiferayWorkspace/bundles/tomcat-9.0.56/conf/logging.properties -Djava.util.logging.manager=org.apache.juli.ClassLoaderLogManager -Dorg.apache.catalina.loader.WebappClassLoader.ENABLE_CLEAR_REFERENCES=false -Duser.timezone=GMT -Xmx2560m -XX:MaxMetaspaceSize=768m -XX:MetaspaceSize=768m -javaagent:/snap/intellij-idea-ultimate/398/lib/idea_rt.jar=33491:/snap/intellij-idea-ultimate/398/bin
2022-12-08 07:17:07.507 INFO  [main][DialectDetector:153] Using dialect org.hibernate.dialect.MySQL8Dialect for MySQL 8.0
2022-12-08 07:17:10.343 INFO  [main][ModuleFrameworkImpl:1279] Starting initial bundles
2022-12-08 07:17:10.717 INFO  [ModuleFramework-Static-Bundles-6][InterpolationConfigurationPlugin:109] Configured directory for secrets: /media/root322/Data/Documents/LiferayWorkspace/bundles/osgi/configs
2022-12-08 07:17:11.523 INFO  [ModuleFramework-Static-Bundles-7][LPKGBundleTrackerCustomizer:608] Disabled Liferay Collaboration - Liferay Document Library - Impl:com.liferay.document.library.web.jar
2022-12-08 07:17:12.247 INFO  [ModuleFramework-Static-Bundles-7][DefaultLPKGDeployer:471] Installed override JAR bundle LPKG-Override::/media/root322/Data/Documents/LiferayWorkspace/bundles/osgi/marketplace/override/com.liferay.document.library.web.jar
2022-12-08 07:17:12.248 INFO  [ModuleFramework-Static-Bundles-7][DefaultLPKGDeployer:456] Using overriding JAR bundle LPKG-Override::/media/root322/Data/Documents/LiferayWorkspace/bundles/osgi/marketplace/override/com.liferay.portal.language.lang.jar
2022-12-08 07:17:12.461 INFO  [main][ModuleFrameworkImpl:1576] Started initial bundles
2022-12-08 07:17:12.462 INFO  [main][ModuleFrameworkImpl:1625] Starting dynamic bundles
2022-12-08 07:17:26.634 ERROR [Framework Event Dispatcher: Equinox Container: 60789a81-1ed5-4912-8bef-4e4816c7ce2a][Framework:56] FrameworkEvent ERROR
com.liferay.portal.kernel.log.LogSanitizerException: org.osgi.framework.BundleException: Could not resolve module: DMrenderOverride [1745]_  Unresolved requirement: Import-Package: com.liferay.document.library.web.internal.display.context_ [Sanitized]
	at org.eclipse.osgi.container.Module.start(Module.java:444) ~[org.eclipse.osgi.jar:?]
	at org.eclipse.osgi.container.ModuleContainer$ContainerStartLevel.incStartLevel(ModuleContainer.java:1682) ~[org.eclipse.osgi.jar:?]
	at org.eclipse.osgi.container.ModuleContainer$ContainerStartLevel.incStartLevel(ModuleContainer.java:1662) ~[org.eclipse.osgi.jar:?]
	at org.eclipse.osgi.container.ModuleContainer$ContainerStartLevel.doContainerStartLevel(ModuleContainer.java:1624) ~[org.eclipse.osgi.jar:?]
	at org.eclipse.osgi.container.ModuleContainer$ContainerStartLevel.dispatchEvent(ModuleContainer.java:1555) ~[org.eclipse.osgi.jar:?]
	at org.eclipse.osgi.container.ModuleContainer$ContainerStartLevel.dispatchEvent(ModuleContainer.java:1) ~[org.eclipse.osgi.jar:?]
	at org.eclipse.osgi.framework.eventmgr.EventManager.dispatchEvent(EventManager.java:230) [org.eclipse.osgi.jar:?]
	at org.eclipse.osgi.framework.eventmgr.EventManager$EventThread.run(EventManager.java:340) [org.eclipse.osgi.jar:?]
2022-12-08 07:17:26.684 INFO  [main][ModuleFrameworkImpl:1647] Started dynamic bundles
2022-12-08 07:17:26.684 INFO  [main][ModuleFrameworkImpl:1654] Starting web bundles
2022-12-08 07:17:29.579 INFO  [main][ModuleFrameworkImpl:1708] Started web bundles
2022-12-08 07:17:29.580 INFO  [main][ModuleFrameworkImpl:278] Navigate to Control Panel > System > Gogo Shell and enter "lb" to see all bundles
2022-12-08 07:17:29.593 INFO  [main][LoggingTimer:83] Starting com.liferay.portal.verify.VerifyProperties#verifySystemProperties
2022-12-08 07:17:29.594 INFO  [main][LoggingTimer:44] Completed com.liferay.portal.verify.VerifyProperties#verifySystemProperties in 1 ms
2022-12-08 07:17:29.594 INFO  [main][LoggingTimer:83] Starting com.liferay.portal.verify.VerifyProperties#verifyPortalProperties
2022-12-08 07:17:29.607 INFO  [main][LoggingTimer:44] Completed com.liferay.portal.verify.VerifyProperties#verifyPortalProperties in 12 ms
2022-12-08 07:17:29.607 INFO  [main][LoggingTimer:83] Starting com.liferay.portal.verify.VerifyProperties#verifyDocumentLibrary
2022-12-08 07:17:29.607 INFO  [main][LoggingTimer:44] Completed com.liferay.portal.verify.VerifyProperties#verifyDocumentLibrary in 0 ms
2022-12-08 07:17:30.093 INFO  [main][LoggingTimer:83] Starting com.liferay.portal.events.StartupHelperUtil#initResourceActions
2022-12-08 07:17:30.146 INFO  [main][LoggingTimer:44] Completed com.liferay.portal.events.StartupHelperUtil#initResourceActions in 54 ms
2022-12-08 07:17:32.743 WARN  [main][SidecarManager:103] Liferay automatically starts a child process of Elasticsearch named sidecar for convenient development and demonstration purposes. Do NOT use sidecar in production. Refer to the documentation for details on the limitations of sidecar and instructions on configuring a remote Elasticsearch connection in the Control Panel.
2022-12-08 07:17:44.004 INFO  [main][Sidecar:119] Sidecar Elasticsearch liferay started at 127.0.0.1:9201
2022-12-08 07:17:50.016 INFO  [main][StartupHelperUtil:86] There are no patches installed
2022-12-08 07:17:50.033 INFO  [main][LoggingTimer:83] Starting com.liferay.portal.events.StartupHelperUtil#initResourceActions
2022-12-08 07:17:50.060 INFO  [main][LoggingTimer:44] Completed com.liferay.portal.events.StartupHelperUtil#initResourceActions in 26 ms
2022-12-08 07:17:50.095 INFO  [main][LicenseManager:-1] Digital Enterprise Development license validation passed
2022-12-08 07:17:50.571 INFO  [main][AutoDeployDir:176] Auto deploy scanner started for /media/root322/Data/Documents/LiferayWorkspace/bundles/deploy
2022-12-08 07:18:18.416 INFO  [com.liferay.portal.osgi.web.wab.extender.internal.WabFactory-BundleTrackerOpener][ThemeHotDeployListener:108] 1 theme for classic-theme is available for use
2022-12-08 07:18:18.519 INFO  [com.liferay.portal.osgi.web.wab.extender.internal.WabFactory-BundleTrackerOpener][ThemeHotDeployListener:108] 1 theme for dialect-theme is available for use
2022-12-08 07:18:18.642 INFO  [com.liferay.portal.osgi.web.wab.extender.internal.WabFactory-BundleTrackerOpener][ThemeHotDeployListener:108] 1 theme for speedwell-theme is available for use
2022-12-08 07:18:18.737 INFO  [com.liferay.portal.osgi.web.wab.extender.internal.WabFactory-BundleTrackerOpener][ThemeHotDeployListener:108] 1 theme for minium-theme is available for use
2022-12-08 07:18:18.817 INFO  [com.liferay.portal.osgi.web.wab.extender.internal.WabFactory-BundleTrackerOpener][ThemeHotDeployListener:108] 1 theme for admin-theme is available for use
2022-12-08 07:18:18.908 INFO  [com.liferay.portal.osgi.web.wab.extender.internal.WabFactory-BundleTrackerOpener][HookHotDeployListener:496] Hook for LangHook is available for use
2022-12-08 07:18:19.012 INFO  [com.liferay.portal.osgi.web.wab.extender.internal.WabFactory-BundleTrackerOpener][LayoutTemplateHotDeployListener:107] 1 layout template for LayoutTemplateDemo is available for use
2022-12-08 07:18:19.119 INFO  [com.liferay.portal.osgi.web.wab.extender.internal.WabFactory-BundleTrackerOpener][ThemeHotDeployListener:108] 1 theme for democlassictheme-theme is available for use
2022-12-08 07:18:19.201 INFO  [com.liferay.portal.osgi.web.wab.extender.internal.WabFactory-BundleTrackerOpener][ThemeHotDeployListener:108] 1 theme for demotheme-theme is available for use
2022-12-08 07:18:19.303 INFO  [com.liferay.portal.osgi.web.wab.extender.internal.WabFactory-BundleTrackerOpener][ThemeHotDeployListener:108] 1 theme for my-liferay-theme is available for use
2022-12-08 07:20:00.041 ERROR [fileinstall-directory-watcher][DirectoryWatcher:1173] Unable to start bundle: file:/media/root322/Data/Documents/LiferayWorkspace/bundles/osgi/modules/DMrenderOverride.jar
com.liferay.portal.kernel.log.LogSanitizerException: org.osgi.framework.BundleException: Could not resolve module: DMrenderOverride [1748]_  Unresolved requirement: Import-Package: com.liferay.document.library.web.internal.display.context_ [Sanitized]
	at org.eclipse.osgi.container.Module.start(Module.java:444) ~[org.eclipse.osgi.jar:?]
	at org.eclipse.osgi.internal.framework.EquinoxBundle.start(EquinoxBundle.java:428) ~[org.eclipse.osgi.jar:?]
	at com.liferay.portal.file.install.internal.DirectoryWatcher._startBundle(DirectoryWatcher.java:1156) [bundleFile:?]
	at com.liferay.portal.file.install.internal.DirectoryWatcher._startBundles(DirectoryWatcher.java:1189) [bundleFile:?]
	at com.liferay.portal.file.install.internal.DirectoryWatcher._process(DirectoryWatcher.java:1046) [bundleFile:?]
	at com.liferay.portal.file.install.internal.DirectoryWatcher.run(DirectoryWatcher.java:221) [bundleFile:?]
2022-12-08 07:20:50.268 ERROR [fileinstall-directory-watcher][DirectoryWatcher:1173] Unable to start bundle: file:/media/root322/Data/Documents/LiferayWorkspace/bundles/osgi/modules/DMrenderOverride.jar
com.liferay.portal.kernel.log.LogSanitizerException: org.osgi.framework.BundleException: Could not resolve module: DMrenderOverride [1748]_  Unresolved requirement: Import-Package: com.liferay.document.library.web.internal.display.context_ [Sanitized]
	at org.eclipse.osgi.container.Module.start(Module.java:444) ~[org.eclipse.osgi.jar:?]
	at org.eclipse.osgi.internal.framework.EquinoxBundle.start(EquinoxBundle.java:428) ~[org.eclipse.osgi.jar:?]
	at com.liferay.portal.file.install.internal.DirectoryWatcher._startBundle(DirectoryWatcher.java:1156) [bundleFile:?]
	at com.liferay.portal.file.install.internal.DirectoryWatcher._startBundles(DirectoryWatcher.java:1189) [bundleFile:?]
	at com.liferay.portal.file.install.internal.DirectoryWatcher._startAllBundles(DirectoryWatcher.java:1130) [bundleFile:?]
	at com.liferay.portal.file.install.internal.DirectoryWatcher._process(DirectoryWatcher.java:1041) [bundleFile:?]
	at com.liferay.portal.file.install.internal.DirectoryWatcher.run(DirectoryWatcher.java:221) [bundleFile:?]
2022-12-08 07:20:50.274 ERROR [fileinstall-directory-watcher][DirectoryWatcher:1173] Unable to start bundle: file:/media/root322/Data/Documents/LiferayWorkspace/bundles/osgi/modules/DMrenderOverride.jar
com.liferay.portal.kernel.log.LogSanitizerException: org.osgi.framework.BundleException: Could not resolve module: DMrenderOverride [1748]_  Unresolved requirement: Import-Package: com.liferay.document.library.web.internal.display.context_ [Sanitized]
	at org.eclipse.osgi.container.Module.start(Module.java:444) ~[org.eclipse.osgi.jar:?]
	at org.eclipse.osgi.internal.framework.EquinoxBundle.start(EquinoxBundle.java:428) ~[org.eclipse.osgi.jar:?]
	at com.liferay.portal.file.install.internal.DirectoryWatcher._startBundle(DirectoryWatcher.java:1156) [bundleFile:?]
	at com.liferay.portal.file.install.internal.DirectoryWatcher._startBundles(DirectoryWatcher.java:1189) [bundleFile:?]
	at com.liferay.portal.file.install.internal.DirectoryWatcher._process(DirectoryWatcher.java:1046) [bundleFile:?]
	at com.liferay.portal.file.install.internal.DirectoryWatcher.run(DirectoryWatcher.java:221) [bundleFile:?]
2022-12-08 07:25:21.223 ERROR [fileinstall-directory-watcher][DirectoryWatcher:1173] Unable to start bundle: file:/media/root322/Data/Documents/LiferayWorkspace/bundles/osgi/modules/DMrenderOverride.jar
com.liferay.portal.kernel.log.LogSanitizerException: org.osgi.framework.BundleException: Could not resolve module: DMrenderOverride [1748]_  Unresolved requirement: Import-Package: com.liferay.document.library.web.internal.display.context_ [Sanitized]
	at org.eclipse.osgi.container.Module.start(Module.java:444) ~[org.eclipse.osgi.jar:?]
	at org.eclipse.osgi.internal.framework.EquinoxBundle.start(EquinoxBundle.java:428) ~[org.eclipse.osgi.jar:?]
	at com.liferay.portal.file.install.internal.DirectoryWatcher._startBundle(DirectoryWatcher.java:1156) [bundleFile:?]
	at com.liferay.portal.file.install.internal.DirectoryWatcher._startBundles(DirectoryWatcher.java:1189) [bundleFile:?]
	at com.liferay.portal.file.install.internal.DirectoryWatcher._startAllBundles(DirectoryWatcher.java:1130) [bundleFile:?]
	at com.liferay.portal.file.install.internal.DirectoryWatcher._process(DirectoryWatcher.java:1041) [bundleFile:?]
	at com.liferay.portal.file.install.internal.DirectoryWatcher.run(DirectoryWatcher.java:221) [bundleFile:?]
2022-12-08 07:25:21.228 ERROR [fileinstall-directory-watcher][DirectoryWatcher:1173] Unable to start bundle: file:/media/root322/Data/Documents/LiferayWorkspace/bundles/osgi/modules/DMrenderOverride.jar
com.liferay.portal.kernel.log.LogSanitizerException: org.osgi.framework.BundleException: Could not resolve module: DMrenderOverride [1748]_  Unresolved requirement: Import-Package: com.liferay.document.library.web.internal.display.context_ [Sanitized]
	at org.eclipse.osgi.container.Module.start(Module.java:444) ~[org.eclipse.osgi.jar:?]
	at org.eclipse.osgi.internal.framework.EquinoxBundle.start(EquinoxBundle.java:428) ~[org.eclipse.osgi.jar:?]
	at com.liferay.portal.file.install.internal.DirectoryWatcher._startBundle(DirectoryWatcher.java:1156) [bundleFile:?]
	at com.liferay.portal.file.install.internal.DirectoryWatcher._startBundles(DirectoryWatcher.java:1189) [bundleFile:?]
	at com.liferay.portal.file.install.internal.DirectoryWatcher._process(DirectoryWatcher.java:1046) [bundleFile:?]
	at com.liferay.portal.file.install.internal.DirectoryWatcher.run(DirectoryWatcher.java:221) [bundleFile:?]
2022-12-08 07:35:28.336 ERROR [fileinstall-directory-watcher][DirectoryWatcher:1173] Unable to start bundle: file:/media/root322/Data/Documents/LiferayWorkspace/bundles/osgi/modules/DMrenderOverride.jar
com.liferay.portal.kernel.log.LogSanitizerException: org.osgi.framework.BundleException: Could not resolve module: DMrenderOverride [1748]_  Unresolved requirement: Import-Package: com.liferay.document.library.web.internal.display.context_ [Sanitized]
	at org.eclipse.osgi.container.Module.start(Module.java:444) ~[org.eclipse.osgi.jar:?]
	at org.eclipse.osgi.internal.framework.EquinoxBundle.start(EquinoxBundle.java:428) ~[org.eclipse.osgi.jar:?]
	at com.liferay.portal.file.install.internal.DirectoryWatcher._startBundle(DirectoryWatcher.java:1156) [bundleFile:?]
	at com.liferay.portal.file.install.internal.DirectoryWatcher._startBundles(DirectoryWatcher.java:1189) [bundleFile:?]
	at com.liferay.portal.file.install.internal.DirectoryWatcher._startAllBundles(DirectoryWatcher.java:1130) [bundleFile:?]
	at com.liferay.portal.file.install.internal.DirectoryWatcher._process(DirectoryWatcher.java:1041) [bundleFile:?]
	at com.liferay.portal.file.install.internal.DirectoryWatcher.run(DirectoryWatcher.java:221) [bundleFile:?]
2022-12-08 07:35:28.341 ERROR [fileinstall-directory-watcher][DirectoryWatcher:1173] Unable to start bundle: file:/media/root322/Data/Documents/LiferayWorkspace/bundles/osgi/modules/DMrenderOverride.jar
com.liferay.portal.kernel.log.LogSanitizerException: org.osgi.framework.BundleException: Could not resolve module: DMrenderOverride [1748]_  Unresolved requirement: Import-Package: com.liferay.document.library.web.internal.display.context_ [Sanitized]
	at org.eclipse.osgi.container.Module.start(Module.java:444) ~[org.eclipse.osgi.jar:?]
	at org.eclipse.osgi.internal.framework.EquinoxBundle.start(EquinoxBundle.java:428) ~[org.eclipse.osgi.jar:?]
	at com.liferay.portal.file.install.internal.DirectoryWatcher._startBundle(DirectoryWatcher.java:1156) [bundleFile:?]
	at com.liferay.portal.file.install.internal.DirectoryWatcher._startBundles(DirectoryWatcher.java:1189) [bundleFile:?]
	at com.liferay.portal.file.install.internal.DirectoryWatcher._process(DirectoryWatcher.java:1046) [bundleFile:?]
	at com.liferay.portal.file.install.internal.DirectoryWatcher.run(DirectoryWatcher.java:221) [bundleFile:?]
2022-12-08 07:37:53.879 ERROR [fileinstall-directory-watcher][DirectoryWatcher:1173] Unable to start bundle: file:/media/root322/Data/Documents/LiferayWorkspace/bundles/osgi/modules/DMrenderOverride.jar
com.liferay.portal.kernel.log.LogSanitizerException: org.osgi.framework.BundleException: Could not resolve module: DMrenderOverride [1749]_  Unresolved requirement: Import-Package: com.liferay.document.library.web.internal.display.context_ [Sanitized]
	at org.eclipse.osgi.container.Module.start(Module.java:444) ~[org.eclipse.osgi.jar:?]
	at org.eclipse.osgi.internal.framework.EquinoxBundle.start(EquinoxBundle.java:428) ~[org.eclipse.osgi.jar:?]
	at com.liferay.portal.file.install.internal.DirectoryWatcher._startBundle(DirectoryWatcher.java:1156) [bundleFile:?]
	at com.liferay.portal.file.install.internal.DirectoryWatcher._startBundles(DirectoryWatcher.java:1189) [bundleFile:?]
	at com.liferay.portal.file.install.internal.DirectoryWatcher._process(DirectoryWatcher.java:1046) [bundleFile:?]
	at com.liferay.portal.file.install.internal.DirectoryWatcher.run(DirectoryWatcher.java:221) [bundleFile:?]
2022-12-08 07:40:49.516 ERROR [fileinstall-directory-watcher][DirectoryWatcher:1173] Unable to start bundle: file:/media/root322/Data/Documents/LiferayWorkspace/bundles/osgi/modules/DMrenderOverride.jar
com.liferay.portal.kernel.log.LogSanitizerException: org.osgi.framework.BundleException: Could not resolve module: DMrenderOverride [1750]_  Unresolved requirement: Import-Package: com.liferay.asset.kernel.exception; version="3.0.0"_ [Sanitized]
	at org.eclipse.osgi.container.Module.start(Module.java:444) ~[org.eclipse.osgi.jar:?]
	at org.eclipse.osgi.internal.framework.EquinoxBundle.start(EquinoxBundle.java:428) ~[org.eclipse.osgi.jar:?]
	at com.liferay.portal.file.install.internal.DirectoryWatcher._startBundle(DirectoryWatcher.java:1156) [bundleFile:?]
	at com.liferay.portal.file.install.internal.DirectoryWatcher._startBundles(DirectoryWatcher.java:1189) [bundleFile:?]
	at com.liferay.portal.file.install.internal.DirectoryWatcher._process(DirectoryWatcher.java:1046) [bundleFile:?]
	at com.liferay.portal.file.install.internal.DirectoryWatcher.run(DirectoryWatcher.java:221) [bundleFile:?]
2022-12-08 08:50:51.111 INFO  [Refresh Thread: Equinox Container: 60789a81-1ed5-4912-8bef-4e4816c7ce2a][BundleStartStopLogger:80] STOPPED com.liferay.document.library.web_6.0.104 [1746]
2022-12-08 08:50:51.237 INFO  [Refresh Thread: Equinox Container: 60789a81-1ed5-4912-8bef-4e4816c7ce2a][BundleStartStopLogger:77] STARTED com.liferay.document.library.web_6.0.104 [1746]
2022-12-08 08:50:51.577 ERROR [fileinstall-directory-watcher][DirectoryWatcher:1173] Unable to start bundle: file:/media/root322/Data/Documents/LiferayWorkspace/bundles/osgi/modules/DMrenderOverride.jar
com.liferay.portal.kernel.log.LogSanitizerException: org.osgi.framework.BundleException: Could not resolve module: DMrenderOverride [1750]_  Unresolved requirement: Import-Package: com.liferay.asset.kernel.exception; version="3.0.0"_ [Sanitized]
	at org.eclipse.osgi.container.Module.start(Module.java:444) ~[org.eclipse.osgi.jar:?]
	at org.eclipse.osgi.internal.framework.EquinoxBundle.start(EquinoxBundle.java:428) ~[org.eclipse.osgi.jar:?]
	at com.liferay.portal.file.install.internal.DirectoryWatcher._startBundle(DirectoryWatcher.java:1156) [bundleFile:?]
	at com.liferay.portal.file.install.internal.DirectoryWatcher._startBundles(DirectoryWatcher.java:1189) [bundleFile:?]
	at com.liferay.portal.file.install.internal.DirectoryWatcher._startAllBundles(DirectoryWatcher.java:1130) [bundleFile:?]
	at com.liferay.portal.file.install.internal.DirectoryWatcher._process(DirectoryWatcher.java:1041) [bundleFile:?]
	at com.liferay.portal.file.install.internal.DirectoryWatcher.run(DirectoryWatcher.java:221) [bundleFile:?]
2022-12-08 08:50:51.581 ERROR [fileinstall-directory-watcher][DirectoryWatcher:1173] Unable to start bundle: file:/media/root322/Data/Documents/LiferayWorkspace/bundles/osgi/modules/DMrenderOverride.jar
com.liferay.portal.kernel.log.LogSanitizerException: org.osgi.framework.BundleException: Could not resolve module: DMrenderOverride [1750]_  Unresolved requirement: Import-Package: com.liferay.asset.kernel.exception; version="3.0.0"_ [Sanitized]
	at org.eclipse.osgi.container.Module.start(Module.java:444) ~[org.eclipse.osgi.jar:?]
	at org.eclipse.osgi.internal.framework.EquinoxBundle.start(EquinoxBundle.java:428) ~[org.eclipse.osgi.jar:?]
	at com.liferay.portal.file.install.internal.DirectoryWatcher._startBundle(DirectoryWatcher.java:1156) [bundleFile:?]
	at com.liferay.portal.file.install.internal.DirectoryWatcher._startBundles(DirectoryWatcher.java:1189) [bundleFile:?]
	at com.liferay.portal.file.install.internal.DirectoryWatcher._process(DirectoryWatcher.java:1046) [bundleFile:?]
	at com.liferay.portal.file.install.internal.DirectoryWatcher.run(DirectoryWatcher.java:221) [bundleFile:?]
2022-12-08 08:57:53.217 INFO  [Refresh Thread: Equinox Container: 60789a81-1ed5-4912-8bef-4e4816c7ce2a][BundleStartStopLogger:80] STOPPED com.liferay.document.library.web_6.0.104 [1746]
2022-12-08 08:57:53.387 INFO  [Refresh Thread: Equinox Container: 60789a81-1ed5-4912-8bef-4e4816c7ce2a][BundleStartStopLogger:77] STARTED com.liferay.document.library.web_6.0.104 [1746]
2022-12-08 08:57:53.731 ERROR [fileinstall-directory-watcher][DirectoryWatcher:1173] Unable to start bundle: file:/media/root322/Data/Documents/LiferayWorkspace/bundles/osgi/modules/DMrenderOverride.jar
com.liferay.portal.kernel.log.LogSanitizerException: org.osgi.framework.BundleException: Could not resolve module: DMrenderOverride [1750]_  Unresolved requirement: Import-Package: com.liferay.asset.kernel.exception; version="3.0.0"_ [Sanitized]
	at org.eclipse.osgi.container.Module.start(Module.java:444) ~[org.eclipse.osgi.jar:?]
	at org.eclipse.osgi.internal.framework.EquinoxBundle.start(EquinoxBundle.java:428) ~[org.eclipse.osgi.jar:?]
	at com.liferay.portal.file.install.internal.DirectoryWatcher._startBundle(DirectoryWatcher.java:1156) [bundleFile:?]
	at com.liferay.portal.file.install.internal.DirectoryWatcher._startBundles(DirectoryWatcher.java:1189) [bundleFile:?]
	at com.liferay.portal.file.install.internal.DirectoryWatcher._startAllBundles(DirectoryWatcher.java:1130) [bundleFile:?]
	at com.liferay.portal.file.install.internal.DirectoryWatcher._process(DirectoryWatcher.java:1041) [bundleFile:?]
	at com.liferay.portal.file.install.internal.DirectoryWatcher.run(DirectoryWatcher.java:221) [bundleFile:?]
2022-12-08 08:57:53.735 ERROR [fileinstall-directory-watcher][DirectoryWatcher:1173] Unable to start bundle: file:/media/root322/Data/Documents/LiferayWorkspace/bundles/osgi/modules/DMrenderOverride.jar
com.liferay.portal.kernel.log.LogSanitizerException: org.osgi.framework.BundleException: Could not resolve module: DMrenderOverride [1750]_  Unresolved requirement: Import-Package: com.liferay.asset.kernel.exception; version="3.0.0"_ [Sanitized]
	at org.eclipse.osgi.container.Module.start(Module.java:444) ~[org.eclipse.osgi.jar:?]
	at org.eclipse.osgi.internal.framework.EquinoxBundle.start(EquinoxBundle.java:428) ~[org.eclipse.osgi.jar:?]
	at com.liferay.portal.file.install.internal.DirectoryWatcher._startBundle(DirectoryWatcher.java:1156) [bundleFile:?]
	at com.liferay.portal.file.install.internal.DirectoryWatcher._startBundles(DirectoryWatcher.java:1189) [bundleFile:?]
	at com.liferay.portal.file.install.internal.DirectoryWatcher._process(DirectoryWatcher.java:1046) [bundleFile:?]
	at com.liferay.portal.file.install.internal.DirectoryWatcher.run(DirectoryWatcher.java:221) [bundleFile:?]
2022-12-08 09:00:09.320 INFO  [Refresh Thread: Equinox Container: 60789a81-1ed5-4912-8bef-4e4816c7ce2a][BundleStartStopLogger:80] STOPPED com.liferay.document.library.web_6.0.104 [1746]
2022-12-08 09:00:09.413 INFO  [Refresh Thread: Equinox Container: 60789a81-1ed5-4912-8bef-4e4816c7ce2a][BundleStartStopLogger:77] STARTED com.liferay.document.library.web_6.0.104 [1746]
2022-12-08 09:00:09.706 ERROR [fileinstall-directory-watcher][DirectoryWatcher:1173] Unable to start bundle: file:/media/root322/Data/Documents/LiferayWorkspace/bundles/osgi/modules/DMrenderOverride.jar
com.liferay.portal.kernel.log.LogSanitizerException: org.osgi.framework.BundleException: Could not resolve module: DMrenderOverride [1750]_  Unresolved requirement: Import-Package: com.liferay.asset.kernel.exception; version="3.0.0"_ [Sanitized]
	at org.eclipse.osgi.container.Module.start(Module.java:444) ~[org.eclipse.osgi.jar:?]
	at org.eclipse.osgi.internal.framework.EquinoxBundle.start(EquinoxBundle.java:428) ~[org.eclipse.osgi.jar:?]
	at com.liferay.portal.file.install.internal.DirectoryWatcher._startBundle(DirectoryWatcher.java:1156) [bundleFile:?]
	at com.liferay.portal.file.install.internal.DirectoryWatcher._startBundles(DirectoryWatcher.java:1189) [bundleFile:?]
	at com.liferay.portal.file.install.internal.DirectoryWatcher._startAllBundles(DirectoryWatcher.java:1130) [bundleFile:?]
	at com.liferay.portal.file.install.internal.DirectoryWatcher._process(DirectoryWatcher.java:1041) [bundleFile:?]
	at com.liferay.portal.file.install.internal.DirectoryWatcher.run(DirectoryWatcher.java:221) [bundleFile:?]
2022-12-08 09:00:09.709 ERROR [fileinstall-directory-watcher][DirectoryWatcher:1173] Unable to start bundle: file:/media/root322/Data/Documents/LiferayWorkspace/bundles/osgi/modules/DMrenderOverride.jar
com.liferay.portal.kernel.log.LogSanitizerException: org.osgi.framework.BundleException: Could not resolve module: DMrenderOverride [1750]_  Unresolved requirement: Import-Package: com.liferay.asset.kernel.exception; version="3.0.0"_ [Sanitized]
	at org.eclipse.osgi.container.Module.start(Module.java:444) ~[org.eclipse.osgi.jar:?]
	at org.eclipse.osgi.internal.framework.EquinoxBundle.start(EquinoxBundle.java:428) ~[org.eclipse.osgi.jar:?]
	at com.liferay.portal.file.install.internal.DirectoryWatcher._startBundle(DirectoryWatcher.java:1156) [bundleFile:?]
	at com.liferay.portal.file.install.internal.DirectoryWatcher._startBundles(DirectoryWatcher.java:1189) [bundleFile:?]
	at com.liferay.portal.file.install.internal.DirectoryWatcher._process(DirectoryWatcher.java:1046) [bundleFile:?]
	at com.liferay.portal.file.install.internal.DirectoryWatcher.run(DirectoryWatcher.java:221) [bundleFile:?]
2022-12-08 09:03:35.530 INFO  [Refresh Thread: Equinox Container: 60789a81-1ed5-4912-8bef-4e4816c7ce2a][BundleStartStopLogger:80] STOPPED com.liferay.document.library.web_6.0.104 [1746]
2022-12-08 09:03:35.625 INFO  [Refresh Thread: Equinox Container: 60789a81-1ed5-4912-8bef-4e4816c7ce2a][BundleStartStopLogger:77] STARTED com.liferay.document.library.web_6.0.104 [1746]
2022-12-08 09:03:35.880 ERROR [fileinstall-directory-watcher][DirectoryWatcher:1173] Unable to start bundle: file:/media/root322/Data/Documents/LiferayWorkspace/bundles/osgi/modules/DMrenderOverride.jar
com.liferay.portal.kernel.log.LogSanitizerException: org.osgi.framework.BundleException: Could not resolve module: DMrenderOverride [1750]_  Unresolved requirement: Import-Package: com.liferay.asset.kernel.exception; version="3.0.0"_ [Sanitized]
	at org.eclipse.osgi.container.Module.start(Module.java:444) ~[org.eclipse.osgi.jar:?]
	at org.eclipse.osgi.internal.framework.EquinoxBundle.start(EquinoxBundle.java:428) ~[org.eclipse.osgi.jar:?]
	at com.liferay.portal.file.install.internal.DirectoryWatcher._startBundle(DirectoryWatcher.java:1156) [bundleFile:?]
	at com.liferay.portal.file.install.internal.DirectoryWatcher._startBundles(DirectoryWatcher.java:1189) [bundleFile:?]
	at com.liferay.portal.file.install.internal.DirectoryWatcher._startAllBundles(DirectoryWatcher.java:1130) [bundleFile:?]
	at com.liferay.portal.file.install.internal.DirectoryWatcher._process(DirectoryWatcher.java:1041) [bundleFile:?]
	at com.liferay.portal.file.install.internal.DirectoryWatcher.run(DirectoryWatcher.java:221) [bundleFile:?]
2022-12-08 09:03:35.884 ERROR [fileinstall-directory-watcher][DirectoryWatcher:1173] Unable to start bundle: file:/media/root322/Data/Documents/LiferayWorkspace/bundles/osgi/modules/DMrenderOverride.jar
com.liferay.portal.kernel.log.LogSanitizerException: org.osgi.framework.BundleException: Could not resolve module: DMrenderOverride [1750]_  Unresolved requirement: Import-Package: com.liferay.asset.kernel.exception; version="3.0.0"_ [Sanitized]
	at org.eclipse.osgi.container.Module.start(Module.java:444) ~[org.eclipse.osgi.jar:?]
	at org.eclipse.osgi.internal.framework.EquinoxBundle.start(EquinoxBundle.java:428) ~[org.eclipse.osgi.jar:?]
	at com.liferay.portal.file.install.internal.DirectoryWatcher._startBundle(DirectoryWatcher.java:1156) [bundleFile:?]
	at com.liferay.portal.file.install.internal.DirectoryWatcher._startBundles(DirectoryWatcher.java:1189) [bundleFile:?]
	at com.liferay.portal.file.install.internal.DirectoryWatcher._process(DirectoryWatcher.java:1046) [bundleFile:?]
	at com.liferay.portal.file.install.internal.DirectoryWatcher.run(DirectoryWatcher.java:221) [bundleFile:?]
2022-12-08 09:05:11.387 INFO  [Refresh Thread: Equinox Container: 60789a81-1ed5-4912-8bef-4e4816c7ce2a][BundleStartStopLogger:80] STOPPED com.liferay.document.library.web_6.0.104 [1746]
2022-12-08 09:05:11.470 INFO  [Refresh Thread: Equinox Container: 60789a81-1ed5-4912-8bef-4e4816c7ce2a][BundleStartStopLogger:77] STARTED com.liferay.document.library.web_6.0.104 [1746]
2022-12-08 09:06:37.147 INFO  [Refresh Thread: Equinox Container: 60789a81-1ed5-4912-8bef-4e4816c7ce2a][BundleStartStopLogger:80] STOPPED com.liferay.document.library.web_6.0.104 [1746]
2022-12-08 09:06:37.246 INFO  [Refresh Thread: Equinox Container: 60789a81-1ed5-4912-8bef-4e4816c7ce2a][BundleStartStopLogger:77] STARTED com.liferay.document.library.web_6.0.104 [1746]
2022-12-08 09:09:43.276 INFO  [Refresh Thread: Equinox Container: 60789a81-1ed5-4912-8bef-4e4816c7ce2a][BundleStartStopLogger:80] STOPPED com.liferay.document.library.web_6.0.104 [1746]
2022-12-08 09:09:43.370 INFO  [Refresh Thread: Equinox Container: 60789a81-1ed5-4912-8bef-4e4816c7ce2a][BundleStartStopLogger:77] STARTED com.liferay.document.library.web_6.0.104 [1746]
2022-12-08 09:16:25.391 INFO  [Refresh Thread: Equinox Container: 60789a81-1ed5-4912-8bef-4e4816c7ce2a][BundleStartStopLogger:80] STOPPED com.liferay.document.library.web_6.0.104 [1746]
2022-12-08 09:16:25.470 INFO  [Refresh Thread: Equinox Container: 60789a81-1ed5-4912-8bef-4e4816c7ce2a][BundleStartStopLogger:77] STARTED com.liferay.document.library.web_6.0.104 [1746]
2022-12-08 09:18:26.300 INFO  [Refresh Thread: Equinox Container: 60789a81-1ed5-4912-8bef-4e4816c7ce2a][BundleStartStopLogger:80] STOPPED com.liferay.document.library.web_6.0.104 [1746]
2022-12-08 09:18:26.406 INFO  [Refresh Thread: Equinox Container: 60789a81-1ed5-4912-8bef-4e4816c7ce2a][BundleStartStopLogger:77] STARTED com.liferay.document.library.web_6.0.104 [1746]
2022-12-08 09:20:12.183 INFO  [Refresh Thread: Equinox Container: 60789a81-1ed5-4912-8bef-4e4816c7ce2a][BundleStartStopLogger:80] STOPPED com.liferay.document.library.web_6.0.104 [1746]
2022-12-08 09:20:12.272 INFO  [Refresh Thread: Equinox Container: 60789a81-1ed5-4912-8bef-4e4816c7ce2a][BundleStartStopLogger:77] STARTED com.liferay.document.library.web_6.0.104 [1746]
2022-12-08 09:21:12.870 INFO  [Refresh Thread: Equinox Container: 60789a81-1ed5-4912-8bef-4e4816c7ce2a][BundleStartStopLogger:80] STOPPED com.liferay.document.library.web_6.0.104 [1746]
2022-12-08 09:21:12.949 INFO  [Refresh Thread: Equinox Container: 60789a81-1ed5-4912-8bef-4e4816c7ce2a][BundleStartStopLogger:77] STARTED com.liferay.document.library.web_6.0.104 [1746]
2022-12-08 09:29:15.209 INFO  [Refresh Thread: Equinox Container: 60789a81-1ed5-4912-8bef-4e4816c7ce2a][BundleStartStopLogger:80] STOPPED com.liferay.document.library.web_6.0.104 [1746]
2022-12-08 09:29:15.339 INFO  [Refresh Thread: Equinox Container: 60789a81-1ed5-4912-8bef-4e4816c7ce2a][BundleStartStopLogger:77] STARTED com.liferay.document.library.web_6.0.104 [1746]
2022-12-08 09:31:11.159 INFO  [Refresh Thread: Equinox Container: 60789a81-1ed5-4912-8bef-4e4816c7ce2a][BundleStartStopLogger:80] STOPPED com.liferay.document.library.web_6.0.104 [1746]
2022-12-08 09:31:11.262 INFO  [Refresh Thread: Equinox Container: 60789a81-1ed5-4912-8bef-4e4816c7ce2a][BundleStartStopLogger:77] STARTED com.liferay.document.library.web_6.0.104 [1746]
2022-12-08 09:36:02.782 INFO  [Refresh Thread: Equinox Container: 60789a81-1ed5-4912-8bef-4e4816c7ce2a][BundleStartStopLogger:80] STOPPED com.liferay.document.library.web_6.0.104 [1746]
2022-12-08 09:36:02.868 INFO  [Refresh Thread: Equinox Container: 60789a81-1ed5-4912-8bef-4e4816c7ce2a][BundleStartStopLogger:77] STARTED com.liferay.document.library.web_6.0.104 [1746]
2022-12-08 09:37:03.485 INFO  [Refresh Thread: Equinox Container: 60789a81-1ed5-4912-8bef-4e4816c7ce2a][BundleStartStopLogger:80] STOPPED com.liferay.document.library.web_6.0.104 [1746]
2022-12-08 09:37:03.565 INFO  [Refresh Thread: Equinox Container: 60789a81-1ed5-4912-8bef-4e4816c7ce2a][BundleStartStopLogger:77] STARTED com.liferay.document.library.web_6.0.104 [1746]
2022-12-08 09:40:14.760 INFO  [Refresh Thread: Equinox Container: 60789a81-1ed5-4912-8bef-4e4816c7ce2a][BundleStartStopLogger:80] STOPPED com.liferay.document.library.web_6.0.104 [1746]
2022-12-08 09:40:14.840 INFO  [Refresh Thread: Equinox Container: 60789a81-1ed5-4912-8bef-4e4816c7ce2a][BundleStartStopLogger:77] STARTED com.liferay.document.library.web_6.0.104 [1746]
2022-12-08 09:43:25.935 INFO  [Refresh Thread: Equinox Container: 60789a81-1ed5-4912-8bef-4e4816c7ce2a][BundleStartStopLogger:80] STOPPED com.liferay.document.library.web_6.0.104 [1746]
2022-12-08 09:43:26.021 INFO  [Refresh Thread: Equinox Container: 60789a81-1ed5-4912-8bef-4e4816c7ce2a][BundleStartStopLogger:77] STARTED com.liferay.document.library.web_6.0.104 [1746]
2022-12-08 09:45:31.835 INFO  [Refresh Thread: Equinox Container: 60789a81-1ed5-4912-8bef-4e4816c7ce2a][BundleStartStopLogger:80] STOPPED com.liferay.document.library.web_6.0.104 [1746]
2022-12-08 09:45:31.952 INFO  [Refresh Thread: Equinox Container: 60789a81-1ed5-4912-8bef-4e4816c7ce2a][BundleStartStopLogger:77] STARTED com.liferay.document.library.web_6.0.104 [1746]
2022-12-08 09:48:48.073 INFO  [Refresh Thread: Equinox Container: 60789a81-1ed5-4912-8bef-4e4816c7ce2a][BundleStartStopLogger:80] STOPPED com.liferay.document.library.web_6.0.104 [1746]
2022-12-08 09:48:48.148 INFO  [Refresh Thread: Equinox Container: 60789a81-1ed5-4912-8bef-4e4816c7ce2a][BundleStartStopLogger:77] STARTED com.liferay.document.library.web_6.0.104 [1746]
2022-12-08 09:51:19.200 INFO  [Refresh Thread: Equinox Container: 60789a81-1ed5-4912-8bef-4e4816c7ce2a][BundleStartStopLogger:80] STOPPED com.liferay.document.library.web_6.0.104 [1746]
2022-12-08 09:51:19.330 INFO  [Refresh Thread: Equinox Container: 60789a81-1ed5-4912-8bef-4e4816c7ce2a][BundleStartStopLogger:77] STARTED com.liferay.document.library.web_6.0.104 [1746]
2022-12-08 09:53:25.219 INFO  [Refresh Thread: Equinox Container: 60789a81-1ed5-4912-8bef-4e4816c7ce2a][BundleStartStopLogger:80] STOPPED com.liferay.document.library.web_6.0.104 [1746]
2022-12-08 09:53:25.300 INFO  [Refresh Thread: Equinox Container: 60789a81-1ed5-4912-8bef-4e4816c7ce2a][BundleStartStopLogger:77] STARTED com.liferay.document.library.web_6.0.104 [1746]
2022-12-08 09:55:46.022 INFO  [Refresh Thread: Equinox Container: 60789a81-1ed5-4912-8bef-4e4816c7ce2a][BundleStartStopLogger:80] STOPPED com.liferay.document.library.web_6.0.104 [1746]
2022-12-08 09:55:46.099 INFO  [Refresh Thread: Equinox Container: 60789a81-1ed5-4912-8bef-4e4816c7ce2a][BundleStartStopLogger:77] STARTED com.liferay.document.library.web_6.0.104 [1746]
2022-12-08 09:59:32.345 INFO  [Refresh Thread: Equinox Container: 60789a81-1ed5-4912-8bef-4e4816c7ce2a][BundleStartStopLogger:80] STOPPED com.liferay.document.library.web_6.0.104 [1746]
2022-12-08 09:59:32.440 INFO  [Refresh Thread: Equinox Container: 60789a81-1ed5-4912-8bef-4e4816c7ce2a][BundleStartStopLogger:77] STARTED com.liferay.document.library.web_6.0.104 [1746]
2022-12-08 10:01:03.148 INFO  [Refresh Thread: Equinox Container: 60789a81-1ed5-4912-8bef-4e4816c7ce2a][BundleStartStopLogger:80] STOPPED com.liferay.document.library.web_6.0.104 [1746]
2022-12-08 10:01:03.238 INFO  [Refresh Thread: Equinox Container: 60789a81-1ed5-4912-8bef-4e4816c7ce2a][BundleStartStopLogger:77] STARTED com.liferay.document.library.web_6.0.104 [1746]
2022-12-08 10:02:18.793 INFO  [Refresh Thread: Equinox Container: 60789a81-1ed5-4912-8bef-4e4816c7ce2a][BundleStartStopLogger:80] STOPPED com.liferay.document.library.web_6.0.104 [1746]
2022-12-08 10:02:18.872 INFO  [Refresh Thread: Equinox Container: 60789a81-1ed5-4912-8bef-4e4816c7ce2a][BundleStartStopLogger:77] STARTED com.liferay.document.library.web_6.0.104 [1746]
2022-12-08 10:07:35.443 INFO  [Refresh Thread: Equinox Container: 60789a81-1ed5-4912-8bef-4e4816c7ce2a][BundleStartStopLogger:80] STOPPED com.liferay.document.library.web_6.0.104 [1746]
2022-12-08 10:07:35.521 INFO  [Refresh Thread: Equinox Container: 60789a81-1ed5-4912-8bef-4e4816c7ce2a][BundleStartStopLogger:77] STARTED com.liferay.document.library.web_6.0.104 [1746]
2022-12-08 10:08:31.093 INFO  [Refresh Thread: Equinox Container: 60789a81-1ed5-4912-8bef-4e4816c7ce2a][BundleStartStopLogger:80] STOPPED com.liferay.document.library.web_6.0.104 [1746]
2022-12-08 10:08:31.239 INFO  [Refresh Thread: Equinox Container: 60789a81-1ed5-4912-8bef-4e4816c7ce2a][BundleStartStopLogger:77] STARTED com.liferay.document.library.web_6.0.104 [1746]
2022-12-08 10:09:41.893 INFO  [Refresh Thread: Equinox Container: 60789a81-1ed5-4912-8bef-4e4816c7ce2a][BundleStartStopLogger:80] STOPPED com.liferay.document.library.web_6.0.104 [1746]
2022-12-08 10:09:42.031 INFO  [Refresh Thread: Equinox Container: 60789a81-1ed5-4912-8bef-4e4816c7ce2a][BundleStartStopLogger:77] STARTED com.liferay.document.library.web_6.0.104 [1746]
2022-12-08 10:10:42.695 INFO  [Refresh Thread: Equinox Container: 60789a81-1ed5-4912-8bef-4e4816c7ce2a][BundleStartStopLogger:80] STOPPED com.liferay.document.library.web_6.0.104 [1746]
2022-12-08 10:10:42.779 INFO  [Refresh Thread: Equinox Container: 60789a81-1ed5-4912-8bef-4e4816c7ce2a][BundleStartStopLogger:77] STARTED com.liferay.document.library.web_6.0.104 [1746]
2022-12-08 10:28:52.165 INFO  [Refresh Thread: Equinox Container: 60789a81-1ed5-4912-8bef-4e4816c7ce2a][BundleStartStopLogger:80] STOPPED com.liferay.document.library.web_6.0.104 [1746]
2022-12-08 10:28:52.253 INFO  [Refresh Thread: Equinox Container: 60789a81-1ed5-4912-8bef-4e4816c7ce2a][BundleStartStopLogger:77] STARTED com.liferay.document.library.web_6.0.104 [1746]
2022-12-08 10:44:41.094 INFO  [Refresh Thread: Equinox Container: 60789a81-1ed5-4912-8bef-4e4816c7ce2a][BundleStartStopLogger:80] STOPPED com.liferay.document.library.web_6.0.104 [1746]
2022-12-08 10:44:41.184 INFO  [Refresh Thread: Equinox Container: 60789a81-1ed5-4912-8bef-4e4816c7ce2a][BundleStartStopLogger:77] STARTED com.liferay.document.library.web_6.0.104 [1746]
2022-12-08 10:47:17.081 INFO  [Refresh Thread: Equinox Container: 60789a81-1ed5-4912-8bef-4e4816c7ce2a][BundleStartStopLogger:80] STOPPED com.liferay.document.library.web_6.0.104 [1746]
2022-12-08 10:47:17.160 INFO  [Refresh Thread: Equinox Container: 60789a81-1ed5-4912-8bef-4e4816c7ce2a][BundleStartStopLogger:77] STARTED com.liferay.document.library.web_6.0.104 [1746]
2022-12-08 10:48:07.834 INFO  [Refresh Thread: Equinox Container: 60789a81-1ed5-4912-8bef-4e4816c7ce2a][BundleStartStopLogger:80] STOPPED com.liferay.document.library.web_6.0.104 [1746]
2022-12-08 10:48:07.924 INFO  [Refresh Thread: Equinox Container: 60789a81-1ed5-4912-8bef-4e4816c7ce2a][BundleStartStopLogger:77] STARTED com.liferay.document.library.web_6.0.104 [1746]
2022-12-08 10:59:40.850 INFO  [Refresh Thread: Equinox Container: 60789a81-1ed5-4912-8bef-4e4816c7ce2a][BundleStartStopLogger:80] STOPPED com.liferay.document.library.web_6.0.104 [1746]
2022-12-08 10:59:40.927 INFO  [Refresh Thread: Equinox Container: 60789a81-1ed5-4912-8bef-4e4816c7ce2a][BundleStartStopLogger:77] STARTED com.liferay.document.library.web_6.0.104 [1746]
2022-12-08 11:41:41.049 INFO  [Refresh Thread: Equinox Container: 60789a81-1ed5-4912-8bef-4e4816c7ce2a][BundleStartStopLogger:80] STOPPED com.liferay.document.library.web_6.0.104 [1746]
2022-12-08 11:41:41.135 INFO  [Refresh Thread: Equinox Container: 60789a81-1ed5-4912-8bef-4e4816c7ce2a][BundleStartStopLogger:77] STARTED com.liferay.document.library.web_6.0.104 [1746]
2022-12-08 11:57:09.763 INFO  [Refresh Thread: Equinox Container: 60789a81-1ed5-4912-8bef-4e4816c7ce2a][BundleStartStopLogger:80] STOPPED com.liferay.document.library.web_6.0.104 [1746]
2022-12-08 11:57:09.850 INFO  [Refresh Thread: Equinox Container: 60789a81-1ed5-4912-8bef-4e4816c7ce2a][BundleStartStopLogger:77] STARTED com.liferay.document.library.web_6.0.104 [1746]
2022-12-08 12:04:37.005 INFO  [Refresh Thread: Equinox Container: 60789a81-1ed5-4912-8bef-4e4816c7ce2a][BundleStartStopLogger:80] STOPPED com.liferay.document.library.web_6.0.104 [1746]
2022-12-08 12:04:37.091 INFO  [Refresh Thread: Equinox Container: 60789a81-1ed5-4912-8bef-4e4816c7ce2a][BundleStartStopLogger:77] STARTED com.liferay.document.library.web_6.0.104 [1746]
2022-12-08 12:06:52.908 INFO  [Refresh Thread: Equinox Container: 60789a81-1ed5-4912-8bef-4e4816c7ce2a][BundleStartStopLogger:80] STOPPED com.liferay.document.library.web_6.0.104 [1746]
2022-12-08 12:06:52.990 INFO  [Refresh Thread: Equinox Container: 60789a81-1ed5-4912-8bef-4e4816c7ce2a][BundleStartStopLogger:77] STARTED com.liferay.document.library.web_6.0.104 [1746]
2022-12-08 12:16:15.260 INFO  [fileinstall-directory-watcher][BundleStartStopLogger:77] STARTED filterdm_1.0.0 [1751]
2022-12-08 13:34:27.359 INFO  [Thread-7][ThemeHotDeployListener:171] 1 theme for my-liferay-theme was unregistered
2022-12-08 13:34:27.382 INFO  [Thread-7][ThemeHotDeployListener:171] 1 theme for demotheme-theme was unregistered
2022-12-08 13:34:27.397 INFO  [Thread-7][ThemeHotDeployListener:171] 1 theme for democlassictheme-theme was unregistered
2022-12-08 13:34:27.411 INFO  [Thread-7][LayoutTemplateHotDeployListener:156] 1 layout template for LayoutTemplateDemo was unregistered
2022-12-08 13:34:27.430 INFO  [Thread-7][HookHotDeployListener:544] Hook for LangHook was unregistered
2022-12-08 13:34:27.441 INFO  [Thread-7][ThemeHotDeployListener:171] 1 theme for admin-theme was unregistered
2022-12-08 13:34:27.454 INFO  [Thread-7][ThemeHotDeployListener:171] 1 theme for minium-theme was unregistered
2022-12-08 13:34:27.466 INFO  [Thread-7][ThemeHotDeployListener:171] 1 theme for speedwell-theme was unregistered
2022-12-08 13:34:27.479 INFO  [Thread-7][ThemeHotDeployListener:171] 1 theme for dialect-theme was unregistered
2022-12-08 13:34:27.490 INFO  [Thread-7][ThemeHotDeployListener:171] 1 theme for classic-theme was unregistered
