2022-12-22 11:23:40.919 INFO  [main][PortalContextLoaderListener:123] JVM arguments: -Dcatalina.base=/media/root322/Data/Documents/LiferayWorkspace/bundles/tomcat-9.0.56 -Dcatalina.home=/media/root322/Data/Documents/LiferayWorkspace/bundles/tomcat-9.0.56 -Dfile.encoding=UTF8 -Djava.io.tmpdir=/media/root322/Data/Documents/LiferayWorkspace/bundles/tomcat-9.0.56/temp -Djava.net.preferIPv4Stack=true -Djava.util.logging.config.file=/media/root322/Data/Documents/LiferayWorkspace/bundles/tomcat-9.0.56/conf/logging.properties -Djava.util.logging.manager=org.apache.juli.ClassLoaderLogManager -Dorg.apache.catalina.loader.WebappClassLoader.ENABLE_CLEAR_REFERENCES=false -Duser.timezone=GMT -Xmx2560m -XX:MaxMetaspaceSize=768m -XX:MetaspaceSize=768m -javaagent:/snap/intellij-idea-ultimate/401/lib/idea_rt.jar=46133:/snap/intellij-idea-ultimate/401/bin
2022-12-22 11:23:43.385 INFO  [main][DialectDetector:153] Using dialect org.hibernate.dialect.MySQL8Dialect for MySQL 8.0
2022-12-22 11:23:46.627 INFO  [main][ModuleFrameworkImpl:1279] Starting initial bundles
2022-12-22 11:23:47.296 INFO  [ModuleFramework-Static-Bundles-1][InterpolationConfigurationPlugin:109] Configured directory for secrets: /media/root322/Data/Documents/LiferayWorkspace/bundles/osgi/configs
2022-12-22 11:23:48.717 INFO  [ModuleFramework-Static-Bundles-5][DefaultLPKGDeployer:456] Using overriding JAR bundle LPKG-Override::/media/root322/Data/Documents/LiferayWorkspace/bundles/osgi/marketplace/override/com.liferay.document.library.web.jar
2022-12-22 11:23:48.718 INFO  [ModuleFramework-Static-Bundles-5][DefaultLPKGDeployer:456] Using overriding JAR bundle LPKG-Override::/media/root322/Data/Documents/LiferayWorkspace/bundles/osgi/marketplace/override/com.liferay.portal.language.lang.jar
2022-12-22 11:23:48.758 INFO  [main][ModuleFrameworkImpl:1576] Started initial bundles
2022-12-22 11:23:48.759 INFO  [main][ModuleFrameworkImpl:1625] Starting dynamic bundles
2022-12-22 11:24:02.142 INFO  [main][ModuleFrameworkImpl:1647] Started dynamic bundles
2022-12-22 11:24:02.142 INFO  [main][ModuleFrameworkImpl:1654] Starting web bundles
2022-12-22 11:24:04.952 INFO  [main][ModuleFrameworkImpl:1708] Started web bundles
2022-12-22 11:24:04.952 INFO  [main][ModuleFrameworkImpl:278] Navigate to Control Panel > System > Gogo Shell and enter "lb" to see all bundles
2022-12-22 11:24:04.968 INFO  [main][LoggingTimer:83] Starting com.liferay.portal.verify.VerifyProperties#verifySystemProperties
2022-12-22 11:24:04.968 INFO  [main][LoggingTimer:44] Completed com.liferay.portal.verify.VerifyProperties#verifySystemProperties in 0 ms
2022-12-22 11:24:04.969 INFO  [main][LoggingTimer:83] Starting com.liferay.portal.verify.VerifyProperties#verifyPortalProperties
2022-12-22 11:24:04.985 INFO  [main][LoggingTimer:44] Completed com.liferay.portal.verify.VerifyProperties#verifyPortalProperties in 16 ms
2022-12-22 11:24:04.985 INFO  [main][LoggingTimer:83] Starting com.liferay.portal.verify.VerifyProperties#verifyDocumentLibrary
2022-12-22 11:24:04.985 INFO  [main][LoggingTimer:44] Completed com.liferay.portal.verify.VerifyProperties#verifyDocumentLibrary in 0 ms
2022-12-22 11:24:05.418 INFO  [main][LoggingTimer:83] Starting com.liferay.portal.events.StartupHelperUtil#initResourceActions
2022-12-22 11:24:05.461 INFO  [main][LoggingTimer:44] Completed com.liferay.portal.events.StartupHelperUtil#initResourceActions in 43 ms
2022-12-22 11:24:07.914 WARN  [main][SidecarManager:103] Liferay automatically starts a child process of Elasticsearch named sidecar for convenient development and demonstration purposes. Do NOT use sidecar in production. Refer to the documentation for details on the limitations of sidecar and instructions on configuring a remote Elasticsearch connection in the Control Panel.
2022-12-22 11:24:19.030 INFO  [main][Sidecar:119] Sidecar Elasticsearch liferay started at 127.0.0.1:9501
2022-12-22 11:24:24.399 INFO  [main][StartupHelperUtil:86] There are no patches installed
2022-12-22 11:24:24.421 INFO  [main][LoggingTimer:83] Starting com.liferay.portal.events.StartupHelperUtil#initResourceActions
2022-12-22 11:24:24.448 INFO  [main][LoggingTimer:44] Completed com.liferay.portal.events.StartupHelperUtil#initResourceActions in 27 ms
2022-12-22 11:24:24.485 INFO  [main][LicenseManager:-1] Digital Enterprise Development license validation passed
2022-12-22 11:24:24.953 INFO  [main][AutoDeployDir:176] Auto deploy scanner started for /media/root322/Data/Documents/LiferayWorkspace/bundles/deploy
2022-12-22 11:24:47.172 INFO  [com.liferay.portal.osgi.web.wab.extender.internal.WabFactory-BundleTrackerOpener][ThemeHotDeployListener:108] 1 theme for classic-theme is available for use
2022-12-22 11:24:47.290 INFO  [com.liferay.portal.osgi.web.wab.extender.internal.WabFactory-BundleTrackerOpener][ThemeHotDeployListener:108] 1 theme for dialect-theme is available for use
2022-12-22 11:24:47.460 INFO  [com.liferay.portal.osgi.web.wab.extender.internal.WabFactory-BundleTrackerOpener][ThemeHotDeployListener:108] 1 theme for speedwell-theme is available for use
2022-12-22 11:24:47.568 INFO  [com.liferay.portal.osgi.web.wab.extender.internal.WabFactory-BundleTrackerOpener][ThemeHotDeployListener:108] 1 theme for minium-theme is available for use
2022-12-22 11:24:47.699 INFO  [com.liferay.portal.osgi.web.wab.extender.internal.WabFactory-BundleTrackerOpener][ThemeHotDeployListener:108] 1 theme for admin-theme is available for use
2022-12-22 11:24:47.802 INFO  [com.liferay.portal.osgi.web.wab.extender.internal.WabFactory-BundleTrackerOpener][HookHotDeployListener:496] Hook for LangHook is available for use
2022-12-22 11:24:47.901 INFO  [com.liferay.portal.osgi.web.wab.extender.internal.WabFactory-BundleTrackerOpener][LayoutTemplateHotDeployListener:107] 1 layout template for LayoutTemplateDemo is available for use
2022-12-22 11:24:48.014 INFO  [com.liferay.portal.osgi.web.wab.extender.internal.WabFactory-BundleTrackerOpener][ThemeHotDeployListener:108] 1 theme for democlassictheme-theme is available for use
2022-12-22 11:24:48.090 INFO  [com.liferay.portal.osgi.web.wab.extender.internal.WabFactory-BundleTrackerOpener][ThemeHotDeployListener:108] 1 theme for demotheme-theme is available for use
2022-12-22 11:24:48.216 INFO  [com.liferay.portal.osgi.web.wab.extender.internal.WabFactory-BundleTrackerOpener][ThemeHotDeployListener:108] 1 theme for my-liferay-theme is available for use
2022-12-22 11:24:48.414 INFO  [com.liferay.portal.osgi.web.wab.extender.internal.WabFactory-BundleTrackerOpener][ThemeHotDeployListener:108] 1 theme for cstheme2-theme is available for use
2022-12-22 11:26:14.626 INFO  [Thread-7][ThemeHotDeployListener:171] 1 theme for cstheme2-theme was unregistered
2022-12-22 11:26:14.643 INFO  [Thread-7][ThemeHotDeployListener:171] 1 theme for my-liferay-theme was unregistered
2022-12-22 11:26:14.655 INFO  [Thread-7][ThemeHotDeployListener:171] 1 theme for demotheme-theme was unregistered
2022-12-22 11:26:14.671 INFO  [Thread-7][ThemeHotDeployListener:171] 1 theme for democlassictheme-theme was unregistered
2022-12-22 11:26:14.682 INFO  [Thread-7][LayoutTemplateHotDeployListener:156] 1 layout template for LayoutTemplateDemo was unregistered
2022-12-22 11:26:14.706 INFO  [Thread-7][HookHotDeployListener:544] Hook for LangHook was unregistered
2022-12-22 11:26:14.718 INFO  [Thread-7][ThemeHotDeployListener:171] 1 theme for admin-theme was unregistered
2022-12-22 11:26:14.736 INFO  [Thread-7][ThemeHotDeployListener:171] 1 theme for minium-theme was unregistered
2022-12-22 11:27:22.168 INFO  [main][PortalContextLoaderListener:123] JVM arguments: -Dcatalina.base=/media/root322/Data/Documents/LiferayWorkspace/bundles/tomcat-9.0.56 -Dcatalina.home=/media/root322/Data/Documents/LiferayWorkspace/bundles/tomcat-9.0.56 -Dfile.encoding=UTF8 -Djava.io.tmpdir=/media/root322/Data/Documents/LiferayWorkspace/bundles/tomcat-9.0.56/temp -Djava.net.preferIPv4Stack=true -Djava.util.logging.config.file=/media/root322/Data/Documents/LiferayWorkspace/bundles/tomcat-9.0.56/conf/logging.properties -Djava.util.logging.manager=org.apache.juli.ClassLoaderLogManager -Dorg.apache.catalina.loader.WebappClassLoader.ENABLE_CLEAR_REFERENCES=false -Duser.timezone=GMT -Xmx2560m -XX:MaxMetaspaceSize=768m -XX:MetaspaceSize=768m -javaagent:/snap/intellij-idea-ultimate/401/lib/idea_rt.jar=40621:/snap/intellij-idea-ultimate/401/bin
2022-12-22 11:27:24.042 INFO  [main][DialectDetector:153] Using dialect org.hibernate.dialect.MySQL8Dialect for MySQL 8.0
2022-12-22 11:27:27.406 INFO  [main][ModuleFrameworkImpl:1279] Starting initial bundles
2022-12-22 11:27:27.827 INFO  [ModuleFramework-Static-Bundles-5][InterpolationConfigurationPlugin:109] Configured directory for secrets: /media/root322/Data/Documents/LiferayWorkspace/bundles/osgi/configs
2022-12-22 11:27:29.488 INFO  [ModuleFramework-Static-Bundles-5][DefaultLPKGDeployer:456] Using overriding JAR bundle LPKG-Override::/media/root322/Data/Documents/LiferayWorkspace/bundles/osgi/marketplace/override/com.liferay.document.library.web.jar
2022-12-22 11:27:29.489 INFO  [ModuleFramework-Static-Bundles-5][DefaultLPKGDeployer:456] Using overriding JAR bundle LPKG-Override::/media/root322/Data/Documents/LiferayWorkspace/bundles/osgi/marketplace/override/com.liferay.portal.language.lang.jar
2022-12-22 11:27:29.681 INFO  [main][ModuleFrameworkImpl:1576] Started initial bundles
2022-12-22 11:27:29.682 INFO  [main][ModuleFrameworkImpl:1625] Starting dynamic bundles
2022-12-22 11:27:44.972 INFO  [main][ModuleFrameworkImpl:1647] Started dynamic bundles
2022-12-22 11:27:44.972 INFO  [main][ModuleFrameworkImpl:1654] Starting web bundles
2022-12-22 11:27:49.068 INFO  [main][ModuleFrameworkImpl:1708] Started web bundles
2022-12-22 11:27:49.068 INFO  [main][ModuleFrameworkImpl:278] Navigate to Control Panel > System > Gogo Shell and enter "lb" to see all bundles
2022-12-22 11:27:49.087 INFO  [main][LoggingTimer:83] Starting com.liferay.portal.verify.VerifyProperties#verifySystemProperties
2022-12-22 11:27:49.087 INFO  [main][LoggingTimer:44] Completed com.liferay.portal.verify.VerifyProperties#verifySystemProperties in 1 ms
2022-12-22 11:27:49.089 INFO  [main][LoggingTimer:83] Starting com.liferay.portal.verify.VerifyProperties#verifyPortalProperties
2022-12-22 11:27:49.114 INFO  [main][LoggingTimer:44] Completed com.liferay.portal.verify.VerifyProperties#verifyPortalProperties in 26 ms
2022-12-22 11:27:49.115 INFO  [main][LoggingTimer:83] Starting com.liferay.portal.verify.VerifyProperties#verifyDocumentLibrary
2022-12-22 11:27:49.116 INFO  [main][LoggingTimer:44] Completed com.liferay.portal.verify.VerifyProperties#verifyDocumentLibrary in 0 ms
2022-12-22 11:27:49.813 INFO  [main][LoggingTimer:83] Starting com.liferay.portal.events.StartupHelperUtil#initResourceActions
2022-12-22 11:27:49.895 INFO  [main][LoggingTimer:44] Completed com.liferay.portal.events.StartupHelperUtil#initResourceActions in 82 ms
2022-12-22 11:27:54.326 WARN  [main][SidecarManager:103] Liferay automatically starts a child process of Elasticsearch named sidecar for convenient development and demonstration purposes. Do NOT use sidecar in production. Refer to the documentation for details on the limitations of sidecar and instructions on configuring a remote Elasticsearch connection in the Control Panel.
2022-12-22 11:28:06.491 INFO  [main][Sidecar:119] Sidecar Elasticsearch liferay started at 127.0.0.1:9501
2022-12-22 11:28:12.085 INFO  [main][StartupHelperUtil:86] There are no patches installed
2022-12-22 11:28:12.098 INFO  [main][LoggingTimer:83] Starting com.liferay.portal.events.StartupHelperUtil#initResourceActions
2022-12-22 11:28:12.116 INFO  [main][LoggingTimer:44] Completed com.liferay.portal.events.StartupHelperUtil#initResourceActions in 18 ms
2022-12-22 11:28:12.147 INFO  [main][LicenseManager:-1] Digital Enterprise Development license validation passed
2022-12-22 11:28:12.572 INFO  [main][AutoDeployDir:176] Auto deploy scanner started for /media/root322/Data/Documents/LiferayWorkspace/bundles/deploy
2022-12-22 11:28:36.715 INFO  [com.liferay.portal.osgi.web.wab.extender.internal.WabFactory-BundleTrackerOpener][ThemeHotDeployListener:108] 1 theme for classic-theme is available for use
2022-12-22 11:28:36.805 INFO  [com.liferay.portal.osgi.web.wab.extender.internal.WabFactory-BundleTrackerOpener][ThemeHotDeployListener:108] 1 theme for dialect-theme is available for use
2022-12-22 11:28:36.883 INFO  [com.liferay.portal.osgi.web.wab.extender.internal.WabFactory-BundleTrackerOpener][ThemeHotDeployListener:108] 1 theme for speedwell-theme is available for use
2022-12-22 11:28:36.979 INFO  [com.liferay.portal.osgi.web.wab.extender.internal.WabFactory-BundleTrackerOpener][ThemeHotDeployListener:108] 1 theme for minium-theme is available for use
2022-12-22 11:28:37.051 INFO  [com.liferay.portal.osgi.web.wab.extender.internal.WabFactory-BundleTrackerOpener][ThemeHotDeployListener:108] 1 theme for admin-theme is available for use
2022-12-22 11:28:37.123 INFO  [com.liferay.portal.osgi.web.wab.extender.internal.WabFactory-BundleTrackerOpener][HookHotDeployListener:496] Hook for LangHook is available for use
2022-12-22 11:28:37.201 INFO  [com.liferay.portal.osgi.web.wab.extender.internal.WabFactory-BundleTrackerOpener][LayoutTemplateHotDeployListener:107] 1 layout template for LayoutTemplateDemo is available for use
2022-12-22 11:28:37.280 INFO  [com.liferay.portal.osgi.web.wab.extender.internal.WabFactory-BundleTrackerOpener][ThemeHotDeployListener:108] 1 theme for democlassictheme-theme is available for use
2022-12-22 11:28:37.351 INFO  [com.liferay.portal.osgi.web.wab.extender.internal.WabFactory-BundleTrackerOpener][ThemeHotDeployListener:108] 1 theme for demotheme-theme is available for use
2022-12-22 11:28:37.414 INFO  [com.liferay.portal.osgi.web.wab.extender.internal.WabFactory-BundleTrackerOpener][ThemeHotDeployListener:108] 1 theme for my-liferay-theme is available for use
2022-12-22 11:28:37.599 INFO  [com.liferay.portal.osgi.web.wab.extender.internal.WabFactory-BundleTrackerOpener][ThemeHotDeployListener:108] 1 theme for cstheme2-theme is available for use
2022-12-22 11:30:11.388 INFO  [main][PortalContextLoaderListener:123] JVM arguments: -Dcatalina.base=/media/root322/Data/Documents/LiferayWorkspace/bundles/tomcat-9.0.56 -Dcatalina.home=/media/root322/Data/Documents/LiferayWorkspace/bundles/tomcat-9.0.56 -Dfile.encoding=UTF8 -Djava.io.tmpdir=/media/root322/Data/Documents/LiferayWorkspace/bundles/tomcat-9.0.56/temp -Djava.net.preferIPv4Stack=true -Djava.util.logging.config.file=/media/root322/Data/Documents/LiferayWorkspace/bundles/tomcat-9.0.56/conf/logging.properties -Djava.util.logging.manager=org.apache.juli.ClassLoaderLogManager -Dorg.apache.catalina.loader.WebappClassLoader.ENABLE_CLEAR_REFERENCES=false -Duser.timezone=GMT -Xmx2560m -XX:MaxMetaspaceSize=768m -XX:MetaspaceSize=768m -javaagent:/snap/intellij-idea-ultimate/401/lib/idea_rt.jar=34283:/snap/intellij-idea-ultimate/401/bin
2022-12-22 11:30:13.184 INFO  [main][DialectDetector:153] Using dialect org.hibernate.dialect.MySQL8Dialect for MySQL 8.0
2022-12-22 11:30:16.085 INFO  [main][ModuleFrameworkImpl:1279] Starting initial bundles
2022-12-22 11:30:16.540 INFO  [ModuleFramework-Static-Bundles-8][InterpolationConfigurationPlugin:109] Configured directory for secrets: /media/root322/Data/Documents/LiferayWorkspace/bundles/osgi/configs
2022-12-22 11:30:17.484 INFO  [ModuleFramework-Static-Bundles-5][DefaultLPKGDeployer:456] Using overriding JAR bundle LPKG-Override::/media/root322/Data/Documents/LiferayWorkspace/bundles/osgi/marketplace/override/com.liferay.document.library.web.jar
2022-12-22 11:30:17.485 INFO  [ModuleFramework-Static-Bundles-5][DefaultLPKGDeployer:456] Using overriding JAR bundle LPKG-Override::/media/root322/Data/Documents/LiferayWorkspace/bundles/osgi/marketplace/override/com.liferay.portal.language.lang.jar
2022-12-22 11:30:18.082 INFO  [main][ModuleFrameworkImpl:1576] Started initial bundles
2022-12-22 11:30:18.083 INFO  [main][ModuleFrameworkImpl:1625] Starting dynamic bundles
2022-12-22 11:30:38.036 INFO  [main][ModuleFrameworkImpl:1647] Started dynamic bundles
2022-12-22 11:30:38.037 INFO  [main][ModuleFrameworkImpl:1654] Starting web bundles
2022-12-22 11:30:42.521 INFO  [main][ModuleFrameworkImpl:1708] Started web bundles
2022-12-22 11:30:42.522 INFO  [main][ModuleFrameworkImpl:278] Navigate to Control Panel > System > Gogo Shell and enter "lb" to see all bundles
2022-12-22 11:30:42.532 INFO  [main][LoggingTimer:83] Starting com.liferay.portal.verify.VerifyProperties#verifySystemProperties
2022-12-22 11:30:42.533 INFO  [main][LoggingTimer:44] Completed com.liferay.portal.verify.VerifyProperties#verifySystemProperties in 1 ms
2022-12-22 11:30:42.533 INFO  [main][LoggingTimer:83] Starting com.liferay.portal.verify.VerifyProperties#verifyPortalProperties
2022-12-22 11:30:42.552 INFO  [main][LoggingTimer:44] Completed com.liferay.portal.verify.VerifyProperties#verifyPortalProperties in 19 ms
2022-12-22 11:30:42.552 INFO  [main][LoggingTimer:83] Starting com.liferay.portal.verify.VerifyProperties#verifyDocumentLibrary
2022-12-22 11:30:42.553 INFO  [main][LoggingTimer:44] Completed com.liferay.portal.verify.VerifyProperties#verifyDocumentLibrary in 1 ms
2022-12-22 11:30:42.998 INFO  [main][LoggingTimer:83] Starting com.liferay.portal.events.StartupHelperUtil#initResourceActions
2022-12-22 11:30:43.054 INFO  [main][LoggingTimer:44] Completed com.liferay.portal.events.StartupHelperUtil#initResourceActions in 56 ms
2022-12-22 11:30:46.784 WARN  [main][SidecarManager:103] Liferay automatically starts a child process of Elasticsearch named sidecar for convenient development and demonstration purposes. Do NOT use sidecar in production. Refer to the documentation for details on the limitations of sidecar and instructions on configuring a remote Elasticsearch connection in the Control Panel.
2022-12-22 11:31:01.056 INFO  [main][Sidecar:119] Sidecar Elasticsearch liferay started at 127.0.0.1:9501
2022-12-22 11:31:06.956 INFO  [main][StartupHelperUtil:86] There are no patches installed
2022-12-22 11:31:06.971 INFO  [main][LoggingTimer:83] Starting com.liferay.portal.events.StartupHelperUtil#initResourceActions
2022-12-22 11:31:06.993 INFO  [main][LoggingTimer:44] Completed com.liferay.portal.events.StartupHelperUtil#initResourceActions in 22 ms
2022-12-22 11:31:07.030 INFO  [main][LicenseManager:-1] Digital Enterprise Development license validation passed
2022-12-22 11:31:07.470 INFO  [main][AutoDeployDir:176] Auto deploy scanner started for /media/root322/Data/Documents/LiferayWorkspace/bundles/deploy
2022-12-22 11:31:19.475 INFO  [com.liferay.portal.osgi.web.wab.extender.internal.WabFactory-BundleTrackerOpener][ThemeHotDeployListener:108] 1 theme for classic-theme is available for use
2022-12-22 11:31:19.602 INFO  [com.liferay.portal.osgi.web.wab.extender.internal.WabFactory-BundleTrackerOpener][ThemeHotDeployListener:108] 1 theme for dialect-theme is available for use
2022-12-22 11:31:19.732 INFO  [com.liferay.portal.osgi.web.wab.extender.internal.WabFactory-BundleTrackerOpener][ThemeHotDeployListener:108] 1 theme for speedwell-theme is available for use
2022-12-22 11:31:19.802 INFO  [com.liferay.portal.osgi.web.wab.extender.internal.WabFactory-BundleTrackerOpener][ThemeHotDeployListener:108] 1 theme for minium-theme is available for use
2022-12-22 11:31:19.915 INFO  [com.liferay.portal.osgi.web.wab.extender.internal.WabFactory-BundleTrackerOpener][ThemeHotDeployListener:108] 1 theme for admin-theme is available for use
2022-12-22 11:31:20.018 INFO  [com.liferay.portal.osgi.web.wab.extender.internal.WabFactory-BundleTrackerOpener][HookHotDeployListener:496] Hook for LangHook is available for use
2022-12-22 11:31:20.150 INFO  [com.liferay.portal.osgi.web.wab.extender.internal.WabFactory-BundleTrackerOpener][LayoutTemplateHotDeployListener:107] 1 layout template for LayoutTemplateDemo is available for use
2022-12-22 11:31:20.251 INFO  [com.liferay.portal.osgi.web.wab.extender.internal.WabFactory-BundleTrackerOpener][ThemeHotDeployListener:108] 1 theme for democlassictheme-theme is available for use
2022-12-22 11:31:20.345 INFO  [com.liferay.portal.osgi.web.wab.extender.internal.WabFactory-BundleTrackerOpener][ThemeHotDeployListener:108] 1 theme for demotheme-theme is available for use
2022-12-22 11:31:20.419 INFO  [com.liferay.portal.osgi.web.wab.extender.internal.WabFactory-BundleTrackerOpener][ThemeHotDeployListener:108] 1 theme for my-liferay-theme is available for use
2022-12-22 11:31:20.649 INFO  [com.liferay.portal.osgi.web.wab.extender.internal.WabFactory-BundleTrackerOpener][ThemeHotDeployListener:108] 1 theme for cstheme2-theme is available for use
2022-12-22 11:37:13.651 INFO  [Refresh Thread: Equinox Container: b33961a3-d9ba-4583-9df0-798fdd42af91][BundleStartStopLogger:80] STOPPED com.liferay.journal.web_5.0.92 [493]
2022-12-22 11:37:14.405 INFO  [Refresh Thread: Equinox Container: b33961a3-d9ba-4583-9df0-798fdd42af91][BundleStartStopLogger:77] STARTED com.liferay.journal.web_5.0.92 [493]
2022-12-22 11:40:40.167 INFO  [Refresh Thread: Equinox Container: b33961a3-d9ba-4583-9df0-798fdd42af91][BundleStartStopLogger:80] STOPPED com.liferay.journal.web_5.0.92 [493]
2022-12-22 11:40:40.554 INFO  [Refresh Thread: Equinox Container: b33961a3-d9ba-4583-9df0-798fdd42af91][BundleStartStopLogger:77] STARTED com.liferay.journal.web_5.0.92 [493]
2022-12-22 11:46:14.049 INFO  [Thread-7][ThemeHotDeployListener:171] 1 theme for cstheme2-theme was unregistered
2022-12-22 11:46:14.070 INFO  [Thread-7][ThemeHotDeployListener:171] 1 theme for my-liferay-theme was unregistered
2022-12-22 11:46:14.082 INFO  [Thread-7][ThemeHotDeployListener:171] 1 theme for demotheme-theme was unregistered
2022-12-22 11:46:14.094 INFO  [Thread-7][ThemeHotDeployListener:171] 1 theme for democlassictheme-theme was unregistered
2022-12-22 11:46:14.106 INFO  [Thread-7][LayoutTemplateHotDeployListener:156] 1 layout template for LayoutTemplateDemo was unregistered
2022-12-22 11:46:14.126 INFO  [Thread-7][HookHotDeployListener:544] Hook for LangHook was unregistered
2022-12-22 11:46:14.137 INFO  [Thread-7][ThemeHotDeployListener:171] 1 theme for admin-theme was unregistered
2022-12-22 11:46:14.150 INFO  [Thread-7][ThemeHotDeployListener:171] 1 theme for minium-theme was unregistered
2022-12-22 11:46:14.164 INFO  [Thread-7][ThemeHotDeployListener:171] 1 theme for speedwell-theme was unregistered
2022-12-22 11:46:14.177 INFO  [Thread-7][ThemeHotDeployListener:171] 1 theme for dialect-theme was unregistered
2022-12-22 11:46:14.189 INFO  [Thread-7][ThemeHotDeployListener:171] 1 theme for classic-theme was unregistered
2022-12-22 11:46:39.715 INFO  [main][PortalContextLoaderListener:123] JVM arguments: -Dcatalina.base=/media/root322/Data/Documents/LiferayWorkspace/bundles/tomcat-9.0.56 -Dcatalina.home=/media/root322/Data/Documents/LiferayWorkspace/bundles/tomcat-9.0.56 -Dfile.encoding=UTF8 -Djava.io.tmpdir=/media/root322/Data/Documents/LiferayWorkspace/bundles/tomcat-9.0.56/temp -Djava.net.preferIPv4Stack=true -Djava.util.logging.config.file=/media/root322/Data/Documents/LiferayWorkspace/bundles/tomcat-9.0.56/conf/logging.properties -Djava.util.logging.manager=org.apache.juli.ClassLoaderLogManager -Dorg.apache.catalina.loader.WebappClassLoader.ENABLE_CLEAR_REFERENCES=false -Duser.timezone=GMT -Xmx2560m -XX:MaxMetaspaceSize=768m -XX:MetaspaceSize=768m -javaagent:/snap/intellij-idea-ultimate/401/lib/idea_rt.jar=41219:/snap/intellij-idea-ultimate/401/bin
2022-12-22 11:46:41.608 INFO  [main][DialectDetector:153] Using dialect org.hibernate.dialect.MySQL8Dialect for MySQL 8.0
2022-12-22 11:46:44.572 INFO  [main][ModuleFrameworkImpl:1279] Starting initial bundles
2022-12-22 11:46:45.010 INFO  [ModuleFramework-Static-Bundles-6][InterpolationConfigurationPlugin:109] Configured directory for secrets: /media/root322/Data/Documents/LiferayWorkspace/bundles/osgi/configs
2022-12-22 11:46:46.269 INFO  [ModuleFramework-Static-Bundles-3][DefaultLPKGDeployer:456] Using overriding JAR bundle LPKG-Override::/media/root322/Data/Documents/LiferayWorkspace/bundles/osgi/marketplace/override/com.liferay.document.library.web.jar
2022-12-22 11:46:46.270 INFO  [ModuleFramework-Static-Bundles-3][DefaultLPKGDeployer:456] Using overriding JAR bundle LPKG-Override::/media/root322/Data/Documents/LiferayWorkspace/bundles/osgi/marketplace/override/com.liferay.portal.language.lang.jar
2022-12-22 11:46:46.530 INFO  [main][ModuleFrameworkImpl:1576] Started initial bundles
2022-12-22 11:46:46.530 INFO  [main][ModuleFrameworkImpl:1625] Starting dynamic bundles
2022-12-22 11:47:00.099 INFO  [main][ModuleFrameworkImpl:1647] Started dynamic bundles
2022-12-22 11:47:00.099 INFO  [main][ModuleFrameworkImpl:1654] Starting web bundles
2022-12-22 11:47:03.035 INFO  [main][ModuleFrameworkImpl:1708] Started web bundles
2022-12-22 11:47:03.036 INFO  [main][ModuleFrameworkImpl:278] Navigate to Control Panel > System > Gogo Shell and enter "lb" to see all bundles
2022-12-22 11:47:03.049 INFO  [main][LoggingTimer:83] Starting com.liferay.portal.verify.VerifyProperties#verifySystemProperties
2022-12-22 11:47:03.049 INFO  [main][LoggingTimer:44] Completed com.liferay.portal.verify.VerifyProperties#verifySystemProperties in 1 ms
2022-12-22 11:47:03.049 INFO  [main][LoggingTimer:83] Starting com.liferay.portal.verify.VerifyProperties#verifyPortalProperties
2022-12-22 11:47:03.065 ERROR [main][VerifyProperties:182] Portal property "journal.article.form.add" is obsolete
2022-12-22 11:47:03.065 ERROR [main][VerifyProperties:182] Portal property "journal.article.form.update" is obsolete
2022-12-22 11:47:03.065 ERROR [main][VerifyProperties:182] Portal property "journal.article.form.translate" is obsolete
2022-12-22 11:47:03.066 INFO  [main][LoggingTimer:44] Completed com.liferay.portal.verify.VerifyProperties#verifyPortalProperties in 17 ms
2022-12-22 11:47:03.066 INFO  [main][LoggingTimer:83] Starting com.liferay.portal.verify.VerifyProperties#verifyDocumentLibrary
2022-12-22 11:47:03.066 INFO  [main][LoggingTimer:44] Completed com.liferay.portal.verify.VerifyProperties#verifyDocumentLibrary in 0 ms
2022-12-22 11:47:03.507 INFO  [main][LoggingTimer:83] Starting com.liferay.portal.events.StartupHelperUtil#initResourceActions
2022-12-22 11:47:03.559 INFO  [main][LoggingTimer:44] Completed com.liferay.portal.events.StartupHelperUtil#initResourceActions in 52 ms
2022-12-22 11:47:06.225 WARN  [main][SidecarManager:103] Liferay automatically starts a child process of Elasticsearch named sidecar for convenient development and demonstration purposes. Do NOT use sidecar in production. Refer to the documentation for details on the limitations of sidecar and instructions on configuring a remote Elasticsearch connection in the Control Panel.
2022-12-22 11:47:17.366 INFO  [main][Sidecar:119] Sidecar Elasticsearch liferay started at 127.0.0.1:9501
2022-12-22 11:47:23.183 INFO  [main][StartupHelperUtil:86] There are no patches installed
2022-12-22 11:47:23.221 INFO  [main][LoggingTimer:83] Starting com.liferay.portal.events.StartupHelperUtil#initResourceActions
2022-12-22 11:47:23.259 INFO  [main][LoggingTimer:44] Completed com.liferay.portal.events.StartupHelperUtil#initResourceActions in 38 ms
2022-12-22 11:47:23.296 INFO  [main][LicenseManager:-1] Digital Enterprise Development license validation passed
2022-12-22 11:47:23.764 INFO  [main][AutoDeployDir:176] Auto deploy scanner started for /media/root322/Data/Documents/LiferayWorkspace/bundles/deploy
2022-12-22 11:47:35.153 INFO  [com.liferay.portal.osgi.web.wab.extender.internal.WabFactory-BundleTrackerOpener][ThemeHotDeployListener:108] 1 theme for classic-theme is available for use
2022-12-22 11:47:35.292 INFO  [com.liferay.portal.osgi.web.wab.extender.internal.WabFactory-BundleTrackerOpener][ThemeHotDeployListener:108] 1 theme for dialect-theme is available for use
2022-12-22 11:47:35.417 INFO  [com.liferay.portal.osgi.web.wab.extender.internal.WabFactory-BundleTrackerOpener][ThemeHotDeployListener:108] 1 theme for speedwell-theme is available for use
2022-12-22 11:47:35.544 INFO  [com.liferay.portal.osgi.web.wab.extender.internal.WabFactory-BundleTrackerOpener][ThemeHotDeployListener:108] 1 theme for minium-theme is available for use
2022-12-22 11:47:35.659 INFO  [com.liferay.portal.osgi.web.wab.extender.internal.WabFactory-BundleTrackerOpener][ThemeHotDeployListener:108] 1 theme for admin-theme is available for use
2022-12-22 11:47:35.784 INFO  [com.liferay.portal.osgi.web.wab.extender.internal.WabFactory-BundleTrackerOpener][HookHotDeployListener:496] Hook for LangHook is available for use
2022-12-22 11:47:35.895 INFO  [com.liferay.portal.osgi.web.wab.extender.internal.WabFactory-BundleTrackerOpener][LayoutTemplateHotDeployListener:107] 1 layout template for LayoutTemplateDemo is available for use
2022-12-22 11:47:36.084 INFO  [com.liferay.portal.osgi.web.wab.extender.internal.WabFactory-BundleTrackerOpener][ThemeHotDeployListener:108] 1 theme for democlassictheme-theme is available for use
2022-12-22 11:47:36.221 INFO  [com.liferay.portal.osgi.web.wab.extender.internal.WabFactory-BundleTrackerOpener][ThemeHotDeployListener:108] 1 theme for demotheme-theme is available for use
2022-12-22 11:47:36.344 INFO  [com.liferay.portal.osgi.web.wab.extender.internal.WabFactory-BundleTrackerOpener][ThemeHotDeployListener:108] 1 theme for my-liferay-theme is available for use
2022-12-22 11:47:36.640 INFO  [com.liferay.portal.osgi.web.wab.extender.internal.WabFactory-BundleTrackerOpener][ThemeHotDeployListener:108] 1 theme for cstheme2-theme is available for use
2022-12-22 11:48:58.434 INFO  [Refresh Thread: Equinox Container: 5ef96697-2b75-4f03-8a35-2b4c981c2227][BundleStartStopLogger:80] STOPPED com.liferay.journal.content.web_6.0.35 [484]
2022-12-22 11:48:58.589 INFO  [Refresh Thread: Equinox Container: 5ef96697-2b75-4f03-8a35-2b4c981c2227][BundleStartStopLogger:77] STARTED com.liferay.journal.content.web_6.0.35 [484]
2022-12-22 11:53:44.936 INFO  [Refresh Thread: Equinox Container: 5ef96697-2b75-4f03-8a35-2b4c981c2227][BundleStartStopLogger:80] STOPPED com.liferay.journal.web_5.0.92 [493]
2022-12-22 11:53:45.073 INFO  [Refresh Thread: Equinox Container: 5ef96697-2b75-4f03-8a35-2b4c981c2227][BundleStartStopLogger:77] STARTED com.liferay.journal.web_5.0.92 [493]
2022-12-22 12:09:14.823 WARN  [http-nio-8000-exec-10][code_jsp:159] {code="404", msg="ProxyServlet: /o/frontend-editor-ckeditor-web/ckeditor/skins/moono-lexicon/skin.js", uri=/o/frontend-editor-ckeditor-web/ckeditor/skins/moono-lexicon/skin.js}
2022-12-22 12:09:28.763 WARN  [liferay/mail-4][MailMessageListener:140] Email test@liferay.com will be ignored because it is included in mail.send.blacklist
2022-12-22 12:19:44.069 WARN  [http-nio-8000-exec-5][code_jsp:159] {code="404", msg="ProxyServlet: /o/frontend-editor-ckeditor-web/ckeditor/skins/moono-lexicon/skin.js", uri=/o/frontend-editor-ckeditor-web/ckeditor/skins/moono-lexicon/skin.js}
2022-12-22 12:19:52.273 WARN  [liferay/mail-2][MailMessageListener:140] Email test@liferay.com will be ignored because it is included in mail.send.blacklist
2022-12-22 12:22:34.554 WARN  [http-nio-8000-exec-9][code_jsp:159] {code="404", msg="ProxyServlet: /o/frontend-editor-ckeditor-web/ckeditor/skins/moono-lexicon/skin.js", uri=/o/frontend-editor-ckeditor-web/ckeditor/skins/moono-lexicon/skin.js}
2022-12-22 12:22:45.525 WARN  [liferay/mail-4][MailMessageListener:140] Email test@liferay.com will be ignored because it is included in mail.send.blacklist
2022-12-22 12:24:58.469 WARN  [liferay/mail-2][MailMessageListener:140] Email test@liferay.com will be ignored because it is included in mail.send.blacklist
2022-12-22 12:28:59.748 WARN  [http-nio-8000-exec-5][code_jsp:159] {code="404", msg="ProxyServlet: /o/frontend-editor-ckeditor-web/ckeditor/skins/moono-lexicon/skin.js", uri=/o/frontend-editor-ckeditor-web/ckeditor/skins/moono-lexicon/skin.js}
2022-12-22 12:29:16.021 WARN  [liferay/mail-4][MailMessageListener:140] Email test@liferay.com will be ignored because it is included in mail.send.blacklist
2022-12-22 12:43:29.222 WARN  [liferay/mail-2][MailMessageListener:140] Email test@liferay.com will be ignored because it is included in mail.send.blacklist
2022-12-22 13:57:56.035 INFO  [Thread-7][ThemeHotDeployListener:171] 1 theme for cstheme2-theme was unregistered
2022-12-22 13:57:56.088 INFO  [Thread-7][ThemeHotDeployListener:171] 1 theme for my-liferay-theme was unregistered
2022-12-22 13:57:56.117 INFO  [Thread-7][ThemeHotDeployListener:171] 1 theme for demotheme-theme was unregistered
2022-12-22 13:57:56.147 INFO  [Thread-7][ThemeHotDeployListener:171] 1 theme for democlassictheme-theme was unregistered
2022-12-22 13:57:56.169 INFO  [Thread-7][LayoutTemplateHotDeployListener:156] 1 layout template for LayoutTemplateDemo was unregistered
2022-12-22 13:57:56.193 INFO  [Thread-7][HookHotDeployListener:544] Hook for LangHook was unregistered
2022-12-22 13:57:56.216 INFO  [Thread-7][ThemeHotDeployListener:171] 1 theme for admin-theme was unregistered
2022-12-22 13:57:56.241 INFO  [Thread-7][ThemeHotDeployListener:171] 1 theme for minium-theme was unregistered
2022-12-22 13:57:56.268 INFO  [Thread-7][ThemeHotDeployListener:171] 1 theme for speedwell-theme was unregistered
2022-12-22 13:57:56.293 INFO  [Thread-7][ThemeHotDeployListener:171] 1 theme for dialect-theme was unregistered
2022-12-22 13:57:56.310 INFO  [Thread-7][ThemeHotDeployListener:171] 1 theme for classic-theme was unregistered
