2023-01-11 06:29:11.283 INFO  [main][PortalContextLoaderListener:123] JVM arguments: -Dcatalina.base=/media/root322/Data/Documents/LiferayWorkspace/bundles/tomcat-9.0.56 -Dcatalina.home=/media/root322/Data/Documents/LiferayWorkspace/bundles/tomcat-9.0.56 -Dfile.encoding=UTF8 -Djava.io.tmpdir=/media/root322/Data/Documents/LiferayWorkspace/bundles/tomcat-9.0.56/temp -Djava.net.preferIPv4Stack=true -Djava.util.logging.config.file=/media/root322/Data/Documents/LiferayWorkspace/bundles/tomcat-9.0.56/conf/logging.properties -Djava.util.logging.manager=org.apache.juli.ClassLoaderLogManager -Dorg.apache.catalina.loader.WebappClassLoader.ENABLE_CLEAR_REFERENCES=false -Duser.timezone=GMT -Xmx2560m -XX:MaxMetaspaceSize=768m -XX:MetaspaceSize=768m -javaagent:/snap/intellij-idea-ultimate/401/lib/idea_rt.jar=45171:/snap/intellij-idea-ultimate/401/bin
2023-01-11 06:29:15.325 INFO  [main][DialectDetector:153] Using dialect org.hibernate.dialect.MySQL8Dialect for MySQL 8.0
2023-01-11 06:29:19.369 INFO  [main][ModuleFrameworkImpl:1279] Starting initial bundles
2023-01-11 06:29:19.891 INFO  [ModuleFramework-Static-Bundles-8][InterpolationConfigurationPlugin:109] Configured directory for secrets: /media/root322/Data/Documents/LiferayWorkspace/bundles/osgi/configs
2023-01-11 06:29:22.034 INFO  [ModuleFramework-Static-Bundles-2][DefaultLPKGDeployer:456] Using overriding JAR bundle LPKG-Override::/media/root322/Data/Documents/LiferayWorkspace/bundles/osgi/marketplace/override/com.liferay.document.library.web.jar
2023-01-11 06:29:22.035 INFO  [ModuleFramework-Static-Bundles-2][DefaultLPKGDeployer:456] Using overriding JAR bundle LPKG-Override::/media/root322/Data/Documents/LiferayWorkspace/bundles/osgi/marketplace/override/com.liferay.portal.language.lang.jar
2023-01-11 06:29:22.179 INFO  [main][ModuleFrameworkImpl:1576] Started initial bundles
2023-01-11 06:29:22.180 INFO  [main][ModuleFrameworkImpl:1625] Starting dynamic bundles
2023-01-11 06:29:44.847 INFO  [Start Level: Equinox Container: 97607e44-1b94-4878-9c27-1a1efd9f1ca1][MessageBusRegistrator:41] Message Listener Registered..com.liferaysavvy.messagebus.event.listener.MessageBusRegisteredParallelMessageListener@40e5ffa4
2023-01-11 06:29:44.848 INFO  [Start Level: Equinox Container: 97607e44-1b94-4878-9c27-1a1efd9f1ca1][MessageBusRegistrator:45] Message Listener Registered..com.liferaysavvy.messagebus.event.listener.MessageBusRegisteredSerialMessageListener@3269a8e5
2023-01-11 06:29:44.849 INFO  [Start Level: Equinox Container: 97607e44-1b94-4878-9c27-1a1efd9f1ca1][MessageBusRegistrator:49] Message Listener Registered..com.liferaysavvy.messagebus.event.listener.MessageBusRegisteredSynchronousMessageListener@21687ad
2023-01-11 06:29:44.962 INFO  [main][ModuleFrameworkImpl:1647] Started dynamic bundles
2023-01-11 06:29:44.963 INFO  [main][ModuleFrameworkImpl:1654] Starting web bundles
2023-01-11 06:29:49.304 INFO  [main][ModuleFrameworkImpl:1708] Started web bundles
2023-01-11 06:29:49.305 INFO  [main][ModuleFrameworkImpl:278] Navigate to Control Panel > System > Gogo Shell and enter "lb" to see all bundles
2023-01-11 06:29:49.326 INFO  [main][LoggingTimer:83] Starting com.liferay.portal.verify.VerifyProperties#verifySystemProperties
2023-01-11 06:29:49.327 INFO  [main][LoggingTimer:44] Completed com.liferay.portal.verify.VerifyProperties#verifySystemProperties in 1 ms
2023-01-11 06:29:49.328 INFO  [main][LoggingTimer:83] Starting com.liferay.portal.verify.VerifyProperties#verifyPortalProperties
2023-01-11 06:29:49.347 ERROR [main][VerifyProperties:182] Portal property "journal.article.form.add" is obsolete
2023-01-11 06:29:49.347 ERROR [main][VerifyProperties:182] Portal property "journal.article.form.update" is obsolete
2023-01-11 06:29:49.348 ERROR [main][VerifyProperties:182] Portal property "journal.article.form.translate" is obsolete
2023-01-11 06:29:49.348 INFO  [main][LoggingTimer:44] Completed com.liferay.portal.verify.VerifyProperties#verifyPortalProperties in 21 ms
2023-01-11 06:29:49.349 INFO  [main][LoggingTimer:83] Starting com.liferay.portal.verify.VerifyProperties#verifyDocumentLibrary
2023-01-11 06:29:49.349 INFO  [main][LoggingTimer:44] Completed com.liferay.portal.verify.VerifyProperties#verifyDocumentLibrary in 0 ms
2023-01-11 06:29:49.888 INFO  [main][LoggingTimer:83] Starting com.liferay.portal.events.StartupHelperUtil#initResourceActions
2023-01-11 06:29:49.956 INFO  [main][LoggingTimer:44] Completed com.liferay.portal.events.StartupHelperUtil#initResourceActions in 68 ms
2023-01-11 06:29:53.844 WARN  [main][SidecarManager:103] Liferay automatically starts a child process of Elasticsearch named sidecar for convenient development and demonstration purposes. Do NOT use sidecar in production. Refer to the documentation for details on the limitations of sidecar and instructions on configuring a remote Elasticsearch connection in the Control Panel.
2023-01-11 06:30:09.844 INFO  [main][Sidecar:119] Sidecar Elasticsearch liferay started at 127.0.0.1:9501
2023-01-11 06:30:15.056 INFO  [main][MessageBusEventListenerNotification:33] **********Destination Added***********liferay/search_reader/GENERIC_ENGINE
2023-01-11 06:30:15.061 INFO  [main][MessageBusEventListenerNotification:33] **********Destination Added***********liferay/search_writer/GENERIC_ENGINE
2023-01-11 06:30:15.065 INFO  [main][MessageBusEventListenerNotification:33] **********Destination Added***********liferay/scheduled_user_ldap_import
2023-01-11 06:30:15.068 INFO  [main][MessageBusEventListenerNotification:33] **********Destination Added***********liferay/segments_entry_reindex
2023-01-11 06:30:15.071 INFO  [main][MessageBusEventListenerNotification:33] **********Destination Added***********liferay/message_bus/default_response
2023-01-11 06:30:15.073 INFO  [main][MessageBusEventListenerNotification:33] **********Destination Added***********liferay/message_bus/message_status
2023-01-11 06:30:15.075 INFO  [main][MessageBusEventListenerNotification:33] **********Destination Added***********liferay/live_users
2023-01-11 06:30:15.077 INFO  [main][MessageBusEventListenerNotification:33] **********Destination Added***********liferay/document_library_audio_processor
2023-01-11 06:30:15.079 INFO  [main][MessageBusEventListenerNotification:33] **********Destination Added***********liferay/async_service
2023-01-11 06:30:15.081 INFO  [main][MessageBusEventListenerNotification:33] **********Destination Added***********liferay/layouts_local_publisher
2023-01-11 06:30:15.083 INFO  [main][MessageBusEventListenerNotification:33] **********Destination Added***********liferay/convert_process
2023-01-11 06:30:15.086 INFO  [main][MessageBusEventListenerNotification:33] **********Destination Added***********liferay/document_library_pdf_processor
2023-01-11 06:30:15.088 INFO  [main][MessageBusEventListenerNotification:33] **********Destination Added***********liferay/subscription_clean_up
2023-01-11 06:30:15.090 INFO  [main][MessageBusEventListenerNotification:33] **********Destination Added***********liferay/document_library_video_processor
2023-01-11 06:30:15.092 INFO  [main][MessageBusEventListenerNotification:33] **********Destination Added***********liferay/document_library_raw_metadata_processor
2023-01-11 06:30:15.094 INFO  [main][MessageBusEventListenerNotification:33] **********Destination Added***********liferay/document_library_image_processor
2023-01-11 06:30:15.097 INFO  [main][MessageBusEventListenerNotification:33] **********Destination Added***********liferay/message_boards_mailing_list
2023-01-11 06:30:15.100 INFO  [main][MessageBusEventListenerNotification:33] **********Destination Added***********liferay/subscription_sender
2023-01-11 06:30:15.103 INFO  [main][MessageBusEventListenerNotification:33] **********Destination Added***********liferay/hot_deploy
2023-01-11 06:30:15.106 INFO  [main][MessageBusEventListenerNotification:33] **********Destination Added***********liferay/layouts_remote_publisher
2023-01-11 06:30:15.113 INFO  [main][MessageBusEventListenerNotification:33] **********Destination Added***********liferay/poller_comet_response
2023-01-11 06:30:15.115 INFO  [main][MessageBusEventListenerNotification:33] **********Destination Added***********liferay/poller_response
2023-01-11 06:30:15.118 INFO  [main][MessageBusEventListenerNotification:33] **********Destination Added***********liferay/poller
2023-01-11 06:30:15.121 INFO  [main][MessageBusEventListenerNotification:33] **********Destination Added***********liferay/workflow_definition
2023-01-11 06:30:15.126 INFO  [main][MessageBusEventListenerNotification:33] **********Destination Added***********liferay/workflow_instance
2023-01-11 06:30:15.128 INFO  [main][MessageBusEventListenerNotification:33] **********Destination Added***********liferay/workflow_log
2023-01-11 06:30:15.130 INFO  [main][MessageBusEventListenerNotification:33] **********Destination Added***********liferay/workflow_task
2023-01-11 06:30:15.132 INFO  [main][MessageBusEventListenerNotification:33] **********Destination Added***********liferay/workflow_engine
2023-01-11 06:30:15.133 INFO  [main][MessageBusEventListenerNotification:33] **********Destination Added***********liferay/workflow_comparator
2023-01-11 06:30:15.135 INFO  [main][MessageBusEventListenerNotification:33] **********Destination Added***********liferay/workflow_status
2023-01-11 06:30:15.136 INFO  [main][MessageBusEventListenerNotification:33] **********Destination Added***********liferay/mail
2023-01-11 06:30:15.139 INFO  [main][MessageBusEventListenerNotification:33] **********Destination Added***********liferay/tensorflow_model_download
2023-01-11 06:30:15.144 INFO  [main][MessageBusEventListenerNotification:33] **********Destination Added***********liferay/search_reader/SYSTEM_ENGINE
2023-01-11 06:30:15.146 INFO  [main][MessageBusEventListenerNotification:33] **********Destination Added***********liferay/search_writer/SYSTEM_ENGINE
2023-01-11 06:30:16.464 INFO  [main][MessageBusEventListenerNotification:33] **********Destination Added***********liferay/interest_terms
2023-01-11 06:30:16.476 INFO  [main][MessageBusEventListenerNotification:33] **********Destination Added***********liferay/export_import_lifecycle_event_async
2023-01-11 06:30:16.483 INFO  [main][MessageBusEventListenerNotification:33] **********Destination Added***********liferay/export_import_lifecycle_event_sync
2023-01-11 06:30:16.490 INFO  [main][ParellelDestinationConfig:83] Destination is creared ..liferaysavvy/parallel-destination
2023-01-11 06:30:16.493 INFO  [main][MessageBusEventListenerNotification:33] **********Destination Added***********liferaysavvy/parallel-destination
2023-01-11 06:30:16.495 INFO  [main][ParellelDestinationConfig:90] Destination is registred with Service Regisration ..
2023-01-11 06:30:16.499 INFO  [main][SerialDestinationConfig:83] Destination is creared ..liferaysavvy/serial-destination
2023-01-11 06:30:16.501 INFO  [main][MessageBusEventListenerNotification:33] **********Destination Added***********liferaysavvy/serial-destination
2023-01-11 06:30:16.503 INFO  [main][SerialDestinationConfig:90] Destination is registred with Service Regisration ..
2023-01-11 06:30:16.506 INFO  [main][SynchronousDestinationConfig:83] Destination is creared ..liferaysavvy/synchronous-destination
2023-01-11 06:30:16.511 INFO  [main][DestinationListenerRegistrator:41] Message Listener Registered..com.liferaysavvy.messagebus.event.listener.DestinationRegisteredParallelMessageListener@6256303b
2023-01-11 06:30:16.512 INFO  [main][DestinationListenerRegistrator:45] Message Listener Registered..com.liferaysavvy.messagebus.event.listener.DestinationRegisteredSerialMessageListener@6098b3c7
2023-01-11 06:30:16.513 INFO  [main][DestinationListenerRegistrator:49] Message Listener Registered..com.liferaysavvy.messagebus.event.listener.DestinationRegisteredSynchronousMessageListener@17b1b45
2023-01-11 06:30:16.514 INFO  [main][MessageBusEventListenerNotification:33] **********Destination Added***********liferaysavvy/synchronous-destination
2023-01-11 06:30:16.515 INFO  [main][SynchronousDestinationConfig:90] Destination is registred with Service Regisration ..
2023-01-11 06:30:16.518 INFO  [main][MessageBusEventListenerNotification:33] **********Destination Added***********liferay/analytics_messages_processor
2023-01-11 06:30:16.522 INFO  [main][MessageBusEventListenerNotification:33] **********Destination Added***********liferay/ddm_structure_reindex
2023-01-11 06:30:16.527 INFO  [main][MessageBusEventListenerNotification:33] **********Destination Added***********liferay/commerce_base_price_list
2023-01-11 06:30:16.530 INFO  [main][MessageBusEventListenerNotification:33] **********Destination Added***********liferay/commerce_order_status
2023-01-11 06:30:16.532 INFO  [main][MessageBusEventListenerNotification:33] **********Destination Added***********liferay/commerce_payment_status
2023-01-11 06:30:16.534 INFO  [main][MessageBusEventListenerNotification:33] **********Destination Added***********liferay/commerce_shipment_status
2023-01-11 06:30:16.536 INFO  [main][MessageBusEventListenerNotification:33] **********Destination Added***********liferay/commerce_subscription_status
2023-01-11 06:30:16.538 INFO  [main][MessageBusEventListenerNotification:33] **********Destination Added***********liferay/scripting_executor
2023-01-11 06:30:16.542 INFO  [main][MessageBusEventListenerNotification:33] **********Destination Added***********liferay/monitoring
2023-01-11 06:30:16.551 INFO  [main][MessageBusEventListenerNotification:33] **********Destination Added***********liferay/audit
2023-01-11 06:30:16.555 INFO  [main][MessageBusEventListenerNotification:33] **********Destination Added***********liferay/adaptive_media_processor
2023-01-11 06:30:16.774 INFO  [main][MessageBusEventListenerNotification:33] **********Destination Added***********liferay/flags
2023-01-11 06:30:18.737 INFO  [main][StartupHelperUtil:86] There are no patches installed
2023-01-11 06:30:18.757 INFO  [main][LoggingTimer:83] Starting com.liferay.portal.events.StartupHelperUtil#initResourceActions
2023-01-11 06:30:18.783 INFO  [main][LoggingTimer:44] Completed com.liferay.portal.events.StartupHelperUtil#initResourceActions in 26 ms
2023-01-11 06:30:18.810 INFO  [main][MessageBusEventListenerNotification:33] **********Destination Added***********liferay/lcs_status
2023-01-11 06:30:18.880 INFO  [main][LicenseManager:-1] Digital Enterprise Development license validation passed
2023-01-11 06:30:19.712 INFO  [main][AutoDeployDir:176] Auto deploy scanner started for /media/root322/Data/Documents/LiferayWorkspace/bundles/deploy
2023-01-11 06:30:50.965 INFO  [com.liferay.portal.osgi.web.wab.extender.internal.WabFactory-BundleTrackerOpener][ThemeHotDeployListener:108] 1 theme for classic-theme is available for use
2023-01-11 06:30:51.083 INFO  [com.liferay.portal.osgi.web.wab.extender.internal.WabFactory-BundleTrackerOpener][ThemeHotDeployListener:108] 1 theme for dialect-theme is available for use
2023-01-11 06:30:51.223 INFO  [com.liferay.portal.osgi.web.wab.extender.internal.WabFactory-BundleTrackerOpener][ThemeHotDeployListener:108] 1 theme for speedwell-theme is available for use
2023-01-11 06:30:51.334 INFO  [com.liferay.portal.osgi.web.wab.extender.internal.WabFactory-BundleTrackerOpener][ThemeHotDeployListener:108] 1 theme for minium-theme is available for use
2023-01-11 06:30:51.440 INFO  [com.liferay.portal.osgi.web.wab.extender.internal.WabFactory-BundleTrackerOpener][ThemeHotDeployListener:108] 1 theme for admin-theme is available for use
2023-01-11 06:30:51.527 INFO  [com.liferay.portal.osgi.web.wab.extender.internal.WabFactory-BundleTrackerOpener][HookHotDeployListener:496] Hook for LangHook is available for use
2023-01-11 06:30:51.608 INFO  [com.liferay.portal.osgi.web.wab.extender.internal.WabFactory-BundleTrackerOpener][LayoutTemplateHotDeployListener:107] 1 layout template for LayoutTemplateDemo is available for use
2023-01-11 06:30:51.726 INFO  [com.liferay.portal.osgi.web.wab.extender.internal.WabFactory-BundleTrackerOpener][ThemeHotDeployListener:108] 1 theme for democlassictheme-theme is available for use
2023-01-11 06:30:51.819 INFO  [com.liferay.portal.osgi.web.wab.extender.internal.WabFactory-BundleTrackerOpener][ThemeHotDeployListener:108] 1 theme for demotheme-theme is available for use
2023-01-11 06:30:51.901 INFO  [com.liferay.portal.osgi.web.wab.extender.internal.WabFactory-BundleTrackerOpener][ThemeHotDeployListener:108] 1 theme for my-liferay-theme is available for use
2023-01-11 06:30:52.329 INFO  [com.liferay.portal.osgi.web.wab.extender.internal.WabFactory-BundleTrackerOpener][ThemeHotDeployListener:108] 1 theme for cstheme2-theme is available for use
2023-01-11 07:02:11.512 INFO  [fileinstall-directory-watcher][BundleStartStopLogger:80] STOPPED com.liferay.docs.guestbook.portlet_1.0.0 [1816]
2023-01-11 07:02:11.890 INFO  [Refresh Thread: Equinox Container: 97607e44-1b94-4878-9c27-1a1efd9f1ca1][BundleStartStopLogger:77] STARTED com.liferay.docs.guestbook.portlet_1.0.0 [1816]
2023-01-11 07:04:57.558 INFO  [fileinstall-directory-watcher][BundleStartStopLogger:80] STOPPED com.liferay.docs.guestbook.portlet_1.0.0 [1816]
2023-01-11 07:04:57.644 INFO  [Refresh Thread: Equinox Container: 97607e44-1b94-4878-9c27-1a1efd9f1ca1][BundleStartStopLogger:77] STARTED com.liferay.docs.guestbook.portlet_1.0.0 [1816]
2023-01-11 07:05:42.835 INFO  [fileinstall-directory-watcher][BundleStartStopLogger:80] STOPPED com.liferay.docs.guestbook.portlet_1.0.0 [1816]
2023-01-11 07:05:42.940 INFO  [Refresh Thread: Equinox Container: 97607e44-1b94-4878-9c27-1a1efd9f1ca1][BundleStartStopLogger:77] STARTED com.liferay.docs.guestbook.portlet_1.0.0 [1816]
2023-01-11 07:18:00.928 INFO  [fileinstall-directory-watcher][BundleStartStopLogger:80] STOPPED com.liferay.docs.guestbook.portlet_1.0.0 [1816]
2023-01-11 07:18:01.019 INFO  [Refresh Thread: Equinox Container: 97607e44-1b94-4878-9c27-1a1efd9f1ca1][BundleStartStopLogger:77] STARTED com.liferay.docs.guestbook.portlet_1.0.0 [1816]
2023-01-11 07:18:36.259 INFO  [fileinstall-directory-watcher][BundleStartStopLogger:80] STOPPED com.liferay.docs.guestbook.portlet_1.0.0 [1816]
2023-01-11 07:18:36.332 INFO  [Refresh Thread: Equinox Container: 97607e44-1b94-4878-9c27-1a1efd9f1ca1][BundleStartStopLogger:77] STARTED com.liferay.docs.guestbook.portlet_1.0.0 [1816]
2023-01-11 07:27:23.411 INFO  [fileinstall-directory-watcher][BundleStartStopLogger:80] STOPPED com.liferay.docs.guestbook.portlet_1.0.0 [1816]
2023-01-11 07:27:23.482 INFO  [Refresh Thread: Equinox Container: 97607e44-1b94-4878-9c27-1a1efd9f1ca1][BundleStartStopLogger:77] STARTED com.liferay.docs.guestbook.portlet_1.0.0 [1816]
2023-01-11 07:28:38.833 INFO  [fileinstall-directory-watcher][BundleStartStopLogger:80] STOPPED com.liferay.docs.guestbook.portlet_1.0.0 [1816]
2023-01-11 07:28:38.904 INFO  [Refresh Thread: Equinox Container: 97607e44-1b94-4878-9c27-1a1efd9f1ca1][BundleStartStopLogger:77] STARTED com.liferay.docs.guestbook.portlet_1.0.0 [1816]
2023-01-11 07:37:39.743 WARN  [http-nio-8000-exec-7][code_jsp:159] {code="404", msg="JSP file [/guestbookadminportlet/view.jsp] not found", uri=/guestbookadminportlet/view.jsp}
2023-01-11 07:38:51.635 INFO  [fileinstall-directory-watcher][BundleStartStopLogger:80] STOPPED com.liferay.docs.guestbook.portlet_1.0.0 [1816]
2023-01-11 07:38:51.710 INFO  [Refresh Thread: Equinox Container: 97607e44-1b94-4878-9c27-1a1efd9f1ca1][BundleStartStopLogger:77] STARTED com.liferay.docs.guestbook.portlet_1.0.0 [1816]
2023-01-11 07:40:32.131 INFO  [fileinstall-directory-watcher][BundleStartStopLogger:80] STOPPED com.liferay.docs.guestbook.portlet_1.0.0 [1816]
2023-01-11 07:40:32.200 INFO  [Refresh Thread: Equinox Container: 97607e44-1b94-4878-9c27-1a1efd9f1ca1][BundleStartStopLogger:77] STARTED com.liferay.docs.guestbook.portlet_1.0.0 [1816]
2023-01-11 07:57:36.693 INFO  [fileinstall-directory-watcher][BundleStartStopLogger:80] STOPPED com.liferay.docs.guestbook.portlet_1.0.0 [1816]
2023-01-11 07:57:36.772 INFO  [Refresh Thread: Equinox Container: 97607e44-1b94-4878-9c27-1a1efd9f1ca1][BundleStartStopLogger:77] STARTED com.liferay.docs.guestbook.portlet_1.0.0 [1816]
2023-01-11 08:02:02.845 INFO  [fileinstall-directory-watcher][BundleStartStopLogger:80] STOPPED com.liferay.docs.guestbook.portlet_1.0.0 [1816]
2023-01-11 08:02:02.910 INFO  [Refresh Thread: Equinox Container: 97607e44-1b94-4878-9c27-1a1efd9f1ca1][BundleStartStopLogger:77] STARTED com.liferay.docs.guestbook.portlet_1.0.0 [1816]
2023-01-11 08:03:43.359 INFO  [fileinstall-directory-watcher][BundleStartStopLogger:80] STOPPED com.liferay.docs.guestbook.portlet_1.0.0 [1816]
2023-01-11 08:03:43.426 INFO  [Refresh Thread: Equinox Container: 97607e44-1b94-4878-9c27-1a1efd9f1ca1][BundleStartStopLogger:77] STARTED com.liferay.docs.guestbook.portlet_1.0.0 [1816]
2023-01-11 08:05:03.819 INFO  [fileinstall-directory-watcher][BundleStartStopLogger:80] STOPPED com.liferay.docs.guestbook.portlet_1.0.0 [1816]
2023-01-11 08:05:03.888 INFO  [Refresh Thread: Equinox Container: 97607e44-1b94-4878-9c27-1a1efd9f1ca1][BundleStartStopLogger:77] STARTED com.liferay.docs.guestbook.portlet_1.0.0 [1816]
2023-01-11 08:06:49.383 INFO  [fileinstall-directory-watcher][BundleStartStopLogger:80] STOPPED com.liferay.docs.guestbook.portlet_1.0.0 [1816]
2023-01-11 08:06:49.457 INFO  [Refresh Thread: Equinox Container: 97607e44-1b94-4878-9c27-1a1efd9f1ca1][BundleStartStopLogger:77] STARTED com.liferay.docs.guestbook.portlet_1.0.0 [1816]
2023-01-11 08:07:34.703 INFO  [fileinstall-directory-watcher][BundleStartStopLogger:80] STOPPED com.liferay.docs.guestbook.portlet_1.0.0 [1816]
2023-01-11 08:07:34.767 INFO  [Refresh Thread: Equinox Container: 97607e44-1b94-4878-9c27-1a1efd9f1ca1][BundleStartStopLogger:77] STARTED com.liferay.docs.guestbook.portlet_1.0.0 [1816]
2023-01-11 09:04:10.011 INFO  [fileinstall-directory-watcher][BundleStartStopLogger:80] STOPPED com.liferay.docs.guestbook.portlet_1.0.0 [1816]
2023-01-11 09:04:10.082 INFO  [Refresh Thread: Equinox Container: 97607e44-1b94-4878-9c27-1a1efd9f1ca1][BundleStartStopLogger:77] STARTED com.liferay.docs.guestbook.portlet_1.0.0 [1816]
2023-01-11 09:07:25.864 INFO  [fileinstall-directory-watcher][BundleStartStopLogger:80] STOPPED com.liferay.docs.guestbook.portlet_1.0.0 [1816]
2023-01-11 09:07:25.934 INFO  [Refresh Thread: Equinox Container: 97607e44-1b94-4878-9c27-1a1efd9f1ca1][BundleStartStopLogger:77] STARTED com.liferay.docs.guestbook.portlet_1.0.0 [1816]
2023-01-11 09:09:01.267 INFO  [fileinstall-directory-watcher][BundleStartStopLogger:80] STOPPED com.liferay.docs.guestbook.portlet_1.0.0 [1816]
2023-01-11 09:09:01.330 INFO  [Refresh Thread: Equinox Container: 97607e44-1b94-4878-9c27-1a1efd9f1ca1][BundleStartStopLogger:77] STARTED com.liferay.docs.guestbook.portlet_1.0.0 [1816]
2023-01-11 09:10:01.642 INFO  [fileinstall-directory-watcher][BundleStartStopLogger:80] STOPPED com.liferay.docs.guestbook.portlet_1.0.0 [1816]
2023-01-11 09:10:01.712 INFO  [Refresh Thread: Equinox Container: 97607e44-1b94-4878-9c27-1a1efd9f1ca1][BundleStartStopLogger:77] STARTED com.liferay.docs.guestbook.portlet_1.0.0 [1816]
2023-01-11 09:10:41.909 INFO  [fileinstall-directory-watcher][BundleStartStopLogger:80] STOPPED com.liferay.docs.guestbook.portlet_1.0.0 [1816]
2023-01-11 09:10:41.980 INFO  [Refresh Thread: Equinox Container: 97607e44-1b94-4878-9c27-1a1efd9f1ca1][BundleStartStopLogger:77] STARTED com.liferay.docs.guestbook.portlet_1.0.0 [1816]
2023-01-11 09:12:32.505 INFO  [fileinstall-directory-watcher][BundleStartStopLogger:80] STOPPED com.liferay.docs.guestbook.portlet_1.0.0 [1816]
2023-01-11 09:12:32.568 INFO  [Refresh Thread: Equinox Container: 97607e44-1b94-4878-9c27-1a1efd9f1ca1][BundleStartStopLogger:77] STARTED com.liferay.docs.guestbook.portlet_1.0.0 [1816]
2023-01-11 09:13:27.835 INFO  [fileinstall-directory-watcher][BundleStartStopLogger:80] STOPPED com.liferay.docs.guestbook.portlet_1.0.0 [1816]
2023-01-11 09:13:27.902 INFO  [Refresh Thread: Equinox Container: 97607e44-1b94-4878-9c27-1a1efd9f1ca1][BundleStartStopLogger:77] STARTED com.liferay.docs.guestbook.portlet_1.0.0 [1816]
2023-01-11 09:14:28.153 INFO  [fileinstall-directory-watcher][BundleStartStopLogger:80] STOPPED com.liferay.docs.guestbook.portlet_1.0.0 [1816]
2023-01-11 09:14:28.221 INFO  [Refresh Thread: Equinox Container: 97607e44-1b94-4878-9c27-1a1efd9f1ca1][BundleStartStopLogger:77] STARTED com.liferay.docs.guestbook.portlet_1.0.0 [1816]
2023-01-11 09:16:23.678 INFO  [fileinstall-directory-watcher][BundleStartStopLogger:80] STOPPED com.liferay.docs.guestbook.portlet_1.0.0 [1816]
2023-01-11 09:16:23.739 INFO  [Refresh Thread: Equinox Container: 97607e44-1b94-4878-9c27-1a1efd9f1ca1][BundleStartStopLogger:77] STARTED com.liferay.docs.guestbook.portlet_1.0.0 [1816]
2023-01-11 09:17:59.179 INFO  [fileinstall-directory-watcher][BundleStartStopLogger:80] STOPPED com.liferay.docs.guestbook.portlet_1.0.0 [1816]
2023-01-11 09:17:59.247 INFO  [Refresh Thread: Equinox Container: 97607e44-1b94-4878-9c27-1a1efd9f1ca1][BundleStartStopLogger:77] STARTED com.liferay.docs.guestbook.portlet_1.0.0 [1816]
2023-01-11 09:19:44.679 INFO  [fileinstall-directory-watcher][BundleStartStopLogger:80] STOPPED com.liferay.docs.guestbook.portlet_1.0.0 [1816]
2023-01-11 09:19:44.742 INFO  [Refresh Thread: Equinox Container: 97607e44-1b94-4878-9c27-1a1efd9f1ca1][BundleStartStopLogger:77] STARTED com.liferay.docs.guestbook.portlet_1.0.0 [1816]
2023-01-11 09:23:25.612 INFO  [fileinstall-directory-watcher][BundleStartStopLogger:80] STOPPED com.liferay.docs.guestbook.portlet_1.0.0 [1816]
2023-01-11 09:23:25.681 INFO  [Refresh Thread: Equinox Container: 97607e44-1b94-4878-9c27-1a1efd9f1ca1][BundleStartStopLogger:77] STARTED com.liferay.docs.guestbook.portlet_1.0.0 [1816]
2023-01-11 09:25:46.284 INFO  [fileinstall-directory-watcher][BundleStartStopLogger:80] STOPPED com.liferay.docs.guestbook.portlet_1.0.0 [1816]
2023-01-11 09:25:46.353 INFO  [Refresh Thread: Equinox Container: 97607e44-1b94-4878-9c27-1a1efd9f1ca1][BundleStartStopLogger:77] STARTED com.liferay.docs.guestbook.portlet_1.0.0 [1816]
2023-01-11 09:28:47.129 INFO  [fileinstall-directory-watcher][BundleStartStopLogger:80] STOPPED com.liferay.docs.guestbook.portlet_1.0.0 [1816]
2023-01-11 09:28:47.192 INFO  [Refresh Thread: Equinox Container: 97607e44-1b94-4878-9c27-1a1efd9f1ca1][BundleStartStopLogger:77] STARTED com.liferay.docs.guestbook.portlet_1.0.0 [1816]
2023-01-11 09:29:30.213 WARN  [http-nio-8000-exec-9][code_jsp:159] {code="404", msg="JSP file [/guestbookadminportlet/view.jsp] not found", uri=/guestbookadminportlet/view.jsp}
2023-01-11 09:40:25.035 INFO  [fileinstall-directory-watcher][BundleStartStopLogger:80] STOPPED com.liferay.docs.guestbook.portlet_1.0.0 [1816]
2023-01-11 09:40:25.101 INFO  [Refresh Thread: Equinox Container: 97607e44-1b94-4878-9c27-1a1efd9f1ca1][BundleStartStopLogger:77] STARTED com.liferay.docs.guestbook.portlet_1.0.0 [1816]
2023-01-11 09:41:30.403 INFO  [fileinstall-directory-watcher][BundleStartStopLogger:80] STOPPED com.liferay.docs.guestbook.portlet_1.0.0 [1816]
2023-01-11 09:41:30.470 INFO  [Refresh Thread: Equinox Container: 97607e44-1b94-4878-9c27-1a1efd9f1ca1][BundleStartStopLogger:77] STARTED com.liferay.docs.guestbook.portlet_1.0.0 [1816]
2023-01-11 09:42:15.719 INFO  [fileinstall-directory-watcher][BundleStartStopLogger:80] STOPPED com.liferay.docs.guestbook.portlet_1.0.0 [1816]
2023-01-11 09:42:15.780 INFO  [Refresh Thread: Equinox Container: 97607e44-1b94-4878-9c27-1a1efd9f1ca1][BundleStartStopLogger:77] STARTED com.liferay.docs.guestbook.portlet_1.0.0 [1816]
2023-01-11 09:43:31.122 INFO  [fileinstall-directory-watcher][BundleStartStopLogger:80] STOPPED com.liferay.docs.guestbook.portlet_1.0.0 [1816]
2023-01-11 09:43:31.183 INFO  [Refresh Thread: Equinox Container: 97607e44-1b94-4878-9c27-1a1efd9f1ca1][BundleStartStopLogger:77] STARTED com.liferay.docs.guestbook.portlet_1.0.0 [1816]
2023-01-11 11:41:22.317 INFO  [fileinstall-directory-watcher][BundleStartStopLogger:80] STOPPED com.liferay.docs.guestbook.portlet_1.0.0 [1816]
2023-01-11 11:41:22.384 INFO  [Refresh Thread: Equinox Container: 97607e44-1b94-4878-9c27-1a1efd9f1ca1][BundleStartStopLogger:77] STARTED com.liferay.docs.guestbook.portlet_1.0.0 [1816]
2023-01-11 11:42:12.630 INFO  [fileinstall-directory-watcher][BundleStartStopLogger:80] STOPPED com.liferay.docs.guestbook.portlet_1.0.0 [1816]
2023-01-11 11:42:12.696 INFO  [Refresh Thread: Equinox Container: 97607e44-1b94-4878-9c27-1a1efd9f1ca1][BundleStartStopLogger:77] STARTED com.liferay.docs.guestbook.portlet_1.0.0 [1816]
2023-01-11 11:47:58.926 INFO  [fileinstall-directory-watcher][BundleStartStopLogger:80] STOPPED com.liferay.docs.guestbook.portlet_1.0.0 [1816]
2023-01-11 11:47:58.997 INFO  [Refresh Thread: Equinox Container: 97607e44-1b94-4878-9c27-1a1efd9f1ca1][BundleStartStopLogger:77] STARTED com.liferay.docs.guestbook.portlet_1.0.0 [1816]
2023-01-11 11:49:54.504 INFO  [fileinstall-directory-watcher][BundleStartStopLogger:80] STOPPED com.liferay.docs.guestbook.portlet_1.0.0 [1816]
2023-01-11 11:49:54.567 INFO  [Refresh Thread: Equinox Container: 97607e44-1b94-4878-9c27-1a1efd9f1ca1][BundleStartStopLogger:77] STARTED com.liferay.docs.guestbook.portlet_1.0.0 [1816]
2023-01-11 11:51:14.909 INFO  [fileinstall-directory-watcher][BundleStartStopLogger:80] STOPPED com.liferay.docs.guestbook.portlet_1.0.0 [1816]
2023-01-11 11:51:14.976 INFO  [Refresh Thread: Equinox Container: 97607e44-1b94-4878-9c27-1a1efd9f1ca1][BundleStartStopLogger:77] STARTED com.liferay.docs.guestbook.portlet_1.0.0 [1816]
2023-01-11 11:52:00.175 INFO  [fileinstall-directory-watcher][BundleStartStopLogger:80] STOPPED com.liferay.docs.guestbook.portlet_1.0.0 [1816]
2023-01-11 11:52:00.240 INFO  [Refresh Thread: Equinox Container: 97607e44-1b94-4878-9c27-1a1efd9f1ca1][BundleStartStopLogger:77] STARTED com.liferay.docs.guestbook.portlet_1.0.0 [1816]
2023-01-11 11:54:45.808 INFO  [fileinstall-directory-watcher][BundleStartStopLogger:80] STOPPED com.liferay.docs.guestbook.portlet_1.0.0 [1816]
2023-01-11 11:54:45.874 INFO  [Refresh Thread: Equinox Container: 97607e44-1b94-4878-9c27-1a1efd9f1ca1][BundleStartStopLogger:77] STARTED com.liferay.docs.guestbook.portlet_1.0.0 [1816]
2023-01-11 11:56:01.225 INFO  [fileinstall-directory-watcher][BundleStartStopLogger:80] STOPPED com.liferay.docs.guestbook.portlet_1.0.0 [1816]
2023-01-11 11:56:01.287 INFO  [Refresh Thread: Equinox Container: 97607e44-1b94-4878-9c27-1a1efd9f1ca1][BundleStartStopLogger:77] STARTED com.liferay.docs.guestbook.portlet_1.0.0 [1816]
2023-01-11 11:57:26.643 INFO  [fileinstall-directory-watcher][BundleStartStopLogger:80] STOPPED com.liferay.docs.guestbook.portlet_1.0.0 [1816]
2023-01-11 11:57:26.720 INFO  [Refresh Thread: Equinox Container: 97607e44-1b94-4878-9c27-1a1efd9f1ca1][BundleStartStopLogger:77] STARTED com.liferay.docs.guestbook.portlet_1.0.0 [1816]
2023-01-11 12:00:47.518 INFO  [fileinstall-directory-watcher][BundleStartStopLogger:80] STOPPED com.liferay.docs.guestbook.portlet_1.0.0 [1816]
2023-01-11 12:00:47.583 INFO  [Refresh Thread: Equinox Container: 97607e44-1b94-4878-9c27-1a1efd9f1ca1][BundleStartStopLogger:77] STARTED com.liferay.docs.guestbook.portlet_1.0.0 [1816]
2023-01-11 12:01:37.805 INFO  [fileinstall-directory-watcher][BundleStartStopLogger:80] STOPPED com.liferay.docs.guestbook.portlet_1.0.0 [1816]
2023-01-11 12:01:37.864 INFO  [Refresh Thread: Equinox Container: 97607e44-1b94-4878-9c27-1a1efd9f1ca1][BundleStartStopLogger:77] STARTED com.liferay.docs.guestbook.portlet_1.0.0 [1816]
2023-01-11 12:03:23.314 INFO  [fileinstall-directory-watcher][BundleStartStopLogger:80] STOPPED com.liferay.docs.guestbook.portlet_1.0.0 [1816]
2023-01-11 12:03:23.379 INFO  [Refresh Thread: Equinox Container: 97607e44-1b94-4878-9c27-1a1efd9f1ca1][BundleStartStopLogger:77] STARTED com.liferay.docs.guestbook.portlet_1.0.0 [1816]
2023-01-11 12:10:50.158 INFO  [fileinstall-directory-watcher][BundleStartStopLogger:80] STOPPED com.liferay.docs.guestbook.portlet_1.0.0 [1816]
2023-01-11 12:10:50.227 INFO  [Refresh Thread: Equinox Container: 97607e44-1b94-4878-9c27-1a1efd9f1ca1][BundleStartStopLogger:77] STARTED com.liferay.docs.guestbook.portlet_1.0.0 [1816]
2023-01-11 12:12:10.628 INFO  [fileinstall-directory-watcher][BundleStartStopLogger:80] STOPPED com.liferay.docs.guestbook.portlet_1.0.0 [1816]
2023-01-11 12:12:10.730 INFO  [Refresh Thread: Equinox Container: 97607e44-1b94-4878-9c27-1a1efd9f1ca1][BundleStartStopLogger:77] STARTED com.liferay.docs.guestbook.portlet_1.0.0 [1816]
2023-01-11 12:13:51.199 INFO  [fileinstall-directory-watcher][BundleStartStopLogger:80] STOPPED com.liferay.docs.guestbook.portlet_1.0.0 [1816]
2023-01-11 12:13:51.265 INFO  [Refresh Thread: Equinox Container: 97607e44-1b94-4878-9c27-1a1efd9f1ca1][BundleStartStopLogger:77] STARTED com.liferay.docs.guestbook.portlet_1.0.0 [1816]
2023-01-11 12:19:12.565 INFO  [fileinstall-directory-watcher][BundleStartStopLogger:80] STOPPED com.liferay.docs.guestbook.portlet_1.0.0 [1816]
2023-01-11 12:19:12.625 INFO  [Refresh Thread: Equinox Container: 97607e44-1b94-4878-9c27-1a1efd9f1ca1][BundleStartStopLogger:77] STARTED com.liferay.docs.guestbook.portlet_1.0.0 [1816]
2023-01-11 12:21:23.173 INFO  [fileinstall-directory-watcher][BundleStartStopLogger:80] STOPPED com.liferay.docs.guestbook.portlet_1.0.0 [1816]
2023-01-11 12:21:23.238 INFO  [Refresh Thread: Equinox Container: 97607e44-1b94-4878-9c27-1a1efd9f1ca1][BundleStartStopLogger:77] STARTED com.liferay.docs.guestbook.portlet_1.0.0 [1816]
2023-01-11 13:42:25.821 WARN  [Thread-7][PoolBase:184] HikariPool-1 - Failed to validate connection com.mysql.cj.jdbc.ConnectionImpl@2c839e51 (No operations allowed after connection closed.). Possibly consider using a shorter maxLifetime value.
2023-01-11 13:42:25.823 WARN  [Thread-7][PoolBase:184] HikariPool-1 - Failed to validate connection com.mysql.cj.jdbc.ConnectionImpl@5d8787ef (No operations allowed after connection closed.). Possibly consider using a shorter maxLifetime value.
2023-01-11 13:42:25.825 WARN  [Thread-7][PoolBase:184] HikariPool-1 - Failed to validate connection com.mysql.cj.jdbc.ConnectionImpl@acc1dc9 (No operations allowed after connection closed.). Possibly consider using a shorter maxLifetime value.
2023-01-11 13:42:25.826 WARN  [Thread-7][PoolBase:184] HikariPool-1 - Failed to validate connection com.mysql.cj.jdbc.ConnectionImpl@3a0d6bd7 (No operations allowed after connection closed.). Possibly consider using a shorter maxLifetime value.
2023-01-11 13:42:25.828 WARN  [Thread-7][PoolBase:184] HikariPool-1 - Failed to validate connection com.mysql.cj.jdbc.ConnectionImpl@4e1a0fa1 (No operations allowed after connection closed.). Possibly consider using a shorter maxLifetime value.
2023-01-11 13:42:25.831 WARN  [Thread-7][PoolBase:184] HikariPool-1 - Failed to validate connection com.mysql.cj.jdbc.ConnectionImpl@2f435172 (No operations allowed after connection closed.). Possibly consider using a shorter maxLifetime value.
2023-01-11 13:42:25.834 WARN  [Thread-7][PoolBase:184] HikariPool-1 - Failed to validate connection com.mysql.cj.jdbc.ConnectionImpl@458b2306 (No operations allowed after connection closed.). Possibly consider using a shorter maxLifetime value.
2023-01-11 13:42:25.837 WARN  [Thread-7][PoolBase:184] HikariPool-1 - Failed to validate connection com.mysql.cj.jdbc.ConnectionImpl@1489bbb3 (No operations allowed after connection closed.). Possibly consider using a shorter maxLifetime value.
2023-01-11 13:42:25.839 WARN  [Thread-7][PoolBase:184] HikariPool-1 - Failed to validate connection com.mysql.cj.jdbc.ConnectionImpl@af0c984 (No operations allowed after connection closed.). Possibly consider using a shorter maxLifetime value.
2023-01-11 13:42:25.842 WARN  [Thread-7][PoolBase:184] HikariPool-1 - Failed to validate connection com.mysql.cj.jdbc.ConnectionImpl@3f0dd169 (No operations allowed after connection closed.). Possibly consider using a shorter maxLifetime value.
