2023-01-16 06:19:08.571 INFO  [main][PortalContextLoaderListener:123] JVM arguments: -Dcatalina.base=/media/root322/Data/Documents/LiferayWorkspace/bundles/tomcat-9.0.56 -Dcatalina.home=/media/root322/Data/Documents/LiferayWorkspace/bundles/tomcat-9.0.56 -Dfile.encoding=UTF8 -Djava.io.tmpdir=/media/root322/Data/Documents/LiferayWorkspace/bundles/tomcat-9.0.56/temp -Djava.net.preferIPv4Stack=true -Djava.util.logging.config.file=/media/root322/Data/Documents/LiferayWorkspace/bundles/tomcat-9.0.56/conf/logging.properties -Djava.util.logging.manager=org.apache.juli.ClassLoaderLogManager -Dorg.apache.catalina.loader.WebappClassLoader.ENABLE_CLEAR_REFERENCES=false -Duser.timezone=GMT -Xmx2560m -XX:MaxMetaspaceSize=768m -XX:MetaspaceSize=768m -javaagent:/snap/intellij-idea-ultimate/401/lib/idea_rt.jar=34797:/snap/intellij-idea-ultimate/401/bin
2023-01-16 06:19:15.391 INFO  [main][DialectDetector:153] Using dialect org.hibernate.dialect.MySQL8Dialect for MySQL 8.0
2023-01-16 06:19:22.541 INFO  [main][ModuleFrameworkImpl:1279] Starting initial bundles
2023-01-16 06:19:23.180 INFO  [ModuleFramework-Static-Bundles-8][InterpolationConfigurationPlugin:109] Configured directory for secrets: /media/root322/Data/Documents/LiferayWorkspace/bundles/osgi/configs
2023-01-16 06:19:25.349 INFO  [ModuleFramework-Static-Bundles-7][DefaultLPKGDeployer:456] Using overriding JAR bundle LPKG-Override::/media/root322/Data/Documents/LiferayWorkspace/bundles/osgi/marketplace/override/com.liferay.document.library.web.jar
2023-01-16 06:19:25.350 INFO  [ModuleFramework-Static-Bundles-7][DefaultLPKGDeployer:456] Using overriding JAR bundle LPKG-Override::/media/root322/Data/Documents/LiferayWorkspace/bundles/osgi/marketplace/override/com.liferay.portal.language.lang.jar
2023-01-16 06:19:25.813 INFO  [main][ModuleFrameworkImpl:1576] Started initial bundles
2023-01-16 06:19:25.814 INFO  [main][ModuleFrameworkImpl:1625] Starting dynamic bundles
2023-01-16 06:19:46.498 INFO  [Start Level: Equinox Container: 36e186b7-1db2-484a-9524-ffe599b110f8][MessageBusRegistrator:41] Message Listener Registered..com.liferaysavvy.messagebus.event.listener.MessageBusRegisteredParallelMessageListener@3408d7a
2023-01-16 06:19:46.499 INFO  [Start Level: Equinox Container: 36e186b7-1db2-484a-9524-ffe599b110f8][MessageBusRegistrator:45] Message Listener Registered..com.liferaysavvy.messagebus.event.listener.MessageBusRegisteredSerialMessageListener@1cf21a12
2023-01-16 06:19:46.500 INFO  [Start Level: Equinox Container: 36e186b7-1db2-484a-9524-ffe599b110f8][MessageBusRegistrator:49] Message Listener Registered..com.liferaysavvy.messagebus.event.listener.MessageBusRegisteredSynchronousMessageListener@4e0e5345
2023-01-16 06:19:46.618 INFO  [main][ModuleFrameworkImpl:1647] Started dynamic bundles
2023-01-16 06:19:46.618 INFO  [main][ModuleFrameworkImpl:1654] Starting web bundles
2023-01-16 06:19:51.255 INFO  [main][ModuleFrameworkImpl:1708] Started web bundles
2023-01-16 06:19:51.255 INFO  [main][ModuleFrameworkImpl:278] Navigate to Control Panel > System > Gogo Shell and enter "lb" to see all bundles
2023-01-16 06:19:51.273 INFO  [main][LoggingTimer:83] Starting com.liferay.portal.verify.VerifyProperties#verifySystemProperties
2023-01-16 06:19:51.274 INFO  [main][LoggingTimer:44] Completed com.liferay.portal.verify.VerifyProperties#verifySystemProperties in 1 ms
2023-01-16 06:19:51.274 INFO  [main][LoggingTimer:83] Starting com.liferay.portal.verify.VerifyProperties#verifyPortalProperties
2023-01-16 06:19:51.309 ERROR [main][VerifyProperties:182] Portal property "journal.article.form.add" is obsolete
2023-01-16 06:19:51.311 ERROR [main][VerifyProperties:182] Portal property "journal.article.form.update" is obsolete
2023-01-16 06:19:51.312 ERROR [main][VerifyProperties:182] Portal property "journal.article.form.translate" is obsolete
2023-01-16 06:19:51.315 INFO  [main][LoggingTimer:44] Completed com.liferay.portal.verify.VerifyProperties#verifyPortalProperties in 41 ms
2023-01-16 06:19:51.315 INFO  [main][LoggingTimer:83] Starting com.liferay.portal.verify.VerifyProperties#verifyDocumentLibrary
2023-01-16 06:19:51.316 INFO  [main][LoggingTimer:44] Completed com.liferay.portal.verify.VerifyProperties#verifyDocumentLibrary in 1 ms
2023-01-16 06:19:51.833 INFO  [main][LoggingTimer:83] Starting com.liferay.portal.events.StartupHelperUtil#initResourceActions
2023-01-16 06:19:51.897 INFO  [main][LoggingTimer:44] Completed com.liferay.portal.events.StartupHelperUtil#initResourceActions in 64 ms
2023-01-16 06:19:55.796 WARN  [main][SidecarManager:103] Liferay automatically starts a child process of Elasticsearch named sidecar for convenient development and demonstration purposes. Do NOT use sidecar in production. Refer to the documentation for details on the limitations of sidecar and instructions on configuring a remote Elasticsearch connection in the Control Panel.
2023-01-16 06:20:10.803 INFO  [main][Sidecar:119] Sidecar Elasticsearch liferay started at 127.0.0.1:9501
2023-01-16 06:20:14.820 INFO  [main][MessageBusEventListenerNotification:33] **********Destination Added***********liferay/message_bus/default_response
2023-01-16 06:20:14.825 INFO  [main][MessageBusEventListenerNotification:33] **********Destination Added***********liferay/message_bus/message_status
2023-01-16 06:20:14.828 INFO  [main][MessageBusEventListenerNotification:33] **********Destination Added***********liferay/live_users
2023-01-16 06:20:14.830 INFO  [main][MessageBusEventListenerNotification:33] **********Destination Added***********liferay/document_library_audio_processor
2023-01-16 06:20:14.832 INFO  [main][MessageBusEventListenerNotification:33] **********Destination Added***********liferay/async_service
2023-01-16 06:20:14.834 INFO  [main][MessageBusEventListenerNotification:33] **********Destination Added***********liferay/layouts_local_publisher
2023-01-16 06:20:14.840 INFO  [main][MessageBusEventListenerNotification:33] **********Destination Added***********liferay/convert_process
2023-01-16 06:20:14.843 INFO  [main][MessageBusEventListenerNotification:33] **********Destination Added***********liferay/document_library_pdf_processor
2023-01-16 06:20:14.845 INFO  [main][MessageBusEventListenerNotification:33] **********Destination Added***********liferay/subscription_clean_up
2023-01-16 06:20:14.847 INFO  [main][MessageBusEventListenerNotification:33] **********Destination Added***********liferay/document_library_video_processor
2023-01-16 06:20:14.849 INFO  [main][MessageBusEventListenerNotification:33] **********Destination Added***********liferay/document_library_raw_metadata_processor
2023-01-16 06:20:14.851 INFO  [main][MessageBusEventListenerNotification:33] **********Destination Added***********liferay/document_library_image_processor
2023-01-16 06:20:14.856 INFO  [main][MessageBusEventListenerNotification:33] **********Destination Added***********liferay/message_boards_mailing_list
2023-01-16 06:20:14.860 INFO  [main][MessageBusEventListenerNotification:33] **********Destination Added***********liferay/subscription_sender
2023-01-16 06:20:14.862 INFO  [main][MessageBusEventListenerNotification:33] **********Destination Added***********liferay/hot_deploy
2023-01-16 06:20:14.865 INFO  [main][MessageBusEventListenerNotification:33] **********Destination Added***********liferay/layouts_remote_publisher
2023-01-16 06:20:14.884 INFO  [main][MessageBusEventListenerNotification:33] **********Destination Added***********liferay/poller_comet_response
2023-01-16 06:20:14.888 INFO  [main][MessageBusEventListenerNotification:33] **********Destination Added***********liferay/poller_response
2023-01-16 06:20:14.891 INFO  [main][MessageBusEventListenerNotification:33] **********Destination Added***********liferay/poller
2023-01-16 06:20:14.898 INFO  [main][MessageBusEventListenerNotification:33] **********Destination Added***********liferay/workflow_definition
2023-01-16 06:20:14.900 INFO  [main][MessageBusEventListenerNotification:33] **********Destination Added***********liferay/workflow_instance
2023-01-16 06:20:14.904 INFO  [main][MessageBusEventListenerNotification:33] **********Destination Added***********liferay/workflow_log
2023-01-16 06:20:14.907 INFO  [main][MessageBusEventListenerNotification:33] **********Destination Added***********liferay/workflow_task
2023-01-16 06:20:14.909 INFO  [main][MessageBusEventListenerNotification:33] **********Destination Added***********liferay/workflow_engine
2023-01-16 06:20:14.911 INFO  [main][MessageBusEventListenerNotification:33] **********Destination Added***********liferay/workflow_comparator
2023-01-16 06:20:14.913 INFO  [main][MessageBusEventListenerNotification:33] **********Destination Added***********liferay/workflow_status
2023-01-16 06:20:14.916 INFO  [main][MessageBusEventListenerNotification:33] **********Destination Added***********liferay/mail
2023-01-16 06:20:14.921 INFO  [main][MessageBusEventListenerNotification:33] **********Destination Added***********liferay/scheduled_user_ldap_import
2023-01-16 06:20:14.925 INFO  [main][MessageBusEventListenerNotification:33] **********Destination Added***********liferay/ddm_structure_reindex
2023-01-16 06:20:14.929 INFO  [main][ParellelDestinationConfig:83] Destination is creared ..liferaysavvy/parallel-destination
2023-01-16 06:20:14.931 INFO  [main][MessageBusEventListenerNotification:33] **********Destination Added***********liferaysavvy/parallel-destination
2023-01-16 06:20:14.935 INFO  [main][ParellelDestinationConfig:90] Destination is registred with Service Regisration ..
2023-01-16 06:20:14.938 INFO  [main][SerialDestinationConfig:83] Destination is creared ..liferaysavvy/serial-destination
2023-01-16 06:20:14.940 INFO  [main][MessageBusEventListenerNotification:33] **********Destination Added***********liferaysavvy/serial-destination
2023-01-16 06:20:14.942 INFO  [main][SerialDestinationConfig:90] Destination is registred with Service Regisration ..
2023-01-16 06:20:14.945 INFO  [main][SynchronousDestinationConfig:83] Destination is creared ..liferaysavvy/synchronous-destination
2023-01-16 06:20:14.949 INFO  [main][DestinationListenerRegistrator:41] Message Listener Registered..com.liferaysavvy.messagebus.event.listener.DestinationRegisteredParallelMessageListener@71cc9bdf
2023-01-16 06:20:14.950 INFO  [main][DestinationListenerRegistrator:45] Message Listener Registered..com.liferaysavvy.messagebus.event.listener.DestinationRegisteredSerialMessageListener@6ef0f225
2023-01-16 06:20:14.951 INFO  [main][DestinationListenerRegistrator:49] Message Listener Registered..com.liferaysavvy.messagebus.event.listener.DestinationRegisteredSynchronousMessageListener@30524de0
2023-01-16 06:20:14.952 INFO  [main][MessageBusEventListenerNotification:33] **********Destination Added***********liferaysavvy/synchronous-destination
2023-01-16 06:20:14.957 INFO  [main][SynchronousDestinationConfig:90] Destination is registred with Service Regisration ..
2023-01-16 06:20:14.965 INFO  [main][MessageBusEventListenerNotification:33] **********Destination Added***********liferay/search_reader/SYSTEM_ENGINE
2023-01-16 06:20:14.968 INFO  [main][MessageBusEventListenerNotification:33] **********Destination Added***********liferay/search_writer/SYSTEM_ENGINE
2023-01-16 06:20:16.054 INFO  [main][MessageBusEventListenerNotification:33] **********Destination Added***********liferay/audit
2023-01-16 06:20:16.059 INFO  [main][MessageBusEventListenerNotification:33] **********Destination Added***********liferay/export_import_lifecycle_event_async
2023-01-16 06:20:16.062 INFO  [main][MessageBusEventListenerNotification:33] **********Destination Added***********liferay/export_import_lifecycle_event_sync
2023-01-16 06:20:16.066 INFO  [main][MessageBusEventListenerNotification:33] **********Destination Added***********liferay/scripting_executor
2023-01-16 06:20:16.071 INFO  [main][MessageBusEventListenerNotification:33] **********Destination Added***********liferay/adaptive_media_processor
2023-01-16 06:20:16.076 INFO  [main][MessageBusEventListenerNotification:33] **********Destination Added***********liferay/interest_terms
2023-01-16 06:20:16.081 INFO  [main][MessageBusEventListenerNotification:33] **********Destination Added***********liferay/search_reader/GENERIC_ENGINE
2023-01-16 06:20:16.083 INFO  [main][MessageBusEventListenerNotification:33] **********Destination Added***********liferay/search_writer/GENERIC_ENGINE
2023-01-16 06:20:16.086 INFO  [main][MessageBusEventListenerNotification:33] **********Destination Added***********liferay/analytics_messages_processor
2023-01-16 06:20:16.090 INFO  [main][MessageBusEventListenerNotification:33] **********Destination Added***********liferay/tensorflow_model_download
2023-01-16 06:20:16.095 INFO  [main][MessageBusEventListenerNotification:33] **********Destination Added***********liferay/monitoring
2023-01-16 06:20:16.103 INFO  [main][MessageBusEventListenerNotification:33] **********Destination Added***********liferay/segments_entry_reindex
2023-01-16 06:20:16.107 INFO  [main][MessageBusEventListenerNotification:33] **********Destination Added***********liferay/commerce_base_price_list
2023-01-16 06:20:16.108 INFO  [main][MessageBusEventListenerNotification:33] **********Destination Added***********liferay/commerce_order_status
2023-01-16 06:20:16.110 INFO  [main][MessageBusEventListenerNotification:33] **********Destination Added***********liferay/commerce_payment_status
2023-01-16 06:20:16.112 INFO  [main][MessageBusEventListenerNotification:33] **********Destination Added***********liferay/commerce_shipment_status
2023-01-16 06:20:16.113 INFO  [main][MessageBusEventListenerNotification:33] **********Destination Added***********liferay/commerce_subscription_status
2023-01-16 06:20:16.334 INFO  [main][MessageBusEventListenerNotification:33] **********Destination Added***********liferay/flags
2023-01-16 06:20:17.717 INFO  [main][StartupHelperUtil:86] There are no patches installed
2023-01-16 06:20:17.734 INFO  [main][LoggingTimer:83] Starting com.liferay.portal.events.StartupHelperUtil#initResourceActions
2023-01-16 06:20:17.759 INFO  [main][LoggingTimer:44] Completed com.liferay.portal.events.StartupHelperUtil#initResourceActions in 24 ms
2023-01-16 06:20:17.765 INFO  [main][MessageBusEventListenerNotification:33] **********Destination Added***********liferay/lcs_status
2023-01-16 06:20:17.802 INFO  [main][LicenseManager:-1] Digital Enterprise Development license validation passed
2023-01-16 06:20:18.307 INFO  [main][AutoDeployDir:176] Auto deploy scanner started for /media/root322/Data/Documents/LiferayWorkspace/bundles/deploy
2023-01-16 06:20:28.058 INFO  [com.liferay.portal.osgi.web.wab.extender.internal.WabFactory-BundleTrackerOpener][ThemeHotDeployListener:108] 1 theme for classic-theme is available for use
2023-01-16 06:20:28.174 INFO  [com.liferay.portal.osgi.web.wab.extender.internal.WabFactory-BundleTrackerOpener][ThemeHotDeployListener:108] 1 theme for dialect-theme is available for use
2023-01-16 06:20:28.297 INFO  [com.liferay.portal.osgi.web.wab.extender.internal.WabFactory-BundleTrackerOpener][ThemeHotDeployListener:108] 1 theme for speedwell-theme is available for use
2023-01-16 06:20:28.417 INFO  [com.liferay.portal.osgi.web.wab.extender.internal.WabFactory-BundleTrackerOpener][ThemeHotDeployListener:108] 1 theme for minium-theme is available for use
2023-01-16 06:20:28.573 INFO  [com.liferay.portal.osgi.web.wab.extender.internal.WabFactory-BundleTrackerOpener][ThemeHotDeployListener:108] 1 theme for admin-theme is available for use
2023-01-16 06:20:28.705 INFO  [com.liferay.portal.osgi.web.wab.extender.internal.WabFactory-BundleTrackerOpener][HookHotDeployListener:496] Hook for LangHook is available for use
2023-01-16 06:20:28.824 INFO  [com.liferay.portal.osgi.web.wab.extender.internal.WabFactory-BundleTrackerOpener][LayoutTemplateHotDeployListener:107] 1 layout template for LayoutTemplateDemo is available for use
2023-01-16 06:20:28.937 INFO  [com.liferay.portal.osgi.web.wab.extender.internal.WabFactory-BundleTrackerOpener][ThemeHotDeployListener:108] 1 theme for democlassictheme-theme is available for use
2023-01-16 06:20:29.020 INFO  [com.liferay.portal.osgi.web.wab.extender.internal.WabFactory-BundleTrackerOpener][ThemeHotDeployListener:108] 1 theme for demotheme-theme is available for use
2023-01-16 06:20:29.156 INFO  [com.liferay.portal.osgi.web.wab.extender.internal.WabFactory-BundleTrackerOpener][ThemeHotDeployListener:108] 1 theme for my-liferay-theme is available for use
2023-01-16 06:20:29.529 INFO  [com.liferay.portal.osgi.web.wab.extender.internal.WabFactory-BundleTrackerOpener][ThemeHotDeployListener:108] 1 theme for cstheme2-theme is available for use
2023-01-16 06:32:43.661 INFO  [fileinstall-directory-watcher][BundleStartStopLogger:80] STOPPED com.liferay.docs.guestbook.portlet_1.0.0 [1816]
2023-01-16 06:32:43.836 INFO  [Refresh Thread: Equinox Container: 36e186b7-1db2-484a-9524-ffe599b110f8][BundleStartStopLogger:77] STARTED com.liferay.docs.guestbook.portlet_1.0.0 [1816]
2023-01-16 06:35:54.592 INFO  [fileinstall-directory-watcher][BundleStartStopLogger:80] STOPPED com.liferay.docs.guestbook.portlet_1.0.0 [1816]
2023-01-16 06:35:54.716 INFO  [Refresh Thread: Equinox Container: 36e186b7-1db2-484a-9524-ffe599b110f8][BundleStartStopLogger:77] STARTED com.liferay.docs.guestbook.portlet_1.0.0 [1816]
2023-01-16 07:02:00.500 INFO  [fileinstall-directory-watcher][BundleStartStopLogger:80] STOPPED com.liferay.docs.guestbook.portlet_1.0.0 [1816]
2023-01-16 07:02:00.619 INFO  [Refresh Thread: Equinox Container: 36e186b7-1db2-484a-9524-ffe599b110f8][BundleStartStopLogger:77] STARTED com.liferay.docs.guestbook.portlet_1.0.0 [1816]
2023-01-16 07:11:02.724 INFO  [fileinstall-directory-watcher][BundleStartStopLogger:80] STOPPED com.liferay.docs.guestbook.portlet_1.0.0 [1816]
2023-01-16 07:11:02.837 INFO  [Refresh Thread: Equinox Container: 36e186b7-1db2-484a-9524-ffe599b110f8][BundleStartStopLogger:77] STARTED com.liferay.docs.guestbook.portlet_1.0.0 [1816]
2023-01-16 07:17:04.246 INFO  [fileinstall-directory-watcher][BundleStartStopLogger:80] STOPPED com.liferay.docs.guestbook.portlet_1.0.0 [1816]
2023-01-16 07:17:04.361 INFO  [Refresh Thread: Equinox Container: 36e186b7-1db2-484a-9524-ffe599b110f8][BundleStartStopLogger:77] STARTED com.liferay.docs.guestbook.portlet_1.0.0 [1816]
2023-01-16 07:18:09.622 INFO  [fileinstall-directory-watcher][BundleStartStopLogger:80] STOPPED com.liferay.docs.guestbook.portlet_1.0.0 [1816]
2023-01-16 07:18:09.736 INFO  [Refresh Thread: Equinox Container: 36e186b7-1db2-484a-9524-ffe599b110f8][BundleStartStopLogger:77] STARTED com.liferay.docs.guestbook.portlet_1.0.0 [1816]
2023-01-16 07:20:15.259 INFO  [fileinstall-directory-watcher][BundleStartStopLogger:80] STOPPED com.liferay.docs.guestbook.portlet_1.0.0 [1816]
2023-01-16 07:20:15.383 INFO  [Refresh Thread: Equinox Container: 36e186b7-1db2-484a-9524-ffe599b110f8][BundleStartStopLogger:77] STARTED com.liferay.docs.guestbook.portlet_1.0.0 [1816]
2023-01-16 07:29:42.524 INFO  [fileinstall-directory-watcher][BundleStartStopLogger:80] STOPPED com.liferay.docs.guestbook.portlet_1.0.0 [1816]
2023-01-16 07:29:42.630 INFO  [Refresh Thread: Equinox Container: 36e186b7-1db2-484a-9524-ffe599b110f8][BundleStartStopLogger:77] STARTED com.liferay.docs.guestbook.portlet_1.0.0 [1816]
2023-01-16 07:32:18.240 INFO  [fileinstall-directory-watcher][BundleStartStopLogger:80] STOPPED com.liferay.docs.guestbook.portlet_1.0.0 [1816]
2023-01-16 07:32:18.346 INFO  [Refresh Thread: Equinox Container: 36e186b7-1db2-484a-9524-ffe599b110f8][BundleStartStopLogger:77] STARTED com.liferay.docs.guestbook.portlet_1.0.0 [1816]
2023-01-16 07:35:49.065 INFO  [fileinstall-directory-watcher][BundleStartStopLogger:80] STOPPED com.liferay.docs.guestbook.portlet_1.0.0 [1816]
2023-01-16 07:35:49.176 INFO  [Refresh Thread: Equinox Container: 36e186b7-1db2-484a-9524-ffe599b110f8][BundleStartStopLogger:77] STARTED com.liferay.docs.guestbook.portlet_1.0.0 [1816]
2023-01-16 07:38:54.845 INFO  [fileinstall-directory-watcher][BundleStartStopLogger:80] STOPPED com.liferay.docs.guestbook.portlet_1.0.0 [1816]
2023-01-16 07:38:54.962 INFO  [Refresh Thread: Equinox Container: 36e186b7-1db2-484a-9524-ffe599b110f8][BundleStartStopLogger:77] STARTED com.liferay.docs.guestbook.portlet_1.0.0 [1816]
2023-01-16 07:41:05.537 INFO  [fileinstall-directory-watcher][BundleStartStopLogger:80] STOPPED com.liferay.docs.guestbook.portlet_1.0.0 [1816]
2023-01-16 07:41:05.660 INFO  [Refresh Thread: Equinox Container: 36e186b7-1db2-484a-9524-ffe599b110f8][BundleStartStopLogger:77] STARTED com.liferay.docs.guestbook.portlet_1.0.0 [1816]
2023-01-16 07:45:11.643 INFO  [fileinstall-directory-watcher][BundleStartStopLogger:80] STOPPED com.liferay.docs.guestbook.portlet_1.0.0 [1816]
2023-01-16 07:45:11.749 INFO  [Refresh Thread: Equinox Container: 36e186b7-1db2-484a-9524-ffe599b110f8][BundleStartStopLogger:77] STARTED com.liferay.docs.guestbook.portlet_1.0.0 [1816]
2023-01-16 07:50:22.885 INFO  [fileinstall-directory-watcher][BundleStartStopLogger:80] STOPPED com.liferay.docs.guestbook.portlet_1.0.0 [1816]
2023-01-16 07:50:23.095 INFO  [Refresh Thread: Equinox Container: 36e186b7-1db2-484a-9524-ffe599b110f8][BundleStartStopLogger:77] STARTED com.liferay.docs.guestbook.portlet_1.0.0 [1816]
2023-01-16 07:54:49.078 INFO  [fileinstall-directory-watcher][BundleStartStopLogger:80] STOPPED com.liferay.docs.guestbook.portlet_1.0.0 [1816]
2023-01-16 07:54:49.182 INFO  [Refresh Thread: Equinox Container: 36e186b7-1db2-484a-9524-ffe599b110f8][BundleStartStopLogger:77] STARTED com.liferay.docs.guestbook.portlet_1.0.0 [1816]
2023-01-16 07:57:49.922 INFO  [fileinstall-directory-watcher][BundleStartStopLogger:80] STOPPED com.liferay.docs.guestbook.portlet_1.0.0 [1816]
2023-01-16 07:57:50.027 INFO  [Refresh Thread: Equinox Container: 36e186b7-1db2-484a-9524-ffe599b110f8][BundleStartStopLogger:77] STARTED com.liferay.docs.guestbook.portlet_1.0.0 [1816]
2023-01-16 12:37:58.272 INFO  [fileinstall-directory-watcher][BundleStartStopLogger:80] STOPPED com.liferay.docs.guestbook.portlet_1.0.0 [1816]
2023-01-16 12:37:58.380 INFO  [Refresh Thread: Equinox Container: 36e186b7-1db2-484a-9524-ffe599b110f8][BundleStartStopLogger:77] STARTED com.liferay.docs.guestbook.portlet_1.0.0 [1816]
2023-01-16 12:39:53.832 INFO  [fileinstall-directory-watcher][BundleStartStopLogger:80] STOPPED com.liferay.docs.guestbook.portlet_1.0.0 [1816]
2023-01-16 12:39:53.941 INFO  [Refresh Thread: Equinox Container: 36e186b7-1db2-484a-9524-ffe599b110f8][BundleStartStopLogger:77] STARTED com.liferay.docs.guestbook.portlet_1.0.0 [1816]
2023-01-16 12:41:39.472 INFO  [fileinstall-directory-watcher][BundleStartStopLogger:80] STOPPED com.liferay.docs.guestbook.portlet_1.0.0 [1816]
2023-01-16 12:41:39.580 INFO  [Refresh Thread: Equinox Container: 36e186b7-1db2-484a-9524-ffe599b110f8][BundleStartStopLogger:77] STARTED com.liferay.docs.guestbook.portlet_1.0.0 [1816]
2023-01-16 12:47:56.119 INFO  [fileinstall-directory-watcher][BundleStartStopLogger:80] STOPPED com.liferay.docs.guestbook.portlet_1.0.0 [1816]
2023-01-16 12:47:56.228 INFO  [Refresh Thread: Equinox Container: 36e186b7-1db2-484a-9524-ffe599b110f8][BundleStartStopLogger:77] STARTED com.liferay.docs.guestbook.portlet_1.0.0 [1816]
2023-01-16 12:51:12.110 INFO  [fileinstall-directory-watcher][BundleStartStopLogger:80] STOPPED com.liferay.docs.guestbook.portlet_1.0.0 [1816]
2023-01-16 12:51:12.219 INFO  [Refresh Thread: Equinox Container: 36e186b7-1db2-484a-9524-ffe599b110f8][BundleStartStopLogger:77] STARTED com.liferay.docs.guestbook.portlet_1.0.0 [1816]
2023-01-16 12:52:37.633 INFO  [fileinstall-directory-watcher][BundleStartStopLogger:80] STOPPED com.liferay.docs.guestbook.portlet_1.0.0 [1816]
2023-01-16 12:52:37.741 INFO  [Refresh Thread: Equinox Container: 36e186b7-1db2-484a-9524-ffe599b110f8][BundleStartStopLogger:77] STARTED com.liferay.docs.guestbook.portlet_1.0.0 [1816]
2023-01-16 12:53:28.001 INFO  [fileinstall-directory-watcher][BundleStartStopLogger:80] STOPPED com.liferay.docs.guestbook.portlet_1.0.0 [1816]
2023-01-16 12:53:28.109 INFO  [Refresh Thread: Equinox Container: 36e186b7-1db2-484a-9524-ffe599b110f8][BundleStartStopLogger:77] STARTED com.liferay.docs.guestbook.portlet_1.0.0 [1816]
2023-01-16 12:57:09.005 INFO  [fileinstall-directory-watcher][BundleStartStopLogger:80] STOPPED com.liferay.docs.guestbook.portlet_1.0.0 [1816]
2023-01-16 12:57:09.137 INFO  [Refresh Thread: Equinox Container: 36e186b7-1db2-484a-9524-ffe599b110f8][BundleStartStopLogger:77] STARTED com.liferay.docs.guestbook.portlet_1.0.0 [1816]
2023-01-16 13:29:53.731 INFO  [Thread-7][ThemeHotDeployListener:171] 1 theme for cstheme2-theme was unregistered
2023-01-16 13:29:53.803 INFO  [Thread-7][ThemeHotDeployListener:171] 1 theme for my-liferay-theme was unregistered
2023-01-16 13:29:53.845 INFO  [Thread-7][ThemeHotDeployListener:171] 1 theme for demotheme-theme was unregistered
2023-01-16 13:29:53.869 INFO  [Thread-7][ThemeHotDeployListener:171] 1 theme for democlassictheme-theme was unregistered
2023-01-16 13:29:53.893 INFO  [Thread-7][LayoutTemplateHotDeployListener:156] 1 layout template for LayoutTemplateDemo was unregistered
2023-01-16 13:29:53.924 INFO  [Thread-7][HookHotDeployListener:544] Hook for LangHook was unregistered
2023-01-16 13:29:53.943 INFO  [Thread-7][ThemeHotDeployListener:171] 1 theme for admin-theme was unregistered
2023-01-16 13:29:53.964 INFO  [Thread-7][ThemeHotDeployListener:171] 1 theme for minium-theme was unregistered
2023-01-16 13:29:53.986 INFO  [Thread-7][ThemeHotDeployListener:171] 1 theme for speedwell-theme was unregistered
2023-01-16 13:29:54.007 INFO  [Thread-7][ThemeHotDeployListener:171] 1 theme for dialect-theme was unregistered
2023-01-16 13:29:54.073 INFO  [Thread-7][ThemeHotDeployListener:171] 1 theme for classic-theme was unregistered
