2022-12-23 06:17:57.298 INFO  [main][PortalContextLoaderListener:123] JVM arguments: -Dcatalina.base=/media/root322/Data/Documents/LiferayWorkspace/bundles/tomcat-9.0.56 -Dcatalina.home=/media/root322/Data/Documents/LiferayWorkspace/bundles/tomcat-9.0.56 -Dfile.encoding=UTF8 -Djava.io.tmpdir=/media/root322/Data/Documents/LiferayWorkspace/bundles/tomcat-9.0.56/temp -Djava.net.preferIPv4Stack=true -Djava.util.logging.config.file=/media/root322/Data/Documents/LiferayWorkspace/bundles/tomcat-9.0.56/conf/logging.properties -Djava.util.logging.manager=org.apache.juli.ClassLoaderLogManager -Dorg.apache.catalina.loader.WebappClassLoader.ENABLE_CLEAR_REFERENCES=false -Duser.timezone=GMT -Xmx2560m -XX:MaxMetaspaceSize=768m -XX:MetaspaceSize=768m -javaagent:/snap/intellij-idea-ultimate/401/lib/idea_rt.jar=36763:/snap/intellij-idea-ultimate/401/bin
2022-12-23 06:17:59.792 INFO  [main][DialectDetector:153] Using dialect org.hibernate.dialect.MySQL8Dialect for MySQL 8.0
2022-12-23 06:18:04.419 INFO  [main][ModuleFrameworkImpl:1279] Starting initial bundles
2022-12-23 06:18:05.343 INFO  [ModuleFramework-Static-Bundles-2][InterpolationConfigurationPlugin:109] Configured directory for secrets: /media/root322/Data/Documents/LiferayWorkspace/bundles/osgi/configs
2022-12-23 06:18:07.171 INFO  [ModuleFramework-Static-Bundles-6][DefaultLPKGDeployer:456] Using overriding JAR bundle LPKG-Override::/media/root322/Data/Documents/LiferayWorkspace/bundles/osgi/marketplace/override/com.liferay.document.library.web.jar
2022-12-23 06:18:07.172 INFO  [ModuleFramework-Static-Bundles-6][DefaultLPKGDeployer:456] Using overriding JAR bundle LPKG-Override::/media/root322/Data/Documents/LiferayWorkspace/bundles/osgi/marketplace/override/com.liferay.portal.language.lang.jar
2022-12-23 06:18:07.271 INFO  [main][ModuleFrameworkImpl:1576] Started initial bundles
2022-12-23 06:18:07.271 INFO  [main][ModuleFrameworkImpl:1625] Starting dynamic bundles
2022-12-23 06:18:31.774 INFO  [main][ModuleFrameworkImpl:1647] Started dynamic bundles
2022-12-23 06:18:31.775 INFO  [main][ModuleFrameworkImpl:1654] Starting web bundles
2022-12-23 06:18:36.242 INFO  [main][ModuleFrameworkImpl:1708] Started web bundles
2022-12-23 06:18:36.243 INFO  [main][ModuleFrameworkImpl:278] Navigate to Control Panel > System > Gogo Shell and enter "lb" to see all bundles
2022-12-23 06:18:36.260 INFO  [main][LoggingTimer:83] Starting com.liferay.portal.verify.VerifyProperties#verifySystemProperties
2022-12-23 06:18:36.264 INFO  [main][LoggingTimer:44] Completed com.liferay.portal.verify.VerifyProperties#verifySystemProperties in 4 ms
2022-12-23 06:18:36.265 INFO  [main][LoggingTimer:83] Starting com.liferay.portal.verify.VerifyProperties#verifyPortalProperties
2022-12-23 06:18:36.286 ERROR [main][VerifyProperties:182] Portal property "journal.article.form.add" is obsolete
2022-12-23 06:18:36.287 ERROR [main][VerifyProperties:182] Portal property "journal.article.form.update" is obsolete
2022-12-23 06:18:36.288 ERROR [main][VerifyProperties:182] Portal property "journal.article.form.translate" is obsolete
2022-12-23 06:18:36.288 INFO  [main][LoggingTimer:44] Completed com.liferay.portal.verify.VerifyProperties#verifyPortalProperties in 23 ms
2022-12-23 06:18:36.289 INFO  [main][LoggingTimer:83] Starting com.liferay.portal.verify.VerifyProperties#verifyDocumentLibrary
2022-12-23 06:18:36.290 INFO  [main][LoggingTimer:44] Completed com.liferay.portal.verify.VerifyProperties#verifyDocumentLibrary in 0 ms
2022-12-23 06:18:36.905 INFO  [main][LoggingTimer:83] Starting com.liferay.portal.events.StartupHelperUtil#initResourceActions
2022-12-23 06:18:36.964 INFO  [main][LoggingTimer:44] Completed com.liferay.portal.events.StartupHelperUtil#initResourceActions in 59 ms
2022-12-23 06:18:41.245 WARN  [main][SidecarManager:103] Liferay automatically starts a child process of Elasticsearch named sidecar for convenient development and demonstration purposes. Do NOT use sidecar in production. Refer to the documentation for details on the limitations of sidecar and instructions on configuring a remote Elasticsearch connection in the Control Panel.
2022-12-23 06:19:00.001 INFO  [main][Sidecar:119] Sidecar Elasticsearch liferay started at 127.0.0.1:9501
2022-12-23 06:19:09.507 INFO  [main][StartupHelperUtil:86] There are no patches installed
2022-12-23 06:19:09.532 INFO  [main][LoggingTimer:83] Starting com.liferay.portal.events.StartupHelperUtil#initResourceActions
2022-12-23 06:19:09.650 INFO  [main][LoggingTimer:44] Completed com.liferay.portal.events.StartupHelperUtil#initResourceActions in 114 ms
2022-12-23 06:19:09.791 INFO  [main][LicenseManager:-1] Digital Enterprise Development license validation passed
2022-12-23 06:19:10.558 INFO  [main][AutoDeployDir:176] Auto deploy scanner started for /media/root322/Data/Documents/LiferayWorkspace/bundles/deploy
2022-12-23 06:19:24.465 INFO  [com.liferay.portal.osgi.web.wab.extender.internal.WabFactory-BundleTrackerOpener][ThemeHotDeployListener:108] 1 theme for classic-theme is available for use
2022-12-23 06:19:24.652 INFO  [com.liferay.portal.osgi.web.wab.extender.internal.WabFactory-BundleTrackerOpener][ThemeHotDeployListener:108] 1 theme for dialect-theme is available for use
2022-12-23 06:19:24.865 INFO  [com.liferay.portal.osgi.web.wab.extender.internal.WabFactory-BundleTrackerOpener][ThemeHotDeployListener:108] 1 theme for speedwell-theme is available for use
2022-12-23 06:19:25.130 INFO  [com.liferay.portal.osgi.web.wab.extender.internal.WabFactory-BundleTrackerOpener][ThemeHotDeployListener:108] 1 theme for minium-theme is available for use
2022-12-23 06:19:25.314 INFO  [com.liferay.portal.osgi.web.wab.extender.internal.WabFactory-BundleTrackerOpener][ThemeHotDeployListener:108] 1 theme for admin-theme is available for use
2022-12-23 06:19:25.662 INFO  [com.liferay.portal.osgi.web.wab.extender.internal.WabFactory-BundleTrackerOpener][HookHotDeployListener:496] Hook for LangHook is available for use
2022-12-23 06:19:25.762 INFO  [com.liferay.portal.osgi.web.wab.extender.internal.WabFactory-BundleTrackerOpener][LayoutTemplateHotDeployListener:107] 1 layout template for LayoutTemplateDemo is available for use
2022-12-23 06:19:25.929 INFO  [com.liferay.portal.osgi.web.wab.extender.internal.WabFactory-BundleTrackerOpener][ThemeHotDeployListener:108] 1 theme for democlassictheme-theme is available for use
2022-12-23 06:19:26.110 INFO  [com.liferay.portal.osgi.web.wab.extender.internal.WabFactory-BundleTrackerOpener][ThemeHotDeployListener:108] 1 theme for demotheme-theme is available for use
2022-12-23 06:19:26.413 INFO  [com.liferay.portal.osgi.web.wab.extender.internal.WabFactory-BundleTrackerOpener][ThemeHotDeployListener:108] 1 theme for my-liferay-theme is available for use
2022-12-23 06:19:26.956 INFO  [com.liferay.portal.osgi.web.wab.extender.internal.WabFactory-BundleTrackerOpener][ThemeHotDeployListener:108] 1 theme for cstheme2-theme is available for use
2022-12-23 09:09:40.765 INFO  [fileinstall-directory-watcher][BundleStartStopLogger:80] STOPPED com.task.demo_1.0.0 [1756]
2022-12-23 09:09:40.924 INFO  [Refresh Thread: Equinox Container: 58e88dcf-0d08-4f37-98df-5f7650137ac7][BundleStartStopLogger:77] STARTED com.task.demo_1.0.0 [1756]
2022-12-23 09:11:01.291 INFO  [fileinstall-directory-watcher][BundleStartStopLogger:80] STOPPED com.task.demo_1.0.0 [1756]
2022-12-23 09:11:01.370 INFO  [Refresh Thread: Equinox Container: 58e88dcf-0d08-4f37-98df-5f7650137ac7][BundleStartStopLogger:77] STARTED com.task.demo_1.0.0 [1756]
2022-12-23 09:12:21.744 INFO  [fileinstall-directory-watcher][BundleStartStopLogger:80] STOPPED com.task.demo_1.0.0 [1756]
2022-12-23 09:12:21.832 INFO  [Refresh Thread: Equinox Container: 58e88dcf-0d08-4f37-98df-5f7650137ac7][BundleStartStopLogger:77] STARTED com.task.demo_1.0.0 [1756]
2022-12-23 12:03:26.411 WARN  [liferay/mail-4][MailMessageListener:140] Email test@liferay.com will be ignored because it is included in mail.send.blacklist
2022-12-23 13:35:57.139 INFO  [Thread-7][ThemeHotDeployListener:171] 1 theme for cstheme2-theme was unregistered
2022-12-23 13:35:57.175 INFO  [Thread-7][ThemeHotDeployListener:171] 1 theme for my-liferay-theme was unregistered
2022-12-23 13:35:57.220 INFO  [Thread-7][ThemeHotDeployListener:171] 1 theme for demotheme-theme was unregistered
2022-12-23 13:35:57.247 INFO  [Thread-7][ThemeHotDeployListener:171] 1 theme for democlassictheme-theme was unregistered
2022-12-23 13:35:57.275 INFO  [Thread-7][LayoutTemplateHotDeployListener:156] 1 layout template for LayoutTemplateDemo was unregistered
2022-12-23 13:35:57.312 INFO  [Thread-7][HookHotDeployListener:544] Hook for LangHook was unregistered
2022-12-23 13:35:57.339 INFO  [Thread-7][ThemeHotDeployListener:171] 1 theme for admin-theme was unregistered
2022-12-23 13:35:57.370 INFO  [Thread-7][ThemeHotDeployListener:171] 1 theme for minium-theme was unregistered
2022-12-23 13:35:57.420 INFO  [Thread-7][ThemeHotDeployListener:171] 1 theme for speedwell-theme was unregistered
2022-12-23 13:35:57.469 INFO  [Thread-7][ThemeHotDeployListener:171] 1 theme for dialect-theme was unregistered
2022-12-23 13:35:57.495 INFO  [Thread-7][ThemeHotDeployListener:171] 1 theme for classic-theme was unregistered
