2023-03-27 04:51:02.304 INFO  [main][PortalContextLoaderListener:123] JVM arguments: -Dcatalina.base=/media/root322/Data/Documents/LiferayWorkspace/bundles/tomcat-9.0.56 -Dcatalina.home=/media/root322/Data/Documents/LiferayWorkspace/bundles/tomcat-9.0.56 -Dfile.encoding=UTF8 -Djava.io.tmpdir=/media/root322/Data/Documents/LiferayWorkspace/bundles/tomcat-9.0.56/temp -Djava.net.preferIPv4Stack=true -Djava.util.logging.config.file=/media/root322/Data/Documents/LiferayWorkspace/bundles/tomcat-9.0.56/conf/logging.properties -Djava.util.logging.manager=org.apache.juli.ClassLoaderLogManager -Dorg.apache.catalina.loader.WebappClassLoader.ENABLE_CLEAR_REFERENCES=false -Duser.timezone=GMT -Xmx2560m -XX:MaxMetaspaceSize=768m -XX:MetaspaceSize=768m -javaagent:/snap/intellij-idea-ultimate/418/lib/idea_rt.jar=37791:/snap/intellij-idea-ultimate/418/bin
2023-03-27 04:51:05.043 INFO  [main][DialectDetector:153] Using dialect org.hibernate.dialect.MySQL8Dialect for MySQL 8.0
2023-03-27 04:51:08.178 INFO  [main][ModuleFrameworkImpl:1279] Starting initial bundles
2023-03-27 04:51:08.602 INFO  [ModuleFramework-Static-Bundles-8][InterpolationConfigurationPlugin:109] Configured directory for secrets: /media/root322/Data/Documents/LiferayWorkspace/bundles/osgi/configs
2023-03-27 04:51:10.223 INFO  [ModuleFramework-Static-Bundles-7][DefaultLPKGDeployer:456] Using overriding JAR bundle LPKG-Override::/media/root322/Data/Documents/LiferayWorkspace/bundles/osgi/marketplace/override/com.liferay.document.library.web.jar
2023-03-27 04:51:10.224 INFO  [ModuleFramework-Static-Bundles-7][DefaultLPKGDeployer:456] Using overriding JAR bundle LPKG-Override::/media/root322/Data/Documents/LiferayWorkspace/bundles/osgi/marketplace/override/com.liferay.portal.language.lang.jar
2023-03-27 04:51:10.332 INFO  [main][ModuleFrameworkImpl:1576] Started initial bundles
2023-03-27 04:51:10.333 INFO  [main][ModuleFrameworkImpl:1625] Starting dynamic bundles
2023-03-27 04:51:23.204 INFO  [Start Level: Equinox Container: c9a833d7-7098-4b57-8f97-f091a3bc9ba2][MessageBusRegistrator:41] Message Listener Registered..com.liferaysavvy.messagebus.event.listener.MessageBusRegisteredParallelMessageListener@323b65a3
2023-03-27 04:51:23.205 INFO  [Start Level: Equinox Container: c9a833d7-7098-4b57-8f97-f091a3bc9ba2][MessageBusRegistrator:45] Message Listener Registered..com.liferaysavvy.messagebus.event.listener.MessageBusRegisteredSerialMessageListener@7c74ab31
2023-03-27 04:51:23.206 INFO  [Start Level: Equinox Container: c9a833d7-7098-4b57-8f97-f091a3bc9ba2][MessageBusRegistrator:49] Message Listener Registered..com.liferaysavvy.messagebus.event.listener.MessageBusRegisteredSynchronousMessageListener@9056b83
2023-03-27 04:51:23.375 INFO  [main][ModuleFrameworkImpl:1647] Started dynamic bundles
2023-03-27 04:51:23.376 INFO  [main][ModuleFrameworkImpl:1654] Starting web bundles
2023-03-27 04:51:25.964 INFO  [main][ModuleFrameworkImpl:1708] Started web bundles
2023-03-27 04:51:25.965 INFO  [main][ModuleFrameworkImpl:278] Navigate to Control Panel > System > Gogo Shell and enter "lb" to see all bundles
2023-03-27 04:51:25.976 INFO  [main][LoggingTimer:83] Starting com.liferay.portal.verify.VerifyProperties#verifySystemProperties
2023-03-27 04:51:25.976 INFO  [main][LoggingTimer:44] Completed com.liferay.portal.verify.VerifyProperties#verifySystemProperties in 1 ms
2023-03-27 04:51:25.976 INFO  [main][LoggingTimer:83] Starting com.liferay.portal.verify.VerifyProperties#verifyPortalProperties
2023-03-27 04:51:25.987 ERROR [main][VerifyProperties:182] Portal property "journal.article.form.add" is obsolete
2023-03-27 04:51:25.988 ERROR [main][VerifyProperties:182] Portal property "journal.article.form.update" is obsolete
2023-03-27 04:51:25.988 ERROR [main][VerifyProperties:182] Portal property "journal.article.form.translate" is obsolete
2023-03-27 04:51:25.988 INFO  [main][LoggingTimer:44] Completed com.liferay.portal.verify.VerifyProperties#verifyPortalProperties in 12 ms
2023-03-27 04:51:25.988 INFO  [main][LoggingTimer:83] Starting com.liferay.portal.verify.VerifyProperties#verifyDocumentLibrary
2023-03-27 04:51:25.988 INFO  [main][LoggingTimer:44] Completed com.liferay.portal.verify.VerifyProperties#verifyDocumentLibrary in 0 ms
2023-03-27 04:51:26.436 INFO  [main][LoggingTimer:83] Starting com.liferay.portal.events.StartupHelperUtil#initResourceActions
2023-03-27 04:51:26.474 INFO  [main][LoggingTimer:44] Completed com.liferay.portal.events.StartupHelperUtil#initResourceActions in 38 ms
2023-03-27 04:51:28.911 WARN  [main][SidecarManager:103] Liferay automatically starts a child process of Elasticsearch named sidecar for convenient development and demonstration purposes. Do NOT use sidecar in production. Refer to the documentation for details on the limitations of sidecar and instructions on configuring a remote Elasticsearch connection in the Control Panel.
2023-03-27 04:51:39.021 INFO  [main][Sidecar:119] Sidecar Elasticsearch liferay started at 127.0.0.1:9501
2023-03-27 04:51:42.365 INFO  [main][MessageBusEventListenerNotification:33] **********Destination Added***********liferay/scripting_executor
2023-03-27 04:51:42.376 INFO  [main][MessageBusEventListenerNotification:33] **********Destination Added***********liferay/monitoring
2023-03-27 04:51:42.380 INFO  [main][MessageBusEventListenerNotification:33] **********Destination Added***********liferay/analytics_messages_processor
2023-03-27 04:51:42.383 INFO  [main][MessageBusEventListenerNotification:33] **********Destination Added***********liferay/commerce_base_price_list
2023-03-27 04:51:42.384 INFO  [main][MessageBusEventListenerNotification:33] **********Destination Added***********liferay/commerce_order_status
2023-03-27 04:51:42.386 INFO  [main][MessageBusEventListenerNotification:33] **********Destination Added***********liferay/commerce_payment_status
2023-03-27 04:51:42.387 INFO  [main][MessageBusEventListenerNotification:33] **********Destination Added***********liferay/commerce_shipment_status
2023-03-27 04:51:42.389 INFO  [main][MessageBusEventListenerNotification:33] **********Destination Added***********liferay/commerce_subscription_status
2023-03-27 04:51:42.393 INFO  [main][MessageBusEventListenerNotification:33] **********Destination Added***********liferay/message_bus/default_response
2023-03-27 04:51:42.395 INFO  [main][MessageBusEventListenerNotification:33] **********Destination Added***********liferay/message_bus/message_status
2023-03-27 04:51:42.397 INFO  [main][MessageBusEventListenerNotification:33] **********Destination Added***********liferay/live_users
2023-03-27 04:51:42.399 INFO  [main][MessageBusEventListenerNotification:33] **********Destination Added***********liferay/document_library_audio_processor
2023-03-27 04:51:42.401 INFO  [main][MessageBusEventListenerNotification:33] **********Destination Added***********liferay/async_service
2023-03-27 04:51:42.404 INFO  [main][MessageBusEventListenerNotification:33] **********Destination Added***********liferay/layouts_local_publisher
2023-03-27 04:51:42.406 INFO  [main][MessageBusEventListenerNotification:33] **********Destination Added***********liferay/convert_process
2023-03-27 04:51:42.409 INFO  [main][MessageBusEventListenerNotification:33] **********Destination Added***********liferay/document_library_pdf_processor
2023-03-27 04:51:42.412 INFO  [main][MessageBusEventListenerNotification:33] **********Destination Added***********liferay/subscription_clean_up
2023-03-27 04:51:42.414 INFO  [main][MessageBusEventListenerNotification:33] **********Destination Added***********liferay/document_library_video_processor
2023-03-27 04:51:42.419 INFO  [main][MessageBusEventListenerNotification:33] **********Destination Added***********liferay/document_library_raw_metadata_processor
2023-03-27 04:51:42.421 INFO  [main][MessageBusEventListenerNotification:33] **********Destination Added***********liferay/document_library_image_processor
2023-03-27 04:51:42.423 INFO  [main][MessageBusEventListenerNotification:33] **********Destination Added***********liferay/message_boards_mailing_list
2023-03-27 04:51:42.425 INFO  [main][MessageBusEventListenerNotification:33] **********Destination Added***********liferay/subscription_sender
2023-03-27 04:51:42.430 INFO  [main][MessageBusEventListenerNotification:33] **********Destination Added***********liferay/hot_deploy
2023-03-27 04:51:42.432 INFO  [main][MessageBusEventListenerNotification:33] **********Destination Added***********liferay/layouts_remote_publisher
2023-03-27 04:51:42.442 INFO  [main][MessageBusEventListenerNotification:33] **********Destination Added***********liferay/poller_comet_response
2023-03-27 04:51:42.444 INFO  [main][MessageBusEventListenerNotification:33] **********Destination Added***********liferay/poller_response
2023-03-27 04:51:42.446 INFO  [main][MessageBusEventListenerNotification:33] **********Destination Added***********liferay/poller
2023-03-27 04:51:42.451 INFO  [main][MessageBusEventListenerNotification:33] **********Destination Added***********liferay/workflow_definition
2023-03-27 04:51:42.454 INFO  [main][MessageBusEventListenerNotification:33] **********Destination Added***********liferay/workflow_instance
2023-03-27 04:51:42.456 INFO  [main][MessageBusEventListenerNotification:33] **********Destination Added***********liferay/workflow_log
2023-03-27 04:51:42.457 INFO  [main][MessageBusEventListenerNotification:33] **********Destination Added***********liferay/workflow_task
2023-03-27 04:51:42.459 INFO  [main][MessageBusEventListenerNotification:33] **********Destination Added***********liferay/workflow_engine
2023-03-27 04:51:42.461 INFO  [main][MessageBusEventListenerNotification:33] **********Destination Added***********liferay/workflow_comparator
2023-03-27 04:51:42.463 INFO  [main][MessageBusEventListenerNotification:33] **********Destination Added***********liferay/workflow_status
2023-03-27 04:51:42.465 INFO  [main][MessageBusEventListenerNotification:33] **********Destination Added***********liferay/mail
2023-03-27 04:51:42.471 INFO  [main][MessageBusEventListenerNotification:33] **********Destination Added***********liferay/interest_terms
2023-03-27 04:51:42.478 INFO  [main][MessageBusEventListenerNotification:33] **********Destination Added***********liferay/search_reader/GENERIC_ENGINE
2023-03-27 04:51:42.483 INFO  [main][MessageBusEventListenerNotification:33] **********Destination Added***********liferay/search_writer/GENERIC_ENGINE
2023-03-27 04:51:42.489 INFO  [main][ParellelDestinationConfig:83] Destination is creared ..liferaysavvy/parallel-destination
2023-03-27 04:51:42.490 INFO  [main][MessageBusEventListenerNotification:33] **********Destination Added***********liferaysavvy/parallel-destination
2023-03-27 04:51:42.491 INFO  [main][ParellelDestinationConfig:90] Destination is registred with Service Regisration ..
2023-03-27 04:51:42.493 INFO  [main][SerialDestinationConfig:83] Destination is creared ..liferaysavvy/serial-destination
2023-03-27 04:51:42.494 INFO  [main][MessageBusEventListenerNotification:33] **********Destination Added***********liferaysavvy/serial-destination
2023-03-27 04:51:42.496 INFO  [main][SerialDestinationConfig:90] Destination is registred with Service Regisration ..
2023-03-27 04:51:42.498 INFO  [main][SynchronousDestinationConfig:83] Destination is creared ..liferaysavvy/synchronous-destination
2023-03-27 04:51:42.500 INFO  [main][DestinationListenerRegistrator:41] Message Listener Registered..com.liferaysavvy.messagebus.event.listener.DestinationRegisteredParallelMessageListener@6357ad40
2023-03-27 04:51:42.501 INFO  [main][DestinationListenerRegistrator:45] Message Listener Registered..com.liferaysavvy.messagebus.event.listener.DestinationRegisteredSerialMessageListener@7203bf11
2023-03-27 04:51:42.502 INFO  [main][DestinationListenerRegistrator:49] Message Listener Registered..com.liferaysavvy.messagebus.event.listener.DestinationRegisteredSynchronousMessageListener@5d4f3907
2023-03-27 04:51:42.502 INFO  [main][MessageBusEventListenerNotification:33] **********Destination Added***********liferaysavvy/synchronous-destination
2023-03-27 04:51:42.504 INFO  [main][SynchronousDestinationConfig:90] Destination is registred with Service Regisration ..
2023-03-27 04:51:42.506 INFO  [main][MessageBusEventListenerNotification:33] **********Destination Added***********liferay/adaptive_media_processor
2023-03-27 04:51:42.509 INFO  [main][MessageBusEventListenerNotification:33] **********Destination Added***********liferay/segments_entry_reindex
2023-03-27 04:51:42.514 INFO  [main][MessageBusEventListenerNotification:33] **********Destination Added***********liferay/export_import_lifecycle_event_async
2023-03-27 04:51:42.517 INFO  [main][MessageBusEventListenerNotification:33] **********Destination Added***********liferay/export_import_lifecycle_event_sync
2023-03-27 04:51:42.524 INFO  [main][MessageBusEventListenerNotification:33] **********Destination Added***********liferay/search_reader/SYSTEM_ENGINE
2023-03-27 04:51:42.526 INFO  [main][MessageBusEventListenerNotification:33] **********Destination Added***********liferay/search_writer/SYSTEM_ENGINE
2023-03-27 04:51:43.222 INFO  [main][MessageBusEventListenerNotification:33] **********Destination Added***********liferay/audit
2023-03-27 04:51:43.227 INFO  [main][MessageBusEventListenerNotification:33] **********Destination Added***********liferay/scheduled_user_ldap_import
2023-03-27 04:51:43.231 INFO  [main][MessageBusEventListenerNotification:33] **********Destination Added***********liferay/tensorflow_model_download
2023-03-27 04:51:43.234 INFO  [main][MessageBusEventListenerNotification:33] **********Destination Added***********liferay/ddm_structure_reindex
2023-03-27 04:51:43.523 INFO  [main][MessageBusEventListenerNotification:33] **********Destination Added***********liferay/flags
2023-03-27 04:51:44.838 INFO  [main][StartupHelperUtil:86] There are no patches installed
2023-03-27 04:51:44.853 INFO  [main][LoggingTimer:83] Starting com.liferay.portal.events.StartupHelperUtil#initResourceActions
2023-03-27 04:51:44.875 INFO  [main][LoggingTimer:44] Completed com.liferay.portal.events.StartupHelperUtil#initResourceActions in 22 ms
2023-03-27 04:51:44.881 INFO  [main][MessageBusEventListenerNotification:33] **********Destination Added***********liferay/lcs_status
2023-03-27 04:51:44.910 INFO  [main][LicenseManager:-1] Digital Enterprise Development license validation passed
2023-03-27 04:51:46.128 INFO  [main][LicenseManager:-1] RTG Survey license validation passed
2023-03-27 04:51:46.505 INFO  [main][AutoDeployDir:176] Auto deploy scanner started for /media/root322/Data/Documents/LiferayWorkspace/bundles/deploy
2023-03-27 04:51:55.805 INFO  [com.liferay.portal.osgi.web.wab.extender.internal.WabFactory-BundleTrackerOpener][ThemeHotDeployListener:108] 1 theme for classic-theme is available for use
2023-03-27 04:51:55.946 INFO  [com.liferay.portal.osgi.web.wab.extender.internal.WabFactory-BundleTrackerOpener][ThemeHotDeployListener:108] 1 theme for dialect-theme is available for use
2023-03-27 04:51:56.087 INFO  [com.liferay.portal.osgi.web.wab.extender.internal.WabFactory-BundleTrackerOpener][ThemeHotDeployListener:108] 1 theme for speedwell-theme is available for use
2023-03-27 04:51:56.206 INFO  [com.liferay.portal.osgi.web.wab.extender.internal.WabFactory-BundleTrackerOpener][ThemeHotDeployListener:108] 1 theme for minium-theme is available for use
2023-03-27 04:51:56.315 INFO  [com.liferay.portal.osgi.web.wab.extender.internal.WabFactory-BundleTrackerOpener][ThemeHotDeployListener:108] 1 theme for admin-theme is available for use
2023-03-27 04:51:56.467 INFO  [com.liferay.portal.osgi.web.wab.extender.internal.WabFactory-BundleTrackerOpener][HookHotDeployListener:496] Hook for LangHook is available for use
2023-03-27 04:51:56.629 INFO  [com.liferay.portal.osgi.web.wab.extender.internal.WabFactory-BundleTrackerOpener][LayoutTemplateHotDeployListener:107] 1 layout template for LayoutTemplateDemo is available for use
2023-03-27 04:51:56.782 INFO  [com.liferay.portal.osgi.web.wab.extender.internal.WabFactory-BundleTrackerOpener][ThemeHotDeployListener:108] 1 theme for democlassictheme-theme is available for use
2023-03-27 04:51:56.898 INFO  [com.liferay.portal.osgi.web.wab.extender.internal.WabFactory-BundleTrackerOpener][ThemeHotDeployListener:108] 1 theme for demotheme-theme is available for use
2023-03-27 04:51:57.018 INFO  [com.liferay.portal.osgi.web.wab.extender.internal.WabFactory-BundleTrackerOpener][ThemeHotDeployListener:108] 1 theme for my-liferay-theme is available for use
2023-03-27 04:51:57.368 INFO  [com.liferay.portal.osgi.web.wab.extender.internal.WabFactory-BundleTrackerOpener][ThemeHotDeployListener:108] 1 theme for cstheme2-theme is available for use
2023-03-27 04:51:57.563 INFO  [com.liferay.portal.osgi.web.wab.extender.internal.WabFactory-BundleTrackerOpener][ThemeHotDeployListener:108] 1 theme for module-based-theme is available for use
2023-03-27 04:51:58.050 INFO  [com.liferay.portal.osgi.web.wab.extender.internal.WabFactory-BundleTrackerOpener][HookHotDeployListener:496] Hook for rtg-survey-portlet is available for use
2023-03-27 04:51:58.153 INFO  [com.liferay.portal.osgi.web.wab.extender.internal.WabFactory-BundleTrackerOpener][PortletHotDeployListener:305] 3 portlets for rtg-survey-portlet are available for use
2023-03-27 04:51:58.154 INFO  [com.liferay.portal.osgi.web.wab.extender.internal.WabFactory-BundleTrackerOpener][SocialHotDeployListener:98] Social for rtg-survey-portlet is available for use
2023-03-27 10:13:19.066 WARN  [http-nio-8000-exec-9][code_jsp:159] {code="404", msg="", uri=/o/commerce-media/accounts/-9223372036854775808/images/69116}
2023-03-27 10:13:19.068 WARN  [http-nio-8000-exec-6][code_jsp:159] {code="404", msg="", uri=/o/commerce-media/accounts/-9223372036854775808/images/69013}
2023-03-27 10:13:19.068 WARN  [http-nio-8000-exec-3][code_jsp:159] {code="404", msg="", uri=/o/commerce-media/default/}
2023-03-27 10:13:19.069 WARN  [http-nio-8000-exec-2][code_jsp:159] {code="404", msg="", uri=/o/commerce-media/accounts/-9223372036854775808/images/69072}
2023-03-27 10:13:19.089 WARN  [http-nio-8000-exec-7][code_jsp:159] {code="404", msg="", uri=/o/commerce-media/accounts/-9223372036854775808/images/69136}
2023-03-27 10:13:19.091 WARN  [http-nio-8000-exec-5][code_jsp:159] {code="404", msg="", uri=/o/commerce-media/accounts/-9223372036854775808/images/69053}
2023-03-27 10:13:19.104 WARN  [http-nio-8000-exec-4][code_jsp:159] {code="404", msg="", uri=/o/commerce-media/accounts/-9223372036854775808/images/69241}
2023-03-27 10:13:19.106 WARN  [http-nio-8000-exec-8][code_jsp:159] {code="404", msg="", uri=/o/commerce-media/accounts/-9223372036854775808/images/69162}
2023-03-27 10:13:31.884 WARN  [http-nio-8000-exec-4][code_jsp:159] {code="404", msg="", uri=/o/commerce-media/default/}
2023-03-27 10:13:32.156 WARN  [liferay/mail-2][MailMessageListener:140] Email test@liferay.com will be ignored because it is included in mail.send.blacklist
2023-03-27 10:13:34.996 WARN  [http-nio-8000-exec-8][code_jsp:159] {code="404", msg="", uri=/o/commerce-media/default/}
2023-03-27 10:13:39.687 WARN  [http-nio-8000-exec-10][code_jsp:159] {code="404", msg="", uri=/o/commerce-media/default/}
2023-03-27 13:44:42.405 WARN  [Thread-7][PoolBase:184] HikariPool-1 - Failed to validate connection com.mysql.cj.jdbc.ConnectionImpl@2f1123cc (No operations allowed after connection closed.). Possibly consider using a shorter maxLifetime value.
2023-03-27 13:44:42.408 WARN  [Thread-7][PoolBase:184] HikariPool-1 - Failed to validate connection com.mysql.cj.jdbc.ConnectionImpl@5a2850ef (No operations allowed after connection closed.). Possibly consider using a shorter maxLifetime value.
2023-03-27 13:44:42.410 WARN  [Thread-7][PoolBase:184] HikariPool-1 - Failed to validate connection com.mysql.cj.jdbc.ConnectionImpl@7b60b470 (No operations allowed after connection closed.). Possibly consider using a shorter maxLifetime value.
2023-03-27 13:44:42.411 WARN  [Thread-7][PoolBase:184] HikariPool-1 - Failed to validate connection com.mysql.cj.jdbc.ConnectionImpl@5d49e793 (No operations allowed after connection closed.). Possibly consider using a shorter maxLifetime value.
2023-03-27 13:44:42.413 WARN  [Thread-7][PoolBase:184] HikariPool-1 - Failed to validate connection com.mysql.cj.jdbc.ConnectionImpl@1ac79eb6 (No operations allowed after connection closed.). Possibly consider using a shorter maxLifetime value.
2023-03-27 13:44:42.414 WARN  [Thread-7][PoolBase:184] HikariPool-1 - Failed to validate connection com.mysql.cj.jdbc.ConnectionImpl@2f00a29 (No operations allowed after connection closed.). Possibly consider using a shorter maxLifetime value.
2023-03-27 13:44:42.415 WARN  [Thread-7][PoolBase:184] HikariPool-1 - Failed to validate connection com.mysql.cj.jdbc.ConnectionImpl@7ccdfd33 (No operations allowed after connection closed.). Possibly consider using a shorter maxLifetime value.
2023-03-27 13:44:42.417 WARN  [Thread-7][PoolBase:184] HikariPool-1 - Failed to validate connection com.mysql.cj.jdbc.ConnectionImpl@6e2ae846 (No operations allowed after connection closed.). Possibly consider using a shorter maxLifetime value.
2023-03-27 13:44:42.418 WARN  [Thread-7][PoolBase:184] HikariPool-1 - Failed to validate connection com.mysql.cj.jdbc.ConnectionImpl@48bef91b (No operations allowed after connection closed.). Possibly consider using a shorter maxLifetime value.
2023-03-27 13:44:42.420 WARN  [Thread-7][PoolBase:184] HikariPool-1 - Failed to validate connection com.mysql.cj.jdbc.ConnectionImpl@4a9d0367 (No operations allowed after connection closed.). Possibly consider using a shorter maxLifetime value.
