2022-12-12 05:27:43.434 INFO  [main][PortalContextLoaderListener:123] JVM arguments: -Dcatalina.base=/media/root322/Data/Documents/LiferayWorkspace/bundles/tomcat-9.0.56 -Dcatalina.home=/media/root322/Data/Documents/LiferayWorkspace/bundles/tomcat-9.0.56 -Dfile.encoding=UTF8 -Djava.io.tmpdir=/media/root322/Data/Documents/LiferayWorkspace/bundles/tomcat-9.0.56/temp -Djava.net.preferIPv4Stack=true -Djava.util.logging.config.file=/media/root322/Data/Documents/LiferayWorkspace/bundles/tomcat-9.0.56/conf/logging.properties -Djava.util.logging.manager=org.apache.juli.ClassLoaderLogManager -Dorg.apache.catalina.loader.WebappClassLoader.ENABLE_CLEAR_REFERENCES=false -Duser.timezone=GMT -Xmx2560m -XX:MaxMetaspaceSize=768m -XX:MetaspaceSize=768m -javaagent:/snap/intellij-idea-ultimate/398/lib/idea_rt.jar=34823:/snap/intellij-idea-ultimate/398/bin
2022-12-12 05:27:45.990 INFO  [main][DialectDetector:153] Using dialect org.hibernate.dialect.MySQL8Dialect for MySQL 8.0
2022-12-12 05:27:48.845 INFO  [main][ModuleFrameworkImpl:1279] Starting initial bundles
2022-12-12 05:27:49.234 INFO  [ModuleFramework-Static-Bundles-8][InterpolationConfigurationPlugin:109] Configured directory for secrets: /media/root322/Data/Documents/LiferayWorkspace/bundles/osgi/configs
2022-12-12 05:27:50.286 INFO  [ModuleFramework-Static-Bundles-1][DefaultLPKGDeployer:456] Using overriding JAR bundle LPKG-Override::/media/root322/Data/Documents/LiferayWorkspace/bundles/osgi/marketplace/override/com.liferay.document.library.web.jar
2022-12-12 05:27:50.287 INFO  [ModuleFramework-Static-Bundles-1][DefaultLPKGDeployer:456] Using overriding JAR bundle LPKG-Override::/media/root322/Data/Documents/LiferayWorkspace/bundles/osgi/marketplace/override/com.liferay.portal.language.lang.jar
2022-12-12 05:27:50.660 INFO  [main][ModuleFrameworkImpl:1576] Started initial bundles
2022-12-12 05:27:50.660 INFO  [main][ModuleFrameworkImpl:1625] Starting dynamic bundles
2022-12-12 05:28:03.870 INFO  [main][ModuleFrameworkImpl:1647] Started dynamic bundles
2022-12-12 05:28:03.870 INFO  [main][ModuleFrameworkImpl:1654] Starting web bundles
2022-12-12 05:28:06.548 INFO  [main][ModuleFrameworkImpl:1708] Started web bundles
2022-12-12 05:28:06.548 INFO  [main][ModuleFrameworkImpl:278] Navigate to Control Panel > System > Gogo Shell and enter "lb" to see all bundles
2022-12-12 05:28:06.561 INFO  [main][LoggingTimer:83] Starting com.liferay.portal.verify.VerifyProperties#verifySystemProperties
2022-12-12 05:28:06.561 INFO  [main][LoggingTimer:44] Completed com.liferay.portal.verify.VerifyProperties#verifySystemProperties in 1 ms
2022-12-12 05:28:06.561 INFO  [main][LoggingTimer:83] Starting com.liferay.portal.verify.VerifyProperties#verifyPortalProperties
2022-12-12 05:28:06.572 INFO  [main][LoggingTimer:44] Completed com.liferay.portal.verify.VerifyProperties#verifyPortalProperties in 11 ms
2022-12-12 05:28:06.572 INFO  [main][LoggingTimer:83] Starting com.liferay.portal.verify.VerifyProperties#verifyDocumentLibrary
2022-12-12 05:28:06.572 INFO  [main][LoggingTimer:44] Completed com.liferay.portal.verify.VerifyProperties#verifyDocumentLibrary in 0 ms
2022-12-12 05:28:06.971 INFO  [main][LoggingTimer:83] Starting com.liferay.portal.events.StartupHelperUtil#initResourceActions
2022-12-12 05:28:07.022 INFO  [main][LoggingTimer:44] Completed com.liferay.portal.events.StartupHelperUtil#initResourceActions in 51 ms
2022-12-12 05:28:09.456 WARN  [main][SidecarManager:103] Liferay automatically starts a child process of Elasticsearch named sidecar for convenient development and demonstration purposes. Do NOT use sidecar in production. Refer to the documentation for details on the limitations of sidecar and instructions on configuring a remote Elasticsearch connection in the Control Panel.
2022-12-12 05:28:20.124 INFO  [main][Sidecar:119] Sidecar Elasticsearch liferay started at 127.0.0.1:9201
2022-12-12 05:28:25.582 INFO  [main][StartupHelperUtil:86] There are no patches installed
2022-12-12 05:28:25.600 INFO  [main][LoggingTimer:83] Starting com.liferay.portal.events.StartupHelperUtil#initResourceActions
2022-12-12 05:28:25.628 INFO  [main][LoggingTimer:44] Completed com.liferay.portal.events.StartupHelperUtil#initResourceActions in 28 ms
2022-12-12 05:28:25.673 INFO  [main][LicenseManager:-1] Digital Enterprise Development license validation passed
2022-12-12 05:28:26.198 INFO  [main][AutoDeployDir:176] Auto deploy scanner started for /media/root322/Data/Documents/LiferayWorkspace/bundles/deploy
2022-12-12 05:28:53.538 INFO  [com.liferay.portal.osgi.web.wab.extender.internal.WabFactory-BundleTrackerOpener][ThemeHotDeployListener:108] 1 theme for classic-theme is available for use
2022-12-12 05:28:53.647 INFO  [com.liferay.portal.osgi.web.wab.extender.internal.WabFactory-BundleTrackerOpener][ThemeHotDeployListener:108] 1 theme for dialect-theme is available for use
2022-12-12 05:28:53.774 INFO  [com.liferay.portal.osgi.web.wab.extender.internal.WabFactory-BundleTrackerOpener][ThemeHotDeployListener:108] 1 theme for speedwell-theme is available for use
2022-12-12 05:28:53.887 INFO  [com.liferay.portal.osgi.web.wab.extender.internal.WabFactory-BundleTrackerOpener][ThemeHotDeployListener:108] 1 theme for minium-theme is available for use
2022-12-12 05:28:54.004 INFO  [com.liferay.portal.osgi.web.wab.extender.internal.WabFactory-BundleTrackerOpener][ThemeHotDeployListener:108] 1 theme for admin-theme is available for use
2022-12-12 05:28:54.115 INFO  [com.liferay.portal.osgi.web.wab.extender.internal.WabFactory-BundleTrackerOpener][HookHotDeployListener:496] Hook for LangHook is available for use
2022-12-12 05:28:54.223 INFO  [com.liferay.portal.osgi.web.wab.extender.internal.WabFactory-BundleTrackerOpener][LayoutTemplateHotDeployListener:107] 1 layout template for LayoutTemplateDemo is available for use
2022-12-12 05:28:54.328 INFO  [com.liferay.portal.osgi.web.wab.extender.internal.WabFactory-BundleTrackerOpener][ThemeHotDeployListener:108] 1 theme for democlassictheme-theme is available for use
2022-12-12 05:28:54.400 INFO  [com.liferay.portal.osgi.web.wab.extender.internal.WabFactory-BundleTrackerOpener][ThemeHotDeployListener:108] 1 theme for demotheme-theme is available for use
2022-12-12 05:28:54.510 INFO  [com.liferay.portal.osgi.web.wab.extender.internal.WabFactory-BundleTrackerOpener][ThemeHotDeployListener:108] 1 theme for my-liferay-theme is available for use
2022-12-12 06:05:12.461 INFO  [Refresh Thread: Equinox Container: f021979d-e124-4ff1-9d78-ab4455307d86][BundleStartStopLogger:80] STOPPED com.liferay.document.library.web_6.0.104 [1746]
2022-12-12 06:05:13.122 INFO  [Refresh Thread: Equinox Container: f021979d-e124-4ff1-9d78-ab4455307d86][BundleStartStopLogger:77] STARTED com.liferay.document.library.web_6.0.104 [1746]
2022-12-12 06:06:38.531 INFO  [Refresh Thread: Equinox Container: f021979d-e124-4ff1-9d78-ab4455307d86][BundleStartStopLogger:80] STOPPED com.liferay.document.library.web_6.0.104 [1746]
2022-12-12 06:06:38.960 INFO  [Refresh Thread: Equinox Container: f021979d-e124-4ff1-9d78-ab4455307d86][BundleStartStopLogger:77] STARTED com.liferay.document.library.web_6.0.104 [1746]
2022-12-12 06:12:55.482 INFO  [Refresh Thread: Equinox Container: f021979d-e124-4ff1-9d78-ab4455307d86][BundleStartStopLogger:80] STOPPED com.liferay.document.library.web_6.0.104 [1746]
2022-12-12 06:12:55.948 INFO  [Refresh Thread: Equinox Container: f021979d-e124-4ff1-9d78-ab4455307d86][BundleStartStopLogger:77] STARTED com.liferay.document.library.web_6.0.104 [1746]
2022-12-12 06:13:41.141 INFO  [Refresh Thread: Equinox Container: f021979d-e124-4ff1-9d78-ab4455307d86][BundleStartStopLogger:80] STOPPED com.liferay.document.library.web_6.0.104 [1746]
2022-12-12 06:13:41.595 INFO  [Refresh Thread: Equinox Container: f021979d-e124-4ff1-9d78-ab4455307d86][BundleStartStopLogger:77] STARTED com.liferay.document.library.web_6.0.104 [1746]
2022-12-12 06:15:52.127 INFO  [Refresh Thread: Equinox Container: f021979d-e124-4ff1-9d78-ab4455307d86][BundleStartStopLogger:80] STOPPED com.liferay.document.library.web_6.0.104 [1746]
2022-12-12 06:15:52.461 INFO  [Refresh Thread: Equinox Container: f021979d-e124-4ff1-9d78-ab4455307d86][BundleStartStopLogger:77] STARTED com.liferay.document.library.web_6.0.104 [1746]
2022-12-12 06:17:33.016 INFO  [Refresh Thread: Equinox Container: f021979d-e124-4ff1-9d78-ab4455307d86][BundleStartStopLogger:80] STOPPED com.liferay.document.library.web_6.0.104 [1746]
2022-12-12 06:17:33.401 INFO  [Refresh Thread: Equinox Container: f021979d-e124-4ff1-9d78-ab4455307d86][BundleStartStopLogger:77] STARTED com.liferay.document.library.web_6.0.104 [1746]
2022-12-12 06:29:11.256 INFO  [Refresh Thread: Equinox Container: f021979d-e124-4ff1-9d78-ab4455307d86][BundleStartStopLogger:80] STOPPED com.liferay.document.library.web_6.0.104 [1746]
2022-12-12 06:29:11.971 INFO  [Refresh Thread: Equinox Container: f021979d-e124-4ff1-9d78-ab4455307d86][BundleStartStopLogger:77] STARTED com.liferay.document.library.web_6.0.104 [1746]
2022-12-12 06:34:48.144 INFO  [Refresh Thread: Equinox Container: f021979d-e124-4ff1-9d78-ab4455307d86][BundleStartStopLogger:80] STOPPED com.liferay.document.library.web_6.0.104 [1746]
2022-12-12 06:34:48.501 INFO  [Refresh Thread: Equinox Container: f021979d-e124-4ff1-9d78-ab4455307d86][BundleStartStopLogger:77] STARTED com.liferay.document.library.web_6.0.104 [1746]
2022-12-12 06:39:14.832 INFO  [Refresh Thread: Equinox Container: f021979d-e124-4ff1-9d78-ab4455307d86][BundleStartStopLogger:80] STOPPED com.liferay.document.library.web_6.0.104 [1746]
2022-12-12 06:39:15.681 INFO  [Refresh Thread: Equinox Container: f021979d-e124-4ff1-9d78-ab4455307d86][BundleStartStopLogger:77] STARTED com.liferay.document.library.web_6.0.104 [1746]
2022-12-12 06:40:51.166 INFO  [Refresh Thread: Equinox Container: f021979d-e124-4ff1-9d78-ab4455307d86][BundleStartStopLogger:80] STOPPED com.liferay.document.library.web_6.0.104 [1746]
2022-12-12 06:40:51.578 INFO  [Refresh Thread: Equinox Container: f021979d-e124-4ff1-9d78-ab4455307d86][BundleStartStopLogger:77] STARTED com.liferay.document.library.web_6.0.104 [1746]
2022-12-12 06:43:52.323 INFO  [Refresh Thread: Equinox Container: f021979d-e124-4ff1-9d78-ab4455307d86][BundleStartStopLogger:80] STOPPED com.liferay.document.library.web_6.0.104 [1746]
2022-12-12 06:43:52.668 INFO  [Refresh Thread: Equinox Container: f021979d-e124-4ff1-9d78-ab4455307d86][BundleStartStopLogger:77] STARTED com.liferay.document.library.web_6.0.104 [1746]
2022-12-12 06:45:03.029 INFO  [Refresh Thread: Equinox Container: f021979d-e124-4ff1-9d78-ab4455307d86][BundleStartStopLogger:80] STOPPED com.liferay.document.library.web_6.0.104 [1746]
2022-12-12 06:45:03.352 INFO  [Refresh Thread: Equinox Container: f021979d-e124-4ff1-9d78-ab4455307d86][BundleStartStopLogger:77] STARTED com.liferay.document.library.web_6.0.104 [1746]
2022-12-12 06:45:53.654 INFO  [Refresh Thread: Equinox Container: f021979d-e124-4ff1-9d78-ab4455307d86][BundleStartStopLogger:80] STOPPED com.liferay.document.library.web_6.0.104 [1746]
2022-12-12 06:45:53.983 INFO  [Refresh Thread: Equinox Container: f021979d-e124-4ff1-9d78-ab4455307d86][BundleStartStopLogger:77] STARTED com.liferay.document.library.web_6.0.104 [1746]
2022-12-12 06:46:54.269 INFO  [Refresh Thread: Equinox Container: f021979d-e124-4ff1-9d78-ab4455307d86][BundleStartStopLogger:80] STOPPED com.liferay.document.library.web_6.0.104 [1746]
2022-12-12 06:46:54.637 INFO  [Refresh Thread: Equinox Container: f021979d-e124-4ff1-9d78-ab4455307d86][BundleStartStopLogger:77] STARTED com.liferay.document.library.web_6.0.104 [1746]
2022-12-12 06:47:19.850 INFO  [Refresh Thread: Equinox Container: f021979d-e124-4ff1-9d78-ab4455307d86][BundleStartStopLogger:80] STOPPED com.liferay.document.library.web_6.0.104 [1746]
2022-12-12 06:47:20.220 INFO  [Refresh Thread: Equinox Container: f021979d-e124-4ff1-9d78-ab4455307d86][BundleStartStopLogger:77] STARTED com.liferay.document.library.web_6.0.104 [1746]
2022-12-12 06:48:55.515 INFO  [Refresh Thread: Equinox Container: f021979d-e124-4ff1-9d78-ab4455307d86][BundleStartStopLogger:80] STOPPED com.liferay.document.library.web_6.0.104 [1746]
2022-12-12 06:48:55.941 INFO  [Refresh Thread: Equinox Container: f021979d-e124-4ff1-9d78-ab4455307d86][BundleStartStopLogger:77] STARTED com.liferay.document.library.web_6.0.104 [1746]
2022-12-12 06:49:21.156 INFO  [Refresh Thread: Equinox Container: f021979d-e124-4ff1-9d78-ab4455307d86][BundleStartStopLogger:80] STOPPED com.liferay.document.library.web_6.0.104 [1746]
2022-12-12 06:49:21.833 INFO  [Refresh Thread: Equinox Container: f021979d-e124-4ff1-9d78-ab4455307d86][BundleStartStopLogger:77] STARTED com.liferay.document.library.web_6.0.104 [1746]
2022-12-12 06:51:02.122 INFO  [Refresh Thread: Equinox Container: f021979d-e124-4ff1-9d78-ab4455307d86][BundleStartStopLogger:80] STOPPED com.liferay.document.library.web_6.0.104 [1746]
2022-12-12 06:51:02.619 INFO  [Refresh Thread: Equinox Container: f021979d-e124-4ff1-9d78-ab4455307d86][BundleStartStopLogger:77] STARTED com.liferay.document.library.web_6.0.104 [1746]
2022-12-12 06:51:50.302 INFO  [Refresh Thread: Equinox Container: f021979d-e124-4ff1-9d78-ab4455307d86][BundleStartStopLogger:80] STOPPED com.liferay.document.library.web_6.0.104 [1746]
2022-12-12 06:51:50.992 INFO  [Refresh Thread: Equinox Container: f021979d-e124-4ff1-9d78-ab4455307d86][BundleStartStopLogger:77] STARTED com.liferay.document.library.web_6.0.104 [1746]
2022-12-12 06:52:51.282 INFO  [Refresh Thread: Equinox Container: f021979d-e124-4ff1-9d78-ab4455307d86][BundleStartStopLogger:80] STOPPED com.liferay.document.library.web_6.0.104 [1746]
2022-12-12 06:52:51.669 INFO  [Refresh Thread: Equinox Container: f021979d-e124-4ff1-9d78-ab4455307d86][BundleStartStopLogger:77] STARTED com.liferay.document.library.web_6.0.104 [1746]
2022-12-12 06:53:57.161 INFO  [Refresh Thread: Equinox Container: f021979d-e124-4ff1-9d78-ab4455307d86][BundleStartStopLogger:80] STOPPED com.liferay.document.library.web_6.0.104 [1746]
2022-12-12 06:53:57.682 INFO  [Refresh Thread: Equinox Container: f021979d-e124-4ff1-9d78-ab4455307d86][BundleStartStopLogger:77] STARTED com.liferay.document.library.web_6.0.104 [1746]
2022-12-12 06:54:32.916 INFO  [Refresh Thread: Equinox Container: f021979d-e124-4ff1-9d78-ab4455307d86][BundleStartStopLogger:80] STOPPED com.liferay.document.library.web_6.0.104 [1746]
2022-12-12 06:54:33.290 INFO  [Refresh Thread: Equinox Container: f021979d-e124-4ff1-9d78-ab4455307d86][BundleStartStopLogger:77] STARTED com.liferay.document.library.web_6.0.104 [1746]
2022-12-12 06:55:48.570 INFO  [Refresh Thread: Equinox Container: f021979d-e124-4ff1-9d78-ab4455307d86][BundleStartStopLogger:80] STOPPED com.liferay.document.library.web_6.0.104 [1746]
2022-12-12 06:55:48.943 INFO  [Refresh Thread: Equinox Container: f021979d-e124-4ff1-9d78-ab4455307d86][BundleStartStopLogger:77] STARTED com.liferay.document.library.web_6.0.104 [1746]
2022-12-12 06:56:44.212 INFO  [Refresh Thread: Equinox Container: f021979d-e124-4ff1-9d78-ab4455307d86][BundleStartStopLogger:80] STOPPED com.liferay.document.library.web_6.0.104 [1746]
2022-12-12 06:56:44.561 INFO  [Refresh Thread: Equinox Container: f021979d-e124-4ff1-9d78-ab4455307d86][BundleStartStopLogger:77] STARTED com.liferay.document.library.web_6.0.104 [1746]
2022-12-12 06:58:20.029 INFO  [Refresh Thread: Equinox Container: f021979d-e124-4ff1-9d78-ab4455307d86][BundleStartStopLogger:80] STOPPED com.liferay.document.library.web_6.0.104 [1746]
2022-12-12 06:58:20.463 INFO  [Refresh Thread: Equinox Container: f021979d-e124-4ff1-9d78-ab4455307d86][BundleStartStopLogger:77] STARTED com.liferay.document.library.web_6.0.104 [1746]
2022-12-12 07:01:36.165 INFO  [Refresh Thread: Equinox Container: f021979d-e124-4ff1-9d78-ab4455307d86][BundleStartStopLogger:80] STOPPED com.liferay.document.library.web_6.0.104 [1746]
2022-12-12 07:01:36.527 INFO  [Refresh Thread: Equinox Container: f021979d-e124-4ff1-9d78-ab4455307d86][BundleStartStopLogger:77] STARTED com.liferay.document.library.web_6.0.104 [1746]
2022-12-12 07:02:51.859 INFO  [Refresh Thread: Equinox Container: f021979d-e124-4ff1-9d78-ab4455307d86][BundleStartStopLogger:80] STOPPED com.liferay.document.library.web_6.0.104 [1746]
2022-12-12 07:02:52.237 INFO  [Refresh Thread: Equinox Container: f021979d-e124-4ff1-9d78-ab4455307d86][BundleStartStopLogger:77] STARTED com.liferay.document.library.web_6.0.104 [1746]
2022-12-12 07:05:42.988 INFO  [Refresh Thread: Equinox Container: f021979d-e124-4ff1-9d78-ab4455307d86][BundleStartStopLogger:80] STOPPED com.liferay.document.library.web_6.0.104 [1746]
2022-12-12 07:05:43.775 INFO  [Refresh Thread: Equinox Container: f021979d-e124-4ff1-9d78-ab4455307d86][BundleStartStopLogger:77] STARTED com.liferay.document.library.web_6.0.104 [1746]
2022-12-12 07:13:00.267 INFO  [Refresh Thread: Equinox Container: f021979d-e124-4ff1-9d78-ab4455307d86][BundleStartStopLogger:80] STOPPED com.liferay.document.library.web_6.0.104 [1746]
2022-12-12 07:13:00.649 INFO  [Refresh Thread: Equinox Container: f021979d-e124-4ff1-9d78-ab4455307d86][BundleStartStopLogger:77] STARTED com.liferay.document.library.web_6.0.104 [1746]
2022-12-12 07:14:25.922 INFO  [Refresh Thread: Equinox Container: f021979d-e124-4ff1-9d78-ab4455307d86][BundleStartStopLogger:80] STOPPED com.liferay.document.library.web_6.0.104 [1746]
2022-12-12 07:14:26.337 INFO  [Refresh Thread: Equinox Container: f021979d-e124-4ff1-9d78-ab4455307d86][BundleStartStopLogger:77] STARTED com.liferay.document.library.web_6.0.104 [1746]
2022-12-12 07:15:21.591 INFO  [Refresh Thread: Equinox Container: f021979d-e124-4ff1-9d78-ab4455307d86][BundleStartStopLogger:80] STOPPED com.liferay.document.library.web_6.0.104 [1746]
2022-12-12 07:15:22.149 INFO  [Refresh Thread: Equinox Container: f021979d-e124-4ff1-9d78-ab4455307d86][BundleStartStopLogger:77] STARTED com.liferay.document.library.web_6.0.104 [1746]
2022-12-12 07:17:12.507 INFO  [Refresh Thread: Equinox Container: f021979d-e124-4ff1-9d78-ab4455307d86][BundleStartStopLogger:80] STOPPED com.liferay.document.library.web_6.0.104 [1746]
2022-12-12 07:17:12.913 INFO  [Refresh Thread: Equinox Container: f021979d-e124-4ff1-9d78-ab4455307d86][BundleStartStopLogger:77] STARTED com.liferay.document.library.web_6.0.104 [1746]
2022-12-12 07:23:49.187 INFO  [Refresh Thread: Equinox Container: f021979d-e124-4ff1-9d78-ab4455307d86][BundleStartStopLogger:80] STOPPED com.liferay.document.library.web_6.0.104 [1746]
2022-12-12 07:23:49.554 INFO  [Refresh Thread: Equinox Container: f021979d-e124-4ff1-9d78-ab4455307d86][BundleStartStopLogger:77] STARTED com.liferay.document.library.web_6.0.104 [1746]
2022-12-12 07:38:12.882 INFO  [Refresh Thread: Equinox Container: f021979d-e124-4ff1-9d78-ab4455307d86][BundleStartStopLogger:80] STOPPED com.liferay.document.library.web_6.0.104 [1746]
2022-12-12 07:38:13.272 INFO  [Refresh Thread: Equinox Container: f021979d-e124-4ff1-9d78-ab4455307d86][BundleStartStopLogger:77] STARTED com.liferay.document.library.web_6.0.104 [1746]
2022-12-12 07:56:08.228 WARN  [http-nio-8080-exec-5][code_jsp:159] {code="404", msg="ProxyServlet: /o/frontend-js-aui-web/build/aui-skin-deprecated/images/common/state_default_bg.png", uri=/o/frontend-js-aui-web/build/aui-skin-deprecated/images/common/state_default_bg.png}
2022-12-12 07:56:08.228 WARN  [http-nio-8080-exec-10][code_jsp:159] {code="404", msg="ProxyServlet: /o/frontend-js-aui-web/build/aui-skin-deprecated/images/loading_indicator.gif", uri=/o/frontend-js-aui-web/build/aui-skin-deprecated/images/loading_indicator.gif}
2022-12-12 08:01:33.817 INFO  [Refresh Thread: Equinox Container: f021979d-e124-4ff1-9d78-ab4455307d86][BundleStartStopLogger:80] STOPPED com.liferay.document.library.web_6.0.104 [1746]
2022-12-12 08:01:34.175 INFO  [Refresh Thread: Equinox Container: f021979d-e124-4ff1-9d78-ab4455307d86][BundleStartStopLogger:77] STARTED com.liferay.document.library.web_6.0.104 [1746]
2022-12-12 08:31:27.108 INFO  [Refresh Thread: Equinox Container: f021979d-e124-4ff1-9d78-ab4455307d86][BundleStartStopLogger:80] STOPPED com.liferay.document.library.web_6.0.104 [1746]
2022-12-12 08:31:27.459 INFO  [Refresh Thread: Equinox Container: f021979d-e124-4ff1-9d78-ab4455307d86][BundleStartStopLogger:77] STARTED com.liferay.document.library.web_6.0.104 [1746]
2022-12-12 08:34:13.155 INFO  [Refresh Thread: Equinox Container: f021979d-e124-4ff1-9d78-ab4455307d86][BundleStartStopLogger:80] STOPPED com.liferay.document.library.web_6.0.104 [1746]
2022-12-12 08:34:13.478 INFO  [Refresh Thread: Equinox Container: f021979d-e124-4ff1-9d78-ab4455307d86][BundleStartStopLogger:77] STARTED com.liferay.document.library.web_6.0.104 [1746]
2022-12-12 08:35:28.904 INFO  [Refresh Thread: Equinox Container: f021979d-e124-4ff1-9d78-ab4455307d86][BundleStartStopLogger:80] STOPPED com.liferay.document.library.web_6.0.104 [1746]
2022-12-12 08:35:29.395 INFO  [Refresh Thread: Equinox Container: f021979d-e124-4ff1-9d78-ab4455307d86][BundleStartStopLogger:77] STARTED com.liferay.document.library.web_6.0.104 [1746]
2022-12-12 08:39:00.223 INFO  [Refresh Thread: Equinox Container: f021979d-e124-4ff1-9d78-ab4455307d86][BundleStartStopLogger:80] STOPPED com.liferay.document.library.web_6.0.104 [1746]
2022-12-12 08:39:00.573 INFO  [Refresh Thread: Equinox Container: f021979d-e124-4ff1-9d78-ab4455307d86][BundleStartStopLogger:77] STARTED com.liferay.document.library.web_6.0.104 [1746]
2022-12-12 08:49:53.196 INFO  [Refresh Thread: Equinox Container: f021979d-e124-4ff1-9d78-ab4455307d86][BundleStartStopLogger:80] STOPPED com.liferay.document.library.web_6.0.104 [1746]
2022-12-12 08:49:53.556 INFO  [Refresh Thread: Equinox Container: f021979d-e124-4ff1-9d78-ab4455307d86][BundleStartStopLogger:77] STARTED com.liferay.document.library.web_6.0.104 [1746]
2022-12-12 08:54:49.599 INFO  [Refresh Thread: Equinox Container: f021979d-e124-4ff1-9d78-ab4455307d86][BundleStartStopLogger:80] STOPPED com.liferay.document.library.web_6.0.104 [1746]
2022-12-12 08:54:50.000 INFO  [Refresh Thread: Equinox Container: f021979d-e124-4ff1-9d78-ab4455307d86][BundleStartStopLogger:77] STARTED com.liferay.document.library.web_6.0.104 [1746]
2022-12-12 08:55:45.201 INFO  [Refresh Thread: Equinox Container: f021979d-e124-4ff1-9d78-ab4455307d86][BundleStartStopLogger:80] STOPPED com.liferay.document.library.web_6.0.104 [1746]
2022-12-12 08:55:45.537 INFO  [Refresh Thread: Equinox Container: f021979d-e124-4ff1-9d78-ab4455307d86][BundleStartStopLogger:77] STARTED com.liferay.document.library.web_6.0.104 [1746]
2022-12-12 08:56:10.716 INFO  [Refresh Thread: Equinox Container: f021979d-e124-4ff1-9d78-ab4455307d86][BundleStartStopLogger:80] STOPPED com.liferay.document.library.web_6.0.104 [1746]
2022-12-12 08:56:11.091 INFO  [Refresh Thread: Equinox Container: f021979d-e124-4ff1-9d78-ab4455307d86][BundleStartStopLogger:77] STARTED com.liferay.document.library.web_6.0.104 [1746]
2022-12-12 08:56:56.272 INFO  [Refresh Thread: Equinox Container: f021979d-e124-4ff1-9d78-ab4455307d86][BundleStartStopLogger:80] STOPPED com.liferay.document.library.web_6.0.104 [1746]
2022-12-12 08:56:56.605 INFO  [Refresh Thread: Equinox Container: f021979d-e124-4ff1-9d78-ab4455307d86][BundleStartStopLogger:77] STARTED com.liferay.document.library.web_6.0.104 [1746]
2022-12-12 09:30:44.833 INFO  [Refresh Thread: Equinox Container: f021979d-e124-4ff1-9d78-ab4455307d86][BundleStartStopLogger:80] STOPPED com.liferay.document.library.web_6.0.104 [1746]
2022-12-12 09:30:45.192 INFO  [Refresh Thread: Equinox Container: f021979d-e124-4ff1-9d78-ab4455307d86][BundleStartStopLogger:77] STARTED com.liferay.document.library.web_6.0.104 [1746]
2022-12-12 09:49:29.692 INFO  [fileinstall-directory-watcher][BundleStartStopLogger:80] STOPPED com.demo_1.0.0 [1757]
2022-12-12 09:49:29.771 INFO  [Refresh Thread: Equinox Container: f021979d-e124-4ff1-9d78-ab4455307d86][BundleStartStopLogger:77] STARTED com.demo_1.0.0 [1757]
2022-12-12 09:51:15.218 INFO  [fileinstall-directory-watcher][BundleStartStopLogger:80] STOPPED com.demo_1.0.0 [1757]
2022-12-12 09:51:15.315 INFO  [Refresh Thread: Equinox Container: f021979d-e124-4ff1-9d78-ab4455307d86][BundleStartStopLogger:77] STARTED com.demo_1.0.0 [1757]
2022-12-12 09:53:50.874 INFO  [fileinstall-directory-watcher][BundleStartStopLogger:80] STOPPED com.demo_1.0.0 [1757]
2022-12-12 09:54:00.997 INFO  [fileinstall-directory-watcher][BundleStartStopLogger:77] STARTED com.demo_1.0.0 [1764]
2022-12-12 09:56:01.481 INFO  [fileinstall-directory-watcher][BundleStartStopLogger:80] STOPPED com.demo_1.0.0 [1764]
2022-12-12 09:56:01.636 INFO  [Refresh Thread: Equinox Container: f021979d-e124-4ff1-9d78-ab4455307d86][BundleStartStopLogger:77] STARTED com.demo_1.0.0 [1764]
2022-12-12 09:57:21.941 INFO  [fileinstall-directory-watcher][BundleStartStopLogger:80] STOPPED com.demo_1.0.0 [1764]
2022-12-12 09:57:22.049 INFO  [Refresh Thread: Equinox Container: f021979d-e124-4ff1-9d78-ab4455307d86][BundleStartStopLogger:77] STARTED com.demo_1.0.0 [1764]
2022-12-12 10:46:49.974 INFO  [Refresh Thread: Equinox Container: f021979d-e124-4ff1-9d78-ab4455307d86][BundleStartStopLogger:80] STOPPED com.liferay.document.library.web_6.0.104 [1746]
2022-12-12 10:46:50.355 INFO  [Refresh Thread: Equinox Container: f021979d-e124-4ff1-9d78-ab4455307d86][BundleStartStopLogger:77] STARTED com.liferay.document.library.web_6.0.104 [1746]
2022-12-12 10:47:40.649 INFO  [Refresh Thread: Equinox Container: f021979d-e124-4ff1-9d78-ab4455307d86][BundleStartStopLogger:80] STOPPED com.liferay.document.library.web_6.0.104 [1746]
2022-12-12 10:47:40.988 INFO  [Refresh Thread: Equinox Container: f021979d-e124-4ff1-9d78-ab4455307d86][BundleStartStopLogger:77] STARTED com.liferay.document.library.web_6.0.104 [1746]
2022-12-12 10:55:22.987 INFO  [Refresh Thread: Equinox Container: f021979d-e124-4ff1-9d78-ab4455307d86][BundleStartStopLogger:80] STOPPED com.liferay.document.library.web_6.0.104 [1746]
2022-12-12 10:55:23.321 INFO  [Refresh Thread: Equinox Container: f021979d-e124-4ff1-9d78-ab4455307d86][BundleStartStopLogger:77] STARTED com.liferay.document.library.web_6.0.104 [1746]
2022-12-12 11:02:20.197 INFO  [Refresh Thread: Equinox Container: f021979d-e124-4ff1-9d78-ab4455307d86][BundleStartStopLogger:80] STOPPED com.liferay.document.library.web_6.0.104 [1746]
2022-12-12 11:02:20.521 INFO  [Refresh Thread: Equinox Container: f021979d-e124-4ff1-9d78-ab4455307d86][BundleStartStopLogger:77] STARTED com.liferay.document.library.web_6.0.104 [1746]
2022-12-12 11:05:01.315 INFO  [Refresh Thread: Equinox Container: f021979d-e124-4ff1-9d78-ab4455307d86][BundleStartStopLogger:80] STOPPED com.liferay.document.library.web_6.0.104 [1746]
2022-12-12 11:05:01.727 INFO  [Refresh Thread: Equinox Container: f021979d-e124-4ff1-9d78-ab4455307d86][BundleStartStopLogger:77] STARTED com.liferay.document.library.web_6.0.104 [1746]
2022-12-12 12:16:17.721 INFO  [Thread-7][ThemeHotDeployListener:171] 1 theme for my-liferay-theme was unregistered
2022-12-12 12:16:17.768 INFO  [Thread-7][ThemeHotDeployListener:171] 1 theme for demotheme-theme was unregistered
2022-12-12 12:16:17.791 INFO  [Thread-7][ThemeHotDeployListener:171] 1 theme for democlassictheme-theme was unregistered
2022-12-12 12:16:17.813 INFO  [Thread-7][LayoutTemplateHotDeployListener:156] 1 layout template for LayoutTemplateDemo was unregistered
2022-12-12 12:16:17.853 INFO  [Thread-7][HookHotDeployListener:544] Hook for LangHook was unregistered
2022-12-12 12:16:17.876 INFO  [Thread-7][ThemeHotDeployListener:171] 1 theme for admin-theme was unregistered
2022-12-12 12:16:17.900 INFO  [Thread-7][ThemeHotDeployListener:171] 1 theme for minium-theme was unregistered
2022-12-12 12:16:17.925 INFO  [Thread-7][ThemeHotDeployListener:171] 1 theme for speedwell-theme was unregistered
2022-12-12 12:16:17.952 INFO  [Thread-7][ThemeHotDeployListener:171] 1 theme for dialect-theme was unregistered
2022-12-12 12:16:17.977 INFO  [Thread-7][ThemeHotDeployListener:171] 1 theme for classic-theme was unregistered
2022-12-12 12:16:46.405 INFO  [main][PortalContextLoaderListener:123] JVM arguments: -Dcatalina.base=/media/root322/Data/Documents/LiferayWorkspace/bundles/tomcat-9.0.56 -Dcatalina.home=/media/root322/Data/Documents/LiferayWorkspace/bundles/tomcat-9.0.56 -Dfile.encoding=UTF8 -Djava.io.tmpdir=/media/root322/Data/Documents/LiferayWorkspace/bundles/tomcat-9.0.56/temp -Djava.net.preferIPv4Stack=true -Djava.util.logging.config.file=/media/root322/Data/Documents/LiferayWorkspace/bundles/tomcat-9.0.56/conf/logging.properties -Djava.util.logging.manager=org.apache.juli.ClassLoaderLogManager -Dorg.apache.catalina.loader.WebappClassLoader.ENABLE_CLEAR_REFERENCES=false -Duser.timezone=GMT -Xmx2560m -XX:MaxMetaspaceSize=768m -XX:MetaspaceSize=768m -javaagent:/snap/intellij-idea-ultimate/398/lib/idea_rt.jar=36273:/snap/intellij-idea-ultimate/398/bin
2022-12-12 12:16:49.005 INFO  [main][DialectDetector:153] Using dialect org.hibernate.dialect.MySQL8Dialect for MySQL 8.0
2022-12-12 12:16:51.781 INFO  [main][ModuleFrameworkImpl:1279] Starting initial bundles
2022-12-12 12:16:52.137 INFO  [ModuleFramework-Static-Bundles-4][InterpolationConfigurationPlugin:109] Configured directory for secrets: /media/root322/Data/Documents/LiferayWorkspace/bundles/osgi/configs
2022-12-12 12:16:53.458 INFO  [ModuleFramework-Static-Bundles-6][DefaultLPKGDeployer:456] Using overriding JAR bundle LPKG-Override::/media/root322/Data/Documents/LiferayWorkspace/bundles/osgi/marketplace/override/com.liferay.document.library.web.jar
2022-12-12 12:16:53.458 INFO  [ModuleFramework-Static-Bundles-6][DefaultLPKGDeployer:456] Using overriding JAR bundle LPKG-Override::/media/root322/Data/Documents/LiferayWorkspace/bundles/osgi/marketplace/override/com.liferay.portal.language.lang.jar
2022-12-12 12:16:53.542 INFO  [main][ModuleFrameworkImpl:1576] Started initial bundles
2022-12-12 12:16:53.542 INFO  [main][ModuleFrameworkImpl:1625] Starting dynamic bundles
2022-12-12 12:17:06.930 INFO  [main][ModuleFrameworkImpl:1647] Started dynamic bundles
2022-12-12 12:17:06.930 INFO  [main][ModuleFrameworkImpl:1654] Starting web bundles
2022-12-12 12:17:09.450 INFO  [main][ModuleFrameworkImpl:1708] Started web bundles
2022-12-12 12:17:09.451 INFO  [main][ModuleFrameworkImpl:278] Navigate to Control Panel > System > Gogo Shell and enter "lb" to see all bundles
2022-12-12 12:17:09.478 INFO  [main][LoggingTimer:83] Starting com.liferay.portal.verify.VerifyProperties#verifySystemProperties
2022-12-12 12:17:09.479 INFO  [main][LoggingTimer:44] Completed com.liferay.portal.verify.VerifyProperties#verifySystemProperties in 1 ms
2022-12-12 12:17:09.479 INFO  [main][LoggingTimer:83] Starting com.liferay.portal.verify.VerifyProperties#verifyPortalProperties
2022-12-12 12:17:09.494 INFO  [main][LoggingTimer:44] Completed com.liferay.portal.verify.VerifyProperties#verifyPortalProperties in 15 ms
2022-12-12 12:17:09.494 INFO  [main][LoggingTimer:83] Starting com.liferay.portal.verify.VerifyProperties#verifyDocumentLibrary
2022-12-12 12:17:09.494 INFO  [main][LoggingTimer:44] Completed com.liferay.portal.verify.VerifyProperties#verifyDocumentLibrary in 0 ms
2022-12-12 12:17:09.845 INFO  [main][LoggingTimer:83] Starting com.liferay.portal.events.StartupHelperUtil#initResourceActions
2022-12-12 12:17:09.884 INFO  [main][LoggingTimer:44] Completed com.liferay.portal.events.StartupHelperUtil#initResourceActions in 39 ms
2022-12-12 12:17:12.249 WARN  [main][SidecarManager:103] Liferay automatically starts a child process of Elasticsearch named sidecar for convenient development and demonstration purposes. Do NOT use sidecar in production. Refer to the documentation for details on the limitations of sidecar and instructions on configuring a remote Elasticsearch connection in the Control Panel.
2022-12-12 12:17:22.160 INFO  [main][Sidecar:119] Sidecar Elasticsearch liferay started at 127.0.0.1:9201
2022-12-12 12:17:27.862 INFO  [main][StartupHelperUtil:86] There are no patches installed
2022-12-12 12:17:27.880 INFO  [main][LoggingTimer:83] Starting com.liferay.portal.events.StartupHelperUtil#initResourceActions
2022-12-12 12:17:27.910 INFO  [main][LoggingTimer:44] Completed com.liferay.portal.events.StartupHelperUtil#initResourceActions in 30 ms
2022-12-12 12:17:27.961 INFO  [main][LicenseManager:-1] Digital Enterprise Development license validation passed
2022-12-12 12:17:28.417 INFO  [main][AutoDeployDir:176] Auto deploy scanner started for /media/root322/Data/Documents/LiferayWorkspace/bundles/deploy
2022-12-12 12:17:37.908 INFO  [com.liferay.portal.osgi.web.wab.extender.internal.WabFactory-BundleTrackerOpener][ThemeHotDeployListener:108] 1 theme for classic-theme is available for use
2022-12-12 12:17:38.024 INFO  [com.liferay.portal.osgi.web.wab.extender.internal.WabFactory-BundleTrackerOpener][ThemeHotDeployListener:108] 1 theme for dialect-theme is available for use
2022-12-12 12:17:38.142 INFO  [com.liferay.portal.osgi.web.wab.extender.internal.WabFactory-BundleTrackerOpener][ThemeHotDeployListener:108] 1 theme for speedwell-theme is available for use
2022-12-12 12:17:38.256 INFO  [com.liferay.portal.osgi.web.wab.extender.internal.WabFactory-BundleTrackerOpener][ThemeHotDeployListener:108] 1 theme for minium-theme is available for use
2022-12-12 12:17:38.367 INFO  [com.liferay.portal.osgi.web.wab.extender.internal.WabFactory-BundleTrackerOpener][ThemeHotDeployListener:108] 1 theme for admin-theme is available for use
2022-12-12 12:17:38.498 INFO  [com.liferay.portal.osgi.web.wab.extender.internal.WabFactory-BundleTrackerOpener][HookHotDeployListener:496] Hook for LangHook is available for use
2022-12-12 12:17:38.617 INFO  [com.liferay.portal.osgi.web.wab.extender.internal.WabFactory-BundleTrackerOpener][LayoutTemplateHotDeployListener:107] 1 layout template for LayoutTemplateDemo is available for use
2022-12-12 12:17:38.725 INFO  [com.liferay.portal.osgi.web.wab.extender.internal.WabFactory-BundleTrackerOpener][ThemeHotDeployListener:108] 1 theme for democlassictheme-theme is available for use
2022-12-12 12:17:38.834 INFO  [com.liferay.portal.osgi.web.wab.extender.internal.WabFactory-BundleTrackerOpener][ThemeHotDeployListener:108] 1 theme for demotheme-theme is available for use
2022-12-12 12:17:38.947 INFO  [com.liferay.portal.osgi.web.wab.extender.internal.WabFactory-BundleTrackerOpener][ThemeHotDeployListener:108] 1 theme for my-liferay-theme is available for use
2022-12-12 13:28:52.467 WARN  [http-nio-8080-exec-5][code_jsp:159] {code="404", msg="ProxyServlet: /null/__generated__/container.js", uri=/o/null/__generated__/container.js}
2022-12-12 13:28:59.485 WARN  [http-nio-8080-exec-5][code_jsp:159] {code="404", msg="ProxyServlet: /null/__generated__/container.js", uri=/o/null/__generated__/container.js}
2022-12-12 13:36:46.782 INFO  [Thread-7][ThemeHotDeployListener:171] 1 theme for my-liferay-theme was unregistered
2022-12-12 13:36:46.819 INFO  [Thread-7][ThemeHotDeployListener:171] 1 theme for demotheme-theme was unregistered
2022-12-12 13:36:46.840 INFO  [Thread-7][ThemeHotDeployListener:171] 1 theme for democlassictheme-theme was unregistered
2022-12-12 13:36:46.858 INFO  [Thread-7][LayoutTemplateHotDeployListener:156] 1 layout template for LayoutTemplateDemo was unregistered
2022-12-12 13:36:46.883 INFO  [Thread-7][HookHotDeployListener:544] Hook for LangHook was unregistered
2022-12-12 13:36:46.915 INFO  [Thread-7][ThemeHotDeployListener:171] 1 theme for admin-theme was unregistered
2022-12-12 13:36:46.931 INFO  [Thread-7][ThemeHotDeployListener:171] 1 theme for minium-theme was unregistered
2022-12-12 13:36:46.948 INFO  [Thread-7][ThemeHotDeployListener:171] 1 theme for speedwell-theme was unregistered
2022-12-12 13:36:46.971 INFO  [Thread-7][ThemeHotDeployListener:171] 1 theme for dialect-theme was unregistered
2022-12-12 13:36:46.989 INFO  [Thread-7][ThemeHotDeployListener:171] 1 theme for classic-theme was unregistered
