2023-02-28 04:45:44.183 INFO  [main][PortalContextLoaderListener:123] JVM arguments: -Dcatalina.base=/media/root322/Data/Documents/LiferayWorkspace/bundles/tomcat-9.0.56 -Dcatalina.home=/media/root322/Data/Documents/LiferayWorkspace/bundles/tomcat-9.0.56 -Dfile.encoding=UTF8 -Djava.io.tmpdir=/media/root322/Data/Documents/LiferayWorkspace/bundles/tomcat-9.0.56/temp -Djava.net.preferIPv4Stack=true -Djava.util.logging.config.file=/media/root322/Data/Documents/LiferayWorkspace/bundles/tomcat-9.0.56/conf/logging.properties -Djava.util.logging.manager=org.apache.juli.ClassLoaderLogManager -Dorg.apache.catalina.loader.WebappClassLoader.ENABLE_CLEAR_REFERENCES=false -Duser.timezone=GMT -Xmx2560m -XX:MaxMetaspaceSize=768m -XX:MetaspaceSize=768m -javaagent:/snap/intellij-idea-ultimate/405/lib/idea_rt.jar=40557:/snap/intellij-idea-ultimate/405/bin
2023-02-28 04:45:47.603 INFO  [main][DialectDetector:153] Using dialect org.hibernate.dialect.MySQL8Dialect for MySQL 8.0
2023-02-28 04:45:51.306 INFO  [main][ModuleFrameworkImpl:1279] Starting initial bundles
2023-02-28 04:45:52.093 INFO  [ModuleFramework-Static-Bundles-4][InterpolationConfigurationPlugin:109] Configured directory for secrets: /media/root322/Data/Documents/LiferayWorkspace/bundles/osgi/configs
2023-02-28 04:45:54.734 INFO  [ModuleFramework-Static-Bundles-4][DefaultLPKGDeployer:456] Using overriding JAR bundle LPKG-Override::/media/root322/Data/Documents/LiferayWorkspace/bundles/osgi/marketplace/override/com.liferay.document.library.web.jar
2023-02-28 04:45:54.735 INFO  [ModuleFramework-Static-Bundles-4][DefaultLPKGDeployer:456] Using overriding JAR bundle LPKG-Override::/media/root322/Data/Documents/LiferayWorkspace/bundles/osgi/marketplace/override/com.liferay.portal.language.lang.jar
2023-02-28 04:45:54.834 INFO  [main][ModuleFrameworkImpl:1576] Started initial bundles
2023-02-28 04:45:54.834 INFO  [main][ModuleFrameworkImpl:1625] Starting dynamic bundles
2023-02-28 04:46:17.483 INFO  [Start Level: Equinox Container: 00d32fd7-ade9-4d7c-b043-a7146b73871e][MessageBusRegistrator:41] Message Listener Registered..com.liferaysavvy.messagebus.event.listener.MessageBusRegisteredParallelMessageListener@d19e2a3
2023-02-28 04:46:17.484 INFO  [Start Level: Equinox Container: 00d32fd7-ade9-4d7c-b043-a7146b73871e][MessageBusRegistrator:45] Message Listener Registered..com.liferaysavvy.messagebus.event.listener.MessageBusRegisteredSerialMessageListener@6e28d09f
2023-02-28 04:46:17.486 INFO  [Start Level: Equinox Container: 00d32fd7-ade9-4d7c-b043-a7146b73871e][MessageBusRegistrator:49] Message Listener Registered..com.liferaysavvy.messagebus.event.listener.MessageBusRegisteredSynchronousMessageListener@723fcf88
2023-02-28 04:46:17.595 INFO  [main][ModuleFrameworkImpl:1647] Started dynamic bundles
2023-02-28 04:46:17.596 INFO  [main][ModuleFrameworkImpl:1654] Starting web bundles
2023-02-28 04:46:23.122 INFO  [main][ModuleFrameworkImpl:1708] Started web bundles
2023-02-28 04:46:23.122 INFO  [main][ModuleFrameworkImpl:278] Navigate to Control Panel > System > Gogo Shell and enter "lb" to see all bundles
2023-02-28 04:46:23.134 INFO  [main][LoggingTimer:83] Starting com.liferay.portal.verify.VerifyProperties#verifySystemProperties
2023-02-28 04:46:23.144 INFO  [main][LoggingTimer:44] Completed com.liferay.portal.verify.VerifyProperties#verifySystemProperties in 10 ms
2023-02-28 04:46:23.145 INFO  [main][LoggingTimer:83] Starting com.liferay.portal.verify.VerifyProperties#verifyPortalProperties
2023-02-28 04:46:23.175 ERROR [main][VerifyProperties:182] Portal property "journal.article.form.add" is obsolete
2023-02-28 04:46:23.176 ERROR [main][VerifyProperties:182] Portal property "journal.article.form.update" is obsolete
2023-02-28 04:46:23.176 ERROR [main][VerifyProperties:182] Portal property "journal.article.form.translate" is obsolete
2023-02-28 04:46:23.177 INFO  [main][LoggingTimer:44] Completed com.liferay.portal.verify.VerifyProperties#verifyPortalProperties in 32 ms
2023-02-28 04:46:23.177 INFO  [main][LoggingTimer:83] Starting com.liferay.portal.verify.VerifyProperties#verifyDocumentLibrary
2023-02-28 04:46:23.177 INFO  [main][LoggingTimer:44] Completed com.liferay.portal.verify.VerifyProperties#verifyDocumentLibrary in 0 ms
2023-02-28 04:46:23.785 INFO  [main][LoggingTimer:83] Starting com.liferay.portal.events.StartupHelperUtil#initResourceActions
2023-02-28 04:46:23.835 INFO  [main][LoggingTimer:44] Completed com.liferay.portal.events.StartupHelperUtil#initResourceActions in 50 ms
2023-02-28 04:46:27.349 WARN  [main][SidecarManager:103] Liferay automatically starts a child process of Elasticsearch named sidecar for convenient development and demonstration purposes. Do NOT use sidecar in production. Refer to the documentation for details on the limitations of sidecar and instructions on configuring a remote Elasticsearch connection in the Control Panel.
2023-02-28 04:46:44.718 INFO  [main][Sidecar:119] Sidecar Elasticsearch liferay started at 127.0.0.1:9501
2023-02-28 04:46:50.711 INFO  [main][MessageBusEventListenerNotification:33] **********Destination Added***********liferay/analytics_messages_processor
2023-02-28 04:46:50.719 INFO  [main][MessageBusEventListenerNotification:33] **********Destination Added***********liferay/audit
2023-02-28 04:46:50.725 INFO  [main][MessageBusEventListenerNotification:33] **********Destination Added***********liferay/segments_entry_reindex
2023-02-28 04:46:50.751 INFO  [main][MessageBusEventListenerNotification:33] **********Destination Added***********liferay/tensorflow_model_download
2023-02-28 04:46:50.758 INFO  [main][MessageBusEventListenerNotification:33] **********Destination Added***********liferay/message_bus/default_response
2023-02-28 04:46:50.762 INFO  [main][MessageBusEventListenerNotification:33] **********Destination Added***********liferay/message_bus/message_status
2023-02-28 04:46:50.773 INFO  [main][MessageBusEventListenerNotification:33] **********Destination Added***********liferay/live_users
2023-02-28 04:46:50.777 INFO  [main][MessageBusEventListenerNotification:33] **********Destination Added***********liferay/document_library_audio_processor
2023-02-28 04:46:50.781 INFO  [main][MessageBusEventListenerNotification:33] **********Destination Added***********liferay/async_service
2023-02-28 04:46:50.786 INFO  [main][MessageBusEventListenerNotification:33] **********Destination Added***********liferay/layouts_local_publisher
2023-02-28 04:46:50.789 INFO  [main][MessageBusEventListenerNotification:33] **********Destination Added***********liferay/convert_process
2023-02-28 04:46:50.793 INFO  [main][MessageBusEventListenerNotification:33] **********Destination Added***********liferay/document_library_pdf_processor
2023-02-28 04:46:50.796 INFO  [main][MessageBusEventListenerNotification:33] **********Destination Added***********liferay/subscription_clean_up
2023-02-28 04:46:50.800 INFO  [main][MessageBusEventListenerNotification:33] **********Destination Added***********liferay/document_library_video_processor
2023-02-28 04:46:50.803 INFO  [main][MessageBusEventListenerNotification:33] **********Destination Added***********liferay/document_library_raw_metadata_processor
2023-02-28 04:46:50.810 INFO  [main][MessageBusEventListenerNotification:33] **********Destination Added***********liferay/document_library_image_processor
2023-02-28 04:46:50.814 INFO  [main][MessageBusEventListenerNotification:33] **********Destination Added***********liferay/message_boards_mailing_list
2023-02-28 04:46:50.818 INFO  [main][MessageBusEventListenerNotification:33] **********Destination Added***********liferay/subscription_sender
2023-02-28 04:46:50.824 INFO  [main][MessageBusEventListenerNotification:33] **********Destination Added***********liferay/hot_deploy
2023-02-28 04:46:50.827 INFO  [main][MessageBusEventListenerNotification:33] **********Destination Added***********liferay/layouts_remote_publisher
2023-02-28 04:46:50.845 INFO  [main][MessageBusEventListenerNotification:33] **********Destination Added***********liferay/poller_comet_response
2023-02-28 04:46:50.848 INFO  [main][MessageBusEventListenerNotification:33] **********Destination Added***********liferay/poller_response
2023-02-28 04:46:50.851 INFO  [main][MessageBusEventListenerNotification:33] **********Destination Added***********liferay/poller
2023-02-28 04:46:50.859 INFO  [main][MessageBusEventListenerNotification:33] **********Destination Added***********liferay/workflow_definition
2023-02-28 04:46:50.862 INFO  [main][MessageBusEventListenerNotification:33] **********Destination Added***********liferay/workflow_instance
2023-02-28 04:46:50.865 INFO  [main][MessageBusEventListenerNotification:33] **********Destination Added***********liferay/workflow_log
2023-02-28 04:46:50.889 INFO  [main][MessageBusEventListenerNotification:33] **********Destination Added***********liferay/workflow_task
2023-02-28 04:46:50.892 INFO  [main][MessageBusEventListenerNotification:33] **********Destination Added***********liferay/workflow_engine
2023-02-28 04:46:50.895 INFO  [main][MessageBusEventListenerNotification:33] **********Destination Added***********liferay/workflow_comparator
2023-02-28 04:46:50.902 INFO  [main][MessageBusEventListenerNotification:33] **********Destination Added***********liferay/workflow_status
2023-02-28 04:46:50.909 INFO  [main][MessageBusEventListenerNotification:33] **********Destination Added***********liferay/mail
2023-02-28 04:46:50.915 INFO  [main][MessageBusEventListenerNotification:33] **********Destination Added***********liferay/scheduled_user_ldap_import
2023-02-28 04:46:50.933 INFO  [main][MessageBusEventListenerNotification:33] **********Destination Added***********liferay/search_reader/GENERIC_ENGINE
2023-02-28 04:46:50.938 INFO  [main][MessageBusEventListenerNotification:33] **********Destination Added***********liferay/search_writer/GENERIC_ENGINE
2023-02-28 04:46:50.948 INFO  [main][MessageBusEventListenerNotification:33] **********Destination Added***********liferay/export_import_lifecycle_event_async
2023-02-28 04:46:50.953 INFO  [main][MessageBusEventListenerNotification:33] **********Destination Added***********liferay/export_import_lifecycle_event_sync
2023-02-28 04:46:50.959 INFO  [main][MessageBusEventListenerNotification:33] **********Destination Added***********liferay/commerce_base_price_list
2023-02-28 04:46:50.963 INFO  [main][MessageBusEventListenerNotification:33] **********Destination Added***********liferay/commerce_order_status
2023-02-28 04:46:50.967 INFO  [main][MessageBusEventListenerNotification:33] **********Destination Added***********liferay/commerce_payment_status
2023-02-28 04:46:50.970 INFO  [main][MessageBusEventListenerNotification:33] **********Destination Added***********liferay/commerce_shipment_status
2023-02-28 04:46:50.974 INFO  [main][MessageBusEventListenerNotification:33] **********Destination Added***********liferay/commerce_subscription_status
2023-02-28 04:46:50.981 INFO  [main][ParellelDestinationConfig:83] Destination is creared ..liferaysavvy/parallel-destination
2023-02-28 04:46:50.983 INFO  [main][MessageBusEventListenerNotification:33] **********Destination Added***********liferaysavvy/parallel-destination
2023-02-28 04:46:50.986 INFO  [main][ParellelDestinationConfig:90] Destination is registred with Service Regisration ..
2023-02-28 04:46:50.989 INFO  [main][SerialDestinationConfig:83] Destination is creared ..liferaysavvy/serial-destination
2023-02-28 04:46:50.991 INFO  [main][MessageBusEventListenerNotification:33] **********Destination Added***********liferaysavvy/serial-destination
2023-02-28 04:46:50.994 INFO  [main][SerialDestinationConfig:90] Destination is registred with Service Regisration ..
2023-02-28 04:46:51.004 INFO  [main][SynchronousDestinationConfig:83] Destination is creared ..liferaysavvy/synchronous-destination
2023-02-28 04:46:51.007 INFO  [main][MessageBusEventListenerNotification:33] **********Destination Added***********liferaysavvy/synchronous-destination
2023-02-28 04:46:51.012 INFO  [main][DestinationListenerRegistrator:41] Message Listener Registered..com.liferaysavvy.messagebus.event.listener.DestinationRegisteredParallelMessageListener@74f2d766
2023-02-28 04:46:51.014 INFO  [main][DestinationListenerRegistrator:45] Message Listener Registered..com.liferaysavvy.messagebus.event.listener.DestinationRegisteredSerialMessageListener@714b1386
2023-02-28 04:46:51.015 INFO  [main][DestinationListenerRegistrator:49] Message Listener Registered..com.liferaysavvy.messagebus.event.listener.DestinationRegisteredSynchronousMessageListener@2ef32a65
2023-02-28 04:46:51.016 INFO  [main][SynchronousDestinationConfig:90] Destination is registred with Service Regisration ..
2023-02-28 04:46:51.020 INFO  [main][MessageBusEventListenerNotification:33] **********Destination Added***********liferay/ddm_structure_reindex
2023-02-28 04:46:51.027 INFO  [main][MessageBusEventListenerNotification:33] **********Destination Added***********liferay/monitoring
2023-02-28 04:46:51.041 INFO  [main][MessageBusEventListenerNotification:33] **********Destination Added***********liferay/interest_terms
2023-02-28 04:46:51.045 INFO  [main][MessageBusEventListenerNotification:33] **********Destination Added***********liferay/scripting_executor
2023-02-28 04:46:51.052 INFO  [main][MessageBusEventListenerNotification:33] **********Destination Added***********liferay/adaptive_media_processor
2023-02-28 04:46:51.062 INFO  [main][MessageBusEventListenerNotification:33] **********Destination Added***********liferay/search_reader/SYSTEM_ENGINE
2023-02-28 04:46:51.066 INFO  [main][MessageBusEventListenerNotification:33] **********Destination Added***********liferay/search_writer/SYSTEM_ENGINE
2023-02-28 04:46:51.507 INFO  [main][MessageBusEventListenerNotification:33] **********Destination Added***********liferay/flags
2023-02-28 04:46:54.289 INFO  [main][StartupHelperUtil:86] There are no patches installed
2023-02-28 04:46:54.308 INFO  [main][LoggingTimer:83] Starting com.liferay.portal.events.StartupHelperUtil#initResourceActions
2023-02-28 04:46:54.366 INFO  [main][LoggingTimer:44] Completed com.liferay.portal.events.StartupHelperUtil#initResourceActions in 59 ms
2023-02-28 04:46:54.388 INFO  [main][MessageBusEventListenerNotification:33] **********Destination Added***********liferay/lcs_status
2023-02-28 04:46:54.419 INFO  [main][LicenseManager:-1] Digital Enterprise Development license validation passed
2023-02-28 04:46:55.180 INFO  [main][AutoDeployDir:176] Auto deploy scanner started for /media/root322/Data/Documents/LiferayWorkspace/bundles/deploy
2023-02-28 04:47:33.739 INFO  [com.liferay.portal.osgi.web.wab.extender.internal.WabFactory-BundleTrackerOpener][ThemeHotDeployListener:108] 1 theme for classic-theme is available for use
2023-02-28 04:47:33.865 INFO  [com.liferay.portal.osgi.web.wab.extender.internal.WabFactory-BundleTrackerOpener][ThemeHotDeployListener:108] 1 theme for dialect-theme is available for use
2023-02-28 04:47:33.986 INFO  [com.liferay.portal.osgi.web.wab.extender.internal.WabFactory-BundleTrackerOpener][ThemeHotDeployListener:108] 1 theme for speedwell-theme is available for use
2023-02-28 04:47:34.109 INFO  [com.liferay.portal.osgi.web.wab.extender.internal.WabFactory-BundleTrackerOpener][ThemeHotDeployListener:108] 1 theme for minium-theme is available for use
2023-02-28 04:47:34.180 INFO  [com.liferay.portal.osgi.web.wab.extender.internal.WabFactory-BundleTrackerOpener][ThemeHotDeployListener:108] 1 theme for admin-theme is available for use
2023-02-28 04:47:34.267 INFO  [com.liferay.portal.osgi.web.wab.extender.internal.WabFactory-BundleTrackerOpener][HookHotDeployListener:496] Hook for LangHook is available for use
2023-02-28 04:47:34.351 INFO  [com.liferay.portal.osgi.web.wab.extender.internal.WabFactory-BundleTrackerOpener][LayoutTemplateHotDeployListener:107] 1 layout template for LayoutTemplateDemo is available for use
2023-02-28 04:47:34.417 INFO  [com.liferay.portal.osgi.web.wab.extender.internal.WabFactory-BundleTrackerOpener][ThemeHotDeployListener:108] 1 theme for democlassictheme-theme is available for use
2023-02-28 04:47:34.501 INFO  [com.liferay.portal.osgi.web.wab.extender.internal.WabFactory-BundleTrackerOpener][ThemeHotDeployListener:108] 1 theme for demotheme-theme is available for use
2023-02-28 04:47:34.622 INFO  [com.liferay.portal.osgi.web.wab.extender.internal.WabFactory-BundleTrackerOpener][ThemeHotDeployListener:108] 1 theme for my-liferay-theme is available for use
2023-02-28 04:47:34.882 INFO  [com.liferay.portal.osgi.web.wab.extender.internal.WabFactory-BundleTrackerOpener][ThemeHotDeployListener:108] 1 theme for cstheme2-theme is available for use
2023-02-28 04:47:35.081 INFO  [com.liferay.portal.osgi.web.wab.extender.internal.WabFactory-BundleTrackerOpener][ThemeHotDeployListener:108] 1 theme for module-based-theme is available for use
2023-02-28 05:28:18.044 INFO  [fileinstall-directory-watcher][BundleStartStopLogger:80] STOPPED moduleblacklistconfiguration_1.0.0 [1834]
2023-02-28 05:28:18.240 INFO  [Refresh Thread: Equinox Container: 00d32fd7-ade9-4d7c-b043-a7146b73871e][BundleStartStopLogger:77] STARTED moduleblacklistconfiguration_1.0.0 [1834]
2023-02-28 05:30:13.682 INFO  [fileinstall-directory-watcher][BundleStartStopLogger:80] STOPPED moduleblacklistconfiguration_1.0.0 [1834]
2023-02-28 05:30:13.903 INFO  [Refresh Thread: Equinox Container: 00d32fd7-ade9-4d7c-b043-a7146b73871e][BundleStartStopLogger:77] STARTED moduleblacklistconfiguration_1.0.0 [1834]
2023-02-28 05:31:59.305 INFO  [fileinstall-directory-watcher][BundleStartStopLogger:80] STOPPED moduleblacklistconfiguration_1.0.0 [1834]
2023-02-28 05:31:59.441 INFO  [Refresh Thread: Equinox Container: 00d32fd7-ade9-4d7c-b043-a7146b73871e][BundleStartStopLogger:77] STARTED moduleblacklistconfiguration_1.0.0 [1834]
2023-02-28 05:46:02.709 INFO  [fileinstall-directory-watcher][BundleStartStopLogger:80] STOPPED moduleblacklistconfiguration_1.0.0 [1834]
2023-02-28 05:46:02.871 INFO  [Refresh Thread: Equinox Container: 00d32fd7-ade9-4d7c-b043-a7146b73871e][BundleStartStopLogger:77] STARTED moduleblacklistconfiguration_1.0.0 [1834]
2023-02-28 05:47:58.209 INFO  [fileinstall-directory-watcher][BundleStartStopLogger:80] STOPPED moduleblacklistconfiguration_1.0.0 [1834]
2023-02-28 05:47:58.335 INFO  [Refresh Thread: Equinox Container: 00d32fd7-ade9-4d7c-b043-a7146b73871e][BundleStartStopLogger:77] STARTED moduleblacklistconfiguration_1.0.0 [1834]
2023-02-28 05:59:31.220 INFO  [fileinstall-directory-watcher][BundleStartStopLogger:80] STOPPED moduleblacklistconfiguration_1.0.0 [1834]
2023-02-28 05:59:31.336 INFO  [Refresh Thread: Equinox Container: 00d32fd7-ade9-4d7c-b043-a7146b73871e][BundleStartStopLogger:77] STARTED moduleblacklistconfiguration_1.0.0 [1834]
2023-02-28 06:14:30.167 INFO  [fileinstall-directory-watcher][BundleStartStopLogger:80] STOPPED moduleblacklistconfiguration_1.0.0 [1834]
2023-02-28 06:14:30.311 INFO  [Refresh Thread: Equinox Container: 00d32fd7-ade9-4d7c-b043-a7146b73871e][BundleStartStopLogger:77] STARTED moduleblacklistconfiguration_1.0.0 [1834]
2023-02-28 11:47:44.969 INFO  [Thread-7][ThemeHotDeployListener:171] 1 theme for module-based-theme was unregistered
2023-02-28 11:47:44.994 INFO  [Thread-7][ThemeHotDeployListener:171] 1 theme for cstheme2-theme was unregistered
2023-02-28 11:47:45.009 INFO  [Thread-7][ThemeHotDeployListener:171] 1 theme for my-liferay-theme was unregistered
2023-02-28 11:47:45.024 INFO  [Thread-7][ThemeHotDeployListener:171] 1 theme for demotheme-theme was unregistered
2023-02-28 11:47:45.055 INFO  [Thread-7][ThemeHotDeployListener:171] 1 theme for democlassictheme-theme was unregistered
2023-02-28 11:47:45.079 INFO  [Thread-7][LayoutTemplateHotDeployListener:156] 1 layout template for LayoutTemplateDemo was unregistered
2023-02-28 11:47:45.104 INFO  [Thread-7][HookHotDeployListener:544] Hook for LangHook was unregistered
2023-02-28 11:47:45.124 INFO  [Thread-7][ThemeHotDeployListener:171] 1 theme for admin-theme was unregistered
2023-02-28 11:47:45.147 INFO  [Thread-7][ThemeHotDeployListener:171] 1 theme for minium-theme was unregistered
2023-02-28 11:47:45.170 INFO  [Thread-7][ThemeHotDeployListener:171] 1 theme for speedwell-theme was unregistered
2023-02-28 11:47:45.193 INFO  [Thread-7][ThemeHotDeployListener:171] 1 theme for dialect-theme was unregistered
2023-02-28 11:47:45.214 INFO  [Thread-7][ThemeHotDeployListener:171] 1 theme for classic-theme was unregistered
