2023-03-29 07:48:57.454 INFO  [main][PortalContextLoaderListener:123] JVM arguments: -Dcatalina.base=/media/root322/Data/Documents/LiferayWorkspace/bundles/tomcat-9.0.56 -Dcatalina.home=/media/root322/Data/Documents/LiferayWorkspace/bundles/tomcat-9.0.56 -Dfile.encoding=UTF8 -Djava.io.tmpdir=/media/root322/Data/Documents/LiferayWorkspace/bundles/tomcat-9.0.56/temp -Djava.net.preferIPv4Stack=true -Djava.util.logging.config.file=/media/root322/Data/Documents/LiferayWorkspace/bundles/tomcat-9.0.56/conf/logging.properties -Djava.util.logging.manager=org.apache.juli.ClassLoaderLogManager -Dorg.apache.catalina.loader.WebappClassLoader.ENABLE_CLEAR_REFERENCES=false -Duser.timezone=GMT -Xmx2560m -XX:MaxMetaspaceSize=768m -XX:MetaspaceSize=768m -javaagent:/snap/intellij-idea-ultimate/418/lib/idea_rt.jar=45783:/snap/intellij-idea-ultimate/418/bin
2023-03-29 07:49:02.113 INFO  [main][DialectDetector:153] Using dialect org.hibernate.dialect.MySQL8Dialect for MySQL 8.0
2023-03-29 07:49:06.643 INFO  [main][ModuleFrameworkImpl:1279] Starting initial bundles
2023-03-29 07:49:07.347 INFO  [ModuleFramework-Static-Bundles-1][InterpolationConfigurationPlugin:109] Configured directory for secrets: /media/root322/Data/Documents/LiferayWorkspace/bundles/osgi/configs
2023-03-29 07:49:10.579 INFO  [ModuleFramework-Static-Bundles-4][DefaultLPKGDeployer:456] Using overriding JAR bundle LPKG-Override::/media/root322/Data/Documents/LiferayWorkspace/bundles/osgi/marketplace/override/com.liferay.document.library.web.jar
2023-03-29 07:49:10.580 INFO  [ModuleFramework-Static-Bundles-4][DefaultLPKGDeployer:456] Using overriding JAR bundle LPKG-Override::/media/root322/Data/Documents/LiferayWorkspace/bundles/osgi/marketplace/override/com.liferay.portal.language.lang.jar
2023-03-29 07:49:10.714 INFO  [main][ModuleFrameworkImpl:1576] Started initial bundles
2023-03-29 07:49:10.715 INFO  [main][ModuleFrameworkImpl:1625] Starting dynamic bundles
2023-03-29 07:49:35.663 INFO  [Start Level: Equinox Container: de20a1f2-20cf-4bf8-814f-16fdafa60274][MessageBusRegistrator:41] Message Listener Registered..com.liferaysavvy.messagebus.event.listener.MessageBusRegisteredParallelMessageListener@d5ea22d
2023-03-29 07:49:35.665 INFO  [Start Level: Equinox Container: de20a1f2-20cf-4bf8-814f-16fdafa60274][MessageBusRegistrator:45] Message Listener Registered..com.liferaysavvy.messagebus.event.listener.MessageBusRegisteredSerialMessageListener@28bb71f5
2023-03-29 07:49:35.666 INFO  [Start Level: Equinox Container: de20a1f2-20cf-4bf8-814f-16fdafa60274][MessageBusRegistrator:49] Message Listener Registered..com.liferaysavvy.messagebus.event.listener.MessageBusRegisteredSynchronousMessageListener@703e2979
2023-03-29 07:49:35.942 INFO  [main][ModuleFrameworkImpl:1647] Started dynamic bundles
2023-03-29 07:49:35.943 INFO  [main][ModuleFrameworkImpl:1654] Starting web bundles
2023-03-29 07:49:40.745 INFO  [main][ModuleFrameworkImpl:1708] Started web bundles
2023-03-29 07:49:40.745 INFO  [main][ModuleFrameworkImpl:278] Navigate to Control Panel > System > Gogo Shell and enter "lb" to see all bundles
2023-03-29 07:49:40.759 INFO  [main][LoggingTimer:83] Starting com.liferay.portal.verify.VerifyProperties#verifySystemProperties
2023-03-29 07:49:40.760 INFO  [main][LoggingTimer:44] Completed com.liferay.portal.verify.VerifyProperties#verifySystemProperties in 1 ms
2023-03-29 07:49:40.760 INFO  [main][LoggingTimer:83] Starting com.liferay.portal.verify.VerifyProperties#verifyPortalProperties
2023-03-29 07:49:40.777 ERROR [main][VerifyProperties:182] Portal property "journal.article.form.add" is obsolete
2023-03-29 07:49:40.778 ERROR [main][VerifyProperties:182] Portal property "journal.article.form.update" is obsolete
2023-03-29 07:49:40.779 ERROR [main][VerifyProperties:182] Portal property "journal.article.form.translate" is obsolete
2023-03-29 07:49:40.780 INFO  [main][LoggingTimer:44] Completed com.liferay.portal.verify.VerifyProperties#verifyPortalProperties in 19 ms
2023-03-29 07:49:40.781 INFO  [main][LoggingTimer:83] Starting com.liferay.portal.verify.VerifyProperties#verifyDocumentLibrary
2023-03-29 07:49:40.781 INFO  [main][LoggingTimer:44] Completed com.liferay.portal.verify.VerifyProperties#verifyDocumentLibrary in 0 ms
2023-03-29 07:49:41.314 INFO  [main][LoggingTimer:83] Starting com.liferay.portal.events.StartupHelperUtil#initResourceActions
2023-03-29 07:49:41.386 INFO  [main][LoggingTimer:44] Completed com.liferay.portal.events.StartupHelperUtil#initResourceActions in 72 ms
2023-03-29 07:49:45.439 WARN  [main][SidecarManager:103] Liferay automatically starts a child process of Elasticsearch named sidecar for convenient development and demonstration purposes. Do NOT use sidecar in production. Refer to the documentation for details on the limitations of sidecar and instructions on configuring a remote Elasticsearch connection in the Control Panel.
2023-03-29 07:50:02.315 INFO  [main][Sidecar:119] Sidecar Elasticsearch liferay started at 127.0.0.1:9501
2023-03-29 07:50:06.270 INFO  [main][MessageBusEventListenerNotification:33] **********Destination Added***********liferay/scripting_executor
2023-03-29 07:50:06.301 INFO  [main][MessageBusEventListenerNotification:33] **********Destination Added***********liferay/adaptive_media_processor
2023-03-29 07:50:06.311 INFO  [main][MessageBusEventListenerNotification:33] **********Destination Added***********liferay/message_bus/default_response
2023-03-29 07:50:06.318 INFO  [main][MessageBusEventListenerNotification:33] **********Destination Added***********liferay/message_bus/message_status
2023-03-29 07:50:06.323 INFO  [main][MessageBusEventListenerNotification:33] **********Destination Added***********liferay/live_users
2023-03-29 07:50:06.326 INFO  [main][MessageBusEventListenerNotification:33] **********Destination Added***********liferay/document_library_audio_processor
2023-03-29 07:50:06.330 INFO  [main][MessageBusEventListenerNotification:33] **********Destination Added***********liferay/async_service
2023-03-29 07:50:06.333 INFO  [main][MessageBusEventListenerNotification:33] **********Destination Added***********liferay/layouts_local_publisher
2023-03-29 07:50:06.337 INFO  [main][MessageBusEventListenerNotification:33] **********Destination Added***********liferay/convert_process
2023-03-29 07:50:06.340 INFO  [main][MessageBusEventListenerNotification:33] **********Destination Added***********liferay/document_library_pdf_processor
2023-03-29 07:50:06.343 INFO  [main][MessageBusEventListenerNotification:33] **********Destination Added***********liferay/subscription_clean_up
2023-03-29 07:50:06.347 INFO  [main][MessageBusEventListenerNotification:33] **********Destination Added***********liferay/document_library_video_processor
2023-03-29 07:50:06.350 INFO  [main][MessageBusEventListenerNotification:33] **********Destination Added***********liferay/document_library_raw_metadata_processor
2023-03-29 07:50:06.353 INFO  [main][MessageBusEventListenerNotification:33] **********Destination Added***********liferay/document_library_image_processor
2023-03-29 07:50:06.356 INFO  [main][MessageBusEventListenerNotification:33] **********Destination Added***********liferay/message_boards_mailing_list
2023-03-29 07:50:06.361 INFO  [main][MessageBusEventListenerNotification:33] **********Destination Added***********liferay/subscription_sender
2023-03-29 07:50:06.364 INFO  [main][MessageBusEventListenerNotification:33] **********Destination Added***********liferay/hot_deploy
2023-03-29 07:50:06.368 INFO  [main][MessageBusEventListenerNotification:33] **********Destination Added***********liferay/layouts_remote_publisher
2023-03-29 07:50:06.394 INFO  [main][MessageBusEventListenerNotification:33] **********Destination Added***********liferay/poller_comet_response
2023-03-29 07:50:06.398 INFO  [main][MessageBusEventListenerNotification:33] **********Destination Added***********liferay/poller_response
2023-03-29 07:50:06.401 INFO  [main][MessageBusEventListenerNotification:33] **********Destination Added***********liferay/poller
2023-03-29 07:50:06.411 INFO  [main][MessageBusEventListenerNotification:33] **********Destination Added***********liferay/workflow_definition
2023-03-29 07:50:06.414 INFO  [main][MessageBusEventListenerNotification:33] **********Destination Added***********liferay/workflow_instance
2023-03-29 07:50:06.418 INFO  [main][MessageBusEventListenerNotification:33] **********Destination Added***********liferay/workflow_log
2023-03-29 07:50:06.430 INFO  [main][MessageBusEventListenerNotification:33] **********Destination Added***********liferay/workflow_task
2023-03-29 07:50:06.438 INFO  [main][MessageBusEventListenerNotification:33] **********Destination Added***********liferay/workflow_engine
2023-03-29 07:50:06.445 INFO  [main][MessageBusEventListenerNotification:33] **********Destination Added***********liferay/workflow_comparator
2023-03-29 07:50:06.448 INFO  [main][MessageBusEventListenerNotification:33] **********Destination Added***********liferay/workflow_status
2023-03-29 07:50:06.452 INFO  [main][MessageBusEventListenerNotification:33] **********Destination Added***********liferay/mail
2023-03-29 07:50:06.458 INFO  [main][MessageBusEventListenerNotification:33] **********Destination Added***********liferay/ddm_structure_reindex
2023-03-29 07:50:06.476 INFO  [main][MessageBusEventListenerNotification:33] **********Destination Added***********liferay/tensorflow_model_download
2023-03-29 07:50:06.482 INFO  [main][MessageBusEventListenerNotification:33] **********Destination Added***********liferay/commerce_base_price_list
2023-03-29 07:50:06.495 INFO  [main][MessageBusEventListenerNotification:33] **********Destination Added***********liferay/commerce_order_status
2023-03-29 07:50:06.498 INFO  [main][MessageBusEventListenerNotification:33] **********Destination Added***********liferay/commerce_payment_status
2023-03-29 07:50:06.502 INFO  [main][MessageBusEventListenerNotification:33] **********Destination Added***********liferay/commerce_shipment_status
2023-03-29 07:50:06.506 INFO  [main][MessageBusEventListenerNotification:33] **********Destination Added***********liferay/commerce_subscription_status
2023-03-29 07:50:06.511 INFO  [main][MessageBusEventListenerNotification:33] **********Destination Added***********liferay/analytics_messages_processor
2023-03-29 07:50:06.517 INFO  [main][MessageBusEventListenerNotification:33] **********Destination Added***********liferay/audit
2023-03-29 07:50:06.522 INFO  [main][MessageBusEventListenerNotification:33] **********Destination Added***********liferay/segments_entry_reindex
2023-03-29 07:50:06.530 INFO  [main][MessageBusEventListenerNotification:33] **********Destination Added***********liferay/interest_terms
2023-03-29 07:50:06.541 INFO  [main][MessageBusEventListenerNotification:33] **********Destination Added***********liferay/search_reader/SYSTEM_ENGINE
2023-03-29 07:50:06.545 INFO  [main][MessageBusEventListenerNotification:33] **********Destination Added***********liferay/search_writer/SYSTEM_ENGINE
2023-03-29 07:50:07.146 INFO  [main][MessageBusEventListenerNotification:33] **********Destination Added***********liferay/search_reader/GENERIC_ENGINE
2023-03-29 07:50:07.150 INFO  [main][MessageBusEventListenerNotification:33] **********Destination Added***********liferay/search_writer/GENERIC_ENGINE
2023-03-29 07:50:07.155 INFO  [main][ParellelDestinationConfig:83] Destination is creared ..liferaysavvy/parallel-destination
2023-03-29 07:50:07.156 INFO  [main][MessageBusEventListenerNotification:33] **********Destination Added***********liferaysavvy/parallel-destination
2023-03-29 07:50:07.158 INFO  [main][ParellelDestinationConfig:90] Destination is registred with Service Regisration ..
2023-03-29 07:50:07.161 INFO  [main][SerialDestinationConfig:83] Destination is creared ..liferaysavvy/serial-destination
2023-03-29 07:50:07.162 INFO  [main][MessageBusEventListenerNotification:33] **********Destination Added***********liferaysavvy/serial-destination
2023-03-29 07:50:07.164 INFO  [main][SerialDestinationConfig:90] Destination is registred with Service Regisration ..
2023-03-29 07:50:07.166 INFO  [main][SynchronousDestinationConfig:83] Destination is creared ..liferaysavvy/synchronous-destination
2023-03-29 07:50:07.168 INFO  [main][MessageBusEventListenerNotification:33] **********Destination Added***********liferaysavvy/synchronous-destination
2023-03-29 07:50:07.173 INFO  [main][DestinationListenerRegistrator:41] Message Listener Registered..com.liferaysavvy.messagebus.event.listener.DestinationRegisteredParallelMessageListener@46de0f1
2023-03-29 07:50:07.174 INFO  [main][DestinationListenerRegistrator:45] Message Listener Registered..com.liferaysavvy.messagebus.event.listener.DestinationRegisteredSerialMessageListener@2288e1fc
2023-03-29 07:50:07.175 INFO  [main][DestinationListenerRegistrator:49] Message Listener Registered..com.liferaysavvy.messagebus.event.listener.DestinationRegisteredSynchronousMessageListener@16b512d5
2023-03-29 07:50:07.176 INFO  [main][SynchronousDestinationConfig:90] Destination is registred with Service Regisration ..
2023-03-29 07:50:07.179 INFO  [main][MessageBusEventListenerNotification:33] **********Destination Added***********liferay/export_import_lifecycle_event_async
2023-03-29 07:50:07.184 INFO  [main][MessageBusEventListenerNotification:33] **********Destination Added***********liferay/export_import_lifecycle_event_sync
2023-03-29 07:50:07.189 INFO  [main][MessageBusEventListenerNotification:33] **********Destination Added***********liferay/scheduled_user_ldap_import
2023-03-29 07:50:07.194 INFO  [main][MessageBusEventListenerNotification:33] **********Destination Added***********liferay/monitoring
2023-03-29 07:50:07.796 INFO  [main][MessageBusEventListenerNotification:33] **********Destination Added***********liferay/flags
2023-03-29 07:50:09.980 INFO  [main][StartupHelperUtil:86] There are no patches installed
2023-03-29 07:50:10.021 INFO  [main][LoggingTimer:83] Starting com.liferay.portal.events.StartupHelperUtil#initResourceActions
2023-03-29 07:50:10.048 INFO  [main][LoggingTimer:44] Completed com.liferay.portal.events.StartupHelperUtil#initResourceActions in 27 ms
2023-03-29 07:50:10.054 INFO  [main][MessageBusEventListenerNotification:33] **********Destination Added***********liferay/lcs_status
2023-03-29 07:50:10.152 INFO  [main][LicenseManager:-1] Digital Enterprise Development license validation passed
2023-03-29 07:50:11.341 INFO  [main][LicenseManager:-1] RTG Survey license validation passed
2023-03-29 07:50:11.957 INFO  [main][AutoDeployDir:176] Auto deploy scanner started for /media/root322/Data/Documents/LiferayWorkspace/bundles/deploy
2023-03-29 07:50:44.317 INFO  [com.liferay.portal.osgi.web.wab.extender.internal.WabFactory-BundleTrackerOpener][ThemeHotDeployListener:108] 1 theme for classic-theme is available for use
2023-03-29 07:50:44.456 INFO  [com.liferay.portal.osgi.web.wab.extender.internal.WabFactory-BundleTrackerOpener][ThemeHotDeployListener:108] 1 theme for dialect-theme is available for use
2023-03-29 07:50:44.601 INFO  [com.liferay.portal.osgi.web.wab.extender.internal.WabFactory-BundleTrackerOpener][ThemeHotDeployListener:108] 1 theme for speedwell-theme is available for use
2023-03-29 07:50:44.709 INFO  [com.liferay.portal.osgi.web.wab.extender.internal.WabFactory-BundleTrackerOpener][ThemeHotDeployListener:108] 1 theme for minium-theme is available for use
2023-03-29 07:50:44.827 INFO  [com.liferay.portal.osgi.web.wab.extender.internal.WabFactory-BundleTrackerOpener][ThemeHotDeployListener:108] 1 theme for admin-theme is available for use
2023-03-29 07:50:44.962 INFO  [com.liferay.portal.osgi.web.wab.extender.internal.WabFactory-BundleTrackerOpener][HookHotDeployListener:496] Hook for LangHook is available for use
2023-03-29 07:50:45.069 INFO  [com.liferay.portal.osgi.web.wab.extender.internal.WabFactory-BundleTrackerOpener][LayoutTemplateHotDeployListener:107] 1 layout template for LayoutTemplateDemo is available for use
2023-03-29 07:50:45.154 INFO  [com.liferay.portal.osgi.web.wab.extender.internal.WabFactory-BundleTrackerOpener][ThemeHotDeployListener:108] 1 theme for democlassictheme-theme is available for use
2023-03-29 07:50:45.266 INFO  [com.liferay.portal.osgi.web.wab.extender.internal.WabFactory-BundleTrackerOpener][ThemeHotDeployListener:108] 1 theme for demotheme-theme is available for use
2023-03-29 07:50:45.352 INFO  [com.liferay.portal.osgi.web.wab.extender.internal.WabFactory-BundleTrackerOpener][ThemeHotDeployListener:108] 1 theme for my-liferay-theme is available for use
2023-03-29 07:50:45.538 INFO  [com.liferay.portal.osgi.web.wab.extender.internal.WabFactory-BundleTrackerOpener][ThemeHotDeployListener:108] 1 theme for cstheme2-theme is available for use
2023-03-29 07:50:45.669 INFO  [com.liferay.portal.osgi.web.wab.extender.internal.WabFactory-BundleTrackerOpener][ThemeHotDeployListener:108] 1 theme for module-based-theme is available for use
2023-03-29 07:50:46.271 INFO  [com.liferay.portal.osgi.web.wab.extender.internal.WabFactory-BundleTrackerOpener][HookHotDeployListener:496] Hook for rtg-survey-portlet is available for use
2023-03-29 07:50:46.389 INFO  [com.liferay.portal.osgi.web.wab.extender.internal.WabFactory-BundleTrackerOpener][PortletHotDeployListener:305] 3 portlets for rtg-survey-portlet are available for use
2023-03-29 07:50:46.391 INFO  [com.liferay.portal.osgi.web.wab.extender.internal.WabFactory-BundleTrackerOpener][SocialHotDeployListener:98] Social for rtg-survey-portlet is available for use
2023-03-29 08:58:03.732 WARN  [PersistedQuartzSchedulerEngineInstance_QuartzSchedulerThread][ProxyConnection:182] HikariPool-1 - Connection com.mysql.cj.jdbc.ConnectionImpl@501c4cbb marked as broken because of SQLSTATE(08S01), ErrorCode(0)
com.liferay.portal.kernel.log.LogSanitizerException: com.mysql.cj.jdbc.exceptions.CommunicationsException: Communications link failure__The last packet successfully received from the server was 3 milliseconds ago. The last packet sent successfully to the server was 3 milliseconds ago. [Sanitized]
	at com.mysql.cj.jdbc.exceptions.SQLError.createCommunicationsException(SQLError.java:174) ~[mysql.jar:8.0.29]
	at com.mysql.cj.jdbc.exceptions.SQLExceptionsMapping.translateException(SQLExceptionsMapping.java:64) ~[mysql.jar:8.0.29]
	at com.mysql.cj.jdbc.ConnectionImpl.setAutoCommit(ConnectionImpl.java:2050) ~[mysql.jar:8.0.29]
	at com.zaxxer.hikari.pool.ProxyConnection.setAutoCommit(ProxyConnection.java:414) [hikaricp.jar:?]
	at com.zaxxer.hikari.pool.HikariProxyConnection.setAutoCommit(HikariProxyConnection.java) [hikaricp.jar:?]
	at org.springframework.jdbc.datasource.LazyConnectionDataSourceProxy$LazyConnectionInvocationHandler.getTargetConnection(LazyConnectionDataSourceProxy.java:432) [spring-jdbc.jar:5.2.22.RELEASE]
	at org.springframework.jdbc.datasource.LazyConnectionDataSourceProxy$LazyConnectionInvocationHandler.invoke(LazyConnectionDataSourceProxy.java:385) [spring-jdbc.jar:5.2.22.RELEASE]
	at com.sun.proxy.$Proxy70.prepareStatement(Unknown Source) [?:?]
	at jdk.internal.reflect.GeneratedMethodAccessor112.invoke(Unknown Source) ~[?:?]
	at jdk.internal.reflect.DelegatingMethodAccessorImpl.invoke(DelegatingMethodAccessorImpl.java:43) ~[?:?]
	at java.lang.reflect.Method.invoke(Method.java:566) ~[?:?]
	at org.quartz.impl.jdbcjobstore.AttributeRestoringConnectionInvocationHandler.invoke(AttributeRestoringConnectionInvocationHandler.java:73) [bundleFile:?]
	at com.sun.proxy.$Proxy1529.prepareStatement(Unknown Source) [?:?]
	at org.quartz.impl.jdbcjobstore.StdJDBCDelegate.selectTriggerToAcquire(StdJDBCDelegate.java:2557) [bundleFile:?]
	at org.quartz.impl.jdbcjobstore.JobStoreSupport.acquireNextTrigger(JobStoreSupport.java:2778) [bundleFile:?]
	at org.quartz.impl.jdbcjobstore.JobStoreSupport$41.execute(JobStoreSupport.java:2755) [bundleFile:?]
	at org.quartz.impl.jdbcjobstore.JobStoreSupport.executeInNonManagedTXLock(JobStoreSupport.java:3798) [bundleFile:?]
	at org.quartz.impl.jdbcjobstore.JobStoreSupport.acquireNextTriggers(JobStoreSupport.java:2751) [bundleFile:?]
	at org.quartz.core.QuartzSchedulerThread.run(QuartzSchedulerThread.java:264) [bundleFile:?]
Caused by: com.liferay.portal.kernel.log.LogSanitizerException: com.mysql.cj.exceptions.CJCommunicationsException: Communications link failure__The last packet successfully received from the server was 3 milliseconds ago. The last packet sent successfully to the server was 3 milliseconds ago. [Sanitized]
	at jdk.internal.reflect.NativeConstructorAccessorImpl.newInstance0(Native Method) ~[?:?]
	at jdk.internal.reflect.NativeConstructorAccessorImpl.newInstance(NativeConstructorAccessorImpl.java:62) ~[?:?]
	at jdk.internal.reflect.DelegatingConstructorAccessorImpl.newInstance(DelegatingConstructorAccessorImpl.java:45) ~[?:?]
	at java.lang.reflect.Constructor.newInstance(Constructor.java:490) ~[?:?]
	at com.mysql.cj.exceptions.ExceptionFactory.createException(ExceptionFactory.java:61) ~[mysql.jar:8.0.29]
	at com.mysql.cj.exceptions.ExceptionFactory.createException(ExceptionFactory.java:105) ~[mysql.jar:8.0.29]
	at com.mysql.cj.exceptions.ExceptionFactory.createException(ExceptionFactory.java:151) ~[mysql.jar:8.0.29]
	at com.mysql.cj.exceptions.ExceptionFactory.createCommunicationsException(ExceptionFactory.java:167) ~[mysql.jar:8.0.29]
	at com.mysql.cj.protocol.a.NativeProtocol.readMessage(NativeProtocol.java:581) ~[mysql.jar:8.0.29]
	at com.mysql.cj.protocol.a.NativeProtocol.checkErrorMessage(NativeProtocol.java:761) ~[mysql.jar:8.0.29]
	at com.mysql.cj.protocol.a.NativeProtocol.sendCommand(NativeProtocol.java:700) ~[mysql.jar:8.0.29]
	at com.mysql.cj.protocol.a.NativeProtocol.sendQueryPacket(NativeProtocol.java:1051) ~[mysql.jar:8.0.29]
	at com.mysql.cj.protocol.a.NativeProtocol.sendQueryString(NativeProtocol.java:997) ~[mysql.jar:8.0.29]
	at com.mysql.cj.NativeSession.execSQL(NativeSession.java:663) ~[mysql.jar:8.0.29]
	at com.mysql.cj.jdbc.ConnectionImpl.setAutoCommit(ConnectionImpl.java:2033) ~[mysql.jar:8.0.29]
	... 16 more
Caused by: java.io.EOFException: Can not read response from server. Expected to read 4 bytes, read 0 bytes before connection was unexpectedly lost.
	at com.mysql.cj.protocol.FullReadInputStream.readFully(FullReadInputStream.java:67) ~[mysql.jar:8.0.29]
	at com.mysql.cj.protocol.a.SimplePacketReader.readHeaderLocal(SimplePacketReader.java:81) ~[mysql.jar:8.0.29]
	at com.mysql.cj.protocol.a.SimplePacketReader.readHeader(SimplePacketReader.java:63) ~[mysql.jar:8.0.29]
	at com.mysql.cj.protocol.a.SimplePacketReader.readHeader(SimplePacketReader.java:45) ~[mysql.jar:8.0.29]
	at com.mysql.cj.protocol.a.TimeTrackingPacketReader.readHeader(TimeTrackingPacketReader.java:52) ~[mysql.jar:8.0.29]
	at com.mysql.cj.protocol.a.TimeTrackingPacketReader.readHeader(TimeTrackingPacketReader.java:41) ~[mysql.jar:8.0.29]
	at com.mysql.cj.protocol.a.MultiPacketReader.readHeader(MultiPacketReader.java:54) ~[mysql.jar:8.0.29]
	at com.mysql.cj.protocol.a.MultiPacketReader.readHeader(MultiPacketReader.java:44) ~[mysql.jar:8.0.29]
	at com.mysql.cj.protocol.a.NativeProtocol.readMessage(NativeProtocol.java:575) ~[mysql.jar:8.0.29]
	at com.mysql.cj.protocol.a.NativeProtocol.checkErrorMessage(NativeProtocol.java:761) ~[mysql.jar:8.0.29]
	at com.mysql.cj.protocol.a.NativeProtocol.sendCommand(NativeProtocol.java:700) ~[mysql.jar:8.0.29]
	at com.mysql.cj.protocol.a.NativeProtocol.sendQueryPacket(NativeProtocol.java:1051) ~[mysql.jar:8.0.29]
	at com.mysql.cj.protocol.a.NativeProtocol.sendQueryString(NativeProtocol.java:997) ~[mysql.jar:8.0.29]
	at com.mysql.cj.NativeSession.execSQL(NativeSession.java:663) ~[mysql.jar:8.0.29]
	at com.mysql.cj.jdbc.ConnectionImpl.setAutoCommit(ConnectionImpl.java:2033) ~[mysql.jar:8.0.29]
	... 16 more
2023-03-29 08:58:03.772 ERROR [PersistedQuartzSchedulerEngineInstance_QuartzSchedulerThread][PortalJobStore:3641] Couldn't rollback jdbc connection. Connection is closed
java.sql.SQLException: Connection is closed
	at com.zaxxer.hikari.pool.ProxyConnection$ClosedConnection.lambda$getClosedConnection$0(ProxyConnection.java:515) ~[hikaricp.jar:?]
	at com.sun.proxy.$Proxy27.rollback(Unknown Source) ~[?:?]
	at com.zaxxer.hikari.pool.ProxyConnection.rollback(ProxyConnection.java:396) ~[hikaricp.jar:?]
	at com.zaxxer.hikari.pool.HikariProxyConnection.rollback(HikariProxyConnection.java) ~[hikaricp.jar:?]
	at jdk.internal.reflect.NativeMethodAccessorImpl.invoke0(Native Method) ~[?:?]
	at jdk.internal.reflect.NativeMethodAccessorImpl.invoke(NativeMethodAccessorImpl.java:62) ~[?:?]
	at jdk.internal.reflect.DelegatingMethodAccessorImpl.invoke(DelegatingMethodAccessorImpl.java:43) ~[?:?]
	at java.lang.reflect.Method.invoke(Method.java:566) ~[?:?]
	at org.springframework.jdbc.datasource.LazyConnectionDataSourceProxy$LazyConnectionInvocationHandler.invoke(LazyConnectionDataSourceProxy.java:385) ~[spring-jdbc.jar:5.2.22.RELEASE]
	at com.sun.proxy.$Proxy70.rollback(Unknown Source) ~[?:?]
	at jdk.internal.reflect.NativeMethodAccessorImpl.invoke0(Native Method) ~[?:?]
	at jdk.internal.reflect.NativeMethodAccessorImpl.invoke(NativeMethodAccessorImpl.java:62) ~[?:?]
	at jdk.internal.reflect.DelegatingMethodAccessorImpl.invoke(DelegatingMethodAccessorImpl.java:43) ~[?:?]
	at java.lang.reflect.Method.invoke(Method.java:566) ~[?:?]
	at org.quartz.impl.jdbcjobstore.AttributeRestoringConnectionInvocationHandler.invoke(AttributeRestoringConnectionInvocationHandler.java:73) ~[bundleFile:?]
	at com.sun.proxy.$Proxy1529.rollback(Unknown Source) ~[?:?]
	at org.quartz.impl.jdbcjobstore.JobStoreSupport.rollbackConnection(JobStoreSupport.java:3639) [bundleFile:?]
	at org.quartz.impl.jdbcjobstore.JobStoreSupport.executeInNonManagedTXLock(JobStoreSupport.java:3808) [bundleFile:?]
	at org.quartz.impl.jdbcjobstore.JobStoreSupport.acquireNextTriggers(JobStoreSupport.java:2751) [bundleFile:?]
	at org.quartz.core.QuartzSchedulerThread.run(QuartzSchedulerThread.java:264) [bundleFile:?]
2023-03-29 08:58:03.799 ERROR [PersistedQuartzSchedulerEngineInstance_QuartzSchedulerThread][ErrorLogger:2361] An error occurred while scanning for the next triggers to fire.
com.liferay.portal.kernel.log.LogSanitizerException: org.quartz.JobPersistenceException: Couldn't acquire next trigger: Communications link failure__The last packet successfully received from the server was 3 milliseconds ago. The last packet sent successfully to the server was 3 milliseconds ago. [See nested exception: com.mysql.cj.jdbc.exceptions.CommunicationsException: Communications link failure__The last packet successfully received from the server was 3 milliseconds ago. The last packet sent successfully to the server was 3 milliseconds ago.] [Sanitized]
	at org.quartz.impl.jdbcjobstore.JobStoreSupport.acquireNextTrigger(JobStoreSupport.java:2827) ~[bundleFile:?]
	at org.quartz.impl.jdbcjobstore.JobStoreSupport$41.execute(JobStoreSupport.java:2755) ~[bundleFile:?]
	at org.quartz.impl.jdbcjobstore.JobStoreSupport.executeInNonManagedTXLock(JobStoreSupport.java:3798) ~[bundleFile:?]
	at org.quartz.impl.jdbcjobstore.JobStoreSupport.acquireNextTriggers(JobStoreSupport.java:2751) ~[bundleFile:?]
	at org.quartz.core.QuartzSchedulerThread.run(QuartzSchedulerThread.java:264) [bundleFile:?]
Caused by: com.liferay.portal.kernel.log.LogSanitizerException: com.mysql.cj.jdbc.exceptions.CommunicationsException: Communications link failure__The last packet successfully received from the server was 3 milliseconds ago. The last packet sent successfully to the server was 3 milliseconds ago. [Sanitized]
	at com.mysql.cj.jdbc.exceptions.SQLError.createCommunicationsException(SQLError.java:174) ~[mysql.jar:8.0.29]
	at com.mysql.cj.jdbc.exceptions.SQLExceptionsMapping.translateException(SQLExceptionsMapping.java:64) ~[mysql.jar:8.0.29]
	at com.mysql.cj.jdbc.ConnectionImpl.setAutoCommit(ConnectionImpl.java:2050) ~[mysql.jar:8.0.29]
	at com.zaxxer.hikari.pool.ProxyConnection.setAutoCommit(ProxyConnection.java:414) ~[hikaricp.jar:?]
	at com.zaxxer.hikari.pool.HikariProxyConnection.setAutoCommit(HikariProxyConnection.java) ~[hikaricp.jar:?]
	at org.springframework.jdbc.datasource.LazyConnectionDataSourceProxy$LazyConnectionInvocationHandler.getTargetConnection(LazyConnectionDataSourceProxy.java:432) ~[spring-jdbc.jar:5.2.22.RELEASE]
	at org.springframework.jdbc.datasource.LazyConnectionDataSourceProxy$LazyConnectionInvocationHandler.invoke(LazyConnectionDataSourceProxy.java:385) ~[spring-jdbc.jar:5.2.22.RELEASE]
	at com.sun.proxy.$Proxy70.prepareStatement(Unknown Source) ~[?:?]
	at jdk.internal.reflect.GeneratedMethodAccessor112.invoke(Unknown Source) ~[?:?]
	at jdk.internal.reflect.DelegatingMethodAccessorImpl.invoke(DelegatingMethodAccessorImpl.java:43) ~[?:?]
	at java.lang.reflect.Method.invoke(Method.java:566) ~[?:?]
	at org.quartz.impl.jdbcjobstore.AttributeRestoringConnectionInvocationHandler.invoke(AttributeRestoringConnectionInvocationHandler.java:73) ~[bundleFile:?]
	at com.sun.proxy.$Proxy1529.prepareStatement(Unknown Source) ~[?:?]
	at org.quartz.impl.jdbcjobstore.StdJDBCDelegate.selectTriggerToAcquire(StdJDBCDelegate.java:2557) ~[bundleFile:?]
	at org.quartz.impl.jdbcjobstore.JobStoreSupport.acquireNextTrigger(JobStoreSupport.java:2778) ~[bundleFile:?]
	... 4 more
Caused by: com.liferay.portal.kernel.log.LogSanitizerException: com.mysql.cj.exceptions.CJCommunicationsException: Communications link failure__The last packet successfully received from the server was 3 milliseconds ago. The last packet sent successfully to the server was 3 milliseconds ago. [Sanitized]
	at jdk.internal.reflect.NativeConstructorAccessorImpl.newInstance0(Native Method) ~[?:?]
	at jdk.internal.reflect.NativeConstructorAccessorImpl.newInstance(NativeConstructorAccessorImpl.java:62) ~[?:?]
	at jdk.internal.reflect.DelegatingConstructorAccessorImpl.newInstance(DelegatingConstructorAccessorImpl.java:45) ~[?:?]
	at java.lang.reflect.Constructor.newInstance(Constructor.java:490) ~[?:?]
	at com.mysql.cj.exceptions.ExceptionFactory.createException(ExceptionFactory.java:61) ~[mysql.jar:8.0.29]
	at com.mysql.cj.exceptions.ExceptionFactory.createException(ExceptionFactory.java:105) ~[mysql.jar:8.0.29]
	at com.mysql.cj.exceptions.ExceptionFactory.createException(ExceptionFactory.java:151) ~[mysql.jar:8.0.29]
	at com.mysql.cj.exceptions.ExceptionFactory.createCommunicationsException(ExceptionFactory.java:167) ~[mysql.jar:8.0.29]
	at com.mysql.cj.protocol.a.NativeProtocol.readMessage(NativeProtocol.java:581) ~[mysql.jar:8.0.29]
	at com.mysql.cj.protocol.a.NativeProtocol.checkErrorMessage(NativeProtocol.java:761) ~[mysql.jar:8.0.29]
	at com.mysql.cj.protocol.a.NativeProtocol.sendCommand(NativeProtocol.java:700) ~[mysql.jar:8.0.29]
	at com.mysql.cj.protocol.a.NativeProtocol.sendQueryPacket(NativeProtocol.java:1051) ~[mysql.jar:8.0.29]
	at com.mysql.cj.protocol.a.NativeProtocol.sendQueryString(NativeProtocol.java:997) ~[mysql.jar:8.0.29]
	at com.mysql.cj.NativeSession.execSQL(NativeSession.java:663) ~[mysql.jar:8.0.29]
	at com.mysql.cj.jdbc.ConnectionImpl.setAutoCommit(ConnectionImpl.java:2033) ~[mysql.jar:8.0.29]
	at com.zaxxer.hikari.pool.ProxyConnection.setAutoCommit(ProxyConnection.java:414) ~[hikaricp.jar:?]
	at com.zaxxer.hikari.pool.HikariProxyConnection.setAutoCommit(HikariProxyConnection.java) ~[hikaricp.jar:?]
	at org.springframework.jdbc.datasource.LazyConnectionDataSourceProxy$LazyConnectionInvocationHandler.getTargetConnection(LazyConnectionDataSourceProxy.java:432) ~[spring-jdbc.jar:5.2.22.RELEASE]
	at org.springframework.jdbc.datasource.LazyConnectionDataSourceProxy$LazyConnectionInvocationHandler.invoke(LazyConnectionDataSourceProxy.java:385) ~[spring-jdbc.jar:5.2.22.RELEASE]
	at com.sun.proxy.$Proxy70.prepareStatement(Unknown Source) ~[?:?]
	at jdk.internal.reflect.GeneratedMethodAccessor112.invoke(Unknown Source) ~[?:?]
	at jdk.internal.reflect.DelegatingMethodAccessorImpl.invoke(DelegatingMethodAccessorImpl.java:43) ~[?:?]
	at java.lang.reflect.Method.invoke(Method.java:566) ~[?:?]
	at org.quartz.impl.jdbcjobstore.AttributeRestoringConnectionInvocationHandler.invoke(AttributeRestoringConnectionInvocationHandler.java:73) ~[bundleFile:?]
	at com.sun.proxy.$Proxy1529.prepareStatement(Unknown Source) ~[?:?]
	at org.quartz.impl.jdbcjobstore.StdJDBCDelegate.selectTriggerToAcquire(StdJDBCDelegate.java:2557) ~[bundleFile:?]
	at org.quartz.impl.jdbcjobstore.JobStoreSupport.acquireNextTrigger(JobStoreSupport.java:2778) ~[bundleFile:?]
	... 4 more
Caused by: java.io.EOFException: Can not read response from server. Expected to read 4 bytes, read 0 bytes before connection was unexpectedly lost.
	at com.mysql.cj.protocol.FullReadInputStream.readFully(FullReadInputStream.java:67) ~[mysql.jar:8.0.29]
	at com.mysql.cj.protocol.a.SimplePacketReader.readHeaderLocal(SimplePacketReader.java:81) ~[mysql.jar:8.0.29]
	at com.mysql.cj.protocol.a.SimplePacketReader.readHeader(SimplePacketReader.java:63) ~[mysql.jar:8.0.29]
	at com.mysql.cj.protocol.a.SimplePacketReader.readHeader(SimplePacketReader.java:45) ~[mysql.jar:8.0.29]
	at com.mysql.cj.protocol.a.TimeTrackingPacketReader.readHeader(TimeTrackingPacketReader.java:52) ~[mysql.jar:8.0.29]
	at com.mysql.cj.protocol.a.TimeTrackingPacketReader.readHeader(TimeTrackingPacketReader.java:41) ~[mysql.jar:8.0.29]
	at com.mysql.cj.protocol.a.MultiPacketReader.readHeader(MultiPacketReader.java:54) ~[mysql.jar:8.0.29]
	at com.mysql.cj.protocol.a.MultiPacketReader.readHeader(MultiPacketReader.java:44) ~[mysql.jar:8.0.29]
	at com.mysql.cj.protocol.a.NativeProtocol.readMessage(NativeProtocol.java:575) ~[mysql.jar:8.0.29]
	at com.mysql.cj.protocol.a.NativeProtocol.checkErrorMessage(NativeProtocol.java:761) ~[mysql.jar:8.0.29]
	at com.mysql.cj.protocol.a.NativeProtocol.sendCommand(NativeProtocol.java:700) ~[mysql.jar:8.0.29]
	at com.mysql.cj.protocol.a.NativeProtocol.sendQueryPacket(NativeProtocol.java:1051) ~[mysql.jar:8.0.29]
	at com.mysql.cj.protocol.a.NativeProtocol.sendQueryString(NativeProtocol.java:997) ~[mysql.jar:8.0.29]
	at com.mysql.cj.NativeSession.execSQL(NativeSession.java:663) ~[mysql.jar:8.0.29]
	at com.mysql.cj.jdbc.ConnectionImpl.setAutoCommit(ConnectionImpl.java:2033) ~[mysql.jar:8.0.29]
	at com.zaxxer.hikari.pool.ProxyConnection.setAutoCommit(ProxyConnection.java:414) ~[hikaricp.jar:?]
	at com.zaxxer.hikari.pool.HikariProxyConnection.setAutoCommit(HikariProxyConnection.java) ~[hikaricp.jar:?]
	at org.springframework.jdbc.datasource.LazyConnectionDataSourceProxy$LazyConnectionInvocationHandler.getTargetConnection(LazyConnectionDataSourceProxy.java:432) ~[spring-jdbc.jar:5.2.22.RELEASE]
	at org.springframework.jdbc.datasource.LazyConnectionDataSourceProxy$LazyConnectionInvocationHandler.invoke(LazyConnectionDataSourceProxy.java:385) ~[spring-jdbc.jar:5.2.22.RELEASE]
	at com.sun.proxy.$Proxy70.prepareStatement(Unknown Source) ~[?:?]
	at jdk.internal.reflect.GeneratedMethodAccessor112.invoke(Unknown Source) ~[?:?]
	at jdk.internal.reflect.DelegatingMethodAccessorImpl.invoke(DelegatingMethodAccessorImpl.java:43) ~[?:?]
	at java.lang.reflect.Method.invoke(Method.java:566) ~[?:?]
	at org.quartz.impl.jdbcjobstore.AttributeRestoringConnectionInvocationHandler.invoke(AttributeRestoringConnectionInvocationHandler.java:73) ~[bundleFile:?]
	at com.sun.proxy.$Proxy1529.prepareStatement(Unknown Source) ~[?:?]
	at org.quartz.impl.jdbcjobstore.StdJDBCDelegate.selectTriggerToAcquire(StdJDBCDelegate.java:2557) ~[bundleFile:?]
	at org.quartz.impl.jdbcjobstore.JobStoreSupport.acquireNextTrigger(JobStoreSupport.java:2778) ~[bundleFile:?]
	... 4 more
2023-03-29 08:58:06.273 INFO  [Thread-7][SocialHotDeployListener:154] Social for rtg-survey-portlet was unregistered
2023-03-29 08:58:06.328 WARN  [Thread-7][PoolBase:184] HikariPool-1 - Failed to validate connection com.mysql.cj.jdbc.ConnectionImpl@2cd438da (No operations allowed after connection closed.). Possibly consider using a shorter maxLifetime value.
2023-03-29 08:58:06.335 WARN  [Thread-7][PoolBase:184] HikariPool-1 - Failed to validate connection com.mysql.cj.jdbc.ConnectionImpl@1fba1b2b (No operations allowed after connection closed.). Possibly consider using a shorter maxLifetime value.
2023-03-29 08:58:06.337 WARN  [Thread-7][PoolBase:184] HikariPool-1 - Failed to validate connection com.mysql.cj.jdbc.ConnectionImpl@3fd60350 (No operations allowed after connection closed.). Possibly consider using a shorter maxLifetime value.
2023-03-29 08:58:06.339 WARN  [Thread-7][PoolBase:184] HikariPool-1 - Failed to validate connection com.mysql.cj.jdbc.ConnectionImpl@4bae7fac (No operations allowed after connection closed.). Possibly consider using a shorter maxLifetime value.
2023-03-29 08:58:06.340 WARN  [Thread-7][PoolBase:184] HikariPool-1 - Failed to validate connection com.mysql.cj.jdbc.ConnectionImpl@46b19ceb (No operations allowed after connection closed.). Possibly consider using a shorter maxLifetime value.
2023-03-29 08:58:06.343 WARN  [Thread-7][PoolBase:184] HikariPool-1 - Failed to validate connection com.mysql.cj.jdbc.ConnectionImpl@91da455 (No operations allowed after connection closed.). Possibly consider using a shorter maxLifetime value.
2023-03-29 08:58:06.347 WARN  [Thread-7][PoolBase:184] HikariPool-1 - Failed to validate connection com.mysql.cj.jdbc.ConnectionImpl@65eeaa5 (No operations allowed after connection closed.). Possibly consider using a shorter maxLifetime value.
2023-03-29 08:58:06.350 WARN  [Thread-7][PoolBase:184] HikariPool-1 - Failed to validate connection com.mysql.cj.jdbc.ConnectionImpl@10721ee8 (No operations allowed after connection closed.). Possibly consider using a shorter maxLifetime value.
2023-03-29 08:58:06.355 WARN  [Thread-7][PoolBase:184] HikariPool-1 - Failed to validate connection com.mysql.cj.jdbc.ConnectionImpl@6108c581 (No operations allowed after connection closed.). Possibly consider using a shorter maxLifetime value.
