2022-12-28 05:30:28.845 INFO  [main][PortalContextLoaderListener:123] JVM arguments: -Dcatalina.base=/media/root322/Data/Documents/LiferayWorkspace/bundles/tomcat-9.0.56 -Dcatalina.home=/media/root322/Data/Documents/LiferayWorkspace/bundles/tomcat-9.0.56 -Dfile.encoding=UTF8 -Djava.io.tmpdir=/media/root322/Data/Documents/LiferayWorkspace/bundles/tomcat-9.0.56/temp -Djava.net.preferIPv4Stack=true -Djava.util.logging.config.file=/media/root322/Data/Documents/LiferayWorkspace/bundles/tomcat-9.0.56/conf/logging.properties -Djava.util.logging.manager=org.apache.juli.ClassLoaderLogManager -Dorg.apache.catalina.loader.WebappClassLoader.ENABLE_CLEAR_REFERENCES=false -Duser.timezone=GMT -Xmx2560m -XX:MaxMetaspaceSize=768m -XX:MetaspaceSize=768m -javaagent:/snap/intellij-idea-ultimate/401/lib/idea_rt.jar=37181:/snap/intellij-idea-ultimate/401/bin
2022-12-28 05:30:32.816 INFO  [main][DialectDetector:153] Using dialect org.hibernate.dialect.MySQL8Dialect for MySQL 8.0
2022-12-28 05:30:38.778 INFO  [main][ModuleFrameworkImpl:1279] Starting initial bundles
2022-12-28 05:30:39.344 INFO  [ModuleFramework-Static-Bundles-7][InterpolationConfigurationPlugin:109] Configured directory for secrets: /media/root322/Data/Documents/LiferayWorkspace/bundles/osgi/configs
2022-12-28 05:30:41.761 INFO  [ModuleFramework-Static-Bundles-8][DefaultLPKGDeployer:456] Using overriding JAR bundle LPKG-Override::/media/root322/Data/Documents/LiferayWorkspace/bundles/osgi/marketplace/override/com.liferay.document.library.web.jar
2022-12-28 05:30:41.762 INFO  [ModuleFramework-Static-Bundles-8][DefaultLPKGDeployer:456] Using overriding JAR bundle LPKG-Override::/media/root322/Data/Documents/LiferayWorkspace/bundles/osgi/marketplace/override/com.liferay.portal.language.lang.jar
2022-12-28 05:30:41.903 INFO  [main][ModuleFrameworkImpl:1576] Started initial bundles
2022-12-28 05:30:41.904 INFO  [main][ModuleFrameworkImpl:1625] Starting dynamic bundles
2022-12-28 05:31:08.084 INFO  [main][ModuleFrameworkImpl:1647] Started dynamic bundles
2022-12-28 05:31:08.084 INFO  [main][ModuleFrameworkImpl:1654] Starting web bundles
2022-12-28 05:31:12.914 INFO  [main][ModuleFrameworkImpl:1708] Started web bundles
2022-12-28 05:31:12.915 INFO  [main][ModuleFrameworkImpl:278] Navigate to Control Panel > System > Gogo Shell and enter "lb" to see all bundles
2022-12-28 05:31:12.937 INFO  [main][LoggingTimer:83] Starting com.liferay.portal.verify.VerifyProperties#verifySystemProperties
2022-12-28 05:31:12.938 INFO  [main][LoggingTimer:44] Completed com.liferay.portal.verify.VerifyProperties#verifySystemProperties in 0 ms
2022-12-28 05:31:12.939 INFO  [main][LoggingTimer:83] Starting com.liferay.portal.verify.VerifyProperties#verifyPortalProperties
2022-12-28 05:31:12.976 ERROR [main][VerifyProperties:182] Portal property "journal.article.form.add" is obsolete
2022-12-28 05:31:12.976 ERROR [main][VerifyProperties:182] Portal property "journal.article.form.update" is obsolete
2022-12-28 05:31:12.977 ERROR [main][VerifyProperties:182] Portal property "journal.article.form.translate" is obsolete
2022-12-28 05:31:12.978 INFO  [main][LoggingTimer:44] Completed com.liferay.portal.verify.VerifyProperties#verifyPortalProperties in 39 ms
2022-12-28 05:31:12.978 INFO  [main][LoggingTimer:83] Starting com.liferay.portal.verify.VerifyProperties#verifyDocumentLibrary
2022-12-28 05:31:12.979 INFO  [main][LoggingTimer:44] Completed com.liferay.portal.verify.VerifyProperties#verifyDocumentLibrary in 1 ms
2022-12-28 05:31:13.581 INFO  [main][LoggingTimer:83] Starting com.liferay.portal.events.StartupHelperUtil#initResourceActions
2022-12-28 05:31:13.639 INFO  [main][LoggingTimer:44] Completed com.liferay.portal.events.StartupHelperUtil#initResourceActions in 57 ms
2022-12-28 05:31:18.240 WARN  [main][SidecarManager:103] Liferay automatically starts a child process of Elasticsearch named sidecar for convenient development and demonstration purposes. Do NOT use sidecar in production. Refer to the documentation for details on the limitations of sidecar and instructions on configuring a remote Elasticsearch connection in the Control Panel.
2022-12-28 05:31:39.444 INFO  [main][Sidecar:119] Sidecar Elasticsearch liferay started at 127.0.0.1:9501
2022-12-28 05:31:47.770 INFO  [main][StartupHelperUtil:86] There are no patches installed
2022-12-28 05:31:47.789 INFO  [main][LoggingTimer:83] Starting com.liferay.portal.events.StartupHelperUtil#initResourceActions
2022-12-28 05:31:47.815 INFO  [main][LoggingTimer:44] Completed com.liferay.portal.events.StartupHelperUtil#initResourceActions in 25 ms
2022-12-28 05:31:47.851 INFO  [main][LicenseManager:-1] Digital Enterprise Development license validation passed
2022-12-28 05:31:48.387 INFO  [main][AutoDeployDir:176] Auto deploy scanner started for /media/root322/Data/Documents/LiferayWorkspace/bundles/deploy
2022-12-28 05:32:24.431 INFO  [com.liferay.portal.osgi.web.wab.extender.internal.WabFactory-BundleTrackerOpener][ThemeHotDeployListener:108] 1 theme for classic-theme is available for use
2022-12-28 05:32:24.560 INFO  [com.liferay.portal.osgi.web.wab.extender.internal.WabFactory-BundleTrackerOpener][ThemeHotDeployListener:108] 1 theme for dialect-theme is available for use
2022-12-28 05:32:24.696 INFO  [com.liferay.portal.osgi.web.wab.extender.internal.WabFactory-BundleTrackerOpener][ThemeHotDeployListener:108] 1 theme for speedwell-theme is available for use
2022-12-28 05:32:24.820 INFO  [com.liferay.portal.osgi.web.wab.extender.internal.WabFactory-BundleTrackerOpener][ThemeHotDeployListener:108] 1 theme for minium-theme is available for use
2022-12-28 05:32:24.966 INFO  [com.liferay.portal.osgi.web.wab.extender.internal.WabFactory-BundleTrackerOpener][ThemeHotDeployListener:108] 1 theme for admin-theme is available for use
2022-12-28 05:32:25.182 INFO  [com.liferay.portal.osgi.web.wab.extender.internal.WabFactory-BundleTrackerOpener][HookHotDeployListener:496] Hook for LangHook is available for use
2022-12-28 05:32:25.415 INFO  [com.liferay.portal.osgi.web.wab.extender.internal.WabFactory-BundleTrackerOpener][LayoutTemplateHotDeployListener:107] 1 layout template for LayoutTemplateDemo is available for use
2022-12-28 05:32:25.597 INFO  [com.liferay.portal.osgi.web.wab.extender.internal.WabFactory-BundleTrackerOpener][ThemeHotDeployListener:108] 1 theme for democlassictheme-theme is available for use
2022-12-28 05:32:25.824 INFO  [com.liferay.portal.osgi.web.wab.extender.internal.WabFactory-BundleTrackerOpener][ThemeHotDeployListener:108] 1 theme for demotheme-theme is available for use
2022-12-28 05:32:26.019 INFO  [com.liferay.portal.osgi.web.wab.extender.internal.WabFactory-BundleTrackerOpener][ThemeHotDeployListener:108] 1 theme for my-liferay-theme is available for use
2022-12-28 05:32:26.386 INFO  [com.liferay.portal.osgi.web.wab.extender.internal.WabFactory-BundleTrackerOpener][ThemeHotDeployListener:108] 1 theme for cstheme2-theme is available for use
2022-12-28 09:05:31.064 WARN  [liferay/mail-2][MailMessageListener:140] Email test@liferay.com will be ignored because it is included in mail.send.blacklist
2022-12-28 09:06:28.042 WARN  [liferay/mail-3][MailMessageListener:140] Email test@liferay.com will be ignored because it is included in mail.send.blacklist
2022-12-28 09:09:34.731 WARN  [liferay/mail-3][MailMessageListener:140] Email test@liferay.com will be ignored because it is included in mail.send.blacklist
2022-12-28 09:10:37.305 WARN  [liferay/mail-3][MailMessageListener:140] Email test@liferay.com will be ignored because it is included in mail.send.blacklist
2022-12-28 09:12:56.474 WARN  [liferay/mail-8][MailMessageListener:140] Email test@liferay.com will be ignored because it is included in mail.send.blacklist
2022-12-28 09:16:02.054 ERROR [com.liferay.portal.workflow.kaleo.runtime.internal.petra.executor.GraphWalkerPortalExecutor-2][runtime:59] Error executing FreeMarker template
freemarker.core.InvalidReferenceException: The following has evaluated to null or missing:
==> articleId  [in template "Noticom.liferay.portal.workflow.kaleo.model.KaleoNode86048" at line 1, column 15]

----
Tip: If the failing expression is known to legally refer to something that's sometimes null or missing, either specify a default value like myOptionalVar!myDefault, or use <#if myOptionalVar??>when-present<#else>when-missing</#if>. (These only cover the last step of the expression; to cover the whole expression, use parenthesis: (myOptionalVar.foo)!myDefault, (myOptionalVar.foo)??
----

----
FTL stack trace ("~" means nesting-related):
	- Failed at: ${articleId}  [in template "Noticom.liferay.portal.workflow.kaleo.model.KaleoNode86048" at line 1, column 13]
----
	at freemarker.core.InvalidReferenceException.getInstance(InvalidReferenceException.java:134) ~[?:?]
	at freemarker.core.EvalUtil.coerceModelToTextualCommon(EvalUtil.java:479) ~[?:?]
	at freemarker.core.EvalUtil.coerceModelToStringOrMarkup(EvalUtil.java:401) ~[?:?]
	at freemarker.core.EvalUtil.coerceModelToStringOrMarkup(EvalUtil.java:370) ~[?:?]
	at freemarker.core.DollarVariable.calculateInterpolatedStringOrMarkup(DollarVariable.java:100) ~[?:?]
	at freemarker.core.DollarVariable.accept(DollarVariable.java:63) ~[?:?]
	at freemarker.core.Environment.visit(Environment.java:331) ~[?:?]
	at freemarker.core.Environment.visit(Environment.java:337) ~[?:?]
	at freemarker.core.Environment.process(Environment.java:310) ~[?:?]
	at freemarker.template.Template.process(Template.java:383) ~[?:?]
	at com.liferay.portal.template.freemarker.internal.FreeMarkerTemplate.lambda$processTemplate$0(FreeMarkerTemplate.java:157) ~[?:?]
	at com.liferay.portal.template.freemarker.internal.FreeMarkerManager.render(FreeMarkerManager.java:410) ~[?:?]
	at com.liferay.portal.template.freemarker.internal.FreeMarkerTemplate.processTemplate(FreeMarkerTemplate.java:144) ~[?:?]
	at com.liferay.portal.template.BaseTemplate.processTemplate(BaseTemplate.java:126) ~[portal-impl.jar:?]
	at com.liferay.portal.workflow.kaleo.runtime.internal.notification.TemplateNotificationMessageGenerator.generateMessage(TemplateNotificationMessageGenerator.java:102) ~[?:?]
	at com.liferay.portal.workflow.kaleo.runtime.internal.helper.NotificationHelperImpl._sendKaleoNotification(NotificationHelperImpl.java:70) ~[?:?]
	at com.liferay.portal.workflow.kaleo.runtime.internal.helper.NotificationHelperImpl.sendKaleoNotifications(NotificationHelperImpl.java:55) ~[?:?]
	at com.liferay.portal.workflow.kaleo.runtime.node.BaseNodeExecutor.enter(BaseNodeExecutor.java:55) ~[?:?]
	at com.liferay.portal.workflow.kaleo.runtime.internal.graph.DefaultGraphWalker.follow(DefaultGraphWalker.java:72) ~[?:?]
	at jdk.internal.reflect.NativeMethodAccessorImpl.invoke0(Native Method) ~[?:?]
	at jdk.internal.reflect.NativeMethodAccessorImpl.invoke(NativeMethodAccessorImpl.java:62) ~[?:?]
	at jdk.internal.reflect.DelegatingMethodAccessorImpl.invoke(DelegatingMethodAccessorImpl.java:43) ~[?:?]
	at java.lang.reflect.Method.invoke(Method.java:566) ~[?:?]
	at com.liferay.portal.spring.aop.AopMethodInvocationImpl.proceed(AopMethodInvocationImpl.java:50) ~[portal-impl.jar:?]
	at com.liferay.portal.spring.transaction.TransactionInterceptor.invoke(TransactionInterceptor.java:69) ~[portal-impl.jar:?]
	at com.liferay.portal.spring.aop.AopMethodInvocationImpl.proceed(AopMethodInvocationImpl.java:57) ~[portal-impl.jar:?]
	at com.liferay.portal.spring.aop.AopInvocationHandler.invoke(AopInvocationHandler.java:49) ~[portal-impl.jar:?]
	at com.sun.proxy.$Proxy1240.follow(Unknown Source) ~[?:?]
	at com.liferay.portal.workflow.kaleo.runtime.internal.petra.executor.GraphWalkerPortalExecutor._walk(GraphWalkerPortalExecutor.java:151) ~[?:?]
	at com.liferay.portal.workflow.kaleo.runtime.internal.petra.executor.GraphWalkerPortalExecutor.lambda$execute$1(GraphWalkerPortalExecutor.java:95) ~[?:?]
	at java.util.concurrent.Executors$RunnableAdapter.call(Executors.java:515) [?:?]
	at java.util.concurrent.FutureTask.run(FutureTask.java:264) [?:?]
	at java.util.concurrent.ThreadPoolExecutor.runWorker(ThreadPoolExecutor.java:1128) [?:?]
	at java.util.concurrent.ThreadPoolExecutor$Worker.run(ThreadPoolExecutor.java:628) [?:?]
	at java.lang.Thread.run(Thread.java:834) [?:?]
2022-12-28 09:16:02.087 ERROR [com.liferay.portal.workflow.kaleo.runtime.internal.petra.executor.GraphWalkerPortalExecutor-2][GraphWalkerPortalExecutor:163] com.liferay.portal.workflow.kaleo.runtime.notification.NotificationMessageGenerationException: Unable to generate notification message
com.liferay.portal.kernel.log.LogSanitizerException: com.liferay.portal.workflow.kaleo.runtime.notification.NotificationMessageGenerationException: Unable to generate notification message
	at com.liferay.portal.workflow.kaleo.runtime.internal.notification.TemplateNotificationMessageGenerator.generateMessage(TemplateNotificationMessageGenerator.java:107) ~[?:?]
	at com.liferay.portal.workflow.kaleo.runtime.internal.helper.NotificationHelperImpl._sendKaleoNotification(NotificationHelperImpl.java:70) ~[?:?]
	at com.liferay.portal.workflow.kaleo.runtime.internal.helper.NotificationHelperImpl.sendKaleoNotifications(NotificationHelperImpl.java:55) ~[?:?]
	at com.liferay.portal.workflow.kaleo.runtime.node.BaseNodeExecutor.enter(BaseNodeExecutor.java:55) ~[?:?]
	at com.liferay.portal.workflow.kaleo.runtime.internal.graph.DefaultGraphWalker.follow(DefaultGraphWalker.java:72) ~[?:?]
	at jdk.internal.reflect.NativeMethodAccessorImpl.invoke0(Native Method) ~[?:?]
	at jdk.internal.reflect.NativeMethodAccessorImpl.invoke(NativeMethodAccessorImpl.java:62) ~[?:?]
	at jdk.internal.reflect.DelegatingMethodAccessorImpl.invoke(DelegatingMethodAccessorImpl.java:43) ~[?:?]
	at java.lang.reflect.Method.invoke(Method.java:566) ~[?:?]
	at com.liferay.portal.spring.aop.AopMethodInvocationImpl.proceed(AopMethodInvocationImpl.java:50) ~[portal-impl.jar:?]
	at com.liferay.portal.spring.transaction.TransactionInterceptor.invoke(TransactionInterceptor.java:69) ~[portal-impl.jar:?]
	at com.liferay.portal.spring.aop.AopMethodInvocationImpl.proceed(AopMethodInvocationImpl.java:57) ~[portal-impl.jar:?]
	at com.liferay.portal.spring.aop.AopInvocationHandler.invoke(AopInvocationHandler.java:49) ~[portal-impl.jar:?]
	at com.sun.proxy.$Proxy1240.follow(Unknown Source) ~[?:?]
	at com.liferay.portal.workflow.kaleo.runtime.internal.petra.executor.GraphWalkerPortalExecutor._walk(GraphWalkerPortalExecutor.java:151) ~[?:?]
	at com.liferay.portal.workflow.kaleo.runtime.internal.petra.executor.GraphWalkerPortalExecutor.lambda$execute$1(GraphWalkerPortalExecutor.java:95) ~[?:?]
	at java.util.concurrent.Executors$RunnableAdapter.call(Executors.java:515) [?:?]
	at java.util.concurrent.FutureTask.run(FutureTask.java:264) [?:?]
	at java.util.concurrent.ThreadPoolExecutor.runWorker(ThreadPoolExecutor.java:1128) [?:?]
	at java.util.concurrent.ThreadPoolExecutor$Worker.run(ThreadPoolExecutor.java:628) [?:?]
	at java.lang.Thread.run(Thread.java:834) [?:?]
Caused by: com.liferay.portal.kernel.log.LogSanitizerException: com.liferay.portal.kernel.template.TemplateException: Unable to process template Noticom.liferay.portal.workflow.kaleo.model.KaleoNode86048
	at com.liferay.portal.template.BaseTemplate.processTemplate(BaseTemplate.java:131) ~[portal-impl.jar:?]
	at com.liferay.portal.workflow.kaleo.runtime.internal.notification.TemplateNotificationMessageGenerator.generateMessage(TemplateNotificationMessageGenerator.java:102) ~[?:?]
	... 20 more
Caused by: com.liferay.portal.kernel.log.LogSanitizerException: freemarker.core.InvalidReferenceException: The following has evaluated to null or missing:_==> articleId  [in template "Noticom.liferay.portal.workflow.kaleo.model.KaleoNode86048" at line 1, column 15]__----_Tip: If the failing expression is known to legally refer to something that's sometimes null or missing, either specify a default value like myOptionalVar!myDefault, or use <#if myOptionalVar??>when-present<#else>when-missing</#if>. (These only cover the last step of the expression; to cover the whole expression, use parenthesis: (myOptionalVar.foo)!myDefault, (myOptionalVar.foo)??_----__----_FTL stack trace ("~" means nesting-related):_	- Failed at: ${articleId}  [in template "Noticom.liferay.portal.workflow.kaleo.model.KaleoNode86048" at line 1, column 13]_---- [Sanitized]
	at freemarker.core.InvalidReferenceException.getInstance(InvalidReferenceException.java:134) ~[?:?]
	at freemarker.core.EvalUtil.coerceModelToTextualCommon(EvalUtil.java:479) ~[?:?]
	at freemarker.core.EvalUtil.coerceModelToStringOrMarkup(EvalUtil.java:401) ~[?:?]
	at freemarker.core.EvalUtil.coerceModelToStringOrMarkup(EvalUtil.java:370) ~[?:?]
	at freemarker.core.DollarVariable.calculateInterpolatedStringOrMarkup(DollarVariable.java:100) ~[?:?]
	at freemarker.core.DollarVariable.accept(DollarVariable.java:63) ~[?:?]
	at freemarker.core.Environment.visit(Environment.java:331) ~[?:?]
	at freemarker.core.Environment.visit(Environment.java:337) ~[?:?]
	at freemarker.core.Environment.process(Environment.java:310) ~[?:?]
	at freemarker.template.Template.process(Template.java:383) ~[?:?]
	at com.liferay.portal.template.freemarker.internal.FreeMarkerTemplate.lambda$processTemplate$0(FreeMarkerTemplate.java:157) ~[?:?]
	at com.liferay.portal.template.freemarker.internal.FreeMarkerManager.render(FreeMarkerManager.java:410) ~[?:?]
	at com.liferay.portal.template.freemarker.internal.FreeMarkerTemplate.processTemplate(FreeMarkerTemplate.java:144) ~[?:?]
	at com.liferay.portal.template.BaseTemplate.processTemplate(BaseTemplate.java:126) ~[portal-impl.jar:?]
	at com.liferay.portal.workflow.kaleo.runtime.internal.notification.TemplateNotificationMessageGenerator.generateMessage(TemplateNotificationMessageGenerator.java:102) ~[?:?]
	... 20 more
2022-12-28 09:19:20.105 ERROR [com.liferay.portal.workflow.kaleo.runtime.internal.petra.executor.GraphWalkerPortalExecutor-2][runtime:59] Error executing FreeMarker template
freemarker.core.InvalidReferenceException: The following has evaluated to null or missing:
==> articleId  [in template "Noticom.liferay.portal.workflow.kaleo.model.KaleoNode86123" at line 1, column 15]

----
Tip: If the failing expression is known to legally refer to something that's sometimes null or missing, either specify a default value like myOptionalVar!myDefault, or use <#if myOptionalVar??>when-present<#else>when-missing</#if>. (These only cover the last step of the expression; to cover the whole expression, use parenthesis: (myOptionalVar.foo)!myDefault, (myOptionalVar.foo)??
----

----
FTL stack trace ("~" means nesting-related):
	- Failed at: ${articleId}  [in template "Noticom.liferay.portal.workflow.kaleo.model.KaleoNode86123" at line 1, column 13]
----
	at freemarker.core.InvalidReferenceException.getInstance(InvalidReferenceException.java:134) ~[?:?]
	at freemarker.core.EvalUtil.coerceModelToTextualCommon(EvalUtil.java:479) ~[?:?]
	at freemarker.core.EvalUtil.coerceModelToStringOrMarkup(EvalUtil.java:401) ~[?:?]
	at freemarker.core.EvalUtil.coerceModelToStringOrMarkup(EvalUtil.java:370) ~[?:?]
	at freemarker.core.DollarVariable.calculateInterpolatedStringOrMarkup(DollarVariable.java:100) ~[?:?]
	at freemarker.core.DollarVariable.accept(DollarVariable.java:63) ~[?:?]
	at freemarker.core.Environment.visit(Environment.java:331) ~[?:?]
	at freemarker.core.Environment.visit(Environment.java:337) ~[?:?]
	at freemarker.core.Environment.process(Environment.java:310) ~[?:?]
	at freemarker.template.Template.process(Template.java:383) ~[?:?]
	at com.liferay.portal.template.freemarker.internal.FreeMarkerTemplate.lambda$processTemplate$0(FreeMarkerTemplate.java:157) ~[?:?]
	at com.liferay.portal.template.freemarker.internal.FreeMarkerManager.render(FreeMarkerManager.java:410) ~[?:?]
	at com.liferay.portal.template.freemarker.internal.FreeMarkerTemplate.processTemplate(FreeMarkerTemplate.java:144) ~[?:?]
	at com.liferay.portal.template.BaseTemplate.processTemplate(BaseTemplate.java:126) ~[portal-impl.jar:?]
	at com.liferay.portal.workflow.kaleo.runtime.internal.notification.TemplateNotificationMessageGenerator.generateMessage(TemplateNotificationMessageGenerator.java:102) ~[?:?]
	at com.liferay.portal.workflow.kaleo.runtime.internal.helper.NotificationHelperImpl._sendKaleoNotification(NotificationHelperImpl.java:70) ~[?:?]
	at com.liferay.portal.workflow.kaleo.runtime.internal.helper.NotificationHelperImpl.sendKaleoNotifications(NotificationHelperImpl.java:55) ~[?:?]
	at com.liferay.portal.workflow.kaleo.runtime.node.BaseNodeExecutor.enter(BaseNodeExecutor.java:55) ~[?:?]
	at com.liferay.portal.workflow.kaleo.runtime.internal.graph.DefaultGraphWalker.follow(DefaultGraphWalker.java:72) ~[?:?]
	at jdk.internal.reflect.NativeMethodAccessorImpl.invoke0(Native Method) ~[?:?]
	at jdk.internal.reflect.NativeMethodAccessorImpl.invoke(NativeMethodAccessorImpl.java:62) ~[?:?]
	at jdk.internal.reflect.DelegatingMethodAccessorImpl.invoke(DelegatingMethodAccessorImpl.java:43) ~[?:?]
	at java.lang.reflect.Method.invoke(Method.java:566) ~[?:?]
	at com.liferay.portal.spring.aop.AopMethodInvocationImpl.proceed(AopMethodInvocationImpl.java:50) ~[portal-impl.jar:?]
	at com.liferay.portal.spring.transaction.TransactionInterceptor.invoke(TransactionInterceptor.java:69) ~[portal-impl.jar:?]
	at com.liferay.portal.spring.aop.AopMethodInvocationImpl.proceed(AopMethodInvocationImpl.java:57) ~[portal-impl.jar:?]
	at com.liferay.portal.spring.aop.AopInvocationHandler.invoke(AopInvocationHandler.java:49) ~[portal-impl.jar:?]
	at com.sun.proxy.$Proxy1240.follow(Unknown Source) ~[?:?]
	at com.liferay.portal.workflow.kaleo.runtime.internal.petra.executor.GraphWalkerPortalExecutor._walk(GraphWalkerPortalExecutor.java:151) ~[?:?]
	at com.liferay.portal.workflow.kaleo.runtime.internal.petra.executor.GraphWalkerPortalExecutor.lambda$execute$1(GraphWalkerPortalExecutor.java:95) ~[?:?]
	at java.util.concurrent.Executors$RunnableAdapter.call(Executors.java:515) [?:?]
	at java.util.concurrent.FutureTask.run(FutureTask.java:264) [?:?]
	at java.util.concurrent.ThreadPoolExecutor.runWorker(ThreadPoolExecutor.java:1128) [?:?]
	at java.util.concurrent.ThreadPoolExecutor$Worker.run(ThreadPoolExecutor.java:628) [?:?]
	at java.lang.Thread.run(Thread.java:834) [?:?]
2022-12-28 09:19:20.134 ERROR [com.liferay.portal.workflow.kaleo.runtime.internal.petra.executor.GraphWalkerPortalExecutor-2][GraphWalkerPortalExecutor:163] com.liferay.portal.workflow.kaleo.runtime.notification.NotificationMessageGenerationException: Unable to generate notification message
com.liferay.portal.kernel.log.LogSanitizerException: com.liferay.portal.workflow.kaleo.runtime.notification.NotificationMessageGenerationException: Unable to generate notification message
	at com.liferay.portal.workflow.kaleo.runtime.internal.notification.TemplateNotificationMessageGenerator.generateMessage(TemplateNotificationMessageGenerator.java:107) ~[?:?]
	at com.liferay.portal.workflow.kaleo.runtime.internal.helper.NotificationHelperImpl._sendKaleoNotification(NotificationHelperImpl.java:70) ~[?:?]
	at com.liferay.portal.workflow.kaleo.runtime.internal.helper.NotificationHelperImpl.sendKaleoNotifications(NotificationHelperImpl.java:55) ~[?:?]
	at com.liferay.portal.workflow.kaleo.runtime.node.BaseNodeExecutor.enter(BaseNodeExecutor.java:55) ~[?:?]
	at com.liferay.portal.workflow.kaleo.runtime.internal.graph.DefaultGraphWalker.follow(DefaultGraphWalker.java:72) ~[?:?]
	at jdk.internal.reflect.NativeMethodAccessorImpl.invoke0(Native Method) ~[?:?]
	at jdk.internal.reflect.NativeMethodAccessorImpl.invoke(NativeMethodAccessorImpl.java:62) ~[?:?]
	at jdk.internal.reflect.DelegatingMethodAccessorImpl.invoke(DelegatingMethodAccessorImpl.java:43) ~[?:?]
	at java.lang.reflect.Method.invoke(Method.java:566) ~[?:?]
	at com.liferay.portal.spring.aop.AopMethodInvocationImpl.proceed(AopMethodInvocationImpl.java:50) ~[portal-impl.jar:?]
	at com.liferay.portal.spring.transaction.TransactionInterceptor.invoke(TransactionInterceptor.java:69) ~[portal-impl.jar:?]
	at com.liferay.portal.spring.aop.AopMethodInvocationImpl.proceed(AopMethodInvocationImpl.java:57) ~[portal-impl.jar:?]
	at com.liferay.portal.spring.aop.AopInvocationHandler.invoke(AopInvocationHandler.java:49) ~[portal-impl.jar:?]
	at com.sun.proxy.$Proxy1240.follow(Unknown Source) ~[?:?]
	at com.liferay.portal.workflow.kaleo.runtime.internal.petra.executor.GraphWalkerPortalExecutor._walk(GraphWalkerPortalExecutor.java:151) ~[?:?]
	at com.liferay.portal.workflow.kaleo.runtime.internal.petra.executor.GraphWalkerPortalExecutor.lambda$execute$1(GraphWalkerPortalExecutor.java:95) ~[?:?]
	at java.util.concurrent.Executors$RunnableAdapter.call(Executors.java:515) [?:?]
	at java.util.concurrent.FutureTask.run(FutureTask.java:264) [?:?]
	at java.util.concurrent.ThreadPoolExecutor.runWorker(ThreadPoolExecutor.java:1128) [?:?]
	at java.util.concurrent.ThreadPoolExecutor$Worker.run(ThreadPoolExecutor.java:628) [?:?]
	at java.lang.Thread.run(Thread.java:834) [?:?]
Caused by: com.liferay.portal.kernel.log.LogSanitizerException: com.liferay.portal.kernel.template.TemplateException: Unable to process template Noticom.liferay.portal.workflow.kaleo.model.KaleoNode86123
	at com.liferay.portal.template.BaseTemplate.processTemplate(BaseTemplate.java:131) ~[portal-impl.jar:?]
	at com.liferay.portal.workflow.kaleo.runtime.internal.notification.TemplateNotificationMessageGenerator.generateMessage(TemplateNotificationMessageGenerator.java:102) ~[?:?]
	... 20 more
Caused by: com.liferay.portal.kernel.log.LogSanitizerException: freemarker.core.InvalidReferenceException: The following has evaluated to null or missing:_==> articleId  [in template "Noticom.liferay.portal.workflow.kaleo.model.KaleoNode86123" at line 1, column 15]__----_Tip: If the failing expression is known to legally refer to something that's sometimes null or missing, either specify a default value like myOptionalVar!myDefault, or use <#if myOptionalVar??>when-present<#else>when-missing</#if>. (These only cover the last step of the expression; to cover the whole expression, use parenthesis: (myOptionalVar.foo)!myDefault, (myOptionalVar.foo)??_----__----_FTL stack trace ("~" means nesting-related):_	- Failed at: ${articleId}  [in template "Noticom.liferay.portal.workflow.kaleo.model.KaleoNode86123" at line 1, column 13]_---- [Sanitized]
	at freemarker.core.InvalidReferenceException.getInstance(InvalidReferenceException.java:134) ~[?:?]
	at freemarker.core.EvalUtil.coerceModelToTextualCommon(EvalUtil.java:479) ~[?:?]
	at freemarker.core.EvalUtil.coerceModelToStringOrMarkup(EvalUtil.java:401) ~[?:?]
	at freemarker.core.EvalUtil.coerceModelToStringOrMarkup(EvalUtil.java:370) ~[?:?]
	at freemarker.core.DollarVariable.calculateInterpolatedStringOrMarkup(DollarVariable.java:100) ~[?:?]
	at freemarker.core.DollarVariable.accept(DollarVariable.java:63) ~[?:?]
	at freemarker.core.Environment.visit(Environment.java:331) ~[?:?]
	at freemarker.core.Environment.visit(Environment.java:337) ~[?:?]
	at freemarker.core.Environment.process(Environment.java:310) ~[?:?]
	at freemarker.template.Template.process(Template.java:383) ~[?:?]
	at com.liferay.portal.template.freemarker.internal.FreeMarkerTemplate.lambda$processTemplate$0(FreeMarkerTemplate.java:157) ~[?:?]
	at com.liferay.portal.template.freemarker.internal.FreeMarkerManager.render(FreeMarkerManager.java:410) ~[?:?]
	at com.liferay.portal.template.freemarker.internal.FreeMarkerTemplate.processTemplate(FreeMarkerTemplate.java:144) ~[?:?]
	at com.liferay.portal.template.BaseTemplate.processTemplate(BaseTemplate.java:126) ~[portal-impl.jar:?]
	at com.liferay.portal.workflow.kaleo.runtime.internal.notification.TemplateNotificationMessageGenerator.generateMessage(TemplateNotificationMessageGenerator.java:102) ~[?:?]
	... 20 more
2022-12-28 09:20:40.178 ERROR [com.liferay.portal.workflow.kaleo.runtime.internal.petra.executor.GraphWalkerPortalExecutor-2][runtime:59] Error executing FreeMarker template
freemarker.core.InvalidReferenceException: The following has evaluated to null or missing:
==> entryId  [in template "Noticom.liferay.portal.workflow.kaleo.model.KaleoNode86159" at line 1, column 26]

----
Tip: If the failing expression is known to legally refer to something that's sometimes null or missing, either specify a default value like myOptionalVar!myDefault, or use <#if myOptionalVar??>when-present<#else>when-missing</#if>. (These only cover the last step of the expression; to cover the whole expression, use parenthesis: (myOptionalVar.foo)!myDefault, (myOptionalVar.foo)??
----

----
FTL stack trace ("~" means nesting-related):
	- Failed at: ${entryId}  [in template "Noticom.liferay.portal.workflow.kaleo.model.KaleoNode86159" at line 1, column 24]
----
	at freemarker.core.InvalidReferenceException.getInstance(InvalidReferenceException.java:134) ~[?:?]
	at freemarker.core.EvalUtil.coerceModelToTextualCommon(EvalUtil.java:479) ~[?:?]
	at freemarker.core.EvalUtil.coerceModelToStringOrMarkup(EvalUtil.java:401) ~[?:?]
	at freemarker.core.EvalUtil.coerceModelToStringOrMarkup(EvalUtil.java:370) ~[?:?]
	at freemarker.core.DollarVariable.calculateInterpolatedStringOrMarkup(DollarVariable.java:100) ~[?:?]
	at freemarker.core.DollarVariable.accept(DollarVariable.java:63) ~[?:?]
	at freemarker.core.Environment.visit(Environment.java:331) ~[?:?]
	at freemarker.core.Environment.visit(Environment.java:337) ~[?:?]
	at freemarker.core.Environment.process(Environment.java:310) ~[?:?]
	at freemarker.template.Template.process(Template.java:383) ~[?:?]
	at com.liferay.portal.template.freemarker.internal.FreeMarkerTemplate.lambda$processTemplate$0(FreeMarkerTemplate.java:157) ~[?:?]
	at com.liferay.portal.template.freemarker.internal.FreeMarkerManager.render(FreeMarkerManager.java:410) ~[?:?]
	at com.liferay.portal.template.freemarker.internal.FreeMarkerTemplate.processTemplate(FreeMarkerTemplate.java:144) ~[?:?]
	at com.liferay.portal.template.BaseTemplate.processTemplate(BaseTemplate.java:126) ~[portal-impl.jar:?]
	at com.liferay.portal.workflow.kaleo.runtime.internal.notification.TemplateNotificationMessageGenerator.generateMessage(TemplateNotificationMessageGenerator.java:102) ~[?:?]
	at com.liferay.portal.workflow.kaleo.runtime.internal.helper.NotificationHelperImpl._sendKaleoNotification(NotificationHelperImpl.java:70) ~[?:?]
	at com.liferay.portal.workflow.kaleo.runtime.internal.helper.NotificationHelperImpl.sendKaleoNotifications(NotificationHelperImpl.java:55) ~[?:?]
	at com.liferay.portal.workflow.kaleo.runtime.node.BaseNodeExecutor.enter(BaseNodeExecutor.java:55) ~[?:?]
	at com.liferay.portal.workflow.kaleo.runtime.internal.graph.DefaultGraphWalker.follow(DefaultGraphWalker.java:72) ~[?:?]
	at jdk.internal.reflect.NativeMethodAccessorImpl.invoke0(Native Method) ~[?:?]
	at jdk.internal.reflect.NativeMethodAccessorImpl.invoke(NativeMethodAccessorImpl.java:62) ~[?:?]
	at jdk.internal.reflect.DelegatingMethodAccessorImpl.invoke(DelegatingMethodAccessorImpl.java:43) ~[?:?]
	at java.lang.reflect.Method.invoke(Method.java:566) ~[?:?]
	at com.liferay.portal.spring.aop.AopMethodInvocationImpl.proceed(AopMethodInvocationImpl.java:50) ~[portal-impl.jar:?]
	at com.liferay.portal.spring.transaction.TransactionInterceptor.invoke(TransactionInterceptor.java:69) ~[portal-impl.jar:?]
	at com.liferay.portal.spring.aop.AopMethodInvocationImpl.proceed(AopMethodInvocationImpl.java:57) ~[portal-impl.jar:?]
	at com.liferay.portal.spring.aop.AopInvocationHandler.invoke(AopInvocationHandler.java:49) ~[portal-impl.jar:?]
	at com.sun.proxy.$Proxy1240.follow(Unknown Source) ~[?:?]
	at com.liferay.portal.workflow.kaleo.runtime.internal.petra.executor.GraphWalkerPortalExecutor._walk(GraphWalkerPortalExecutor.java:151) ~[?:?]
	at com.liferay.portal.workflow.kaleo.runtime.internal.petra.executor.GraphWalkerPortalExecutor.lambda$execute$1(GraphWalkerPortalExecutor.java:95) ~[?:?]
	at java.util.concurrent.Executors$RunnableAdapter.call(Executors.java:515) [?:?]
	at java.util.concurrent.FutureTask.run(FutureTask.java:264) [?:?]
	at java.util.concurrent.ThreadPoolExecutor.runWorker(ThreadPoolExecutor.java:1128) [?:?]
	at java.util.concurrent.ThreadPoolExecutor$Worker.run(ThreadPoolExecutor.java:628) [?:?]
	at java.lang.Thread.run(Thread.java:834) [?:?]
2022-12-28 09:20:40.209 ERROR [com.liferay.portal.workflow.kaleo.runtime.internal.petra.executor.GraphWalkerPortalExecutor-2][GraphWalkerPortalExecutor:163] com.liferay.portal.workflow.kaleo.runtime.notification.NotificationMessageGenerationException: Unable to generate notification message
com.liferay.portal.kernel.log.LogSanitizerException: com.liferay.portal.workflow.kaleo.runtime.notification.NotificationMessageGenerationException: Unable to generate notification message
	at com.liferay.portal.workflow.kaleo.runtime.internal.notification.TemplateNotificationMessageGenerator.generateMessage(TemplateNotificationMessageGenerator.java:107) ~[?:?]
	at com.liferay.portal.workflow.kaleo.runtime.internal.helper.NotificationHelperImpl._sendKaleoNotification(NotificationHelperImpl.java:70) ~[?:?]
	at com.liferay.portal.workflow.kaleo.runtime.internal.helper.NotificationHelperImpl.sendKaleoNotifications(NotificationHelperImpl.java:55) ~[?:?]
	at com.liferay.portal.workflow.kaleo.runtime.node.BaseNodeExecutor.enter(BaseNodeExecutor.java:55) ~[?:?]
	at com.liferay.portal.workflow.kaleo.runtime.internal.graph.DefaultGraphWalker.follow(DefaultGraphWalker.java:72) ~[?:?]
	at jdk.internal.reflect.NativeMethodAccessorImpl.invoke0(Native Method) ~[?:?]
	at jdk.internal.reflect.NativeMethodAccessorImpl.invoke(NativeMethodAccessorImpl.java:62) ~[?:?]
	at jdk.internal.reflect.DelegatingMethodAccessorImpl.invoke(DelegatingMethodAccessorImpl.java:43) ~[?:?]
	at java.lang.reflect.Method.invoke(Method.java:566) ~[?:?]
	at com.liferay.portal.spring.aop.AopMethodInvocationImpl.proceed(AopMethodInvocationImpl.java:50) ~[portal-impl.jar:?]
	at com.liferay.portal.spring.transaction.TransactionInterceptor.invoke(TransactionInterceptor.java:69) ~[portal-impl.jar:?]
	at com.liferay.portal.spring.aop.AopMethodInvocationImpl.proceed(AopMethodInvocationImpl.java:57) ~[portal-impl.jar:?]
	at com.liferay.portal.spring.aop.AopInvocationHandler.invoke(AopInvocationHandler.java:49) ~[portal-impl.jar:?]
	at com.sun.proxy.$Proxy1240.follow(Unknown Source) ~[?:?]
	at com.liferay.portal.workflow.kaleo.runtime.internal.petra.executor.GraphWalkerPortalExecutor._walk(GraphWalkerPortalExecutor.java:151) ~[?:?]
	at com.liferay.portal.workflow.kaleo.runtime.internal.petra.executor.GraphWalkerPortalExecutor.lambda$execute$1(GraphWalkerPortalExecutor.java:95) ~[?:?]
	at java.util.concurrent.Executors$RunnableAdapter.call(Executors.java:515) [?:?]
	at java.util.concurrent.FutureTask.run(FutureTask.java:264) [?:?]
	at java.util.concurrent.ThreadPoolExecutor.runWorker(ThreadPoolExecutor.java:1128) [?:?]
	at java.util.concurrent.ThreadPoolExecutor$Worker.run(ThreadPoolExecutor.java:628) [?:?]
	at java.lang.Thread.run(Thread.java:834) [?:?]
Caused by: com.liferay.portal.kernel.log.LogSanitizerException: com.liferay.portal.kernel.template.TemplateException: Unable to process template Noticom.liferay.portal.workflow.kaleo.model.KaleoNode86159
	at com.liferay.portal.template.BaseTemplate.processTemplate(BaseTemplate.java:131) ~[portal-impl.jar:?]
	at com.liferay.portal.workflow.kaleo.runtime.internal.notification.TemplateNotificationMessageGenerator.generateMessage(TemplateNotificationMessageGenerator.java:102) ~[?:?]
	... 20 more
Caused by: com.liferay.portal.kernel.log.LogSanitizerException: freemarker.core.InvalidReferenceException: The following has evaluated to null or missing:_==> entryId  [in template "Noticom.liferay.portal.workflow.kaleo.model.KaleoNode86159" at line 1, column 26]__----_Tip: If the failing expression is known to legally refer to something that's sometimes null or missing, either specify a default value like myOptionalVar!myDefault, or use <#if myOptionalVar??>when-present<#else>when-missing</#if>. (These only cover the last step of the expression; to cover the whole expression, use parenthesis: (myOptionalVar.foo)!myDefault, (myOptionalVar.foo)??_----__----_FTL stack trace ("~" means nesting-related):_	- Failed at: ${entryId}  [in template "Noticom.liferay.portal.workflow.kaleo.model.KaleoNode86159" at line 1, column 24]_---- [Sanitized]
	at freemarker.core.InvalidReferenceException.getInstance(InvalidReferenceException.java:134) ~[?:?]
	at freemarker.core.EvalUtil.coerceModelToTextualCommon(EvalUtil.java:479) ~[?:?]
	at freemarker.core.EvalUtil.coerceModelToStringOrMarkup(EvalUtil.java:401) ~[?:?]
	at freemarker.core.EvalUtil.coerceModelToStringOrMarkup(EvalUtil.java:370) ~[?:?]
	at freemarker.core.DollarVariable.calculateInterpolatedStringOrMarkup(DollarVariable.java:100) ~[?:?]
	at freemarker.core.DollarVariable.accept(DollarVariable.java:63) ~[?:?]
	at freemarker.core.Environment.visit(Environment.java:331) ~[?:?]
	at freemarker.core.Environment.visit(Environment.java:337) ~[?:?]
	at freemarker.core.Environment.process(Environment.java:310) ~[?:?]
	at freemarker.template.Template.process(Template.java:383) ~[?:?]
	at com.liferay.portal.template.freemarker.internal.FreeMarkerTemplate.lambda$processTemplate$0(FreeMarkerTemplate.java:157) ~[?:?]
	at com.liferay.portal.template.freemarker.internal.FreeMarkerManager.render(FreeMarkerManager.java:410) ~[?:?]
	at com.liferay.portal.template.freemarker.internal.FreeMarkerTemplate.processTemplate(FreeMarkerTemplate.java:144) ~[?:?]
	at com.liferay.portal.template.BaseTemplate.processTemplate(BaseTemplate.java:126) ~[portal-impl.jar:?]
	at com.liferay.portal.workflow.kaleo.runtime.internal.notification.TemplateNotificationMessageGenerator.generateMessage(TemplateNotificationMessageGenerator.java:102) ~[?:?]
	... 20 more
2022-12-28 09:21:27.665 WARN  [liferay/mail-8][MailMessageListener:140] Email test@liferay.com will be ignored because it is included in mail.send.blacklist
2022-12-28 09:29:35.215 ERROR [com.liferay.portal.workflow.kaleo.runtime.internal.petra.executor.GraphWalkerPortalExecutor-2][runtime:59] Error executing FreeMarker template
freemarker.core.InvalidReferenceException: The following has evaluated to null or missing:
==> classNameId  [in template "Noticom.liferay.portal.workflow.kaleo.model.KaleoNode86227" at line 1, column 82]

----
Tip: If the failing expression is known to legally refer to something that's sometimes null or missing, either specify a default value like myOptionalVar!myDefault, or use <#if myOptionalVar??>when-present<#else>when-missing</#if>. (These only cover the last step of the expression; to cover the whole expression, use parenthesis: (myOptionalVar.foo)!myDefault, (myOptionalVar.foo)??
----

----
FTL stack trace ("~" means nesting-related):
	- Failed at: ${classNameId}  [in template "Noticom.liferay.portal.workflow.kaleo.model.KaleoNode86227" at line 1, column 80]
----
	at freemarker.core.InvalidReferenceException.getInstance(InvalidReferenceException.java:134) ~[?:?]
	at freemarker.core.EvalUtil.coerceModelToTextualCommon(EvalUtil.java:479) ~[?:?]
	at freemarker.core.EvalUtil.coerceModelToStringOrMarkup(EvalUtil.java:401) ~[?:?]
	at freemarker.core.EvalUtil.coerceModelToStringOrMarkup(EvalUtil.java:370) ~[?:?]
	at freemarker.core.DollarVariable.calculateInterpolatedStringOrMarkup(DollarVariable.java:100) ~[?:?]
	at freemarker.core.DollarVariable.accept(DollarVariable.java:63) ~[?:?]
	at freemarker.core.Environment.visit(Environment.java:331) ~[?:?]
	at freemarker.core.Environment.visit(Environment.java:337) ~[?:?]
	at freemarker.core.Environment.process(Environment.java:310) ~[?:?]
	at freemarker.template.Template.process(Template.java:383) ~[?:?]
	at com.liferay.portal.template.freemarker.internal.FreeMarkerTemplate.lambda$processTemplate$0(FreeMarkerTemplate.java:157) ~[?:?]
	at com.liferay.portal.template.freemarker.internal.FreeMarkerManager.render(FreeMarkerManager.java:410) ~[?:?]
	at com.liferay.portal.template.freemarker.internal.FreeMarkerTemplate.processTemplate(FreeMarkerTemplate.java:144) ~[?:?]
	at com.liferay.portal.template.BaseTemplate.processTemplate(BaseTemplate.java:126) ~[portal-impl.jar:?]
	at com.liferay.portal.workflow.kaleo.runtime.internal.notification.TemplateNotificationMessageGenerator.generateMessage(TemplateNotificationMessageGenerator.java:102) ~[?:?]
	at com.liferay.portal.workflow.kaleo.runtime.internal.helper.NotificationHelperImpl._sendKaleoNotification(NotificationHelperImpl.java:70) ~[?:?]
	at com.liferay.portal.workflow.kaleo.runtime.internal.helper.NotificationHelperImpl.sendKaleoNotifications(NotificationHelperImpl.java:55) ~[?:?]
	at com.liferay.portal.workflow.kaleo.runtime.node.BaseNodeExecutor.enter(BaseNodeExecutor.java:55) ~[?:?]
	at com.liferay.portal.workflow.kaleo.runtime.internal.graph.DefaultGraphWalker.follow(DefaultGraphWalker.java:72) ~[?:?]
	at jdk.internal.reflect.GeneratedMethodAccessor1140.invoke(Unknown Source) ~[?:?]
	at jdk.internal.reflect.DelegatingMethodAccessorImpl.invoke(DelegatingMethodAccessorImpl.java:43) ~[?:?]
	at java.lang.reflect.Method.invoke(Method.java:566) ~[?:?]
	at com.liferay.portal.spring.aop.AopMethodInvocationImpl.proceed(AopMethodInvocationImpl.java:50) ~[portal-impl.jar:?]
	at com.liferay.portal.spring.transaction.TransactionInterceptor.invoke(TransactionInterceptor.java:69) ~[portal-impl.jar:?]
	at com.liferay.portal.spring.aop.AopMethodInvocationImpl.proceed(AopMethodInvocationImpl.java:57) ~[portal-impl.jar:?]
	at com.liferay.portal.spring.aop.AopInvocationHandler.invoke(AopInvocationHandler.java:49) ~[portal-impl.jar:?]
	at com.sun.proxy.$Proxy1240.follow(Unknown Source) ~[?:?]
	at com.liferay.portal.workflow.kaleo.runtime.internal.petra.executor.GraphWalkerPortalExecutor._walk(GraphWalkerPortalExecutor.java:151) ~[?:?]
	at com.liferay.portal.workflow.kaleo.runtime.internal.petra.executor.GraphWalkerPortalExecutor.lambda$execute$1(GraphWalkerPortalExecutor.java:95) ~[?:?]
	at java.util.concurrent.Executors$RunnableAdapter.call(Executors.java:515) [?:?]
	at java.util.concurrent.FutureTask.run(FutureTask.java:264) [?:?]
	at java.util.concurrent.ThreadPoolExecutor.runWorker(ThreadPoolExecutor.java:1128) [?:?]
	at java.util.concurrent.ThreadPoolExecutor$Worker.run(ThreadPoolExecutor.java:628) [?:?]
	at java.lang.Thread.run(Thread.java:834) [?:?]
2022-12-28 09:29:35.251 ERROR [com.liferay.portal.workflow.kaleo.runtime.internal.petra.executor.GraphWalkerPortalExecutor-2][GraphWalkerPortalExecutor:163] com.liferay.portal.workflow.kaleo.runtime.notification.NotificationMessageGenerationException: Unable to generate notification message
com.liferay.portal.kernel.log.LogSanitizerException: com.liferay.portal.workflow.kaleo.runtime.notification.NotificationMessageGenerationException: Unable to generate notification message
	at com.liferay.portal.workflow.kaleo.runtime.internal.notification.TemplateNotificationMessageGenerator.generateMessage(TemplateNotificationMessageGenerator.java:107) ~[?:?]
	at com.liferay.portal.workflow.kaleo.runtime.internal.helper.NotificationHelperImpl._sendKaleoNotification(NotificationHelperImpl.java:70) ~[?:?]
	at com.liferay.portal.workflow.kaleo.runtime.internal.helper.NotificationHelperImpl.sendKaleoNotifications(NotificationHelperImpl.java:55) ~[?:?]
	at com.liferay.portal.workflow.kaleo.runtime.node.BaseNodeExecutor.enter(BaseNodeExecutor.java:55) ~[?:?]
	at com.liferay.portal.workflow.kaleo.runtime.internal.graph.DefaultGraphWalker.follow(DefaultGraphWalker.java:72) ~[?:?]
	at jdk.internal.reflect.GeneratedMethodAccessor1140.invoke(Unknown Source) ~[?:?]
	at jdk.internal.reflect.DelegatingMethodAccessorImpl.invoke(DelegatingMethodAccessorImpl.java:43) ~[?:?]
	at java.lang.reflect.Method.invoke(Method.java:566) ~[?:?]
	at com.liferay.portal.spring.aop.AopMethodInvocationImpl.proceed(AopMethodInvocationImpl.java:50) ~[portal-impl.jar:?]
	at com.liferay.portal.spring.transaction.TransactionInterceptor.invoke(TransactionInterceptor.java:69) ~[portal-impl.jar:?]
	at com.liferay.portal.spring.aop.AopMethodInvocationImpl.proceed(AopMethodInvocationImpl.java:57) ~[portal-impl.jar:?]
	at com.liferay.portal.spring.aop.AopInvocationHandler.invoke(AopInvocationHandler.java:49) ~[portal-impl.jar:?]
	at com.sun.proxy.$Proxy1240.follow(Unknown Source) ~[?:?]
	at com.liferay.portal.workflow.kaleo.runtime.internal.petra.executor.GraphWalkerPortalExecutor._walk(GraphWalkerPortalExecutor.java:151) ~[?:?]
	at com.liferay.portal.workflow.kaleo.runtime.internal.petra.executor.GraphWalkerPortalExecutor.lambda$execute$1(GraphWalkerPortalExecutor.java:95) ~[?:?]
	at java.util.concurrent.Executors$RunnableAdapter.call(Executors.java:515) [?:?]
	at java.util.concurrent.FutureTask.run(FutureTask.java:264) [?:?]
	at java.util.concurrent.ThreadPoolExecutor.runWorker(ThreadPoolExecutor.java:1128) [?:?]
	at java.util.concurrent.ThreadPoolExecutor$Worker.run(ThreadPoolExecutor.java:628) [?:?]
	at java.lang.Thread.run(Thread.java:834) [?:?]
Caused by: com.liferay.portal.kernel.log.LogSanitizerException: com.liferay.portal.kernel.template.TemplateException: Unable to process template Noticom.liferay.portal.workflow.kaleo.model.KaleoNode86227
	at com.liferay.portal.template.BaseTemplate.processTemplate(BaseTemplate.java:131) ~[portal-impl.jar:?]
	at com.liferay.portal.workflow.kaleo.runtime.internal.notification.TemplateNotificationMessageGenerator.generateMessage(TemplateNotificationMessageGenerator.java:102) ~[?:?]
	... 19 more
Caused by: com.liferay.portal.kernel.log.LogSanitizerException: freemarker.core.InvalidReferenceException: The following has evaluated to null or missing:_==> classNameId  [in template "Noticom.liferay.portal.workflow.kaleo.model.KaleoNode86227" at line 1, column 82]__----_Tip: If the failing expression is known to legally refer to something that's sometimes null or missing, either specify a default value like myOptionalVar!myDefault, or use <#if myOptionalVar??>when-present<#else>when-missing</#if>. (These only cover the last step of the expression; to cover the whole expression, use parenthesis: (myOptionalVar.foo)!myDefault, (myOptionalVar.foo)??_----__----_FTL stack trace ("~" means nesting-related):_	- Failed at: ${classNameId}  [in template "Noticom.liferay.portal.workflow.kaleo.model.KaleoNode86227" at line 1, column 80]_---- [Sanitized]
	at freemarker.core.InvalidReferenceException.getInstance(InvalidReferenceException.java:134) ~[?:?]
	at freemarker.core.EvalUtil.coerceModelToTextualCommon(EvalUtil.java:479) ~[?:?]
	at freemarker.core.EvalUtil.coerceModelToStringOrMarkup(EvalUtil.java:401) ~[?:?]
	at freemarker.core.EvalUtil.coerceModelToStringOrMarkup(EvalUtil.java:370) ~[?:?]
	at freemarker.core.DollarVariable.calculateInterpolatedStringOrMarkup(DollarVariable.java:100) ~[?:?]
	at freemarker.core.DollarVariable.accept(DollarVariable.java:63) ~[?:?]
	at freemarker.core.Environment.visit(Environment.java:331) ~[?:?]
	at freemarker.core.Environment.visit(Environment.java:337) ~[?:?]
	at freemarker.core.Environment.process(Environment.java:310) ~[?:?]
	at freemarker.template.Template.process(Template.java:383) ~[?:?]
	at com.liferay.portal.template.freemarker.internal.FreeMarkerTemplate.lambda$processTemplate$0(FreeMarkerTemplate.java:157) ~[?:?]
	at com.liferay.portal.template.freemarker.internal.FreeMarkerManager.render(FreeMarkerManager.java:410) ~[?:?]
	at com.liferay.portal.template.freemarker.internal.FreeMarkerTemplate.processTemplate(FreeMarkerTemplate.java:144) ~[?:?]
	at com.liferay.portal.template.BaseTemplate.processTemplate(BaseTemplate.java:126) ~[portal-impl.jar:?]
	at com.liferay.portal.workflow.kaleo.runtime.internal.notification.TemplateNotificationMessageGenerator.generateMessage(TemplateNotificationMessageGenerator.java:102) ~[?:?]
	... 19 more
2022-12-28 09:30:05.074 ERROR [com.liferay.portal.workflow.kaleo.runtime.internal.petra.executor.GraphWalkerPortalExecutor-2][runtime:59] Error executing FreeMarker template
freemarker.core.InvalidReferenceException: The following has evaluated to null or missing:
==> autoArticleId  [in template "Noticom.liferay.portal.workflow.kaleo.model.KaleoNode86251" at line 1, column 82]

----
Tip: If the failing expression is known to legally refer to something that's sometimes null or missing, either specify a default value like myOptionalVar!myDefault, or use <#if myOptionalVar??>when-present<#else>when-missing</#if>. (These only cover the last step of the expression; to cover the whole expression, use parenthesis: (myOptionalVar.foo)!myDefault, (myOptionalVar.foo)??
----

----
FTL stack trace ("~" means nesting-related):
	- Failed at: ${autoArticleId}  [in template "Noticom.liferay.portal.workflow.kaleo.model.KaleoNode86251" at line 1, column 80]
----
	at freemarker.core.InvalidReferenceException.getInstance(InvalidReferenceException.java:134) ~[?:?]
	at freemarker.core.EvalUtil.coerceModelToTextualCommon(EvalUtil.java:479) ~[?:?]
	at freemarker.core.EvalUtil.coerceModelToStringOrMarkup(EvalUtil.java:401) ~[?:?]
	at freemarker.core.EvalUtil.coerceModelToStringOrMarkup(EvalUtil.java:370) ~[?:?]
	at freemarker.core.DollarVariable.calculateInterpolatedStringOrMarkup(DollarVariable.java:100) ~[?:?]
	at freemarker.core.DollarVariable.accept(DollarVariable.java:63) ~[?:?]
	at freemarker.core.Environment.visit(Environment.java:331) ~[?:?]
	at freemarker.core.Environment.visit(Environment.java:337) ~[?:?]
	at freemarker.core.Environment.process(Environment.java:310) ~[?:?]
	at freemarker.template.Template.process(Template.java:383) ~[?:?]
	at com.liferay.portal.template.freemarker.internal.FreeMarkerTemplate.lambda$processTemplate$0(FreeMarkerTemplate.java:157) ~[?:?]
	at com.liferay.portal.template.freemarker.internal.FreeMarkerManager.render(FreeMarkerManager.java:410) ~[?:?]
	at com.liferay.portal.template.freemarker.internal.FreeMarkerTemplate.processTemplate(FreeMarkerTemplate.java:144) ~[?:?]
	at com.liferay.portal.template.BaseTemplate.processTemplate(BaseTemplate.java:126) ~[portal-impl.jar:?]
	at com.liferay.portal.workflow.kaleo.runtime.internal.notification.TemplateNotificationMessageGenerator.generateMessage(TemplateNotificationMessageGenerator.java:102) ~[?:?]
	at com.liferay.portal.workflow.kaleo.runtime.internal.helper.NotificationHelperImpl._sendKaleoNotification(NotificationHelperImpl.java:70) ~[?:?]
	at com.liferay.portal.workflow.kaleo.runtime.internal.helper.NotificationHelperImpl.sendKaleoNotifications(NotificationHelperImpl.java:55) ~[?:?]
	at com.liferay.portal.workflow.kaleo.runtime.node.BaseNodeExecutor.enter(BaseNodeExecutor.java:55) ~[?:?]
	at com.liferay.portal.workflow.kaleo.runtime.internal.graph.DefaultGraphWalker.follow(DefaultGraphWalker.java:72) ~[?:?]
	at jdk.internal.reflect.GeneratedMethodAccessor1140.invoke(Unknown Source) ~[?:?]
	at jdk.internal.reflect.DelegatingMethodAccessorImpl.invoke(DelegatingMethodAccessorImpl.java:43) ~[?:?]
	at java.lang.reflect.Method.invoke(Method.java:566) ~[?:?]
	at com.liferay.portal.spring.aop.AopMethodInvocationImpl.proceed(AopMethodInvocationImpl.java:50) ~[portal-impl.jar:?]
	at com.liferay.portal.spring.transaction.TransactionInterceptor.invoke(TransactionInterceptor.java:69) ~[portal-impl.jar:?]
	at com.liferay.portal.spring.aop.AopMethodInvocationImpl.proceed(AopMethodInvocationImpl.java:57) ~[portal-impl.jar:?]
	at com.liferay.portal.spring.aop.AopInvocationHandler.invoke(AopInvocationHandler.java:49) ~[portal-impl.jar:?]
	at com.sun.proxy.$Proxy1240.follow(Unknown Source) ~[?:?]
	at com.liferay.portal.workflow.kaleo.runtime.internal.petra.executor.GraphWalkerPortalExecutor._walk(GraphWalkerPortalExecutor.java:151) ~[?:?]
	at com.liferay.portal.workflow.kaleo.runtime.internal.petra.executor.GraphWalkerPortalExecutor.lambda$execute$1(GraphWalkerPortalExecutor.java:95) ~[?:?]
	at java.util.concurrent.Executors$RunnableAdapter.call(Executors.java:515) [?:?]
	at java.util.concurrent.FutureTask.run(FutureTask.java:264) [?:?]
	at java.util.concurrent.ThreadPoolExecutor.runWorker(ThreadPoolExecutor.java:1128) [?:?]
	at java.util.concurrent.ThreadPoolExecutor$Worker.run(ThreadPoolExecutor.java:628) [?:?]
	at java.lang.Thread.run(Thread.java:834) [?:?]
2022-12-28 09:30:05.131 ERROR [com.liferay.portal.workflow.kaleo.runtime.internal.petra.executor.GraphWalkerPortalExecutor-2][GraphWalkerPortalExecutor:163] com.liferay.portal.workflow.kaleo.runtime.notification.NotificationMessageGenerationException: Unable to generate notification message
com.liferay.portal.kernel.log.LogSanitizerException: com.liferay.portal.workflow.kaleo.runtime.notification.NotificationMessageGenerationException: Unable to generate notification message
	at com.liferay.portal.workflow.kaleo.runtime.internal.notification.TemplateNotificationMessageGenerator.generateMessage(TemplateNotificationMessageGenerator.java:107) ~[?:?]
	at com.liferay.portal.workflow.kaleo.runtime.internal.helper.NotificationHelperImpl._sendKaleoNotification(NotificationHelperImpl.java:70) ~[?:?]
	at com.liferay.portal.workflow.kaleo.runtime.internal.helper.NotificationHelperImpl.sendKaleoNotifications(NotificationHelperImpl.java:55) ~[?:?]
	at com.liferay.portal.workflow.kaleo.runtime.node.BaseNodeExecutor.enter(BaseNodeExecutor.java:55) ~[?:?]
	at com.liferay.portal.workflow.kaleo.runtime.internal.graph.DefaultGraphWalker.follow(DefaultGraphWalker.java:72) ~[?:?]
	at jdk.internal.reflect.GeneratedMethodAccessor1140.invoke(Unknown Source) ~[?:?]
	at jdk.internal.reflect.DelegatingMethodAccessorImpl.invoke(DelegatingMethodAccessorImpl.java:43) ~[?:?]
	at java.lang.reflect.Method.invoke(Method.java:566) ~[?:?]
	at com.liferay.portal.spring.aop.AopMethodInvocationImpl.proceed(AopMethodInvocationImpl.java:50) ~[portal-impl.jar:?]
	at com.liferay.portal.spring.transaction.TransactionInterceptor.invoke(TransactionInterceptor.java:69) ~[portal-impl.jar:?]
	at com.liferay.portal.spring.aop.AopMethodInvocationImpl.proceed(AopMethodInvocationImpl.java:57) ~[portal-impl.jar:?]
	at com.liferay.portal.spring.aop.AopInvocationHandler.invoke(AopInvocationHandler.java:49) ~[portal-impl.jar:?]
	at com.sun.proxy.$Proxy1240.follow(Unknown Source) ~[?:?]
	at com.liferay.portal.workflow.kaleo.runtime.internal.petra.executor.GraphWalkerPortalExecutor._walk(GraphWalkerPortalExecutor.java:151) ~[?:?]
	at com.liferay.portal.workflow.kaleo.runtime.internal.petra.executor.GraphWalkerPortalExecutor.lambda$execute$1(GraphWalkerPortalExecutor.java:95) ~[?:?]
	at java.util.concurrent.Executors$RunnableAdapter.call(Executors.java:515) [?:?]
	at java.util.concurrent.FutureTask.run(FutureTask.java:264) [?:?]
	at java.util.concurrent.ThreadPoolExecutor.runWorker(ThreadPoolExecutor.java:1128) [?:?]
	at java.util.concurrent.ThreadPoolExecutor$Worker.run(ThreadPoolExecutor.java:628) [?:?]
	at java.lang.Thread.run(Thread.java:834) [?:?]
Caused by: com.liferay.portal.kernel.log.LogSanitizerException: com.liferay.portal.kernel.template.TemplateException: Unable to process template Noticom.liferay.portal.workflow.kaleo.model.KaleoNode86251
	at com.liferay.portal.template.BaseTemplate.processTemplate(BaseTemplate.java:131) ~[portal-impl.jar:?]
	at com.liferay.portal.workflow.kaleo.runtime.internal.notification.TemplateNotificationMessageGenerator.generateMessage(TemplateNotificationMessageGenerator.java:102) ~[?:?]
	... 19 more
Caused by: com.liferay.portal.kernel.log.LogSanitizerException: freemarker.core.InvalidReferenceException: The following has evaluated to null or missing:_==> autoArticleId  [in template "Noticom.liferay.portal.workflow.kaleo.model.KaleoNode86251" at line 1, column 82]__----_Tip: If the failing expression is known to legally refer to something that's sometimes null or missing, either specify a default value like myOptionalVar!myDefault, or use <#if myOptionalVar??>when-present<#else>when-missing</#if>. (These only cover the last step of the expression; to cover the whole expression, use parenthesis: (myOptionalVar.foo)!myDefault, (myOptionalVar.foo)??_----__----_FTL stack trace ("~" means nesting-related):_	- Failed at: ${autoArticleId}  [in template "Noticom.liferay.portal.workflow.kaleo.model.KaleoNode86251" at line 1, column 80]_---- [Sanitized]
	at freemarker.core.InvalidReferenceException.getInstance(InvalidReferenceException.java:134) ~[?:?]
	at freemarker.core.EvalUtil.coerceModelToTextualCommon(EvalUtil.java:479) ~[?:?]
	at freemarker.core.EvalUtil.coerceModelToStringOrMarkup(EvalUtil.java:401) ~[?:?]
	at freemarker.core.EvalUtil.coerceModelToStringOrMarkup(EvalUtil.java:370) ~[?:?]
	at freemarker.core.DollarVariable.calculateInterpolatedStringOrMarkup(DollarVariable.java:100) ~[?:?]
	at freemarker.core.DollarVariable.accept(DollarVariable.java:63) ~[?:?]
	at freemarker.core.Environment.visit(Environment.java:331) ~[?:?]
	at freemarker.core.Environment.visit(Environment.java:337) ~[?:?]
	at freemarker.core.Environment.process(Environment.java:310) ~[?:?]
	at freemarker.template.Template.process(Template.java:383) ~[?:?]
	at com.liferay.portal.template.freemarker.internal.FreeMarkerTemplate.lambda$processTemplate$0(FreeMarkerTemplate.java:157) ~[?:?]
	at com.liferay.portal.template.freemarker.internal.FreeMarkerManager.render(FreeMarkerManager.java:410) ~[?:?]
	at com.liferay.portal.template.freemarker.internal.FreeMarkerTemplate.processTemplate(FreeMarkerTemplate.java:144) ~[?:?]
	at com.liferay.portal.template.BaseTemplate.processTemplate(BaseTemplate.java:126) ~[portal-impl.jar:?]
	at com.liferay.portal.workflow.kaleo.runtime.internal.notification.TemplateNotificationMessageGenerator.generateMessage(TemplateNotificationMessageGenerator.java:102) ~[?:?]
	... 19 more
2022-12-28 10:43:16.579 ERROR [com.liferay.portal.workflow.kaleo.runtime.internal.petra.executor.GraphWalkerPortalExecutor-2][runtime:59] Error executing FreeMarker template
freemarker.core.InvalidReferenceException: The following has evaluated to null or missing:
==> groupid  [in template "Noticom.liferay.portal.workflow.kaleo.model.KaleoNode86305" at line 1, column 82]

----
Tip: If the failing expression is known to legally refer to something that's sometimes null or missing, either specify a default value like myOptionalVar!myDefault, or use <#if myOptionalVar??>when-present<#else>when-missing</#if>. (These only cover the last step of the expression; to cover the whole expression, use parenthesis: (myOptionalVar.foo)!myDefault, (myOptionalVar.foo)??
----

----
FTL stack trace ("~" means nesting-related):
	- Failed at: ${groupid}  [in template "Noticom.liferay.portal.workflow.kaleo.model.KaleoNode86305" at line 1, column 80]
----
	at freemarker.core.InvalidReferenceException.getInstance(InvalidReferenceException.java:134) ~[?:?]
	at freemarker.core.EvalUtil.coerceModelToTextualCommon(EvalUtil.java:479) ~[?:?]
	at freemarker.core.EvalUtil.coerceModelToStringOrMarkup(EvalUtil.java:401) ~[?:?]
	at freemarker.core.EvalUtil.coerceModelToStringOrMarkup(EvalUtil.java:370) ~[?:?]
	at freemarker.core.DollarVariable.calculateInterpolatedStringOrMarkup(DollarVariable.java:100) ~[?:?]
	at freemarker.core.DollarVariable.accept(DollarVariable.java:63) ~[?:?]
	at freemarker.core.Environment.visit(Environment.java:331) ~[?:?]
	at freemarker.core.Environment.visit(Environment.java:337) ~[?:?]
	at freemarker.core.Environment.process(Environment.java:310) ~[?:?]
	at freemarker.template.Template.process(Template.java:383) ~[?:?]
	at com.liferay.portal.template.freemarker.internal.FreeMarkerTemplate.lambda$processTemplate$0(FreeMarkerTemplate.java:157) ~[?:?]
	at com.liferay.portal.template.freemarker.internal.FreeMarkerManager.render(FreeMarkerManager.java:410) ~[?:?]
	at com.liferay.portal.template.freemarker.internal.FreeMarkerTemplate.processTemplate(FreeMarkerTemplate.java:144) ~[?:?]
	at com.liferay.portal.template.BaseTemplate.processTemplate(BaseTemplate.java:126) ~[portal-impl.jar:?]
	at com.liferay.portal.workflow.kaleo.runtime.internal.notification.TemplateNotificationMessageGenerator.generateMessage(TemplateNotificationMessageGenerator.java:102) ~[?:?]
	at com.liferay.portal.workflow.kaleo.runtime.internal.helper.NotificationHelperImpl._sendKaleoNotification(NotificationHelperImpl.java:70) ~[?:?]
	at com.liferay.portal.workflow.kaleo.runtime.internal.helper.NotificationHelperImpl.sendKaleoNotifications(NotificationHelperImpl.java:55) ~[?:?]
	at com.liferay.portal.workflow.kaleo.runtime.node.BaseNodeExecutor.enter(BaseNodeExecutor.java:55) ~[?:?]
	at com.liferay.portal.workflow.kaleo.runtime.internal.graph.DefaultGraphWalker.follow(DefaultGraphWalker.java:72) ~[?:?]
	at jdk.internal.reflect.GeneratedMethodAccessor1140.invoke(Unknown Source) ~[?:?]
	at jdk.internal.reflect.DelegatingMethodAccessorImpl.invoke(DelegatingMethodAccessorImpl.java:43) ~[?:?]
	at java.lang.reflect.Method.invoke(Method.java:566) ~[?:?]
	at com.liferay.portal.spring.aop.AopMethodInvocationImpl.proceed(AopMethodInvocationImpl.java:50) ~[portal-impl.jar:?]
	at com.liferay.portal.spring.transaction.TransactionInterceptor.invoke(TransactionInterceptor.java:69) ~[portal-impl.jar:?]
	at com.liferay.portal.spring.aop.AopMethodInvocationImpl.proceed(AopMethodInvocationImpl.java:57) ~[portal-impl.jar:?]
	at com.liferay.portal.spring.aop.AopInvocationHandler.invoke(AopInvocationHandler.java:49) ~[portal-impl.jar:?]
	at com.sun.proxy.$Proxy1240.follow(Unknown Source) ~[?:?]
	at com.liferay.portal.workflow.kaleo.runtime.internal.petra.executor.GraphWalkerPortalExecutor._walk(GraphWalkerPortalExecutor.java:151) ~[?:?]
	at com.liferay.portal.workflow.kaleo.runtime.internal.petra.executor.GraphWalkerPortalExecutor.lambda$execute$1(GraphWalkerPortalExecutor.java:95) ~[?:?]
	at java.util.concurrent.Executors$RunnableAdapter.call(Executors.java:515) [?:?]
	at java.util.concurrent.FutureTask.run(FutureTask.java:264) [?:?]
	at java.util.concurrent.ThreadPoolExecutor.runWorker(ThreadPoolExecutor.java:1128) [?:?]
	at java.util.concurrent.ThreadPoolExecutor$Worker.run(ThreadPoolExecutor.java:628) [?:?]
	at java.lang.Thread.run(Thread.java:834) [?:?]
2022-12-28 10:43:16.630 ERROR [com.liferay.portal.workflow.kaleo.runtime.internal.petra.executor.GraphWalkerPortalExecutor-2][GraphWalkerPortalExecutor:163] com.liferay.portal.workflow.kaleo.runtime.notification.NotificationMessageGenerationException: Unable to generate notification message
com.liferay.portal.kernel.log.LogSanitizerException: com.liferay.portal.workflow.kaleo.runtime.notification.NotificationMessageGenerationException: Unable to generate notification message
	at com.liferay.portal.workflow.kaleo.runtime.internal.notification.TemplateNotificationMessageGenerator.generateMessage(TemplateNotificationMessageGenerator.java:107) ~[?:?]
	at com.liferay.portal.workflow.kaleo.runtime.internal.helper.NotificationHelperImpl._sendKaleoNotification(NotificationHelperImpl.java:70) ~[?:?]
	at com.liferay.portal.workflow.kaleo.runtime.internal.helper.NotificationHelperImpl.sendKaleoNotifications(NotificationHelperImpl.java:55) ~[?:?]
	at com.liferay.portal.workflow.kaleo.runtime.node.BaseNodeExecutor.enter(BaseNodeExecutor.java:55) ~[?:?]
	at com.liferay.portal.workflow.kaleo.runtime.internal.graph.DefaultGraphWalker.follow(DefaultGraphWalker.java:72) ~[?:?]
	at jdk.internal.reflect.GeneratedMethodAccessor1140.invoke(Unknown Source) ~[?:?]
	at jdk.internal.reflect.DelegatingMethodAccessorImpl.invoke(DelegatingMethodAccessorImpl.java:43) ~[?:?]
	at java.lang.reflect.Method.invoke(Method.java:566) ~[?:?]
	at com.liferay.portal.spring.aop.AopMethodInvocationImpl.proceed(AopMethodInvocationImpl.java:50) ~[portal-impl.jar:?]
	at com.liferay.portal.spring.transaction.TransactionInterceptor.invoke(TransactionInterceptor.java:69) ~[portal-impl.jar:?]
	at com.liferay.portal.spring.aop.AopMethodInvocationImpl.proceed(AopMethodInvocationImpl.java:57) ~[portal-impl.jar:?]
	at com.liferay.portal.spring.aop.AopInvocationHandler.invoke(AopInvocationHandler.java:49) ~[portal-impl.jar:?]
	at com.sun.proxy.$Proxy1240.follow(Unknown Source) ~[?:?]
	at com.liferay.portal.workflow.kaleo.runtime.internal.petra.executor.GraphWalkerPortalExecutor._walk(GraphWalkerPortalExecutor.java:151) ~[?:?]
	at com.liferay.portal.workflow.kaleo.runtime.internal.petra.executor.GraphWalkerPortalExecutor.lambda$execute$1(GraphWalkerPortalExecutor.java:95) ~[?:?]
	at java.util.concurrent.Executors$RunnableAdapter.call(Executors.java:515) [?:?]
	at java.util.concurrent.FutureTask.run(FutureTask.java:264) [?:?]
	at java.util.concurrent.ThreadPoolExecutor.runWorker(ThreadPoolExecutor.java:1128) [?:?]
	at java.util.concurrent.ThreadPoolExecutor$Worker.run(ThreadPoolExecutor.java:628) [?:?]
	at java.lang.Thread.run(Thread.java:834) [?:?]
Caused by: com.liferay.portal.kernel.log.LogSanitizerException: com.liferay.portal.kernel.template.TemplateException: Unable to process template Noticom.liferay.portal.workflow.kaleo.model.KaleoNode86305
	at com.liferay.portal.template.BaseTemplate.processTemplate(BaseTemplate.java:131) ~[portal-impl.jar:?]
	at com.liferay.portal.workflow.kaleo.runtime.internal.notification.TemplateNotificationMessageGenerator.generateMessage(TemplateNotificationMessageGenerator.java:102) ~[?:?]
	... 19 more
Caused by: com.liferay.portal.kernel.log.LogSanitizerException: freemarker.core.InvalidReferenceException: The following has evaluated to null or missing:_==> groupid  [in template "Noticom.liferay.portal.workflow.kaleo.model.KaleoNode86305" at line 1, column 82]__----_Tip: If the failing expression is known to legally refer to something that's sometimes null or missing, either specify a default value like myOptionalVar!myDefault, or use <#if myOptionalVar??>when-present<#else>when-missing</#if>. (These only cover the last step of the expression; to cover the whole expression, use parenthesis: (myOptionalVar.foo)!myDefault, (myOptionalVar.foo)??_----__----_FTL stack trace ("~" means nesting-related):_	- Failed at: ${groupid}  [in template "Noticom.liferay.portal.workflow.kaleo.model.KaleoNode86305" at line 1, column 80]_---- [Sanitized]
	at freemarker.core.InvalidReferenceException.getInstance(InvalidReferenceException.java:134) ~[?:?]
	at freemarker.core.EvalUtil.coerceModelToTextualCommon(EvalUtil.java:479) ~[?:?]
	at freemarker.core.EvalUtil.coerceModelToStringOrMarkup(EvalUtil.java:401) ~[?:?]
	at freemarker.core.EvalUtil.coerceModelToStringOrMarkup(EvalUtil.java:370) ~[?:?]
	at freemarker.core.DollarVariable.calculateInterpolatedStringOrMarkup(DollarVariable.java:100) ~[?:?]
	at freemarker.core.DollarVariable.accept(DollarVariable.java:63) ~[?:?]
	at freemarker.core.Environment.visit(Environment.java:331) ~[?:?]
	at freemarker.core.Environment.visit(Environment.java:337) ~[?:?]
	at freemarker.core.Environment.process(Environment.java:310) ~[?:?]
	at freemarker.template.Template.process(Template.java:383) ~[?:?]
	at com.liferay.portal.template.freemarker.internal.FreeMarkerTemplate.lambda$processTemplate$0(FreeMarkerTemplate.java:157) ~[?:?]
	at com.liferay.portal.template.freemarker.internal.FreeMarkerManager.render(FreeMarkerManager.java:410) ~[?:?]
	at com.liferay.portal.template.freemarker.internal.FreeMarkerTemplate.processTemplate(FreeMarkerTemplate.java:144) ~[?:?]
	at com.liferay.portal.template.BaseTemplate.processTemplate(BaseTemplate.java:126) ~[portal-impl.jar:?]
	at com.liferay.portal.workflow.kaleo.runtime.internal.notification.TemplateNotificationMessageGenerator.generateMessage(TemplateNotificationMessageGenerator.java:102) ~[?:?]
	... 19 more
2022-12-28 10:44:38.855 WARN  [liferay/mail-8][MailMessageListener:140] Email test@liferay.com will be ignored because it is included in mail.send.blacklist
2022-12-28 10:53:26.912 WARN  [liferay/mail-8][MailMessageListener:140] Email test@liferay.com will be ignored because it is included in mail.send.blacklist
2022-12-28 10:58:14.084 ERROR [com.liferay.portal.workflow.kaleo.runtime.internal.petra.executor.GraphWalkerPortalExecutor-2][GraphWalkerPortalExecutor:163] com.liferay.portal.workflow.kaleo.runtime.notification.NotificationMessageGenerationException: Unable to generate notification message
com.liferay.portal.kernel.log.LogSanitizerException: com.liferay.portal.workflow.kaleo.runtime.notification.NotificationMessageGenerationException: Unable to generate notification message
	at com.liferay.portal.workflow.kaleo.runtime.internal.notification.TemplateNotificationMessageGenerator.generateMessage(TemplateNotificationMessageGenerator.java:107) ~[?:?]
	at com.liferay.portal.workflow.kaleo.runtime.internal.helper.NotificationHelperImpl._sendKaleoNotification(NotificationHelperImpl.java:70) ~[?:?]
	at com.liferay.portal.workflow.kaleo.runtime.internal.helper.NotificationHelperImpl.sendKaleoNotifications(NotificationHelperImpl.java:55) ~[?:?]
	at com.liferay.portal.workflow.kaleo.runtime.node.BaseNodeExecutor.enter(BaseNodeExecutor.java:55) ~[?:?]
	at com.liferay.portal.workflow.kaleo.runtime.internal.graph.DefaultGraphWalker.follow(DefaultGraphWalker.java:72) ~[?:?]
	at jdk.internal.reflect.GeneratedMethodAccessor1140.invoke(Unknown Source) ~[?:?]
	at jdk.internal.reflect.DelegatingMethodAccessorImpl.invoke(DelegatingMethodAccessorImpl.java:43) ~[?:?]
	at java.lang.reflect.Method.invoke(Method.java:566) ~[?:?]
	at com.liferay.portal.spring.aop.AopMethodInvocationImpl.proceed(AopMethodInvocationImpl.java:50) ~[portal-impl.jar:?]
	at com.liferay.portal.spring.transaction.TransactionInterceptor.invoke(TransactionInterceptor.java:69) ~[portal-impl.jar:?]
	at com.liferay.portal.spring.aop.AopMethodInvocationImpl.proceed(AopMethodInvocationImpl.java:57) ~[portal-impl.jar:?]
	at com.liferay.portal.spring.aop.AopInvocationHandler.invoke(AopInvocationHandler.java:49) ~[portal-impl.jar:?]
	at com.sun.proxy.$Proxy1240.follow(Unknown Source) ~[?:?]
	at com.liferay.portal.workflow.kaleo.runtime.internal.petra.executor.GraphWalkerPortalExecutor._walk(GraphWalkerPortalExecutor.java:151) ~[?:?]
	at com.liferay.portal.workflow.kaleo.runtime.internal.petra.executor.GraphWalkerPortalExecutor.lambda$execute$1(GraphWalkerPortalExecutor.java:95) ~[?:?]
	at java.util.concurrent.Executors$RunnableAdapter.call(Executors.java:515) [?:?]
	at java.util.concurrent.FutureTask.run(FutureTask.java:264) [?:?]
	at java.util.concurrent.ThreadPoolExecutor.runWorker(ThreadPoolExecutor.java:1128) [?:?]
	at java.util.concurrent.ThreadPoolExecutor$Worker.run(ThreadPoolExecutor.java:628) [?:?]
	at java.lang.Thread.run(Thread.java:834) [?:?]
Caused by: com.liferay.portal.kernel.log.LogSanitizerException: com.liferay.portal.kernel.template.TemplateException: Unable to process template Noticom.liferay.portal.workflow.kaleo.model.KaleoNode86418
	at com.liferay.portal.template.BaseTemplate.processTemplate(BaseTemplate.java:131) ~[portal-impl.jar:?]
	at com.liferay.portal.workflow.kaleo.runtime.internal.notification.TemplateNotificationMessageGenerator.generateMessage(TemplateNotificationMessageGenerator.java:102) ~[?:?]
	... 19 more
Caused by: com.liferay.portal.kernel.log.LogSanitizerException: freemarker.core.ParseException: Syntax error in template "Noticom.liferay.portal.workflow.kaleo.model.KaleoNode86418" in line 1, column 131:_You can't use ${...} (an interpolation) here as you are already in FreeMarker-expression-mode. Thus, instead of ${myExpression}, just write myExpression. (${...} is only used where otherwise static text is expected, i.e., outside FreeMarker tags and interpolations, or inside string literals.) [Sanitized]
	at freemarker.core.TokenMgrError.toParseException(TokenMgrError.java:260) ~[?:?]
	at freemarker.template.Template.<init>(Template.java:268) ~[?:?]
	at freemarker.template.Template.<init>(Template.java:202) ~[?:?]
	at freemarker.template.Template.<init>(Template.java:181) ~[?:?]
	at freemarker.template.Template.<init>(Template.java:124) ~[?:?]
	at com.liferay.portal.template.freemarker.internal.LiferayTemplateCache.getTemplate(LiferayTemplateCache.java:115) ~[?:?]
	at freemarker.template.Configuration.getTemplate(Configuration.java:2798) ~[?:?]
	at freemarker.template.Configuration.getTemplate(Configuration.java:2665) ~[?:?]
	at com.liferay.portal.template.freemarker.internal.FreeMarkerTemplate.lambda$processTemplate$0(FreeMarkerTemplate.java:151) ~[?:?]
	at com.liferay.portal.template.freemarker.internal.FreeMarkerManager.render(FreeMarkerManager.java:410) ~[?:?]
	at com.liferay.portal.template.freemarker.internal.FreeMarkerTemplate.processTemplate(FreeMarkerTemplate.java:144) ~[?:?]
	at com.liferay.portal.template.BaseTemplate.processTemplate(BaseTemplate.java:126) ~[portal-impl.jar:?]
	at com.liferay.portal.workflow.kaleo.runtime.internal.notification.TemplateNotificationMessageGenerator.generateMessage(TemplateNotificationMessageGenerator.java:102) ~[?:?]
	... 19 more
2022-12-28 11:00:46.135 WARN  [liferay/mail-8][MailMessageListener:140] Email test@liferay.com will be ignored because it is included in mail.send.blacklist
2022-12-28 12:37:11.558 ERROR [com.liferay.portal.workflow.kaleo.runtime.internal.petra.executor.GraphWalkerPortalExecutor-2][runtime:59] Error executing FreeMarker template
freemarker.core.InvalidReferenceException: The following has evaluated to null or missing:
==> structureName  [in template "Noticom.liferay.portal.workflow.kaleo.model.KaleoNode86483" at line 1, column 167]

----
Tip: If the failing expression is known to legally refer to something that's sometimes null or missing, either specify a default value like myOptionalVar!myDefault, or use <#if myOptionalVar??>when-present<#else>when-missing</#if>. (These only cover the last step of the expression; to cover the whole expression, use parenthesis: (myOptionalVar.foo)!myDefault, (myOptionalVar.foo)??
----

----
FTL stack trace ("~" means nesting-related):
	- Failed at: ${structureName}  [in template "Noticom.liferay.portal.workflow.kaleo.model.KaleoNode86483" at line 1, column 165]
----
	at freemarker.core.InvalidReferenceException.getInstance(InvalidReferenceException.java:134) ~[?:?]
	at freemarker.core.EvalUtil.coerceModelToTextualCommon(EvalUtil.java:479) ~[?:?]
	at freemarker.core.EvalUtil.coerceModelToStringOrMarkup(EvalUtil.java:401) ~[?:?]
	at freemarker.core.EvalUtil.coerceModelToStringOrMarkup(EvalUtil.java:370) ~[?:?]
	at freemarker.core.DollarVariable.calculateInterpolatedStringOrMarkup(DollarVariable.java:100) ~[?:?]
	at freemarker.core.DollarVariable.accept(DollarVariable.java:63) ~[?:?]
	at freemarker.core.Environment.visit(Environment.java:331) ~[?:?]
	at freemarker.core.Environment.visit(Environment.java:337) ~[?:?]
	at freemarker.core.Environment.process(Environment.java:310) ~[?:?]
	at freemarker.template.Template.process(Template.java:383) ~[?:?]
	at com.liferay.portal.template.freemarker.internal.FreeMarkerTemplate.lambda$processTemplate$0(FreeMarkerTemplate.java:157) ~[?:?]
	at com.liferay.portal.template.freemarker.internal.FreeMarkerManager.render(FreeMarkerManager.java:410) ~[?:?]
	at com.liferay.portal.template.freemarker.internal.FreeMarkerTemplate.processTemplate(FreeMarkerTemplate.java:144) ~[?:?]
	at com.liferay.portal.template.BaseTemplate.processTemplate(BaseTemplate.java:126) ~[portal-impl.jar:?]
	at com.liferay.portal.workflow.kaleo.runtime.internal.notification.TemplateNotificationMessageGenerator.generateMessage(TemplateNotificationMessageGenerator.java:102) ~[?:?]
	at com.liferay.portal.workflow.kaleo.runtime.internal.helper.NotificationHelperImpl._sendKaleoNotification(NotificationHelperImpl.java:70) ~[?:?]
	at com.liferay.portal.workflow.kaleo.runtime.internal.helper.NotificationHelperImpl.sendKaleoNotifications(NotificationHelperImpl.java:55) ~[?:?]
	at com.liferay.portal.workflow.kaleo.runtime.node.BaseNodeExecutor.enter(BaseNodeExecutor.java:55) ~[?:?]
	at com.liferay.portal.workflow.kaleo.runtime.internal.graph.DefaultGraphWalker.follow(DefaultGraphWalker.java:72) ~[?:?]
	at jdk.internal.reflect.GeneratedMethodAccessor1140.invoke(Unknown Source) ~[?:?]
	at jdk.internal.reflect.DelegatingMethodAccessorImpl.invoke(DelegatingMethodAccessorImpl.java:43) ~[?:?]
	at java.lang.reflect.Method.invoke(Method.java:566) ~[?:?]
	at com.liferay.portal.spring.aop.AopMethodInvocationImpl.proceed(AopMethodInvocationImpl.java:50) ~[portal-impl.jar:?]
	at com.liferay.portal.spring.transaction.TransactionInterceptor.invoke(TransactionInterceptor.java:69) ~[portal-impl.jar:?]
	at com.liferay.portal.spring.aop.AopMethodInvocationImpl.proceed(AopMethodInvocationImpl.java:57) ~[portal-impl.jar:?]
	at com.liferay.portal.spring.aop.AopInvocationHandler.invoke(AopInvocationHandler.java:49) ~[portal-impl.jar:?]
	at com.sun.proxy.$Proxy1240.follow(Unknown Source) ~[?:?]
	at com.liferay.portal.workflow.kaleo.runtime.internal.petra.executor.GraphWalkerPortalExecutor._walk(GraphWalkerPortalExecutor.java:151) ~[?:?]
	at com.liferay.portal.workflow.kaleo.runtime.internal.petra.executor.GraphWalkerPortalExecutor.lambda$execute$1(GraphWalkerPortalExecutor.java:95) ~[?:?]
	at java.util.concurrent.Executors$RunnableAdapter.call(Executors.java:515) [?:?]
	at java.util.concurrent.FutureTask.run(FutureTask.java:264) [?:?]
	at java.util.concurrent.ThreadPoolExecutor.runWorker(ThreadPoolExecutor.java:1128) [?:?]
	at java.util.concurrent.ThreadPoolExecutor$Worker.run(ThreadPoolExecutor.java:628) [?:?]
	at java.lang.Thread.run(Thread.java:834) [?:?]
2022-12-28 12:37:11.597 ERROR [com.liferay.portal.workflow.kaleo.runtime.internal.petra.executor.GraphWalkerPortalExecutor-2][GraphWalkerPortalExecutor:163] com.liferay.portal.workflow.kaleo.runtime.notification.NotificationMessageGenerationException: Unable to generate notification message
com.liferay.portal.kernel.log.LogSanitizerException: com.liferay.portal.workflow.kaleo.runtime.notification.NotificationMessageGenerationException: Unable to generate notification message
	at com.liferay.portal.workflow.kaleo.runtime.internal.notification.TemplateNotificationMessageGenerator.generateMessage(TemplateNotificationMessageGenerator.java:107) ~[?:?]
	at com.liferay.portal.workflow.kaleo.runtime.internal.helper.NotificationHelperImpl._sendKaleoNotification(NotificationHelperImpl.java:70) ~[?:?]
	at com.liferay.portal.workflow.kaleo.runtime.internal.helper.NotificationHelperImpl.sendKaleoNotifications(NotificationHelperImpl.java:55) ~[?:?]
	at com.liferay.portal.workflow.kaleo.runtime.node.BaseNodeExecutor.enter(BaseNodeExecutor.java:55) ~[?:?]
	at com.liferay.portal.workflow.kaleo.runtime.internal.graph.DefaultGraphWalker.follow(DefaultGraphWalker.java:72) ~[?:?]
	at jdk.internal.reflect.GeneratedMethodAccessor1140.invoke(Unknown Source) ~[?:?]
	at jdk.internal.reflect.DelegatingMethodAccessorImpl.invoke(DelegatingMethodAccessorImpl.java:43) ~[?:?]
	at java.lang.reflect.Method.invoke(Method.java:566) ~[?:?]
	at com.liferay.portal.spring.aop.AopMethodInvocationImpl.proceed(AopMethodInvocationImpl.java:50) ~[portal-impl.jar:?]
	at com.liferay.portal.spring.transaction.TransactionInterceptor.invoke(TransactionInterceptor.java:69) ~[portal-impl.jar:?]
	at com.liferay.portal.spring.aop.AopMethodInvocationImpl.proceed(AopMethodInvocationImpl.java:57) ~[portal-impl.jar:?]
	at com.liferay.portal.spring.aop.AopInvocationHandler.invoke(AopInvocationHandler.java:49) ~[portal-impl.jar:?]
	at com.sun.proxy.$Proxy1240.follow(Unknown Source) ~[?:?]
	at com.liferay.portal.workflow.kaleo.runtime.internal.petra.executor.GraphWalkerPortalExecutor._walk(GraphWalkerPortalExecutor.java:151) ~[?:?]
	at com.liferay.portal.workflow.kaleo.runtime.internal.petra.executor.GraphWalkerPortalExecutor.lambda$execute$1(GraphWalkerPortalExecutor.java:95) ~[?:?]
	at java.util.concurrent.Executors$RunnableAdapter.call(Executors.java:515) [?:?]
	at java.util.concurrent.FutureTask.run(FutureTask.java:264) [?:?]
	at java.util.concurrent.ThreadPoolExecutor.runWorker(ThreadPoolExecutor.java:1128) [?:?]
	at java.util.concurrent.ThreadPoolExecutor$Worker.run(ThreadPoolExecutor.java:628) [?:?]
	at java.lang.Thread.run(Thread.java:834) [?:?]
Caused by: com.liferay.portal.kernel.log.LogSanitizerException: com.liferay.portal.kernel.template.TemplateException: Unable to process template Noticom.liferay.portal.workflow.kaleo.model.KaleoNode86483
	at com.liferay.portal.template.BaseTemplate.processTemplate(BaseTemplate.java:131) ~[portal-impl.jar:?]
	at com.liferay.portal.workflow.kaleo.runtime.internal.notification.TemplateNotificationMessageGenerator.generateMessage(TemplateNotificationMessageGenerator.java:102) ~[?:?]
	... 19 more
Caused by: com.liferay.portal.kernel.log.LogSanitizerException: freemarker.core.InvalidReferenceException: The following has evaluated to null or missing:_==> structureName  [in template "Noticom.liferay.portal.workflow.kaleo.model.KaleoNode86483" at line 1, column 167]__----_Tip: If the failing expression is known to legally refer to something that's sometimes null or missing, either specify a default value like myOptionalVar!myDefault, or use <#if myOptionalVar??>when-present<#else>when-missing</#if>. (These only cover the last step of the expression; to cover the whole expression, use parenthesis: (myOptionalVar.foo)!myDefault, (myOptionalVar.foo)??_----__----_FTL stack trace ("~" means nesting-related):_	- Failed at: ${structureName}  [in template "Noticom.liferay.portal.workflow.kaleo.model.KaleoNode86483" at line 1, column 165]_---- [Sanitized]
	at freemarker.core.InvalidReferenceException.getInstance(InvalidReferenceException.java:134) ~[?:?]
	at freemarker.core.EvalUtil.coerceModelToTextualCommon(EvalUtil.java:479) ~[?:?]
	at freemarker.core.EvalUtil.coerceModelToStringOrMarkup(EvalUtil.java:401) ~[?:?]
	at freemarker.core.EvalUtil.coerceModelToStringOrMarkup(EvalUtil.java:370) ~[?:?]
	at freemarker.core.DollarVariable.calculateInterpolatedStringOrMarkup(DollarVariable.java:100) ~[?:?]
	at freemarker.core.DollarVariable.accept(DollarVariable.java:63) ~[?:?]
	at freemarker.core.Environment.visit(Environment.java:331) ~[?:?]
	at freemarker.core.Environment.visit(Environment.java:337) ~[?:?]
	at freemarker.core.Environment.process(Environment.java:310) ~[?:?]
	at freemarker.template.Template.process(Template.java:383) ~[?:?]
	at com.liferay.portal.template.freemarker.internal.FreeMarkerTemplate.lambda$processTemplate$0(FreeMarkerTemplate.java:157) ~[?:?]
	at com.liferay.portal.template.freemarker.internal.FreeMarkerManager.render(FreeMarkerManager.java:410) ~[?:?]
	at com.liferay.portal.template.freemarker.internal.FreeMarkerTemplate.processTemplate(FreeMarkerTemplate.java:144) ~[?:?]
	at com.liferay.portal.template.BaseTemplate.processTemplate(BaseTemplate.java:126) ~[portal-impl.jar:?]
	at com.liferay.portal.workflow.kaleo.runtime.internal.notification.TemplateNotificationMessageGenerator.generateMessage(TemplateNotificationMessageGenerator.java:102) ~[?:?]
	... 19 more
2022-12-28 12:59:14.760 ERROR [com.liferay.portal.workflow.kaleo.runtime.internal.petra.executor.GraphWalkerPortalExecutor-2][runtime:59] Error executing FreeMarker template
freemarker.core.InvalidReferenceException: The following has evaluated to null or missing:
==> serviceLocator.findService("com.liferay.portal.kernel.workflow.WorkflowDefinition")  [in template "Noticom.liferay.portal.workflow.kaleo.model.KaleoNode86522" at line 1, column 178]

----
Tip: If the failing expression is known to legally refer to something that's sometimes null or missing, either specify a default value like myOptionalVar!myDefault, or use <#if myOptionalVar??>when-present<#else>when-missing</#if>. (These only cover the last step of the expression; to cover the whole expression, use parenthesis: (myOptionalVar.foo)!myDefault, (myOptionalVar.foo)??
----

----
FTL stack trace ("~" means nesting-related):
	- Failed at: #assign wd = serviceLocator.findServi...  [in template "Noticom.liferay.portal.workflow.kaleo.model.KaleoNode86522" at line 1, column 165]
----
	at freemarker.core.InvalidReferenceException.getInstance(InvalidReferenceException.java:134) ~[?:?]
	at freemarker.core.Assignment.accept(Assignment.java:139) ~[?:?]
	at freemarker.core.Environment.visit(Environment.java:331) ~[?:?]
	at freemarker.core.Environment.visit(Environment.java:337) ~[?:?]
	at freemarker.core.Environment.process(Environment.java:310) ~[?:?]
	at freemarker.template.Template.process(Template.java:383) ~[?:?]
	at com.liferay.portal.template.freemarker.internal.FreeMarkerTemplate.lambda$processTemplate$0(FreeMarkerTemplate.java:157) ~[?:?]
	at com.liferay.portal.template.freemarker.internal.FreeMarkerManager.render(FreeMarkerManager.java:410) ~[?:?]
	at com.liferay.portal.template.freemarker.internal.FreeMarkerTemplate.processTemplate(FreeMarkerTemplate.java:144) ~[?:?]
	at com.liferay.portal.template.BaseTemplate.processTemplate(BaseTemplate.java:126) ~[portal-impl.jar:?]
	at com.liferay.portal.workflow.kaleo.runtime.internal.notification.TemplateNotificationMessageGenerator.generateMessage(TemplateNotificationMessageGenerator.java:102) ~[?:?]
	at com.liferay.portal.workflow.kaleo.runtime.internal.helper.NotificationHelperImpl._sendKaleoNotification(NotificationHelperImpl.java:70) ~[?:?]
	at com.liferay.portal.workflow.kaleo.runtime.internal.helper.NotificationHelperImpl.sendKaleoNotifications(NotificationHelperImpl.java:55) ~[?:?]
	at com.liferay.portal.workflow.kaleo.runtime.node.BaseNodeExecutor.enter(BaseNodeExecutor.java:55) ~[?:?]
	at com.liferay.portal.workflow.kaleo.runtime.internal.graph.DefaultGraphWalker.follow(DefaultGraphWalker.java:72) ~[?:?]
	at jdk.internal.reflect.GeneratedMethodAccessor1140.invoke(Unknown Source) ~[?:?]
	at jdk.internal.reflect.DelegatingMethodAccessorImpl.invoke(DelegatingMethodAccessorImpl.java:43) ~[?:?]
	at java.lang.reflect.Method.invoke(Method.java:566) ~[?:?]
	at com.liferay.portal.spring.aop.AopMethodInvocationImpl.proceed(AopMethodInvocationImpl.java:50) ~[portal-impl.jar:?]
	at com.liferay.portal.spring.transaction.TransactionInterceptor.invoke(TransactionInterceptor.java:69) ~[portal-impl.jar:?]
	at com.liferay.portal.spring.aop.AopMethodInvocationImpl.proceed(AopMethodInvocationImpl.java:57) ~[portal-impl.jar:?]
	at com.liferay.portal.spring.aop.AopInvocationHandler.invoke(AopInvocationHandler.java:49) ~[portal-impl.jar:?]
	at com.sun.proxy.$Proxy1240.follow(Unknown Source) ~[?:?]
	at com.liferay.portal.workflow.kaleo.runtime.internal.petra.executor.GraphWalkerPortalExecutor._walk(GraphWalkerPortalExecutor.java:151) ~[?:?]
	at com.liferay.portal.workflow.kaleo.runtime.internal.petra.executor.GraphWalkerPortalExecutor.lambda$execute$1(GraphWalkerPortalExecutor.java:95) ~[?:?]
	at java.util.concurrent.Executors$RunnableAdapter.call(Executors.java:515) [?:?]
	at java.util.concurrent.FutureTask.run(FutureTask.java:264) [?:?]
	at java.util.concurrent.ThreadPoolExecutor.runWorker(ThreadPoolExecutor.java:1128) [?:?]
	at java.util.concurrent.ThreadPoolExecutor$Worker.run(ThreadPoolExecutor.java:628) [?:?]
	at java.lang.Thread.run(Thread.java:834) [?:?]
2022-12-28 12:59:14.799 ERROR [com.liferay.portal.workflow.kaleo.runtime.internal.petra.executor.GraphWalkerPortalExecutor-2][GraphWalkerPortalExecutor:163] com.liferay.portal.workflow.kaleo.runtime.notification.NotificationMessageGenerationException: Unable to generate notification message
com.liferay.portal.kernel.log.LogSanitizerException: com.liferay.portal.workflow.kaleo.runtime.notification.NotificationMessageGenerationException: Unable to generate notification message
	at com.liferay.portal.workflow.kaleo.runtime.internal.notification.TemplateNotificationMessageGenerator.generateMessage(TemplateNotificationMessageGenerator.java:107) ~[?:?]
	at com.liferay.portal.workflow.kaleo.runtime.internal.helper.NotificationHelperImpl._sendKaleoNotification(NotificationHelperImpl.java:70) ~[?:?]
	at com.liferay.portal.workflow.kaleo.runtime.internal.helper.NotificationHelperImpl.sendKaleoNotifications(NotificationHelperImpl.java:55) ~[?:?]
	at com.liferay.portal.workflow.kaleo.runtime.node.BaseNodeExecutor.enter(BaseNodeExecutor.java:55) ~[?:?]
	at com.liferay.portal.workflow.kaleo.runtime.internal.graph.DefaultGraphWalker.follow(DefaultGraphWalker.java:72) ~[?:?]
	at jdk.internal.reflect.GeneratedMethodAccessor1140.invoke(Unknown Source) ~[?:?]
	at jdk.internal.reflect.DelegatingMethodAccessorImpl.invoke(DelegatingMethodAccessorImpl.java:43) ~[?:?]
	at java.lang.reflect.Method.invoke(Method.java:566) ~[?:?]
	at com.liferay.portal.spring.aop.AopMethodInvocationImpl.proceed(AopMethodInvocationImpl.java:50) ~[portal-impl.jar:?]
	at com.liferay.portal.spring.transaction.TransactionInterceptor.invoke(TransactionInterceptor.java:69) ~[portal-impl.jar:?]
	at com.liferay.portal.spring.aop.AopMethodInvocationImpl.proceed(AopMethodInvocationImpl.java:57) ~[portal-impl.jar:?]
	at com.liferay.portal.spring.aop.AopInvocationHandler.invoke(AopInvocationHandler.java:49) ~[portal-impl.jar:?]
	at com.sun.proxy.$Proxy1240.follow(Unknown Source) ~[?:?]
	at com.liferay.portal.workflow.kaleo.runtime.internal.petra.executor.GraphWalkerPortalExecutor._walk(GraphWalkerPortalExecutor.java:151) ~[?:?]
	at com.liferay.portal.workflow.kaleo.runtime.internal.petra.executor.GraphWalkerPortalExecutor.lambda$execute$1(GraphWalkerPortalExecutor.java:95) ~[?:?]
	at java.util.concurrent.Executors$RunnableAdapter.call(Executors.java:515) [?:?]
	at java.util.concurrent.FutureTask.run(FutureTask.java:264) [?:?]
	at java.util.concurrent.ThreadPoolExecutor.runWorker(ThreadPoolExecutor.java:1128) [?:?]
	at java.util.concurrent.ThreadPoolExecutor$Worker.run(ThreadPoolExecutor.java:628) [?:?]
	at java.lang.Thread.run(Thread.java:834) [?:?]
Caused by: com.liferay.portal.kernel.log.LogSanitizerException: com.liferay.portal.kernel.template.TemplateException: Unable to process template Noticom.liferay.portal.workflow.kaleo.model.KaleoNode86522
	at com.liferay.portal.template.BaseTemplate.processTemplate(BaseTemplate.java:131) ~[portal-impl.jar:?]
	at com.liferay.portal.workflow.kaleo.runtime.internal.notification.TemplateNotificationMessageGenerator.generateMessage(TemplateNotificationMessageGenerator.java:102) ~[?:?]
	... 19 more
Caused by: com.liferay.portal.kernel.log.LogSanitizerException: freemarker.core.InvalidReferenceException: The following has evaluated to null or missing:_==> serviceLocator.findService("com.liferay.portal.kernel.workflow.WorkflowDefinition")  [in template "Noticom.liferay.portal.workflow.kaleo.model.KaleoNode86522" at line 1, column 178]__----_Tip: If the failing expression is known to legally refer to something that's sometimes null or missing, either specify a default value like myOptionalVar!myDefault, or use <#if myOptionalVar??>when-present<#else>when-missing</#if>. (These only cover the last step of the expression; to cover the whole expression, use parenthesis: (myOptionalVar.foo)!myDefault, (myOptionalVar.foo)??_----__----_FTL stack trace ("~" means nesting-related):_	- Failed at: #assign wd = serviceLocator.findServi...  [in template "Noticom.liferay.portal.workflow.kaleo.model.KaleoNode86522" at line 1, column 165]_---- [Sanitized]
	at freemarker.core.InvalidReferenceException.getInstance(InvalidReferenceException.java:134) ~[?:?]
	at freemarker.core.Assignment.accept(Assignment.java:139) ~[?:?]
	at freemarker.core.Environment.visit(Environment.java:331) ~[?:?]
	at freemarker.core.Environment.visit(Environment.java:337) ~[?:?]
	at freemarker.core.Environment.process(Environment.java:310) ~[?:?]
	at freemarker.template.Template.process(Template.java:383) ~[?:?]
	at com.liferay.portal.template.freemarker.internal.FreeMarkerTemplate.lambda$processTemplate$0(FreeMarkerTemplate.java:157) ~[?:?]
	at com.liferay.portal.template.freemarker.internal.FreeMarkerManager.render(FreeMarkerManager.java:410) ~[?:?]
	at com.liferay.portal.template.freemarker.internal.FreeMarkerTemplate.processTemplate(FreeMarkerTemplate.java:144) ~[?:?]
	at com.liferay.portal.template.BaseTemplate.processTemplate(BaseTemplate.java:126) ~[portal-impl.jar:?]
	at com.liferay.portal.workflow.kaleo.runtime.internal.notification.TemplateNotificationMessageGenerator.generateMessage(TemplateNotificationMessageGenerator.java:102) ~[?:?]
	... 19 more
2022-12-28 13:17:29.201 WARN  [liferay/mail-8][MailMessageListener:140] Email test@liferay.com will be ignored because it is included in mail.send.blacklist
2022-12-28 13:18:20.040 WARN  [http-nio-8000-exec-10][code_jsp:159] {code="404", msg="ProxyServlet: /o/frontend-editor-ckeditor-web/ckeditor/skins/moono-lexicon/skin.js", uri=/o/frontend-editor-ckeditor-web/ckeditor/skins/moono-lexicon/skin.js}
2022-12-28 13:18:32.113 WARN  [liferay/mail-8][MailMessageListener:140] Email test@liferay.com will be ignored because it is included in mail.send.blacklist
2022-12-28 13:30:54.033 INFO  [Thread-7][ThemeHotDeployListener:171] 1 theme for cstheme2-theme was unregistered
2022-12-28 13:30:54.059 INFO  [Thread-7][ThemeHotDeployListener:171] 1 theme for my-liferay-theme was unregistered
2022-12-28 13:30:54.079 INFO  [Thread-7][ThemeHotDeployListener:171] 1 theme for demotheme-theme was unregistered
2022-12-28 13:30:54.096 INFO  [Thread-7][ThemeHotDeployListener:171] 1 theme for democlassictheme-theme was unregistered
2022-12-28 13:30:54.128 INFO  [Thread-7][LayoutTemplateHotDeployListener:156] 1 layout template for LayoutTemplateDemo was unregistered
2022-12-28 13:30:54.167 INFO  [Thread-7][HookHotDeployListener:544] Hook for LangHook was unregistered
2022-12-28 13:30:54.184 INFO  [Thread-7][ThemeHotDeployListener:171] 1 theme for admin-theme was unregistered
2022-12-28 13:30:54.203 INFO  [Thread-7][ThemeHotDeployListener:171] 1 theme for minium-theme was unregistered
2022-12-28 13:30:54.221 INFO  [Thread-7][ThemeHotDeployListener:171] 1 theme for speedwell-theme was unregistered
2022-12-28 13:30:54.243 INFO  [Thread-7][ThemeHotDeployListener:171] 1 theme for dialect-theme was unregistered
2022-12-28 13:30:54.269 INFO  [Thread-7][ThemeHotDeployListener:171] 1 theme for classic-theme was unregistered
