2023-03-02 04:46:10.291 INFO  [main][PortalContextLoaderListener:123] JVM arguments: -Dcatalina.base=/media/root322/Data/Documents/LiferayWorkspace/bundles/tomcat-9.0.56 -Dcatalina.home=/media/root322/Data/Documents/LiferayWorkspace/bundles/tomcat-9.0.56 -Dfile.encoding=UTF8 -Djava.io.tmpdir=/media/root322/Data/Documents/LiferayWorkspace/bundles/tomcat-9.0.56/temp -Djava.net.preferIPv4Stack=true -Djava.util.logging.config.file=/media/root322/Data/Documents/LiferayWorkspace/bundles/tomcat-9.0.56/conf/logging.properties -Djava.util.logging.manager=org.apache.juli.ClassLoaderLogManager -Dorg.apache.catalina.loader.WebappClassLoader.ENABLE_CLEAR_REFERENCES=false -Duser.timezone=GMT -Xmx2560m -XX:MaxMetaspaceSize=768m -XX:MetaspaceSize=768m -javaagent:/snap/intellij-idea-ultimate/405/lib/idea_rt.jar=36019:/snap/intellij-idea-ultimate/405/bin
2023-03-02 04:46:15.694 INFO  [main][DialectDetector:153] Using dialect org.hibernate.dialect.MySQL8Dialect for MySQL 8.0
2023-03-02 04:46:20.006 INFO  [main][ModuleFrameworkImpl:1279] Starting initial bundles
2023-03-02 04:46:20.695 INFO  [ModuleFramework-Static-Bundles-2][InterpolationConfigurationPlugin:109] Configured directory for secrets: /media/root322/Data/Documents/LiferayWorkspace/bundles/osgi/configs
2023-03-02 04:46:22.803 INFO  [ModuleFramework-Static-Bundles-8][DefaultLPKGDeployer:456] Using overriding JAR bundle LPKG-Override::/media/root322/Data/Documents/LiferayWorkspace/bundles/osgi/marketplace/override/com.liferay.document.library.web.jar
2023-03-02 04:46:22.804 INFO  [ModuleFramework-Static-Bundles-8][DefaultLPKGDeployer:456] Using overriding JAR bundle LPKG-Override::/media/root322/Data/Documents/LiferayWorkspace/bundles/osgi/marketplace/override/com.liferay.portal.language.lang.jar
2023-03-02 04:46:22.891 INFO  [main][ModuleFrameworkImpl:1576] Started initial bundles
2023-03-02 04:46:22.891 INFO  [main][ModuleFrameworkImpl:1625] Starting dynamic bundles
2023-03-02 04:46:46.071 INFO  [Start Level: Equinox Container: 9da2e2e3-89c8-431f-a1a4-f129bddffba0][MessageBusRegistrator:41] Message Listener Registered..com.liferaysavvy.messagebus.event.listener.MessageBusRegisteredParallelMessageListener@58569baa
2023-03-02 04:46:46.072 INFO  [Start Level: Equinox Container: 9da2e2e3-89c8-431f-a1a4-f129bddffba0][MessageBusRegistrator:45] Message Listener Registered..com.liferaysavvy.messagebus.event.listener.MessageBusRegisteredSerialMessageListener@40c5a15e
2023-03-02 04:46:46.073 INFO  [Start Level: Equinox Container: 9da2e2e3-89c8-431f-a1a4-f129bddffba0][MessageBusRegistrator:49] Message Listener Registered..com.liferaysavvy.messagebus.event.listener.MessageBusRegisteredSynchronousMessageListener@59de5bba
2023-03-02 04:46:46.207 INFO  [main][ModuleFrameworkImpl:1647] Started dynamic bundles
2023-03-02 04:46:46.207 INFO  [main][ModuleFrameworkImpl:1654] Starting web bundles
2023-03-02 04:46:50.297 INFO  [main][ModuleFrameworkImpl:1708] Started web bundles
2023-03-02 04:46:50.298 INFO  [main][ModuleFrameworkImpl:278] Navigate to Control Panel > System > Gogo Shell and enter "lb" to see all bundles
2023-03-02 04:46:50.339 INFO  [main][LoggingTimer:83] Starting com.liferay.portal.verify.VerifyProperties#verifySystemProperties
2023-03-02 04:46:50.340 INFO  [main][LoggingTimer:44] Completed com.liferay.portal.verify.VerifyProperties#verifySystemProperties in 0 ms
2023-03-02 04:46:50.340 INFO  [main][LoggingTimer:83] Starting com.liferay.portal.verify.VerifyProperties#verifyPortalProperties
2023-03-02 04:46:50.362 ERROR [main][VerifyProperties:182] Portal property "journal.article.form.add" is obsolete
2023-03-02 04:46:50.363 ERROR [main][VerifyProperties:182] Portal property "journal.article.form.update" is obsolete
2023-03-02 04:46:50.378 ERROR [main][VerifyProperties:182] Portal property "journal.article.form.translate" is obsolete
2023-03-02 04:46:50.379 INFO  [main][LoggingTimer:44] Completed com.liferay.portal.verify.VerifyProperties#verifyPortalProperties in 39 ms
2023-03-02 04:46:50.379 INFO  [main][LoggingTimer:83] Starting com.liferay.portal.verify.VerifyProperties#verifyDocumentLibrary
2023-03-02 04:46:50.380 INFO  [main][LoggingTimer:44] Completed com.liferay.portal.verify.VerifyProperties#verifyDocumentLibrary in 1 ms
2023-03-02 04:46:51.111 INFO  [main][LoggingTimer:83] Starting com.liferay.portal.events.StartupHelperUtil#initResourceActions
2023-03-02 04:46:51.217 INFO  [main][LoggingTimer:44] Completed com.liferay.portal.events.StartupHelperUtil#initResourceActions in 106 ms
2023-03-02 04:46:55.237 WARN  [main][SidecarManager:103] Liferay automatically starts a child process of Elasticsearch named sidecar for convenient development and demonstration purposes. Do NOT use sidecar in production. Refer to the documentation for details on the limitations of sidecar and instructions on configuring a remote Elasticsearch connection in the Control Panel.
2023-03-02 04:47:10.776 INFO  [main][Sidecar:119] Sidecar Elasticsearch liferay started at 127.0.0.1:9501
2023-03-02 04:47:16.982 INFO  [main][MessageBusEventListenerNotification:33] **********Destination Added***********liferay/audit
2023-03-02 04:47:16.989 INFO  [main][MessageBusEventListenerNotification:33] **********Destination Added***********liferay/analytics_messages_processor
2023-03-02 04:47:16.995 INFO  [main][MessageBusEventListenerNotification:33] **********Destination Added***********liferay/adaptive_media_processor
2023-03-02 04:47:17.002 INFO  [main][MessageBusEventListenerNotification:33] **********Destination Added***********liferay/interest_terms
2023-03-02 04:47:17.010 INFO  [main][MessageBusEventListenerNotification:33] **********Destination Added***********liferay/search_reader/GENERIC_ENGINE
2023-03-02 04:47:17.014 INFO  [main][MessageBusEventListenerNotification:33] **********Destination Added***********liferay/search_writer/GENERIC_ENGINE
2023-03-02 04:47:17.025 INFO  [main][MessageBusEventListenerNotification:33] **********Destination Added***********liferay/monitoring
2023-03-02 04:47:17.030 INFO  [main][MessageBusEventListenerNotification:33] **********Destination Added***********liferay/scripting_executor
2023-03-02 04:47:17.035 INFO  [main][MessageBusEventListenerNotification:33] **********Destination Added***********liferay/ddm_structure_reindex
2023-03-02 04:47:17.038 INFO  [main][MessageBusEventListenerNotification:33] **********Destination Added***********liferay/segments_entry_reindex
2023-03-02 04:47:17.042 INFO  [main][MessageBusEventListenerNotification:33] **********Destination Added***********liferay/tensorflow_model_download
2023-03-02 04:47:17.046 INFO  [main][MessageBusEventListenerNotification:33] **********Destination Added***********liferay/message_bus/default_response
2023-03-02 04:47:17.048 INFO  [main][MessageBusEventListenerNotification:33] **********Destination Added***********liferay/message_bus/message_status
2023-03-02 04:47:17.051 INFO  [main][MessageBusEventListenerNotification:33] **********Destination Added***********liferay/live_users
2023-03-02 04:47:17.053 INFO  [main][MessageBusEventListenerNotification:33] **********Destination Added***********liferay/document_library_audio_processor
2023-03-02 04:47:17.056 INFO  [main][MessageBusEventListenerNotification:33] **********Destination Added***********liferay/async_service
2023-03-02 04:47:17.059 INFO  [main][MessageBusEventListenerNotification:33] **********Destination Added***********liferay/layouts_local_publisher
2023-03-02 04:47:17.061 INFO  [main][MessageBusEventListenerNotification:33] **********Destination Added***********liferay/convert_process
2023-03-02 04:47:17.064 INFO  [main][MessageBusEventListenerNotification:33] **********Destination Added***********liferay/document_library_pdf_processor
2023-03-02 04:47:17.066 INFO  [main][MessageBusEventListenerNotification:33] **********Destination Added***********liferay/subscription_clean_up
2023-03-02 04:47:17.068 INFO  [main][MessageBusEventListenerNotification:33] **********Destination Added***********liferay/document_library_video_processor
2023-03-02 04:47:17.070 INFO  [main][MessageBusEventListenerNotification:33] **********Destination Added***********liferay/document_library_raw_metadata_processor
2023-03-02 04:47:17.072 INFO  [main][MessageBusEventListenerNotification:33] **********Destination Added***********liferay/document_library_image_processor
2023-03-02 04:47:17.074 INFO  [main][MessageBusEventListenerNotification:33] **********Destination Added***********liferay/message_boards_mailing_list
2023-03-02 04:47:17.075 INFO  [main][MessageBusEventListenerNotification:33] **********Destination Added***********liferay/subscription_sender
2023-03-02 04:47:17.078 INFO  [main][MessageBusEventListenerNotification:33] **********Destination Added***********liferay/hot_deploy
2023-03-02 04:47:17.080 INFO  [main][MessageBusEventListenerNotification:33] **********Destination Added***********liferay/layouts_remote_publisher
2023-03-02 04:47:17.089 INFO  [main][MessageBusEventListenerNotification:33] **********Destination Added***********liferay/poller_comet_response
2023-03-02 04:47:17.092 INFO  [main][MessageBusEventListenerNotification:33] **********Destination Added***********liferay/poller_response
2023-03-02 04:47:17.094 INFO  [main][MessageBusEventListenerNotification:33] **********Destination Added***********liferay/poller
2023-03-02 04:47:17.100 INFO  [main][MessageBusEventListenerNotification:33] **********Destination Added***********liferay/workflow_definition
2023-03-02 04:47:17.102 INFO  [main][MessageBusEventListenerNotification:33] **********Destination Added***********liferay/workflow_instance
2023-03-02 04:47:17.104 INFO  [main][MessageBusEventListenerNotification:33] **********Destination Added***********liferay/workflow_log
2023-03-02 04:47:17.106 INFO  [main][MessageBusEventListenerNotification:33] **********Destination Added***********liferay/workflow_task
2023-03-02 04:47:17.108 INFO  [main][MessageBusEventListenerNotification:33] **********Destination Added***********liferay/workflow_engine
2023-03-02 04:47:17.111 INFO  [main][MessageBusEventListenerNotification:33] **********Destination Added***********liferay/workflow_comparator
2023-03-02 04:47:17.114 INFO  [main][MessageBusEventListenerNotification:33] **********Destination Added***********liferay/workflow_status
2023-03-02 04:47:17.123 INFO  [main][MessageBusEventListenerNotification:33] **********Destination Added***********liferay/mail
2023-03-02 04:47:17.128 INFO  [main][MessageBusEventListenerNotification:33] **********Destination Added***********liferay/scheduled_user_ldap_import
2023-03-02 04:47:17.132 INFO  [main][ParellelDestinationConfig:83] Destination is creared ..liferaysavvy/parallel-destination
2023-03-02 04:47:17.134 INFO  [main][MessageBusEventListenerNotification:33] **********Destination Added***********liferaysavvy/parallel-destination
2023-03-02 04:47:17.136 INFO  [main][ParellelDestinationConfig:90] Destination is registred with Service Regisration ..
2023-03-02 04:47:17.139 INFO  [main][SerialDestinationConfig:83] Destination is creared ..liferaysavvy/serial-destination
2023-03-02 04:47:17.141 INFO  [main][MessageBusEventListenerNotification:33] **********Destination Added***********liferaysavvy/serial-destination
2023-03-02 04:47:17.143 INFO  [main][SerialDestinationConfig:90] Destination is registred with Service Regisration ..
2023-03-02 04:47:17.146 INFO  [main][SynchronousDestinationConfig:83] Destination is creared ..liferaysavvy/synchronous-destination
2023-03-02 04:47:17.149 INFO  [main][DestinationListenerRegistrator:41] Message Listener Registered..com.liferaysavvy.messagebus.event.listener.DestinationRegisteredParallelMessageListener@c5ba19e
2023-03-02 04:47:17.150 INFO  [main][DestinationListenerRegistrator:45] Message Listener Registered..com.liferaysavvy.messagebus.event.listener.DestinationRegisteredSerialMessageListener@31e8e92b
2023-03-02 04:47:17.151 INFO  [main][DestinationListenerRegistrator:49] Message Listener Registered..com.liferaysavvy.messagebus.event.listener.DestinationRegisteredSynchronousMessageListener@467de92f
2023-03-02 04:47:17.152 INFO  [main][MessageBusEventListenerNotification:33] **********Destination Added***********liferaysavvy/synchronous-destination
2023-03-02 04:47:17.154 INFO  [main][SynchronousDestinationConfig:90] Destination is registred with Service Regisration ..
2023-03-02 04:47:17.160 INFO  [main][MessageBusEventListenerNotification:33] **********Destination Added***********liferay/export_import_lifecycle_event_async
2023-03-02 04:47:17.165 INFO  [main][MessageBusEventListenerNotification:33] **********Destination Added***********liferay/export_import_lifecycle_event_sync
2023-03-02 04:47:17.171 INFO  [main][MessageBusEventListenerNotification:33] **********Destination Added***********liferay/commerce_base_price_list
2023-03-02 04:47:17.174 INFO  [main][MessageBusEventListenerNotification:33] **********Destination Added***********liferay/commerce_order_status
2023-03-02 04:47:17.177 INFO  [main][MessageBusEventListenerNotification:33] **********Destination Added***********liferay/commerce_payment_status
2023-03-02 04:47:17.180 INFO  [main][MessageBusEventListenerNotification:33] **********Destination Added***********liferay/commerce_shipment_status
2023-03-02 04:47:17.183 INFO  [main][MessageBusEventListenerNotification:33] **********Destination Added***********liferay/commerce_subscription_status
2023-03-02 04:47:17.192 INFO  [main][MessageBusEventListenerNotification:33] **********Destination Added***********liferay/search_reader/SYSTEM_ENGINE
2023-03-02 04:47:17.195 INFO  [main][MessageBusEventListenerNotification:33] **********Destination Added***********liferay/search_writer/SYSTEM_ENGINE
2023-03-02 04:47:17.453 INFO  [main][MessageBusEventListenerNotification:33] **********Destination Added***********liferay/flags
2023-03-02 04:47:19.970 INFO  [main][StartupHelperUtil:86] There are no patches installed
2023-03-02 04:47:20.001 INFO  [main][LoggingTimer:83] Starting com.liferay.portal.events.StartupHelperUtil#initResourceActions
2023-03-02 04:47:20.030 INFO  [main][LoggingTimer:44] Completed com.liferay.portal.events.StartupHelperUtil#initResourceActions in 28 ms
2023-03-02 04:47:20.037 INFO  [main][MessageBusEventListenerNotification:33] **********Destination Added***********liferay/lcs_status
2023-03-02 04:47:20.078 INFO  [main][LicenseManager:-1] Digital Enterprise Development license validation passed
2023-03-02 04:47:20.897 INFO  [main][AutoDeployDir:176] Auto deploy scanner started for /media/root322/Data/Documents/LiferayWorkspace/bundles/deploy
2023-03-02 04:47:22.193 INFO  [main][MessageBusEventListenerNotification:33] **********Destination Added***********liferay/scheduler_engine
2023-03-02 04:47:25.862 INFO  [main][MessageBusEventListenerNotification:33] **********Destination Added***********liferay/background_task
2023-03-02 04:47:25.867 INFO  [main][MessageBusEventListenerNotification:33] **********Destination Added***********liferay/background_task_status
2023-03-02 04:47:25.985 INFO  [main][MessageBusEventListenerNotification:33] **********Destination Added***********liferay/ct_collection_scheduled_publish
2023-03-02 04:47:27.705 INFO  [main][MessageBusEventListenerNotification:33] **********Destination Added***********liferay/individual_segments
2023-03-02 04:47:31.278 INFO  [main][MessageBusEventListenerNotification:33] **********Destination Added***********liferay/asset_auto_tagger
2023-03-02 04:47:36.945 INFO  [main][MessageBusEventListenerNotification:33] **********Destination Added***********liferay/resources_importer
2023-03-02 04:47:37.479 INFO  [main][MessageBusEventListenerNotification:33] **********Destination Added***********liferay/adaptive_media_image_configuration
2023-03-02 04:47:39.007 ERROR [main][ServiceConfigurationInitializer:107] Unable to initialize service component
com.liferay.portal.kernel.exception.OldServiceComponentException: Build namespace GB has build number 83 which is newer than 47
	at com.liferay.portal.service.impl.ServiceComponentLocalServiceImpl.initServiceComponent(ServiceComponentLocalServiceImpl.java:192) ~[portal-impl.jar:?]
	at jdk.internal.reflect.GeneratedMethodAccessor132.invoke(Unknown Source) ~[?:?]
	at jdk.internal.reflect.DelegatingMethodAccessorImpl.invoke(DelegatingMethodAccessorImpl.java:43) ~[?:?]
	at java.lang.reflect.Method.invoke(Method.java:566) ~[?:?]
	at com.liferay.portal.spring.aop.AopMethodInvocationImpl.proceed(AopMethodInvocationImpl.java:50) ~[portal-impl.jar:?]
	at com.liferay.portal.spring.transaction.TransactionInterceptor.invoke(TransactionInterceptor.java:69) ~[portal-impl.jar:?]
	at com.liferay.portal.spring.aop.AopMethodInvocationImpl.proceed(AopMethodInvocationImpl.java:57) ~[portal-impl.jar:?]
	at com.liferay.change.tracking.internal.aop.CTTransactionAdvice.invoke(CTTransactionAdvice.java:79) ~[?:?]
	at com.liferay.portal.spring.aop.AopMethodInvocationImpl.proceed(AopMethodInvocationImpl.java:57) ~[portal-impl.jar:?]
	at com.liferay.portal.spring.aop.AopInvocationHandler.invoke(AopInvocationHandler.java:49) ~[portal-impl.jar:?]
	at com.sun.proxy.$Proxy283.initServiceComponent(Unknown Source) ~[?:?]
	at com.liferay.portal.spring.extender.internal.configuration.ServiceConfigurationInitializer._initServiceComponent(ServiceConfigurationInitializer.java:102) ~[?:?]
	at com.liferay.portal.spring.extender.internal.configuration.ServiceConfigurationInitializer.start(ServiceConfigurationInitializer.java:64) ~[?:?]
	at jdk.internal.reflect.GeneratedMethodAccessor131.invoke(Unknown Source) ~[?:?]
	at jdk.internal.reflect.DelegatingMethodAccessorImpl.invoke(DelegatingMethodAccessorImpl.java:43) ~[?:?]
	at java.lang.reflect.Method.invoke(Method.java:566) ~[?:?]
	at org.apache.felix.dm.impl.InvocationUtil.invokeMethod(InvocationUtil.java:157) ~[bundleFile:?]
	at org.apache.felix.dm.impl.InvocationUtil.invokeCallbackMethod(InvocationUtil.java:112) ~[bundleFile:?]
	at org.apache.felix.dm.impl.ComponentImpl.invokeCallbackMethod(ComponentImpl.java:638) ~[bundleFile:?]
	at org.apache.felix.dm.impl.ComponentImpl.invoke(ComponentImpl.java:1783) ~[bundleFile:?]
	at org.apache.felix.dm.impl.ComponentImpl.invokeStart(ComponentImpl.java:1281) ~[bundleFile:?]
	at org.apache.felix.dm.impl.ComponentImpl.performTransition(ComponentImpl.java:1232) ~[bundleFile:?]
	at org.apache.felix.dm.impl.ComponentImpl.handleChange(ComponentImpl.java:1166) ~[bundleFile:?]
	at org.apache.felix.dm.impl.ComponentImpl.handleAdded(ComponentImpl.java:1337) ~[bundleFile:?]
	at org.apache.felix.dm.impl.ComponentImpl.lambda$handleEvent$6(ComponentImpl.java:565) ~[bundleFile:?]
	at org.apache.felix.dm.impl.SerialExecutor.runTask(SerialExecutor.java:138) [bundleFile:?]
	at org.apache.felix.dm.impl.SerialExecutor.runTasks(SerialExecutor.java:120) [bundleFile:?]
	at org.apache.felix.dm.impl.SerialExecutor.execute(SerialExecutor.java:86) [bundleFile:?]
	at org.apache.felix.dm.impl.SerialExecutor.execute(SerialExecutor.java:105) [bundleFile:?]
	at org.apache.felix.dm.impl.ComponentImpl.schedule(ComponentImpl.java:1930) [bundleFile:?]
	at org.apache.felix.dm.impl.ComponentImpl.handleEvent(ComponentImpl.java:561) [bundleFile:?]
	at org.apache.felix.dm.impl.ServiceDependencyImpl.addedService(ServiceDependencyImpl.java:276) [bundleFile:?]
	at org.apache.felix.dm.tracker.ServiceTracker$Tracked.customizerAdded(ServiceTracker.java:1283) [bundleFile:?]
	at org.apache.felix.dm.tracker.ServiceTracker$Tracked$2.execute(ServiceTracker.java:1399) [bundleFile:?]
	at org.apache.felix.dm.tracker.ServiceTracker$Tracked$1.run(ServiceTracker.java:1196) [bundleFile:?]
	at org.apache.felix.dm.impl.SerialExecutor.runTask(SerialExecutor.java:138) [bundleFile:?]
	at org.apache.felix.dm.impl.SerialExecutor.runTasks(SerialExecutor.java:120) [bundleFile:?]
	at org.apache.felix.dm.impl.SerialExecutor.execute(SerialExecutor.java:86) [bundleFile:?]
	at org.apache.felix.dm.tracker.ServiceTracker$Tracked.serviceChangedHideAspects(ServiceTracker.java:1202) [bundleFile:?]
	at org.apache.felix.dm.tracker.ServiceTracker$Tracked.serviceChanged(ServiceTracker.java:1057) [bundleFile:?]
	at org.eclipse.osgi.internal.serviceregistry.FilteredServiceListener.serviceChanged(FilteredServiceListener.java:109) [org.eclipse.osgi.jar:?]
	at org.eclipse.osgi.internal.serviceregistry.ServiceRegistry.publishServiceEventPrivileged(ServiceRegistry.java:891) [org.eclipse.osgi.jar:?]
	at org.eclipse.osgi.internal.serviceregistry.ServiceRegistry.publishServiceEvent(ServiceRegistry.java:804) [org.eclipse.osgi.jar:?]
	at org.eclipse.osgi.internal.serviceregistry.ServiceRegistrationImpl.register(ServiceRegistrationImpl.java:127) [org.eclipse.osgi.jar:?]
	at org.eclipse.osgi.internal.serviceregistry.ServiceRegistry.registerService(ServiceRegistry.java:228) [org.eclipse.osgi.jar:?]
	at org.eclipse.osgi.internal.framework.BundleContextImpl.registerService(BundleContextImpl.java:469) [org.eclipse.osgi.jar:?]
	at org.eclipse.osgi.internal.framework.BundleContextImpl.registerService(BundleContextImpl.java:487) [org.eclipse.osgi.jar:?]
	at org.eclipse.osgi.internal.framework.BundleContextImpl.registerService(BundleContextImpl.java:1004) [org.eclipse.osgi.jar:?]
	at com.liferay.portal.upgrade.internal.release.ReleasePublisher.publish(ReleasePublisher.java:75) [bundleFile:?]
	at com.liferay.portal.upgrade.internal.release.ReleasePublisher.activate(ReleasePublisher.java:110) [bundleFile:?]
	at jdk.internal.reflect.NativeMethodAccessorImpl.invoke0(Native Method) ~[?:?]
	at jdk.internal.reflect.NativeMethodAccessorImpl.invoke(NativeMethodAccessorImpl.java:62) ~[?:?]
	at jdk.internal.reflect.DelegatingMethodAccessorImpl.invoke(DelegatingMethodAccessorImpl.java:43) ~[?:?]
	at java.lang.reflect.Method.invoke(Method.java:566) ~[?:?]
	at org.apache.felix.scr.impl.inject.methods.BaseMethod.invokeMethod(BaseMethod.java:228) [bundleFile:?]
	at org.apache.felix.scr.impl.inject.methods.BaseMethod.access$500(BaseMethod.java:41) [bundleFile:?]
	at org.apache.felix.scr.impl.inject.methods.BaseMethod$Resolved.invoke(BaseMethod.java:664) [bundleFile:?]
	at org.apache.felix.scr.impl.inject.methods.BaseMethod.invoke(BaseMethod.java:510) [bundleFile:?]
	at org.apache.felix.scr.impl.inject.methods.ActivateMethod.invoke(ActivateMethod.java:310) [bundleFile:?]
	at org.apache.felix.scr.impl.inject.methods.ActivateMethod.invoke(ActivateMethod.java:300) [bundleFile:?]
	at org.apache.felix.scr.impl.manager.SingleComponentManager.createImplementationObject(SingleComponentManager.java:341) [bundleFile:?]
	at org.apache.felix.scr.impl.manager.SingleComponentManager.createComponent(SingleComponentManager.java:114) [bundleFile:?]
	at org.apache.felix.scr.impl.manager.SingleComponentManager.getService(SingleComponentManager.java:983) [bundleFile:?]
	at org.apache.felix.scr.impl.manager.SingleComponentManager.getServiceInternal(SingleComponentManager.java:956) [bundleFile:?]
	at org.apache.felix.scr.impl.manager.AbstractComponentManager.activateInternal(AbstractComponentManager.java:756) [bundleFile:?]
	at org.apache.felix.scr.impl.manager.DependencyManager$SingleStaticCustomizer.addedService(DependencyManager.java:1053) [bundleFile:?]
	at org.apache.felix.scr.impl.manager.DependencyManager$SingleStaticCustomizer.addedService(DependencyManager.java:1007) [bundleFile:?]
	at org.apache.felix.scr.impl.manager.ServiceTracker$Tracked.customizerAdded(ServiceTracker.java:1216) [bundleFile:?]
	at org.apache.felix.scr.impl.manager.ServiceTracker$Tracked.customizerAdded(ServiceTracker.java:1137) [bundleFile:?]
	at org.apache.felix.scr.impl.manager.ServiceTracker$AbstractTracked.trackAdding(ServiceTracker.java:944) [bundleFile:?]
	at org.apache.felix.scr.impl.manager.ServiceTracker$AbstractTracked.track(ServiceTracker.java:880) [bundleFile:?]
	at org.apache.felix.scr.impl.manager.ServiceTracker$Tracked.serviceChanged(ServiceTracker.java:1168) [bundleFile:?]
	at org.apache.felix.scr.impl.BundleComponentActivator$ListenerInfo.serviceChanged(BundleComponentActivator.java:125) [bundleFile:?]
	at org.eclipse.osgi.internal.serviceregistry.FilteredServiceListener.serviceChanged(FilteredServiceListener.java:109) [org.eclipse.osgi.jar:?]
	at org.eclipse.osgi.internal.serviceregistry.ServiceRegistry.publishServiceEventPrivileged(ServiceRegistry.java:891) [org.eclipse.osgi.jar:?]
	at org.eclipse.osgi.internal.serviceregistry.ServiceRegistry.publishServiceEvent(ServiceRegistry.java:804) [org.eclipse.osgi.jar:?]
	at org.eclipse.osgi.internal.serviceregistry.ServiceRegistrationImpl.register(ServiceRegistrationImpl.java:127) [org.eclipse.osgi.jar:?]
	at org.eclipse.osgi.internal.serviceregistry.ServiceRegistry.registerService(ServiceRegistry.java:228) [org.eclipse.osgi.jar:?]
	at org.eclipse.osgi.internal.framework.BundleContextImpl.registerService(BundleContextImpl.java:469) [org.eclipse.osgi.jar:?]
	at org.eclipse.osgi.internal.framework.BundleContextImpl.registerService(BundleContextImpl.java:487) [org.eclipse.osgi.jar:?]
	at org.eclipse.osgi.internal.framework.BundleContextImpl.registerService(BundleContextImpl.java:1004) [org.eclipse.osgi.jar:?]
	at com.liferay.portal.tools.DBUpgrader._registerModuleServiceLifecycle(DBUpgrader.java:338) [portal-impl.jar:?]
	at com.liferay.portal.tools.DBUpgrader.upgradeModules(DBUpgrader.java:173) [portal-impl.jar:?]
	at com.liferay.portal.internal.servlet.MainServlet.init(MainServlet.java:395) [portal-impl.jar:?]
	at javax.servlet.GenericServlet.init(GenericServlet.java:158) [servlet-api.jar:4.0.FR]
	at com.liferay.shielded.container.internal.proxy.ServletWrapper.init(ServletWrapper.java:92) [com.liferay.shielded.container.impl.jar:?]
	at org.apache.catalina.core.StandardWrapper.initServlet(StandardWrapper.java:1164) [catalina.jar:9.0.56]
	at org.apache.catalina.core.StandardWrapper.load(StandardWrapper.java:1013) [catalina.jar:9.0.56]
	at org.apache.catalina.core.StandardContext.loadOnStartup(StandardContext.java:4957) [catalina.jar:9.0.56]
	at org.apache.catalina.core.StandardContext.startInternal(StandardContext.java:5264) [catalina.jar:9.0.56]
	at org.apache.catalina.util.LifecycleBase.start(LifecycleBase.java:183) [catalina.jar:9.0.56]
	at org.apache.catalina.core.ContainerBase.addChildInternal(ContainerBase.java:726) [catalina.jar:9.0.56]
	at org.apache.catalina.core.ContainerBase.addChild(ContainerBase.java:698) [catalina.jar:9.0.56]
	at org.apache.catalina.core.StandardHost.addChild(StandardHost.java:696) [catalina.jar:9.0.56]
	at org.apache.catalina.startup.HostConfig.deployDescriptor(HostConfig.java:690) [catalina.jar:9.0.56]
	at org.apache.catalina.startup.HostConfig$DeployDescriptor.run(HostConfig.java:1889) [catalina.jar:9.0.56]
	at java.util.concurrent.Executors$RunnableAdapter.call(Executors.java:515) [?:?]
	at java.util.concurrent.FutureTask.run(FutureTask.java:264) [?:?]
	at org.apache.tomcat.util.threads.InlineExecutorService.execute(InlineExecutorService.java:75) [tomcat-util.jar:9.0.56]
	at java.util.concurrent.AbstractExecutorService.submit(AbstractExecutorService.java:118) [?:?]
	at org.apache.catalina.startup.HostConfig.deployDescriptors(HostConfig.java:583) [catalina.jar:9.0.56]
	at org.apache.catalina.startup.HostConfig.deployApps(HostConfig.java:473) [catalina.jar:9.0.56]
	at org.apache.catalina.startup.HostConfig.start(HostConfig.java:1618) [catalina.jar:9.0.56]
	at org.apache.catalina.startup.HostConfig.lifecycleEvent(HostConfig.java:319) [catalina.jar:9.0.56]
	at org.apache.catalina.util.LifecycleBase.fireLifecycleEvent(LifecycleBase.java:123) [catalina.jar:9.0.56]
	at org.apache.catalina.util.LifecycleBase.setStateInternal(LifecycleBase.java:423) [catalina.jar:9.0.56]
	at org.apache.catalina.util.LifecycleBase.setState(LifecycleBase.java:366) [catalina.jar:9.0.56]
	at org.apache.catalina.core.ContainerBase.startInternal(ContainerBase.java:946) [catalina.jar:9.0.56]
	at org.apache.catalina.core.StandardHost.startInternal(StandardHost.java:835) [catalina.jar:9.0.56]
	at org.apache.catalina.util.LifecycleBase.start(LifecycleBase.java:183) [catalina.jar:9.0.56]
	at org.apache.catalina.core.ContainerBase$StartChild.call(ContainerBase.java:1396) [catalina.jar:9.0.56]
	at org.apache.catalina.core.ContainerBase$StartChild.call(ContainerBase.java:1386) [catalina.jar:9.0.56]
	at java.util.concurrent.FutureTask.run(FutureTask.java:264) [?:?]
	at org.apache.tomcat.util.threads.InlineExecutorService.execute(InlineExecutorService.java:75) [tomcat-util.jar:9.0.56]
	at java.util.concurrent.AbstractExecutorService.submit(AbstractExecutorService.java:140) [?:?]
	at org.apache.catalina.core.ContainerBase.startInternal(ContainerBase.java:919) [catalina.jar:9.0.56]
	at org.apache.catalina.core.StandardEngine.startInternal(StandardEngine.java:263) [catalina.jar:9.0.56]
	at org.apache.catalina.util.LifecycleBase.start(LifecycleBase.java:183) [catalina.jar:9.0.56]
	at org.apache.catalina.core.StandardService.startInternal(StandardService.java:432) [catalina.jar:9.0.56]
	at org.apache.catalina.util.LifecycleBase.start(LifecycleBase.java:183) [catalina.jar:9.0.56]
	at org.apache.catalina.core.StandardServer.startInternal(StandardServer.java:927) [catalina.jar:9.0.56]
	at org.apache.catalina.util.LifecycleBase.start(LifecycleBase.java:183) [catalina.jar:9.0.56]
	at org.apache.catalina.startup.Catalina.start(Catalina.java:772) [catalina.jar:9.0.56]
	at jdk.internal.reflect.NativeMethodAccessorImpl.invoke0(Native Method) ~[?:?]
	at jdk.internal.reflect.NativeMethodAccessorImpl.invoke(NativeMethodAccessorImpl.java:62) ~[?:?]
	at jdk.internal.reflect.DelegatingMethodAccessorImpl.invoke(DelegatingMethodAccessorImpl.java:43) ~[?:?]
	at java.lang.reflect.Method.invoke(Method.java:566) ~[?:?]
	at org.apache.catalina.startup.Bootstrap.start(Bootstrap.java:345) [bootstrap.jar:9.0.56]
	at org.apache.catalina.startup.Bootstrap.main(Bootstrap.java:476) [bootstrap.jar:9.0.56]
2023-03-02 04:47:46.417 INFO  [main][MessageBusEventListenerNotification:33] **********Destination Added***********liferay/scheduler_dispatch
2023-03-02 04:47:46.421 INFO  [main][MessageBusEventListenerNotification:33] **********Destination Added***********liferay/scheduler_scripting
2023-03-02 04:47:46.928 INFO  [main][MessageBusEventListenerNotification:33] **********Destination Added***********liferay/dispatch/executor
2023-03-02 04:47:47.484 INFO  [main][MessageBusEventListenerNotification:33] **********Destination Added***********destination.workflow_definition_link
2023-03-02 04:47:47.488 INFO  [main][MessageBusEventListenerNotification:33] **********Destination Added***********destination.workflow_timer
2023-03-02 04:47:48.446 INFO  [main][MessageBusEventListenerNotification:33] **********Destination Added***********liferay/openid_connect_token_refresh
2023-03-02 04:47:59.425 INFO  [com.liferay.portal.osgi.web.wab.extender.internal.WabFactory-BundleTrackerOpener][ThemeHotDeployListener:108] 1 theme for classic-theme is available for use
2023-03-02 04:47:59.570 INFO  [com.liferay.portal.osgi.web.wab.extender.internal.WabFactory-BundleTrackerOpener][ThemeHotDeployListener:108] 1 theme for dialect-theme is available for use
2023-03-02 04:47:59.804 INFO  [com.liferay.portal.osgi.web.wab.extender.internal.WabFactory-BundleTrackerOpener][ThemeHotDeployListener:108] 1 theme for speedwell-theme is available for use
2023-03-02 04:48:00.052 INFO  [com.liferay.portal.osgi.web.wab.extender.internal.WabFactory-BundleTrackerOpener][ThemeHotDeployListener:108] 1 theme for minium-theme is available for use
2023-03-02 04:48:00.221 INFO  [com.liferay.portal.osgi.web.wab.extender.internal.WabFactory-BundleTrackerOpener][ThemeHotDeployListener:108] 1 theme for admin-theme is available for use
2023-03-02 04:48:00.385 INFO  [com.liferay.portal.osgi.web.wab.extender.internal.WabFactory-BundleTrackerOpener][HookHotDeployListener:496] Hook for LangHook is available for use
2023-03-02 04:48:00.546 INFO  [com.liferay.portal.osgi.web.wab.extender.internal.WabFactory-BundleTrackerOpener][LayoutTemplateHotDeployListener:107] 1 layout template for LayoutTemplateDemo is available for use
2023-03-02 04:48:00.710 INFO  [com.liferay.portal.osgi.web.wab.extender.internal.WabFactory-BundleTrackerOpener][ThemeHotDeployListener:108] 1 theme for democlassictheme-theme is available for use
2023-03-02 04:48:00.894 INFO  [com.liferay.portal.osgi.web.wab.extender.internal.WabFactory-BundleTrackerOpener][ThemeHotDeployListener:108] 1 theme for demotheme-theme is available for use
2023-03-02 04:48:01.062 INFO  [com.liferay.portal.osgi.web.wab.extender.internal.WabFactory-BundleTrackerOpener][ThemeHotDeployListener:108] 1 theme for my-liferay-theme is available for use
2023-03-02 04:48:01.328 INFO  [com.liferay.portal.osgi.web.wab.extender.internal.WabFactory-BundleTrackerOpener][ThemeHotDeployListener:108] 1 theme for cstheme2-theme is available for use
2023-03-02 04:48:01.504 INFO  [com.liferay.portal.osgi.web.wab.extender.internal.WabFactory-BundleTrackerOpener][ThemeHotDeployListener:108] 1 theme for module-based-theme is available for use
2023-03-02 04:48:06.410 INFO  [main][SystemCheckOSGiCommands:61] System check is enabled. You can run a system check with the command "system:check" in Gogo shell.
2023-03-02 04:48:06.411 INFO  [main][SystemCheckOSGiCommands:73] Running system check
2023-03-02 04:48:06.411 INFO  [main][SystemCheckOSGiCommands:100] Available checkers :[Declarative Service Soft Circular Dependency Checker, Declarative Service Unsatisfied Component Checker, Spring Extender Unavailable Component Checker]
2023-03-02 04:48:06.411 INFO  [main][SystemCheckOSGiCommands:116] Running "Declarative Service Soft Circular Dependency Checker". You can run this by itself with command "ds:softCircularDependency" in gogo shell.
2023-03-02 04:48:08.482 INFO  [main][SystemCheckOSGiCommands:128] Declarative Service Soft Circular Dependency Checker check result: No issues were found.
2023-03-02 04:48:08.482 INFO  [main][SystemCheckOSGiCommands:116] Running "Declarative Service Unsatisfied Component Checker". You can run this by itself with command "ds:unsatisfied" in gogo shell.
2023-03-02 04:48:32.626 WARN  [main][SystemCheckOSGiCommands:139] Declarative Service Unsatisfied Component Checker check result: _Bundle {id: 1815, name: com.liferay.docs.guestbook.service, version: 1.0.0}_	Declarative Service {id: 6414, name: com.liferay.docs.guestbook.search.GuestbookSearchRegistrar, unsatisfied references: _		{name: modelIndexWriterContributor, target: (indexer.class.name=com.liferay.docs.guestbook.model.Guestbook)}_	}_	Declarative Service {id: 6408, name: com.liferay.docs.guestbook.search.GuestbookEntrySearchRegistrar, unsatisfied references: _		{name: modelSummaryContributor, target: (indexer.class.name=com.liferay.docs.guestbook.model.Entry)}_	}_	Declarative Service {id: 6412, name: com.liferay.docs.guestbook.search.GuestbookModelIndexerWriterContributor, unsatisfied references: _		{name: guestbookEntryBatchReindexer, target: null}_	}_	Declarative Service {id: 6404, name: com.liferay.docs.guestbook.search.GuestbookEntryBatchReindexerImpl, unsatisfied references: _		{name: indexerDocumentBuilder, target: (indexer.class.name=com.liferay.docs.guestbook.model.Entry)}_		{name: indexerWriter, target: (indexer.class.name=com.liferay.docs.guestbook.model.Entry)}_	} [Sanitized]
2023-03-02 04:48:32.627 INFO  [main][SystemCheckOSGiCommands:116] Running "Spring Extender Unavailable Component Checker". You can run this by itself with command "dm na" in gogo shell.
2023-03-02 04:48:32.629 INFO  [main][SystemCheckOSGiCommands:128] Spring Extender Unavailable Component Checker check result: No issues were found.
2023-03-02 04:50:36.748 ERROR [http-nio-8000-exec-1][OpenGraphImageProvider:159] null
com.liferay.document.library.kernel.exception.NoSuchFileEntryException: No FileEntry exists with the key {fileEntryId=43692}
	at com.liferay.portal.repository.RepositoryProviderImpl.getFileEntryLocalRepository(RepositoryProviderImpl.java:94) ~[portal-impl.jar:?]
	at com.liferay.portlet.documentlibrary.service.impl.DLAppLocalServiceImpl.getFileEntry(DLAppLocalServiceImpl.java:588) ~[portal-impl.jar:?]
	at jdk.internal.reflect.NativeMethodAccessorImpl.invoke0(Native Method) ~[?:?]
	at jdk.internal.reflect.NativeMethodAccessorImpl.invoke(NativeMethodAccessorImpl.java:62) ~[?:?]
	at jdk.internal.reflect.DelegatingMethodAccessorImpl.invoke(DelegatingMethodAccessorImpl.java:43) ~[?:?]
	at java.lang.reflect.Method.invoke(Method.java:566) ~[?:?]
	at com.liferay.portal.kernel.bean.ClassLoaderBeanHandler.invoke(ClassLoaderBeanHandler.java:66) ~[portal-kernel.jar:?]
	at com.sun.proxy.$Proxy1455.getFileEntry(Unknown Source) ~[?:?]
	at com.liferay.document.library.kernel.service.DLAppLocalServiceWrapper.getFileEntry(DLAppLocalServiceWrapper.java:441) ~[portal-kernel.jar:?]
	at jdk.internal.reflect.NativeMethodAccessorImpl.invoke0(Native Method) ~[?:?]
	at jdk.internal.reflect.NativeMethodAccessorImpl.invoke(NativeMethodAccessorImpl.java:62) ~[?:?]
	at jdk.internal.reflect.DelegatingMethodAccessorImpl.invoke(DelegatingMethodAccessorImpl.java:43) ~[?:?]
	at java.lang.reflect.Method.invoke(Method.java:566) ~[?:?]
	at com.liferay.portal.kernel.bean.ClassLoaderBeanHandler.invoke(ClassLoaderBeanHandler.java:66) ~[portal-kernel.jar:?]
	at com.sun.proxy.$Proxy1456.getFileEntry(Unknown Source) ~[?:?]
	at jdk.internal.reflect.NativeMethodAccessorImpl.invoke0(Native Method) ~[?:?]
	at jdk.internal.reflect.NativeMethodAccessorImpl.invoke(NativeMethodAccessorImpl.java:62) ~[?:?]
	at jdk.internal.reflect.DelegatingMethodAccessorImpl.invoke(DelegatingMethodAccessorImpl.java:43) ~[?:?]
	at java.lang.reflect.Method.invoke(Method.java:566) ~[?:?]
	at com.liferay.portal.spring.aop.AopMethodInvocationImpl.proceed(AopMethodInvocationImpl.java:50) ~[portal-impl.jar:?]
	at com.liferay.portal.spring.transaction.TransactionInterceptor.invoke(TransactionInterceptor.java:69) ~[portal-impl.jar:?]
	at com.liferay.portal.spring.aop.AopMethodInvocationImpl.proceed(AopMethodInvocationImpl.java:57) ~[portal-impl.jar:?]
	at com.liferay.portal.spring.aop.AopInvocationHandler.invoke(AopInvocationHandler.java:49) ~[portal-impl.jar:?]
	at com.sun.proxy.$Proxy180.getFileEntry(Unknown Source) ~[?:?]
	at com.liferay.layout.seo.web.internal.util.OpenGraphImageProvider._getFileEntryOpenGraphImageOptional(OpenGraphImageProvider.java:114) ~[?:?]
	at com.liferay.layout.seo.web.internal.util.OpenGraphImageProvider.lambda$getOpenGraphImageOptional$0(OpenGraphImageProvider.java:77) ~[?:?]
	at java.util.Optional.orElseGet(Optional.java:369) ~[?:?]
	at com.liferay.layout.seo.web.internal.util.OpenGraphImageProvider.getOpenGraphImageOptional(OpenGraphImageProvider.java:76) ~[?:?]
	at com.liferay.layout.seo.web.internal.servlet.taglib.OpenGraphTopHeadDynamicInclude.include(OpenGraphTopHeadDynamicInclude.java:267) ~[?:?]
	at com.liferay.portal.kernel.servlet.taglib.DynamicIncludeUtil.include(DynamicIncludeUtil.java:76) ~[portal-kernel.jar:?]
	at com.liferay.taglib.util.DynamicIncludeTag.doEndTag(DynamicIncludeTag.java:32) ~[util-taglib.jar:?]
	at org.apache.jsp.html.common.themes.top_005fhead_jsp._jspx_meth_liferay_002dutil_005fdynamic_002dinclude_005f0(top_005fhead_jsp.java:2233) ~[?:?]
	at org.apache.jsp.html.common.themes.top_005fhead_jsp._jspService(top_005fhead_jsp.java:696) ~[?:?]
	at org.apache.jasper.runtime.HttpJspBase.service(HttpJspBase.java:70) ~[jasper.jar:9.0.56]
	at javax.servlet.http.HttpServlet.service(HttpServlet.java:764) ~[servlet-api.jar:4.0.FR]
	at org.apache.jasper.servlet.JspServletWrapper.service(JspServletWrapper.java:466) ~[jasper.jar:9.0.56]
	at org.apache.jasper.servlet.JspServlet.serviceJspFile(JspServlet.java:379) ~[jasper.jar:9.0.56]
	at org.apache.jasper.servlet.JspServlet.service(JspServlet.java:327) ~[jasper.jar:9.0.56]
	at javax.servlet.http.HttpServlet.service(HttpServlet.java:764) ~[servlet-api.jar:4.0.FR]
	at com.liferay.shielded.container.internal.proxy.ServletWrapper.service(ServletWrapper.java:113) ~[com.liferay.shielded.container.impl.jar:?]
	at org.apache.catalina.core.ApplicationFilterChain.internalDoFilter(ApplicationFilterChain.java:227) ~[catalina.jar:9.0.56]
	at org.apache.catalina.core.ApplicationFilterChain.doFilter(ApplicationFilterChain.java:162) ~[catalina.jar:9.0.56]
	at com.liferay.portal.kernel.servlet.filters.invoker.InvokerFilterChain.doFilter(InvokerFilterChain.java:124) ~[portal-kernel.jar:?]
	at org.tuckey.web.filters.urlrewrite.RuleChain.handleRewrite(RuleChain.java:176) ~[?:?]
	at org.tuckey.web.filters.urlrewrite.RuleChain.doRules(RuleChain.java:145) ~[?:?]
	at org.tuckey.web.filters.urlrewrite.UrlRewriter.processRequest(UrlRewriter.java:92) ~[?:?]
	at org.tuckey.web.filters.urlrewrite.UrlRewriteFilter.doFilter(UrlRewriteFilter.java:389) ~[?:?]
	at com.liferay.portal.url.rewrite.filter.internal.URLRewriteFilter.processFilter(URLRewriteFilter.java:99) ~[?:?]
	at com.liferay.portal.kernel.servlet.BaseFilter.doFilter(BaseFilter.java:49) ~[portal-kernel.jar:?]
	at com.liferay.portal.kernel.servlet.filters.invoker.InvokerFilterChain.processDoFilter(InvokerFilterChain.java:215) ~[portal-kernel.jar:?]
	at com.liferay.portal.kernel.servlet.filters.invoker.InvokerFilterChain.doFilter(InvokerFilterChain.java:116) ~[portal-kernel.jar:?]
	at com.liferay.portal.kernel.servlet.filters.invoker.InvokerFilter.doFilter(InvokerFilter.java:104) ~[portal-kernel.jar:?]
	at com.liferay.shielded.container.internal.proxy.FilterWrapper.doFilter(FilterWrapper.java:79) ~[com.liferay.shielded.container.impl.jar:?]
	at org.apache.catalina.core.ApplicationFilterChain.internalDoFilter(ApplicationFilterChain.java:189) ~[catalina.jar:9.0.56]
	at org.apache.catalina.core.ApplicationFilterChain.doFilter(ApplicationFilterChain.java:162) ~[catalina.jar:9.0.56]
	at org.apache.catalina.core.ApplicationDispatcher.invoke(ApplicationDispatcher.java:711) ~[catalina.jar:9.0.56]
	at org.apache.catalina.core.ApplicationDispatcher.doInclude(ApplicationDispatcher.java:578) ~[catalina.jar:9.0.56]
	at org.apache.catalina.core.ApplicationDispatcher.include(ApplicationDispatcher.java:517) ~[catalina.jar:9.0.56]
	at com.liferay.portal.servlet.DirectServletPathRegisterDispatcher.include(DirectServletPathRegisterDispatcher.java:67) ~[portal-impl.jar:?]
	at com.liferay.portal.servlet.DirectRequestDispatcherFactoryImpl$IndirectRequestDispatcher.include(DirectRequestDispatcherFactoryImpl.java:190) ~[portal-impl.jar:?]
	at com.liferay.portal.servlet.ClassLoaderRequestDispatcherWrapper.doDispatch(ClassLoaderRequestDispatcherWrapper.java:79) ~[portal-impl.jar:?]
	at com.liferay.portal.servlet.ClassLoaderRequestDispatcherWrapper.include(ClassLoaderRequestDispatcherWrapper.java:53) ~[portal-impl.jar:?]
	at com.liferay.taglib.util.IncludeTag.includePage(IncludeTag.java:409) ~[util-taglib.jar:?]
	at com.liferay.taglib.util.IncludeTag.include(IncludeTag.java:384) ~[util-taglib.jar:?]
	at com.liferay.taglib.util.IncludeTag.doInclude(IncludeTag.java:217) ~[util-taglib.jar:?]
	at com.liferay.taglib.util.IncludeTag.doEndTag(IncludeTag.java:88) ~[util-taglib.jar:?]
	at freemarker.ext.jsp.TagTransformModel$TagWriter.endEvaluation(TagTransformModel.java:402) ~[bundleFile:?]
	at freemarker.ext.jsp.TagTransformModel$TagWriter.afterBody(TagTransformModel.java:390) ~[bundleFile:?]
	at freemarker.core.Environment.visitAndTransform(Environment.java:497) ~[bundleFile:?]
	at freemarker.core.UnifiedCall.accept(UnifiedCall.java:103) ~[bundleFile:?]
	at freemarker.core.Environment.visit(Environment.java:331) ~[bundleFile:?]
	at freemarker.core.Environment.visit(Environment.java:337) ~[bundleFile:?]
	at freemarker.core.Environment.process(Environment.java:310) ~[bundleFile:?]
	at freemarker.template.Template.process(Template.java:383) ~[bundleFile:?]
	at com.liferay.portal.template.freemarker.internal.FreeMarkerTemplate.lambda$processTemplate$0(FreeMarkerTemplate.java:157) ~[bundleFile:?]
	at com.liferay.portal.template.freemarker.internal.FreeMarkerManager.render(FreeMarkerManager.java:410) [bundleFile:?]
	at com.liferay.portal.template.freemarker.internal.FreeMarkerTemplate.processTemplate(FreeMarkerTemplate.java:144) [bundleFile:?]
	at com.liferay.portal.template.BaseTemplate.processTemplate(BaseTemplate.java:126) [portal-impl.jar:?]
	at com.liferay.portal.kernel.theme.ThemeUtil.doIncludeFTL(ThemeUtil.java:221) [portal-kernel.jar:?]
	at com.liferay.portal.kernel.theme.ThemeUtil.include(ThemeUtil.java:110) [portal-kernel.jar:?]
	at com.liferay.portal.kernel.theme.ThemeUtil.include(ThemeUtil.java:74) [portal-kernel.jar:?]
	at com.liferay.taglib.theme.IncludeTag.doEndTag(IncludeTag.java:37) [util-taglib.jar:?]
	at org.apache.jsp.html.common.themes.portal_jsp._jspx_meth_liferay_002dtheme_005finclude_005f1(portal_jsp.java:706) [ROOT/:?]
	at org.apache.jsp.html.common.themes.portal_jsp._jspx_meth_c_005fotherwise_005f0(portal_jsp.java:678) [ROOT/:?]
	at org.apache.jsp.html.common.themes.portal_jsp._jspService(portal_jsp.java:602) [ROOT/:?]
	at org.apache.jasper.runtime.HttpJspBase.service(HttpJspBase.java:70) [org.apache.tomcat-jasper.jar:9.0.56]
	at javax.servlet.http.HttpServlet.service(HttpServlet.java:764) [servlet-api.jar:4.0.FR]
	at org.apache.jasper.servlet.JspServletWrapper.service(JspServletWrapper.java:466) [org.apache.tomcat-jasper.jar:9.0.56]
	at org.apache.jasper.servlet.JspServlet.serviceJspFile(JspServlet.java:379) [org.apache.tomcat-jasper.jar:9.0.56]
	at org.apache.jasper.servlet.JspServlet.service(JspServlet.java:327) [org.apache.tomcat-jasper.jar:9.0.56]
	at javax.servlet.http.HttpServlet.service(HttpServlet.java:764) [servlet-api.jar:4.0.FR]
	at com.liferay.shielded.container.internal.proxy.ServletWrapper.service(ServletWrapper.java:113) [com.liferay.shielded.container.impl.jar:?]
	at org.apache.catalina.core.ApplicationFilterChain.internalDoFilter(ApplicationFilterChain.java:227) [catalina.jar:9.0.56]
	at org.apache.catalina.core.ApplicationFilterChain.doFilter(ApplicationFilterChain.java:162) [catalina.jar:9.0.56]
	at org.apache.tomcat.websocket.server.WsFilter.doFilter(WsFilter.java:53) [tomcat-websocket.jar:9.0.56]
	at org.apache.catalina.core.ApplicationFilterChain.internalDoFilter(ApplicationFilterChain.java:189) [catalina.jar:9.0.56]
	at org.apache.catalina.core.ApplicationFilterChain.doFilter(ApplicationFilterChain.java:162) [catalina.jar:9.0.56]
	at com.liferay.portal.kernel.servlet.filters.invoker.InvokerFilterChain.doFilter(InvokerFilterChain.java:124) [portal-kernel.jar:?]
	at com.liferay.portal.kernel.servlet.BaseFilter.processFilter(BaseFilter.java:147) [portal-kernel.jar:?]
	at com.liferay.change.tracking.internal.servlet.filter.CTCollectionPreviewFilter.processFilter(CTCollectionPreviewFilter.java:66) [bundleFile:?]
	at com.liferay.portal.kernel.servlet.BaseFilter.doFilter(BaseFilter.java:49) [portal-kernel.jar:?]
	at com.liferay.portal.kernel.servlet.filters.invoker.InvokerFilterChain.processDoFilter(InvokerFilterChain.java:215) [portal-kernel.jar:?]
	at com.liferay.portal.kernel.servlet.filters.invoker.InvokerFilterChain.doFilter(InvokerFilterChain.java:116) [portal-kernel.jar:?]
	at com.liferay.portal.kernel.servlet.BaseFilter.processFilter(BaseFilter.java:147) [portal-kernel.jar:?]
	at com.liferay.portal.init.servlet.filter.internal.InitFilter.processFilter(InitFilter.java:51) [bundleFile:?]
	at com.liferay.portal.kernel.servlet.BaseFilter.doFilter(BaseFilter.java:49) [portal-kernel.jar:?]
	at com.liferay.portal.kernel.servlet.filters.invoker.InvokerFilterChain.processDoFilter(InvokerFilterChain.java:215) [portal-kernel.jar:?]
	at com.liferay.portal.kernel.servlet.filters.invoker.InvokerFilterChain.doFilter(InvokerFilterChain.java:116) [portal-kernel.jar:?]
	at com.liferay.portal.servlet.filters.password.modified.PasswordModifiedFilter.processFilter(PasswordModifiedFilter.java:62) [portal-impl.jar:?]
	at com.liferay.portal.kernel.servlet.BaseFilter.doFilter(BaseFilter.java:49) [portal-kernel.jar:?]
	at com.liferay.portal.kernel.servlet.filters.invoker.InvokerFilterChain.processDoFilter(InvokerFilterChain.java:215) [portal-kernel.jar:?]
	at com.liferay.portal.kernel.servlet.filters.invoker.InvokerFilterChain.doFilter(InvokerFilterChain.java:116) [portal-kernel.jar:?]
	at com.liferay.portal.servlet.filters.lockout.LockoutFilter.processFilter(LockoutFilter.java:58) [portal-impl.jar:?]
	at com.liferay.portal.kernel.servlet.BaseFilter.doFilter(BaseFilter.java:49) [portal-kernel.jar:?]
	at com.liferay.portal.kernel.servlet.filters.invoker.InvokerFilterChain.processDoFilter(InvokerFilterChain.java:215) [portal-kernel.jar:?]
	at com.liferay.portal.kernel.servlet.filters.invoker.InvokerFilterChain.doFilter(InvokerFilterChain.java:116) [portal-kernel.jar:?]
	at org.tuckey.web.filters.urlrewrite.RuleChain.handleRewrite(RuleChain.java:176) [urlrewritefilter-4.0.4.jar:4.0.4]
	at org.tuckey.web.filters.urlrewrite.RuleChain.doRules(RuleChain.java:145) [urlrewritefilter-4.0.4.jar:4.0.4]
	at org.tuckey.web.filters.urlrewrite.UrlRewriter.processRequest(UrlRewriter.java:92) [urlrewritefilter-4.0.4.jar:4.0.4]
	at org.tuckey.web.filters.urlrewrite.UrlRewriteFilter.doFilter(UrlRewriteFilter.java:389) [urlrewritefilter-4.0.4.jar:4.0.4]
	at com.liferay.portal.url.rewrite.filter.internal.URLRewriteFilter.processFilter(URLRewriteFilter.java:99) [bundleFile:?]
	at com.liferay.portal.kernel.servlet.BaseFilter.doFilter(BaseFilter.java:49) [portal-kernel.jar:?]
	at com.liferay.portal.kernel.servlet.filters.invoker.InvokerFilterChain.processDoFilter(InvokerFilterChain.java:215) [portal-kernel.jar:?]
	at com.liferay.portal.kernel.servlet.filters.invoker.InvokerFilterChain.doFilter(InvokerFilterChain.java:116) [portal-kernel.jar:?]
	at com.liferay.portal.kernel.servlet.filters.invoker.InvokerFilter.doFilter(InvokerFilter.java:104) [portal-kernel.jar:?]
	at com.liferay.shielded.container.internal.proxy.FilterWrapper.doFilter(FilterWrapper.java:79) [com.liferay.shielded.container.impl.jar:?]
	at org.apache.catalina.core.ApplicationFilterChain.internalDoFilter(ApplicationFilterChain.java:189) [catalina.jar:9.0.56]
	at org.apache.catalina.core.ApplicationFilterChain.doFilter(ApplicationFilterChain.java:162) [catalina.jar:9.0.56]
	at org.apache.catalina.core.ApplicationDispatcher.invoke(ApplicationDispatcher.java:711) [catalina.jar:9.0.56]
	at org.apache.catalina.core.ApplicationDispatcher.processRequest(ApplicationDispatcher.java:459) [catalina.jar:9.0.56]
	at org.apache.catalina.core.ApplicationDispatcher.doForward(ApplicationDispatcher.java:385) [catalina.jar:9.0.56]
	at org.apache.catalina.core.ApplicationDispatcher.forward(ApplicationDispatcher.java:313) [catalina.jar:9.0.56]
	at com.liferay.portal.servlet.DirectServletPathRegisterDispatcher.forward(DirectServletPathRegisterDispatcher.java:45) [portal-impl.jar:?]
	at com.liferay.portal.servlet.DirectRequestDispatcherFactoryImpl$IndirectRequestDispatcher.forward(DirectRequestDispatcherFactoryImpl.java:172) [portal-impl.jar:?]
	at com.liferay.portal.servlet.ClassLoaderRequestDispatcherWrapper.doDispatch(ClassLoaderRequestDispatcherWrapper.java:82) [portal-impl.jar:?]
	at com.liferay.portal.servlet.ClassLoaderRequestDispatcherWrapper.forward(ClassLoaderRequestDispatcherWrapper.java:45) [portal-impl.jar:?]
	at com.liferay.portal.struts.StrutsUtil.forward(StrutsUtil.java:66) [portal-impl.jar:?]
	at com.liferay.portal.struts.PortalRequestProcessor._internalModuleRelativeForward(PortalRequestProcessor.java:348) [portal-impl.jar:?]
	at com.liferay.portal.struts.PortalRequestProcessor._process(PortalRequestProcessor.java:399) [portal-impl.jar:?]
	at com.liferay.portal.struts.PortalRequestProcessor.process(PortalRequestProcessor.java:151) [portal-impl.jar:?]
	at com.liferay.portal.internal.servlet.MainServlet.doGet(MainServlet.java:200) [portal-impl.jar:?]
	at javax.servlet.http.HttpServlet.service(HttpServlet.java:655) [servlet-api.jar:4.0.FR]
	at com.liferay.portal.internal.servlet.MainServlet.service(MainServlet.java:600) [portal-impl.jar:?]
	at javax.servlet.http.HttpServlet.service(HttpServlet.java:764) [servlet-api.jar:4.0.FR]
	at com.liferay.shielded.container.internal.proxy.ServletWrapper.service(ServletWrapper.java:113) [com.liferay.shielded.container.impl.jar:?]
	at org.apache.catalina.core.ApplicationFilterChain.internalDoFilter(ApplicationFilterChain.java:227) [catalina.jar:9.0.56]
	at org.apache.catalina.core.ApplicationFilterChain.doFilter(ApplicationFilterChain.java:162) [catalina.jar:9.0.56]
	at org.apache.tomcat.websocket.server.WsFilter.doFilter(WsFilter.java:53) [tomcat-websocket.jar:9.0.56]
	at org.apache.catalina.core.ApplicationFilterChain.internalDoFilter(ApplicationFilterChain.java:189) [catalina.jar:9.0.56]
	at org.apache.catalina.core.ApplicationFilterChain.doFilter(ApplicationFilterChain.java:162) [catalina.jar:9.0.56]
	at com.liferay.portal.kernel.servlet.filters.invoker.InvokerFilterChain.doFilter(InvokerFilterChain.java:124) [portal-kernel.jar:?]
	at com.liferay.portal.kernel.servlet.BaseFilter.processFilter(BaseFilter.java:147) [portal-kernel.jar:?]
	at com.liferay.change.tracking.internal.servlet.filter.CTCollectionPreviewFilter.processFilter(CTCollectionPreviewFilter.java:66) [bundleFile:?]
	at com.liferay.portal.kernel.servlet.BaseFilter.doFilter(BaseFilter.java:49) [portal-kernel.jar:?]
	at com.liferay.portal.kernel.servlet.filters.invoker.InvokerFilterChain.processDoFilter(InvokerFilterChain.java:215) [portal-kernel.jar:?]
	at com.liferay.portal.kernel.servlet.filters.invoker.InvokerFilterChain.doFilter(InvokerFilterChain.java:116) [portal-kernel.jar:?]
	at com.liferay.portal.kernel.servlet.BaseFilter.processFilter(BaseFilter.java:147) [portal-kernel.jar:?]
	at com.liferay.portal.init.servlet.filter.internal.InitFilter.processFilter(InitFilter.java:51) [bundleFile:?]
	at com.liferay.portal.kernel.servlet.BaseFilter.doFilter(BaseFilter.java:49) [portal-kernel.jar:?]
	at com.liferay.portal.kernel.servlet.filters.invoker.InvokerFilterChain.processDoFilter(InvokerFilterChain.java:215) [portal-kernel.jar:?]
	at com.liferay.portal.kernel.servlet.filters.invoker.InvokerFilterChain.doFilter(InvokerFilterChain.java:116) [portal-kernel.jar:?]
	at com.liferay.portal.servlet.filters.password.modified.PasswordModifiedFilter.processFilter(PasswordModifiedFilter.java:62) [portal-impl.jar:?]
	at com.liferay.portal.kernel.servlet.BaseFilter.doFilter(BaseFilter.java:49) [portal-kernel.jar:?]
	at com.liferay.portal.kernel.servlet.filters.invoker.InvokerFilterChain.processDoFilter(InvokerFilterChain.java:215) [portal-kernel.jar:?]
	at com.liferay.portal.kernel.servlet.filters.invoker.InvokerFilterChain.doFilter(InvokerFilterChain.java:116) [portal-kernel.jar:?]
	at com.liferay.portal.servlet.filters.lockout.LockoutFilter.processFilter(LockoutFilter.java:58) [portal-impl.jar:?]
	at com.liferay.portal.kernel.servlet.BaseFilter.doFilter(BaseFilter.java:49) [portal-kernel.jar:?]
	at com.liferay.portal.kernel.servlet.filters.invoker.InvokerFilterChain.processDoFilter(InvokerFilterChain.java:215) [portal-kernel.jar:?]
	at com.liferay.portal.kernel.servlet.filters.invoker.InvokerFilterChain.doFilter(InvokerFilterChain.java:116) [portal-kernel.jar:?]
	at com.liferay.portal.kernel.servlet.BaseFilter.processFilter(BaseFilter.java:147) [portal-kernel.jar:?]
	at com.liferay.portal.servlet.filters.secure.BaseAuthFilter.processFilter(BaseAuthFilter.java:339) [portal-impl.jar:?]
	at com.liferay.portal.kernel.servlet.BaseFilter.doFilter(BaseFilter.java:49) [portal-kernel.jar:?]
	at com.liferay.portal.kernel.servlet.filters.invoker.InvokerFilterChain.processDoFilter(InvokerFilterChain.java:215) [portal-kernel.jar:?]
	at com.liferay.portal.kernel.servlet.filters.invoker.InvokerFilterChain.doFilter(InvokerFilterChain.java:116) [portal-kernel.jar:?]
	at com.liferay.portal.kernel.servlet.BaseFilter.processFilter(BaseFilter.java:147) [portal-kernel.jar:?]
	at com.liferay.portal.monitoring.internal.servlet.filter.MonitoringFilter.processFilter(MonitoringFilter.java:139) [bundleFile:?]
	at com.liferay.portal.kernel.servlet.BaseFilter.doFilter(BaseFilter.java:49) [portal-kernel.jar:?]
	at com.liferay.portal.kernel.servlet.filters.invoker.InvokerFilterChain.processDoFilter(InvokerFilterChain.java:215) [portal-kernel.jar:?]
	at com.liferay.portal.kernel.servlet.filters.invoker.InvokerFilterChain.doFilter(InvokerFilterChain.java:116) [portal-kernel.jar:?]
	at org.tuckey.web.filters.urlrewrite.RuleChain.handleRewrite(RuleChain.java:176) [urlrewritefilter-4.0.4.jar:4.0.4]
	at org.tuckey.web.filters.urlrewrite.RuleChain.doRules(RuleChain.java:145) [urlrewritefilter-4.0.4.jar:4.0.4]
	at org.tuckey.web.filters.urlrewrite.UrlRewriter.processRequest(UrlRewriter.java:92) [urlrewritefilter-4.0.4.jar:4.0.4]
	at org.tuckey.web.filters.urlrewrite.UrlRewriteFilter.doFilter(UrlRewriteFilter.java:389) [urlrewritefilter-4.0.4.jar:4.0.4]
	at com.liferay.portal.url.rewrite.filter.internal.URLRewriteFilter.processFilter(URLRewriteFilter.java:99) [bundleFile:?]
	at com.liferay.portal.kernel.servlet.BaseFilter.doFilter(BaseFilter.java:49) [portal-kernel.jar:?]
	at com.liferay.portal.kernel.servlet.filters.invoker.InvokerFilterChain.processDoFilter(InvokerFilterChain.java:215) [portal-kernel.jar:?]
	at com.liferay.portal.kernel.servlet.filters.invoker.InvokerFilterChain.doFilter(InvokerFilterChain.java:116) [portal-kernel.jar:?]
	at com.liferay.portal.kernel.servlet.filters.invoker.InvokerFilter.doFilter(InvokerFilter.java:104) [portal-kernel.jar:?]
	at com.liferay.shielded.container.internal.proxy.FilterWrapper.doFilter(FilterWrapper.java:79) [com.liferay.shielded.container.impl.jar:?]
	at org.apache.catalina.core.ApplicationFilterChain.internalDoFilter(ApplicationFilterChain.java:189) [catalina.jar:9.0.56]
	at org.apache.catalina.core.ApplicationFilterChain.doFilter(ApplicationFilterChain.java:162) [catalina.jar:9.0.56]
	at org.apache.catalina.core.ApplicationDispatcher.invoke(ApplicationDispatcher.java:711) [catalina.jar:9.0.56]
	at org.apache.catalina.core.ApplicationDispatcher.processRequest(ApplicationDispatcher.java:459) [catalina.jar:9.0.56]
	at org.apache.catalina.core.ApplicationDispatcher.doForward(ApplicationDispatcher.java:385) [catalina.jar:9.0.56]
	at org.apache.catalina.core.ApplicationDispatcher.forward(ApplicationDispatcher.java:313) [catalina.jar:9.0.56]
	at com.liferay.friendly.url.internal.servlet.FriendlyURLServlet.service(FriendlyURLServlet.java:527) [bundleFile:?]
	at javax.servlet.http.HttpServlet.service(HttpServlet.java:764) [servlet-api.jar:4.0.FR]
	at com.liferay.portal.servlet.ServletAdapter.service(ServletAdapter.java:98) [portal-impl.jar:?]
	at javax.servlet.http.HttpServlet.service(HttpServlet.java:764) [servlet-api.jar:4.0.FR]
	at com.liferay.shielded.container.internal.proxy.ServletWrapper.service(ServletWrapper.java:113) [com.liferay.shielded.container.impl.jar:?]
	at org.apache.catalina.core.ApplicationFilterChain.internalDoFilter(ApplicationFilterChain.java:227) [catalina.jar:9.0.56]
	at org.apache.catalina.core.ApplicationFilterChain.doFilter(ApplicationFilterChain.java:162) [catalina.jar:9.0.56]
	at org.apache.tomcat.websocket.server.WsFilter.doFilter(WsFilter.java:53) [tomcat-websocket.jar:9.0.56]
	at org.apache.catalina.core.ApplicationFilterChain.internalDoFilter(ApplicationFilterChain.java:189) [catalina.jar:9.0.56]
	at org.apache.catalina.core.ApplicationFilterChain.doFilter(ApplicationFilterChain.java:162) [catalina.jar:9.0.56]
	at com.liferay.portal.kernel.servlet.filters.invoker.InvokerFilterChain.doFilter(InvokerFilterChain.java:124) [portal-kernel.jar:?]
	at com.liferay.portal.kernel.servlet.BaseFilter.processFilter(BaseFilter.java:147) [portal-kernel.jar:?]
	at com.liferay.change.tracking.internal.servlet.filter.CTCollectionPreviewFilter.processFilter(CTCollectionPreviewFilter.java:66) [bundleFile:?]
	at com.liferay.portal.kernel.servlet.BaseFilter.doFilter(BaseFilter.java:49) [portal-kernel.jar:?]
	at com.liferay.portal.kernel.servlet.filters.invoker.InvokerFilterChain.processDoFilter(InvokerFilterChain.java:215) [portal-kernel.jar:?]
	at com.liferay.portal.kernel.servlet.filters.invoker.InvokerFilterChain.doFilter(InvokerFilterChain.java:116) [portal-kernel.jar:?]
	at com.liferay.portal.kernel.servlet.BaseFilter.processFilter(BaseFilter.java:147) [portal-kernel.jar:?]
	at com.liferay.portal.init.servlet.filter.internal.InitFilter.processFilter(InitFilter.java:51) [bundleFile:?]
	at com.liferay.portal.kernel.servlet.BaseFilter.doFilter(BaseFilter.java:49) [portal-kernel.jar:?]
	at com.liferay.portal.kernel.servlet.filters.invoker.InvokerFilterChain.processDoFilter(InvokerFilterChain.java:215) [portal-kernel.jar:?]
	at com.liferay.portal.kernel.servlet.filters.invoker.InvokerFilterChain.doFilter(InvokerFilterChain.java:116) [portal-kernel.jar:?]
	at com.liferay.portal.kernel.servlet.BaseFilter.processFilter(BaseFilter.java:147) [portal-kernel.jar:?]
	at com.liferay.portal.servlet.filters.i18n.I18nFilter.processFilter(I18nFilter.java:364) [portal-impl.jar:?]
	at com.liferay.portal.kernel.servlet.BaseFilter.doFilter(BaseFilter.java:49) [portal-kernel.jar:?]
	at com.liferay.portal.kernel.servlet.filters.invoker.InvokerFilterChain.processDoFilter(InvokerFilterChain.java:215) [portal-kernel.jar:?]
	at com.liferay.portal.kernel.servlet.filters.invoker.InvokerFilterChain.doFilter(InvokerFilterChain.java:116) [portal-kernel.jar:?]
	at com.liferay.portal.servlet.filters.password.modified.PasswordModifiedFilter.processFilter(PasswordModifiedFilter.java:62) [portal-impl.jar:?]
	at com.liferay.portal.kernel.servlet.BaseFilter.doFilter(BaseFilter.java:49) [portal-kernel.jar:?]
	at com.liferay.portal.kernel.servlet.filters.invoker.InvokerFilterChain.processDoFilter(InvokerFilterChain.java:215) [portal-kernel.jar:?]
	at com.liferay.portal.kernel.servlet.filters.invoker.InvokerFilterChain.doFilter(InvokerFilterChain.java:116) [portal-kernel.jar:?]
	at com.liferay.portal.servlet.filters.lockout.LockoutFilter.processFilter(LockoutFilter.java:58) [portal-impl.jar:?]
	at com.liferay.portal.kernel.servlet.BaseFilter.doFilter(BaseFilter.java:49) [portal-kernel.jar:?]
	at com.liferay.portal.kernel.servlet.filters.invoker.InvokerFilterChain.processDoFilter(InvokerFilterChain.java:215) [portal-kernel.jar:?]
	at com.liferay.portal.kernel.servlet.filters.invoker.InvokerFilterChain.doFilter(InvokerFilterChain.java:116) [portal-kernel.jar:?]
	at com.liferay.portal.kernel.servlet.BaseFilter.processFilter(BaseFilter.java:147) [portal-kernel.jar:?]
	at com.liferay.portal.servlet.filters.secure.BaseAuthFilter.processFilter(BaseAuthFilter.java:339) [portal-impl.jar:?]
	at com.liferay.portal.kernel.servlet.BaseFilter.doFilter(BaseFilter.java:49) [portal-kernel.jar:?]
	at com.liferay.portal.kernel.servlet.filters.invoker.InvokerFilterChain.processDoFilter(InvokerFilterChain.java:215) [portal-kernel.jar:?]
	at com.liferay.portal.kernel.servlet.filters.invoker.InvokerFilterChain.doFilter(InvokerFilterChain.java:116) [portal-kernel.jar:?]
	at com.liferay.portal.kernel.servlet.BaseFilter.processFilter(BaseFilter.java:147) [portal-kernel.jar:?]
	at com.liferay.portal.servlet.filters.autologin.AutoLoginFilter.processFilter(AutoLoginFilter.java:262) [portal-impl.jar:?]
	at com.liferay.portal.kernel.servlet.BaseFilter.doFilter(BaseFilter.java:49) [portal-kernel.jar:?]
	at com.liferay.portal.kernel.servlet.filters.invoker.InvokerFilterChain.processDoFilter(InvokerFilterChain.java:215) [portal-kernel.jar:?]
	at com.liferay.portal.kernel.servlet.filters.invoker.InvokerFilterChain.doFilter(InvokerFilterChain.java:116) [portal-kernel.jar:?]
	at com.liferay.portal.kernel.servlet.BaseFilter.processFilter(BaseFilter.java:147) [portal-kernel.jar:?]
	at com.liferay.portal.monitoring.internal.servlet.filter.MonitoringFilter.processFilter(MonitoringFilter.java:139) [bundleFile:?]
	at com.liferay.portal.kernel.servlet.BaseFilter.doFilter(BaseFilter.java:49) [portal-kernel.jar:?]
	at com.liferay.portal.kernel.servlet.filters.invoker.InvokerFilterChain.processDoFilter(InvokerFilterChain.java:215) [portal-kernel.jar:?]
	at com.liferay.portal.kernel.servlet.filters.invoker.InvokerFilterChain.doFilter(InvokerFilterChain.java:116) [portal-kernel.jar:?]
	at org.tuckey.web.filters.urlrewrite.RuleChain.handleRewrite(RuleChain.java:176) [urlrewritefilter-4.0.4.jar:4.0.4]
	at org.tuckey.web.filters.urlrewrite.RuleChain.doRules(RuleChain.java:145) [urlrewritefilter-4.0.4.jar:4.0.4]
	at org.tuckey.web.filters.urlrewrite.UrlRewriter.processRequest(UrlRewriter.java:92) [urlrewritefilter-4.0.4.jar:4.0.4]
	at org.tuckey.web.filters.urlrewrite.UrlRewriteFilter.doFilter(UrlRewriteFilter.java:389) [urlrewritefilter-4.0.4.jar:4.0.4]
	at com.liferay.portal.url.rewrite.filter.internal.URLRewriteFilter.processFilter(URLRewriteFilter.java:99) [bundleFile:?]
	at com.liferay.portal.kernel.servlet.BaseFilter.doFilter(BaseFilter.java:49) [portal-kernel.jar:?]
	at com.liferay.portal.kernel.servlet.filters.invoker.InvokerFilterChain.processDoFilter(InvokerFilterChain.java:215) [portal-kernel.jar:?]
	at com.liferay.portal.kernel.servlet.filters.invoker.InvokerFilterChain.doFilter(InvokerFilterChain.java:116) [portal-kernel.jar:?]
	at com.liferay.portal.kernel.servlet.filters.invoker.InvokerFilter.doFilter(InvokerFilter.java:104) [portal-kernel.jar:?]
	at com.liferay.shielded.container.internal.proxy.FilterWrapper.doFilter(FilterWrapper.java:79) [com.liferay.shielded.container.impl.jar:?]
	at org.apache.catalina.core.ApplicationFilterChain.internalDoFilter(ApplicationFilterChain.java:189) [catalina.jar:9.0.56]
	at org.apache.catalina.core.ApplicationFilterChain.doFilter(ApplicationFilterChain.java:162) [catalina.jar:9.0.56]
	at org.apache.catalina.core.ApplicationDispatcher.invoke(ApplicationDispatcher.java:711) [catalina.jar:9.0.56]
	at org.apache.catalina.core.ApplicationDispatcher.processRequest(ApplicationDispatcher.java:459) [catalina.jar:9.0.56]
	at org.apache.catalina.core.ApplicationDispatcher.doForward(ApplicationDispatcher.java:385) [catalina.jar:9.0.56]
	at org.apache.catalina.core.ApplicationDispatcher.forward(ApplicationDispatcher.java:313) [catalina.jar:9.0.56]
	at com.liferay.portal.servlet.filters.virtualhost.VirtualHostFilter.processFilter(VirtualHostFilter.java:378) [portal-impl.jar:?]
	at com.liferay.portal.kernel.servlet.BaseFilter.doFilter(BaseFilter.java:49) [portal-kernel.jar:?]
	at com.liferay.portal.kernel.servlet.filters.invoker.InvokerFilterChain.processDoFilter(InvokerFilterChain.java:215) [portal-kernel.jar:?]
	at com.liferay.portal.kernel.servlet.filters.invoker.InvokerFilterChain.doFilter(InvokerFilterChain.java:116) [portal-kernel.jar:?]
	at com.liferay.portal.kernel.servlet.filters.invoker.InvokerFilterChain.processDirectCallFilter(InvokerFilterChain.java:196) [portal-kernel.jar:?]
	at com.liferay.portal.kernel.servlet.filters.invoker.InvokerFilterChain.doFilter(InvokerFilterChain.java:99) [portal-kernel.jar:?]
	at com.liferay.portal.kernel.servlet.filters.invoker.InvokerFilterChain.processDirectCallFilter(InvokerFilterChain.java:196) [portal-kernel.jar:?]
	at com.liferay.portal.kernel.servlet.filters.invoker.InvokerFilterChain.doFilter(InvokerFilterChain.java:99) [portal-kernel.jar:?]
	at org.tuckey.web.filters.urlrewrite.RuleChain.handleRewrite(RuleChain.java:176) [urlrewritefilter-4.0.4.jar:4.0.4]
	at org.tuckey.web.filters.urlrewrite.RuleChain.doRules(RuleChain.java:145) [urlrewritefilter-4.0.4.jar:4.0.4]
	at org.tuckey.web.filters.urlrewrite.UrlRewriter.processRequest(UrlRewriter.java:92) [urlrewritefilter-4.0.4.jar:4.0.4]
	at org.tuckey.web.filters.urlrewrite.UrlRewriteFilter.doFilter(UrlRewriteFilter.java:389) [urlrewritefilter-4.0.4.jar:4.0.4]
	at com.liferay.portal.url.rewrite.filter.internal.URLRewriteFilter.processFilter(URLRewriteFilter.java:99) [bundleFile:?]
	at com.liferay.portal.kernel.servlet.BaseFilter.doFilter(BaseFilter.java:49) [portal-kernel.jar:?]
	at com.liferay.portal.kernel.servlet.filters.invoker.InvokerFilterChain.processDoFilter(InvokerFilterChain.java:215) [portal-kernel.jar:?]
	at com.liferay.portal.kernel.servlet.filters.invoker.InvokerFilterChain.doFilter(InvokerFilterChain.java:116) [portal-kernel.jar:?]
	at com.liferay.portal.kernel.servlet.filters.invoker.InvokerFilterChain.processDirectCallFilter(InvokerFilterChain.java:175) [portal-kernel.jar:?]
	at com.liferay.portal.kernel.servlet.filters.invoker.InvokerFilterChain.doFilter(InvokerFilterChain.java:99) [portal-kernel.jar:?]
	at com.liferay.portal.kernel.servlet.filters.invoker.InvokerFilterChain.processDirectCallFilter(InvokerFilterChain.java:175) [portal-kernel.jar:?]
	at com.liferay.portal.kernel.servlet.filters.invoker.InvokerFilterChain.doFilter(InvokerFilterChain.java:99) [portal-kernel.jar:?]
	at com.liferay.portal.kernel.servlet.filters.invoker.InvokerFilterChain.processDirectCallFilter(InvokerFilterChain.java:196) [portal-kernel.jar:?]
	at com.liferay.portal.kernel.servlet.filters.invoker.InvokerFilterChain.doFilter(InvokerFilterChain.java:99) [portal-kernel.jar:?]
	at com.liferay.portal.kernel.servlet.filters.invoker.InvokerFilter.doFilter(InvokerFilter.java:104) [portal-kernel.jar:?]
	at com.liferay.shielded.container.internal.proxy.FilterWrapper.doFilter(FilterWrapper.java:79) [com.liferay.shielded.container.impl.jar:?]
	at org.apache.catalina.core.ApplicationFilterChain.internalDoFilter(ApplicationFilterChain.java:189) [catalina.jar:9.0.56]
	at org.apache.catalina.core.ApplicationFilterChain.doFilter(ApplicationFilterChain.java:162) [catalina.jar:9.0.56]
	at org.apache.catalina.core.StandardWrapperValve.invoke(StandardWrapperValve.java:197) [catalina.jar:9.0.56]
	at org.apache.catalina.core.StandardContextValve.invoke(StandardContextValve.java:97) [catalina.jar:9.0.56]
	at org.apache.catalina.authenticator.AuthenticatorBase.invoke(AuthenticatorBase.java:540) [catalina.jar:9.0.56]
	at org.apache.catalina.core.StandardHostValve.invoke(StandardHostValve.java:135) [catalina.jar:9.0.56]
	at org.apache.catalina.valves.ErrorReportValve.invoke(ErrorReportValve.java:92) [catalina.jar:9.0.56]
	at org.apache.catalina.core.StandardEngineValve.invoke(StandardEngineValve.java:78) [catalina.jar:9.0.56]
	at org.apache.catalina.connector.CoyoteAdapter.service(CoyoteAdapter.java:357) [catalina.jar:9.0.56]
	at org.apache.coyote.http11.Http11Processor.service(Http11Processor.java:382) [tomcat-coyote.jar:9.0.56]
	at org.apache.coyote.AbstractProcessorLight.process(AbstractProcessorLight.java:65) [tomcat-coyote.jar:9.0.56]
	at org.apache.coyote.AbstractProtocol$ConnectionHandler.process(AbstractProtocol.java:895) [tomcat-coyote.jar:9.0.56]
	at org.apache.tomcat.util.net.NioEndpoint$SocketProcessor.doRun(NioEndpoint.java:1732) [tomcat-coyote.jar:9.0.56]
	at org.apache.tomcat.util.net.SocketProcessorBase.run(SocketProcessorBase.java:49) [tomcat-coyote.jar:9.0.56]
	at org.apache.tomcat.util.threads.ThreadPoolExecutor.runWorker(ThreadPoolExecutor.java:1191) [tomcat-util.jar:9.0.56]
	at org.apache.tomcat.util.threads.ThreadPoolExecutor$Worker.run(ThreadPoolExecutor.java:659) [tomcat-util.jar:9.0.56]
	at org.apache.tomcat.util.threads.TaskThread$WrappingRunnable.run(TaskThread.java:61) [tomcat-util.jar:9.0.56]
	at java.lang.Thread.run(Thread.java:834) [?:?]
Caused by: com.liferay.portal.kernel.repository.InvalidRepositoryIdException: No repository associated with file entry 43692
	at com.liferay.portal.repository.RepositoryProviderImpl.getFileEntryRepositoryId(RepositoryProviderImpl.java:436) ~[portal-impl.jar:?]
	at com.liferay.portal.repository.RepositoryProviderImpl.getFileEntryLocalRepository(RepositoryProviderImpl.java:90) ~[portal-impl.jar:?]
	... 301 more
