2023-01-17 06:31:47.907 INFO  [main][PortalContextLoaderListener:123] JVM arguments: -Dcatalina.base=/media/root322/Data/Documents/LiferayWorkspace/bundles/tomcat-9.0.56 -Dcatalina.home=/media/root322/Data/Documents/LiferayWorkspace/bundles/tomcat-9.0.56 -Dfile.encoding=UTF8 -Djava.io.tmpdir=/media/root322/Data/Documents/LiferayWorkspace/bundles/tomcat-9.0.56/temp -Djava.net.preferIPv4Stack=true -Djava.util.logging.config.file=/media/root322/Data/Documents/LiferayWorkspace/bundles/tomcat-9.0.56/conf/logging.properties -Djava.util.logging.manager=org.apache.juli.ClassLoaderLogManager -Dorg.apache.catalina.loader.WebappClassLoader.ENABLE_CLEAR_REFERENCES=false -Duser.timezone=GMT -Xmx2560m -XX:MaxMetaspaceSize=768m -XX:MetaspaceSize=768m -javaagent:/snap/intellij-idea-ultimate/401/lib/idea_rt.jar=45975:/snap/intellij-idea-ultimate/401/bin
2023-01-17 06:31:51.252 INFO  [main][DialectDetector:153] Using dialect org.hibernate.dialect.MySQL8Dialect for MySQL 8.0
2023-01-17 06:31:56.861 INFO  [main][ModuleFrameworkImpl:1279] Starting initial bundles
2023-01-17 06:31:57.759 INFO  [ModuleFramework-Static-Bundles-1][InterpolationConfigurationPlugin:109] Configured directory for secrets: /media/root322/Data/Documents/LiferayWorkspace/bundles/osgi/configs
2023-01-17 06:31:59.746 INFO  [ModuleFramework-Static-Bundles-7][DefaultLPKGDeployer:456] Using overriding JAR bundle LPKG-Override::/media/root322/Data/Documents/LiferayWorkspace/bundles/osgi/marketplace/override/com.liferay.document.library.web.jar
2023-01-17 06:31:59.747 INFO  [ModuleFramework-Static-Bundles-7][DefaultLPKGDeployer:456] Using overriding JAR bundle LPKG-Override::/media/root322/Data/Documents/LiferayWorkspace/bundles/osgi/marketplace/override/com.liferay.portal.language.lang.jar
2023-01-17 06:31:59.849 INFO  [main][ModuleFrameworkImpl:1576] Started initial bundles
2023-01-17 06:31:59.850 INFO  [main][ModuleFrameworkImpl:1625] Starting dynamic bundles
2023-01-17 06:32:24.823 INFO  [Start Level: Equinox Container: 5000d935-66af-436a-a057-877c2e412fb6][MessageBusRegistrator:41] Message Listener Registered..com.liferaysavvy.messagebus.event.listener.MessageBusRegisteredParallelMessageListener@71554ae5
2023-01-17 06:32:24.824 INFO  [Start Level: Equinox Container: 5000d935-66af-436a-a057-877c2e412fb6][MessageBusRegistrator:45] Message Listener Registered..com.liferaysavvy.messagebus.event.listener.MessageBusRegisteredSerialMessageListener@c25a5c0
2023-01-17 06:32:24.826 INFO  [Start Level: Equinox Container: 5000d935-66af-436a-a057-877c2e412fb6][MessageBusRegistrator:49] Message Listener Registered..com.liferaysavvy.messagebus.event.listener.MessageBusRegisteredSynchronousMessageListener@4b005f59
2023-01-17 06:32:24.966 INFO  [main][ModuleFrameworkImpl:1647] Started dynamic bundles
2023-01-17 06:32:24.967 INFO  [main][ModuleFrameworkImpl:1654] Starting web bundles
2023-01-17 06:32:30.052 INFO  [main][ModuleFrameworkImpl:1708] Started web bundles
2023-01-17 06:32:30.053 INFO  [main][ModuleFrameworkImpl:278] Navigate to Control Panel > System > Gogo Shell and enter "lb" to see all bundles
2023-01-17 06:32:30.066 INFO  [main][LoggingTimer:83] Starting com.liferay.portal.verify.VerifyProperties#verifySystemProperties
2023-01-17 06:32:30.077 INFO  [main][LoggingTimer:44] Completed com.liferay.portal.verify.VerifyProperties#verifySystemProperties in 11 ms
2023-01-17 06:32:30.078 INFO  [main][LoggingTimer:83] Starting com.liferay.portal.verify.VerifyProperties#verifyPortalProperties
2023-01-17 06:32:30.127 ERROR [main][VerifyProperties:182] Portal property "journal.article.form.add" is obsolete
2023-01-17 06:32:30.128 ERROR [main][VerifyProperties:182] Portal property "journal.article.form.update" is obsolete
2023-01-17 06:32:30.129 ERROR [main][VerifyProperties:182] Portal property "journal.article.form.translate" is obsolete
2023-01-17 06:32:30.129 INFO  [main][LoggingTimer:44] Completed com.liferay.portal.verify.VerifyProperties#verifyPortalProperties in 51 ms
2023-01-17 06:32:30.130 INFO  [main][LoggingTimer:83] Starting com.liferay.portal.verify.VerifyProperties#verifyDocumentLibrary
2023-01-17 06:32:30.130 INFO  [main][LoggingTimer:44] Completed com.liferay.portal.verify.VerifyProperties#verifyDocumentLibrary in 0 ms
2023-01-17 06:32:30.786 INFO  [main][LoggingTimer:83] Starting com.liferay.portal.events.StartupHelperUtil#initResourceActions
2023-01-17 06:32:30.882 INFO  [main][LoggingTimer:44] Completed com.liferay.portal.events.StartupHelperUtil#initResourceActions in 96 ms
2023-01-17 06:32:35.059 WARN  [main][SidecarManager:103] Liferay automatically starts a child process of Elasticsearch named sidecar for convenient development and demonstration purposes. Do NOT use sidecar in production. Refer to the documentation for details on the limitations of sidecar and instructions on configuring a remote Elasticsearch connection in the Control Panel.
2023-01-17 06:32:53.764 INFO  [main][Sidecar:119] Sidecar Elasticsearch liferay started at 127.0.0.1:9501
2023-01-17 06:32:57.799 INFO  [main][MessageBusEventListenerNotification:33] **********Destination Added***********liferay/message_bus/default_response
2023-01-17 06:32:57.806 INFO  [main][MessageBusEventListenerNotification:33] **********Destination Added***********liferay/message_bus/message_status
2023-01-17 06:32:57.816 INFO  [main][MessageBusEventListenerNotification:33] **********Destination Added***********liferay/live_users
2023-01-17 06:32:57.818 INFO  [main][MessageBusEventListenerNotification:33] **********Destination Added***********liferay/document_library_audio_processor
2023-01-17 06:32:57.820 INFO  [main][MessageBusEventListenerNotification:33] **********Destination Added***********liferay/async_service
2023-01-17 06:32:57.823 INFO  [main][MessageBusEventListenerNotification:33] **********Destination Added***********liferay/layouts_local_publisher
2023-01-17 06:32:57.825 INFO  [main][MessageBusEventListenerNotification:33] **********Destination Added***********liferay/convert_process
2023-01-17 06:32:57.828 INFO  [main][MessageBusEventListenerNotification:33] **********Destination Added***********liferay/document_library_pdf_processor
2023-01-17 06:32:57.830 INFO  [main][MessageBusEventListenerNotification:33] **********Destination Added***********liferay/subscription_clean_up
2023-01-17 06:32:57.832 INFO  [main][MessageBusEventListenerNotification:33] **********Destination Added***********liferay/document_library_video_processor
2023-01-17 06:32:57.834 INFO  [main][MessageBusEventListenerNotification:33] **********Destination Added***********liferay/document_library_raw_metadata_processor
2023-01-17 06:32:57.837 INFO  [main][MessageBusEventListenerNotification:33] **********Destination Added***********liferay/document_library_image_processor
2023-01-17 06:32:57.839 INFO  [main][MessageBusEventListenerNotification:33] **********Destination Added***********liferay/message_boards_mailing_list
2023-01-17 06:32:57.842 INFO  [main][MessageBusEventListenerNotification:33] **********Destination Added***********liferay/subscription_sender
2023-01-17 06:32:57.845 INFO  [main][MessageBusEventListenerNotification:33] **********Destination Added***********liferay/hot_deploy
2023-01-17 06:32:57.847 INFO  [main][MessageBusEventListenerNotification:33] **********Destination Added***********liferay/layouts_remote_publisher
2023-01-17 06:32:57.865 INFO  [main][MessageBusEventListenerNotification:33] **********Destination Added***********liferay/poller_comet_response
2023-01-17 06:32:57.868 INFO  [main][MessageBusEventListenerNotification:33] **********Destination Added***********liferay/poller_response
2023-01-17 06:32:57.871 INFO  [main][MessageBusEventListenerNotification:33] **********Destination Added***********liferay/poller
2023-01-17 06:32:57.879 INFO  [main][MessageBusEventListenerNotification:33] **********Destination Added***********liferay/workflow_definition
2023-01-17 06:32:57.882 INFO  [main][MessageBusEventListenerNotification:33] **********Destination Added***********liferay/workflow_instance
2023-01-17 06:32:57.885 INFO  [main][MessageBusEventListenerNotification:33] **********Destination Added***********liferay/workflow_log
2023-01-17 06:32:57.895 INFO  [main][MessageBusEventListenerNotification:33] **********Destination Added***********liferay/workflow_task
2023-01-17 06:32:57.898 INFO  [main][MessageBusEventListenerNotification:33] **********Destination Added***********liferay/workflow_engine
2023-01-17 06:32:57.901 INFO  [main][MessageBusEventListenerNotification:33] **********Destination Added***********liferay/workflow_comparator
2023-01-17 06:32:57.903 INFO  [main][MessageBusEventListenerNotification:33] **********Destination Added***********liferay/workflow_status
2023-01-17 06:32:57.926 INFO  [main][MessageBusEventListenerNotification:33] **********Destination Added***********liferay/mail
2023-01-17 06:32:57.939 INFO  [main][MessageBusEventListenerNotification:33] **********Destination Added***********liferay/monitoring
2023-01-17 06:32:57.960 INFO  [main][MessageBusEventListenerNotification:33] **********Destination Added***********liferay/tensorflow_model_download
2023-01-17 06:32:57.976 INFO  [main][MessageBusEventListenerNotification:33] **********Destination Added***********liferay/search_reader/GENERIC_ENGINE
2023-01-17 06:32:57.981 INFO  [main][MessageBusEventListenerNotification:33] **********Destination Added***********liferay/search_writer/GENERIC_ENGINE
2023-01-17 06:32:58.001 INFO  [main][MessageBusEventListenerNotification:33] **********Destination Added***********liferay/scheduled_user_ldap_import
2023-01-17 06:32:58.010 INFO  [main][MessageBusEventListenerNotification:33] **********Destination Added***********liferay/search_reader/SYSTEM_ENGINE
2023-01-17 06:32:58.022 INFO  [main][MessageBusEventListenerNotification:33] **********Destination Added***********liferay/search_writer/SYSTEM_ENGINE
2023-01-17 06:32:58.450 INFO  [main][MessageBusEventListenerNotification:33] **********Destination Added***********liferay/interest_terms
2023-01-17 06:32:58.454 INFO  [main][MessageBusEventListenerNotification:33] **********Destination Added***********liferay/analytics_messages_processor
2023-01-17 06:32:58.459 INFO  [main][ParellelDestinationConfig:83] Destination is creared ..liferaysavvy/parallel-destination
2023-01-17 06:32:58.460 INFO  [main][MessageBusEventListenerNotification:33] **********Destination Added***********liferaysavvy/parallel-destination
2023-01-17 06:32:58.462 INFO  [main][ParellelDestinationConfig:90] Destination is registred with Service Regisration ..
2023-01-17 06:32:58.464 INFO  [main][SerialDestinationConfig:83] Destination is creared ..liferaysavvy/serial-destination
2023-01-17 06:32:58.465 INFO  [main][MessageBusEventListenerNotification:33] **********Destination Added***********liferaysavvy/serial-destination
2023-01-17 06:32:58.467 INFO  [main][SerialDestinationConfig:90] Destination is registred with Service Regisration ..
2023-01-17 06:32:58.470 INFO  [main][SynchronousDestinationConfig:83] Destination is creared ..liferaysavvy/synchronous-destination
2023-01-17 06:32:58.474 INFO  [main][DestinationListenerRegistrator:41] Message Listener Registered..com.liferaysavvy.messagebus.event.listener.DestinationRegisteredParallelMessageListener@4cb61157
2023-01-17 06:32:58.475 INFO  [main][DestinationListenerRegistrator:45] Message Listener Registered..com.liferaysavvy.messagebus.event.listener.DestinationRegisteredSerialMessageListener@11c9ba37
2023-01-17 06:32:58.476 INFO  [main][DestinationListenerRegistrator:49] Message Listener Registered..com.liferaysavvy.messagebus.event.listener.DestinationRegisteredSynchronousMessageListener@176a77c
2023-01-17 06:32:58.476 INFO  [main][MessageBusEventListenerNotification:33] **********Destination Added***********liferaysavvy/synchronous-destination
2023-01-17 06:32:58.477 INFO  [main][SynchronousDestinationConfig:90] Destination is registred with Service Regisration ..
2023-01-17 06:32:58.479 INFO  [main][MessageBusEventListenerNotification:33] **********Destination Added***********liferay/ddm_structure_reindex
2023-01-17 06:32:58.483 INFO  [main][MessageBusEventListenerNotification:33] **********Destination Added***********liferay/commerce_base_price_list
2023-01-17 06:32:58.486 INFO  [main][MessageBusEventListenerNotification:33] **********Destination Added***********liferay/commerce_order_status
2023-01-17 06:32:58.490 INFO  [main][MessageBusEventListenerNotification:33] **********Destination Added***********liferay/commerce_payment_status
2023-01-17 06:32:58.495 INFO  [main][MessageBusEventListenerNotification:33] **********Destination Added***********liferay/commerce_shipment_status
2023-01-17 06:32:58.499 INFO  [main][MessageBusEventListenerNotification:33] **********Destination Added***********liferay/commerce_subscription_status
2023-01-17 06:32:58.505 INFO  [main][MessageBusEventListenerNotification:33] **********Destination Added***********liferay/scripting_executor
2023-01-17 06:32:58.514 INFO  [main][MessageBusEventListenerNotification:33] **********Destination Added***********liferay/export_import_lifecycle_event_async
2023-01-17 06:32:58.519 INFO  [main][MessageBusEventListenerNotification:33] **********Destination Added***********liferay/export_import_lifecycle_event_sync
2023-01-17 06:32:58.523 INFO  [main][MessageBusEventListenerNotification:33] **********Destination Added***********liferay/segments_entry_reindex
2023-01-17 06:32:58.530 INFO  [main][MessageBusEventListenerNotification:33] **********Destination Added***********liferay/adaptive_media_processor
2023-01-17 06:32:58.534 INFO  [main][MessageBusEventListenerNotification:33] **********Destination Added***********liferay/audit
2023-01-17 06:32:58.883 INFO  [main][MessageBusEventListenerNotification:33] **********Destination Added***********liferay/flags
2023-01-17 06:33:01.150 INFO  [main][StartupHelperUtil:86] There are no patches installed
2023-01-17 06:33:01.177 INFO  [main][LoggingTimer:83] Starting com.liferay.portal.events.StartupHelperUtil#initResourceActions
2023-01-17 06:33:01.212 INFO  [main][LoggingTimer:44] Completed com.liferay.portal.events.StartupHelperUtil#initResourceActions in 34 ms
2023-01-17 06:33:01.219 INFO  [main][MessageBusEventListenerNotification:33] **********Destination Added***********liferay/lcs_status
2023-01-17 06:33:01.260 INFO  [main][LicenseManager:-1] Digital Enterprise Development license validation passed
2023-01-17 06:33:01.933 INFO  [main][AutoDeployDir:176] Auto deploy scanner started for /media/root322/Data/Documents/LiferayWorkspace/bundles/deploy
2023-01-17 06:33:02.835 INFO  [main][MessageBusEventListenerNotification:33] **********Destination Added***********liferay/scheduler_engine
2023-01-17 06:33:06.467 INFO  [main][MessageBusEventListenerNotification:33] **********Destination Added***********liferay/background_task
2023-01-17 06:33:06.471 INFO  [main][MessageBusEventListenerNotification:33] **********Destination Added***********liferay/background_task_status
2023-01-17 06:33:06.533 INFO  [main][MessageBusEventListenerNotification:33] **********Destination Added***********liferay/ct_collection_scheduled_publish
2023-01-17 06:33:07.966 INFO  [main][MessageBusEventListenerNotification:33] **********Destination Added***********liferay/individual_segments
2023-01-17 06:33:10.837 INFO  [main][MessageBusEventListenerNotification:33] **********Destination Added***********liferay/asset_auto_tagger
2023-01-17 06:33:14.286 INFO  [main][MessageBusEventListenerNotification:33] **********Destination Added***********liferay/resources_importer
2023-01-17 06:33:15.768 INFO  [main][MessageBusEventListenerNotification:33] **********Destination Added***********liferay/adaptive_media_image_configuration
2023-01-17 06:33:17.588 ERROR [main][ServiceConfigurationInitializer:107] Unable to initialize service component
com.liferay.portal.kernel.exception.OldServiceComponentException: Build namespace GB has build number 83 which is newer than 47
	at com.liferay.portal.service.impl.ServiceComponentLocalServiceImpl.initServiceComponent(ServiceComponentLocalServiceImpl.java:192) ~[portal-impl.jar:?]
	at jdk.internal.reflect.GeneratedMethodAccessor132.invoke(Unknown Source) ~[?:?]
	at jdk.internal.reflect.DelegatingMethodAccessorImpl.invoke(DelegatingMethodAccessorImpl.java:43) ~[?:?]
	at java.lang.reflect.Method.invoke(Method.java:566) ~[?:?]
	at com.liferay.portal.spring.aop.AopMethodInvocationImpl.proceed(AopMethodInvocationImpl.java:50) ~[portal-impl.jar:?]
	at com.liferay.portal.spring.transaction.TransactionInterceptor.invoke(TransactionInterceptor.java:69) ~[portal-impl.jar:?]
	at com.liferay.portal.spring.aop.AopMethodInvocationImpl.proceed(AopMethodInvocationImpl.java:57) ~[portal-impl.jar:?]
	at com.liferay.change.tracking.internal.aop.CTTransactionAdvice.invoke(CTTransactionAdvice.java:79) ~[?:?]
	at com.liferay.portal.spring.aop.AopMethodInvocationImpl.proceed(AopMethodInvocationImpl.java:57) ~[portal-impl.jar:?]
	at com.liferay.portal.spring.aop.AopInvocationHandler.invoke(AopInvocationHandler.java:49) ~[portal-impl.jar:?]
	at com.sun.proxy.$Proxy282.initServiceComponent(Unknown Source) ~[?:?]
	at com.liferay.portal.spring.extender.internal.configuration.ServiceConfigurationInitializer._initServiceComponent(ServiceConfigurationInitializer.java:102) ~[?:?]
	at com.liferay.portal.spring.extender.internal.configuration.ServiceConfigurationInitializer.start(ServiceConfigurationInitializer.java:64) ~[?:?]
	at jdk.internal.reflect.GeneratedMethodAccessor131.invoke(Unknown Source) ~[?:?]
	at jdk.internal.reflect.DelegatingMethodAccessorImpl.invoke(DelegatingMethodAccessorImpl.java:43) ~[?:?]
	at java.lang.reflect.Method.invoke(Method.java:566) ~[?:?]
	at org.apache.felix.dm.impl.InvocationUtil.invokeMethod(InvocationUtil.java:157) ~[bundleFile:?]
	at org.apache.felix.dm.impl.InvocationUtil.invokeCallbackMethod(InvocationUtil.java:112) ~[bundleFile:?]
	at org.apache.felix.dm.impl.ComponentImpl.invokeCallbackMethod(ComponentImpl.java:638) ~[bundleFile:?]
	at org.apache.felix.dm.impl.ComponentImpl.invoke(ComponentImpl.java:1783) ~[bundleFile:?]
	at org.apache.felix.dm.impl.ComponentImpl.invokeStart(ComponentImpl.java:1281) ~[bundleFile:?]
	at org.apache.felix.dm.impl.ComponentImpl.performTransition(ComponentImpl.java:1232) ~[bundleFile:?]
	at org.apache.felix.dm.impl.ComponentImpl.handleChange(ComponentImpl.java:1166) ~[bundleFile:?]
	at org.apache.felix.dm.impl.ComponentImpl.handleAdded(ComponentImpl.java:1337) ~[bundleFile:?]
	at org.apache.felix.dm.impl.ComponentImpl.lambda$handleEvent$6(ComponentImpl.java:565) ~[bundleFile:?]
	at org.apache.felix.dm.impl.SerialExecutor.runTask(SerialExecutor.java:138) [bundleFile:?]
	at org.apache.felix.dm.impl.SerialExecutor.runTasks(SerialExecutor.java:120) [bundleFile:?]
	at org.apache.felix.dm.impl.SerialExecutor.execute(SerialExecutor.java:86) [bundleFile:?]
	at org.apache.felix.dm.impl.SerialExecutor.execute(SerialExecutor.java:105) [bundleFile:?]
	at org.apache.felix.dm.impl.ComponentImpl.schedule(ComponentImpl.java:1930) [bundleFile:?]
	at org.apache.felix.dm.impl.ComponentImpl.handleEvent(ComponentImpl.java:561) [bundleFile:?]
	at org.apache.felix.dm.impl.ServiceDependencyImpl.addedService(ServiceDependencyImpl.java:276) [bundleFile:?]
	at org.apache.felix.dm.tracker.ServiceTracker$Tracked.customizerAdded(ServiceTracker.java:1283) [bundleFile:?]
	at org.apache.felix.dm.tracker.ServiceTracker$Tracked$2.execute(ServiceTracker.java:1399) [bundleFile:?]
	at org.apache.felix.dm.tracker.ServiceTracker$Tracked$1.run(ServiceTracker.java:1196) [bundleFile:?]
	at org.apache.felix.dm.impl.SerialExecutor.runTask(SerialExecutor.java:138) [bundleFile:?]
	at org.apache.felix.dm.impl.SerialExecutor.runTasks(SerialExecutor.java:120) [bundleFile:?]
	at org.apache.felix.dm.impl.SerialExecutor.execute(SerialExecutor.java:86) [bundleFile:?]
	at org.apache.felix.dm.tracker.ServiceTracker$Tracked.serviceChangedHideAspects(ServiceTracker.java:1202) [bundleFile:?]
	at org.apache.felix.dm.tracker.ServiceTracker$Tracked.serviceChanged(ServiceTracker.java:1057) [bundleFile:?]
	at org.eclipse.osgi.internal.serviceregistry.FilteredServiceListener.serviceChanged(FilteredServiceListener.java:109) [org.eclipse.osgi.jar:?]
	at org.eclipse.osgi.internal.serviceregistry.ServiceRegistry.publishServiceEventPrivileged(ServiceRegistry.java:891) [org.eclipse.osgi.jar:?]
	at org.eclipse.osgi.internal.serviceregistry.ServiceRegistry.publishServiceEvent(ServiceRegistry.java:804) [org.eclipse.osgi.jar:?]
	at org.eclipse.osgi.internal.serviceregistry.ServiceRegistrationImpl.register(ServiceRegistrationImpl.java:127) [org.eclipse.osgi.jar:?]
	at org.eclipse.osgi.internal.serviceregistry.ServiceRegistry.registerService(ServiceRegistry.java:228) [org.eclipse.osgi.jar:?]
	at org.eclipse.osgi.internal.framework.BundleContextImpl.registerService(BundleContextImpl.java:469) [org.eclipse.osgi.jar:?]
	at org.eclipse.osgi.internal.framework.BundleContextImpl.registerService(BundleContextImpl.java:487) [org.eclipse.osgi.jar:?]
	at org.eclipse.osgi.internal.framework.BundleContextImpl.registerService(BundleContextImpl.java:1004) [org.eclipse.osgi.jar:?]
	at com.liferay.portal.upgrade.internal.release.ReleasePublisher.publish(ReleasePublisher.java:75) [bundleFile:?]
	at com.liferay.portal.upgrade.internal.release.ReleasePublisher.activate(ReleasePublisher.java:110) [bundleFile:?]
	at jdk.internal.reflect.NativeMethodAccessorImpl.invoke0(Native Method) ~[?:?]
	at jdk.internal.reflect.NativeMethodAccessorImpl.invoke(NativeMethodAccessorImpl.java:62) ~[?:?]
	at jdk.internal.reflect.DelegatingMethodAccessorImpl.invoke(DelegatingMethodAccessorImpl.java:43) ~[?:?]
	at java.lang.reflect.Method.invoke(Method.java:566) ~[?:?]
	at org.apache.felix.scr.impl.inject.methods.BaseMethod.invokeMethod(BaseMethod.java:228) [bundleFile:?]
	at org.apache.felix.scr.impl.inject.methods.BaseMethod.access$500(BaseMethod.java:41) [bundleFile:?]
	at org.apache.felix.scr.impl.inject.methods.BaseMethod$Resolved.invoke(BaseMethod.java:664) [bundleFile:?]
	at org.apache.felix.scr.impl.inject.methods.BaseMethod.invoke(BaseMethod.java:510) [bundleFile:?]
	at org.apache.felix.scr.impl.inject.methods.ActivateMethod.invoke(ActivateMethod.java:310) [bundleFile:?]
	at org.apache.felix.scr.impl.inject.methods.ActivateMethod.invoke(ActivateMethod.java:300) [bundleFile:?]
	at org.apache.felix.scr.impl.manager.SingleComponentManager.createImplementationObject(SingleComponentManager.java:341) [bundleFile:?]
	at org.apache.felix.scr.impl.manager.SingleComponentManager.createComponent(SingleComponentManager.java:114) [bundleFile:?]
	at org.apache.felix.scr.impl.manager.SingleComponentManager.getService(SingleComponentManager.java:983) [bundleFile:?]
	at org.apache.felix.scr.impl.manager.SingleComponentManager.getServiceInternal(SingleComponentManager.java:956) [bundleFile:?]
	at org.apache.felix.scr.impl.manager.AbstractComponentManager.activateInternal(AbstractComponentManager.java:756) [bundleFile:?]
	at org.apache.felix.scr.impl.manager.DependencyManager$SingleStaticCustomizer.addedService(DependencyManager.java:1053) [bundleFile:?]
	at org.apache.felix.scr.impl.manager.DependencyManager$SingleStaticCustomizer.addedService(DependencyManager.java:1007) [bundleFile:?]
	at org.apache.felix.scr.impl.manager.ServiceTracker$Tracked.customizerAdded(ServiceTracker.java:1216) [bundleFile:?]
	at org.apache.felix.scr.impl.manager.ServiceTracker$Tracked.customizerAdded(ServiceTracker.java:1137) [bundleFile:?]
	at org.apache.felix.scr.impl.manager.ServiceTracker$AbstractTracked.trackAdding(ServiceTracker.java:944) [bundleFile:?]
	at org.apache.felix.scr.impl.manager.ServiceTracker$AbstractTracked.track(ServiceTracker.java:880) [bundleFile:?]
	at org.apache.felix.scr.impl.manager.ServiceTracker$Tracked.serviceChanged(ServiceTracker.java:1168) [bundleFile:?]
	at org.apache.felix.scr.impl.BundleComponentActivator$ListenerInfo.serviceChanged(BundleComponentActivator.java:125) [bundleFile:?]
	at org.eclipse.osgi.internal.serviceregistry.FilteredServiceListener.serviceChanged(FilteredServiceListener.java:109) [org.eclipse.osgi.jar:?]
	at org.eclipse.osgi.internal.serviceregistry.ServiceRegistry.publishServiceEventPrivileged(ServiceRegistry.java:891) [org.eclipse.osgi.jar:?]
	at org.eclipse.osgi.internal.serviceregistry.ServiceRegistry.publishServiceEvent(ServiceRegistry.java:804) [org.eclipse.osgi.jar:?]
	at org.eclipse.osgi.internal.serviceregistry.ServiceRegistrationImpl.register(ServiceRegistrationImpl.java:127) [org.eclipse.osgi.jar:?]
	at org.eclipse.osgi.internal.serviceregistry.ServiceRegistry.registerService(ServiceRegistry.java:228) [org.eclipse.osgi.jar:?]
	at org.eclipse.osgi.internal.framework.BundleContextImpl.registerService(BundleContextImpl.java:469) [org.eclipse.osgi.jar:?]
	at org.eclipse.osgi.internal.framework.BundleContextImpl.registerService(BundleContextImpl.java:487) [org.eclipse.osgi.jar:?]
	at org.eclipse.osgi.internal.framework.BundleContextImpl.registerService(BundleContextImpl.java:1004) [org.eclipse.osgi.jar:?]
	at com.liferay.portal.tools.DBUpgrader._registerModuleServiceLifecycle(DBUpgrader.java:338) [portal-impl.jar:?]
	at com.liferay.portal.tools.DBUpgrader.upgradeModules(DBUpgrader.java:173) [portal-impl.jar:?]
	at com.liferay.portal.internal.servlet.MainServlet.init(MainServlet.java:395) [portal-impl.jar:?]
	at javax.servlet.GenericServlet.init(GenericServlet.java:158) [servlet-api.jar:4.0.FR]
	at com.liferay.shielded.container.internal.proxy.ServletWrapper.init(ServletWrapper.java:92) [com.liferay.shielded.container.impl.jar:?]
	at org.apache.catalina.core.StandardWrapper.initServlet(StandardWrapper.java:1164) [catalina.jar:9.0.56]
	at org.apache.catalina.core.StandardWrapper.load(StandardWrapper.java:1013) [catalina.jar:9.0.56]
	at org.apache.catalina.core.StandardContext.loadOnStartup(StandardContext.java:4957) [catalina.jar:9.0.56]
	at org.apache.catalina.core.StandardContext.startInternal(StandardContext.java:5264) [catalina.jar:9.0.56]
	at org.apache.catalina.util.LifecycleBase.start(LifecycleBase.java:183) [catalina.jar:9.0.56]
	at org.apache.catalina.core.ContainerBase.addChildInternal(ContainerBase.java:726) [catalina.jar:9.0.56]
	at org.apache.catalina.core.ContainerBase.addChild(ContainerBase.java:698) [catalina.jar:9.0.56]
	at org.apache.catalina.core.StandardHost.addChild(StandardHost.java:696) [catalina.jar:9.0.56]
	at org.apache.catalina.startup.HostConfig.deployDescriptor(HostConfig.java:690) [catalina.jar:9.0.56]
	at org.apache.catalina.startup.HostConfig$DeployDescriptor.run(HostConfig.java:1889) [catalina.jar:9.0.56]
	at java.util.concurrent.Executors$RunnableAdapter.call(Executors.java:515) [?:?]
	at java.util.concurrent.FutureTask.run(FutureTask.java:264) [?:?]
	at org.apache.tomcat.util.threads.InlineExecutorService.execute(InlineExecutorService.java:75) [tomcat-util.jar:9.0.56]
	at java.util.concurrent.AbstractExecutorService.submit(AbstractExecutorService.java:118) [?:?]
	at org.apache.catalina.startup.HostConfig.deployDescriptors(HostConfig.java:583) [catalina.jar:9.0.56]
	at org.apache.catalina.startup.HostConfig.deployApps(HostConfig.java:473) [catalina.jar:9.0.56]
	at org.apache.catalina.startup.HostConfig.start(HostConfig.java:1618) [catalina.jar:9.0.56]
	at org.apache.catalina.startup.HostConfig.lifecycleEvent(HostConfig.java:319) [catalina.jar:9.0.56]
	at org.apache.catalina.util.LifecycleBase.fireLifecycleEvent(LifecycleBase.java:123) [catalina.jar:9.0.56]
	at org.apache.catalina.util.LifecycleBase.setStateInternal(LifecycleBase.java:423) [catalina.jar:9.0.56]
	at org.apache.catalina.util.LifecycleBase.setState(LifecycleBase.java:366) [catalina.jar:9.0.56]
	at org.apache.catalina.core.ContainerBase.startInternal(ContainerBase.java:946) [catalina.jar:9.0.56]
	at org.apache.catalina.core.StandardHost.startInternal(StandardHost.java:835) [catalina.jar:9.0.56]
	at org.apache.catalina.util.LifecycleBase.start(LifecycleBase.java:183) [catalina.jar:9.0.56]
	at org.apache.catalina.core.ContainerBase$StartChild.call(ContainerBase.java:1396) [catalina.jar:9.0.56]
	at org.apache.catalina.core.ContainerBase$StartChild.call(ContainerBase.java:1386) [catalina.jar:9.0.56]
	at java.util.concurrent.FutureTask.run(FutureTask.java:264) [?:?]
	at org.apache.tomcat.util.threads.InlineExecutorService.execute(InlineExecutorService.java:75) [tomcat-util.jar:9.0.56]
	at java.util.concurrent.AbstractExecutorService.submit(AbstractExecutorService.java:140) [?:?]
	at org.apache.catalina.core.ContainerBase.startInternal(ContainerBase.java:919) [catalina.jar:9.0.56]
	at org.apache.catalina.core.StandardEngine.startInternal(StandardEngine.java:263) [catalina.jar:9.0.56]
	at org.apache.catalina.util.LifecycleBase.start(LifecycleBase.java:183) [catalina.jar:9.0.56]
	at org.apache.catalina.core.StandardService.startInternal(StandardService.java:432) [catalina.jar:9.0.56]
	at org.apache.catalina.util.LifecycleBase.start(LifecycleBase.java:183) [catalina.jar:9.0.56]
	at org.apache.catalina.core.StandardServer.startInternal(StandardServer.java:927) [catalina.jar:9.0.56]
	at org.apache.catalina.util.LifecycleBase.start(LifecycleBase.java:183) [catalina.jar:9.0.56]
	at org.apache.catalina.startup.Catalina.start(Catalina.java:772) [catalina.jar:9.0.56]
	at jdk.internal.reflect.NativeMethodAccessorImpl.invoke0(Native Method) ~[?:?]
	at jdk.internal.reflect.NativeMethodAccessorImpl.invoke(NativeMethodAccessorImpl.java:62) ~[?:?]
	at jdk.internal.reflect.DelegatingMethodAccessorImpl.invoke(DelegatingMethodAccessorImpl.java:43) ~[?:?]
	at java.lang.reflect.Method.invoke(Method.java:566) ~[?:?]
	at org.apache.catalina.startup.Bootstrap.start(Bootstrap.java:345) [bootstrap.jar:9.0.56]
	at org.apache.catalina.startup.Bootstrap.main(Bootstrap.java:476) [bootstrap.jar:9.0.56]
2023-01-17 06:33:17.673 INFO  [main][MessageBusEventListenerNotification:33] **********Destination Added***********liferay/scheduler_dispatch
2023-01-17 06:33:17.676 INFO  [main][MessageBusEventListenerNotification:33] **********Destination Added***********liferay/scheduler_scripting
2023-01-17 06:33:18.124 INFO  [main][MessageBusEventListenerNotification:33] **********Destination Added***********liferay/openid_connect_token_refresh
2023-01-17 06:33:18.176 INFO  [main][MessageBusEventListenerNotification:33] **********Destination Added***********liferay/dispatch/executor
2023-01-17 06:33:18.828 INFO  [main][MessageBusEventListenerNotification:33] **********Destination Added***********destination.workflow_definition_link
2023-01-17 06:33:18.832 INFO  [main][MessageBusEventListenerNotification:33] **********Destination Added***********destination.workflow_timer
2023-01-17 06:33:39.570 INFO  [com.liferay.portal.osgi.web.wab.extender.internal.WabFactory-BundleTrackerOpener][ThemeHotDeployListener:108] 1 theme for classic-theme is available for use
2023-01-17 06:33:39.681 INFO  [com.liferay.portal.osgi.web.wab.extender.internal.WabFactory-BundleTrackerOpener][ThemeHotDeployListener:108] 1 theme for dialect-theme is available for use
2023-01-17 06:33:39.836 INFO  [com.liferay.portal.osgi.web.wab.extender.internal.WabFactory-BundleTrackerOpener][ThemeHotDeployListener:108] 1 theme for speedwell-theme is available for use
2023-01-17 06:33:39.944 INFO  [com.liferay.portal.osgi.web.wab.extender.internal.WabFactory-BundleTrackerOpener][ThemeHotDeployListener:108] 1 theme for minium-theme is available for use
2023-01-17 06:33:40.120 INFO  [com.liferay.portal.osgi.web.wab.extender.internal.WabFactory-BundleTrackerOpener][ThemeHotDeployListener:108] 1 theme for admin-theme is available for use
2023-01-17 06:33:40.247 INFO  [com.liferay.portal.osgi.web.wab.extender.internal.WabFactory-BundleTrackerOpener][HookHotDeployListener:496] Hook for LangHook is available for use
2023-01-17 06:33:40.376 INFO  [com.liferay.portal.osgi.web.wab.extender.internal.WabFactory-BundleTrackerOpener][LayoutTemplateHotDeployListener:107] 1 layout template for LayoutTemplateDemo is available for use
2023-01-17 06:33:40.533 INFO  [com.liferay.portal.osgi.web.wab.extender.internal.WabFactory-BundleTrackerOpener][ThemeHotDeployListener:108] 1 theme for democlassictheme-theme is available for use
2023-01-17 06:33:40.677 INFO  [com.liferay.portal.osgi.web.wab.extender.internal.WabFactory-BundleTrackerOpener][ThemeHotDeployListener:108] 1 theme for demotheme-theme is available for use
2023-01-17 06:33:40.849 INFO  [com.liferay.portal.osgi.web.wab.extender.internal.WabFactory-BundleTrackerOpener][ThemeHotDeployListener:108] 1 theme for my-liferay-theme is available for use
2023-01-17 06:33:41.268 INFO  [com.liferay.portal.osgi.web.wab.extender.internal.WabFactory-BundleTrackerOpener][ThemeHotDeployListener:108] 1 theme for cstheme2-theme is available for use
2023-01-17 06:33:47.261 INFO  [main][SystemCheckOSGiCommands:61] System check is enabled. You can run a system check with the command "system:check" in Gogo shell.
2023-01-17 06:33:47.262 INFO  [main][SystemCheckOSGiCommands:73] Running system check
2023-01-17 06:33:47.262 INFO  [main][SystemCheckOSGiCommands:100] Available checkers :[Declarative Service Soft Circular Dependency Checker, Declarative Service Unsatisfied Component Checker, Spring Extender Unavailable Component Checker]
2023-01-17 06:33:47.263 INFO  [main][SystemCheckOSGiCommands:116] Running "Declarative Service Soft Circular Dependency Checker". You can run this by itself with command "ds:softCircularDependency" in gogo shell.
2023-01-17 06:33:49.960 INFO  [main][SystemCheckOSGiCommands:128] Declarative Service Soft Circular Dependency Checker check result: No issues were found.
2023-01-17 06:33:49.965 INFO  [main][SystemCheckOSGiCommands:116] Running "Declarative Service Unsatisfied Component Checker". You can run this by itself with command "ds:unsatisfied" in gogo shell.
2023-01-17 06:34:14.126 WARN  [main][SystemCheckOSGiCommands:139] Declarative Service Unsatisfied Component Checker check result: _Bundle {id: 1815, name: com.liferay.docs.guestbook.service, version: 1.0.0}_	Declarative Service {id: 6414, name: com.liferay.docs.guestbook.search.GuestbookSearchRegistrar, unsatisfied references: _		{name: modelIndexWriterContributor, target: (indexer.class.name=com.liferay.docs.guestbook.model.Guestbook)}_	}_	Declarative Service {id: 6408, name: com.liferay.docs.guestbook.search.GuestbookEntrySearchRegistrar, unsatisfied references: _		{name: modelSummaryContributor, target: (indexer.class.name=com.liferay.docs.guestbook.model.Entry)}_	}_	Declarative Service {id: 6412, name: com.liferay.docs.guestbook.search.GuestbookModelIndexerWriterContributor, unsatisfied references: _		{name: guestbookEntryBatchReindexer, target: null}_	}_	Declarative Service {id: 6404, name: com.liferay.docs.guestbook.search.GuestbookEntryBatchReindexerImpl, unsatisfied references: _		{name: indexerDocumentBuilder, target: (indexer.class.name=com.liferay.docs.guestbook.model.Entry)}_		{name: indexerWriter, target: (indexer.class.name=com.liferay.docs.guestbook.model.Entry)}_	} [Sanitized]
2023-01-17 06:34:14.127 INFO  [main][SystemCheckOSGiCommands:116] Running "Spring Extender Unavailable Component Checker". You can run this by itself with command "dm na" in gogo shell.
2023-01-17 06:34:14.129 INFO  [main][SystemCheckOSGiCommands:128] Spring Extender Unavailable Component Checker check result: No issues were found.
2023-01-17 13:18:02.802 INFO  [fileinstall-directory-watcher][BundleStartStopLogger:77] STARTED reactmodules_1.0.0 [1822]
2023-01-17 13:20:44.139 INFO  [fileinstall-directory-watcher][BundleStartStopLogger:80] STOPPED reactmodules_1.0.0 [1822]
2023-01-17 13:21:04.435 INFO  [fileinstall-directory-watcher][BundleStartStopLogger:77] STARTED reactmodules_1.0.0 [1823]
2023-01-17 13:27:08.173 INFO  [Thread-7][ThemeHotDeployListener:171] 1 theme for cstheme2-theme was unregistered
2023-01-17 13:27:08.200 INFO  [Thread-7][ThemeHotDeployListener:171] 1 theme for my-liferay-theme was unregistered
2023-01-17 13:27:08.215 INFO  [Thread-7][ThemeHotDeployListener:171] 1 theme for demotheme-theme was unregistered
2023-01-17 13:27:08.253 INFO  [Thread-7][ThemeHotDeployListener:171] 1 theme for democlassictheme-theme was unregistered
2023-01-17 13:27:08.264 INFO  [Thread-7][LayoutTemplateHotDeployListener:156] 1 layout template for LayoutTemplateDemo was unregistered
2023-01-17 13:27:08.284 INFO  [Thread-7][HookHotDeployListener:544] Hook for LangHook was unregistered
2023-01-17 13:27:08.294 INFO  [Thread-7][ThemeHotDeployListener:171] 1 theme for admin-theme was unregistered
2023-01-17 13:27:08.309 INFO  [Thread-7][ThemeHotDeployListener:171] 1 theme for minium-theme was unregistered
2023-01-17 13:27:08.324 INFO  [Thread-7][ThemeHotDeployListener:171] 1 theme for speedwell-theme was unregistered
2023-01-17 13:27:08.340 INFO  [Thread-7][ThemeHotDeployListener:171] 1 theme for dialect-theme was unregistered
2023-01-17 13:27:08.375 INFO  [Thread-7][ThemeHotDeployListener:171] 1 theme for classic-theme was unregistered
