2022-12-02 05:23:13.732 INFO  [main][PortalContextLoaderListener:123] JVM arguments: -Dcatalina.base=/media/root322/Data/Documents/LiferayWorkspace/bundles/tomcat-9.0.56 -Dcatalina.home=/media/root322/Data/Documents/LiferayWorkspace/bundles/tomcat-9.0.56 -Dfile.encoding=UTF8 -Djava.io.tmpdir=/media/root322/Data/Documents/LiferayWorkspace/bundles/tomcat-9.0.56/temp -Djava.net.preferIPv4Stack=true -Djava.util.logging.config.file=/media/root322/Data/Documents/LiferayWorkspace/bundles/tomcat-9.0.56/conf/logging.properties -Djava.util.logging.manager=org.apache.juli.ClassLoaderLogManager -Dorg.apache.catalina.loader.WebappClassLoader.ENABLE_CLEAR_REFERENCES=false -Duser.timezone=GMT -Xmx2560m -XX:MaxMetaspaceSize=768m -XX:MetaspaceSize=768m -javaagent:/snap/intellij-idea-ultimate/398/lib/idea_rt.jar=44123:/snap/intellij-idea-ultimate/398/bin
2022-12-02 05:23:16.469 INFO  [main][DialectDetector:153] Using dialect org.hibernate.dialect.MySQL8Dialect for MySQL 8.0
2022-12-02 05:23:19.361 INFO  [main][ModuleFrameworkImpl:1279] Starting initial bundles
2022-12-02 05:23:19.802 INFO  [ModuleFramework-Static-Bundles-8][InterpolationConfigurationPlugin:109] Configured directory for secrets: /media/root322/Data/Documents/LiferayWorkspace/bundles/osgi/configs
2022-12-02 05:23:21.113 INFO  [ModuleFramework-Static-Bundles-3][DefaultLPKGDeployer:456] Using overriding JAR bundle LPKG-Override::/media/root322/Data/Documents/LiferayWorkspace/bundles/osgi/marketplace/override/com.liferay.portal.language.lang.jar
2022-12-02 05:23:21.209 INFO  [main][ModuleFrameworkImpl:1576] Started initial bundles
2022-12-02 05:23:21.209 INFO  [main][ModuleFrameworkImpl:1625] Starting dynamic bundles
2022-12-02 05:23:35.513 ERROR [Framework Event Dispatcher: Equinox Container: 142a2ae4-d0c1-4213-b997-1b5608c761fe][Framework:56] FrameworkEvent ERROR
com.liferay.portal.kernel.log.LogSanitizerException: org.osgi.framework.BundleException: Could not resolve module: assetentry [1718]_  Unresolved requirement: Import-Package: com.liferay.portal.search.web.internal.result.display.context_ [Sanitized]
	at org.eclipse.osgi.container.Module.start(Module.java:444) ~[org.eclipse.osgi.jar:?]
	at org.eclipse.osgi.container.ModuleContainer$ContainerStartLevel.incStartLevel(ModuleContainer.java:1682) ~[org.eclipse.osgi.jar:?]
	at org.eclipse.osgi.container.ModuleContainer$ContainerStartLevel.incStartLevel(ModuleContainer.java:1662) ~[org.eclipse.osgi.jar:?]
	at org.eclipse.osgi.container.ModuleContainer$ContainerStartLevel.doContainerStartLevel(ModuleContainer.java:1624) ~[org.eclipse.osgi.jar:?]
	at org.eclipse.osgi.container.ModuleContainer$ContainerStartLevel.dispatchEvent(ModuleContainer.java:1555) ~[org.eclipse.osgi.jar:?]
	at org.eclipse.osgi.container.ModuleContainer$ContainerStartLevel.dispatchEvent(ModuleContainer.java:1) ~[org.eclipse.osgi.jar:?]
	at org.eclipse.osgi.framework.eventmgr.EventManager.dispatchEvent(EventManager.java:230) [org.eclipse.osgi.jar:?]
	at org.eclipse.osgi.framework.eventmgr.EventManager$EventThread.run(EventManager.java:340) [org.eclipse.osgi.jar:?]
2022-12-02 05:23:35.519 INFO  [main][ModuleFrameworkImpl:1647] Started dynamic bundles
2022-12-02 05:23:35.520 INFO  [main][ModuleFrameworkImpl:1654] Starting web bundles
2022-12-02 05:23:38.850 ERROR [main][DirectoryWatcher:1173] Unable to start bundle: file:/media/root322/Data/Documents/LiferayWorkspace/bundles/osgi/modules/assetentry.jar
com.liferay.portal.kernel.log.LogSanitizerException: org.osgi.framework.BundleException: Could not resolve module: assetentry [1718]_  Unresolved requirement: Import-Package: com.liferay.portal.search.web.internal.result.display.context_ [Sanitized]
	at org.eclipse.osgi.container.Module.start(Module.java:444) ~[org.eclipse.osgi.jar:?]
	at org.eclipse.osgi.internal.framework.EquinoxBundle.start(EquinoxBundle.java:428) ~[org.eclipse.osgi.jar:?]
	at com.liferay.portal.file.install.internal.DirectoryWatcher._startBundle(DirectoryWatcher.java:1156) [bundleFile:?]
	at com.liferay.portal.file.install.internal.DirectoryWatcher._startBundles(DirectoryWatcher.java:1189) [bundleFile:?]
	at com.liferay.portal.file.install.internal.DirectoryWatcher._startAllBundles(DirectoryWatcher.java:1130) [bundleFile:?]
	at com.liferay.portal.file.install.internal.DirectoryWatcher._process(DirectoryWatcher.java:1041) [bundleFile:?]
	at com.liferay.portal.file.install.internal.DirectoryWatcher.start(DirectoryWatcher.java:264) [bundleFile:?]
	at com.liferay.portal.file.install.internal.activator.FileInstallImplBundleActivator.start(FileInstallImplBundleActivator.java:107) [bundleFile:?]
	at org.eclipse.osgi.internal.framework.BundleContextImpl$3.run(BundleContextImpl.java:779) [org.eclipse.osgi.jar:?]
	at org.eclipse.osgi.internal.framework.BundleContextImpl$3.run(BundleContextImpl.java:1) [org.eclipse.osgi.jar:?]
	at java.security.AccessController.doPrivileged(Native Method) ~[?:?]
	at org.eclipse.osgi.internal.framework.BundleContextImpl.startActivator(BundleContextImpl.java:772) [org.eclipse.osgi.jar:?]
	at org.eclipse.osgi.internal.framework.BundleContextImpl.start(BundleContextImpl.java:729) [org.eclipse.osgi.jar:?]
	at org.eclipse.osgi.internal.framework.EquinoxBundle.startWorker0(EquinoxBundle.java:1002) [org.eclipse.osgi.jar:?]
	at org.eclipse.osgi.internal.framework.EquinoxBundle$EquinoxModule.startWorker(EquinoxBundle.java:354) [org.eclipse.osgi.jar:?]
	at org.eclipse.osgi.container.Module.doStart(Module.java:581) [org.eclipse.osgi.jar:?]
	at org.eclipse.osgi.container.Module.start(Module.java:449) [org.eclipse.osgi.jar:?]
	at org.eclipse.osgi.internal.framework.EquinoxBundle.start(EquinoxBundle.java:428) [org.eclipse.osgi.jar:?]
	at org.eclipse.osgi.internal.framework.EquinoxBundle.start(EquinoxBundle.java:447) [org.eclipse.osgi.jar:?]
	at com.liferay.portal.bootstrap.ModuleFrameworkImpl._startDynamicBundles(ModuleFrameworkImpl.java:1700) [com.liferay.portal.bootstrap.jar:?]
	at com.liferay.portal.bootstrap.ModuleFrameworkImpl.startFramework(ModuleFrameworkImpl.java:275) [com.liferay.portal.bootstrap.jar:?]
	at com.liferay.portal.module.framework.ModuleFrameworkUtil.startFramework(ModuleFrameworkUtil.java:45) [portal-impl.jar:?]
	at com.liferay.portal.spring.context.PortalContextLoaderListener.contextInitialized(PortalContextLoaderListener.java:287) [portal-impl.jar:?]
	at jdk.internal.reflect.NativeMethodAccessorImpl.invoke0(Native Method) ~[?:?]
	at jdk.internal.reflect.NativeMethodAccessorImpl.invoke(NativeMethodAccessorImpl.java:62) ~[?:?]
	at jdk.internal.reflect.DelegatingMethodAccessorImpl.invoke(DelegatingMethodAccessorImpl.java:43) ~[?:?]
	at java.lang.reflect.Method.invoke(Method.java:566) ~[?:?]
	at com.liferay.shielded.container.internal.proxy.ContextClassLoaderInvocationHandler.invoke(ContextClassLoaderInvocationHandler.java:43) [com.liferay.shielded.container.impl.jar:?]
	at com.liferay.shielded.container.internal.proxy.EventListenerInvocationHandler.invoke(EventListenerInvocationHandler.java:64) [com.liferay.shielded.container.impl.jar:?]
	at com.sun.proxy.$Proxy6.contextInitialized(Unknown Source) [?:?]
	at org.apache.catalina.core.StandardContext.listenerStart(StandardContext.java:4766) [catalina.jar:9.0.56]
	at org.apache.catalina.core.StandardContext.startInternal(StandardContext.java:5230) [catalina.jar:9.0.56]
	at org.apache.catalina.util.LifecycleBase.start(LifecycleBase.java:183) [catalina.jar:9.0.56]
	at org.apache.catalina.core.ContainerBase.addChildInternal(ContainerBase.java:726) [catalina.jar:9.0.56]
	at org.apache.catalina.core.ContainerBase.addChild(ContainerBase.java:698) [catalina.jar:9.0.56]
	at org.apache.catalina.core.StandardHost.addChild(StandardHost.java:696) [catalina.jar:9.0.56]
	at org.apache.catalina.startup.HostConfig.deployDescriptor(HostConfig.java:690) [catalina.jar:9.0.56]
	at org.apache.catalina.startup.HostConfig$DeployDescriptor.run(HostConfig.java:1889) [catalina.jar:9.0.56]
	at java.util.concurrent.Executors$RunnableAdapter.call(Executors.java:515) [?:?]
	at java.util.concurrent.FutureTask.run(FutureTask.java:264) [?:?]
	at org.apache.tomcat.util.threads.InlineExecutorService.execute(InlineExecutorService.java:75) [tomcat-util.jar:9.0.56]
	at java.util.concurrent.AbstractExecutorService.submit(AbstractExecutorService.java:118) [?:?]
	at org.apache.catalina.startup.HostConfig.deployDescriptors(HostConfig.java:583) [catalina.jar:9.0.56]
	at org.apache.catalina.startup.HostConfig.deployApps(HostConfig.java:473) [catalina.jar:9.0.56]
	at org.apache.catalina.startup.HostConfig.start(HostConfig.java:1618) [catalina.jar:9.0.56]
	at org.apache.catalina.startup.HostConfig.lifecycleEvent(HostConfig.java:319) [catalina.jar:9.0.56]
	at org.apache.catalina.util.LifecycleBase.fireLifecycleEvent(LifecycleBase.java:123) [catalina.jar:9.0.56]
	at org.apache.catalina.util.LifecycleBase.setStateInternal(LifecycleBase.java:423) [catalina.jar:9.0.56]
	at org.apache.catalina.util.LifecycleBase.setState(LifecycleBase.java:366) [catalina.jar:9.0.56]
	at org.apache.catalina.core.ContainerBase.startInternal(ContainerBase.java:946) [catalina.jar:9.0.56]
	at org.apache.catalina.core.StandardHost.startInternal(StandardHost.java:835) [catalina.jar:9.0.56]
	at org.apache.catalina.util.LifecycleBase.start(LifecycleBase.java:183) [catalina.jar:9.0.56]
	at org.apache.catalina.core.ContainerBase$StartChild.call(ContainerBase.java:1396) [catalina.jar:9.0.56]
	at org.apache.catalina.core.ContainerBase$StartChild.call(ContainerBase.java:1386) [catalina.jar:9.0.56]
	at java.util.concurrent.FutureTask.run(FutureTask.java:264) [?:?]
	at org.apache.tomcat.util.threads.InlineExecutorService.execute(InlineExecutorService.java:75) [tomcat-util.jar:9.0.56]
	at java.util.concurrent.AbstractExecutorService.submit(AbstractExecutorService.java:140) [?:?]
	at org.apache.catalina.core.ContainerBase.startInternal(ContainerBase.java:919) [catalina.jar:9.0.56]
	at org.apache.catalina.core.StandardEngine.startInternal(StandardEngine.java:263) [catalina.jar:9.0.56]
	at org.apache.catalina.util.LifecycleBase.start(LifecycleBase.java:183) [catalina.jar:9.0.56]
	at org.apache.catalina.core.StandardService.startInternal(StandardService.java:432) [catalina.jar:9.0.56]
	at org.apache.catalina.util.LifecycleBase.start(LifecycleBase.java:183) [catalina.jar:9.0.56]
	at org.apache.catalina.core.StandardServer.startInternal(StandardServer.java:927) [catalina.jar:9.0.56]
	at org.apache.catalina.util.LifecycleBase.start(LifecycleBase.java:183) [catalina.jar:9.0.56]
	at org.apache.catalina.startup.Catalina.start(Catalina.java:772) [catalina.jar:9.0.56]
	at jdk.internal.reflect.NativeMethodAccessorImpl.invoke0(Native Method) ~[?:?]
	at jdk.internal.reflect.NativeMethodAccessorImpl.invoke(NativeMethodAccessorImpl.java:62) ~[?:?]
	at jdk.internal.reflect.DelegatingMethodAccessorImpl.invoke(DelegatingMethodAccessorImpl.java:43) ~[?:?]
	at java.lang.reflect.Method.invoke(Method.java:566) ~[?:?]
	at org.apache.catalina.startup.Bootstrap.start(Bootstrap.java:345) [bootstrap.jar:9.0.56]
	at org.apache.catalina.startup.Bootstrap.main(Bootstrap.java:476) [bootstrap.jar:9.0.56]
2022-12-02 05:23:38.853 INFO  [main][ModuleFrameworkImpl:1708] Started web bundles
2022-12-02 05:23:38.853 INFO  [main][ModuleFrameworkImpl:278] Navigate to Control Panel > System > Gogo Shell and enter "lb" to see all bundles
2022-12-02 05:23:38.866 INFO  [main][LoggingTimer:83] Starting com.liferay.portal.verify.VerifyProperties#verifySystemProperties
2022-12-02 05:23:38.867 INFO  [main][LoggingTimer:44] Completed com.liferay.portal.verify.VerifyProperties#verifySystemProperties in 1 ms
2022-12-02 05:23:38.868 INFO  [main][LoggingTimer:83] Starting com.liferay.portal.verify.VerifyProperties#verifyPortalProperties
2022-12-02 05:23:38.870 ERROR [fileinstall-directory-watcher][DirectoryWatcher:1173] Unable to start bundle: file:/media/root322/Data/Documents/LiferayWorkspace/bundles/osgi/modules/assetentry.jar
com.liferay.portal.kernel.log.LogSanitizerException: org.osgi.framework.BundleException: Could not resolve module: assetentry [1718]_  Unresolved requirement: Import-Package: com.liferay.portal.search.web.internal.result.display.context_ [Sanitized]
	at org.eclipse.osgi.container.Module.start(Module.java:444) ~[org.eclipse.osgi.jar:?]
	at org.eclipse.osgi.internal.framework.EquinoxBundle.start(EquinoxBundle.java:428) ~[org.eclipse.osgi.jar:?]
	at com.liferay.portal.file.install.internal.DirectoryWatcher._startBundle(DirectoryWatcher.java:1156) [bundleFile:?]
	at com.liferay.portal.file.install.internal.DirectoryWatcher._startBundles(DirectoryWatcher.java:1189) [bundleFile:?]
	at com.liferay.portal.file.install.internal.DirectoryWatcher._startAllBundles(DirectoryWatcher.java:1130) [bundleFile:?]
	at com.liferay.portal.file.install.internal.DirectoryWatcher._process(DirectoryWatcher.java:1041) [bundleFile:?]
	at com.liferay.portal.file.install.internal.DirectoryWatcher.run(DirectoryWatcher.java:221) [bundleFile:?]
2022-12-02 05:23:38.884 INFO  [main][LoggingTimer:44] Completed com.liferay.portal.verify.VerifyProperties#verifyPortalProperties in 16 ms
2022-12-02 05:23:38.884 INFO  [main][LoggingTimer:83] Starting com.liferay.portal.verify.VerifyProperties#verifyDocumentLibrary
2022-12-02 05:23:38.885 INFO  [main][LoggingTimer:44] Completed com.liferay.portal.verify.VerifyProperties#verifyDocumentLibrary in 1 ms
2022-12-02 05:23:39.295 INFO  [main][LoggingTimer:83] Starting com.liferay.portal.events.StartupHelperUtil#initResourceActions
2022-12-02 05:23:39.336 INFO  [main][LoggingTimer:44] Completed com.liferay.portal.events.StartupHelperUtil#initResourceActions in 41 ms
2022-12-02 05:23:41.735 WARN  [main][SidecarManager:103] Liferay automatically starts a child process of Elasticsearch named sidecar for convenient development and demonstration purposes. Do NOT use sidecar in production. Refer to the documentation for details on the limitations of sidecar and instructions on configuring a remote Elasticsearch connection in the Control Panel.
2022-12-02 05:23:52.115 INFO  [main][Sidecar:119] Sidecar Elasticsearch liferay started at 127.0.0.1:9201
2022-12-02 05:23:57.702 INFO  [main][StartupHelperUtil:86] There are no patches installed
2022-12-02 05:23:57.714 INFO  [main][LoggingTimer:83] Starting com.liferay.portal.events.StartupHelperUtil#initResourceActions
2022-12-02 05:23:57.742 INFO  [main][LoggingTimer:44] Completed com.liferay.portal.events.StartupHelperUtil#initResourceActions in 28 ms
2022-12-02 05:23:57.766 INFO  [main][LicenseManager:-1] Digital Enterprise Development license validation passed
2022-12-02 05:23:58.179 INFO  [main][AutoDeployDir:176] Auto deploy scanner started for /media/root322/Data/Documents/LiferayWorkspace/bundles/deploy
2022-12-02 05:24:25.206 INFO  [com.liferay.portal.osgi.web.wab.extender.internal.WabFactory-BundleTrackerOpener][ThemeHotDeployListener:108] 1 theme for classic-theme is available for use
2022-12-02 05:24:25.338 INFO  [com.liferay.portal.osgi.web.wab.extender.internal.WabFactory-BundleTrackerOpener][ThemeHotDeployListener:108] 1 theme for dialect-theme is available for use
2022-12-02 05:24:25.463 INFO  [com.liferay.portal.osgi.web.wab.extender.internal.WabFactory-BundleTrackerOpener][ThemeHotDeployListener:108] 1 theme for speedwell-theme is available for use
2022-12-02 05:24:25.581 INFO  [com.liferay.portal.osgi.web.wab.extender.internal.WabFactory-BundleTrackerOpener][ThemeHotDeployListener:108] 1 theme for minium-theme is available for use
2022-12-02 05:24:25.685 INFO  [com.liferay.portal.osgi.web.wab.extender.internal.WabFactory-BundleTrackerOpener][ThemeHotDeployListener:108] 1 theme for admin-theme is available for use
2022-12-02 05:24:25.795 INFO  [com.liferay.portal.osgi.web.wab.extender.internal.WabFactory-BundleTrackerOpener][HookHotDeployListener:496] Hook for LangHook is available for use
2022-12-02 05:24:25.913 INFO  [com.liferay.portal.osgi.web.wab.extender.internal.WabFactory-BundleTrackerOpener][LayoutTemplateHotDeployListener:107] 1 layout template for LayoutTemplateDemo is available for use
2022-12-02 05:24:30.608 INFO  [main][SystemCheckOSGiCommands:61] System check is enabled. You can run a system check with the command "system:check" in Gogo shell.
2022-12-02 05:24:30.610 INFO  [main][SystemCheckOSGiCommands:73] Running system check
2022-12-02 05:24:30.611 INFO  [main][SystemCheckOSGiCommands:100] Available checkers :[Declarative Service Soft Circular Dependency Checker, Declarative Service Unsatisfied Component Checker, Spring Extender Unavailable Component Checker]
2022-12-02 05:24:30.611 INFO  [main][SystemCheckOSGiCommands:116] Running "Declarative Service Soft Circular Dependency Checker". You can run this by itself with command "ds:softCircularDependency" in gogo shell.
2022-12-02 05:24:32.319 INFO  [main][SystemCheckOSGiCommands:128] Declarative Service Soft Circular Dependency Checker check result: No issues were found.
2022-12-02 05:24:32.319 INFO  [main][SystemCheckOSGiCommands:116] Running "Declarative Service Unsatisfied Component Checker". You can run this by itself with command "ds:unsatisfied" in gogo shell.
2022-12-02 05:24:54.755 WARN  [main][SystemCheckOSGiCommands:139] Declarative Service Unsatisfied Component Checker check result: _Bundle {id: 1690, name: com.liferay.docs.guestbook.service, version: 1.0.0}_	Declarative Service {id: 6245, name: com.liferay.docs.guestbook.search.GuestbookSearchRegistrar, unsatisfied references: _		{name: modelIndexWriterContributor, target: (indexer.class.name=com.liferay.docs.guestbook.model.Guestbook)}_	}_	Declarative Service {id: 6239, name: com.liferay.docs.guestbook.search.GuestbookEntrySearchRegistrar, unsatisfied references: _		{name: modelSummaryContributor, target: (indexer.class.name=com.liferay.docs.guestbook.model.Entry)}_	}_	Declarative Service {id: 6243, name: com.liferay.docs.guestbook.search.GuestbookModelIndexerWriterContributor, unsatisfied references: _		{name: guestbookEntryBatchReindexer, target: null}_	}_	Declarative Service {id: 6235, name: com.liferay.docs.guestbook.search.GuestbookEntryBatchReindexerImpl, unsatisfied references: _		{name: indexerDocumentBuilder, target: (indexer.class.name=com.liferay.docs.guestbook.model.Entry)}_		{name: indexerWriter, target: (indexer.class.name=com.liferay.docs.guestbook.model.Entry)}_	}_Bundle {id: 1713, name: liferay.headless.apps.impl, version: 1.0.0}_	Declarative Service {id: 6287, name: liferay.headless.apps.internal.resource.v1_0.factory.AppResourceFactoryImpl, unsatisfied references: _		{name: _liberalPermissionCheckerFactory, target: (permission.checker.type=liberal)}_	} [Sanitized]
2022-12-02 05:24:54.755 INFO  [main][SystemCheckOSGiCommands:116] Running "Spring Extender Unavailable Component Checker". You can run this by itself with command "dm na" in gogo shell.
2022-12-02 05:24:54.757 INFO  [main][SystemCheckOSGiCommands:128] Spring Extender Unavailable Component Checker check result: No issues were found.
2022-12-02 05:44:54.627 WARN  [http-nio-8080-exec-3][SecurityPortletContainerWrapper:470] User 0 is not allowed to serve resource for http://localhost:8080/home on com_liferay_layout_reports_web_internal_portlet_LayoutReportsPortlet: User 0 must have ACCESS permission for Page Audit com_liferay_layout_reports_web_internal_portlet_LayoutReportsPortlet 
2022-12-02 05:44:54.628 WARN  [http-nio-8080-exec-8][SecurityPortletContainerWrapper:470] User 0 is not allowed to serve resource for http://localhost:8080/home on com_liferay_product_navigation_applications_menu_web_internal_portlet_ProductNavigationApplicationsMenuPortlet: User 0 must have ACCESS permission for Simulation com_liferay_product_navigation_applications_menu_web_internal_portlet_ProductNavigationApplicationsMenuPortlet 
2022-12-02 05:44:54.794 WARN  [http-nio-8080-exec-1][SecurityPortletContainerWrapper:470] User 0 is not allowed to serve resource for http://localhost:8080/home on com_liferay_analytics_reports_web_internal_portlet_AnalyticsReportsPortlet: User 0 must have ACCESS permission for Content Performance com_liferay_analytics_reports_web_internal_portlet_AnalyticsReportsPortlet 
2022-12-02 06:04:33.375 ERROR [http-nio-8080-exec-5][ImageImpl:87] Unable to read image 68901
com.liferay.document.library.kernel.exception.NoSuchFileException: {companyId=0, repositoryId=0, fileName=68901.png, version=1.0, cause=java.io.FileNotFoundException: /media/root322/Data/Documents/LiferayWorkspace/bundles/data/document_library/0/0/68901.png/1.0 (No such file or directory)}
	at com.liferay.portal.store.file.system.FileSystemStore.getFileAsStream(FileSystemStore.java:145) ~[?:?]
	at com.liferay.portal.store.file.system.safe.file.name.SafeFileNameStore.getFileAsStream(SafeFileNameStore.java:93) ~[?:?]
	at com.liferay.change.tracking.store.internal.CTStore.getFileAsStream(CTStore.java:139) ~[?:?]
	at com.liferay.portlet.documentlibrary.store.DLStoreImpl.getFileAsStream(DLStoreImpl.java:359) ~[portal-impl.jar:?]
	at com.liferay.document.library.kernel.store.DLStoreUtil.getFileAsStream(DLStoreUtil.java:315) ~[portal-kernel.jar:?]
	at com.liferay.portal.model.impl.ImageImpl.getTextObj(ImageImpl.java:77) ~[portal-impl.jar:?]
	at com.liferay.portal.webserver.WebServerServlet.getImageBytes(WebServerServlet.java:548) ~[portal-impl.jar:?]
	at com.liferay.portal.webserver.WebServerServlet.writeImage(WebServerServlet.java:1327) ~[portal-impl.jar:?]
	at com.liferay.portal.webserver.WebServerServlet.lambda$_createFileServingCallable$0(WebServerServlet.java:1643) ~[portal-impl.jar:?]
	at com.liferay.portal.spring.transaction.BaseTransactionExecutor.execute(BaseTransactionExecutor.java:37) [portal-impl.jar:?]
	at com.liferay.portal.spring.transaction.TransactionInvokerImpl.invoke(TransactionInvokerImpl.java:39) [portal-impl.jar:?]
	at com.liferay.portal.kernel.transaction.TransactionInvokerUtil.invoke(TransactionInvokerUtil.java:28) [portal-kernel.jar:?]
	at com.liferay.portal.webserver.WebServerServlet.service(WebServerServlet.java:332) [portal-impl.jar:?]
	at javax.servlet.http.HttpServlet.service(HttpServlet.java:764) [servlet-api.jar:4.0.FR]
	at com.liferay.shielded.container.internal.proxy.ServletWrapper.service(ServletWrapper.java:113) [com.liferay.shielded.container.impl.jar:?]
	at org.apache.catalina.core.ApplicationFilterChain.internalDoFilter(ApplicationFilterChain.java:227) [catalina.jar:9.0.56]
	at org.apache.catalina.core.ApplicationFilterChain.doFilter(ApplicationFilterChain.java:162) [catalina.jar:9.0.56]
	at org.apache.tomcat.websocket.server.WsFilter.doFilter(WsFilter.java:53) [tomcat-websocket.jar:9.0.56]
	at org.apache.catalina.core.ApplicationFilterChain.internalDoFilter(ApplicationFilterChain.java:189) [catalina.jar:9.0.56]
	at org.apache.catalina.core.ApplicationFilterChain.doFilter(ApplicationFilterChain.java:162) [catalina.jar:9.0.56]
	at com.liferay.portal.kernel.servlet.filters.invoker.InvokerFilterChain.doFilter(InvokerFilterChain.java:124) [portal-kernel.jar:?]
	at com.liferay.portal.kernel.servlet.BaseFilter.processFilter(BaseFilter.java:147) [portal-kernel.jar:?]
	at com.liferay.change.tracking.internal.servlet.filter.CTCollectionPreviewFilter.processFilter(CTCollectionPreviewFilter.java:66) [bundleFile:?]
	at com.liferay.portal.kernel.servlet.BaseFilter.doFilter(BaseFilter.java:49) [portal-kernel.jar:?]
	at com.liferay.portal.kernel.servlet.filters.invoker.InvokerFilterChain.processDoFilter(InvokerFilterChain.java:215) [portal-kernel.jar:?]
	at com.liferay.portal.kernel.servlet.filters.invoker.InvokerFilterChain.doFilter(InvokerFilterChain.java:116) [portal-kernel.jar:?]
	at com.liferay.portal.servlet.filters.password.modified.PasswordModifiedFilter.processFilter(PasswordModifiedFilter.java:62) [portal-impl.jar:?]
	at com.liferay.portal.kernel.servlet.BaseFilter.doFilter(BaseFilter.java:49) [portal-kernel.jar:?]
	at com.liferay.portal.kernel.servlet.filters.invoker.InvokerFilterChain.processDoFilter(InvokerFilterChain.java:215) [portal-kernel.jar:?]
	at com.liferay.portal.kernel.servlet.filters.invoker.InvokerFilterChain.doFilter(InvokerFilterChain.java:116) [portal-kernel.jar:?]
	at com.liferay.portal.servlet.filters.lockout.LockoutFilter.processFilter(LockoutFilter.java:58) [portal-impl.jar:?]
	at com.liferay.portal.kernel.servlet.BaseFilter.doFilter(BaseFilter.java:49) [portal-kernel.jar:?]
	at com.liferay.portal.kernel.servlet.filters.invoker.InvokerFilterChain.processDoFilter(InvokerFilterChain.java:215) [portal-kernel.jar:?]
	at com.liferay.portal.kernel.servlet.filters.invoker.InvokerFilterChain.doFilter(InvokerFilterChain.java:116) [portal-kernel.jar:?]
	at com.liferay.portal.kernel.servlet.BaseFilter.processFilter(BaseFilter.java:147) [portal-kernel.jar:?]
	at com.liferay.portal.sharepoint.SharepointFilter.processFilter(SharepointFilter.java:88) [portal-impl.jar:?]
	at com.liferay.portal.kernel.servlet.BaseFilter.doFilter(BaseFilter.java:49) [portal-kernel.jar:?]
	at com.liferay.portal.kernel.servlet.filters.invoker.InvokerFilterChain.processDoFilter(InvokerFilterChain.java:215) [portal-kernel.jar:?]
	at com.liferay.portal.kernel.servlet.filters.invoker.InvokerFilterChain.doFilter(InvokerFilterChain.java:116) [portal-kernel.jar:?]
	at com.liferay.portal.kernel.servlet.BaseFilter.processFilter(BaseFilter.java:147) [portal-kernel.jar:?]
	at com.liferay.portal.servlet.filters.virtualhost.VirtualHostFilter.processFilter(VirtualHostFilter.java:245) [portal-impl.jar:?]
	at com.liferay.portal.kernel.servlet.BaseFilter.doFilter(BaseFilter.java:49) [portal-kernel.jar:?]
	at com.liferay.portal.kernel.servlet.filters.invoker.InvokerFilterChain.processDoFilter(InvokerFilterChain.java:215) [portal-kernel.jar:?]
	at com.liferay.portal.kernel.servlet.filters.invoker.InvokerFilterChain.doFilter(InvokerFilterChain.java:116) [portal-kernel.jar:?]
	at com.liferay.portal.kernel.servlet.filters.invoker.InvokerFilterChain.processDirectCallFilter(InvokerFilterChain.java:196) [portal-kernel.jar:?]
	at com.liferay.portal.kernel.servlet.filters.invoker.InvokerFilterChain.doFilter(InvokerFilterChain.java:99) [portal-kernel.jar:?]
	at com.liferay.portal.kernel.servlet.filters.invoker.InvokerFilterChain.processDirectCallFilter(InvokerFilterChain.java:196) [portal-kernel.jar:?]
	at com.liferay.portal.kernel.servlet.filters.invoker.InvokerFilterChain.doFilter(InvokerFilterChain.java:99) [portal-kernel.jar:?]
	at org.tuckey.web.filters.urlrewrite.RuleChain.handleRewrite(RuleChain.java:176) [urlrewritefilter-4.0.4.jar:4.0.4]
	at org.tuckey.web.filters.urlrewrite.RuleChain.doRules(RuleChain.java:145) [urlrewritefilter-4.0.4.jar:4.0.4]
	at org.tuckey.web.filters.urlrewrite.UrlRewriter.processRequest(UrlRewriter.java:92) [urlrewritefilter-4.0.4.jar:4.0.4]
	at org.tuckey.web.filters.urlrewrite.UrlRewriteFilter.doFilter(UrlRewriteFilter.java:389) [urlrewritefilter-4.0.4.jar:4.0.4]
	at com.liferay.portal.url.rewrite.filter.internal.URLRewriteFilter.processFilter(URLRewriteFilter.java:99) [bundleFile:?]
	at com.liferay.portal.kernel.servlet.BaseFilter.doFilter(BaseFilter.java:49) [portal-kernel.jar:?]
	at com.liferay.portal.kernel.servlet.filters.invoker.InvokerFilterChain.processDoFilter(InvokerFilterChain.java:215) [portal-kernel.jar:?]
	at com.liferay.portal.kernel.servlet.filters.invoker.InvokerFilterChain.doFilter(InvokerFilterChain.java:116) [portal-kernel.jar:?]
	at com.liferay.portal.kernel.servlet.filters.invoker.InvokerFilterChain.processDirectCallFilter(InvokerFilterChain.java:175) [portal-kernel.jar:?]
	at com.liferay.portal.kernel.servlet.filters.invoker.InvokerFilterChain.doFilter(InvokerFilterChain.java:99) [portal-kernel.jar:?]
	at com.liferay.portal.kernel.servlet.filters.invoker.InvokerFilterChain.processDirectCallFilter(InvokerFilterChain.java:175) [portal-kernel.jar:?]
	at com.liferay.portal.kernel.servlet.filters.invoker.InvokerFilterChain.doFilter(InvokerFilterChain.java:99) [portal-kernel.jar:?]
	at com.liferay.portal.kernel.servlet.filters.invoker.InvokerFilterChain.processDirectCallFilter(InvokerFilterChain.java:196) [portal-kernel.jar:?]
	at com.liferay.portal.kernel.servlet.filters.invoker.InvokerFilterChain.doFilter(InvokerFilterChain.java:99) [portal-kernel.jar:?]
	at com.liferay.portal.kernel.servlet.filters.invoker.InvokerFilter.doFilter(InvokerFilter.java:104) [portal-kernel.jar:?]
	at com.liferay.shielded.container.internal.proxy.FilterWrapper.doFilter(FilterWrapper.java:79) [com.liferay.shielded.container.impl.jar:?]
	at org.apache.catalina.core.ApplicationFilterChain.internalDoFilter(ApplicationFilterChain.java:189) [catalina.jar:9.0.56]
	at org.apache.catalina.core.ApplicationFilterChain.doFilter(ApplicationFilterChain.java:162) [catalina.jar:9.0.56]
	at org.apache.catalina.core.StandardWrapperValve.invoke(StandardWrapperValve.java:197) [catalina.jar:9.0.56]
	at org.apache.catalina.core.StandardContextValve.invoke(StandardContextValve.java:97) [catalina.jar:9.0.56]
	at org.apache.catalina.authenticator.AuthenticatorBase.invoke(AuthenticatorBase.java:540) [catalina.jar:9.0.56]
	at org.apache.catalina.core.StandardHostValve.invoke(StandardHostValve.java:135) [catalina.jar:9.0.56]
	at org.apache.catalina.valves.ErrorReportValve.invoke(ErrorReportValve.java:92) [catalina.jar:9.0.56]
	at org.apache.catalina.core.StandardEngineValve.invoke(StandardEngineValve.java:78) [catalina.jar:9.0.56]
	at org.apache.catalina.connector.CoyoteAdapter.service(CoyoteAdapter.java:357) [catalina.jar:9.0.56]
	at org.apache.coyote.http11.Http11Processor.service(Http11Processor.java:382) [tomcat-coyote.jar:9.0.56]
	at org.apache.coyote.AbstractProcessorLight.process(AbstractProcessorLight.java:65) [tomcat-coyote.jar:9.0.56]
	at org.apache.coyote.AbstractProtocol$ConnectionHandler.process(AbstractProtocol.java:895) [tomcat-coyote.jar:9.0.56]
	at org.apache.tomcat.util.net.NioEndpoint$SocketProcessor.doRun(NioEndpoint.java:1732) [tomcat-coyote.jar:9.0.56]
	at org.apache.tomcat.util.net.SocketProcessorBase.run(SocketProcessorBase.java:49) [tomcat-coyote.jar:9.0.56]
	at org.apache.tomcat.util.threads.ThreadPoolExecutor.runWorker(ThreadPoolExecutor.java:1191) [tomcat-util.jar:9.0.56]
	at org.apache.tomcat.util.threads.ThreadPoolExecutor$Worker.run(ThreadPoolExecutor.java:659) [tomcat-util.jar:9.0.56]
	at org.apache.tomcat.util.threads.TaskThread$WrappingRunnable.run(TaskThread.java:61) [tomcat-util.jar:9.0.56]
	at java.lang.Thread.run(Thread.java:834) [?:?]
Caused by: java.io.FileNotFoundException: /media/root322/Data/Documents/LiferayWorkspace/bundles/data/document_library/0/0/68901.png/1.0 (No such file or directory)
	at java.io.FileInputStream.open0(Native Method) ~[?:?]
	at java.io.FileInputStream.open(FileInputStream.java:219) ~[?:?]
	at java.io.FileInputStream.<init>(FileInputStream.java:157) ~[?:?]
	at com.liferay.portal.store.file.system.FileSystemStore.getFileAsStream(FileSystemStore.java:142) ~[?:?]
	... 81 more
2022-12-02 13:36:35.650 INFO  [Thread-7][LayoutTemplateHotDeployListener:156] 1 layout template for LayoutTemplateDemo was unregistered
2022-12-02 13:36:35.686 INFO  [Thread-7][HookHotDeployListener:544] Hook for LangHook was unregistered
2022-12-02 13:36:35.698 INFO  [Thread-7][ThemeHotDeployListener:171] 1 theme for admin-theme was unregistered
2022-12-02 13:36:35.711 INFO  [Thread-7][ThemeHotDeployListener:171] 1 theme for minium-theme was unregistered
2022-12-02 13:36:35.740 INFO  [Thread-7][ThemeHotDeployListener:171] 1 theme for speedwell-theme was unregistered
2022-12-02 13:36:35.758 INFO  [Thread-7][ThemeHotDeployListener:171] 1 theme for dialect-theme was unregistered
2022-12-02 13:36:35.774 INFO  [Thread-7][ThemeHotDeployListener:171] 1 theme for classic-theme was unregistered
